[2025-09-16T23:41:17.023+0000] {processor.py:186} INFO - Started process (PID=68) to work on /home/airflow/.local/lib/python3.12/site-packages/airflow/example_dags/example_xcomargs.py
[2025-09-16T23:41:17.024+0000] {processor.py:914} INFO - Processing file /home/airflow/.local/lib/python3.12/site-packages/airflow/example_dags/example_xcomargs.py for tasks to queue
[2025-09-16T23:41:17.026+0000] {logging_mixin.py:190} INFO - [2025-09-16T23:41:17.026+0000] {dagbag.py:588} INFO - Filling up the DagBag from /home/airflow/.local/lib/python3.12/site-packages/airflow/example_dags/example_xcomargs.py
[2025-09-16T23:41:17.033+0000] {processor.py:925} INFO - DAG(s) 'example_xcom_args_with_operators', 'example_xcom_args' retrieved from /home/airflow/.local/lib/python3.12/site-packages/airflow/example_dags/example_xcomargs.py
[2025-09-16T23:41:17.107+0000] {logging_mixin.py:190} INFO - [2025-09-16T23:41:17.106+0000] {override.py:1911} INFO - Created Permission View: can edit on DAG:example_xcom_args_with_operators
[2025-09-16T23:41:17.113+0000] {logging_mixin.py:190} INFO - [2025-09-16T23:41:17.113+0000] {override.py:1911} INFO - Created Permission View: can delete on DAG:example_xcom_args_with_operators
[2025-09-16T23:41:17.117+0000] {logging_mixin.py:190} INFO - [2025-09-16T23:41:17.117+0000] {override.py:1911} INFO - Created Permission View: can read on DAG:example_xcom_args_with_operators
[2025-09-16T23:41:17.123+0000] {logging_mixin.py:190} INFO - [2025-09-16T23:41:17.123+0000] {override.py:1911} INFO - Created Permission View: menu access on DAG Run:example_xcom_args_with_operators
[2025-09-16T23:41:17.127+0000] {logging_mixin.py:190} INFO - [2025-09-16T23:41:17.127+0000] {override.py:1911} INFO - Created Permission View: can create on DAG Run:example_xcom_args_with_operators
[2025-09-16T23:41:17.132+0000] {logging_mixin.py:190} INFO - [2025-09-16T23:41:17.131+0000] {override.py:1911} INFO - Created Permission View: can delete on DAG Run:example_xcom_args_with_operators
[2025-09-16T23:41:17.135+0000] {logging_mixin.py:190} INFO - [2025-09-16T23:41:17.135+0000] {override.py:1911} INFO - Created Permission View: can read on DAG Run:example_xcom_args_with_operators
[2025-09-16T23:41:17.142+0000] {logging_mixin.py:190} INFO - [2025-09-16T23:41:17.142+0000] {override.py:1911} INFO - Created Permission View: can edit on DAG:example_xcom_args
[2025-09-16T23:41:17.147+0000] {logging_mixin.py:190} INFO - [2025-09-16T23:41:17.146+0000] {override.py:1911} INFO - Created Permission View: can delete on DAG:example_xcom_args
[2025-09-16T23:41:17.153+0000] {logging_mixin.py:190} INFO - [2025-09-16T23:41:17.153+0000] {override.py:1911} INFO - Created Permission View: can read on DAG:example_xcom_args
[2025-09-16T23:41:17.160+0000] {logging_mixin.py:190} INFO - [2025-09-16T23:41:17.160+0000] {override.py:1911} INFO - Created Permission View: menu access on DAG Run:example_xcom_args
[2025-09-16T23:41:17.166+0000] {logging_mixin.py:190} INFO - [2025-09-16T23:41:17.166+0000] {override.py:1911} INFO - Created Permission View: can create on DAG Run:example_xcom_args
[2025-09-16T23:41:17.173+0000] {logging_mixin.py:190} INFO - [2025-09-16T23:41:17.172+0000] {override.py:1911} INFO - Created Permission View: can delete on DAG Run:example_xcom_args
[2025-09-16T23:41:17.178+0000] {logging_mixin.py:190} INFO - [2025-09-16T23:41:17.178+0000] {override.py:1911} INFO - Created Permission View: can read on DAG Run:example_xcom_args
[2025-09-16T23:41:17.179+0000] {logging_mixin.py:190} INFO - [2025-09-16T23:41:17.178+0000] {dag.py:3239} INFO - Sync 2 DAGs
[2025-09-16T23:41:17.190+0000] {logging_mixin.py:190} INFO - [2025-09-16T23:41:17.190+0000] {dag.py:3262} INFO - Creating ORM DAG for example_xcom_args
[2025-09-16T23:41:17.191+0000] {logging_mixin.py:190} INFO - [2025-09-16T23:41:17.191+0000] {dag.py:3262} INFO - Creating ORM DAG for example_xcom_args_with_operators
[2025-09-16T23:41:17.191+0000] {logging_mixin.py:190} INFO - [2025-09-16T23:41:17.191+0000] {dag.py:4180} INFO - Setting next_dagrun for example_xcom_args to None, run_after=None
[2025-09-16T23:41:17.193+0000] {logging_mixin.py:190} INFO - [2025-09-16T23:41:17.192+0000] {dag.py:4180} INFO - Setting next_dagrun for example_xcom_args_with_operators to None, run_after=None
[2025-09-16T23:41:17.208+0000] {processor.py:208} INFO - Processing /home/airflow/.local/lib/python3.12/site-packages/airflow/example_dags/example_xcomargs.py took 0.189 seconds
[2025-09-16T23:41:47.749+0000] {processor.py:186} INFO - Started process (PID=131) to work on /home/airflow/.local/lib/python3.12/site-packages/airflow/example_dags/example_xcomargs.py
[2025-09-16T23:41:47.750+0000] {processor.py:914} INFO - Processing file /home/airflow/.local/lib/python3.12/site-packages/airflow/example_dags/example_xcomargs.py for tasks to queue
[2025-09-16T23:41:47.751+0000] {logging_mixin.py:190} INFO - [2025-09-16T23:41:47.751+0000] {dagbag.py:588} INFO - Filling up the DagBag from /home/airflow/.local/lib/python3.12/site-packages/airflow/example_dags/example_xcomargs.py
[2025-09-16T23:41:47.759+0000] {processor.py:925} INFO - DAG(s) 'example_xcom_args_with_operators', 'example_xcom_args' retrieved from /home/airflow/.local/lib/python3.12/site-packages/airflow/example_dags/example_xcomargs.py
[2025-09-16T23:41:47.774+0000] {logging_mixin.py:190} INFO - [2025-09-16T23:41:47.774+0000] {dag.py:3239} INFO - Sync 2 DAGs
[2025-09-16T23:41:47.782+0000] {logging_mixin.py:190} INFO - [2025-09-16T23:41:47.782+0000] {dag.py:4180} INFO - Setting next_dagrun for example_xcom_args to None, run_after=None
[2025-09-16T23:41:47.784+0000] {logging_mixin.py:190} INFO - [2025-09-16T23:41:47.784+0000] {dag.py:4180} INFO - Setting next_dagrun for example_xcom_args_with_operators to None, run_after=None
[2025-09-16T23:41:47.793+0000] {processor.py:208} INFO - Processing /home/airflow/.local/lib/python3.12/site-packages/airflow/example_dags/example_xcomargs.py took 0.046 seconds
[2025-09-16T23:42:18.681+0000] {processor.py:186} INFO - Started process (PID=194) to work on /home/airflow/.local/lib/python3.12/site-packages/airflow/example_dags/example_xcomargs.py
[2025-09-16T23:42:18.687+0000] {processor.py:914} INFO - Processing file /home/airflow/.local/lib/python3.12/site-packages/airflow/example_dags/example_xcomargs.py for tasks to queue
[2025-09-16T23:42:18.690+0000] {logging_mixin.py:190} INFO - [2025-09-16T23:42:18.690+0000] {dagbag.py:588} INFO - Filling up the DagBag from /home/airflow/.local/lib/python3.12/site-packages/airflow/example_dags/example_xcomargs.py
[2025-09-16T23:42:18.696+0000] {processor.py:925} INFO - DAG(s) 'example_xcom_args', 'example_xcom_args_with_operators' retrieved from /home/airflow/.local/lib/python3.12/site-packages/airflow/example_dags/example_xcomargs.py
[2025-09-16T23:42:18.715+0000] {logging_mixin.py:190} INFO - [2025-09-16T23:42:18.715+0000] {dag.py:3239} INFO - Sync 2 DAGs
[2025-09-16T23:42:18.724+0000] {logging_mixin.py:190} INFO - [2025-09-16T23:42:18.724+0000] {dag.py:4180} INFO - Setting next_dagrun for example_xcom_args to None, run_after=None
[2025-09-16T23:42:18.727+0000] {logging_mixin.py:190} INFO - [2025-09-16T23:42:18.726+0000] {dag.py:4180} INFO - Setting next_dagrun for example_xcom_args_with_operators to None, run_after=None
[2025-09-16T23:42:18.736+0000] {processor.py:208} INFO - Processing /home/airflow/.local/lib/python3.12/site-packages/airflow/example_dags/example_xcomargs.py took 0.058 seconds
[2025-09-16T23:42:48.915+0000] {processor.py:186} INFO - Started process (PID=256) to work on /home/airflow/.local/lib/python3.12/site-packages/airflow/example_dags/example_xcomargs.py
[2025-09-16T23:42:48.916+0000] {processor.py:914} INFO - Processing file /home/airflow/.local/lib/python3.12/site-packages/airflow/example_dags/example_xcomargs.py for tasks to queue
[2025-09-16T23:42:48.917+0000] {logging_mixin.py:190} INFO - [2025-09-16T23:42:48.917+0000] {dagbag.py:588} INFO - Filling up the DagBag from /home/airflow/.local/lib/python3.12/site-packages/airflow/example_dags/example_xcomargs.py
[2025-09-16T23:42:48.924+0000] {processor.py:925} INFO - DAG(s) 'example_xcom_args_with_operators', 'example_xcom_args' retrieved from /home/airflow/.local/lib/python3.12/site-packages/airflow/example_dags/example_xcomargs.py
[2025-09-16T23:42:48.944+0000] {logging_mixin.py:190} INFO - [2025-09-16T23:42:48.944+0000] {dag.py:3239} INFO - Sync 2 DAGs
[2025-09-16T23:42:48.957+0000] {logging_mixin.py:190} INFO - [2025-09-16T23:42:48.956+0000] {dag.py:4180} INFO - Setting next_dagrun for example_xcom_args to None, run_after=None
[2025-09-16T23:42:48.959+0000] {logging_mixin.py:190} INFO - [2025-09-16T23:42:48.959+0000] {dag.py:4180} INFO - Setting next_dagrun for example_xcom_args_with_operators to None, run_after=None
[2025-09-16T23:42:48.973+0000] {processor.py:208} INFO - Processing /home/airflow/.local/lib/python3.12/site-packages/airflow/example_dags/example_xcomargs.py took 0.063 seconds
[2025-09-16T23:43:19.724+0000] {processor.py:186} INFO - Started process (PID=324) to work on /home/airflow/.local/lib/python3.12/site-packages/airflow/example_dags/example_xcomargs.py
[2025-09-16T23:43:19.726+0000] {processor.py:914} INFO - Processing file /home/airflow/.local/lib/python3.12/site-packages/airflow/example_dags/example_xcomargs.py for tasks to queue
[2025-09-16T23:43:19.728+0000] {logging_mixin.py:190} INFO - [2025-09-16T23:43:19.728+0000] {dagbag.py:588} INFO - Filling up the DagBag from /home/airflow/.local/lib/python3.12/site-packages/airflow/example_dags/example_xcomargs.py
[2025-09-16T23:43:19.737+0000] {processor.py:925} INFO - DAG(s) 'example_xcom_args', 'example_xcom_args_with_operators' retrieved from /home/airflow/.local/lib/python3.12/site-packages/airflow/example_dags/example_xcomargs.py
[2025-09-16T23:43:19.759+0000] {logging_mixin.py:190} INFO - [2025-09-16T23:43:19.759+0000] {dag.py:3239} INFO - Sync 2 DAGs
[2025-09-16T23:43:19.768+0000] {logging_mixin.py:190} INFO - [2025-09-16T23:43:19.768+0000] {dag.py:4180} INFO - Setting next_dagrun for example_xcom_args to None, run_after=None
[2025-09-16T23:43:19.771+0000] {logging_mixin.py:190} INFO - [2025-09-16T23:43:19.771+0000] {dag.py:4180} INFO - Setting next_dagrun for example_xcom_args_with_operators to None, run_after=None
[2025-09-16T23:43:19.782+0000] {processor.py:208} INFO - Processing /home/airflow/.local/lib/python3.12/site-packages/airflow/example_dags/example_xcomargs.py took 0.064 seconds
[2025-09-16T23:43:50.331+0000] {processor.py:186} INFO - Started process (PID=387) to work on /home/airflow/.local/lib/python3.12/site-packages/airflow/example_dags/example_xcomargs.py
[2025-09-16T23:43:50.335+0000] {processor.py:914} INFO - Processing file /home/airflow/.local/lib/python3.12/site-packages/airflow/example_dags/example_xcomargs.py for tasks to queue
[2025-09-16T23:43:50.337+0000] {logging_mixin.py:190} INFO - [2025-09-16T23:43:50.336+0000] {dagbag.py:588} INFO - Filling up the DagBag from /home/airflow/.local/lib/python3.12/site-packages/airflow/example_dags/example_xcomargs.py
[2025-09-16T23:43:50.345+0000] {processor.py:925} INFO - DAG(s) 'example_xcom_args', 'example_xcom_args_with_operators' retrieved from /home/airflow/.local/lib/python3.12/site-packages/airflow/example_dags/example_xcomargs.py
[2025-09-16T23:43:50.365+0000] {logging_mixin.py:190} INFO - [2025-09-16T23:43:50.365+0000] {dag.py:3239} INFO - Sync 2 DAGs
[2025-09-16T23:43:50.378+0000] {logging_mixin.py:190} INFO - [2025-09-16T23:43:50.378+0000] {dag.py:4180} INFO - Setting next_dagrun for example_xcom_args to None, run_after=None
[2025-09-16T23:43:50.381+0000] {logging_mixin.py:190} INFO - [2025-09-16T23:43:50.381+0000] {dag.py:4180} INFO - Setting next_dagrun for example_xcom_args_with_operators to None, run_after=None
[2025-09-16T23:43:50.392+0000] {processor.py:208} INFO - Processing /home/airflow/.local/lib/python3.12/site-packages/airflow/example_dags/example_xcomargs.py took 0.068 seconds
[2025-09-16T23:44:21.173+0000] {processor.py:186} INFO - Started process (PID=450) to work on /home/airflow/.local/lib/python3.12/site-packages/airflow/example_dags/example_xcomargs.py
[2025-09-16T23:44:21.175+0000] {processor.py:914} INFO - Processing file /home/airflow/.local/lib/python3.12/site-packages/airflow/example_dags/example_xcomargs.py for tasks to queue
[2025-09-16T23:44:21.177+0000] {logging_mixin.py:190} INFO - [2025-09-16T23:44:21.177+0000] {dagbag.py:588} INFO - Filling up the DagBag from /home/airflow/.local/lib/python3.12/site-packages/airflow/example_dags/example_xcomargs.py
[2025-09-16T23:44:21.190+0000] {processor.py:925} INFO - DAG(s) 'example_xcom_args', 'example_xcom_args_with_operators' retrieved from /home/airflow/.local/lib/python3.12/site-packages/airflow/example_dags/example_xcomargs.py
[2025-09-16T23:44:21.207+0000] {logging_mixin.py:190} INFO - [2025-09-16T23:44:21.207+0000] {dag.py:3239} INFO - Sync 2 DAGs
[2025-09-16T23:44:21.215+0000] {logging_mixin.py:190} INFO - [2025-09-16T23:44:21.215+0000] {dag.py:4180} INFO - Setting next_dagrun for example_xcom_args to None, run_after=None
[2025-09-16T23:44:21.220+0000] {logging_mixin.py:190} INFO - [2025-09-16T23:44:21.220+0000] {dag.py:4180} INFO - Setting next_dagrun for example_xcom_args_with_operators to None, run_after=None
[2025-09-16T23:44:21.231+0000] {processor.py:208} INFO - Processing /home/airflow/.local/lib/python3.12/site-packages/airflow/example_dags/example_xcomargs.py took 0.066 seconds
[2025-09-16T23:44:51.850+0000] {processor.py:186} INFO - Started process (PID=513) to work on /home/airflow/.local/lib/python3.12/site-packages/airflow/example_dags/example_xcomargs.py
[2025-09-16T23:44:51.851+0000] {processor.py:914} INFO - Processing file /home/airflow/.local/lib/python3.12/site-packages/airflow/example_dags/example_xcomargs.py for tasks to queue
[2025-09-16T23:44:51.855+0000] {logging_mixin.py:190} INFO - [2025-09-16T23:44:51.854+0000] {dagbag.py:588} INFO - Filling up the DagBag from /home/airflow/.local/lib/python3.12/site-packages/airflow/example_dags/example_xcomargs.py
[2025-09-16T23:44:51.869+0000] {processor.py:925} INFO - DAG(s) 'example_xcom_args_with_operators', 'example_xcom_args' retrieved from /home/airflow/.local/lib/python3.12/site-packages/airflow/example_dags/example_xcomargs.py
[2025-09-16T23:44:51.887+0000] {logging_mixin.py:190} INFO - [2025-09-16T23:44:51.887+0000] {dag.py:3239} INFO - Sync 2 DAGs
[2025-09-16T23:44:51.897+0000] {logging_mixin.py:190} INFO - [2025-09-16T23:44:51.897+0000] {dag.py:4180} INFO - Setting next_dagrun for example_xcom_args to None, run_after=None
[2025-09-16T23:44:51.899+0000] {logging_mixin.py:190} INFO - [2025-09-16T23:44:51.899+0000] {dag.py:4180} INFO - Setting next_dagrun for example_xcom_args_with_operators to None, run_after=None
[2025-09-16T23:44:51.909+0000] {processor.py:208} INFO - Processing /home/airflow/.local/lib/python3.12/site-packages/airflow/example_dags/example_xcomargs.py took 0.068 seconds
[2025-09-16T23:45:22.112+0000] {processor.py:186} INFO - Started process (PID=576) to work on /home/airflow/.local/lib/python3.12/site-packages/airflow/example_dags/example_xcomargs.py
[2025-09-16T23:45:22.114+0000] {processor.py:914} INFO - Processing file /home/airflow/.local/lib/python3.12/site-packages/airflow/example_dags/example_xcomargs.py for tasks to queue
[2025-09-16T23:45:22.117+0000] {logging_mixin.py:190} INFO - [2025-09-16T23:45:22.117+0000] {dagbag.py:588} INFO - Filling up the DagBag from /home/airflow/.local/lib/python3.12/site-packages/airflow/example_dags/example_xcomargs.py
[2025-09-16T23:45:22.129+0000] {processor.py:925} INFO - DAG(s) 'example_xcom_args', 'example_xcom_args_with_operators' retrieved from /home/airflow/.local/lib/python3.12/site-packages/airflow/example_dags/example_xcomargs.py
[2025-09-16T23:45:22.150+0000] {logging_mixin.py:190} INFO - [2025-09-16T23:45:22.150+0000] {dag.py:3239} INFO - Sync 2 DAGs
[2025-09-16T23:45:22.161+0000] {logging_mixin.py:190} INFO - [2025-09-16T23:45:22.161+0000] {dag.py:4180} INFO - Setting next_dagrun for example_xcom_args to None, run_after=None
[2025-09-16T23:45:22.163+0000] {logging_mixin.py:190} INFO - [2025-09-16T23:45:22.163+0000] {dag.py:4180} INFO - Setting next_dagrun for example_xcom_args_with_operators to None, run_after=None
[2025-09-16T23:45:22.174+0000] {processor.py:208} INFO - Processing /home/airflow/.local/lib/python3.12/site-packages/airflow/example_dags/example_xcomargs.py took 0.071 seconds
[2025-09-16T23:45:52.839+0000] {processor.py:186} INFO - Started process (PID=639) to work on /home/airflow/.local/lib/python3.12/site-packages/airflow/example_dags/example_xcomargs.py
[2025-09-16T23:45:52.841+0000] {processor.py:914} INFO - Processing file /home/airflow/.local/lib/python3.12/site-packages/airflow/example_dags/example_xcomargs.py for tasks to queue
[2025-09-16T23:45:52.844+0000] {logging_mixin.py:190} INFO - [2025-09-16T23:45:52.843+0000] {dagbag.py:588} INFO - Filling up the DagBag from /home/airflow/.local/lib/python3.12/site-packages/airflow/example_dags/example_xcomargs.py
[2025-09-16T23:45:52.853+0000] {processor.py:925} INFO - DAG(s) 'example_xcom_args', 'example_xcom_args_with_operators' retrieved from /home/airflow/.local/lib/python3.12/site-packages/airflow/example_dags/example_xcomargs.py
[2025-09-16T23:45:52.873+0000] {logging_mixin.py:190} INFO - [2025-09-16T23:45:52.873+0000] {dag.py:3239} INFO - Sync 2 DAGs
[2025-09-16T23:45:52.882+0000] {logging_mixin.py:190} INFO - [2025-09-16T23:45:52.882+0000] {dag.py:4180} INFO - Setting next_dagrun for example_xcom_args to None, run_after=None
[2025-09-16T23:45:52.887+0000] {logging_mixin.py:190} INFO - [2025-09-16T23:45:52.887+0000] {dag.py:4180} INFO - Setting next_dagrun for example_xcom_args_with_operators to None, run_after=None
[2025-09-16T23:45:52.901+0000] {processor.py:208} INFO - Processing /home/airflow/.local/lib/python3.12/site-packages/airflow/example_dags/example_xcomargs.py took 0.069 seconds
[2025-09-16T23:46:23.413+0000] {processor.py:186} INFO - Started process (PID=702) to work on /home/airflow/.local/lib/python3.12/site-packages/airflow/example_dags/example_xcomargs.py
[2025-09-16T23:46:23.416+0000] {processor.py:914} INFO - Processing file /home/airflow/.local/lib/python3.12/site-packages/airflow/example_dags/example_xcomargs.py for tasks to queue
[2025-09-16T23:46:23.418+0000] {logging_mixin.py:190} INFO - [2025-09-16T23:46:23.418+0000] {dagbag.py:588} INFO - Filling up the DagBag from /home/airflow/.local/lib/python3.12/site-packages/airflow/example_dags/example_xcomargs.py
[2025-09-16T23:46:23.430+0000] {processor.py:925} INFO - DAG(s) 'example_xcom_args', 'example_xcom_args_with_operators' retrieved from /home/airflow/.local/lib/python3.12/site-packages/airflow/example_dags/example_xcomargs.py
[2025-09-16T23:46:23.453+0000] {logging_mixin.py:190} INFO - [2025-09-16T23:46:23.453+0000] {dag.py:3239} INFO - Sync 2 DAGs
[2025-09-16T23:46:23.471+0000] {logging_mixin.py:190} INFO - [2025-09-16T23:46:23.471+0000] {dag.py:4180} INFO - Setting next_dagrun for example_xcom_args to None, run_after=None
[2025-09-16T23:46:23.475+0000] {logging_mixin.py:190} INFO - [2025-09-16T23:46:23.475+0000] {dag.py:4180} INFO - Setting next_dagrun for example_xcom_args_with_operators to None, run_after=None
[2025-09-16T23:46:23.488+0000] {processor.py:208} INFO - Processing /home/airflow/.local/lib/python3.12/site-packages/airflow/example_dags/example_xcomargs.py took 0.084 seconds
[2025-09-16T23:46:54.037+0000] {processor.py:186} INFO - Started process (PID=765) to work on /home/airflow/.local/lib/python3.12/site-packages/airflow/example_dags/example_xcomargs.py
[2025-09-16T23:46:54.039+0000] {processor.py:914} INFO - Processing file /home/airflow/.local/lib/python3.12/site-packages/airflow/example_dags/example_xcomargs.py for tasks to queue
[2025-09-16T23:46:54.042+0000] {logging_mixin.py:190} INFO - [2025-09-16T23:46:54.041+0000] {dagbag.py:588} INFO - Filling up the DagBag from /home/airflow/.local/lib/python3.12/site-packages/airflow/example_dags/example_xcomargs.py
[2025-09-16T23:46:54.051+0000] {processor.py:925} INFO - DAG(s) 'example_xcom_args_with_operators', 'example_xcom_args' retrieved from /home/airflow/.local/lib/python3.12/site-packages/airflow/example_dags/example_xcomargs.py
[2025-09-16T23:46:54.069+0000] {logging_mixin.py:190} INFO - [2025-09-16T23:46:54.068+0000] {dag.py:3239} INFO - Sync 2 DAGs
[2025-09-16T23:46:54.077+0000] {logging_mixin.py:190} INFO - [2025-09-16T23:46:54.077+0000] {dag.py:4180} INFO - Setting next_dagrun for example_xcom_args to None, run_after=None
[2025-09-16T23:46:54.079+0000] {logging_mixin.py:190} INFO - [2025-09-16T23:46:54.079+0000] {dag.py:4180} INFO - Setting next_dagrun for example_xcom_args_with_operators to None, run_after=None
[2025-09-16T23:46:54.087+0000] {processor.py:208} INFO - Processing /home/airflow/.local/lib/python3.12/site-packages/airflow/example_dags/example_xcomargs.py took 0.059 seconds
[2025-09-16T23:47:24.772+0000] {processor.py:186} INFO - Started process (PID=828) to work on /home/airflow/.local/lib/python3.12/site-packages/airflow/example_dags/example_xcomargs.py
[2025-09-16T23:47:24.774+0000] {processor.py:914} INFO - Processing file /home/airflow/.local/lib/python3.12/site-packages/airflow/example_dags/example_xcomargs.py for tasks to queue
[2025-09-16T23:47:24.777+0000] {logging_mixin.py:190} INFO - [2025-09-16T23:47:24.776+0000] {dagbag.py:588} INFO - Filling up the DagBag from /home/airflow/.local/lib/python3.12/site-packages/airflow/example_dags/example_xcomargs.py
[2025-09-16T23:47:24.787+0000] {processor.py:925} INFO - DAG(s) 'example_xcom_args', 'example_xcom_args_with_operators' retrieved from /home/airflow/.local/lib/python3.12/site-packages/airflow/example_dags/example_xcomargs.py
[2025-09-16T23:47:24.807+0000] {logging_mixin.py:190} INFO - [2025-09-16T23:47:24.807+0000] {dag.py:3239} INFO - Sync 2 DAGs
[2025-09-16T23:47:24.815+0000] {logging_mixin.py:190} INFO - [2025-09-16T23:47:24.815+0000] {dag.py:4180} INFO - Setting next_dagrun for example_xcom_args to None, run_after=None
[2025-09-16T23:47:24.817+0000] {logging_mixin.py:190} INFO - [2025-09-16T23:47:24.817+0000] {dag.py:4180} INFO - Setting next_dagrun for example_xcom_args_with_operators to None, run_after=None
[2025-09-16T23:47:24.825+0000] {processor.py:208} INFO - Processing /home/airflow/.local/lib/python3.12/site-packages/airflow/example_dags/example_xcomargs.py took 0.060 seconds
[2025-09-16T23:47:55.344+0000] {processor.py:186} INFO - Started process (PID=891) to work on /home/airflow/.local/lib/python3.12/site-packages/airflow/example_dags/example_xcomargs.py
[2025-09-16T23:47:55.350+0000] {processor.py:914} INFO - Processing file /home/airflow/.local/lib/python3.12/site-packages/airflow/example_dags/example_xcomargs.py for tasks to queue
[2025-09-16T23:47:55.357+0000] {logging_mixin.py:190} INFO - [2025-09-16T23:47:55.357+0000] {dagbag.py:588} INFO - Filling up the DagBag from /home/airflow/.local/lib/python3.12/site-packages/airflow/example_dags/example_xcomargs.py
[2025-09-16T23:47:55.385+0000] {processor.py:925} INFO - DAG(s) 'example_xcom_args', 'example_xcom_args_with_operators' retrieved from /home/airflow/.local/lib/python3.12/site-packages/airflow/example_dags/example_xcomargs.py
[2025-09-16T23:47:55.421+0000] {logging_mixin.py:190} INFO - [2025-09-16T23:47:55.420+0000] {dag.py:3239} INFO - Sync 2 DAGs
[2025-09-16T23:47:55.439+0000] {logging_mixin.py:190} INFO - [2025-09-16T23:47:55.439+0000] {dag.py:4180} INFO - Setting next_dagrun for example_xcom_args to None, run_after=None
[2025-09-16T23:47:55.443+0000] {logging_mixin.py:190} INFO - [2025-09-16T23:47:55.443+0000] {dag.py:4180} INFO - Setting next_dagrun for example_xcom_args_with_operators to None, run_after=None
[2025-09-16T23:47:55.454+0000] {processor.py:208} INFO - Processing /home/airflow/.local/lib/python3.12/site-packages/airflow/example_dags/example_xcomargs.py took 0.136 seconds
[2025-09-16T23:48:26.317+0000] {processor.py:186} INFO - Started process (PID=954) to work on /home/airflow/.local/lib/python3.12/site-packages/airflow/example_dags/example_xcomargs.py
[2025-09-16T23:48:26.318+0000] {processor.py:914} INFO - Processing file /home/airflow/.local/lib/python3.12/site-packages/airflow/example_dags/example_xcomargs.py for tasks to queue
[2025-09-16T23:48:26.320+0000] {logging_mixin.py:190} INFO - [2025-09-16T23:48:26.320+0000] {dagbag.py:588} INFO - Filling up the DagBag from /home/airflow/.local/lib/python3.12/site-packages/airflow/example_dags/example_xcomargs.py
[2025-09-16T23:48:26.329+0000] {processor.py:925} INFO - DAG(s) 'example_xcom_args', 'example_xcom_args_with_operators' retrieved from /home/airflow/.local/lib/python3.12/site-packages/airflow/example_dags/example_xcomargs.py
[2025-09-16T23:48:26.350+0000] {logging_mixin.py:190} INFO - [2025-09-16T23:48:26.349+0000] {dag.py:3239} INFO - Sync 2 DAGs
[2025-09-16T23:48:26.357+0000] {logging_mixin.py:190} INFO - [2025-09-16T23:48:26.357+0000] {dag.py:4180} INFO - Setting next_dagrun for example_xcom_args to None, run_after=None
[2025-09-16T23:48:26.361+0000] {logging_mixin.py:190} INFO - [2025-09-16T23:48:26.360+0000] {dag.py:4180} INFO - Setting next_dagrun for example_xcom_args_with_operators to None, run_after=None
[2025-09-16T23:48:26.369+0000] {processor.py:208} INFO - Processing /home/airflow/.local/lib/python3.12/site-packages/airflow/example_dags/example_xcomargs.py took 0.058 seconds
[2025-09-16T23:48:57.195+0000] {processor.py:186} INFO - Started process (PID=1017) to work on /home/airflow/.local/lib/python3.12/site-packages/airflow/example_dags/example_xcomargs.py
[2025-09-16T23:48:57.196+0000] {processor.py:914} INFO - Processing file /home/airflow/.local/lib/python3.12/site-packages/airflow/example_dags/example_xcomargs.py for tasks to queue
[2025-09-16T23:48:57.199+0000] {logging_mixin.py:190} INFO - [2025-09-16T23:48:57.198+0000] {dagbag.py:588} INFO - Filling up the DagBag from /home/airflow/.local/lib/python3.12/site-packages/airflow/example_dags/example_xcomargs.py
[2025-09-16T23:48:57.209+0000] {processor.py:925} INFO - DAG(s) 'example_xcom_args_with_operators', 'example_xcom_args' retrieved from /home/airflow/.local/lib/python3.12/site-packages/airflow/example_dags/example_xcomargs.py
[2025-09-16T23:48:57.227+0000] {logging_mixin.py:190} INFO - [2025-09-16T23:48:57.227+0000] {dag.py:3239} INFO - Sync 2 DAGs
[2025-09-16T23:48:57.237+0000] {logging_mixin.py:190} INFO - [2025-09-16T23:48:57.236+0000] {dag.py:4180} INFO - Setting next_dagrun for example_xcom_args to None, run_after=None
[2025-09-16T23:48:57.239+0000] {logging_mixin.py:190} INFO - [2025-09-16T23:48:57.238+0000] {dag.py:4180} INFO - Setting next_dagrun for example_xcom_args_with_operators to None, run_after=None
[2025-09-16T23:48:57.246+0000] {processor.py:208} INFO - Processing /home/airflow/.local/lib/python3.12/site-packages/airflow/example_dags/example_xcomargs.py took 0.060 seconds
[2025-09-16T23:49:28.078+0000] {processor.py:186} INFO - Started process (PID=1080) to work on /home/airflow/.local/lib/python3.12/site-packages/airflow/example_dags/example_xcomargs.py
[2025-09-16T23:49:28.080+0000] {processor.py:914} INFO - Processing file /home/airflow/.local/lib/python3.12/site-packages/airflow/example_dags/example_xcomargs.py for tasks to queue
[2025-09-16T23:49:28.083+0000] {logging_mixin.py:190} INFO - [2025-09-16T23:49:28.083+0000] {dagbag.py:588} INFO - Filling up the DagBag from /home/airflow/.local/lib/python3.12/site-packages/airflow/example_dags/example_xcomargs.py
[2025-09-16T23:49:28.094+0000] {processor.py:925} INFO - DAG(s) 'example_xcom_args_with_operators', 'example_xcom_args' retrieved from /home/airflow/.local/lib/python3.12/site-packages/airflow/example_dags/example_xcomargs.py
[2025-09-16T23:49:28.113+0000] {logging_mixin.py:190} INFO - [2025-09-16T23:49:28.113+0000] {dag.py:3239} INFO - Sync 2 DAGs
[2025-09-16T23:49:28.122+0000] {logging_mixin.py:190} INFO - [2025-09-16T23:49:28.122+0000] {dag.py:4180} INFO - Setting next_dagrun for example_xcom_args to None, run_after=None
[2025-09-16T23:49:28.124+0000] {logging_mixin.py:190} INFO - [2025-09-16T23:49:28.124+0000] {dag.py:4180} INFO - Setting next_dagrun for example_xcom_args_with_operators to None, run_after=None
[2025-09-16T23:49:28.133+0000] {processor.py:208} INFO - Processing /home/airflow/.local/lib/python3.12/site-packages/airflow/example_dags/example_xcomargs.py took 0.065 seconds
[2025-09-16T23:49:58.531+0000] {processor.py:186} INFO - Started process (PID=1143) to work on /home/airflow/.local/lib/python3.12/site-packages/airflow/example_dags/example_xcomargs.py
[2025-09-16T23:49:58.534+0000] {processor.py:914} INFO - Processing file /home/airflow/.local/lib/python3.12/site-packages/airflow/example_dags/example_xcomargs.py for tasks to queue
[2025-09-16T23:49:58.536+0000] {logging_mixin.py:190} INFO - [2025-09-16T23:49:58.536+0000] {dagbag.py:588} INFO - Filling up the DagBag from /home/airflow/.local/lib/python3.12/site-packages/airflow/example_dags/example_xcomargs.py
[2025-09-16T23:49:58.545+0000] {processor.py:925} INFO - DAG(s) 'example_xcom_args', 'example_xcom_args_with_operators' retrieved from /home/airflow/.local/lib/python3.12/site-packages/airflow/example_dags/example_xcomargs.py
[2025-09-16T23:49:58.562+0000] {logging_mixin.py:190} INFO - [2025-09-16T23:49:58.561+0000] {dag.py:3239} INFO - Sync 2 DAGs
[2025-09-16T23:49:58.570+0000] {logging_mixin.py:190} INFO - [2025-09-16T23:49:58.570+0000] {dag.py:4180} INFO - Setting next_dagrun for example_xcom_args to None, run_after=None
[2025-09-16T23:49:58.572+0000] {logging_mixin.py:190} INFO - [2025-09-16T23:49:58.572+0000] {dag.py:4180} INFO - Setting next_dagrun for example_xcom_args_with_operators to None, run_after=None
[2025-09-16T23:49:58.579+0000] {processor.py:208} INFO - Processing /home/airflow/.local/lib/python3.12/site-packages/airflow/example_dags/example_xcomargs.py took 0.056 seconds
[2025-09-16T23:50:29.025+0000] {processor.py:186} INFO - Started process (PID=1206) to work on /home/airflow/.local/lib/python3.12/site-packages/airflow/example_dags/example_xcomargs.py
[2025-09-16T23:50:29.027+0000] {processor.py:914} INFO - Processing file /home/airflow/.local/lib/python3.12/site-packages/airflow/example_dags/example_xcomargs.py for tasks to queue
[2025-09-16T23:50:29.030+0000] {logging_mixin.py:190} INFO - [2025-09-16T23:50:29.029+0000] {dagbag.py:588} INFO - Filling up the DagBag from /home/airflow/.local/lib/python3.12/site-packages/airflow/example_dags/example_xcomargs.py
[2025-09-16T23:50:29.040+0000] {processor.py:925} INFO - DAG(s) 'example_xcom_args', 'example_xcom_args_with_operators' retrieved from /home/airflow/.local/lib/python3.12/site-packages/airflow/example_dags/example_xcomargs.py
[2025-09-16T23:50:29.058+0000] {logging_mixin.py:190} INFO - [2025-09-16T23:50:29.058+0000] {dag.py:3239} INFO - Sync 2 DAGs
[2025-09-16T23:50:29.066+0000] {logging_mixin.py:190} INFO - [2025-09-16T23:50:29.066+0000] {dag.py:4180} INFO - Setting next_dagrun for example_xcom_args to None, run_after=None
[2025-09-16T23:50:29.068+0000] {logging_mixin.py:190} INFO - [2025-09-16T23:50:29.068+0000] {dag.py:4180} INFO - Setting next_dagrun for example_xcom_args_with_operators to None, run_after=None
[2025-09-16T23:50:29.076+0000] {processor.py:208} INFO - Processing /home/airflow/.local/lib/python3.12/site-packages/airflow/example_dags/example_xcomargs.py took 0.063 seconds
[2025-09-16T23:50:59.132+0000] {processor.py:186} INFO - Started process (PID=1269) to work on /home/airflow/.local/lib/python3.12/site-packages/airflow/example_dags/example_xcomargs.py
[2025-09-16T23:50:59.133+0000] {processor.py:914} INFO - Processing file /home/airflow/.local/lib/python3.12/site-packages/airflow/example_dags/example_xcomargs.py for tasks to queue
[2025-09-16T23:50:59.135+0000] {logging_mixin.py:190} INFO - [2025-09-16T23:50:59.135+0000] {dagbag.py:588} INFO - Filling up the DagBag from /home/airflow/.local/lib/python3.12/site-packages/airflow/example_dags/example_xcomargs.py
[2025-09-16T23:50:59.144+0000] {processor.py:925} INFO - DAG(s) 'example_xcom_args', 'example_xcom_args_with_operators' retrieved from /home/airflow/.local/lib/python3.12/site-packages/airflow/example_dags/example_xcomargs.py
[2025-09-16T23:50:59.162+0000] {logging_mixin.py:190} INFO - [2025-09-16T23:50:59.162+0000] {dag.py:3239} INFO - Sync 2 DAGs
[2025-09-16T23:50:59.171+0000] {logging_mixin.py:190} INFO - [2025-09-16T23:50:59.171+0000] {dag.py:4180} INFO - Setting next_dagrun for example_xcom_args to None, run_after=None
[2025-09-16T23:50:59.174+0000] {logging_mixin.py:190} INFO - [2025-09-16T23:50:59.173+0000] {dag.py:4180} INFO - Setting next_dagrun for example_xcom_args_with_operators to None, run_after=None
[2025-09-16T23:50:59.182+0000] {processor.py:208} INFO - Processing /home/airflow/.local/lib/python3.12/site-packages/airflow/example_dags/example_xcomargs.py took 0.058 seconds
[2025-09-16T23:51:29.483+0000] {processor.py:186} INFO - Started process (PID=1332) to work on /home/airflow/.local/lib/python3.12/site-packages/airflow/example_dags/example_xcomargs.py
[2025-09-16T23:51:29.484+0000] {processor.py:914} INFO - Processing file /home/airflow/.local/lib/python3.12/site-packages/airflow/example_dags/example_xcomargs.py for tasks to queue
[2025-09-16T23:51:29.486+0000] {logging_mixin.py:190} INFO - [2025-09-16T23:51:29.486+0000] {dagbag.py:588} INFO - Filling up the DagBag from /home/airflow/.local/lib/python3.12/site-packages/airflow/example_dags/example_xcomargs.py
[2025-09-16T23:51:29.495+0000] {processor.py:925} INFO - DAG(s) 'example_xcom_args_with_operators', 'example_xcom_args' retrieved from /home/airflow/.local/lib/python3.12/site-packages/airflow/example_dags/example_xcomargs.py
[2025-09-16T23:51:29.512+0000] {logging_mixin.py:190} INFO - [2025-09-16T23:51:29.511+0000] {dag.py:3239} INFO - Sync 2 DAGs
[2025-09-16T23:51:29.520+0000] {logging_mixin.py:190} INFO - [2025-09-16T23:51:29.520+0000] {dag.py:4180} INFO - Setting next_dagrun for example_xcom_args to None, run_after=None
[2025-09-16T23:51:29.522+0000] {logging_mixin.py:190} INFO - [2025-09-16T23:51:29.522+0000] {dag.py:4180} INFO - Setting next_dagrun for example_xcom_args_with_operators to None, run_after=None
[2025-09-16T23:51:29.530+0000] {processor.py:208} INFO - Processing /home/airflow/.local/lib/python3.12/site-packages/airflow/example_dags/example_xcomargs.py took 0.056 seconds
[2025-09-16T23:51:59.971+0000] {processor.py:186} INFO - Started process (PID=1395) to work on /home/airflow/.local/lib/python3.12/site-packages/airflow/example_dags/example_xcomargs.py
[2025-09-16T23:51:59.974+0000] {processor.py:914} INFO - Processing file /home/airflow/.local/lib/python3.12/site-packages/airflow/example_dags/example_xcomargs.py for tasks to queue
[2025-09-16T23:51:59.976+0000] {logging_mixin.py:190} INFO - [2025-09-16T23:51:59.975+0000] {dagbag.py:588} INFO - Filling up the DagBag from /home/airflow/.local/lib/python3.12/site-packages/airflow/example_dags/example_xcomargs.py
[2025-09-16T23:51:59.985+0000] {processor.py:925} INFO - DAG(s) 'example_xcom_args', 'example_xcom_args_with_operators' retrieved from /home/airflow/.local/lib/python3.12/site-packages/airflow/example_dags/example_xcomargs.py
[2025-09-16T23:52:00.003+0000] {logging_mixin.py:190} INFO - [2025-09-16T23:52:00.003+0000] {dag.py:3239} INFO - Sync 2 DAGs
[2025-09-16T23:52:00.013+0000] {logging_mixin.py:190} INFO - [2025-09-16T23:52:00.013+0000] {dag.py:4180} INFO - Setting next_dagrun for example_xcom_args to None, run_after=None
[2025-09-16T23:52:00.015+0000] {logging_mixin.py:190} INFO - [2025-09-16T23:52:00.015+0000] {dag.py:4180} INFO - Setting next_dagrun for example_xcom_args_with_operators to None, run_after=None
[2025-09-16T23:52:00.022+0000] {processor.py:208} INFO - Processing /home/airflow/.local/lib/python3.12/site-packages/airflow/example_dags/example_xcomargs.py took 0.058 seconds
[2025-09-16T23:52:30.225+0000] {processor.py:186} INFO - Started process (PID=1458) to work on /home/airflow/.local/lib/python3.12/site-packages/airflow/example_dags/example_xcomargs.py
[2025-09-16T23:52:30.227+0000] {processor.py:914} INFO - Processing file /home/airflow/.local/lib/python3.12/site-packages/airflow/example_dags/example_xcomargs.py for tasks to queue
[2025-09-16T23:52:30.229+0000] {logging_mixin.py:190} INFO - [2025-09-16T23:52:30.229+0000] {dagbag.py:588} INFO - Filling up the DagBag from /home/airflow/.local/lib/python3.12/site-packages/airflow/example_dags/example_xcomargs.py
[2025-09-16T23:52:30.238+0000] {processor.py:925} INFO - DAG(s) 'example_xcom_args', 'example_xcom_args_with_operators' retrieved from /home/airflow/.local/lib/python3.12/site-packages/airflow/example_dags/example_xcomargs.py
[2025-09-16T23:52:30.255+0000] {logging_mixin.py:190} INFO - [2025-09-16T23:52:30.255+0000] {dag.py:3239} INFO - Sync 2 DAGs
[2025-09-16T23:52:30.265+0000] {logging_mixin.py:190} INFO - [2025-09-16T23:52:30.264+0000] {dag.py:4180} INFO - Setting next_dagrun for example_xcom_args to None, run_after=None
[2025-09-16T23:52:30.267+0000] {logging_mixin.py:190} INFO - [2025-09-16T23:52:30.267+0000] {dag.py:4180} INFO - Setting next_dagrun for example_xcom_args_with_operators to None, run_after=None
[2025-09-16T23:52:30.276+0000] {processor.py:208} INFO - Processing /home/airflow/.local/lib/python3.12/site-packages/airflow/example_dags/example_xcomargs.py took 0.057 seconds
[2025-09-16T23:53:00.694+0000] {processor.py:186} INFO - Started process (PID=1521) to work on /home/airflow/.local/lib/python3.12/site-packages/airflow/example_dags/example_xcomargs.py
[2025-09-16T23:53:00.696+0000] {processor.py:914} INFO - Processing file /home/airflow/.local/lib/python3.12/site-packages/airflow/example_dags/example_xcomargs.py for tasks to queue
[2025-09-16T23:53:00.699+0000] {logging_mixin.py:190} INFO - [2025-09-16T23:53:00.698+0000] {dagbag.py:588} INFO - Filling up the DagBag from /home/airflow/.local/lib/python3.12/site-packages/airflow/example_dags/example_xcomargs.py
[2025-09-16T23:53:00.709+0000] {processor.py:925} INFO - DAG(s) 'example_xcom_args_with_operators', 'example_xcom_args' retrieved from /home/airflow/.local/lib/python3.12/site-packages/airflow/example_dags/example_xcomargs.py
[2025-09-16T23:53:00.726+0000] {logging_mixin.py:190} INFO - [2025-09-16T23:53:00.726+0000] {dag.py:3239} INFO - Sync 2 DAGs
[2025-09-16T23:53:00.737+0000] {logging_mixin.py:190} INFO - [2025-09-16T23:53:00.737+0000] {dag.py:4180} INFO - Setting next_dagrun for example_xcom_args to None, run_after=None
[2025-09-16T23:53:00.741+0000] {logging_mixin.py:190} INFO - [2025-09-16T23:53:00.741+0000] {dag.py:4180} INFO - Setting next_dagrun for example_xcom_args_with_operators to None, run_after=None
[2025-09-16T23:53:00.750+0000] {processor.py:208} INFO - Processing /home/airflow/.local/lib/python3.12/site-packages/airflow/example_dags/example_xcomargs.py took 0.064 seconds
[2025-09-16T23:53:31.125+0000] {processor.py:186} INFO - Started process (PID=1584) to work on /home/airflow/.local/lib/python3.12/site-packages/airflow/example_dags/example_xcomargs.py
[2025-09-16T23:53:31.126+0000] {processor.py:914} INFO - Processing file /home/airflow/.local/lib/python3.12/site-packages/airflow/example_dags/example_xcomargs.py for tasks to queue
[2025-09-16T23:53:31.129+0000] {logging_mixin.py:190} INFO - [2025-09-16T23:53:31.128+0000] {dagbag.py:588} INFO - Filling up the DagBag from /home/airflow/.local/lib/python3.12/site-packages/airflow/example_dags/example_xcomargs.py
[2025-09-16T23:53:31.139+0000] {processor.py:925} INFO - DAG(s) 'example_xcom_args_with_operators', 'example_xcom_args' retrieved from /home/airflow/.local/lib/python3.12/site-packages/airflow/example_dags/example_xcomargs.py
[2025-09-16T23:53:31.158+0000] {logging_mixin.py:190} INFO - [2025-09-16T23:53:31.157+0000] {dag.py:3239} INFO - Sync 2 DAGs
[2025-09-16T23:53:31.168+0000] {logging_mixin.py:190} INFO - [2025-09-16T23:53:31.168+0000] {dag.py:4180} INFO - Setting next_dagrun for example_xcom_args to None, run_after=None
[2025-09-16T23:53:31.170+0000] {logging_mixin.py:190} INFO - [2025-09-16T23:53:31.170+0000] {dag.py:4180} INFO - Setting next_dagrun for example_xcom_args_with_operators to None, run_after=None
[2025-09-16T23:53:31.178+0000] {processor.py:208} INFO - Processing /home/airflow/.local/lib/python3.12/site-packages/airflow/example_dags/example_xcomargs.py took 0.060 seconds
[2025-09-16T23:54:01.517+0000] {processor.py:186} INFO - Started process (PID=1647) to work on /home/airflow/.local/lib/python3.12/site-packages/airflow/example_dags/example_xcomargs.py
[2025-09-16T23:54:01.519+0000] {processor.py:914} INFO - Processing file /home/airflow/.local/lib/python3.12/site-packages/airflow/example_dags/example_xcomargs.py for tasks to queue
[2025-09-16T23:54:01.524+0000] {logging_mixin.py:190} INFO - [2025-09-16T23:54:01.523+0000] {dagbag.py:588} INFO - Filling up the DagBag from /home/airflow/.local/lib/python3.12/site-packages/airflow/example_dags/example_xcomargs.py
[2025-09-16T23:54:01.532+0000] {processor.py:925} INFO - DAG(s) 'example_xcom_args_with_operators', 'example_xcom_args' retrieved from /home/airflow/.local/lib/python3.12/site-packages/airflow/example_dags/example_xcomargs.py
[2025-09-16T23:54:01.549+0000] {logging_mixin.py:190} INFO - [2025-09-16T23:54:01.548+0000] {dag.py:3239} INFO - Sync 2 DAGs
[2025-09-16T23:54:01.560+0000] {logging_mixin.py:190} INFO - [2025-09-16T23:54:01.560+0000] {dag.py:4180} INFO - Setting next_dagrun for example_xcom_args to None, run_after=None
[2025-09-16T23:54:01.563+0000] {logging_mixin.py:190} INFO - [2025-09-16T23:54:01.563+0000] {dag.py:4180} INFO - Setting next_dagrun for example_xcom_args_with_operators to None, run_after=None
[2025-09-16T23:54:01.574+0000] {processor.py:208} INFO - Processing /home/airflow/.local/lib/python3.12/site-packages/airflow/example_dags/example_xcomargs.py took 0.064 seconds
[2025-09-16T23:54:31.963+0000] {processor.py:186} INFO - Started process (PID=1710) to work on /home/airflow/.local/lib/python3.12/site-packages/airflow/example_dags/example_xcomargs.py
[2025-09-16T23:54:31.965+0000] {processor.py:914} INFO - Processing file /home/airflow/.local/lib/python3.12/site-packages/airflow/example_dags/example_xcomargs.py for tasks to queue
[2025-09-16T23:54:31.966+0000] {logging_mixin.py:190} INFO - [2025-09-16T23:54:31.966+0000] {dagbag.py:588} INFO - Filling up the DagBag from /home/airflow/.local/lib/python3.12/site-packages/airflow/example_dags/example_xcomargs.py
[2025-09-16T23:54:31.976+0000] {processor.py:925} INFO - DAG(s) 'example_xcom_args_with_operators', 'example_xcom_args' retrieved from /home/airflow/.local/lib/python3.12/site-packages/airflow/example_dags/example_xcomargs.py
[2025-09-16T23:54:32.003+0000] {logging_mixin.py:190} INFO - [2025-09-16T23:54:32.003+0000] {dag.py:3239} INFO - Sync 2 DAGs
[2025-09-16T23:54:32.017+0000] {logging_mixin.py:190} INFO - [2025-09-16T23:54:32.017+0000] {dag.py:4180} INFO - Setting next_dagrun for example_xcom_args to None, run_after=None
[2025-09-16T23:54:32.022+0000] {logging_mixin.py:190} INFO - [2025-09-16T23:54:32.022+0000] {dag.py:4180} INFO - Setting next_dagrun for example_xcom_args_with_operators to None, run_after=None
[2025-09-16T23:54:32.033+0000] {processor.py:208} INFO - Processing /home/airflow/.local/lib/python3.12/site-packages/airflow/example_dags/example_xcomargs.py took 0.078 seconds
[2025-09-16T23:55:02.761+0000] {processor.py:186} INFO - Started process (PID=1773) to work on /home/airflow/.local/lib/python3.12/site-packages/airflow/example_dags/example_xcomargs.py
[2025-09-16T23:55:02.763+0000] {processor.py:914} INFO - Processing file /home/airflow/.local/lib/python3.12/site-packages/airflow/example_dags/example_xcomargs.py for tasks to queue
[2025-09-16T23:55:02.766+0000] {logging_mixin.py:190} INFO - [2025-09-16T23:55:02.765+0000] {dagbag.py:588} INFO - Filling up the DagBag from /home/airflow/.local/lib/python3.12/site-packages/airflow/example_dags/example_xcomargs.py
[2025-09-16T23:55:02.775+0000] {processor.py:925} INFO - DAG(s) 'example_xcom_args', 'example_xcom_args_with_operators' retrieved from /home/airflow/.local/lib/python3.12/site-packages/airflow/example_dags/example_xcomargs.py
[2025-09-16T23:55:02.793+0000] {logging_mixin.py:190} INFO - [2025-09-16T23:55:02.792+0000] {dag.py:3239} INFO - Sync 2 DAGs
[2025-09-16T23:55:02.802+0000] {logging_mixin.py:190} INFO - [2025-09-16T23:55:02.802+0000] {dag.py:4180} INFO - Setting next_dagrun for example_xcom_args to None, run_after=None
[2025-09-16T23:55:02.804+0000] {logging_mixin.py:190} INFO - [2025-09-16T23:55:02.804+0000] {dag.py:4180} INFO - Setting next_dagrun for example_xcom_args_with_operators to None, run_after=None
[2025-09-16T23:55:02.813+0000] {processor.py:208} INFO - Processing /home/airflow/.local/lib/python3.12/site-packages/airflow/example_dags/example_xcomargs.py took 0.059 seconds
[2025-09-16T23:55:32.939+0000] {processor.py:186} INFO - Started process (PID=1836) to work on /home/airflow/.local/lib/python3.12/site-packages/airflow/example_dags/example_xcomargs.py
[2025-09-16T23:55:32.941+0000] {processor.py:914} INFO - Processing file /home/airflow/.local/lib/python3.12/site-packages/airflow/example_dags/example_xcomargs.py for tasks to queue
[2025-09-16T23:55:32.943+0000] {logging_mixin.py:190} INFO - [2025-09-16T23:55:32.943+0000] {dagbag.py:588} INFO - Filling up the DagBag from /home/airflow/.local/lib/python3.12/site-packages/airflow/example_dags/example_xcomargs.py
[2025-09-16T23:55:32.952+0000] {processor.py:925} INFO - DAG(s) 'example_xcom_args', 'example_xcom_args_with_operators' retrieved from /home/airflow/.local/lib/python3.12/site-packages/airflow/example_dags/example_xcomargs.py
[2025-09-16T23:55:32.971+0000] {logging_mixin.py:190} INFO - [2025-09-16T23:55:32.971+0000] {dag.py:3239} INFO - Sync 2 DAGs
[2025-09-16T23:55:32.981+0000] {logging_mixin.py:190} INFO - [2025-09-16T23:55:32.980+0000] {dag.py:4180} INFO - Setting next_dagrun for example_xcom_args to None, run_after=None
[2025-09-16T23:55:32.983+0000] {logging_mixin.py:190} INFO - [2025-09-16T23:55:32.983+0000] {dag.py:4180} INFO - Setting next_dagrun for example_xcom_args_with_operators to None, run_after=None
[2025-09-16T23:55:32.992+0000] {processor.py:208} INFO - Processing /home/airflow/.local/lib/python3.12/site-packages/airflow/example_dags/example_xcomargs.py took 0.060 seconds
[2025-09-16T23:56:03.077+0000] {processor.py:186} INFO - Started process (PID=1899) to work on /home/airflow/.local/lib/python3.12/site-packages/airflow/example_dags/example_xcomargs.py
[2025-09-16T23:56:03.079+0000] {processor.py:914} INFO - Processing file /home/airflow/.local/lib/python3.12/site-packages/airflow/example_dags/example_xcomargs.py for tasks to queue
[2025-09-16T23:56:03.081+0000] {logging_mixin.py:190} INFO - [2025-09-16T23:56:03.081+0000] {dagbag.py:588} INFO - Filling up the DagBag from /home/airflow/.local/lib/python3.12/site-packages/airflow/example_dags/example_xcomargs.py
[2025-09-16T23:56:03.092+0000] {processor.py:925} INFO - DAG(s) 'example_xcom_args', 'example_xcom_args_with_operators' retrieved from /home/airflow/.local/lib/python3.12/site-packages/airflow/example_dags/example_xcomargs.py
[2025-09-16T23:56:03.109+0000] {logging_mixin.py:190} INFO - [2025-09-16T23:56:03.109+0000] {dag.py:3239} INFO - Sync 2 DAGs
[2025-09-16T23:56:03.119+0000] {logging_mixin.py:190} INFO - [2025-09-16T23:56:03.119+0000] {dag.py:4180} INFO - Setting next_dagrun for example_xcom_args to None, run_after=None
[2025-09-16T23:56:03.121+0000] {logging_mixin.py:190} INFO - [2025-09-16T23:56:03.121+0000] {dag.py:4180} INFO - Setting next_dagrun for example_xcom_args_with_operators to None, run_after=None
[2025-09-16T23:56:03.129+0000] {processor.py:208} INFO - Processing /home/airflow/.local/lib/python3.12/site-packages/airflow/example_dags/example_xcomargs.py took 0.059 seconds
[2025-09-16T23:56:33.313+0000] {processor.py:186} INFO - Started process (PID=1962) to work on /home/airflow/.local/lib/python3.12/site-packages/airflow/example_dags/example_xcomargs.py
[2025-09-16T23:56:33.315+0000] {processor.py:914} INFO - Processing file /home/airflow/.local/lib/python3.12/site-packages/airflow/example_dags/example_xcomargs.py for tasks to queue
[2025-09-16T23:56:33.317+0000] {logging_mixin.py:190} INFO - [2025-09-16T23:56:33.317+0000] {dagbag.py:588} INFO - Filling up the DagBag from /home/airflow/.local/lib/python3.12/site-packages/airflow/example_dags/example_xcomargs.py
[2025-09-16T23:56:33.331+0000] {processor.py:925} INFO - DAG(s) 'example_xcom_args', 'example_xcom_args_with_operators' retrieved from /home/airflow/.local/lib/python3.12/site-packages/airflow/example_dags/example_xcomargs.py
[2025-09-16T23:56:33.351+0000] {logging_mixin.py:190} INFO - [2025-09-16T23:56:33.351+0000] {dag.py:3239} INFO - Sync 2 DAGs
[2025-09-16T23:56:33.362+0000] {logging_mixin.py:190} INFO - [2025-09-16T23:56:33.361+0000] {dag.py:4180} INFO - Setting next_dagrun for example_xcom_args to None, run_after=None
[2025-09-16T23:56:33.364+0000] {logging_mixin.py:190} INFO - [2025-09-16T23:56:33.364+0000] {dag.py:4180} INFO - Setting next_dagrun for example_xcom_args_with_operators to None, run_after=None
[2025-09-16T23:56:33.375+0000] {processor.py:208} INFO - Processing /home/airflow/.local/lib/python3.12/site-packages/airflow/example_dags/example_xcomargs.py took 0.069 seconds
[2025-09-16T23:57:03.454+0000] {processor.py:186} INFO - Started process (PID=2025) to work on /home/airflow/.local/lib/python3.12/site-packages/airflow/example_dags/example_xcomargs.py
[2025-09-16T23:57:03.455+0000] {processor.py:914} INFO - Processing file /home/airflow/.local/lib/python3.12/site-packages/airflow/example_dags/example_xcomargs.py for tasks to queue
[2025-09-16T23:57:03.458+0000] {logging_mixin.py:190} INFO - [2025-09-16T23:57:03.457+0000] {dagbag.py:588} INFO - Filling up the DagBag from /home/airflow/.local/lib/python3.12/site-packages/airflow/example_dags/example_xcomargs.py
[2025-09-16T23:57:03.467+0000] {processor.py:925} INFO - DAG(s) 'example_xcom_args', 'example_xcom_args_with_operators' retrieved from /home/airflow/.local/lib/python3.12/site-packages/airflow/example_dags/example_xcomargs.py
[2025-09-16T23:57:03.487+0000] {logging_mixin.py:190} INFO - [2025-09-16T23:57:03.487+0000] {dag.py:3239} INFO - Sync 2 DAGs
[2025-09-16T23:57:03.499+0000] {logging_mixin.py:190} INFO - [2025-09-16T23:57:03.499+0000] {dag.py:4180} INFO - Setting next_dagrun for example_xcom_args to None, run_after=None
[2025-09-16T23:57:03.502+0000] {logging_mixin.py:190} INFO - [2025-09-16T23:57:03.502+0000] {dag.py:4180} INFO - Setting next_dagrun for example_xcom_args_with_operators to None, run_after=None
[2025-09-16T23:57:03.512+0000] {processor.py:208} INFO - Processing /home/airflow/.local/lib/python3.12/site-packages/airflow/example_dags/example_xcomargs.py took 0.066 seconds
[2025-09-16T23:57:33.554+0000] {processor.py:186} INFO - Started process (PID=2088) to work on /home/airflow/.local/lib/python3.12/site-packages/airflow/example_dags/example_xcomargs.py
[2025-09-16T23:57:33.555+0000] {processor.py:914} INFO - Processing file /home/airflow/.local/lib/python3.12/site-packages/airflow/example_dags/example_xcomargs.py for tasks to queue
[2025-09-16T23:57:33.557+0000] {logging_mixin.py:190} INFO - [2025-09-16T23:57:33.557+0000] {dagbag.py:588} INFO - Filling up the DagBag from /home/airflow/.local/lib/python3.12/site-packages/airflow/example_dags/example_xcomargs.py
[2025-09-16T23:57:33.564+0000] {processor.py:925} INFO - DAG(s) 'example_xcom_args_with_operators', 'example_xcom_args' retrieved from /home/airflow/.local/lib/python3.12/site-packages/airflow/example_dags/example_xcomargs.py
[2025-09-16T23:57:33.577+0000] {logging_mixin.py:190} INFO - [2025-09-16T23:57:33.577+0000] {dag.py:3239} INFO - Sync 2 DAGs
[2025-09-16T23:57:33.587+0000] {logging_mixin.py:190} INFO - [2025-09-16T23:57:33.586+0000] {dag.py:4180} INFO - Setting next_dagrun for example_xcom_args to None, run_after=None
[2025-09-16T23:57:33.589+0000] {logging_mixin.py:190} INFO - [2025-09-16T23:57:33.588+0000] {dag.py:4180} INFO - Setting next_dagrun for example_xcom_args_with_operators to None, run_after=None
[2025-09-16T23:57:33.597+0000] {processor.py:208} INFO - Processing /home/airflow/.local/lib/python3.12/site-packages/airflow/example_dags/example_xcomargs.py took 0.047 seconds
[2025-09-16T23:58:03.642+0000] {processor.py:186} INFO - Started process (PID=2151) to work on /home/airflow/.local/lib/python3.12/site-packages/airflow/example_dags/example_xcomargs.py
[2025-09-16T23:58:03.646+0000] {processor.py:914} INFO - Processing file /home/airflow/.local/lib/python3.12/site-packages/airflow/example_dags/example_xcomargs.py for tasks to queue
[2025-09-16T23:58:03.647+0000] {logging_mixin.py:190} INFO - [2025-09-16T23:58:03.647+0000] {dagbag.py:588} INFO - Filling up the DagBag from /home/airflow/.local/lib/python3.12/site-packages/airflow/example_dags/example_xcomargs.py
[2025-09-16T23:58:03.653+0000] {processor.py:925} INFO - DAG(s) 'example_xcom_args_with_operators', 'example_xcom_args' retrieved from /home/airflow/.local/lib/python3.12/site-packages/airflow/example_dags/example_xcomargs.py
[2025-09-16T23:58:03.664+0000] {logging_mixin.py:190} INFO - [2025-09-16T23:58:03.664+0000] {dag.py:3239} INFO - Sync 2 DAGs
[2025-09-16T23:58:03.674+0000] {logging_mixin.py:190} INFO - [2025-09-16T23:58:03.674+0000] {dag.py:4180} INFO - Setting next_dagrun for example_xcom_args to None, run_after=None
[2025-09-16T23:58:03.680+0000] {logging_mixin.py:190} INFO - [2025-09-16T23:58:03.680+0000] {dag.py:4180} INFO - Setting next_dagrun for example_xcom_args_with_operators to None, run_after=None
[2025-09-16T23:58:03.690+0000] {processor.py:208} INFO - Processing /home/airflow/.local/lib/python3.12/site-packages/airflow/example_dags/example_xcomargs.py took 0.052 seconds
[2025-09-16T23:58:34.749+0000] {processor.py:186} INFO - Started process (PID=2214) to work on /home/airflow/.local/lib/python3.12/site-packages/airflow/example_dags/example_xcomargs.py
[2025-09-16T23:58:34.752+0000] {processor.py:914} INFO - Processing file /home/airflow/.local/lib/python3.12/site-packages/airflow/example_dags/example_xcomargs.py for tasks to queue
[2025-09-16T23:58:34.753+0000] {logging_mixin.py:190} INFO - [2025-09-16T23:58:34.753+0000] {dagbag.py:588} INFO - Filling up the DagBag from /home/airflow/.local/lib/python3.12/site-packages/airflow/example_dags/example_xcomargs.py
[2025-09-16T23:58:34.758+0000] {processor.py:925} INFO - DAG(s) 'example_xcom_args', 'example_xcom_args_with_operators' retrieved from /home/airflow/.local/lib/python3.12/site-packages/airflow/example_dags/example_xcomargs.py
[2025-09-16T23:58:34.770+0000] {logging_mixin.py:190} INFO - [2025-09-16T23:58:34.770+0000] {dag.py:3239} INFO - Sync 2 DAGs
[2025-09-16T23:58:34.777+0000] {logging_mixin.py:190} INFO - [2025-09-16T23:58:34.777+0000] {dag.py:4180} INFO - Setting next_dagrun for example_xcom_args to None, run_after=None
[2025-09-16T23:58:34.779+0000] {logging_mixin.py:190} INFO - [2025-09-16T23:58:34.779+0000] {dag.py:4180} INFO - Setting next_dagrun for example_xcom_args_with_operators to None, run_after=None
[2025-09-16T23:58:34.786+0000] {processor.py:208} INFO - Processing /home/airflow/.local/lib/python3.12/site-packages/airflow/example_dags/example_xcomargs.py took 0.040 seconds
[2025-09-16T23:59:05.788+0000] {processor.py:186} INFO - Started process (PID=2277) to work on /home/airflow/.local/lib/python3.12/site-packages/airflow/example_dags/example_xcomargs.py
[2025-09-16T23:59:05.791+0000] {processor.py:914} INFO - Processing file /home/airflow/.local/lib/python3.12/site-packages/airflow/example_dags/example_xcomargs.py for tasks to queue
[2025-09-16T23:59:05.793+0000] {logging_mixin.py:190} INFO - [2025-09-16T23:59:05.793+0000] {dagbag.py:588} INFO - Filling up the DagBag from /home/airflow/.local/lib/python3.12/site-packages/airflow/example_dags/example_xcomargs.py
[2025-09-16T23:59:05.798+0000] {processor.py:925} INFO - DAG(s) 'example_xcom_args', 'example_xcom_args_with_operators' retrieved from /home/airflow/.local/lib/python3.12/site-packages/airflow/example_dags/example_xcomargs.py
[2025-09-16T23:59:05.810+0000] {logging_mixin.py:190} INFO - [2025-09-16T23:59:05.810+0000] {dag.py:3239} INFO - Sync 2 DAGs
[2025-09-16T23:59:05.819+0000] {logging_mixin.py:190} INFO - [2025-09-16T23:59:05.819+0000] {dag.py:4180} INFO - Setting next_dagrun for example_xcom_args to None, run_after=None
[2025-09-16T23:59:05.821+0000] {logging_mixin.py:190} INFO - [2025-09-16T23:59:05.821+0000] {dag.py:4180} INFO - Setting next_dagrun for example_xcom_args_with_operators to None, run_after=None
[2025-09-16T23:59:05.831+0000] {processor.py:208} INFO - Processing /home/airflow/.local/lib/python3.12/site-packages/airflow/example_dags/example_xcomargs.py took 0.046 seconds
[2025-09-16T23:59:36.922+0000] {processor.py:186} INFO - Started process (PID=2340) to work on /home/airflow/.local/lib/python3.12/site-packages/airflow/example_dags/example_xcomargs.py
[2025-09-16T23:59:36.923+0000] {processor.py:914} INFO - Processing file /home/airflow/.local/lib/python3.12/site-packages/airflow/example_dags/example_xcomargs.py for tasks to queue
[2025-09-16T23:59:36.924+0000] {logging_mixin.py:190} INFO - [2025-09-16T23:59:36.924+0000] {dagbag.py:588} INFO - Filling up the DagBag from /home/airflow/.local/lib/python3.12/site-packages/airflow/example_dags/example_xcomargs.py
[2025-09-16T23:59:36.928+0000] {processor.py:925} INFO - DAG(s) 'example_xcom_args', 'example_xcom_args_with_operators' retrieved from /home/airflow/.local/lib/python3.12/site-packages/airflow/example_dags/example_xcomargs.py
[2025-09-16T23:59:36.944+0000] {logging_mixin.py:190} INFO - [2025-09-16T23:59:36.944+0000] {dag.py:3239} INFO - Sync 2 DAGs
[2025-09-16T23:59:36.950+0000] {logging_mixin.py:190} INFO - [2025-09-16T23:59:36.950+0000] {dag.py:4180} INFO - Setting next_dagrun for example_xcom_args to None, run_after=None
[2025-09-16T23:59:36.952+0000] {logging_mixin.py:190} INFO - [2025-09-16T23:59:36.952+0000] {dag.py:4180} INFO - Setting next_dagrun for example_xcom_args_with_operators to None, run_after=None
[2025-09-16T23:59:36.962+0000] {processor.py:208} INFO - Processing /home/airflow/.local/lib/python3.12/site-packages/airflow/example_dags/example_xcomargs.py took 0.044 seconds
