[2025-09-16T23:41:16.859+0000] {processor.py:186} INFO - Started process (PID=67) to work on /home/airflow/.local/lib/python3.12/site-packages/airflow/example_dags/example_short_circuit_decorator.py
[2025-09-16T23:41:16.860+0000] {processor.py:914} INFO - Processing file /home/airflow/.local/lib/python3.12/site-packages/airflow/example_dags/example_short_circuit_decorator.py for tasks to queue
[2025-09-16T23:41:16.861+0000] {logging_mixin.py:190} INFO - [2025-09-16T23:41:16.861+0000] {dagbag.py:588} INFO - Filling up the DagBag from /home/airflow/.local/lib/python3.12/site-packages/airflow/example_dags/example_short_circuit_decorator.py
[2025-09-16T23:41:16.871+0000] {processor.py:925} INFO - DAG(s) 'example_short_circuit_decorator' retrieved from /home/airflow/.local/lib/python3.12/site-packages/airflow/example_dags/example_short_circuit_decorator.py
[2025-09-16T23:41:16.950+0000] {logging_mixin.py:190} INFO - [2025-09-16T23:41:16.950+0000] {override.py:1911} INFO - Created Permission View: can edit on DAG:example_short_circuit_decorator
[2025-09-16T23:41:16.961+0000] {logging_mixin.py:190} INFO - [2025-09-16T23:41:16.961+0000] {override.py:1911} INFO - Created Permission View: can delete on DAG:example_short_circuit_decorator
[2025-09-16T23:41:16.965+0000] {logging_mixin.py:190} INFO - [2025-09-16T23:41:16.965+0000] {override.py:1911} INFO - Created Permission View: can read on DAG:example_short_circuit_decorator
[2025-09-16T23:41:16.970+0000] {logging_mixin.py:190} INFO - [2025-09-16T23:41:16.969+0000] {override.py:1911} INFO - Created Permission View: menu access on DAG Run:example_short_circuit_decorator
[2025-09-16T23:41:16.974+0000] {logging_mixin.py:190} INFO - [2025-09-16T23:41:16.974+0000] {override.py:1911} INFO - Created Permission View: can create on DAG Run:example_short_circuit_decorator
[2025-09-16T23:41:16.979+0000] {logging_mixin.py:190} INFO - [2025-09-16T23:41:16.979+0000] {override.py:1911} INFO - Created Permission View: can delete on DAG Run:example_short_circuit_decorator
[2025-09-16T23:41:16.983+0000] {logging_mixin.py:190} INFO - [2025-09-16T23:41:16.983+0000] {override.py:1911} INFO - Created Permission View: can read on DAG Run:example_short_circuit_decorator
[2025-09-16T23:41:16.984+0000] {logging_mixin.py:190} INFO - [2025-09-16T23:41:16.983+0000] {dag.py:3239} INFO - Sync 1 DAGs
[2025-09-16T23:41:16.992+0000] {logging_mixin.py:190} INFO - [2025-09-16T23:41:16.992+0000] {dag.py:3262} INFO - Creating ORM DAG for example_short_circuit_decorator
[2025-09-16T23:41:16.993+0000] {logging_mixin.py:190} INFO - [2025-09-16T23:41:16.993+0000] {dag.py:4180} INFO - Setting next_dagrun for example_short_circuit_decorator to None, run_after=None
[2025-09-16T23:41:17.006+0000] {processor.py:208} INFO - Processing /home/airflow/.local/lib/python3.12/site-packages/airflow/example_dags/example_short_circuit_decorator.py took 0.150 seconds
[2025-09-16T23:41:47.267+0000] {processor.py:186} INFO - Started process (PID=129) to work on /home/airflow/.local/lib/python3.12/site-packages/airflow/example_dags/example_short_circuit_decorator.py
[2025-09-16T23:41:47.268+0000] {processor.py:914} INFO - Processing file /home/airflow/.local/lib/python3.12/site-packages/airflow/example_dags/example_short_circuit_decorator.py for tasks to queue
[2025-09-16T23:41:47.270+0000] {logging_mixin.py:190} INFO - [2025-09-16T23:41:47.270+0000] {dagbag.py:588} INFO - Filling up the DagBag from /home/airflow/.local/lib/python3.12/site-packages/airflow/example_dags/example_short_circuit_decorator.py
[2025-09-16T23:41:47.276+0000] {processor.py:925} INFO - DAG(s) 'example_short_circuit_decorator' retrieved from /home/airflow/.local/lib/python3.12/site-packages/airflow/example_dags/example_short_circuit_decorator.py
[2025-09-16T23:41:47.288+0000] {logging_mixin.py:190} INFO - [2025-09-16T23:41:47.288+0000] {dag.py:3239} INFO - Sync 1 DAGs
[2025-09-16T23:41:47.299+0000] {logging_mixin.py:190} INFO - [2025-09-16T23:41:47.299+0000] {dag.py:4180} INFO - Setting next_dagrun for example_short_circuit_decorator to None, run_after=None
[2025-09-16T23:41:47.313+0000] {processor.py:208} INFO - Processing /home/airflow/.local/lib/python3.12/site-packages/airflow/example_dags/example_short_circuit_decorator.py took 0.049 seconds
[2025-09-16T23:42:17.664+0000] {processor.py:186} INFO - Started process (PID=192) to work on /home/airflow/.local/lib/python3.12/site-packages/airflow/example_dags/example_short_circuit_decorator.py
[2025-09-16T23:42:17.665+0000] {processor.py:914} INFO - Processing file /home/airflow/.local/lib/python3.12/site-packages/airflow/example_dags/example_short_circuit_decorator.py for tasks to queue
[2025-09-16T23:42:17.666+0000] {logging_mixin.py:190} INFO - [2025-09-16T23:42:17.666+0000] {dagbag.py:588} INFO - Filling up the DagBag from /home/airflow/.local/lib/python3.12/site-packages/airflow/example_dags/example_short_circuit_decorator.py
[2025-09-16T23:42:17.672+0000] {processor.py:925} INFO - DAG(s) 'example_short_circuit_decorator' retrieved from /home/airflow/.local/lib/python3.12/site-packages/airflow/example_dags/example_short_circuit_decorator.py
[2025-09-16T23:42:17.687+0000] {logging_mixin.py:190} INFO - [2025-09-16T23:42:17.687+0000] {dag.py:3239} INFO - Sync 1 DAGs
[2025-09-16T23:42:17.694+0000] {logging_mixin.py:190} INFO - [2025-09-16T23:42:17.694+0000] {dag.py:4180} INFO - Setting next_dagrun for example_short_circuit_decorator to None, run_after=None
[2025-09-16T23:42:17.708+0000] {processor.py:208} INFO - Processing /home/airflow/.local/lib/python3.12/site-packages/airflow/example_dags/example_short_circuit_decorator.py took 0.047 seconds
[2025-09-16T23:42:47.891+0000] {processor.py:186} INFO - Started process (PID=255) to work on /home/airflow/.local/lib/python3.12/site-packages/airflow/example_dags/example_short_circuit_decorator.py
[2025-09-16T23:42:47.892+0000] {processor.py:914} INFO - Processing file /home/airflow/.local/lib/python3.12/site-packages/airflow/example_dags/example_short_circuit_decorator.py for tasks to queue
[2025-09-16T23:42:47.893+0000] {logging_mixin.py:190} INFO - [2025-09-16T23:42:47.893+0000] {dagbag.py:588} INFO - Filling up the DagBag from /home/airflow/.local/lib/python3.12/site-packages/airflow/example_dags/example_short_circuit_decorator.py
[2025-09-16T23:42:47.899+0000] {processor.py:925} INFO - DAG(s) 'example_short_circuit_decorator' retrieved from /home/airflow/.local/lib/python3.12/site-packages/airflow/example_dags/example_short_circuit_decorator.py
[2025-09-16T23:42:47.911+0000] {logging_mixin.py:190} INFO - [2025-09-16T23:42:47.911+0000] {dag.py:3239} INFO - Sync 1 DAGs
[2025-09-16T23:42:47.917+0000] {logging_mixin.py:190} INFO - [2025-09-16T23:42:47.917+0000] {dag.py:4180} INFO - Setting next_dagrun for example_short_circuit_decorator to None, run_after=None
[2025-09-16T23:42:47.925+0000] {processor.py:208} INFO - Processing /home/airflow/.local/lib/python3.12/site-packages/airflow/example_dags/example_short_circuit_decorator.py took 0.037 seconds
[2025-09-16T23:43:18.706+0000] {processor.py:186} INFO - Started process (PID=317) to work on /home/airflow/.local/lib/python3.12/site-packages/airflow/example_dags/example_short_circuit_decorator.py
[2025-09-16T23:43:18.707+0000] {processor.py:914} INFO - Processing file /home/airflow/.local/lib/python3.12/site-packages/airflow/example_dags/example_short_circuit_decorator.py for tasks to queue
[2025-09-16T23:43:18.708+0000] {logging_mixin.py:190} INFO - [2025-09-16T23:43:18.708+0000] {dagbag.py:588} INFO - Filling up the DagBag from /home/airflow/.local/lib/python3.12/site-packages/airflow/example_dags/example_short_circuit_decorator.py
[2025-09-16T23:43:18.715+0000] {processor.py:925} INFO - DAG(s) 'example_short_circuit_decorator' retrieved from /home/airflow/.local/lib/python3.12/site-packages/airflow/example_dags/example_short_circuit_decorator.py
[2025-09-16T23:43:18.725+0000] {logging_mixin.py:190} INFO - [2025-09-16T23:43:18.725+0000] {dag.py:3239} INFO - Sync 1 DAGs
[2025-09-16T23:43:18.732+0000] {logging_mixin.py:190} INFO - [2025-09-16T23:43:18.732+0000] {dag.py:4180} INFO - Setting next_dagrun for example_short_circuit_decorator to None, run_after=None
[2025-09-16T23:43:18.740+0000] {processor.py:208} INFO - Processing /home/airflow/.local/lib/python3.12/site-packages/airflow/example_dags/example_short_circuit_decorator.py took 0.037 seconds
[2025-09-16T23:43:49.288+0000] {processor.py:186} INFO - Started process (PID=380) to work on /home/airflow/.local/lib/python3.12/site-packages/airflow/example_dags/example_short_circuit_decorator.py
[2025-09-16T23:43:49.289+0000] {processor.py:914} INFO - Processing file /home/airflow/.local/lib/python3.12/site-packages/airflow/example_dags/example_short_circuit_decorator.py for tasks to queue
[2025-09-16T23:43:49.292+0000] {logging_mixin.py:190} INFO - [2025-09-16T23:43:49.291+0000] {dagbag.py:588} INFO - Filling up the DagBag from /home/airflow/.local/lib/python3.12/site-packages/airflow/example_dags/example_short_circuit_decorator.py
[2025-09-16T23:43:49.297+0000] {processor.py:925} INFO - DAG(s) 'example_short_circuit_decorator' retrieved from /home/airflow/.local/lib/python3.12/site-packages/airflow/example_dags/example_short_circuit_decorator.py
[2025-09-16T23:43:49.307+0000] {logging_mixin.py:190} INFO - [2025-09-16T23:43:49.307+0000] {dag.py:3239} INFO - Sync 1 DAGs
[2025-09-16T23:43:49.314+0000] {logging_mixin.py:190} INFO - [2025-09-16T23:43:49.314+0000] {dag.py:4180} INFO - Setting next_dagrun for example_short_circuit_decorator to None, run_after=None
[2025-09-16T23:43:49.321+0000] {processor.py:208} INFO - Processing /home/airflow/.local/lib/python3.12/site-packages/airflow/example_dags/example_short_circuit_decorator.py took 0.037 seconds
[2025-09-16T23:44:20.081+0000] {processor.py:186} INFO - Started process (PID=449) to work on /home/airflow/.local/lib/python3.12/site-packages/airflow/example_dags/example_short_circuit_decorator.py
[2025-09-16T23:44:20.087+0000] {processor.py:914} INFO - Processing file /home/airflow/.local/lib/python3.12/site-packages/airflow/example_dags/example_short_circuit_decorator.py for tasks to queue
[2025-09-16T23:44:20.089+0000] {logging_mixin.py:190} INFO - [2025-09-16T23:44:20.089+0000] {dagbag.py:588} INFO - Filling up the DagBag from /home/airflow/.local/lib/python3.12/site-packages/airflow/example_dags/example_short_circuit_decorator.py
[2025-09-16T23:44:20.095+0000] {processor.py:925} INFO - DAG(s) 'example_short_circuit_decorator' retrieved from /home/airflow/.local/lib/python3.12/site-packages/airflow/example_dags/example_short_circuit_decorator.py
[2025-09-16T23:44:20.106+0000] {logging_mixin.py:190} INFO - [2025-09-16T23:44:20.106+0000] {dag.py:3239} INFO - Sync 1 DAGs
[2025-09-16T23:44:20.112+0000] {logging_mixin.py:190} INFO - [2025-09-16T23:44:20.112+0000] {dag.py:4180} INFO - Setting next_dagrun for example_short_circuit_decorator to None, run_after=None
[2025-09-16T23:44:20.124+0000] {processor.py:208} INFO - Processing /home/airflow/.local/lib/python3.12/site-packages/airflow/example_dags/example_short_circuit_decorator.py took 0.047 seconds
[2025-09-16T23:44:50.764+0000] {processor.py:186} INFO - Started process (PID=512) to work on /home/airflow/.local/lib/python3.12/site-packages/airflow/example_dags/example_short_circuit_decorator.py
[2025-09-16T23:44:50.765+0000] {processor.py:914} INFO - Processing file /home/airflow/.local/lib/python3.12/site-packages/airflow/example_dags/example_short_circuit_decorator.py for tasks to queue
[2025-09-16T23:44:50.766+0000] {logging_mixin.py:190} INFO - [2025-09-16T23:44:50.766+0000] {dagbag.py:588} INFO - Filling up the DagBag from /home/airflow/.local/lib/python3.12/site-packages/airflow/example_dags/example_short_circuit_decorator.py
[2025-09-16T23:44:50.771+0000] {processor.py:925} INFO - DAG(s) 'example_short_circuit_decorator' retrieved from /home/airflow/.local/lib/python3.12/site-packages/airflow/example_dags/example_short_circuit_decorator.py
[2025-09-16T23:44:50.782+0000] {logging_mixin.py:190} INFO - [2025-09-16T23:44:50.782+0000] {dag.py:3239} INFO - Sync 1 DAGs
[2025-09-16T23:44:50.790+0000] {logging_mixin.py:190} INFO - [2025-09-16T23:44:50.790+0000] {dag.py:4180} INFO - Setting next_dagrun for example_short_circuit_decorator to None, run_after=None
[2025-09-16T23:44:50.803+0000] {processor.py:208} INFO - Processing /home/airflow/.local/lib/python3.12/site-packages/airflow/example_dags/example_short_circuit_decorator.py took 0.042 seconds
[2025-09-16T23:45:21.034+0000] {processor.py:186} INFO - Started process (PID=575) to work on /home/airflow/.local/lib/python3.12/site-packages/airflow/example_dags/example_short_circuit_decorator.py
[2025-09-16T23:45:21.036+0000] {processor.py:914} INFO - Processing file /home/airflow/.local/lib/python3.12/site-packages/airflow/example_dags/example_short_circuit_decorator.py for tasks to queue
[2025-09-16T23:45:21.040+0000] {logging_mixin.py:190} INFO - [2025-09-16T23:45:21.039+0000] {dagbag.py:588} INFO - Filling up the DagBag from /home/airflow/.local/lib/python3.12/site-packages/airflow/example_dags/example_short_circuit_decorator.py
[2025-09-16T23:45:21.046+0000] {processor.py:925} INFO - DAG(s) 'example_short_circuit_decorator' retrieved from /home/airflow/.local/lib/python3.12/site-packages/airflow/example_dags/example_short_circuit_decorator.py
[2025-09-16T23:45:21.062+0000] {logging_mixin.py:190} INFO - [2025-09-16T23:45:21.061+0000] {dag.py:3239} INFO - Sync 1 DAGs
[2025-09-16T23:45:21.069+0000] {logging_mixin.py:190} INFO - [2025-09-16T23:45:21.069+0000] {dag.py:4180} INFO - Setting next_dagrun for example_short_circuit_decorator to None, run_after=None
[2025-09-16T23:45:21.079+0000] {processor.py:208} INFO - Processing /home/airflow/.local/lib/python3.12/site-packages/airflow/example_dags/example_short_circuit_decorator.py took 0.056 seconds
[2025-09-16T23:45:51.808+0000] {processor.py:186} INFO - Started process (PID=638) to work on /home/airflow/.local/lib/python3.12/site-packages/airflow/example_dags/example_short_circuit_decorator.py
[2025-09-16T23:45:51.809+0000] {processor.py:914} INFO - Processing file /home/airflow/.local/lib/python3.12/site-packages/airflow/example_dags/example_short_circuit_decorator.py for tasks to queue
[2025-09-16T23:45:51.810+0000] {logging_mixin.py:190} INFO - [2025-09-16T23:45:51.810+0000] {dagbag.py:588} INFO - Filling up the DagBag from /home/airflow/.local/lib/python3.12/site-packages/airflow/example_dags/example_short_circuit_decorator.py
[2025-09-16T23:45:51.816+0000] {processor.py:925} INFO - DAG(s) 'example_short_circuit_decorator' retrieved from /home/airflow/.local/lib/python3.12/site-packages/airflow/example_dags/example_short_circuit_decorator.py
[2025-09-16T23:45:51.828+0000] {logging_mixin.py:190} INFO - [2025-09-16T23:45:51.828+0000] {dag.py:3239} INFO - Sync 1 DAGs
[2025-09-16T23:45:51.835+0000] {logging_mixin.py:190} INFO - [2025-09-16T23:45:51.834+0000] {dag.py:4180} INFO - Setting next_dagrun for example_short_circuit_decorator to None, run_after=None
[2025-09-16T23:45:51.843+0000] {processor.py:208} INFO - Processing /home/airflow/.local/lib/python3.12/site-packages/airflow/example_dags/example_short_circuit_decorator.py took 0.039 seconds
[2025-09-16T23:46:22.334+0000] {processor.py:186} INFO - Started process (PID=701) to work on /home/airflow/.local/lib/python3.12/site-packages/airflow/example_dags/example_short_circuit_decorator.py
[2025-09-16T23:46:22.335+0000] {processor.py:914} INFO - Processing file /home/airflow/.local/lib/python3.12/site-packages/airflow/example_dags/example_short_circuit_decorator.py for tasks to queue
[2025-09-16T23:46:22.336+0000] {logging_mixin.py:190} INFO - [2025-09-16T23:46:22.336+0000] {dagbag.py:588} INFO - Filling up the DagBag from /home/airflow/.local/lib/python3.12/site-packages/airflow/example_dags/example_short_circuit_decorator.py
[2025-09-16T23:46:22.341+0000] {processor.py:925} INFO - DAG(s) 'example_short_circuit_decorator' retrieved from /home/airflow/.local/lib/python3.12/site-packages/airflow/example_dags/example_short_circuit_decorator.py
[2025-09-16T23:46:22.352+0000] {logging_mixin.py:190} INFO - [2025-09-16T23:46:22.352+0000] {dag.py:3239} INFO - Sync 1 DAGs
[2025-09-16T23:46:22.359+0000] {logging_mixin.py:190} INFO - [2025-09-16T23:46:22.359+0000] {dag.py:4180} INFO - Setting next_dagrun for example_short_circuit_decorator to None, run_after=None
[2025-09-16T23:46:22.369+0000] {processor.py:208} INFO - Processing /home/airflow/.local/lib/python3.12/site-packages/airflow/example_dags/example_short_circuit_decorator.py took 0.038 seconds
[2025-09-16T23:46:52.979+0000] {processor.py:186} INFO - Started process (PID=764) to work on /home/airflow/.local/lib/python3.12/site-packages/airflow/example_dags/example_short_circuit_decorator.py
[2025-09-16T23:46:52.980+0000] {processor.py:914} INFO - Processing file /home/airflow/.local/lib/python3.12/site-packages/airflow/example_dags/example_short_circuit_decorator.py for tasks to queue
[2025-09-16T23:46:52.982+0000] {logging_mixin.py:190} INFO - [2025-09-16T23:46:52.981+0000] {dagbag.py:588} INFO - Filling up the DagBag from /home/airflow/.local/lib/python3.12/site-packages/airflow/example_dags/example_short_circuit_decorator.py
[2025-09-16T23:46:52.987+0000] {processor.py:925} INFO - DAG(s) 'example_short_circuit_decorator' retrieved from /home/airflow/.local/lib/python3.12/site-packages/airflow/example_dags/example_short_circuit_decorator.py
[2025-09-16T23:46:52.999+0000] {logging_mixin.py:190} INFO - [2025-09-16T23:46:52.999+0000] {dag.py:3239} INFO - Sync 1 DAGs
[2025-09-16T23:46:53.009+0000] {logging_mixin.py:190} INFO - [2025-09-16T23:46:53.009+0000] {dag.py:4180} INFO - Setting next_dagrun for example_short_circuit_decorator to None, run_after=None
[2025-09-16T23:46:53.020+0000] {processor.py:208} INFO - Processing /home/airflow/.local/lib/python3.12/site-packages/airflow/example_dags/example_short_circuit_decorator.py took 0.044 seconds
[2025-09-16T23:47:23.732+0000] {processor.py:186} INFO - Started process (PID=827) to work on /home/airflow/.local/lib/python3.12/site-packages/airflow/example_dags/example_short_circuit_decorator.py
[2025-09-16T23:47:23.733+0000] {processor.py:914} INFO - Processing file /home/airflow/.local/lib/python3.12/site-packages/airflow/example_dags/example_short_circuit_decorator.py for tasks to queue
[2025-09-16T23:47:23.734+0000] {logging_mixin.py:190} INFO - [2025-09-16T23:47:23.734+0000] {dagbag.py:588} INFO - Filling up the DagBag from /home/airflow/.local/lib/python3.12/site-packages/airflow/example_dags/example_short_circuit_decorator.py
[2025-09-16T23:47:23.739+0000] {processor.py:925} INFO - DAG(s) 'example_short_circuit_decorator' retrieved from /home/airflow/.local/lib/python3.12/site-packages/airflow/example_dags/example_short_circuit_decorator.py
[2025-09-16T23:47:23.750+0000] {logging_mixin.py:190} INFO - [2025-09-16T23:47:23.750+0000] {dag.py:3239} INFO - Sync 1 DAGs
[2025-09-16T23:47:23.756+0000] {logging_mixin.py:190} INFO - [2025-09-16T23:47:23.756+0000] {dag.py:4180} INFO - Setting next_dagrun for example_short_circuit_decorator to None, run_after=None
[2025-09-16T23:47:23.765+0000] {processor.py:208} INFO - Processing /home/airflow/.local/lib/python3.12/site-packages/airflow/example_dags/example_short_circuit_decorator.py took 0.036 seconds
[2025-09-16T23:47:54.222+0000] {processor.py:186} INFO - Started process (PID=890) to work on /home/airflow/.local/lib/python3.12/site-packages/airflow/example_dags/example_short_circuit_decorator.py
[2025-09-16T23:47:54.224+0000] {processor.py:914} INFO - Processing file /home/airflow/.local/lib/python3.12/site-packages/airflow/example_dags/example_short_circuit_decorator.py for tasks to queue
[2025-09-16T23:47:54.225+0000] {logging_mixin.py:190} INFO - [2025-09-16T23:47:54.225+0000] {dagbag.py:588} INFO - Filling up the DagBag from /home/airflow/.local/lib/python3.12/site-packages/airflow/example_dags/example_short_circuit_decorator.py
[2025-09-16T23:47:54.232+0000] {processor.py:925} INFO - DAG(s) 'example_short_circuit_decorator' retrieved from /home/airflow/.local/lib/python3.12/site-packages/airflow/example_dags/example_short_circuit_decorator.py
[2025-09-16T23:47:54.246+0000] {logging_mixin.py:190} INFO - [2025-09-16T23:47:54.246+0000] {dag.py:3239} INFO - Sync 1 DAGs
[2025-09-16T23:47:54.255+0000] {logging_mixin.py:190} INFO - [2025-09-16T23:47:54.255+0000] {dag.py:4180} INFO - Setting next_dagrun for example_short_circuit_decorator to None, run_after=None
[2025-09-16T23:47:54.263+0000] {processor.py:208} INFO - Processing /home/airflow/.local/lib/python3.12/site-packages/airflow/example_dags/example_short_circuit_decorator.py took 0.045 seconds
[2025-09-16T23:48:24.283+0000] {processor.py:186} INFO - Started process (PID=953) to work on /home/airflow/.local/lib/python3.12/site-packages/airflow/example_dags/example_short_circuit_decorator.py
[2025-09-16T23:48:24.285+0000] {processor.py:914} INFO - Processing file /home/airflow/.local/lib/python3.12/site-packages/airflow/example_dags/example_short_circuit_decorator.py for tasks to queue
[2025-09-16T23:48:24.287+0000] {logging_mixin.py:190} INFO - [2025-09-16T23:48:24.286+0000] {dagbag.py:588} INFO - Filling up the DagBag from /home/airflow/.local/lib/python3.12/site-packages/airflow/example_dags/example_short_circuit_decorator.py
[2025-09-16T23:48:24.291+0000] {processor.py:925} INFO - DAG(s) 'example_short_circuit_decorator' retrieved from /home/airflow/.local/lib/python3.12/site-packages/airflow/example_dags/example_short_circuit_decorator.py
[2025-09-16T23:48:24.309+0000] {logging_mixin.py:190} INFO - [2025-09-16T23:48:24.309+0000] {dag.py:3239} INFO - Sync 1 DAGs
[2025-09-16T23:48:24.328+0000] {logging_mixin.py:190} INFO - [2025-09-16T23:48:24.328+0000] {dag.py:4180} INFO - Setting next_dagrun for example_short_circuit_decorator to None, run_after=None
[2025-09-16T23:48:24.343+0000] {processor.py:208} INFO - Processing /home/airflow/.local/lib/python3.12/site-packages/airflow/example_dags/example_short_circuit_decorator.py took 0.063 seconds
[2025-09-16T23:48:55.112+0000] {processor.py:186} INFO - Started process (PID=1016) to work on /home/airflow/.local/lib/python3.12/site-packages/airflow/example_dags/example_short_circuit_decorator.py
[2025-09-16T23:48:55.113+0000] {processor.py:914} INFO - Processing file /home/airflow/.local/lib/python3.12/site-packages/airflow/example_dags/example_short_circuit_decorator.py for tasks to queue
[2025-09-16T23:48:55.114+0000] {logging_mixin.py:190} INFO - [2025-09-16T23:48:55.114+0000] {dagbag.py:588} INFO - Filling up the DagBag from /home/airflow/.local/lib/python3.12/site-packages/airflow/example_dags/example_short_circuit_decorator.py
[2025-09-16T23:48:55.120+0000] {processor.py:925} INFO - DAG(s) 'example_short_circuit_decorator' retrieved from /home/airflow/.local/lib/python3.12/site-packages/airflow/example_dags/example_short_circuit_decorator.py
[2025-09-16T23:48:55.135+0000] {logging_mixin.py:190} INFO - [2025-09-16T23:48:55.135+0000] {dag.py:3239} INFO - Sync 1 DAGs
[2025-09-16T23:48:55.145+0000] {logging_mixin.py:190} INFO - [2025-09-16T23:48:55.145+0000] {dag.py:4180} INFO - Setting next_dagrun for example_short_circuit_decorator to None, run_after=None
[2025-09-16T23:48:55.153+0000] {processor.py:208} INFO - Processing /home/airflow/.local/lib/python3.12/site-packages/airflow/example_dags/example_short_circuit_decorator.py took 0.046 seconds
[2025-09-16T23:49:25.985+0000] {processor.py:186} INFO - Started process (PID=1079) to work on /home/airflow/.local/lib/python3.12/site-packages/airflow/example_dags/example_short_circuit_decorator.py
[2025-09-16T23:49:25.986+0000] {processor.py:914} INFO - Processing file /home/airflow/.local/lib/python3.12/site-packages/airflow/example_dags/example_short_circuit_decorator.py for tasks to queue
[2025-09-16T23:49:25.988+0000] {logging_mixin.py:190} INFO - [2025-09-16T23:49:25.988+0000] {dagbag.py:588} INFO - Filling up the DagBag from /home/airflow/.local/lib/python3.12/site-packages/airflow/example_dags/example_short_circuit_decorator.py
[2025-09-16T23:49:25.995+0000] {processor.py:925} INFO - DAG(s) 'example_short_circuit_decorator' retrieved from /home/airflow/.local/lib/python3.12/site-packages/airflow/example_dags/example_short_circuit_decorator.py
[2025-09-16T23:49:26.008+0000] {logging_mixin.py:190} INFO - [2025-09-16T23:49:26.008+0000] {dag.py:3239} INFO - Sync 1 DAGs
[2025-09-16T23:49:26.019+0000] {logging_mixin.py:190} INFO - [2025-09-16T23:49:26.019+0000] {dag.py:4180} INFO - Setting next_dagrun for example_short_circuit_decorator to None, run_after=None
[2025-09-16T23:49:26.029+0000] {processor.py:208} INFO - Processing /home/airflow/.local/lib/python3.12/site-packages/airflow/example_dags/example_short_circuit_decorator.py took 0.047 seconds
[2025-09-16T23:49:56.450+0000] {processor.py:186} INFO - Started process (PID=1142) to work on /home/airflow/.local/lib/python3.12/site-packages/airflow/example_dags/example_short_circuit_decorator.py
[2025-09-16T23:49:56.450+0000] {processor.py:914} INFO - Processing file /home/airflow/.local/lib/python3.12/site-packages/airflow/example_dags/example_short_circuit_decorator.py for tasks to queue
[2025-09-16T23:49:56.452+0000] {logging_mixin.py:190} INFO - [2025-09-16T23:49:56.452+0000] {dagbag.py:588} INFO - Filling up the DagBag from /home/airflow/.local/lib/python3.12/site-packages/airflow/example_dags/example_short_circuit_decorator.py
[2025-09-16T23:49:56.457+0000] {processor.py:925} INFO - DAG(s) 'example_short_circuit_decorator' retrieved from /home/airflow/.local/lib/python3.12/site-packages/airflow/example_dags/example_short_circuit_decorator.py
[2025-09-16T23:49:56.471+0000] {logging_mixin.py:190} INFO - [2025-09-16T23:49:56.471+0000] {dag.py:3239} INFO - Sync 1 DAGs
[2025-09-16T23:49:56.480+0000] {logging_mixin.py:190} INFO - [2025-09-16T23:49:56.479+0000] {dag.py:4180} INFO - Setting next_dagrun for example_short_circuit_decorator to None, run_after=None
[2025-09-16T23:49:56.489+0000] {processor.py:208} INFO - Processing /home/airflow/.local/lib/python3.12/site-packages/airflow/example_dags/example_short_circuit_decorator.py took 0.045 seconds
[2025-09-16T23:50:26.930+0000] {processor.py:186} INFO - Started process (PID=1205) to work on /home/airflow/.local/lib/python3.12/site-packages/airflow/example_dags/example_short_circuit_decorator.py
[2025-09-16T23:50:26.930+0000] {processor.py:914} INFO - Processing file /home/airflow/.local/lib/python3.12/site-packages/airflow/example_dags/example_short_circuit_decorator.py for tasks to queue
[2025-09-16T23:50:26.932+0000] {logging_mixin.py:190} INFO - [2025-09-16T23:50:26.931+0000] {dagbag.py:588} INFO - Filling up the DagBag from /home/airflow/.local/lib/python3.12/site-packages/airflow/example_dags/example_short_circuit_decorator.py
[2025-09-16T23:50:26.937+0000] {processor.py:925} INFO - DAG(s) 'example_short_circuit_decorator' retrieved from /home/airflow/.local/lib/python3.12/site-packages/airflow/example_dags/example_short_circuit_decorator.py
[2025-09-16T23:50:26.948+0000] {logging_mixin.py:190} INFO - [2025-09-16T23:50:26.948+0000] {dag.py:3239} INFO - Sync 1 DAGs
[2025-09-16T23:50:26.955+0000] {logging_mixin.py:190} INFO - [2025-09-16T23:50:26.954+0000] {dag.py:4180} INFO - Setting next_dagrun for example_short_circuit_decorator to None, run_after=None
[2025-09-16T23:50:26.964+0000] {processor.py:208} INFO - Processing /home/airflow/.local/lib/python3.12/site-packages/airflow/example_dags/example_short_circuit_decorator.py took 0.038 seconds
[2025-09-16T23:50:58.050+0000] {processor.py:186} INFO - Started process (PID=1268) to work on /home/airflow/.local/lib/python3.12/site-packages/airflow/example_dags/example_short_circuit_decorator.py
[2025-09-16T23:50:58.050+0000] {processor.py:914} INFO - Processing file /home/airflow/.local/lib/python3.12/site-packages/airflow/example_dags/example_short_circuit_decorator.py for tasks to queue
[2025-09-16T23:50:58.052+0000] {logging_mixin.py:190} INFO - [2025-09-16T23:50:58.052+0000] {dagbag.py:588} INFO - Filling up the DagBag from /home/airflow/.local/lib/python3.12/site-packages/airflow/example_dags/example_short_circuit_decorator.py
[2025-09-16T23:50:58.058+0000] {processor.py:925} INFO - DAG(s) 'example_short_circuit_decorator' retrieved from /home/airflow/.local/lib/python3.12/site-packages/airflow/example_dags/example_short_circuit_decorator.py
[2025-09-16T23:50:58.081+0000] {logging_mixin.py:190} INFO - [2025-09-16T23:50:58.081+0000] {dag.py:3239} INFO - Sync 1 DAGs
[2025-09-16T23:50:58.089+0000] {logging_mixin.py:190} INFO - [2025-09-16T23:50:58.089+0000] {dag.py:4180} INFO - Setting next_dagrun for example_short_circuit_decorator to None, run_after=None
[2025-09-16T23:50:58.101+0000] {processor.py:208} INFO - Processing /home/airflow/.local/lib/python3.12/site-packages/airflow/example_dags/example_short_circuit_decorator.py took 0.055 seconds
[2025-09-16T23:51:28.403+0000] {processor.py:186} INFO - Started process (PID=1331) to work on /home/airflow/.local/lib/python3.12/site-packages/airflow/example_dags/example_short_circuit_decorator.py
[2025-09-16T23:51:28.405+0000] {processor.py:914} INFO - Processing file /home/airflow/.local/lib/python3.12/site-packages/airflow/example_dags/example_short_circuit_decorator.py for tasks to queue
[2025-09-16T23:51:28.407+0000] {logging_mixin.py:190} INFO - [2025-09-16T23:51:28.407+0000] {dagbag.py:588} INFO - Filling up the DagBag from /home/airflow/.local/lib/python3.12/site-packages/airflow/example_dags/example_short_circuit_decorator.py
[2025-09-16T23:51:28.413+0000] {processor.py:925} INFO - DAG(s) 'example_short_circuit_decorator' retrieved from /home/airflow/.local/lib/python3.12/site-packages/airflow/example_dags/example_short_circuit_decorator.py
[2025-09-16T23:51:28.442+0000] {logging_mixin.py:190} INFO - [2025-09-16T23:51:28.442+0000] {dag.py:3239} INFO - Sync 1 DAGs
[2025-09-16T23:51:28.449+0000] {logging_mixin.py:190} INFO - [2025-09-16T23:51:28.449+0000] {dag.py:4180} INFO - Setting next_dagrun for example_short_circuit_decorator to None, run_after=None
[2025-09-16T23:51:28.457+0000] {processor.py:208} INFO - Processing /home/airflow/.local/lib/python3.12/site-packages/airflow/example_dags/example_short_circuit_decorator.py took 0.057 seconds
[2025-09-16T23:51:58.903+0000] {processor.py:186} INFO - Started process (PID=1394) to work on /home/airflow/.local/lib/python3.12/site-packages/airflow/example_dags/example_short_circuit_decorator.py
[2025-09-16T23:51:58.906+0000] {processor.py:914} INFO - Processing file /home/airflow/.local/lib/python3.12/site-packages/airflow/example_dags/example_short_circuit_decorator.py for tasks to queue
[2025-09-16T23:51:58.907+0000] {logging_mixin.py:190} INFO - [2025-09-16T23:51:58.907+0000] {dagbag.py:588} INFO - Filling up the DagBag from /home/airflow/.local/lib/python3.12/site-packages/airflow/example_dags/example_short_circuit_decorator.py
[2025-09-16T23:51:58.912+0000] {processor.py:925} INFO - DAG(s) 'example_short_circuit_decorator' retrieved from /home/airflow/.local/lib/python3.12/site-packages/airflow/example_dags/example_short_circuit_decorator.py
[2025-09-16T23:51:58.924+0000] {logging_mixin.py:190} INFO - [2025-09-16T23:51:58.924+0000] {dag.py:3239} INFO - Sync 1 DAGs
[2025-09-16T23:51:58.931+0000] {logging_mixin.py:190} INFO - [2025-09-16T23:51:58.931+0000] {dag.py:4180} INFO - Setting next_dagrun for example_short_circuit_decorator to None, run_after=None
[2025-09-16T23:51:58.941+0000] {processor.py:208} INFO - Processing /home/airflow/.local/lib/python3.12/site-packages/airflow/example_dags/example_short_circuit_decorator.py took 0.041 seconds
[2025-09-16T23:52:29.147+0000] {processor.py:186} INFO - Started process (PID=1457) to work on /home/airflow/.local/lib/python3.12/site-packages/airflow/example_dags/example_short_circuit_decorator.py
[2025-09-16T23:52:29.150+0000] {processor.py:914} INFO - Processing file /home/airflow/.local/lib/python3.12/site-packages/airflow/example_dags/example_short_circuit_decorator.py for tasks to queue
[2025-09-16T23:52:29.151+0000] {logging_mixin.py:190} INFO - [2025-09-16T23:52:29.151+0000] {dagbag.py:588} INFO - Filling up the DagBag from /home/airflow/.local/lib/python3.12/site-packages/airflow/example_dags/example_short_circuit_decorator.py
[2025-09-16T23:52:29.156+0000] {processor.py:925} INFO - DAG(s) 'example_short_circuit_decorator' retrieved from /home/airflow/.local/lib/python3.12/site-packages/airflow/example_dags/example_short_circuit_decorator.py
[2025-09-16T23:52:29.176+0000] {logging_mixin.py:190} INFO - [2025-09-16T23:52:29.176+0000] {dag.py:3239} INFO - Sync 1 DAGs
[2025-09-16T23:52:29.184+0000] {logging_mixin.py:190} INFO - [2025-09-16T23:52:29.184+0000] {dag.py:4180} INFO - Setting next_dagrun for example_short_circuit_decorator to None, run_after=None
[2025-09-16T23:52:29.192+0000] {processor.py:208} INFO - Processing /home/airflow/.local/lib/python3.12/site-packages/airflow/example_dags/example_short_circuit_decorator.py took 0.048 seconds
[2025-09-16T23:52:59.624+0000] {processor.py:186} INFO - Started process (PID=1520) to work on /home/airflow/.local/lib/python3.12/site-packages/airflow/example_dags/example_short_circuit_decorator.py
[2025-09-16T23:52:59.627+0000] {processor.py:914} INFO - Processing file /home/airflow/.local/lib/python3.12/site-packages/airflow/example_dags/example_short_circuit_decorator.py for tasks to queue
[2025-09-16T23:52:59.629+0000] {logging_mixin.py:190} INFO - [2025-09-16T23:52:59.629+0000] {dagbag.py:588} INFO - Filling up the DagBag from /home/airflow/.local/lib/python3.12/site-packages/airflow/example_dags/example_short_circuit_decorator.py
[2025-09-16T23:52:59.634+0000] {processor.py:925} INFO - DAG(s) 'example_short_circuit_decorator' retrieved from /home/airflow/.local/lib/python3.12/site-packages/airflow/example_dags/example_short_circuit_decorator.py
[2025-09-16T23:52:59.646+0000] {logging_mixin.py:190} INFO - [2025-09-16T23:52:59.646+0000] {dag.py:3239} INFO - Sync 1 DAGs
[2025-09-16T23:52:59.654+0000] {logging_mixin.py:190} INFO - [2025-09-16T23:52:59.653+0000] {dag.py:4180} INFO - Setting next_dagrun for example_short_circuit_decorator to None, run_after=None
[2025-09-16T23:52:59.661+0000] {processor.py:208} INFO - Processing /home/airflow/.local/lib/python3.12/site-packages/airflow/example_dags/example_short_circuit_decorator.py took 0.040 seconds
[2025-09-16T23:53:30.054+0000] {processor.py:186} INFO - Started process (PID=1583) to work on /home/airflow/.local/lib/python3.12/site-packages/airflow/example_dags/example_short_circuit_decorator.py
[2025-09-16T23:53:30.056+0000] {processor.py:914} INFO - Processing file /home/airflow/.local/lib/python3.12/site-packages/airflow/example_dags/example_short_circuit_decorator.py for tasks to queue
[2025-09-16T23:53:30.058+0000] {logging_mixin.py:190} INFO - [2025-09-16T23:53:30.058+0000] {dagbag.py:588} INFO - Filling up the DagBag from /home/airflow/.local/lib/python3.12/site-packages/airflow/example_dags/example_short_circuit_decorator.py
[2025-09-16T23:53:30.063+0000] {processor.py:925} INFO - DAG(s) 'example_short_circuit_decorator' retrieved from /home/airflow/.local/lib/python3.12/site-packages/airflow/example_dags/example_short_circuit_decorator.py
[2025-09-16T23:53:30.075+0000] {logging_mixin.py:190} INFO - [2025-09-16T23:53:30.075+0000] {dag.py:3239} INFO - Sync 1 DAGs
[2025-09-16T23:53:30.083+0000] {logging_mixin.py:190} INFO - [2025-09-16T23:53:30.083+0000] {dag.py:4180} INFO - Setting next_dagrun for example_short_circuit_decorator to None, run_after=None
[2025-09-16T23:53:30.091+0000] {processor.py:208} INFO - Processing /home/airflow/.local/lib/python3.12/site-packages/airflow/example_dags/example_short_circuit_decorator.py took 0.040 seconds
[2025-09-16T23:54:00.462+0000] {processor.py:186} INFO - Started process (PID=1646) to work on /home/airflow/.local/lib/python3.12/site-packages/airflow/example_dags/example_short_circuit_decorator.py
[2025-09-16T23:54:00.463+0000] {processor.py:914} INFO - Processing file /home/airflow/.local/lib/python3.12/site-packages/airflow/example_dags/example_short_circuit_decorator.py for tasks to queue
[2025-09-16T23:54:00.465+0000] {logging_mixin.py:190} INFO - [2025-09-16T23:54:00.465+0000] {dagbag.py:588} INFO - Filling up the DagBag from /home/airflow/.local/lib/python3.12/site-packages/airflow/example_dags/example_short_circuit_decorator.py
[2025-09-16T23:54:00.471+0000] {processor.py:925} INFO - DAG(s) 'example_short_circuit_decorator' retrieved from /home/airflow/.local/lib/python3.12/site-packages/airflow/example_dags/example_short_circuit_decorator.py
[2025-09-16T23:54:00.485+0000] {logging_mixin.py:190} INFO - [2025-09-16T23:54:00.484+0000] {dag.py:3239} INFO - Sync 1 DAGs
[2025-09-16T23:54:00.495+0000] {logging_mixin.py:190} INFO - [2025-09-16T23:54:00.495+0000] {dag.py:4180} INFO - Setting next_dagrun for example_short_circuit_decorator to None, run_after=None
[2025-09-16T23:54:00.505+0000] {processor.py:208} INFO - Processing /home/airflow/.local/lib/python3.12/site-packages/airflow/example_dags/example_short_circuit_decorator.py took 0.048 seconds
[2025-09-16T23:54:30.945+0000] {processor.py:186} INFO - Started process (PID=1709) to work on /home/airflow/.local/lib/python3.12/site-packages/airflow/example_dags/example_short_circuit_decorator.py
[2025-09-16T23:54:30.945+0000] {processor.py:914} INFO - Processing file /home/airflow/.local/lib/python3.12/site-packages/airflow/example_dags/example_short_circuit_decorator.py for tasks to queue
[2025-09-16T23:54:30.947+0000] {logging_mixin.py:190} INFO - [2025-09-16T23:54:30.947+0000] {dagbag.py:588} INFO - Filling up the DagBag from /home/airflow/.local/lib/python3.12/site-packages/airflow/example_dags/example_short_circuit_decorator.py
[2025-09-16T23:54:30.953+0000] {processor.py:925} INFO - DAG(s) 'example_short_circuit_decorator' retrieved from /home/airflow/.local/lib/python3.12/site-packages/airflow/example_dags/example_short_circuit_decorator.py
[2025-09-16T23:54:30.964+0000] {logging_mixin.py:190} INFO - [2025-09-16T23:54:30.964+0000] {dag.py:3239} INFO - Sync 1 DAGs
[2025-09-16T23:54:30.982+0000] {logging_mixin.py:190} INFO - [2025-09-16T23:54:30.982+0000] {dag.py:4180} INFO - Setting next_dagrun for example_short_circuit_decorator to None, run_after=None
[2025-09-16T23:54:30.993+0000] {processor.py:208} INFO - Processing /home/airflow/.local/lib/python3.12/site-packages/airflow/example_dags/example_short_circuit_decorator.py took 0.052 seconds
[2025-09-16T23:55:01.704+0000] {processor.py:186} INFO - Started process (PID=1772) to work on /home/airflow/.local/lib/python3.12/site-packages/airflow/example_dags/example_short_circuit_decorator.py
[2025-09-16T23:55:01.705+0000] {processor.py:914} INFO - Processing file /home/airflow/.local/lib/python3.12/site-packages/airflow/example_dags/example_short_circuit_decorator.py for tasks to queue
[2025-09-16T23:55:01.706+0000] {logging_mixin.py:190} INFO - [2025-09-16T23:55:01.706+0000] {dagbag.py:588} INFO - Filling up the DagBag from /home/airflow/.local/lib/python3.12/site-packages/airflow/example_dags/example_short_circuit_decorator.py
[2025-09-16T23:55:01.711+0000] {processor.py:925} INFO - DAG(s) 'example_short_circuit_decorator' retrieved from /home/airflow/.local/lib/python3.12/site-packages/airflow/example_dags/example_short_circuit_decorator.py
[2025-09-16T23:55:01.724+0000] {logging_mixin.py:190} INFO - [2025-09-16T23:55:01.724+0000] {dag.py:3239} INFO - Sync 1 DAGs
[2025-09-16T23:55:01.734+0000] {logging_mixin.py:190} INFO - [2025-09-16T23:55:01.734+0000] {dag.py:4180} INFO - Setting next_dagrun for example_short_circuit_decorator to None, run_after=None
[2025-09-16T23:55:01.742+0000] {processor.py:208} INFO - Processing /home/airflow/.local/lib/python3.12/site-packages/airflow/example_dags/example_short_circuit_decorator.py took 0.041 seconds
[2025-09-16T23:55:31.866+0000] {processor.py:186} INFO - Started process (PID=1835) to work on /home/airflow/.local/lib/python3.12/site-packages/airflow/example_dags/example_short_circuit_decorator.py
[2025-09-16T23:55:31.868+0000] {processor.py:914} INFO - Processing file /home/airflow/.local/lib/python3.12/site-packages/airflow/example_dags/example_short_circuit_decorator.py for tasks to queue
[2025-09-16T23:55:31.869+0000] {logging_mixin.py:190} INFO - [2025-09-16T23:55:31.869+0000] {dagbag.py:588} INFO - Filling up the DagBag from /home/airflow/.local/lib/python3.12/site-packages/airflow/example_dags/example_short_circuit_decorator.py
[2025-09-16T23:55:31.874+0000] {processor.py:925} INFO - DAG(s) 'example_short_circuit_decorator' retrieved from /home/airflow/.local/lib/python3.12/site-packages/airflow/example_dags/example_short_circuit_decorator.py
[2025-09-16T23:55:31.890+0000] {logging_mixin.py:190} INFO - [2025-09-16T23:55:31.890+0000] {dag.py:3239} INFO - Sync 1 DAGs
[2025-09-16T23:55:31.901+0000] {logging_mixin.py:190} INFO - [2025-09-16T23:55:31.900+0000] {dag.py:4180} INFO - Setting next_dagrun for example_short_circuit_decorator to None, run_after=None
[2025-09-16T23:55:31.909+0000] {processor.py:208} INFO - Processing /home/airflow/.local/lib/python3.12/site-packages/airflow/example_dags/example_short_circuit_decorator.py took 0.046 seconds
[2025-09-16T23:56:02.013+0000] {processor.py:186} INFO - Started process (PID=1898) to work on /home/airflow/.local/lib/python3.12/site-packages/airflow/example_dags/example_short_circuit_decorator.py
[2025-09-16T23:56:02.014+0000] {processor.py:914} INFO - Processing file /home/airflow/.local/lib/python3.12/site-packages/airflow/example_dags/example_short_circuit_decorator.py for tasks to queue
[2025-09-16T23:56:02.015+0000] {logging_mixin.py:190} INFO - [2025-09-16T23:56:02.015+0000] {dagbag.py:588} INFO - Filling up the DagBag from /home/airflow/.local/lib/python3.12/site-packages/airflow/example_dags/example_short_circuit_decorator.py
[2025-09-16T23:56:02.020+0000] {processor.py:925} INFO - DAG(s) 'example_short_circuit_decorator' retrieved from /home/airflow/.local/lib/python3.12/site-packages/airflow/example_dags/example_short_circuit_decorator.py
[2025-09-16T23:56:02.034+0000] {logging_mixin.py:190} INFO - [2025-09-16T23:56:02.034+0000] {dag.py:3239} INFO - Sync 1 DAGs
[2025-09-16T23:56:02.043+0000] {logging_mixin.py:190} INFO - [2025-09-16T23:56:02.042+0000] {dag.py:4180} INFO - Setting next_dagrun for example_short_circuit_decorator to None, run_after=None
[2025-09-16T23:56:02.050+0000] {processor.py:208} INFO - Processing /home/airflow/.local/lib/python3.12/site-packages/airflow/example_dags/example_short_circuit_decorator.py took 0.040 seconds
[2025-09-16T23:56:32.252+0000] {processor.py:186} INFO - Started process (PID=1961) to work on /home/airflow/.local/lib/python3.12/site-packages/airflow/example_dags/example_short_circuit_decorator.py
[2025-09-16T23:56:32.253+0000] {processor.py:914} INFO - Processing file /home/airflow/.local/lib/python3.12/site-packages/airflow/example_dags/example_short_circuit_decorator.py for tasks to queue
[2025-09-16T23:56:32.254+0000] {logging_mixin.py:190} INFO - [2025-09-16T23:56:32.254+0000] {dagbag.py:588} INFO - Filling up the DagBag from /home/airflow/.local/lib/python3.12/site-packages/airflow/example_dags/example_short_circuit_decorator.py
[2025-09-16T23:56:32.259+0000] {processor.py:925} INFO - DAG(s) 'example_short_circuit_decorator' retrieved from /home/airflow/.local/lib/python3.12/site-packages/airflow/example_dags/example_short_circuit_decorator.py
[2025-09-16T23:56:32.275+0000] {logging_mixin.py:190} INFO - [2025-09-16T23:56:32.275+0000] {dag.py:3239} INFO - Sync 1 DAGs
[2025-09-16T23:56:32.282+0000] {logging_mixin.py:190} INFO - [2025-09-16T23:56:32.282+0000] {dag.py:4180} INFO - Setting next_dagrun for example_short_circuit_decorator to None, run_after=None
[2025-09-16T23:56:32.289+0000] {processor.py:208} INFO - Processing /home/airflow/.local/lib/python3.12/site-packages/airflow/example_dags/example_short_circuit_decorator.py took 0.041 seconds
[2025-09-16T23:57:02.381+0000] {processor.py:186} INFO - Started process (PID=2024) to work on /home/airflow/.local/lib/python3.12/site-packages/airflow/example_dags/example_short_circuit_decorator.py
[2025-09-16T23:57:02.382+0000] {processor.py:914} INFO - Processing file /home/airflow/.local/lib/python3.12/site-packages/airflow/example_dags/example_short_circuit_decorator.py for tasks to queue
[2025-09-16T23:57:02.384+0000] {logging_mixin.py:190} INFO - [2025-09-16T23:57:02.384+0000] {dagbag.py:588} INFO - Filling up the DagBag from /home/airflow/.local/lib/python3.12/site-packages/airflow/example_dags/example_short_circuit_decorator.py
[2025-09-16T23:57:02.389+0000] {processor.py:925} INFO - DAG(s) 'example_short_circuit_decorator' retrieved from /home/airflow/.local/lib/python3.12/site-packages/airflow/example_dags/example_short_circuit_decorator.py
[2025-09-16T23:57:02.402+0000] {logging_mixin.py:190} INFO - [2025-09-16T23:57:02.401+0000] {dag.py:3239} INFO - Sync 1 DAGs
[2025-09-16T23:57:02.408+0000] {logging_mixin.py:190} INFO - [2025-09-16T23:57:02.408+0000] {dag.py:4180} INFO - Setting next_dagrun for example_short_circuit_decorator to None, run_after=None
[2025-09-16T23:57:02.417+0000] {processor.py:208} INFO - Processing /home/airflow/.local/lib/python3.12/site-packages/airflow/example_dags/example_short_circuit_decorator.py took 0.038 seconds
[2025-09-16T23:57:33.533+0000] {processor.py:186} INFO - Started process (PID=2087) to work on /home/airflow/.local/lib/python3.12/site-packages/airflow/example_dags/example_short_circuit_decorator.py
[2025-09-16T23:57:33.535+0000] {processor.py:914} INFO - Processing file /home/airflow/.local/lib/python3.12/site-packages/airflow/example_dags/example_short_circuit_decorator.py for tasks to queue
[2025-09-16T23:57:33.537+0000] {logging_mixin.py:190} INFO - [2025-09-16T23:57:33.537+0000] {dagbag.py:588} INFO - Filling up the DagBag from /home/airflow/.local/lib/python3.12/site-packages/airflow/example_dags/example_short_circuit_decorator.py
[2025-09-16T23:57:33.544+0000] {processor.py:925} INFO - DAG(s) 'example_short_circuit_decorator' retrieved from /home/airflow/.local/lib/python3.12/site-packages/airflow/example_dags/example_short_circuit_decorator.py
[2025-09-16T23:57:33.558+0000] {logging_mixin.py:190} INFO - [2025-09-16T23:57:33.558+0000] {dag.py:3239} INFO - Sync 1 DAGs
[2025-09-16T23:57:33.568+0000] {logging_mixin.py:190} INFO - [2025-09-16T23:57:33.567+0000] {dag.py:4180} INFO - Setting next_dagrun for example_short_circuit_decorator to None, run_after=None
[2025-09-16T23:57:33.577+0000] {processor.py:208} INFO - Processing /home/airflow/.local/lib/python3.12/site-packages/airflow/example_dags/example_short_circuit_decorator.py took 0.048 seconds
[2025-09-16T23:58:03.605+0000] {processor.py:186} INFO - Started process (PID=2150) to work on /home/airflow/.local/lib/python3.12/site-packages/airflow/example_dags/example_short_circuit_decorator.py
[2025-09-16T23:58:03.606+0000] {processor.py:914} INFO - Processing file /home/airflow/.local/lib/python3.12/site-packages/airflow/example_dags/example_short_circuit_decorator.py for tasks to queue
[2025-09-16T23:58:03.608+0000] {logging_mixin.py:190} INFO - [2025-09-16T23:58:03.608+0000] {dagbag.py:588} INFO - Filling up the DagBag from /home/airflow/.local/lib/python3.12/site-packages/airflow/example_dags/example_short_circuit_decorator.py
[2025-09-16T23:58:03.613+0000] {processor.py:925} INFO - DAG(s) 'example_short_circuit_decorator' retrieved from /home/airflow/.local/lib/python3.12/site-packages/airflow/example_dags/example_short_circuit_decorator.py
[2025-09-16T23:58:03.626+0000] {logging_mixin.py:190} INFO - [2025-09-16T23:58:03.625+0000] {dag.py:3239} INFO - Sync 1 DAGs
[2025-09-16T23:58:03.633+0000] {logging_mixin.py:190} INFO - [2025-09-16T23:58:03.633+0000] {dag.py:4180} INFO - Setting next_dagrun for example_short_circuit_decorator to None, run_after=None
[2025-09-16T23:58:03.643+0000] {processor.py:208} INFO - Processing /home/airflow/.local/lib/python3.12/site-packages/airflow/example_dags/example_short_circuit_decorator.py took 0.041 seconds
[2025-09-16T23:58:34.729+0000] {processor.py:186} INFO - Started process (PID=2213) to work on /home/airflow/.local/lib/python3.12/site-packages/airflow/example_dags/example_short_circuit_decorator.py
[2025-09-16T23:58:34.730+0000] {processor.py:914} INFO - Processing file /home/airflow/.local/lib/python3.12/site-packages/airflow/example_dags/example_short_circuit_decorator.py for tasks to queue
[2025-09-16T23:58:34.731+0000] {logging_mixin.py:190} INFO - [2025-09-16T23:58:34.731+0000] {dagbag.py:588} INFO - Filling up the DagBag from /home/airflow/.local/lib/python3.12/site-packages/airflow/example_dags/example_short_circuit_decorator.py
[2025-09-16T23:58:34.736+0000] {processor.py:925} INFO - DAG(s) 'example_short_circuit_decorator' retrieved from /home/airflow/.local/lib/python3.12/site-packages/airflow/example_dags/example_short_circuit_decorator.py
[2025-09-16T23:58:34.748+0000] {logging_mixin.py:190} INFO - [2025-09-16T23:58:34.747+0000] {dag.py:3239} INFO - Sync 1 DAGs
[2025-09-16T23:58:34.754+0000] {logging_mixin.py:190} INFO - [2025-09-16T23:58:34.754+0000] {dag.py:4180} INFO - Setting next_dagrun for example_short_circuit_decorator to None, run_after=None
[2025-09-16T23:58:34.768+0000] {processor.py:208} INFO - Processing /home/airflow/.local/lib/python3.12/site-packages/airflow/example_dags/example_short_circuit_decorator.py took 0.042 seconds
[2025-09-16T23:59:05.786+0000] {processor.py:186} INFO - Started process (PID=2276) to work on /home/airflow/.local/lib/python3.12/site-packages/airflow/example_dags/example_short_circuit_decorator.py
[2025-09-16T23:59:05.786+0000] {processor.py:914} INFO - Processing file /home/airflow/.local/lib/python3.12/site-packages/airflow/example_dags/example_short_circuit_decorator.py for tasks to queue
[2025-09-16T23:59:05.788+0000] {logging_mixin.py:190} INFO - [2025-09-16T23:59:05.788+0000] {dagbag.py:588} INFO - Filling up the DagBag from /home/airflow/.local/lib/python3.12/site-packages/airflow/example_dags/example_short_circuit_decorator.py
[2025-09-16T23:59:05.793+0000] {processor.py:925} INFO - DAG(s) 'example_short_circuit_decorator' retrieved from /home/airflow/.local/lib/python3.12/site-packages/airflow/example_dags/example_short_circuit_decorator.py
[2025-09-16T23:59:05.807+0000] {logging_mixin.py:190} INFO - [2025-09-16T23:59:05.807+0000] {dag.py:3239} INFO - Sync 1 DAGs
[2025-09-16T23:59:05.813+0000] {logging_mixin.py:190} INFO - [2025-09-16T23:59:05.813+0000] {dag.py:4180} INFO - Setting next_dagrun for example_short_circuit_decorator to None, run_after=None
[2025-09-16T23:59:05.826+0000] {processor.py:208} INFO - Processing /home/airflow/.local/lib/python3.12/site-packages/airflow/example_dags/example_short_circuit_decorator.py took 0.044 seconds
[2025-09-16T23:59:36.916+0000] {processor.py:186} INFO - Started process (PID=2339) to work on /home/airflow/.local/lib/python3.12/site-packages/airflow/example_dags/example_short_circuit_decorator.py
[2025-09-16T23:59:36.917+0000] {processor.py:914} INFO - Processing file /home/airflow/.local/lib/python3.12/site-packages/airflow/example_dags/example_short_circuit_decorator.py for tasks to queue
[2025-09-16T23:59:36.918+0000] {logging_mixin.py:190} INFO - [2025-09-16T23:59:36.918+0000] {dagbag.py:588} INFO - Filling up the DagBag from /home/airflow/.local/lib/python3.12/site-packages/airflow/example_dags/example_short_circuit_decorator.py
[2025-09-16T23:59:36.924+0000] {processor.py:925} INFO - DAG(s) 'example_short_circuit_decorator' retrieved from /home/airflow/.local/lib/python3.12/site-packages/airflow/example_dags/example_short_circuit_decorator.py
[2025-09-16T23:59:36.940+0000] {logging_mixin.py:190} INFO - [2025-09-16T23:59:36.939+0000] {dag.py:3239} INFO - Sync 1 DAGs
[2025-09-16T23:59:36.950+0000] {logging_mixin.py:190} INFO - [2025-09-16T23:59:36.950+0000] {dag.py:4180} INFO - Setting next_dagrun for example_short_circuit_decorator to None, run_after=None
[2025-09-16T23:59:36.961+0000] {processor.py:208} INFO - Processing /home/airflow/.local/lib/python3.12/site-packages/airflow/example_dags/example_short_circuit_decorator.py took 0.048 seconds
