[2025-09-16T23:41:19.746+0000] {processor.py:186} INFO - Started process (PID=97) to work on /home/airflow/.local/lib/python3.12/site-packages/airflow/example_dags/example_branch_labels.py
[2025-09-16T23:41:19.746+0000] {processor.py:914} INFO - Processing file /home/airflow/.local/lib/python3.12/site-packages/airflow/example_dags/example_branch_labels.py for tasks to queue
[2025-09-16T23:41:19.748+0000] {logging_mixin.py:190} INFO - [2025-09-16T23:41:19.748+0000] {dagbag.py:588} INFO - Filling up the DagBag from /home/airflow/.local/lib/python3.12/site-packages/airflow/example_dags/example_branch_labels.py
[2025-09-16T23:41:19.753+0000] {processor.py:925} INFO - DAG(s) 'example_branch_labels' retrieved from /home/airflow/.local/lib/python3.12/site-packages/airflow/example_dags/example_branch_labels.py
[2025-09-16T23:41:19.810+0000] {logging_mixin.py:190} INFO - [2025-09-16T23:41:19.809+0000] {override.py:1911} INFO - Created Permission View: can edit on DAG:example_branch_labels
[2025-09-16T23:41:19.815+0000] {logging_mixin.py:190} INFO - [2025-09-16T23:41:19.815+0000] {override.py:1911} INFO - Created Permission View: can delete on DAG:example_branch_labels
[2025-09-16T23:41:19.820+0000] {logging_mixin.py:190} INFO - [2025-09-16T23:41:19.820+0000] {override.py:1911} INFO - Created Permission View: can read on DAG:example_branch_labels
[2025-09-16T23:41:19.824+0000] {logging_mixin.py:190} INFO - [2025-09-16T23:41:19.823+0000] {override.py:1911} INFO - Created Permission View: menu access on DAG Run:example_branch_labels
[2025-09-16T23:41:19.829+0000] {logging_mixin.py:190} INFO - [2025-09-16T23:41:19.828+0000] {override.py:1911} INFO - Created Permission View: can create on DAG Run:example_branch_labels
[2025-09-16T23:41:19.832+0000] {logging_mixin.py:190} INFO - [2025-09-16T23:41:19.832+0000] {override.py:1911} INFO - Created Permission View: can delete on DAG Run:example_branch_labels
[2025-09-16T23:41:19.836+0000] {logging_mixin.py:190} INFO - [2025-09-16T23:41:19.836+0000] {override.py:1911} INFO - Created Permission View: can read on DAG Run:example_branch_labels
[2025-09-16T23:41:19.836+0000] {logging_mixin.py:190} INFO - [2025-09-16T23:41:19.836+0000] {dag.py:3239} INFO - Sync 1 DAGs
[2025-09-16T23:41:19.843+0000] {logging_mixin.py:190} INFO - [2025-09-16T23:41:19.842+0000] {dag.py:3262} INFO - Creating ORM DAG for example_branch_labels
[2025-09-16T23:41:19.849+0000] {logging_mixin.py:190} INFO - [2025-09-16T23:41:19.849+0000] {dag.py:4180} INFO - Setting next_dagrun for example_branch_labels to 2025-09-15 00:00:00+00:00, run_after=2025-09-16 00:00:00+00:00
[2025-09-16T23:41:19.856+0000] {processor.py:208} INFO - Processing /home/airflow/.local/lib/python3.12/site-packages/airflow/example_dags/example_branch_labels.py took 0.114 seconds
[2025-09-16T23:41:50.074+0000] {processor.py:186} INFO - Started process (PID=160) to work on /home/airflow/.local/lib/python3.12/site-packages/airflow/example_dags/example_branch_labels.py
[2025-09-16T23:41:50.077+0000] {processor.py:914} INFO - Processing file /home/airflow/.local/lib/python3.12/site-packages/airflow/example_dags/example_branch_labels.py for tasks to queue
[2025-09-16T23:41:50.079+0000] {logging_mixin.py:190} INFO - [2025-09-16T23:41:50.079+0000] {dagbag.py:588} INFO - Filling up the DagBag from /home/airflow/.local/lib/python3.12/site-packages/airflow/example_dags/example_branch_labels.py
[2025-09-16T23:41:50.087+0000] {processor.py:925} INFO - DAG(s) 'example_branch_labels' retrieved from /home/airflow/.local/lib/python3.12/site-packages/airflow/example_dags/example_branch_labels.py
[2025-09-16T23:41:50.104+0000] {logging_mixin.py:190} INFO - [2025-09-16T23:41:50.104+0000] {dag.py:3239} INFO - Sync 1 DAGs
[2025-09-16T23:41:50.117+0000] {logging_mixin.py:190} INFO - [2025-09-16T23:41:50.117+0000] {dag.py:4180} INFO - Setting next_dagrun for example_branch_labels to 2025-09-15 00:00:00+00:00, run_after=2025-09-16 00:00:00+00:00
[2025-09-16T23:41:50.130+0000] {processor.py:208} INFO - Processing /home/airflow/.local/lib/python3.12/site-packages/airflow/example_dags/example_branch_labels.py took 0.060 seconds
[2025-09-16T23:42:21.113+0000] {processor.py:186} INFO - Started process (PID=223) to work on /home/airflow/.local/lib/python3.12/site-packages/airflow/example_dags/example_branch_labels.py
[2025-09-16T23:42:21.115+0000] {processor.py:914} INFO - Processing file /home/airflow/.local/lib/python3.12/site-packages/airflow/example_dags/example_branch_labels.py for tasks to queue
[2025-09-16T23:42:21.117+0000] {logging_mixin.py:190} INFO - [2025-09-16T23:42:21.117+0000] {dagbag.py:588} INFO - Filling up the DagBag from /home/airflow/.local/lib/python3.12/site-packages/airflow/example_dags/example_branch_labels.py
[2025-09-16T23:42:21.122+0000] {processor.py:925} INFO - DAG(s) 'example_branch_labels' retrieved from /home/airflow/.local/lib/python3.12/site-packages/airflow/example_dags/example_branch_labels.py
[2025-09-16T23:42:21.135+0000] {logging_mixin.py:190} INFO - [2025-09-16T23:42:21.134+0000] {dag.py:3239} INFO - Sync 1 DAGs
[2025-09-16T23:42:21.148+0000] {logging_mixin.py:190} INFO - [2025-09-16T23:42:21.148+0000] {dag.py:4180} INFO - Setting next_dagrun for example_branch_labels to 2025-09-15 00:00:00+00:00, run_after=2025-09-16 00:00:00+00:00
[2025-09-16T23:42:21.158+0000] {processor.py:208} INFO - Processing /home/airflow/.local/lib/python3.12/site-packages/airflow/example_dags/example_branch_labels.py took 0.049 seconds
[2025-09-16T23:42:51.688+0000] {processor.py:186} INFO - Started process (PID=285) to work on /home/airflow/.local/lib/python3.12/site-packages/airflow/example_dags/example_branch_labels.py
[2025-09-16T23:42:51.688+0000] {processor.py:914} INFO - Processing file /home/airflow/.local/lib/python3.12/site-packages/airflow/example_dags/example_branch_labels.py for tasks to queue
[2025-09-16T23:42:51.690+0000] {logging_mixin.py:190} INFO - [2025-09-16T23:42:51.690+0000] {dagbag.py:588} INFO - Filling up the DagBag from /home/airflow/.local/lib/python3.12/site-packages/airflow/example_dags/example_branch_labels.py
[2025-09-16T23:42:51.695+0000] {processor.py:925} INFO - DAG(s) 'example_branch_labels' retrieved from /home/airflow/.local/lib/python3.12/site-packages/airflow/example_dags/example_branch_labels.py
[2025-09-16T23:42:51.706+0000] {logging_mixin.py:190} INFO - [2025-09-16T23:42:51.706+0000] {dag.py:3239} INFO - Sync 1 DAGs
[2025-09-16T23:42:51.718+0000] {logging_mixin.py:190} INFO - [2025-09-16T23:42:51.718+0000] {dag.py:4180} INFO - Setting next_dagrun for example_branch_labels to 2025-09-15 00:00:00+00:00, run_after=2025-09-16 00:00:00+00:00
[2025-09-16T23:42:51.733+0000] {processor.py:208} INFO - Processing /home/airflow/.local/lib/python3.12/site-packages/airflow/example_dags/example_branch_labels.py took 0.050 seconds
[2025-09-16T23:43:22.217+0000] {processor.py:186} INFO - Started process (PID=348) to work on /home/airflow/.local/lib/python3.12/site-packages/airflow/example_dags/example_branch_labels.py
[2025-09-16T23:43:22.219+0000] {processor.py:914} INFO - Processing file /home/airflow/.local/lib/python3.12/site-packages/airflow/example_dags/example_branch_labels.py for tasks to queue
[2025-09-16T23:43:22.220+0000] {logging_mixin.py:190} INFO - [2025-09-16T23:43:22.220+0000] {dagbag.py:588} INFO - Filling up the DagBag from /home/airflow/.local/lib/python3.12/site-packages/airflow/example_dags/example_branch_labels.py
[2025-09-16T23:43:22.226+0000] {processor.py:925} INFO - DAG(s) 'example_branch_labels' retrieved from /home/airflow/.local/lib/python3.12/site-packages/airflow/example_dags/example_branch_labels.py
[2025-09-16T23:43:22.244+0000] {logging_mixin.py:190} INFO - [2025-09-16T23:43:22.244+0000] {dag.py:3239} INFO - Sync 1 DAGs
[2025-09-16T23:43:22.265+0000] {logging_mixin.py:190} INFO - [2025-09-16T23:43:22.265+0000] {dag.py:4180} INFO - Setting next_dagrun for example_branch_labels to 2025-09-15 00:00:00+00:00, run_after=2025-09-16 00:00:00+00:00
[2025-09-16T23:43:22.277+0000] {processor.py:208} INFO - Processing /home/airflow/.local/lib/python3.12/site-packages/airflow/example_dags/example_branch_labels.py took 0.065 seconds
[2025-09-16T23:43:53.106+0000] {processor.py:186} INFO - Started process (PID=411) to work on /home/airflow/.local/lib/python3.12/site-packages/airflow/example_dags/example_branch_labels.py
[2025-09-16T23:43:53.107+0000] {processor.py:914} INFO - Processing file /home/airflow/.local/lib/python3.12/site-packages/airflow/example_dags/example_branch_labels.py for tasks to queue
[2025-09-16T23:43:53.109+0000] {logging_mixin.py:190} INFO - [2025-09-16T23:43:53.109+0000] {dagbag.py:588} INFO - Filling up the DagBag from /home/airflow/.local/lib/python3.12/site-packages/airflow/example_dags/example_branch_labels.py
[2025-09-16T23:43:53.114+0000] {processor.py:925} INFO - DAG(s) 'example_branch_labels' retrieved from /home/airflow/.local/lib/python3.12/site-packages/airflow/example_dags/example_branch_labels.py
[2025-09-16T23:43:53.128+0000] {logging_mixin.py:190} INFO - [2025-09-16T23:43:53.128+0000] {dag.py:3239} INFO - Sync 1 DAGs
[2025-09-16T23:43:53.142+0000] {logging_mixin.py:190} INFO - [2025-09-16T23:43:53.142+0000] {dag.py:4180} INFO - Setting next_dagrun for example_branch_labels to 2025-09-15 00:00:00+00:00, run_after=2025-09-16 00:00:00+00:00
[2025-09-16T23:43:53.152+0000] {processor.py:208} INFO - Processing /home/airflow/.local/lib/python3.12/site-packages/airflow/example_dags/example_branch_labels.py took 0.049 seconds
[2025-09-16T23:44:23.645+0000] {processor.py:186} INFO - Started process (PID=474) to work on /home/airflow/.local/lib/python3.12/site-packages/airflow/example_dags/example_branch_labels.py
[2025-09-16T23:44:23.645+0000] {processor.py:914} INFO - Processing file /home/airflow/.local/lib/python3.12/site-packages/airflow/example_dags/example_branch_labels.py for tasks to queue
[2025-09-16T23:44:23.647+0000] {logging_mixin.py:190} INFO - [2025-09-16T23:44:23.647+0000] {dagbag.py:588} INFO - Filling up the DagBag from /home/airflow/.local/lib/python3.12/site-packages/airflow/example_dags/example_branch_labels.py
[2025-09-16T23:44:23.652+0000] {processor.py:925} INFO - DAG(s) 'example_branch_labels' retrieved from /home/airflow/.local/lib/python3.12/site-packages/airflow/example_dags/example_branch_labels.py
[2025-09-16T23:44:23.662+0000] {logging_mixin.py:190} INFO - [2025-09-16T23:44:23.662+0000] {dag.py:3239} INFO - Sync 1 DAGs
[2025-09-16T23:44:23.674+0000] {logging_mixin.py:190} INFO - [2025-09-16T23:44:23.674+0000] {dag.py:4180} INFO - Setting next_dagrun for example_branch_labels to 2025-09-15 00:00:00+00:00, run_after=2025-09-16 00:00:00+00:00
[2025-09-16T23:44:23.684+0000] {processor.py:208} INFO - Processing /home/airflow/.local/lib/python3.12/site-packages/airflow/example_dags/example_branch_labels.py took 0.043 seconds
[2025-09-16T23:44:54.096+0000] {processor.py:186} INFO - Started process (PID=537) to work on /home/airflow/.local/lib/python3.12/site-packages/airflow/example_dags/example_branch_labels.py
[2025-09-16T23:44:54.098+0000] {processor.py:914} INFO - Processing file /home/airflow/.local/lib/python3.12/site-packages/airflow/example_dags/example_branch_labels.py for tasks to queue
[2025-09-16T23:44:54.100+0000] {logging_mixin.py:190} INFO - [2025-09-16T23:44:54.100+0000] {dagbag.py:588} INFO - Filling up the DagBag from /home/airflow/.local/lib/python3.12/site-packages/airflow/example_dags/example_branch_labels.py
[2025-09-16T23:44:54.106+0000] {processor.py:925} INFO - DAG(s) 'example_branch_labels' retrieved from /home/airflow/.local/lib/python3.12/site-packages/airflow/example_dags/example_branch_labels.py
[2025-09-16T23:44:54.117+0000] {logging_mixin.py:190} INFO - [2025-09-16T23:44:54.117+0000] {dag.py:3239} INFO - Sync 1 DAGs
[2025-09-16T23:44:54.130+0000] {logging_mixin.py:190} INFO - [2025-09-16T23:44:54.130+0000] {dag.py:4180} INFO - Setting next_dagrun for example_branch_labels to 2025-09-15 00:00:00+00:00, run_after=2025-09-16 00:00:00+00:00
[2025-09-16T23:44:54.141+0000] {processor.py:208} INFO - Processing /home/airflow/.local/lib/python3.12/site-packages/airflow/example_dags/example_branch_labels.py took 0.048 seconds
[2025-09-16T23:45:24.686+0000] {processor.py:186} INFO - Started process (PID=600) to work on /home/airflow/.local/lib/python3.12/site-packages/airflow/example_dags/example_branch_labels.py
[2025-09-16T23:45:24.687+0000] {processor.py:914} INFO - Processing file /home/airflow/.local/lib/python3.12/site-packages/airflow/example_dags/example_branch_labels.py for tasks to queue
[2025-09-16T23:45:24.688+0000] {logging_mixin.py:190} INFO - [2025-09-16T23:45:24.688+0000] {dagbag.py:588} INFO - Filling up the DagBag from /home/airflow/.local/lib/python3.12/site-packages/airflow/example_dags/example_branch_labels.py
[2025-09-16T23:45:24.693+0000] {processor.py:925} INFO - DAG(s) 'example_branch_labels' retrieved from /home/airflow/.local/lib/python3.12/site-packages/airflow/example_dags/example_branch_labels.py
[2025-09-16T23:45:24.703+0000] {logging_mixin.py:190} INFO - [2025-09-16T23:45:24.703+0000] {dag.py:3239} INFO - Sync 1 DAGs
[2025-09-16T23:45:24.715+0000] {logging_mixin.py:190} INFO - [2025-09-16T23:45:24.715+0000] {dag.py:4180} INFO - Setting next_dagrun for example_branch_labels to 2025-09-15 00:00:00+00:00, run_after=2025-09-16 00:00:00+00:00
[2025-09-16T23:45:24.726+0000] {processor.py:208} INFO - Processing /home/airflow/.local/lib/python3.12/site-packages/airflow/example_dags/example_branch_labels.py took 0.043 seconds
[2025-09-16T23:45:55.547+0000] {processor.py:186} INFO - Started process (PID=663) to work on /home/airflow/.local/lib/python3.12/site-packages/airflow/example_dags/example_branch_labels.py
[2025-09-16T23:45:55.548+0000] {processor.py:914} INFO - Processing file /home/airflow/.local/lib/python3.12/site-packages/airflow/example_dags/example_branch_labels.py for tasks to queue
[2025-09-16T23:45:55.549+0000] {logging_mixin.py:190} INFO - [2025-09-16T23:45:55.549+0000] {dagbag.py:588} INFO - Filling up the DagBag from /home/airflow/.local/lib/python3.12/site-packages/airflow/example_dags/example_branch_labels.py
[2025-09-16T23:45:55.557+0000] {processor.py:925} INFO - DAG(s) 'example_branch_labels' retrieved from /home/airflow/.local/lib/python3.12/site-packages/airflow/example_dags/example_branch_labels.py
[2025-09-16T23:45:55.567+0000] {logging_mixin.py:190} INFO - [2025-09-16T23:45:55.567+0000] {dag.py:3239} INFO - Sync 1 DAGs
[2025-09-16T23:45:55.578+0000] {logging_mixin.py:190} INFO - [2025-09-16T23:45:55.578+0000] {dag.py:4180} INFO - Setting next_dagrun for example_branch_labels to 2025-09-15 00:00:00+00:00, run_after=2025-09-16 00:00:00+00:00
[2025-09-16T23:45:55.585+0000] {processor.py:208} INFO - Processing /home/airflow/.local/lib/python3.12/site-packages/airflow/example_dags/example_branch_labels.py took 0.042 seconds
[2025-09-16T23:46:26.135+0000] {processor.py:186} INFO - Started process (PID=726) to work on /home/airflow/.local/lib/python3.12/site-packages/airflow/example_dags/example_branch_labels.py
[2025-09-16T23:46:26.136+0000] {processor.py:914} INFO - Processing file /home/airflow/.local/lib/python3.12/site-packages/airflow/example_dags/example_branch_labels.py for tasks to queue
[2025-09-16T23:46:26.137+0000] {logging_mixin.py:190} INFO - [2025-09-16T23:46:26.137+0000] {dagbag.py:588} INFO - Filling up the DagBag from /home/airflow/.local/lib/python3.12/site-packages/airflow/example_dags/example_branch_labels.py
[2025-09-16T23:46:26.142+0000] {processor.py:925} INFO - DAG(s) 'example_branch_labels' retrieved from /home/airflow/.local/lib/python3.12/site-packages/airflow/example_dags/example_branch_labels.py
[2025-09-16T23:46:26.152+0000] {logging_mixin.py:190} INFO - [2025-09-16T23:46:26.152+0000] {dag.py:3239} INFO - Sync 1 DAGs
[2025-09-16T23:46:26.162+0000] {logging_mixin.py:190} INFO - [2025-09-16T23:46:26.162+0000] {dag.py:4180} INFO - Setting next_dagrun for example_branch_labels to 2025-09-15 00:00:00+00:00, run_after=2025-09-16 00:00:00+00:00
[2025-09-16T23:46:26.169+0000] {processor.py:208} INFO - Processing /home/airflow/.local/lib/python3.12/site-packages/airflow/example_dags/example_branch_labels.py took 0.037 seconds
[2025-09-16T23:46:56.794+0000] {processor.py:186} INFO - Started process (PID=789) to work on /home/airflow/.local/lib/python3.12/site-packages/airflow/example_dags/example_branch_labels.py
[2025-09-16T23:46:56.796+0000] {processor.py:914} INFO - Processing file /home/airflow/.local/lib/python3.12/site-packages/airflow/example_dags/example_branch_labels.py for tasks to queue
[2025-09-16T23:46:56.799+0000] {logging_mixin.py:190} INFO - [2025-09-16T23:46:56.798+0000] {dagbag.py:588} INFO - Filling up the DagBag from /home/airflow/.local/lib/python3.12/site-packages/airflow/example_dags/example_branch_labels.py
[2025-09-16T23:46:56.805+0000] {processor.py:925} INFO - DAG(s) 'example_branch_labels' retrieved from /home/airflow/.local/lib/python3.12/site-packages/airflow/example_dags/example_branch_labels.py
[2025-09-16T23:46:56.818+0000] {logging_mixin.py:190} INFO - [2025-09-16T23:46:56.818+0000] {dag.py:3239} INFO - Sync 1 DAGs
[2025-09-16T23:46:56.834+0000] {logging_mixin.py:190} INFO - [2025-09-16T23:46:56.834+0000] {dag.py:4180} INFO - Setting next_dagrun for example_branch_labels to 2025-09-15 00:00:00+00:00, run_after=2025-09-16 00:00:00+00:00
[2025-09-16T23:46:56.844+0000] {processor.py:208} INFO - Processing /home/airflow/.local/lib/python3.12/site-packages/airflow/example_dags/example_branch_labels.py took 0.054 seconds
[2025-09-16T23:47:27.417+0000] {processor.py:186} INFO - Started process (PID=852) to work on /home/airflow/.local/lib/python3.12/site-packages/airflow/example_dags/example_branch_labels.py
[2025-09-16T23:47:27.418+0000] {processor.py:914} INFO - Processing file /home/airflow/.local/lib/python3.12/site-packages/airflow/example_dags/example_branch_labels.py for tasks to queue
[2025-09-16T23:47:27.419+0000] {logging_mixin.py:190} INFO - [2025-09-16T23:47:27.419+0000] {dagbag.py:588} INFO - Filling up the DagBag from /home/airflow/.local/lib/python3.12/site-packages/airflow/example_dags/example_branch_labels.py
[2025-09-16T23:47:27.425+0000] {processor.py:925} INFO - DAG(s) 'example_branch_labels' retrieved from /home/airflow/.local/lib/python3.12/site-packages/airflow/example_dags/example_branch_labels.py
[2025-09-16T23:47:27.435+0000] {logging_mixin.py:190} INFO - [2025-09-16T23:47:27.435+0000] {dag.py:3239} INFO - Sync 1 DAGs
[2025-09-16T23:47:27.447+0000] {logging_mixin.py:190} INFO - [2025-09-16T23:47:27.447+0000] {dag.py:4180} INFO - Setting next_dagrun for example_branch_labels to 2025-09-15 00:00:00+00:00, run_after=2025-09-16 00:00:00+00:00
[2025-09-16T23:47:27.456+0000] {processor.py:208} INFO - Processing /home/airflow/.local/lib/python3.12/site-packages/airflow/example_dags/example_branch_labels.py took 0.043 seconds
[2025-09-16T23:47:58.250+0000] {processor.py:186} INFO - Started process (PID=915) to work on /home/airflow/.local/lib/python3.12/site-packages/airflow/example_dags/example_branch_labels.py
[2025-09-16T23:47:58.251+0000] {processor.py:914} INFO - Processing file /home/airflow/.local/lib/python3.12/site-packages/airflow/example_dags/example_branch_labels.py for tasks to queue
[2025-09-16T23:47:58.252+0000] {logging_mixin.py:190} INFO - [2025-09-16T23:47:58.252+0000] {dagbag.py:588} INFO - Filling up the DagBag from /home/airflow/.local/lib/python3.12/site-packages/airflow/example_dags/example_branch_labels.py
[2025-09-16T23:47:58.257+0000] {processor.py:925} INFO - DAG(s) 'example_branch_labels' retrieved from /home/airflow/.local/lib/python3.12/site-packages/airflow/example_dags/example_branch_labels.py
[2025-09-16T23:47:58.270+0000] {logging_mixin.py:190} INFO - [2025-09-16T23:47:58.269+0000] {dag.py:3239} INFO - Sync 1 DAGs
[2025-09-16T23:47:58.280+0000] {logging_mixin.py:190} INFO - [2025-09-16T23:47:58.280+0000] {dag.py:4180} INFO - Setting next_dagrun for example_branch_labels to 2025-09-15 00:00:00+00:00, run_after=2025-09-16 00:00:00+00:00
[2025-09-16T23:47:58.289+0000] {processor.py:208} INFO - Processing /home/airflow/.local/lib/python3.12/site-packages/airflow/example_dags/example_branch_labels.py took 0.042 seconds
[2025-09-16T23:48:29.044+0000] {processor.py:186} INFO - Started process (PID=978) to work on /home/airflow/.local/lib/python3.12/site-packages/airflow/example_dags/example_branch_labels.py
[2025-09-16T23:48:29.047+0000] {processor.py:914} INFO - Processing file /home/airflow/.local/lib/python3.12/site-packages/airflow/example_dags/example_branch_labels.py for tasks to queue
[2025-09-16T23:48:29.049+0000] {logging_mixin.py:190} INFO - [2025-09-16T23:48:29.048+0000] {dagbag.py:588} INFO - Filling up the DagBag from /home/airflow/.local/lib/python3.12/site-packages/airflow/example_dags/example_branch_labels.py
[2025-09-16T23:48:29.054+0000] {processor.py:925} INFO - DAG(s) 'example_branch_labels' retrieved from /home/airflow/.local/lib/python3.12/site-packages/airflow/example_dags/example_branch_labels.py
[2025-09-16T23:48:29.065+0000] {logging_mixin.py:190} INFO - [2025-09-16T23:48:29.064+0000] {dag.py:3239} INFO - Sync 1 DAGs
[2025-09-16T23:48:29.079+0000] {logging_mixin.py:190} INFO - [2025-09-16T23:48:29.078+0000] {dag.py:4180} INFO - Setting next_dagrun for example_branch_labels to 2025-09-15 00:00:00+00:00, run_after=2025-09-16 00:00:00+00:00
[2025-09-16T23:48:29.089+0000] {processor.py:208} INFO - Processing /home/airflow/.local/lib/python3.12/site-packages/airflow/example_dags/example_branch_labels.py took 0.048 seconds
[2025-09-16T23:48:59.818+0000] {processor.py:186} INFO - Started process (PID=1041) to work on /home/airflow/.local/lib/python3.12/site-packages/airflow/example_dags/example_branch_labels.py
[2025-09-16T23:48:59.820+0000] {processor.py:914} INFO - Processing file /home/airflow/.local/lib/python3.12/site-packages/airflow/example_dags/example_branch_labels.py for tasks to queue
[2025-09-16T23:48:59.821+0000] {logging_mixin.py:190} INFO - [2025-09-16T23:48:59.821+0000] {dagbag.py:588} INFO - Filling up the DagBag from /home/airflow/.local/lib/python3.12/site-packages/airflow/example_dags/example_branch_labels.py
[2025-09-16T23:48:59.827+0000] {processor.py:925} INFO - DAG(s) 'example_branch_labels' retrieved from /home/airflow/.local/lib/python3.12/site-packages/airflow/example_dags/example_branch_labels.py
[2025-09-16T23:48:59.840+0000] {logging_mixin.py:190} INFO - [2025-09-16T23:48:59.840+0000] {dag.py:3239} INFO - Sync 1 DAGs
[2025-09-16T23:48:59.853+0000] {logging_mixin.py:190} INFO - [2025-09-16T23:48:59.853+0000] {dag.py:4180} INFO - Setting next_dagrun for example_branch_labels to 2025-09-15 00:00:00+00:00, run_after=2025-09-16 00:00:00+00:00
[2025-09-16T23:48:59.862+0000] {processor.py:208} INFO - Processing /home/airflow/.local/lib/python3.12/site-packages/airflow/example_dags/example_branch_labels.py took 0.048 seconds
[2025-09-16T23:49:30.618+0000] {processor.py:186} INFO - Started process (PID=1104) to work on /home/airflow/.local/lib/python3.12/site-packages/airflow/example_dags/example_branch_labels.py
[2025-09-16T23:49:30.618+0000] {processor.py:914} INFO - Processing file /home/airflow/.local/lib/python3.12/site-packages/airflow/example_dags/example_branch_labels.py for tasks to queue
[2025-09-16T23:49:30.620+0000] {logging_mixin.py:190} INFO - [2025-09-16T23:49:30.619+0000] {dagbag.py:588} INFO - Filling up the DagBag from /home/airflow/.local/lib/python3.12/site-packages/airflow/example_dags/example_branch_labels.py
[2025-09-16T23:49:30.625+0000] {processor.py:925} INFO - DAG(s) 'example_branch_labels' retrieved from /home/airflow/.local/lib/python3.12/site-packages/airflow/example_dags/example_branch_labels.py
[2025-09-16T23:49:30.637+0000] {logging_mixin.py:190} INFO - [2025-09-16T23:49:30.637+0000] {dag.py:3239} INFO - Sync 1 DAGs
[2025-09-16T23:49:30.649+0000] {logging_mixin.py:190} INFO - [2025-09-16T23:49:30.649+0000] {dag.py:4180} INFO - Setting next_dagrun for example_branch_labels to 2025-09-15 00:00:00+00:00, run_after=2025-09-16 00:00:00+00:00
[2025-09-16T23:49:30.657+0000] {processor.py:208} INFO - Processing /home/airflow/.local/lib/python3.12/site-packages/airflow/example_dags/example_branch_labels.py took 0.043 seconds
[2025-09-16T23:50:01.243+0000] {processor.py:186} INFO - Started process (PID=1167) to work on /home/airflow/.local/lib/python3.12/site-packages/airflow/example_dags/example_branch_labels.py
[2025-09-16T23:50:01.245+0000] {processor.py:914} INFO - Processing file /home/airflow/.local/lib/python3.12/site-packages/airflow/example_dags/example_branch_labels.py for tasks to queue
[2025-09-16T23:50:01.247+0000] {logging_mixin.py:190} INFO - [2025-09-16T23:50:01.247+0000] {dagbag.py:588} INFO - Filling up the DagBag from /home/airflow/.local/lib/python3.12/site-packages/airflow/example_dags/example_branch_labels.py
[2025-09-16T23:50:01.252+0000] {processor.py:925} INFO - DAG(s) 'example_branch_labels' retrieved from /home/airflow/.local/lib/python3.12/site-packages/airflow/example_dags/example_branch_labels.py
[2025-09-16T23:50:01.263+0000] {logging_mixin.py:190} INFO - [2025-09-16T23:50:01.263+0000] {dag.py:3239} INFO - Sync 1 DAGs
[2025-09-16T23:50:01.274+0000] {logging_mixin.py:190} INFO - [2025-09-16T23:50:01.274+0000] {dag.py:4180} INFO - Setting next_dagrun for example_branch_labels to 2025-09-15 00:00:00+00:00, run_after=2025-09-16 00:00:00+00:00
[2025-09-16T23:50:01.282+0000] {processor.py:208} INFO - Processing /home/airflow/.local/lib/python3.12/site-packages/airflow/example_dags/example_branch_labels.py took 0.042 seconds
[2025-09-16T23:50:32.391+0000] {processor.py:186} INFO - Started process (PID=1230) to work on /home/airflow/.local/lib/python3.12/site-packages/airflow/example_dags/example_branch_labels.py
[2025-09-16T23:50:32.392+0000] {processor.py:914} INFO - Processing file /home/airflow/.local/lib/python3.12/site-packages/airflow/example_dags/example_branch_labels.py for tasks to queue
[2025-09-16T23:50:32.393+0000] {logging_mixin.py:190} INFO - [2025-09-16T23:50:32.393+0000] {dagbag.py:588} INFO - Filling up the DagBag from /home/airflow/.local/lib/python3.12/site-packages/airflow/example_dags/example_branch_labels.py
[2025-09-16T23:50:32.398+0000] {processor.py:925} INFO - DAG(s) 'example_branch_labels' retrieved from /home/airflow/.local/lib/python3.12/site-packages/airflow/example_dags/example_branch_labels.py
[2025-09-16T23:50:32.408+0000] {logging_mixin.py:190} INFO - [2025-09-16T23:50:32.408+0000] {dag.py:3239} INFO - Sync 1 DAGs
[2025-09-16T23:50:32.419+0000] {logging_mixin.py:190} INFO - [2025-09-16T23:50:32.419+0000] {dag.py:4180} INFO - Setting next_dagrun for example_branch_labels to 2025-09-15 00:00:00+00:00, run_after=2025-09-16 00:00:00+00:00
[2025-09-16T23:50:32.427+0000] {processor.py:208} INFO - Processing /home/airflow/.local/lib/python3.12/site-packages/airflow/example_dags/example_branch_labels.py took 0.040 seconds
[2025-09-16T23:51:03.596+0000] {processor.py:186} INFO - Started process (PID=1293) to work on /home/airflow/.local/lib/python3.12/site-packages/airflow/example_dags/example_branch_labels.py
[2025-09-16T23:51:03.597+0000] {processor.py:914} INFO - Processing file /home/airflow/.local/lib/python3.12/site-packages/airflow/example_dags/example_branch_labels.py for tasks to queue
[2025-09-16T23:51:03.598+0000] {logging_mixin.py:190} INFO - [2025-09-16T23:51:03.598+0000] {dagbag.py:588} INFO - Filling up the DagBag from /home/airflow/.local/lib/python3.12/site-packages/airflow/example_dags/example_branch_labels.py
[2025-09-16T23:51:03.604+0000] {processor.py:925} INFO - DAG(s) 'example_branch_labels' retrieved from /home/airflow/.local/lib/python3.12/site-packages/airflow/example_dags/example_branch_labels.py
[2025-09-16T23:51:03.616+0000] {logging_mixin.py:190} INFO - [2025-09-16T23:51:03.616+0000] {dag.py:3239} INFO - Sync 1 DAGs
[2025-09-16T23:51:03.627+0000] {logging_mixin.py:190} INFO - [2025-09-16T23:51:03.627+0000] {dag.py:4180} INFO - Setting next_dagrun for example_branch_labels to 2025-09-15 00:00:00+00:00, run_after=2025-09-16 00:00:00+00:00
[2025-09-16T23:51:03.635+0000] {processor.py:208} INFO - Processing /home/airflow/.local/lib/python3.12/site-packages/airflow/example_dags/example_branch_labels.py took 0.044 seconds
[2025-09-16T23:51:35.075+0000] {processor.py:186} INFO - Started process (PID=1356) to work on /home/airflow/.local/lib/python3.12/site-packages/airflow/example_dags/example_branch_labels.py
[2025-09-16T23:51:35.077+0000] {processor.py:914} INFO - Processing file /home/airflow/.local/lib/python3.12/site-packages/airflow/example_dags/example_branch_labels.py for tasks to queue
[2025-09-16T23:51:35.080+0000] {logging_mixin.py:190} INFO - [2025-09-16T23:51:35.079+0000] {dagbag.py:588} INFO - Filling up the DagBag from /home/airflow/.local/lib/python3.12/site-packages/airflow/example_dags/example_branch_labels.py
[2025-09-16T23:51:35.086+0000] {processor.py:925} INFO - DAG(s) 'example_branch_labels' retrieved from /home/airflow/.local/lib/python3.12/site-packages/airflow/example_dags/example_branch_labels.py
[2025-09-16T23:51:35.096+0000] {logging_mixin.py:190} INFO - [2025-09-16T23:51:35.096+0000] {dag.py:3239} INFO - Sync 1 DAGs
[2025-09-16T23:51:35.108+0000] {logging_mixin.py:190} INFO - [2025-09-16T23:51:35.107+0000] {dag.py:4180} INFO - Setting next_dagrun for example_branch_labels to 2025-09-15 00:00:00+00:00, run_after=2025-09-16 00:00:00+00:00
[2025-09-16T23:51:35.116+0000] {processor.py:208} INFO - Processing /home/airflow/.local/lib/python3.12/site-packages/airflow/example_dags/example_branch_labels.py took 0.044 seconds
[2025-09-16T23:52:06.442+0000] {processor.py:186} INFO - Started process (PID=1419) to work on /home/airflow/.local/lib/python3.12/site-packages/airflow/example_dags/example_branch_labels.py
[2025-09-16T23:52:06.443+0000] {processor.py:914} INFO - Processing file /home/airflow/.local/lib/python3.12/site-packages/airflow/example_dags/example_branch_labels.py for tasks to queue
[2025-09-16T23:52:06.444+0000] {logging_mixin.py:190} INFO - [2025-09-16T23:52:06.444+0000] {dagbag.py:588} INFO - Filling up the DagBag from /home/airflow/.local/lib/python3.12/site-packages/airflow/example_dags/example_branch_labels.py
[2025-09-16T23:52:06.452+0000] {processor.py:925} INFO - DAG(s) 'example_branch_labels' retrieved from /home/airflow/.local/lib/python3.12/site-packages/airflow/example_dags/example_branch_labels.py
[2025-09-16T23:52:06.469+0000] {logging_mixin.py:190} INFO - [2025-09-16T23:52:06.469+0000] {dag.py:3239} INFO - Sync 1 DAGs
[2025-09-16T23:52:06.487+0000] {logging_mixin.py:190} INFO - [2025-09-16T23:52:06.487+0000] {dag.py:4180} INFO - Setting next_dagrun for example_branch_labels to 2025-09-15 00:00:00+00:00, run_after=2025-09-16 00:00:00+00:00
[2025-09-16T23:52:06.499+0000] {processor.py:208} INFO - Processing /home/airflow/.local/lib/python3.12/site-packages/airflow/example_dags/example_branch_labels.py took 0.062 seconds
[2025-09-16T23:52:38.048+0000] {processor.py:186} INFO - Started process (PID=1482) to work on /home/airflow/.local/lib/python3.12/site-packages/airflow/example_dags/example_branch_labels.py
[2025-09-16T23:52:38.050+0000] {processor.py:914} INFO - Processing file /home/airflow/.local/lib/python3.12/site-packages/airflow/example_dags/example_branch_labels.py for tasks to queue
[2025-09-16T23:52:38.052+0000] {logging_mixin.py:190} INFO - [2025-09-16T23:52:38.051+0000] {dagbag.py:588} INFO - Filling up the DagBag from /home/airflow/.local/lib/python3.12/site-packages/airflow/example_dags/example_branch_labels.py
[2025-09-16T23:52:38.059+0000] {processor.py:925} INFO - DAG(s) 'example_branch_labels' retrieved from /home/airflow/.local/lib/python3.12/site-packages/airflow/example_dags/example_branch_labels.py
[2025-09-16T23:52:38.071+0000] {logging_mixin.py:190} INFO - [2025-09-16T23:52:38.071+0000] {dag.py:3239} INFO - Sync 1 DAGs
[2025-09-16T23:52:38.084+0000] {logging_mixin.py:190} INFO - [2025-09-16T23:52:38.083+0000] {dag.py:4180} INFO - Setting next_dagrun for example_branch_labels to 2025-09-15 00:00:00+00:00, run_after=2025-09-16 00:00:00+00:00
[2025-09-16T23:52:38.092+0000] {processor.py:208} INFO - Processing /home/airflow/.local/lib/python3.12/site-packages/airflow/example_dags/example_branch_labels.py took 0.047 seconds
[2025-09-16T23:53:09.375+0000] {processor.py:186} INFO - Started process (PID=1545) to work on /home/airflow/.local/lib/python3.12/site-packages/airflow/example_dags/example_branch_labels.py
[2025-09-16T23:53:09.376+0000] {processor.py:914} INFO - Processing file /home/airflow/.local/lib/python3.12/site-packages/airflow/example_dags/example_branch_labels.py for tasks to queue
[2025-09-16T23:53:09.378+0000] {logging_mixin.py:190} INFO - [2025-09-16T23:53:09.377+0000] {dagbag.py:588} INFO - Filling up the DagBag from /home/airflow/.local/lib/python3.12/site-packages/airflow/example_dags/example_branch_labels.py
[2025-09-16T23:53:09.384+0000] {processor.py:925} INFO - DAG(s) 'example_branch_labels' retrieved from /home/airflow/.local/lib/python3.12/site-packages/airflow/example_dags/example_branch_labels.py
[2025-09-16T23:53:09.396+0000] {logging_mixin.py:190} INFO - [2025-09-16T23:53:09.396+0000] {dag.py:3239} INFO - Sync 1 DAGs
[2025-09-16T23:53:09.408+0000] {logging_mixin.py:190} INFO - [2025-09-16T23:53:09.407+0000] {dag.py:4180} INFO - Setting next_dagrun for example_branch_labels to 2025-09-15 00:00:00+00:00, run_after=2025-09-16 00:00:00+00:00
[2025-09-16T23:53:09.416+0000] {processor.py:208} INFO - Processing /home/airflow/.local/lib/python3.12/site-packages/airflow/example_dags/example_branch_labels.py took 0.044 seconds
[2025-09-16T23:53:40.655+0000] {processor.py:186} INFO - Started process (PID=1608) to work on /home/airflow/.local/lib/python3.12/site-packages/airflow/example_dags/example_branch_labels.py
[2025-09-16T23:53:40.656+0000] {processor.py:914} INFO - Processing file /home/airflow/.local/lib/python3.12/site-packages/airflow/example_dags/example_branch_labels.py for tasks to queue
[2025-09-16T23:53:40.657+0000] {logging_mixin.py:190} INFO - [2025-09-16T23:53:40.657+0000] {dagbag.py:588} INFO - Filling up the DagBag from /home/airflow/.local/lib/python3.12/site-packages/airflow/example_dags/example_branch_labels.py
[2025-09-16T23:53:40.662+0000] {processor.py:925} INFO - DAG(s) 'example_branch_labels' retrieved from /home/airflow/.local/lib/python3.12/site-packages/airflow/example_dags/example_branch_labels.py
[2025-09-16T23:53:40.672+0000] {logging_mixin.py:190} INFO - [2025-09-16T23:53:40.672+0000] {dag.py:3239} INFO - Sync 1 DAGs
[2025-09-16T23:53:40.684+0000] {logging_mixin.py:190} INFO - [2025-09-16T23:53:40.684+0000] {dag.py:4180} INFO - Setting next_dagrun for example_branch_labels to 2025-09-15 00:00:00+00:00, run_after=2025-09-16 00:00:00+00:00
[2025-09-16T23:53:40.695+0000] {processor.py:208} INFO - Processing /home/airflow/.local/lib/python3.12/site-packages/airflow/example_dags/example_branch_labels.py took 0.043 seconds
[2025-09-16T23:54:12.350+0000] {processor.py:186} INFO - Started process (PID=1671) to work on /home/airflow/.local/lib/python3.12/site-packages/airflow/example_dags/example_branch_labels.py
[2025-09-16T23:54:12.350+0000] {processor.py:914} INFO - Processing file /home/airflow/.local/lib/python3.12/site-packages/airflow/example_dags/example_branch_labels.py for tasks to queue
[2025-09-16T23:54:12.352+0000] {logging_mixin.py:190} INFO - [2025-09-16T23:54:12.351+0000] {dagbag.py:588} INFO - Filling up the DagBag from /home/airflow/.local/lib/python3.12/site-packages/airflow/example_dags/example_branch_labels.py
[2025-09-16T23:54:12.357+0000] {processor.py:925} INFO - DAG(s) 'example_branch_labels' retrieved from /home/airflow/.local/lib/python3.12/site-packages/airflow/example_dags/example_branch_labels.py
[2025-09-16T23:54:12.369+0000] {logging_mixin.py:190} INFO - [2025-09-16T23:54:12.368+0000] {dag.py:3239} INFO - Sync 1 DAGs
[2025-09-16T23:54:12.380+0000] {logging_mixin.py:190} INFO - [2025-09-16T23:54:12.380+0000] {dag.py:4180} INFO - Setting next_dagrun for example_branch_labels to 2025-09-15 00:00:00+00:00, run_after=2025-09-16 00:00:00+00:00
[2025-09-16T23:54:12.388+0000] {processor.py:208} INFO - Processing /home/airflow/.local/lib/python3.12/site-packages/airflow/example_dags/example_branch_labels.py took 0.041 seconds
[2025-09-16T23:54:44.351+0000] {processor.py:186} INFO - Started process (PID=1734) to work on /home/airflow/.local/lib/python3.12/site-packages/airflow/example_dags/example_branch_labels.py
[2025-09-16T23:54:44.353+0000] {processor.py:914} INFO - Processing file /home/airflow/.local/lib/python3.12/site-packages/airflow/example_dags/example_branch_labels.py for tasks to queue
[2025-09-16T23:54:44.355+0000] {logging_mixin.py:190} INFO - [2025-09-16T23:54:44.355+0000] {dagbag.py:588} INFO - Filling up the DagBag from /home/airflow/.local/lib/python3.12/site-packages/airflow/example_dags/example_branch_labels.py
[2025-09-16T23:54:44.370+0000] {processor.py:925} INFO - DAG(s) 'example_branch_labels' retrieved from /home/airflow/.local/lib/python3.12/site-packages/airflow/example_dags/example_branch_labels.py
[2025-09-16T23:54:44.383+0000] {logging_mixin.py:190} INFO - [2025-09-16T23:54:44.383+0000] {dag.py:3239} INFO - Sync 1 DAGs
[2025-09-16T23:54:44.402+0000] {logging_mixin.py:190} INFO - [2025-09-16T23:54:44.402+0000] {dag.py:4180} INFO - Setting next_dagrun for example_branch_labels to 2025-09-15 00:00:00+00:00, run_after=2025-09-16 00:00:00+00:00
[2025-09-16T23:54:44.422+0000] {processor.py:208} INFO - Processing /home/airflow/.local/lib/python3.12/site-packages/airflow/example_dags/example_branch_labels.py took 0.082 seconds
[2025-09-16T23:55:15.310+0000] {processor.py:186} INFO - Started process (PID=1797) to work on /home/airflow/.local/lib/python3.12/site-packages/airflow/example_dags/example_branch_labels.py
[2025-09-16T23:55:15.311+0000] {processor.py:914} INFO - Processing file /home/airflow/.local/lib/python3.12/site-packages/airflow/example_dags/example_branch_labels.py for tasks to queue
[2025-09-16T23:55:15.312+0000] {logging_mixin.py:190} INFO - [2025-09-16T23:55:15.312+0000] {dagbag.py:588} INFO - Filling up the DagBag from /home/airflow/.local/lib/python3.12/site-packages/airflow/example_dags/example_branch_labels.py
[2025-09-16T23:55:15.318+0000] {processor.py:925} INFO - DAG(s) 'example_branch_labels' retrieved from /home/airflow/.local/lib/python3.12/site-packages/airflow/example_dags/example_branch_labels.py
[2025-09-16T23:55:15.328+0000] {logging_mixin.py:190} INFO - [2025-09-16T23:55:15.328+0000] {dag.py:3239} INFO - Sync 1 DAGs
[2025-09-16T23:55:15.338+0000] {logging_mixin.py:190} INFO - [2025-09-16T23:55:15.338+0000] {dag.py:4180} INFO - Setting next_dagrun for example_branch_labels to 2025-09-15 00:00:00+00:00, run_after=2025-09-16 00:00:00+00:00
[2025-09-16T23:55:15.347+0000] {processor.py:208} INFO - Processing /home/airflow/.local/lib/python3.12/site-packages/airflow/example_dags/example_branch_labels.py took 0.040 seconds
[2025-09-16T23:55:46.461+0000] {processor.py:186} INFO - Started process (PID=1860) to work on /home/airflow/.local/lib/python3.12/site-packages/airflow/example_dags/example_branch_labels.py
[2025-09-16T23:55:46.462+0000] {processor.py:914} INFO - Processing file /home/airflow/.local/lib/python3.12/site-packages/airflow/example_dags/example_branch_labels.py for tasks to queue
[2025-09-16T23:55:46.463+0000] {logging_mixin.py:190} INFO - [2025-09-16T23:55:46.463+0000] {dagbag.py:588} INFO - Filling up the DagBag from /home/airflow/.local/lib/python3.12/site-packages/airflow/example_dags/example_branch_labels.py
[2025-09-16T23:55:46.473+0000] {processor.py:925} INFO - DAG(s) 'example_branch_labels' retrieved from /home/airflow/.local/lib/python3.12/site-packages/airflow/example_dags/example_branch_labels.py
[2025-09-16T23:55:46.492+0000] {logging_mixin.py:190} INFO - [2025-09-16T23:55:46.491+0000] {dag.py:3239} INFO - Sync 1 DAGs
[2025-09-16T23:55:46.508+0000] {logging_mixin.py:190} INFO - [2025-09-16T23:55:46.508+0000] {dag.py:4180} INFO - Setting next_dagrun for example_branch_labels to 2025-09-15 00:00:00+00:00, run_after=2025-09-16 00:00:00+00:00
[2025-09-16T23:55:46.526+0000] {processor.py:208} INFO - Processing /home/airflow/.local/lib/python3.12/site-packages/airflow/example_dags/example_branch_labels.py took 0.070 seconds
[2025-09-16T23:56:17.736+0000] {processor.py:186} INFO - Started process (PID=1923) to work on /home/airflow/.local/lib/python3.12/site-packages/airflow/example_dags/example_branch_labels.py
[2025-09-16T23:56:17.736+0000] {processor.py:914} INFO - Processing file /home/airflow/.local/lib/python3.12/site-packages/airflow/example_dags/example_branch_labels.py for tasks to queue
[2025-09-16T23:56:17.737+0000] {logging_mixin.py:190} INFO - [2025-09-16T23:56:17.737+0000] {dagbag.py:588} INFO - Filling up the DagBag from /home/airflow/.local/lib/python3.12/site-packages/airflow/example_dags/example_branch_labels.py
[2025-09-16T23:56:17.743+0000] {processor.py:925} INFO - DAG(s) 'example_branch_labels' retrieved from /home/airflow/.local/lib/python3.12/site-packages/airflow/example_dags/example_branch_labels.py
[2025-09-16T23:56:17.752+0000] {logging_mixin.py:190} INFO - [2025-09-16T23:56:17.752+0000] {dag.py:3239} INFO - Sync 1 DAGs
[2025-09-16T23:56:17.763+0000] {logging_mixin.py:190} INFO - [2025-09-16T23:56:17.763+0000] {dag.py:4180} INFO - Setting next_dagrun for example_branch_labels to 2025-09-15 00:00:00+00:00, run_after=2025-09-16 00:00:00+00:00
[2025-09-16T23:56:17.770+0000] {processor.py:208} INFO - Processing /home/airflow/.local/lib/python3.12/site-packages/airflow/example_dags/example_branch_labels.py took 0.037 seconds
[2025-09-16T23:56:48.853+0000] {processor.py:186} INFO - Started process (PID=1986) to work on /home/airflow/.local/lib/python3.12/site-packages/airflow/example_dags/example_branch_labels.py
[2025-09-16T23:56:48.854+0000] {processor.py:914} INFO - Processing file /home/airflow/.local/lib/python3.12/site-packages/airflow/example_dags/example_branch_labels.py for tasks to queue
[2025-09-16T23:56:48.855+0000] {logging_mixin.py:190} INFO - [2025-09-16T23:56:48.855+0000] {dagbag.py:588} INFO - Filling up the DagBag from /home/airflow/.local/lib/python3.12/site-packages/airflow/example_dags/example_branch_labels.py
[2025-09-16T23:56:48.860+0000] {processor.py:925} INFO - DAG(s) 'example_branch_labels' retrieved from /home/airflow/.local/lib/python3.12/site-packages/airflow/example_dags/example_branch_labels.py
[2025-09-16T23:56:48.871+0000] {logging_mixin.py:190} INFO - [2025-09-16T23:56:48.871+0000] {dag.py:3239} INFO - Sync 1 DAGs
[2025-09-16T23:56:48.881+0000] {logging_mixin.py:190} INFO - [2025-09-16T23:56:48.881+0000] {dag.py:4180} INFO - Setting next_dagrun for example_branch_labels to 2025-09-15 00:00:00+00:00, run_after=2025-09-16 00:00:00+00:00
[2025-09-16T23:56:48.889+0000] {processor.py:208} INFO - Processing /home/airflow/.local/lib/python3.12/site-packages/airflow/example_dags/example_branch_labels.py took 0.039 seconds
[2025-09-16T23:57:19.939+0000] {processor.py:186} INFO - Started process (PID=2049) to work on /home/airflow/.local/lib/python3.12/site-packages/airflow/example_dags/example_branch_labels.py
[2025-09-16T23:57:19.940+0000] {processor.py:914} INFO - Processing file /home/airflow/.local/lib/python3.12/site-packages/airflow/example_dags/example_branch_labels.py for tasks to queue
[2025-09-16T23:57:19.941+0000] {logging_mixin.py:190} INFO - [2025-09-16T23:57:19.941+0000] {dagbag.py:588} INFO - Filling up the DagBag from /home/airflow/.local/lib/python3.12/site-packages/airflow/example_dags/example_branch_labels.py
[2025-09-16T23:57:19.946+0000] {processor.py:925} INFO - DAG(s) 'example_branch_labels' retrieved from /home/airflow/.local/lib/python3.12/site-packages/airflow/example_dags/example_branch_labels.py
[2025-09-16T23:57:19.956+0000] {logging_mixin.py:190} INFO - [2025-09-16T23:57:19.956+0000] {dag.py:3239} INFO - Sync 1 DAGs
[2025-09-16T23:57:19.967+0000] {logging_mixin.py:190} INFO - [2025-09-16T23:57:19.967+0000] {dag.py:4180} INFO - Setting next_dagrun for example_branch_labels to 2025-09-15 00:00:00+00:00, run_after=2025-09-16 00:00:00+00:00
[2025-09-16T23:57:19.979+0000] {processor.py:208} INFO - Processing /home/airflow/.local/lib/python3.12/site-packages/airflow/example_dags/example_branch_labels.py took 0.043 seconds
[2025-09-16T23:57:51.086+0000] {processor.py:186} INFO - Started process (PID=2112) to work on /home/airflow/.local/lib/python3.12/site-packages/airflow/example_dags/example_branch_labels.py
[2025-09-16T23:57:51.087+0000] {processor.py:914} INFO - Processing file /home/airflow/.local/lib/python3.12/site-packages/airflow/example_dags/example_branch_labels.py for tasks to queue
[2025-09-16T23:57:51.088+0000] {logging_mixin.py:190} INFO - [2025-09-16T23:57:51.088+0000] {dagbag.py:588} INFO - Filling up the DagBag from /home/airflow/.local/lib/python3.12/site-packages/airflow/example_dags/example_branch_labels.py
[2025-09-16T23:57:51.093+0000] {processor.py:925} INFO - DAG(s) 'example_branch_labels' retrieved from /home/airflow/.local/lib/python3.12/site-packages/airflow/example_dags/example_branch_labels.py
[2025-09-16T23:57:51.103+0000] {logging_mixin.py:190} INFO - [2025-09-16T23:57:51.103+0000] {dag.py:3239} INFO - Sync 1 DAGs
[2025-09-16T23:57:51.114+0000] {logging_mixin.py:190} INFO - [2025-09-16T23:57:51.114+0000] {dag.py:4180} INFO - Setting next_dagrun for example_branch_labels to 2025-09-15 00:00:00+00:00, run_after=2025-09-16 00:00:00+00:00
[2025-09-16T23:57:51.122+0000] {processor.py:208} INFO - Processing /home/airflow/.local/lib/python3.12/site-packages/airflow/example_dags/example_branch_labels.py took 0.039 seconds
[2025-09-16T23:58:22.210+0000] {processor.py:186} INFO - Started process (PID=2175) to work on /home/airflow/.local/lib/python3.12/site-packages/airflow/example_dags/example_branch_labels.py
[2025-09-16T23:58:22.211+0000] {processor.py:914} INFO - Processing file /home/airflow/.local/lib/python3.12/site-packages/airflow/example_dags/example_branch_labels.py for tasks to queue
[2025-09-16T23:58:22.212+0000] {logging_mixin.py:190} INFO - [2025-09-16T23:58:22.212+0000] {dagbag.py:588} INFO - Filling up the DagBag from /home/airflow/.local/lib/python3.12/site-packages/airflow/example_dags/example_branch_labels.py
[2025-09-16T23:58:22.217+0000] {processor.py:925} INFO - DAG(s) 'example_branch_labels' retrieved from /home/airflow/.local/lib/python3.12/site-packages/airflow/example_dags/example_branch_labels.py
[2025-09-16T23:58:22.228+0000] {logging_mixin.py:190} INFO - [2025-09-16T23:58:22.227+0000] {dag.py:3239} INFO - Sync 1 DAGs
[2025-09-16T23:58:22.238+0000] {logging_mixin.py:190} INFO - [2025-09-16T23:58:22.238+0000] {dag.py:4180} INFO - Setting next_dagrun for example_branch_labels to 2025-09-15 00:00:00+00:00, run_after=2025-09-16 00:00:00+00:00
[2025-09-16T23:58:22.246+0000] {processor.py:208} INFO - Processing /home/airflow/.local/lib/python3.12/site-packages/airflow/example_dags/example_branch_labels.py took 0.039 seconds
[2025-09-16T23:58:53.241+0000] {processor.py:186} INFO - Started process (PID=2244) to work on /home/airflow/.local/lib/python3.12/site-packages/airflow/example_dags/example_branch_labels.py
[2025-09-16T23:58:53.242+0000] {processor.py:914} INFO - Processing file /home/airflow/.local/lib/python3.12/site-packages/airflow/example_dags/example_branch_labels.py for tasks to queue
[2025-09-16T23:58:53.244+0000] {logging_mixin.py:190} INFO - [2025-09-16T23:58:53.243+0000] {dagbag.py:588} INFO - Filling up the DagBag from /home/airflow/.local/lib/python3.12/site-packages/airflow/example_dags/example_branch_labels.py
[2025-09-16T23:58:53.249+0000] {processor.py:925} INFO - DAG(s) 'example_branch_labels' retrieved from /home/airflow/.local/lib/python3.12/site-packages/airflow/example_dags/example_branch_labels.py
[2025-09-16T23:58:53.258+0000] {logging_mixin.py:190} INFO - [2025-09-16T23:58:53.258+0000] {dag.py:3239} INFO - Sync 1 DAGs
[2025-09-16T23:58:53.269+0000] {logging_mixin.py:190} INFO - [2025-09-16T23:58:53.269+0000] {dag.py:4180} INFO - Setting next_dagrun for example_branch_labels to 2025-09-15 00:00:00+00:00, run_after=2025-09-16 00:00:00+00:00
[2025-09-16T23:58:53.277+0000] {processor.py:208} INFO - Processing /home/airflow/.local/lib/python3.12/site-packages/airflow/example_dags/example_branch_labels.py took 0.039 seconds
[2025-09-16T23:59:24.297+0000] {processor.py:186} INFO - Started process (PID=2307) to work on /home/airflow/.local/lib/python3.12/site-packages/airflow/example_dags/example_branch_labels.py
[2025-09-16T23:59:24.298+0000] {processor.py:914} INFO - Processing file /home/airflow/.local/lib/python3.12/site-packages/airflow/example_dags/example_branch_labels.py for tasks to queue
[2025-09-16T23:59:24.299+0000] {logging_mixin.py:190} INFO - [2025-09-16T23:59:24.299+0000] {dagbag.py:588} INFO - Filling up the DagBag from /home/airflow/.local/lib/python3.12/site-packages/airflow/example_dags/example_branch_labels.py
[2025-09-16T23:59:24.304+0000] {processor.py:925} INFO - DAG(s) 'example_branch_labels' retrieved from /home/airflow/.local/lib/python3.12/site-packages/airflow/example_dags/example_branch_labels.py
[2025-09-16T23:59:24.314+0000] {logging_mixin.py:190} INFO - [2025-09-16T23:59:24.314+0000] {dag.py:3239} INFO - Sync 1 DAGs
[2025-09-16T23:59:24.326+0000] {logging_mixin.py:190} INFO - [2025-09-16T23:59:24.326+0000] {dag.py:4180} INFO - Setting next_dagrun for example_branch_labels to 2025-09-15 00:00:00+00:00, run_after=2025-09-16 00:00:00+00:00
[2025-09-16T23:59:24.339+0000] {processor.py:208} INFO - Processing /home/airflow/.local/lib/python3.12/site-packages/airflow/example_dags/example_branch_labels.py took 0.045 seconds
[2025-09-16T23:59:55.693+0000] {processor.py:186} INFO - Started process (PID=2370) to work on /home/airflow/.local/lib/python3.12/site-packages/airflow/example_dags/example_branch_labels.py
[2025-09-16T23:59:55.693+0000] {processor.py:914} INFO - Processing file /home/airflow/.local/lib/python3.12/site-packages/airflow/example_dags/example_branch_labels.py for tasks to queue
[2025-09-16T23:59:55.695+0000] {logging_mixin.py:190} INFO - [2025-09-16T23:59:55.695+0000] {dagbag.py:588} INFO - Filling up the DagBag from /home/airflow/.local/lib/python3.12/site-packages/airflow/example_dags/example_branch_labels.py
[2025-09-16T23:59:55.701+0000] {processor.py:925} INFO - DAG(s) 'example_branch_labels' retrieved from /home/airflow/.local/lib/python3.12/site-packages/airflow/example_dags/example_branch_labels.py
[2025-09-16T23:59:55.717+0000] {logging_mixin.py:190} INFO - [2025-09-16T23:59:55.717+0000] {dag.py:3239} INFO - Sync 1 DAGs
[2025-09-16T23:59:55.730+0000] {logging_mixin.py:190} INFO - [2025-09-16T23:59:55.730+0000] {dag.py:4180} INFO - Setting next_dagrun for example_branch_labels to 2025-09-15 00:00:00+00:00, run_after=2025-09-16 00:00:00+00:00
[2025-09-16T23:59:55.740+0000] {processor.py:208} INFO - Processing /home/airflow/.local/lib/python3.12/site-packages/airflow/example_dags/example_branch_labels.py took 0.052 seconds
