[2025-09-16T23:41:17.427+0000] {processor.py:186} INFO - Started process (PID=72) to work on /home/airflow/.local/lib/python3.12/site-packages/airflow/example_dags/example_skip_dag.py
[2025-09-16T23:41:17.427+0000] {processor.py:914} INFO - Processing file /home/airflow/.local/lib/python3.12/site-packages/airflow/example_dags/example_skip_dag.py for tasks to queue
[2025-09-16T23:41:17.428+0000] {logging_mixin.py:190} INFO - [2025-09-16T23:41:17.428+0000] {dagbag.py:588} INFO - Filling up the DagBag from /home/airflow/.local/lib/python3.12/site-packages/airflow/example_dags/example_skip_dag.py
[2025-09-16T23:41:17.435+0000] {processor.py:925} INFO - DAG(s) 'example_skip_dag' retrieved from /home/airflow/.local/lib/python3.12/site-packages/airflow/example_dags/example_skip_dag.py
[2025-09-16T23:41:17.492+0000] {logging_mixin.py:190} INFO - [2025-09-16T23:41:17.492+0000] {override.py:1911} INFO - Created Permission View: can edit on DAG:example_skip_dag
[2025-09-16T23:41:17.502+0000] {logging_mixin.py:190} INFO - [2025-09-16T23:41:17.502+0000] {override.py:1911} INFO - Created Permission View: can delete on DAG:example_skip_dag
[2025-09-16T23:41:17.509+0000] {logging_mixin.py:190} INFO - [2025-09-16T23:41:17.509+0000] {override.py:1911} INFO - Created Permission View: can read on DAG:example_skip_dag
[2025-09-16T23:41:17.519+0000] {logging_mixin.py:190} INFO - [2025-09-16T23:41:17.519+0000] {override.py:1911} INFO - Created Permission View: menu access on DAG Run:example_skip_dag
[2025-09-16T23:41:17.524+0000] {logging_mixin.py:190} INFO - [2025-09-16T23:41:17.524+0000] {override.py:1911} INFO - Created Permission View: can create on DAG Run:example_skip_dag
[2025-09-16T23:41:17.530+0000] {logging_mixin.py:190} INFO - [2025-09-16T23:41:17.530+0000] {override.py:1911} INFO - Created Permission View: can delete on DAG Run:example_skip_dag
[2025-09-16T23:41:17.534+0000] {logging_mixin.py:190} INFO - [2025-09-16T23:41:17.534+0000] {override.py:1911} INFO - Created Permission View: can read on DAG Run:example_skip_dag
[2025-09-16T23:41:17.534+0000] {logging_mixin.py:190} INFO - [2025-09-16T23:41:17.534+0000] {dag.py:3239} INFO - Sync 1 DAGs
[2025-09-16T23:41:17.546+0000] {logging_mixin.py:190} INFO - [2025-09-16T23:41:17.546+0000] {dag.py:3262} INFO - Creating ORM DAG for example_skip_dag
[2025-09-16T23:41:17.552+0000] {logging_mixin.py:190} INFO - [2025-09-16T23:41:17.552+0000] {dag.py:4180} INFO - Setting next_dagrun for example_skip_dag to 2025-09-15 00:00:00+00:00, run_after=2025-09-16 00:00:00+00:00
[2025-09-16T23:41:17.570+0000] {processor.py:208} INFO - Processing /home/airflow/.local/lib/python3.12/site-packages/airflow/example_dags/example_skip_dag.py took 0.147 seconds
[2025-09-16T23:41:47.879+0000] {processor.py:186} INFO - Started process (PID=135) to work on /home/airflow/.local/lib/python3.12/site-packages/airflow/example_dags/example_skip_dag.py
[2025-09-16T23:41:47.880+0000] {processor.py:914} INFO - Processing file /home/airflow/.local/lib/python3.12/site-packages/airflow/example_dags/example_skip_dag.py for tasks to queue
[2025-09-16T23:41:47.882+0000] {logging_mixin.py:190} INFO - [2025-09-16T23:41:47.882+0000] {dagbag.py:588} INFO - Filling up the DagBag from /home/airflow/.local/lib/python3.12/site-packages/airflow/example_dags/example_skip_dag.py
[2025-09-16T23:41:47.888+0000] {processor.py:925} INFO - DAG(s) 'example_skip_dag' retrieved from /home/airflow/.local/lib/python3.12/site-packages/airflow/example_dags/example_skip_dag.py
[2025-09-16T23:41:47.900+0000] {logging_mixin.py:190} INFO - [2025-09-16T23:41:47.900+0000] {dag.py:3239} INFO - Sync 1 DAGs
[2025-09-16T23:41:47.913+0000] {logging_mixin.py:190} INFO - [2025-09-16T23:41:47.913+0000] {dag.py:4180} INFO - Setting next_dagrun for example_skip_dag to 2025-09-15 00:00:00+00:00, run_after=2025-09-16 00:00:00+00:00
[2025-09-16T23:41:47.921+0000] {processor.py:208} INFO - Processing /home/airflow/.local/lib/python3.12/site-packages/airflow/example_dags/example_skip_dag.py took 0.046 seconds
[2025-09-16T23:42:18.899+0000] {processor.py:186} INFO - Started process (PID=198) to work on /home/airflow/.local/lib/python3.12/site-packages/airflow/example_dags/example_skip_dag.py
[2025-09-16T23:42:18.902+0000] {processor.py:914} INFO - Processing file /home/airflow/.local/lib/python3.12/site-packages/airflow/example_dags/example_skip_dag.py for tasks to queue
[2025-09-16T23:42:18.904+0000] {logging_mixin.py:190} INFO - [2025-09-16T23:42:18.904+0000] {dagbag.py:588} INFO - Filling up the DagBag from /home/airflow/.local/lib/python3.12/site-packages/airflow/example_dags/example_skip_dag.py
[2025-09-16T23:42:18.909+0000] {processor.py:925} INFO - DAG(s) 'example_skip_dag' retrieved from /home/airflow/.local/lib/python3.12/site-packages/airflow/example_dags/example_skip_dag.py
[2025-09-16T23:42:18.924+0000] {logging_mixin.py:190} INFO - [2025-09-16T23:42:18.924+0000] {dag.py:3239} INFO - Sync 1 DAGs
[2025-09-16T23:42:18.937+0000] {logging_mixin.py:190} INFO - [2025-09-16T23:42:18.937+0000] {dag.py:4180} INFO - Setting next_dagrun for example_skip_dag to 2025-09-15 00:00:00+00:00, run_after=2025-09-16 00:00:00+00:00
[2025-09-16T23:42:18.947+0000] {processor.py:208} INFO - Processing /home/airflow/.local/lib/python3.12/site-packages/airflow/example_dags/example_skip_dag.py took 0.052 seconds
[2025-09-16T23:42:49.084+0000] {processor.py:186} INFO - Started process (PID=260) to work on /home/airflow/.local/lib/python3.12/site-packages/airflow/example_dags/example_skip_dag.py
[2025-09-16T23:42:49.085+0000] {processor.py:914} INFO - Processing file /home/airflow/.local/lib/python3.12/site-packages/airflow/example_dags/example_skip_dag.py for tasks to queue
[2025-09-16T23:42:49.086+0000] {logging_mixin.py:190} INFO - [2025-09-16T23:42:49.086+0000] {dagbag.py:588} INFO - Filling up the DagBag from /home/airflow/.local/lib/python3.12/site-packages/airflow/example_dags/example_skip_dag.py
[2025-09-16T23:42:49.092+0000] {processor.py:925} INFO - DAG(s) 'example_skip_dag' retrieved from /home/airflow/.local/lib/python3.12/site-packages/airflow/example_dags/example_skip_dag.py
[2025-09-16T23:42:49.111+0000] {logging_mixin.py:190} INFO - [2025-09-16T23:42:49.111+0000] {dag.py:3239} INFO - Sync 1 DAGs
[2025-09-16T23:42:49.139+0000] {logging_mixin.py:190} INFO - [2025-09-16T23:42:49.139+0000] {dag.py:4180} INFO - Setting next_dagrun for example_skip_dag to 2025-09-15 00:00:00+00:00, run_after=2025-09-16 00:00:00+00:00
[2025-09-16T23:42:49.160+0000] {processor.py:208} INFO - Processing /home/airflow/.local/lib/python3.12/site-packages/airflow/example_dags/example_skip_dag.py took 0.080 seconds
[2025-09-16T23:43:19.846+0000] {processor.py:186} INFO - Started process (PID=328) to work on /home/airflow/.local/lib/python3.12/site-packages/airflow/example_dags/example_skip_dag.py
[2025-09-16T23:43:19.847+0000] {processor.py:914} INFO - Processing file /home/airflow/.local/lib/python3.12/site-packages/airflow/example_dags/example_skip_dag.py for tasks to queue
[2025-09-16T23:43:19.848+0000] {logging_mixin.py:190} INFO - [2025-09-16T23:43:19.848+0000] {dagbag.py:588} INFO - Filling up the DagBag from /home/airflow/.local/lib/python3.12/site-packages/airflow/example_dags/example_skip_dag.py
[2025-09-16T23:43:19.852+0000] {processor.py:925} INFO - DAG(s) 'example_skip_dag' retrieved from /home/airflow/.local/lib/python3.12/site-packages/airflow/example_dags/example_skip_dag.py
[2025-09-16T23:43:19.862+0000] {logging_mixin.py:190} INFO - [2025-09-16T23:43:19.862+0000] {dag.py:3239} INFO - Sync 1 DAGs
[2025-09-16T23:43:19.873+0000] {logging_mixin.py:190} INFO - [2025-09-16T23:43:19.873+0000] {dag.py:4180} INFO - Setting next_dagrun for example_skip_dag to 2025-09-15 00:00:00+00:00, run_after=2025-09-16 00:00:00+00:00
[2025-09-16T23:43:19.880+0000] {processor.py:208} INFO - Processing /home/airflow/.local/lib/python3.12/site-packages/airflow/example_dags/example_skip_dag.py took 0.037 seconds
[2025-09-16T23:43:50.490+0000] {processor.py:186} INFO - Started process (PID=391) to work on /home/airflow/.local/lib/python3.12/site-packages/airflow/example_dags/example_skip_dag.py
[2025-09-16T23:43:50.491+0000] {processor.py:914} INFO - Processing file /home/airflow/.local/lib/python3.12/site-packages/airflow/example_dags/example_skip_dag.py for tasks to queue
[2025-09-16T23:43:50.494+0000] {logging_mixin.py:190} INFO - [2025-09-16T23:43:50.494+0000] {dagbag.py:588} INFO - Filling up the DagBag from /home/airflow/.local/lib/python3.12/site-packages/airflow/example_dags/example_skip_dag.py
[2025-09-16T23:43:50.502+0000] {processor.py:925} INFO - DAG(s) 'example_skip_dag' retrieved from /home/airflow/.local/lib/python3.12/site-packages/airflow/example_dags/example_skip_dag.py
[2025-09-16T23:43:50.517+0000] {logging_mixin.py:190} INFO - [2025-09-16T23:43:50.516+0000] {dag.py:3239} INFO - Sync 1 DAGs
[2025-09-16T23:43:50.532+0000] {logging_mixin.py:190} INFO - [2025-09-16T23:43:50.531+0000] {dag.py:4180} INFO - Setting next_dagrun for example_skip_dag to 2025-09-15 00:00:00+00:00, run_after=2025-09-16 00:00:00+00:00
[2025-09-16T23:43:50.541+0000] {processor.py:208} INFO - Processing /home/airflow/.local/lib/python3.12/site-packages/airflow/example_dags/example_skip_dag.py took 0.055 seconds
[2025-09-16T23:44:21.290+0000] {processor.py:186} INFO - Started process (PID=454) to work on /home/airflow/.local/lib/python3.12/site-packages/airflow/example_dags/example_skip_dag.py
[2025-09-16T23:44:21.291+0000] {processor.py:914} INFO - Processing file /home/airflow/.local/lib/python3.12/site-packages/airflow/example_dags/example_skip_dag.py for tasks to queue
[2025-09-16T23:44:21.292+0000] {logging_mixin.py:190} INFO - [2025-09-16T23:44:21.292+0000] {dagbag.py:588} INFO - Filling up the DagBag from /home/airflow/.local/lib/python3.12/site-packages/airflow/example_dags/example_skip_dag.py
[2025-09-16T23:44:21.296+0000] {processor.py:925} INFO - DAG(s) 'example_skip_dag' retrieved from /home/airflow/.local/lib/python3.12/site-packages/airflow/example_dags/example_skip_dag.py
[2025-09-16T23:44:21.310+0000] {logging_mixin.py:190} INFO - [2025-09-16T23:44:21.310+0000] {dag.py:3239} INFO - Sync 1 DAGs
[2025-09-16T23:44:21.325+0000] {logging_mixin.py:190} INFO - [2025-09-16T23:44:21.325+0000] {dag.py:4180} INFO - Setting next_dagrun for example_skip_dag to 2025-09-15 00:00:00+00:00, run_after=2025-09-16 00:00:00+00:00
[2025-09-16T23:44:21.339+0000] {processor.py:208} INFO - Processing /home/airflow/.local/lib/python3.12/site-packages/airflow/example_dags/example_skip_dag.py took 0.052 seconds
[2025-09-16T23:44:51.971+0000] {processor.py:186} INFO - Started process (PID=517) to work on /home/airflow/.local/lib/python3.12/site-packages/airflow/example_dags/example_skip_dag.py
[2025-09-16T23:44:51.971+0000] {processor.py:914} INFO - Processing file /home/airflow/.local/lib/python3.12/site-packages/airflow/example_dags/example_skip_dag.py for tasks to queue
[2025-09-16T23:44:51.973+0000] {logging_mixin.py:190} INFO - [2025-09-16T23:44:51.972+0000] {dagbag.py:588} INFO - Filling up the DagBag from /home/airflow/.local/lib/python3.12/site-packages/airflow/example_dags/example_skip_dag.py
[2025-09-16T23:44:51.977+0000] {processor.py:925} INFO - DAG(s) 'example_skip_dag' retrieved from /home/airflow/.local/lib/python3.12/site-packages/airflow/example_dags/example_skip_dag.py
[2025-09-16T23:44:51.990+0000] {logging_mixin.py:190} INFO - [2025-09-16T23:44:51.990+0000] {dag.py:3239} INFO - Sync 1 DAGs
[2025-09-16T23:44:52.003+0000] {logging_mixin.py:190} INFO - [2025-09-16T23:44:52.003+0000] {dag.py:4180} INFO - Setting next_dagrun for example_skip_dag to 2025-09-15 00:00:00+00:00, run_after=2025-09-16 00:00:00+00:00
[2025-09-16T23:44:52.013+0000] {processor.py:208} INFO - Processing /home/airflow/.local/lib/python3.12/site-packages/airflow/example_dags/example_skip_dag.py took 0.045 seconds
[2025-09-16T23:45:22.231+0000] {processor.py:186} INFO - Started process (PID=580) to work on /home/airflow/.local/lib/python3.12/site-packages/airflow/example_dags/example_skip_dag.py
[2025-09-16T23:45:22.232+0000] {processor.py:914} INFO - Processing file /home/airflow/.local/lib/python3.12/site-packages/airflow/example_dags/example_skip_dag.py for tasks to queue
[2025-09-16T23:45:22.234+0000] {logging_mixin.py:190} INFO - [2025-09-16T23:45:22.233+0000] {dagbag.py:588} INFO - Filling up the DagBag from /home/airflow/.local/lib/python3.12/site-packages/airflow/example_dags/example_skip_dag.py
[2025-09-16T23:45:22.243+0000] {processor.py:925} INFO - DAG(s) 'example_skip_dag' retrieved from /home/airflow/.local/lib/python3.12/site-packages/airflow/example_dags/example_skip_dag.py
[2025-09-16T23:45:22.255+0000] {logging_mixin.py:190} INFO - [2025-09-16T23:45:22.255+0000] {dag.py:3239} INFO - Sync 1 DAGs
[2025-09-16T23:45:22.265+0000] {logging_mixin.py:190} INFO - [2025-09-16T23:45:22.265+0000] {dag.py:4180} INFO - Setting next_dagrun for example_skip_dag to 2025-09-15 00:00:00+00:00, run_after=2025-09-16 00:00:00+00:00
[2025-09-16T23:45:22.274+0000] {processor.py:208} INFO - Processing /home/airflow/.local/lib/python3.12/site-packages/airflow/example_dags/example_skip_dag.py took 0.046 seconds
[2025-09-16T23:45:52.959+0000] {processor.py:186} INFO - Started process (PID=643) to work on /home/airflow/.local/lib/python3.12/site-packages/airflow/example_dags/example_skip_dag.py
[2025-09-16T23:45:52.959+0000] {processor.py:914} INFO - Processing file /home/airflow/.local/lib/python3.12/site-packages/airflow/example_dags/example_skip_dag.py for tasks to queue
[2025-09-16T23:45:52.963+0000] {logging_mixin.py:190} INFO - [2025-09-16T23:45:52.963+0000] {dagbag.py:588} INFO - Filling up the DagBag from /home/airflow/.local/lib/python3.12/site-packages/airflow/example_dags/example_skip_dag.py
[2025-09-16T23:45:52.968+0000] {processor.py:925} INFO - DAG(s) 'example_skip_dag' retrieved from /home/airflow/.local/lib/python3.12/site-packages/airflow/example_dags/example_skip_dag.py
[2025-09-16T23:45:52.980+0000] {logging_mixin.py:190} INFO - [2025-09-16T23:45:52.980+0000] {dag.py:3239} INFO - Sync 1 DAGs
[2025-09-16T23:45:52.991+0000] {logging_mixin.py:190} INFO - [2025-09-16T23:45:52.991+0000] {dag.py:4180} INFO - Setting next_dagrun for example_skip_dag to 2025-09-15 00:00:00+00:00, run_after=2025-09-16 00:00:00+00:00
[2025-09-16T23:45:53.003+0000] {processor.py:208} INFO - Processing /home/airflow/.local/lib/python3.12/site-packages/airflow/example_dags/example_skip_dag.py took 0.048 seconds
[2025-09-16T23:46:23.568+0000] {processor.py:186} INFO - Started process (PID=706) to work on /home/airflow/.local/lib/python3.12/site-packages/airflow/example_dags/example_skip_dag.py
[2025-09-16T23:46:23.569+0000] {processor.py:914} INFO - Processing file /home/airflow/.local/lib/python3.12/site-packages/airflow/example_dags/example_skip_dag.py for tasks to queue
[2025-09-16T23:46:23.571+0000] {logging_mixin.py:190} INFO - [2025-09-16T23:46:23.571+0000] {dagbag.py:588} INFO - Filling up the DagBag from /home/airflow/.local/lib/python3.12/site-packages/airflow/example_dags/example_skip_dag.py
[2025-09-16T23:46:23.578+0000] {processor.py:925} INFO - DAG(s) 'example_skip_dag' retrieved from /home/airflow/.local/lib/python3.12/site-packages/airflow/example_dags/example_skip_dag.py
[2025-09-16T23:46:23.591+0000] {logging_mixin.py:190} INFO - [2025-09-16T23:46:23.591+0000] {dag.py:3239} INFO - Sync 1 DAGs
[2025-09-16T23:46:23.603+0000] {logging_mixin.py:190} INFO - [2025-09-16T23:46:23.602+0000] {dag.py:4180} INFO - Setting next_dagrun for example_skip_dag to 2025-09-15 00:00:00+00:00, run_after=2025-09-16 00:00:00+00:00
[2025-09-16T23:46:23.611+0000] {processor.py:208} INFO - Processing /home/airflow/.local/lib/python3.12/site-packages/airflow/example_dags/example_skip_dag.py took 0.046 seconds
[2025-09-16T23:46:54.148+0000] {processor.py:186} INFO - Started process (PID=769) to work on /home/airflow/.local/lib/python3.12/site-packages/airflow/example_dags/example_skip_dag.py
[2025-09-16T23:46:54.149+0000] {processor.py:914} INFO - Processing file /home/airflow/.local/lib/python3.12/site-packages/airflow/example_dags/example_skip_dag.py for tasks to queue
[2025-09-16T23:46:54.150+0000] {logging_mixin.py:190} INFO - [2025-09-16T23:46:54.150+0000] {dagbag.py:588} INFO - Filling up the DagBag from /home/airflow/.local/lib/python3.12/site-packages/airflow/example_dags/example_skip_dag.py
[2025-09-16T23:46:54.154+0000] {processor.py:925} INFO - DAG(s) 'example_skip_dag' retrieved from /home/airflow/.local/lib/python3.12/site-packages/airflow/example_dags/example_skip_dag.py
[2025-09-16T23:46:54.163+0000] {logging_mixin.py:190} INFO - [2025-09-16T23:46:54.163+0000] {dag.py:3239} INFO - Sync 1 DAGs
[2025-09-16T23:46:54.174+0000] {logging_mixin.py:190} INFO - [2025-09-16T23:46:54.174+0000] {dag.py:4180} INFO - Setting next_dagrun for example_skip_dag to 2025-09-15 00:00:00+00:00, run_after=2025-09-16 00:00:00+00:00
[2025-09-16T23:46:54.181+0000] {processor.py:208} INFO - Processing /home/airflow/.local/lib/python3.12/site-packages/airflow/example_dags/example_skip_dag.py took 0.036 seconds
[2025-09-16T23:47:24.904+0000] {processor.py:186} INFO - Started process (PID=832) to work on /home/airflow/.local/lib/python3.12/site-packages/airflow/example_dags/example_skip_dag.py
[2025-09-16T23:47:24.907+0000] {processor.py:914} INFO - Processing file /home/airflow/.local/lib/python3.12/site-packages/airflow/example_dags/example_skip_dag.py for tasks to queue
[2025-09-16T23:47:24.908+0000] {logging_mixin.py:190} INFO - [2025-09-16T23:47:24.908+0000] {dagbag.py:588} INFO - Filling up the DagBag from /home/airflow/.local/lib/python3.12/site-packages/airflow/example_dags/example_skip_dag.py
[2025-09-16T23:47:24.916+0000] {processor.py:925} INFO - DAG(s) 'example_skip_dag' retrieved from /home/airflow/.local/lib/python3.12/site-packages/airflow/example_dags/example_skip_dag.py
[2025-09-16T23:47:24.928+0000] {logging_mixin.py:190} INFO - [2025-09-16T23:47:24.927+0000] {dag.py:3239} INFO - Sync 1 DAGs
[2025-09-16T23:47:24.939+0000] {logging_mixin.py:190} INFO - [2025-09-16T23:47:24.939+0000] {dag.py:4180} INFO - Setting next_dagrun for example_skip_dag to 2025-09-15 00:00:00+00:00, run_after=2025-09-16 00:00:00+00:00
[2025-09-16T23:47:24.948+0000] {processor.py:208} INFO - Processing /home/airflow/.local/lib/python3.12/site-packages/airflow/example_dags/example_skip_dag.py took 0.050 seconds
[2025-09-16T23:47:55.525+0000] {processor.py:186} INFO - Started process (PID=895) to work on /home/airflow/.local/lib/python3.12/site-packages/airflow/example_dags/example_skip_dag.py
[2025-09-16T23:47:55.526+0000] {processor.py:914} INFO - Processing file /home/airflow/.local/lib/python3.12/site-packages/airflow/example_dags/example_skip_dag.py for tasks to queue
[2025-09-16T23:47:55.528+0000] {logging_mixin.py:190} INFO - [2025-09-16T23:47:55.527+0000] {dagbag.py:588} INFO - Filling up the DagBag from /home/airflow/.local/lib/python3.12/site-packages/airflow/example_dags/example_skip_dag.py
[2025-09-16T23:47:55.532+0000] {processor.py:925} INFO - DAG(s) 'example_skip_dag' retrieved from /home/airflow/.local/lib/python3.12/site-packages/airflow/example_dags/example_skip_dag.py
[2025-09-16T23:47:55.545+0000] {logging_mixin.py:190} INFO - [2025-09-16T23:47:55.545+0000] {dag.py:3239} INFO - Sync 1 DAGs
[2025-09-16T23:47:55.560+0000] {logging_mixin.py:190} INFO - [2025-09-16T23:47:55.559+0000] {dag.py:4180} INFO - Setting next_dagrun for example_skip_dag to 2025-09-15 00:00:00+00:00, run_after=2025-09-16 00:00:00+00:00
[2025-09-16T23:47:55.572+0000] {processor.py:208} INFO - Processing /home/airflow/.local/lib/python3.12/site-packages/airflow/example_dags/example_skip_dag.py took 0.051 seconds
[2025-09-16T23:48:26.430+0000] {processor.py:186} INFO - Started process (PID=958) to work on /home/airflow/.local/lib/python3.12/site-packages/airflow/example_dags/example_skip_dag.py
[2025-09-16T23:48:26.433+0000] {processor.py:914} INFO - Processing file /home/airflow/.local/lib/python3.12/site-packages/airflow/example_dags/example_skip_dag.py for tasks to queue
[2025-09-16T23:48:26.435+0000] {logging_mixin.py:190} INFO - [2025-09-16T23:48:26.435+0000] {dagbag.py:588} INFO - Filling up the DagBag from /home/airflow/.local/lib/python3.12/site-packages/airflow/example_dags/example_skip_dag.py
[2025-09-16T23:48:26.440+0000] {processor.py:925} INFO - DAG(s) 'example_skip_dag' retrieved from /home/airflow/.local/lib/python3.12/site-packages/airflow/example_dags/example_skip_dag.py
[2025-09-16T23:48:26.454+0000] {logging_mixin.py:190} INFO - [2025-09-16T23:48:26.454+0000] {dag.py:3239} INFO - Sync 1 DAGs
[2025-09-16T23:48:26.466+0000] {logging_mixin.py:190} INFO - [2025-09-16T23:48:26.466+0000] {dag.py:4180} INFO - Setting next_dagrun for example_skip_dag to 2025-09-15 00:00:00+00:00, run_after=2025-09-16 00:00:00+00:00
[2025-09-16T23:48:26.475+0000] {processor.py:208} INFO - Processing /home/airflow/.local/lib/python3.12/site-packages/airflow/example_dags/example_skip_dag.py took 0.048 seconds
[2025-09-16T23:48:57.308+0000] {processor.py:186} INFO - Started process (PID=1021) to work on /home/airflow/.local/lib/python3.12/site-packages/airflow/example_dags/example_skip_dag.py
[2025-09-16T23:48:57.308+0000] {processor.py:914} INFO - Processing file /home/airflow/.local/lib/python3.12/site-packages/airflow/example_dags/example_skip_dag.py for tasks to queue
[2025-09-16T23:48:57.310+0000] {logging_mixin.py:190} INFO - [2025-09-16T23:48:57.309+0000] {dagbag.py:588} INFO - Filling up the DagBag from /home/airflow/.local/lib/python3.12/site-packages/airflow/example_dags/example_skip_dag.py
[2025-09-16T23:48:57.314+0000] {processor.py:925} INFO - DAG(s) 'example_skip_dag' retrieved from /home/airflow/.local/lib/python3.12/site-packages/airflow/example_dags/example_skip_dag.py
[2025-09-16T23:48:57.324+0000] {logging_mixin.py:190} INFO - [2025-09-16T23:48:57.324+0000] {dag.py:3239} INFO - Sync 1 DAGs
[2025-09-16T23:48:57.342+0000] {logging_mixin.py:190} INFO - [2025-09-16T23:48:57.342+0000] {dag.py:4180} INFO - Setting next_dagrun for example_skip_dag to 2025-09-15 00:00:00+00:00, run_after=2025-09-16 00:00:00+00:00
[2025-09-16T23:48:57.351+0000] {processor.py:208} INFO - Processing /home/airflow/.local/lib/python3.12/site-packages/airflow/example_dags/example_skip_dag.py took 0.046 seconds
[2025-09-16T23:49:28.198+0000] {processor.py:186} INFO - Started process (PID=1084) to work on /home/airflow/.local/lib/python3.12/site-packages/airflow/example_dags/example_skip_dag.py
[2025-09-16T23:49:28.202+0000] {processor.py:914} INFO - Processing file /home/airflow/.local/lib/python3.12/site-packages/airflow/example_dags/example_skip_dag.py for tasks to queue
[2025-09-16T23:49:28.203+0000] {logging_mixin.py:190} INFO - [2025-09-16T23:49:28.203+0000] {dagbag.py:588} INFO - Filling up the DagBag from /home/airflow/.local/lib/python3.12/site-packages/airflow/example_dags/example_skip_dag.py
[2025-09-16T23:49:28.208+0000] {processor.py:925} INFO - DAG(s) 'example_skip_dag' retrieved from /home/airflow/.local/lib/python3.12/site-packages/airflow/example_dags/example_skip_dag.py
[2025-09-16T23:49:28.219+0000] {logging_mixin.py:190} INFO - [2025-09-16T23:49:28.219+0000] {dag.py:3239} INFO - Sync 1 DAGs
[2025-09-16T23:49:28.234+0000] {logging_mixin.py:190} INFO - [2025-09-16T23:49:28.234+0000] {dag.py:4180} INFO - Setting next_dagrun for example_skip_dag to 2025-09-15 00:00:00+00:00, run_after=2025-09-16 00:00:00+00:00
[2025-09-16T23:49:28.243+0000] {processor.py:208} INFO - Processing /home/airflow/.local/lib/python3.12/site-packages/airflow/example_dags/example_skip_dag.py took 0.049 seconds
[2025-09-16T23:49:58.645+0000] {processor.py:186} INFO - Started process (PID=1147) to work on /home/airflow/.local/lib/python3.12/site-packages/airflow/example_dags/example_skip_dag.py
[2025-09-16T23:49:58.646+0000] {processor.py:914} INFO - Processing file /home/airflow/.local/lib/python3.12/site-packages/airflow/example_dags/example_skip_dag.py for tasks to queue
[2025-09-16T23:49:58.647+0000] {logging_mixin.py:190} INFO - [2025-09-16T23:49:58.647+0000] {dagbag.py:588} INFO - Filling up the DagBag from /home/airflow/.local/lib/python3.12/site-packages/airflow/example_dags/example_skip_dag.py
[2025-09-16T23:49:58.652+0000] {processor.py:925} INFO - DAG(s) 'example_skip_dag' retrieved from /home/airflow/.local/lib/python3.12/site-packages/airflow/example_dags/example_skip_dag.py
[2025-09-16T23:49:58.662+0000] {logging_mixin.py:190} INFO - [2025-09-16T23:49:58.662+0000] {dag.py:3239} INFO - Sync 1 DAGs
[2025-09-16T23:49:58.674+0000] {logging_mixin.py:190} INFO - [2025-09-16T23:49:58.674+0000] {dag.py:4180} INFO - Setting next_dagrun for example_skip_dag to 2025-09-15 00:00:00+00:00, run_after=2025-09-16 00:00:00+00:00
[2025-09-16T23:49:58.723+0000] {processor.py:208} INFO - Processing /home/airflow/.local/lib/python3.12/site-packages/airflow/example_dags/example_skip_dag.py took 0.081 seconds
[2025-09-16T23:50:29.143+0000] {processor.py:186} INFO - Started process (PID=1210) to work on /home/airflow/.local/lib/python3.12/site-packages/airflow/example_dags/example_skip_dag.py
[2025-09-16T23:50:29.144+0000] {processor.py:914} INFO - Processing file /home/airflow/.local/lib/python3.12/site-packages/airflow/example_dags/example_skip_dag.py for tasks to queue
[2025-09-16T23:50:29.146+0000] {logging_mixin.py:190} INFO - [2025-09-16T23:50:29.146+0000] {dagbag.py:588} INFO - Filling up the DagBag from /home/airflow/.local/lib/python3.12/site-packages/airflow/example_dags/example_skip_dag.py
[2025-09-16T23:50:29.151+0000] {processor.py:925} INFO - DAG(s) 'example_skip_dag' retrieved from /home/airflow/.local/lib/python3.12/site-packages/airflow/example_dags/example_skip_dag.py
[2025-09-16T23:50:29.162+0000] {logging_mixin.py:190} INFO - [2025-09-16T23:50:29.162+0000] {dag.py:3239} INFO - Sync 1 DAGs
[2025-09-16T23:50:29.174+0000] {logging_mixin.py:190} INFO - [2025-09-16T23:50:29.173+0000] {dag.py:4180} INFO - Setting next_dagrun for example_skip_dag to 2025-09-15 00:00:00+00:00, run_after=2025-09-16 00:00:00+00:00
[2025-09-16T23:50:29.182+0000] {processor.py:208} INFO - Processing /home/airflow/.local/lib/python3.12/site-packages/airflow/example_dags/example_skip_dag.py took 0.043 seconds
[2025-09-16T23:50:59.261+0000] {processor.py:186} INFO - Started process (PID=1273) to work on /home/airflow/.local/lib/python3.12/site-packages/airflow/example_dags/example_skip_dag.py
[2025-09-16T23:50:59.264+0000] {processor.py:914} INFO - Processing file /home/airflow/.local/lib/python3.12/site-packages/airflow/example_dags/example_skip_dag.py for tasks to queue
[2025-09-16T23:50:59.266+0000] {logging_mixin.py:190} INFO - [2025-09-16T23:50:59.266+0000] {dagbag.py:588} INFO - Filling up the DagBag from /home/airflow/.local/lib/python3.12/site-packages/airflow/example_dags/example_skip_dag.py
[2025-09-16T23:50:59.275+0000] {processor.py:925} INFO - DAG(s) 'example_skip_dag' retrieved from /home/airflow/.local/lib/python3.12/site-packages/airflow/example_dags/example_skip_dag.py
[2025-09-16T23:50:59.293+0000] {logging_mixin.py:190} INFO - [2025-09-16T23:50:59.292+0000] {dag.py:3239} INFO - Sync 1 DAGs
[2025-09-16T23:50:59.310+0000] {logging_mixin.py:190} INFO - [2025-09-16T23:50:59.309+0000] {dag.py:4180} INFO - Setting next_dagrun for example_skip_dag to 2025-09-15 00:00:00+00:00, run_after=2025-09-16 00:00:00+00:00
[2025-09-16T23:50:59.319+0000] {processor.py:208} INFO - Processing /home/airflow/.local/lib/python3.12/site-packages/airflow/example_dags/example_skip_dag.py took 0.062 seconds
[2025-09-16T23:51:29.601+0000] {processor.py:186} INFO - Started process (PID=1336) to work on /home/airflow/.local/lib/python3.12/site-packages/airflow/example_dags/example_skip_dag.py
[2025-09-16T23:51:29.602+0000] {processor.py:914} INFO - Processing file /home/airflow/.local/lib/python3.12/site-packages/airflow/example_dags/example_skip_dag.py for tasks to queue
[2025-09-16T23:51:29.603+0000] {logging_mixin.py:190} INFO - [2025-09-16T23:51:29.603+0000] {dagbag.py:588} INFO - Filling up the DagBag from /home/airflow/.local/lib/python3.12/site-packages/airflow/example_dags/example_skip_dag.py
[2025-09-16T23:51:29.608+0000] {processor.py:925} INFO - DAG(s) 'example_skip_dag' retrieved from /home/airflow/.local/lib/python3.12/site-packages/airflow/example_dags/example_skip_dag.py
[2025-09-16T23:51:29.620+0000] {logging_mixin.py:190} INFO - [2025-09-16T23:51:29.620+0000] {dag.py:3239} INFO - Sync 1 DAGs
[2025-09-16T23:51:29.635+0000] {logging_mixin.py:190} INFO - [2025-09-16T23:51:29.634+0000] {dag.py:4180} INFO - Setting next_dagrun for example_skip_dag to 2025-09-15 00:00:00+00:00, run_after=2025-09-16 00:00:00+00:00
[2025-09-16T23:51:29.645+0000] {processor.py:208} INFO - Processing /home/airflow/.local/lib/python3.12/site-packages/airflow/example_dags/example_skip_dag.py took 0.048 seconds
[2025-09-16T23:52:00.101+0000] {processor.py:186} INFO - Started process (PID=1399) to work on /home/airflow/.local/lib/python3.12/site-packages/airflow/example_dags/example_skip_dag.py
[2025-09-16T23:52:00.102+0000] {processor.py:914} INFO - Processing file /home/airflow/.local/lib/python3.12/site-packages/airflow/example_dags/example_skip_dag.py for tasks to queue
[2025-09-16T23:52:00.103+0000] {logging_mixin.py:190} INFO - [2025-09-16T23:52:00.103+0000] {dagbag.py:588} INFO - Filling up the DagBag from /home/airflow/.local/lib/python3.12/site-packages/airflow/example_dags/example_skip_dag.py
[2025-09-16T23:52:00.108+0000] {processor.py:925} INFO - DAG(s) 'example_skip_dag' retrieved from /home/airflow/.local/lib/python3.12/site-packages/airflow/example_dags/example_skip_dag.py
[2025-09-16T23:52:00.125+0000] {logging_mixin.py:190} INFO - [2025-09-16T23:52:00.125+0000] {dag.py:3239} INFO - Sync 1 DAGs
[2025-09-16T23:52:00.140+0000] {logging_mixin.py:190} INFO - [2025-09-16T23:52:00.140+0000] {dag.py:4180} INFO - Setting next_dagrun for example_skip_dag to 2025-09-15 00:00:00+00:00, run_after=2025-09-16 00:00:00+00:00
[2025-09-16T23:52:00.151+0000] {processor.py:208} INFO - Processing /home/airflow/.local/lib/python3.12/site-packages/airflow/example_dags/example_skip_dag.py took 0.054 seconds
[2025-09-16T23:52:30.346+0000] {processor.py:186} INFO - Started process (PID=1462) to work on /home/airflow/.local/lib/python3.12/site-packages/airflow/example_dags/example_skip_dag.py
[2025-09-16T23:52:30.349+0000] {processor.py:914} INFO - Processing file /home/airflow/.local/lib/python3.12/site-packages/airflow/example_dags/example_skip_dag.py for tasks to queue
[2025-09-16T23:52:30.352+0000] {logging_mixin.py:190} INFO - [2025-09-16T23:52:30.351+0000] {dagbag.py:588} INFO - Filling up the DagBag from /home/airflow/.local/lib/python3.12/site-packages/airflow/example_dags/example_skip_dag.py
[2025-09-16T23:52:30.360+0000] {processor.py:925} INFO - DAG(s) 'example_skip_dag' retrieved from /home/airflow/.local/lib/python3.12/site-packages/airflow/example_dags/example_skip_dag.py
[2025-09-16T23:52:30.397+0000] {logging_mixin.py:190} INFO - [2025-09-16T23:52:30.396+0000] {dag.py:3239} INFO - Sync 1 DAGs
[2025-09-16T23:52:30.425+0000] {logging_mixin.py:190} INFO - [2025-09-16T23:52:30.425+0000] {dag.py:4180} INFO - Setting next_dagrun for example_skip_dag to 2025-09-15 00:00:00+00:00, run_after=2025-09-16 00:00:00+00:00
[2025-09-16T23:52:30.437+0000] {processor.py:208} INFO - Processing /home/airflow/.local/lib/python3.12/site-packages/airflow/example_dags/example_skip_dag.py took 0.094 seconds
[2025-09-16T23:53:00.827+0000] {processor.py:186} INFO - Started process (PID=1525) to work on /home/airflow/.local/lib/python3.12/site-packages/airflow/example_dags/example_skip_dag.py
[2025-09-16T23:53:00.828+0000] {processor.py:914} INFO - Processing file /home/airflow/.local/lib/python3.12/site-packages/airflow/example_dags/example_skip_dag.py for tasks to queue
[2025-09-16T23:53:00.833+0000] {logging_mixin.py:190} INFO - [2025-09-16T23:53:00.832+0000] {dagbag.py:588} INFO - Filling up the DagBag from /home/airflow/.local/lib/python3.12/site-packages/airflow/example_dags/example_skip_dag.py
[2025-09-16T23:53:00.841+0000] {processor.py:925} INFO - DAG(s) 'example_skip_dag' retrieved from /home/airflow/.local/lib/python3.12/site-packages/airflow/example_dags/example_skip_dag.py
[2025-09-16T23:53:00.861+0000] {logging_mixin.py:190} INFO - [2025-09-16T23:53:00.861+0000] {dag.py:3239} INFO - Sync 1 DAGs
[2025-09-16T23:53:00.877+0000] {logging_mixin.py:190} INFO - [2025-09-16T23:53:00.877+0000] {dag.py:4180} INFO - Setting next_dagrun for example_skip_dag to 2025-09-15 00:00:00+00:00, run_after=2025-09-16 00:00:00+00:00
[2025-09-16T23:53:00.887+0000] {processor.py:208} INFO - Processing /home/airflow/.local/lib/python3.12/site-packages/airflow/example_dags/example_skip_dag.py took 0.065 seconds
[2025-09-16T23:53:31.262+0000] {processor.py:186} INFO - Started process (PID=1588) to work on /home/airflow/.local/lib/python3.12/site-packages/airflow/example_dags/example_skip_dag.py
[2025-09-16T23:53:31.263+0000] {processor.py:914} INFO - Processing file /home/airflow/.local/lib/python3.12/site-packages/airflow/example_dags/example_skip_dag.py for tasks to queue
[2025-09-16T23:53:31.265+0000] {logging_mixin.py:190} INFO - [2025-09-16T23:53:31.265+0000] {dagbag.py:588} INFO - Filling up the DagBag from /home/airflow/.local/lib/python3.12/site-packages/airflow/example_dags/example_skip_dag.py
[2025-09-16T23:53:31.272+0000] {processor.py:925} INFO - DAG(s) 'example_skip_dag' retrieved from /home/airflow/.local/lib/python3.12/site-packages/airflow/example_dags/example_skip_dag.py
[2025-09-16T23:53:31.291+0000] {logging_mixin.py:190} INFO - [2025-09-16T23:53:31.290+0000] {dag.py:3239} INFO - Sync 1 DAGs
[2025-09-16T23:53:31.309+0000] {logging_mixin.py:190} INFO - [2025-09-16T23:53:31.308+0000] {dag.py:4180} INFO - Setting next_dagrun for example_skip_dag to 2025-09-15 00:00:00+00:00, run_after=2025-09-16 00:00:00+00:00
[2025-09-16T23:53:31.318+0000] {processor.py:208} INFO - Processing /home/airflow/.local/lib/python3.12/site-packages/airflow/example_dags/example_skip_dag.py took 0.060 seconds
[2025-09-16T23:54:01.657+0000] {processor.py:186} INFO - Started process (PID=1651) to work on /home/airflow/.local/lib/python3.12/site-packages/airflow/example_dags/example_skip_dag.py
[2025-09-16T23:54:01.661+0000] {processor.py:914} INFO - Processing file /home/airflow/.local/lib/python3.12/site-packages/airflow/example_dags/example_skip_dag.py for tasks to queue
[2025-09-16T23:54:01.662+0000] {logging_mixin.py:190} INFO - [2025-09-16T23:54:01.662+0000] {dagbag.py:588} INFO - Filling up the DagBag from /home/airflow/.local/lib/python3.12/site-packages/airflow/example_dags/example_skip_dag.py
[2025-09-16T23:54:01.668+0000] {processor.py:925} INFO - DAG(s) 'example_skip_dag' retrieved from /home/airflow/.local/lib/python3.12/site-packages/airflow/example_dags/example_skip_dag.py
[2025-09-16T23:54:01.687+0000] {logging_mixin.py:190} INFO - [2025-09-16T23:54:01.686+0000] {dag.py:3239} INFO - Sync 1 DAGs
[2025-09-16T23:54:01.703+0000] {logging_mixin.py:190} INFO - [2025-09-16T23:54:01.702+0000] {dag.py:4180} INFO - Setting next_dagrun for example_skip_dag to 2025-09-15 00:00:00+00:00, run_after=2025-09-16 00:00:00+00:00
[2025-09-16T23:54:01.713+0000] {processor.py:208} INFO - Processing /home/airflow/.local/lib/python3.12/site-packages/airflow/example_dags/example_skip_dag.py took 0.061 seconds
[2025-09-16T23:54:32.146+0000] {processor.py:186} INFO - Started process (PID=1714) to work on /home/airflow/.local/lib/python3.12/site-packages/airflow/example_dags/example_skip_dag.py
[2025-09-16T23:54:32.147+0000] {processor.py:914} INFO - Processing file /home/airflow/.local/lib/python3.12/site-packages/airflow/example_dags/example_skip_dag.py for tasks to queue
[2025-09-16T23:54:32.148+0000] {logging_mixin.py:190} INFO - [2025-09-16T23:54:32.148+0000] {dagbag.py:588} INFO - Filling up the DagBag from /home/airflow/.local/lib/python3.12/site-packages/airflow/example_dags/example_skip_dag.py
[2025-09-16T23:54:32.154+0000] {processor.py:925} INFO - DAG(s) 'example_skip_dag' retrieved from /home/airflow/.local/lib/python3.12/site-packages/airflow/example_dags/example_skip_dag.py
[2025-09-16T23:54:32.168+0000] {logging_mixin.py:190} INFO - [2025-09-16T23:54:32.168+0000] {dag.py:3239} INFO - Sync 1 DAGs
[2025-09-16T23:54:32.182+0000] {logging_mixin.py:190} INFO - [2025-09-16T23:54:32.182+0000] {dag.py:4180} INFO - Setting next_dagrun for example_skip_dag to 2025-09-15 00:00:00+00:00, run_after=2025-09-16 00:00:00+00:00
[2025-09-16T23:54:32.192+0000] {processor.py:208} INFO - Processing /home/airflow/.local/lib/python3.12/site-packages/airflow/example_dags/example_skip_dag.py took 0.050 seconds
[2025-09-16T23:55:02.876+0000] {processor.py:186} INFO - Started process (PID=1777) to work on /home/airflow/.local/lib/python3.12/site-packages/airflow/example_dags/example_skip_dag.py
[2025-09-16T23:55:02.879+0000] {processor.py:914} INFO - Processing file /home/airflow/.local/lib/python3.12/site-packages/airflow/example_dags/example_skip_dag.py for tasks to queue
[2025-09-16T23:55:02.880+0000] {logging_mixin.py:190} INFO - [2025-09-16T23:55:02.880+0000] {dagbag.py:588} INFO - Filling up the DagBag from /home/airflow/.local/lib/python3.12/site-packages/airflow/example_dags/example_skip_dag.py
[2025-09-16T23:55:02.885+0000] {processor.py:925} INFO - DAG(s) 'example_skip_dag' retrieved from /home/airflow/.local/lib/python3.12/site-packages/airflow/example_dags/example_skip_dag.py
[2025-09-16T23:55:02.900+0000] {logging_mixin.py:190} INFO - [2025-09-16T23:55:02.900+0000] {dag.py:3239} INFO - Sync 1 DAGs
[2025-09-16T23:55:02.913+0000] {logging_mixin.py:190} INFO - [2025-09-16T23:55:02.913+0000] {dag.py:4180} INFO - Setting next_dagrun for example_skip_dag to 2025-09-15 00:00:00+00:00, run_after=2025-09-16 00:00:00+00:00
[2025-09-16T23:55:02.924+0000] {processor.py:208} INFO - Processing /home/airflow/.local/lib/python3.12/site-packages/airflow/example_dags/example_skip_dag.py took 0.052 seconds
[2025-09-16T23:55:33.118+0000] {processor.py:186} INFO - Started process (PID=1840) to work on /home/airflow/.local/lib/python3.12/site-packages/airflow/example_dags/example_skip_dag.py
[2025-09-16T23:55:33.118+0000] {processor.py:914} INFO - Processing file /home/airflow/.local/lib/python3.12/site-packages/airflow/example_dags/example_skip_dag.py for tasks to queue
[2025-09-16T23:55:33.120+0000] {logging_mixin.py:190} INFO - [2025-09-16T23:55:33.120+0000] {dagbag.py:588} INFO - Filling up the DagBag from /home/airflow/.local/lib/python3.12/site-packages/airflow/example_dags/example_skip_dag.py
[2025-09-16T23:55:33.126+0000] {processor.py:925} INFO - DAG(s) 'example_skip_dag' retrieved from /home/airflow/.local/lib/python3.12/site-packages/airflow/example_dags/example_skip_dag.py
[2025-09-16T23:55:33.139+0000] {logging_mixin.py:190} INFO - [2025-09-16T23:55:33.139+0000] {dag.py:3239} INFO - Sync 1 DAGs
[2025-09-16T23:55:33.160+0000] {logging_mixin.py:190} INFO - [2025-09-16T23:55:33.160+0000] {dag.py:4180} INFO - Setting next_dagrun for example_skip_dag to 2025-09-15 00:00:00+00:00, run_after=2025-09-16 00:00:00+00:00
[2025-09-16T23:55:33.174+0000] {processor.py:208} INFO - Processing /home/airflow/.local/lib/python3.12/site-packages/airflow/example_dags/example_skip_dag.py took 0.060 seconds
[2025-09-16T23:56:03.196+0000] {processor.py:186} INFO - Started process (PID=1903) to work on /home/airflow/.local/lib/python3.12/site-packages/airflow/example_dags/example_skip_dag.py
[2025-09-16T23:56:03.198+0000] {processor.py:914} INFO - Processing file /home/airflow/.local/lib/python3.12/site-packages/airflow/example_dags/example_skip_dag.py for tasks to queue
[2025-09-16T23:56:03.200+0000] {logging_mixin.py:190} INFO - [2025-09-16T23:56:03.200+0000] {dagbag.py:588} INFO - Filling up the DagBag from /home/airflow/.local/lib/python3.12/site-packages/airflow/example_dags/example_skip_dag.py
[2025-09-16T23:56:03.207+0000] {processor.py:925} INFO - DAG(s) 'example_skip_dag' retrieved from /home/airflow/.local/lib/python3.12/site-packages/airflow/example_dags/example_skip_dag.py
[2025-09-16T23:56:03.230+0000] {logging_mixin.py:190} INFO - [2025-09-16T23:56:03.229+0000] {dag.py:3239} INFO - Sync 1 DAGs
[2025-09-16T23:56:03.250+0000] {logging_mixin.py:190} INFO - [2025-09-16T23:56:03.250+0000] {dag.py:4180} INFO - Setting next_dagrun for example_skip_dag to 2025-09-15 00:00:00+00:00, run_after=2025-09-16 00:00:00+00:00
[2025-09-16T23:56:03.263+0000] {processor.py:208} INFO - Processing /home/airflow/.local/lib/python3.12/site-packages/airflow/example_dags/example_skip_dag.py took 0.072 seconds
[2025-09-16T23:56:33.444+0000] {processor.py:186} INFO - Started process (PID=1966) to work on /home/airflow/.local/lib/python3.12/site-packages/airflow/example_dags/example_skip_dag.py
[2025-09-16T23:56:33.446+0000] {processor.py:914} INFO - Processing file /home/airflow/.local/lib/python3.12/site-packages/airflow/example_dags/example_skip_dag.py for tasks to queue
[2025-09-16T23:56:33.448+0000] {logging_mixin.py:190} INFO - [2025-09-16T23:56:33.448+0000] {dagbag.py:588} INFO - Filling up the DagBag from /home/airflow/.local/lib/python3.12/site-packages/airflow/example_dags/example_skip_dag.py
[2025-09-16T23:56:33.457+0000] {processor.py:925} INFO - DAG(s) 'example_skip_dag' retrieved from /home/airflow/.local/lib/python3.12/site-packages/airflow/example_dags/example_skip_dag.py
[2025-09-16T23:56:33.475+0000] {logging_mixin.py:190} INFO - [2025-09-16T23:56:33.475+0000] {dag.py:3239} INFO - Sync 1 DAGs
[2025-09-16T23:56:33.494+0000] {logging_mixin.py:190} INFO - [2025-09-16T23:56:33.494+0000] {dag.py:4180} INFO - Setting next_dagrun for example_skip_dag to 2025-09-15 00:00:00+00:00, run_after=2025-09-16 00:00:00+00:00
[2025-09-16T23:56:33.507+0000] {processor.py:208} INFO - Processing /home/airflow/.local/lib/python3.12/site-packages/airflow/example_dags/example_skip_dag.py took 0.066 seconds
[2025-09-16T23:57:03.577+0000] {processor.py:186} INFO - Started process (PID=2029) to work on /home/airflow/.local/lib/python3.12/site-packages/airflow/example_dags/example_skip_dag.py
[2025-09-16T23:57:03.580+0000] {processor.py:914} INFO - Processing file /home/airflow/.local/lib/python3.12/site-packages/airflow/example_dags/example_skip_dag.py for tasks to queue
[2025-09-16T23:57:03.582+0000] {logging_mixin.py:190} INFO - [2025-09-16T23:57:03.582+0000] {dagbag.py:588} INFO - Filling up the DagBag from /home/airflow/.local/lib/python3.12/site-packages/airflow/example_dags/example_skip_dag.py
[2025-09-16T23:57:03.598+0000] {processor.py:925} INFO - DAG(s) 'example_skip_dag' retrieved from /home/airflow/.local/lib/python3.12/site-packages/airflow/example_dags/example_skip_dag.py
[2025-09-16T23:57:03.615+0000] {logging_mixin.py:190} INFO - [2025-09-16T23:57:03.615+0000] {dag.py:3239} INFO - Sync 1 DAGs
[2025-09-16T23:57:03.630+0000] {logging_mixin.py:190} INFO - [2025-09-16T23:57:03.629+0000] {dag.py:4180} INFO - Setting next_dagrun for example_skip_dag to 2025-09-15 00:00:00+00:00, run_after=2025-09-16 00:00:00+00:00
[2025-09-16T23:57:03.642+0000] {processor.py:208} INFO - Processing /home/airflow/.local/lib/python3.12/site-packages/airflow/example_dags/example_skip_dag.py took 0.069 seconds
[2025-09-16T23:57:33.665+0000] {processor.py:186} INFO - Started process (PID=2092) to work on /home/airflow/.local/lib/python3.12/site-packages/airflow/example_dags/example_skip_dag.py
[2025-09-16T23:57:33.668+0000] {processor.py:914} INFO - Processing file /home/airflow/.local/lib/python3.12/site-packages/airflow/example_dags/example_skip_dag.py for tasks to queue
[2025-09-16T23:57:33.669+0000] {logging_mixin.py:190} INFO - [2025-09-16T23:57:33.669+0000] {dagbag.py:588} INFO - Filling up the DagBag from /home/airflow/.local/lib/python3.12/site-packages/airflow/example_dags/example_skip_dag.py
[2025-09-16T23:57:33.674+0000] {processor.py:925} INFO - DAG(s) 'example_skip_dag' retrieved from /home/airflow/.local/lib/python3.12/site-packages/airflow/example_dags/example_skip_dag.py
[2025-09-16T23:57:33.684+0000] {logging_mixin.py:190} INFO - [2025-09-16T23:57:33.684+0000] {dag.py:3239} INFO - Sync 1 DAGs
[2025-09-16T23:57:33.695+0000] {logging_mixin.py:190} INFO - [2025-09-16T23:57:33.695+0000] {dag.py:4180} INFO - Setting next_dagrun for example_skip_dag to 2025-09-15 00:00:00+00:00, run_after=2025-09-16 00:00:00+00:00
[2025-09-16T23:57:33.704+0000] {processor.py:208} INFO - Processing /home/airflow/.local/lib/python3.12/site-packages/airflow/example_dags/example_skip_dag.py took 0.042 seconds
[2025-09-16T23:58:03.769+0000] {processor.py:186} INFO - Started process (PID=2155) to work on /home/airflow/.local/lib/python3.12/site-packages/airflow/example_dags/example_skip_dag.py
[2025-09-16T23:58:03.770+0000] {processor.py:914} INFO - Processing file /home/airflow/.local/lib/python3.12/site-packages/airflow/example_dags/example_skip_dag.py for tasks to queue
[2025-09-16T23:58:03.771+0000] {logging_mixin.py:190} INFO - [2025-09-16T23:58:03.771+0000] {dagbag.py:588} INFO - Filling up the DagBag from /home/airflow/.local/lib/python3.12/site-packages/airflow/example_dags/example_skip_dag.py
[2025-09-16T23:58:03.775+0000] {processor.py:925} INFO - DAG(s) 'example_skip_dag' retrieved from /home/airflow/.local/lib/python3.12/site-packages/airflow/example_dags/example_skip_dag.py
[2025-09-16T23:58:03.789+0000] {logging_mixin.py:190} INFO - [2025-09-16T23:58:03.789+0000] {dag.py:3239} INFO - Sync 1 DAGs
[2025-09-16T23:58:03.804+0000] {logging_mixin.py:190} INFO - [2025-09-16T23:58:03.804+0000] {dag.py:4180} INFO - Setting next_dagrun for example_skip_dag to 2025-09-15 00:00:00+00:00, run_after=2025-09-16 00:00:00+00:00
[2025-09-16T23:58:03.820+0000] {processor.py:208} INFO - Processing /home/airflow/.local/lib/python3.12/site-packages/airflow/example_dags/example_skip_dag.py took 0.055 seconds
[2025-09-16T23:58:34.858+0000] {processor.py:186} INFO - Started process (PID=2218) to work on /home/airflow/.local/lib/python3.12/site-packages/airflow/example_dags/example_skip_dag.py
[2025-09-16T23:58:34.860+0000] {processor.py:914} INFO - Processing file /home/airflow/.local/lib/python3.12/site-packages/airflow/example_dags/example_skip_dag.py for tasks to queue
[2025-09-16T23:58:34.861+0000] {logging_mixin.py:190} INFO - [2025-09-16T23:58:34.861+0000] {dagbag.py:588} INFO - Filling up the DagBag from /home/airflow/.local/lib/python3.12/site-packages/airflow/example_dags/example_skip_dag.py
[2025-09-16T23:58:34.865+0000] {processor.py:925} INFO - DAG(s) 'example_skip_dag' retrieved from /home/airflow/.local/lib/python3.12/site-packages/airflow/example_dags/example_skip_dag.py
[2025-09-16T23:58:34.879+0000] {logging_mixin.py:190} INFO - [2025-09-16T23:58:34.878+0000] {dag.py:3239} INFO - Sync 1 DAGs
[2025-09-16T23:58:34.890+0000] {logging_mixin.py:190} INFO - [2025-09-16T23:58:34.889+0000] {dag.py:4180} INFO - Setting next_dagrun for example_skip_dag to 2025-09-15 00:00:00+00:00, run_after=2025-09-16 00:00:00+00:00
[2025-09-16T23:58:34.898+0000] {processor.py:208} INFO - Processing /home/airflow/.local/lib/python3.12/site-packages/airflow/example_dags/example_skip_dag.py took 0.044 seconds
[2025-09-16T23:59:05.935+0000] {processor.py:186} INFO - Started process (PID=2281) to work on /home/airflow/.local/lib/python3.12/site-packages/airflow/example_dags/example_skip_dag.py
[2025-09-16T23:59:05.936+0000] {processor.py:914} INFO - Processing file /home/airflow/.local/lib/python3.12/site-packages/airflow/example_dags/example_skip_dag.py for tasks to queue
[2025-09-16T23:59:05.937+0000] {logging_mixin.py:190} INFO - [2025-09-16T23:59:05.937+0000] {dagbag.py:588} INFO - Filling up the DagBag from /home/airflow/.local/lib/python3.12/site-packages/airflow/example_dags/example_skip_dag.py
[2025-09-16T23:59:05.943+0000] {processor.py:925} INFO - DAG(s) 'example_skip_dag' retrieved from /home/airflow/.local/lib/python3.12/site-packages/airflow/example_dags/example_skip_dag.py
[2025-09-16T23:59:05.954+0000] {logging_mixin.py:190} INFO - [2025-09-16T23:59:05.954+0000] {dag.py:3239} INFO - Sync 1 DAGs
[2025-09-16T23:59:05.966+0000] {logging_mixin.py:190} INFO - [2025-09-16T23:59:05.966+0000] {dag.py:4180} INFO - Setting next_dagrun for example_skip_dag to 2025-09-15 00:00:00+00:00, run_after=2025-09-16 00:00:00+00:00
[2025-09-16T23:59:05.976+0000] {processor.py:208} INFO - Processing /home/airflow/.local/lib/python3.12/site-packages/airflow/example_dags/example_skip_dag.py took 0.044 seconds
[2025-09-16T23:59:37.092+0000] {processor.py:186} INFO - Started process (PID=2344) to work on /home/airflow/.local/lib/python3.12/site-packages/airflow/example_dags/example_skip_dag.py
[2025-09-16T23:59:37.093+0000] {processor.py:914} INFO - Processing file /home/airflow/.local/lib/python3.12/site-packages/airflow/example_dags/example_skip_dag.py for tasks to queue
[2025-09-16T23:59:37.095+0000] {logging_mixin.py:190} INFO - [2025-09-16T23:59:37.095+0000] {dagbag.py:588} INFO - Filling up the DagBag from /home/airflow/.local/lib/python3.12/site-packages/airflow/example_dags/example_skip_dag.py
[2025-09-16T23:59:37.099+0000] {processor.py:925} INFO - DAG(s) 'example_skip_dag' retrieved from /home/airflow/.local/lib/python3.12/site-packages/airflow/example_dags/example_skip_dag.py
[2025-09-16T23:59:37.111+0000] {logging_mixin.py:190} INFO - [2025-09-16T23:59:37.111+0000] {dag.py:3239} INFO - Sync 1 DAGs
[2025-09-16T23:59:37.121+0000] {logging_mixin.py:190} INFO - [2025-09-16T23:59:37.121+0000] {dag.py:4180} INFO - Setting next_dagrun for example_skip_dag to 2025-09-15 00:00:00+00:00, run_after=2025-09-16 00:00:00+00:00
[2025-09-16T23:59:37.128+0000] {processor.py:208} INFO - Processing /home/airflow/.local/lib/python3.12/site-packages/airflow/example_dags/example_skip_dag.py took 0.039 seconds
