[2025-09-16T23:41:19.477+0000] {processor.py:186} INFO - Started process (PID=95) to work on /home/airflow/.local/lib/python3.12/site-packages/airflow/example_dags/example_nested_branch_dag.py
[2025-09-16T23:41:19.478+0000] {processor.py:914} INFO - Processing file /home/airflow/.local/lib/python3.12/site-packages/airflow/example_dags/example_nested_branch_dag.py for tasks to queue
[2025-09-16T23:41:19.481+0000] {logging_mixin.py:190} INFO - [2025-09-16T23:41:19.480+0000] {dagbag.py:588} INFO - Filling up the DagBag from /home/airflow/.local/lib/python3.12/site-packages/airflow/example_dags/example_nested_branch_dag.py
[2025-09-16T23:41:19.495+0000] {processor.py:925} INFO - DAG(s) 'example_nested_branch_dag' retrieved from /home/airflow/.local/lib/python3.12/site-packages/airflow/example_dags/example_nested_branch_dag.py
[2025-09-16T23:41:19.573+0000] {logging_mixin.py:190} INFO - [2025-09-16T23:41:19.573+0000] {override.py:1911} INFO - Created Permission View: can edit on DAG:example_nested_branch_dag
[2025-09-16T23:41:19.581+0000] {logging_mixin.py:190} INFO - [2025-09-16T23:41:19.580+0000] {override.py:1911} INFO - Created Permission View: can delete on DAG:example_nested_branch_dag
[2025-09-16T23:41:19.585+0000] {logging_mixin.py:190} INFO - [2025-09-16T23:41:19.585+0000] {override.py:1911} INFO - Created Permission View: can read on DAG:example_nested_branch_dag
[2025-09-16T23:41:19.592+0000] {logging_mixin.py:190} INFO - [2025-09-16T23:41:19.592+0000] {override.py:1911} INFO - Created Permission View: menu access on DAG Run:example_nested_branch_dag
[2025-09-16T23:41:19.598+0000] {logging_mixin.py:190} INFO - [2025-09-16T23:41:19.598+0000] {override.py:1911} INFO - Created Permission View: can create on DAG Run:example_nested_branch_dag
[2025-09-16T23:41:19.602+0000] {logging_mixin.py:190} INFO - [2025-09-16T23:41:19.602+0000] {override.py:1911} INFO - Created Permission View: can delete on DAG Run:example_nested_branch_dag
[2025-09-16T23:41:19.607+0000] {logging_mixin.py:190} INFO - [2025-09-16T23:41:19.606+0000] {override.py:1911} INFO - Created Permission View: can read on DAG Run:example_nested_branch_dag
[2025-09-16T23:41:19.607+0000] {logging_mixin.py:190} INFO - [2025-09-16T23:41:19.607+0000] {dag.py:3239} INFO - Sync 1 DAGs
[2025-09-16T23:41:19.614+0000] {logging_mixin.py:190} INFO - [2025-09-16T23:41:19.614+0000] {dag.py:3262} INFO - Creating ORM DAG for example_nested_branch_dag
[2025-09-16T23:41:19.620+0000] {logging_mixin.py:190} INFO - [2025-09-16T23:41:19.620+0000] {dag.py:4180} INFO - Setting next_dagrun for example_nested_branch_dag to 2025-09-15 00:00:00+00:00, run_after=2025-09-16 00:00:00+00:00
[2025-09-16T23:41:19.629+0000] {processor.py:208} INFO - Processing /home/airflow/.local/lib/python3.12/site-packages/airflow/example_dags/example_nested_branch_dag.py took 0.156 seconds
[2025-09-16T23:41:49.672+0000] {processor.py:186} INFO - Started process (PID=158) to work on /home/airflow/.local/lib/python3.12/site-packages/airflow/example_dags/example_nested_branch_dag.py
[2025-09-16T23:41:49.675+0000] {processor.py:914} INFO - Processing file /home/airflow/.local/lib/python3.12/site-packages/airflow/example_dags/example_nested_branch_dag.py for tasks to queue
[2025-09-16T23:41:49.677+0000] {logging_mixin.py:190} INFO - [2025-09-16T23:41:49.677+0000] {dagbag.py:588} INFO - Filling up the DagBag from /home/airflow/.local/lib/python3.12/site-packages/airflow/example_dags/example_nested_branch_dag.py
[2025-09-16T23:41:49.683+0000] {processor.py:925} INFO - DAG(s) 'example_nested_branch_dag' retrieved from /home/airflow/.local/lib/python3.12/site-packages/airflow/example_dags/example_nested_branch_dag.py
[2025-09-16T23:41:49.698+0000] {logging_mixin.py:190} INFO - [2025-09-16T23:41:49.698+0000] {dag.py:3239} INFO - Sync 1 DAGs
[2025-09-16T23:41:49.711+0000] {logging_mixin.py:190} INFO - [2025-09-16T23:41:49.711+0000] {dag.py:4180} INFO - Setting next_dagrun for example_nested_branch_dag to 2025-09-15 00:00:00+00:00, run_after=2025-09-16 00:00:00+00:00
[2025-09-16T23:41:49.722+0000] {processor.py:208} INFO - Processing /home/airflow/.local/lib/python3.12/site-packages/airflow/example_dags/example_nested_branch_dag.py took 0.053 seconds
[2025-09-16T23:42:21.050+0000] {processor.py:186} INFO - Started process (PID=221) to work on /home/airflow/.local/lib/python3.12/site-packages/airflow/example_dags/example_nested_branch_dag.py
[2025-09-16T23:42:21.052+0000] {processor.py:914} INFO - Processing file /home/airflow/.local/lib/python3.12/site-packages/airflow/example_dags/example_nested_branch_dag.py for tasks to queue
[2025-09-16T23:42:21.054+0000] {logging_mixin.py:190} INFO - [2025-09-16T23:42:21.054+0000] {dagbag.py:588} INFO - Filling up the DagBag from /home/airflow/.local/lib/python3.12/site-packages/airflow/example_dags/example_nested_branch_dag.py
[2025-09-16T23:42:21.061+0000] {processor.py:925} INFO - DAG(s) 'example_nested_branch_dag' retrieved from /home/airflow/.local/lib/python3.12/site-packages/airflow/example_dags/example_nested_branch_dag.py
[2025-09-16T23:42:21.074+0000] {logging_mixin.py:190} INFO - [2025-09-16T23:42:21.073+0000] {dag.py:3239} INFO - Sync 1 DAGs
[2025-09-16T23:42:21.087+0000] {logging_mixin.py:190} INFO - [2025-09-16T23:42:21.087+0000] {dag.py:4180} INFO - Setting next_dagrun for example_nested_branch_dag to 2025-09-15 00:00:00+00:00, run_after=2025-09-16 00:00:00+00:00
[2025-09-16T23:42:21.097+0000] {processor.py:208} INFO - Processing /home/airflow/.local/lib/python3.12/site-packages/airflow/example_dags/example_nested_branch_dag.py took 0.050 seconds
[2025-09-16T23:42:51.622+0000] {processor.py:186} INFO - Started process (PID=283) to work on /home/airflow/.local/lib/python3.12/site-packages/airflow/example_dags/example_nested_branch_dag.py
[2025-09-16T23:42:51.626+0000] {processor.py:914} INFO - Processing file /home/airflow/.local/lib/python3.12/site-packages/airflow/example_dags/example_nested_branch_dag.py for tasks to queue
[2025-09-16T23:42:51.627+0000] {logging_mixin.py:190} INFO - [2025-09-16T23:42:51.627+0000] {dagbag.py:588} INFO - Filling up the DagBag from /home/airflow/.local/lib/python3.12/site-packages/airflow/example_dags/example_nested_branch_dag.py
[2025-09-16T23:42:51.634+0000] {processor.py:925} INFO - DAG(s) 'example_nested_branch_dag' retrieved from /home/airflow/.local/lib/python3.12/site-packages/airflow/example_dags/example_nested_branch_dag.py
[2025-09-16T23:42:51.648+0000] {logging_mixin.py:190} INFO - [2025-09-16T23:42:51.647+0000] {dag.py:3239} INFO - Sync 1 DAGs
[2025-09-16T23:42:51.659+0000] {logging_mixin.py:190} INFO - [2025-09-16T23:42:51.659+0000] {dag.py:4180} INFO - Setting next_dagrun for example_nested_branch_dag to 2025-09-15 00:00:00+00:00, run_after=2025-09-16 00:00:00+00:00
[2025-09-16T23:42:51.669+0000] {processor.py:208} INFO - Processing /home/airflow/.local/lib/python3.12/site-packages/airflow/example_dags/example_nested_branch_dag.py took 0.051 seconds
[2025-09-16T23:43:22.096+0000] {processor.py:186} INFO - Started process (PID=346) to work on /home/airflow/.local/lib/python3.12/site-packages/airflow/example_dags/example_nested_branch_dag.py
[2025-09-16T23:43:22.097+0000] {processor.py:914} INFO - Processing file /home/airflow/.local/lib/python3.12/site-packages/airflow/example_dags/example_nested_branch_dag.py for tasks to queue
[2025-09-16T23:43:22.098+0000] {logging_mixin.py:190} INFO - [2025-09-16T23:43:22.098+0000] {dagbag.py:588} INFO - Filling up the DagBag from /home/airflow/.local/lib/python3.12/site-packages/airflow/example_dags/example_nested_branch_dag.py
[2025-09-16T23:43:22.104+0000] {processor.py:925} INFO - DAG(s) 'example_nested_branch_dag' retrieved from /home/airflow/.local/lib/python3.12/site-packages/airflow/example_dags/example_nested_branch_dag.py
[2025-09-16T23:43:22.116+0000] {logging_mixin.py:190} INFO - [2025-09-16T23:43:22.116+0000] {dag.py:3239} INFO - Sync 1 DAGs
[2025-09-16T23:43:22.129+0000] {logging_mixin.py:190} INFO - [2025-09-16T23:43:22.129+0000] {dag.py:4180} INFO - Setting next_dagrun for example_nested_branch_dag to 2025-09-15 00:00:00+00:00, run_after=2025-09-16 00:00:00+00:00
[2025-09-16T23:43:22.140+0000] {processor.py:208} INFO - Processing /home/airflow/.local/lib/python3.12/site-packages/airflow/example_dags/example_nested_branch_dag.py took 0.047 seconds
[2025-09-16T23:43:53.006+0000] {processor.py:186} INFO - Started process (PID=409) to work on /home/airflow/.local/lib/python3.12/site-packages/airflow/example_dags/example_nested_branch_dag.py
[2025-09-16T23:43:53.011+0000] {processor.py:914} INFO - Processing file /home/airflow/.local/lib/python3.12/site-packages/airflow/example_dags/example_nested_branch_dag.py for tasks to queue
[2025-09-16T23:43:53.014+0000] {logging_mixin.py:190} INFO - [2025-09-16T23:43:53.014+0000] {dagbag.py:588} INFO - Filling up the DagBag from /home/airflow/.local/lib/python3.12/site-packages/airflow/example_dags/example_nested_branch_dag.py
[2025-09-16T23:43:53.023+0000] {processor.py:925} INFO - DAG(s) 'example_nested_branch_dag' retrieved from /home/airflow/.local/lib/python3.12/site-packages/airflow/example_dags/example_nested_branch_dag.py
[2025-09-16T23:43:53.045+0000] {logging_mixin.py:190} INFO - [2025-09-16T23:43:53.044+0000] {dag.py:3239} INFO - Sync 1 DAGs
[2025-09-16T23:43:53.070+0000] {logging_mixin.py:190} INFO - [2025-09-16T23:43:53.069+0000] {dag.py:4180} INFO - Setting next_dagrun for example_nested_branch_dag to 2025-09-15 00:00:00+00:00, run_after=2025-09-16 00:00:00+00:00
[2025-09-16T23:43:53.085+0000] {processor.py:208} INFO - Processing /home/airflow/.local/lib/python3.12/site-packages/airflow/example_dags/example_nested_branch_dag.py took 0.088 seconds
[2025-09-16T23:44:23.514+0000] {processor.py:186} INFO - Started process (PID=472) to work on /home/airflow/.local/lib/python3.12/site-packages/airflow/example_dags/example_nested_branch_dag.py
[2025-09-16T23:44:23.515+0000] {processor.py:914} INFO - Processing file /home/airflow/.local/lib/python3.12/site-packages/airflow/example_dags/example_nested_branch_dag.py for tasks to queue
[2025-09-16T23:44:23.518+0000] {logging_mixin.py:190} INFO - [2025-09-16T23:44:23.518+0000] {dagbag.py:588} INFO - Filling up the DagBag from /home/airflow/.local/lib/python3.12/site-packages/airflow/example_dags/example_nested_branch_dag.py
[2025-09-16T23:44:23.524+0000] {processor.py:925} INFO - DAG(s) 'example_nested_branch_dag' retrieved from /home/airflow/.local/lib/python3.12/site-packages/airflow/example_dags/example_nested_branch_dag.py
[2025-09-16T23:44:23.536+0000] {logging_mixin.py:190} INFO - [2025-09-16T23:44:23.536+0000] {dag.py:3239} INFO - Sync 1 DAGs
[2025-09-16T23:44:23.549+0000] {logging_mixin.py:190} INFO - [2025-09-16T23:44:23.549+0000] {dag.py:4180} INFO - Setting next_dagrun for example_nested_branch_dag to 2025-09-15 00:00:00+00:00, run_after=2025-09-16 00:00:00+00:00
[2025-09-16T23:44:23.562+0000] {processor.py:208} INFO - Processing /home/airflow/.local/lib/python3.12/site-packages/airflow/example_dags/example_nested_branch_dag.py took 0.051 seconds
[2025-09-16T23:44:53.989+0000] {processor.py:186} INFO - Started process (PID=535) to work on /home/airflow/.local/lib/python3.12/site-packages/airflow/example_dags/example_nested_branch_dag.py
[2025-09-16T23:44:53.990+0000] {processor.py:914} INFO - Processing file /home/airflow/.local/lib/python3.12/site-packages/airflow/example_dags/example_nested_branch_dag.py for tasks to queue
[2025-09-16T23:44:53.994+0000] {logging_mixin.py:190} INFO - [2025-09-16T23:44:53.994+0000] {dagbag.py:588} INFO - Filling up the DagBag from /home/airflow/.local/lib/python3.12/site-packages/airflow/example_dags/example_nested_branch_dag.py
[2025-09-16T23:44:54.002+0000] {processor.py:925} INFO - DAG(s) 'example_nested_branch_dag' retrieved from /home/airflow/.local/lib/python3.12/site-packages/airflow/example_dags/example_nested_branch_dag.py
[2025-09-16T23:44:54.016+0000] {logging_mixin.py:190} INFO - [2025-09-16T23:44:54.016+0000] {dag.py:3239} INFO - Sync 1 DAGs
[2025-09-16T23:44:54.029+0000] {logging_mixin.py:190} INFO - [2025-09-16T23:44:54.029+0000] {dag.py:4180} INFO - Setting next_dagrun for example_nested_branch_dag to 2025-09-15 00:00:00+00:00, run_after=2025-09-16 00:00:00+00:00
[2025-09-16T23:44:54.042+0000] {processor.py:208} INFO - Processing /home/airflow/.local/lib/python3.12/site-packages/airflow/example_dags/example_nested_branch_dag.py took 0.056 seconds
[2025-09-16T23:45:24.622+0000] {processor.py:186} INFO - Started process (PID=598) to work on /home/airflow/.local/lib/python3.12/site-packages/airflow/example_dags/example_nested_branch_dag.py
[2025-09-16T23:45:24.623+0000] {processor.py:914} INFO - Processing file /home/airflow/.local/lib/python3.12/site-packages/airflow/example_dags/example_nested_branch_dag.py for tasks to queue
[2025-09-16T23:45:24.624+0000] {logging_mixin.py:190} INFO - [2025-09-16T23:45:24.624+0000] {dagbag.py:588} INFO - Filling up the DagBag from /home/airflow/.local/lib/python3.12/site-packages/airflow/example_dags/example_nested_branch_dag.py
[2025-09-16T23:45:24.633+0000] {processor.py:925} INFO - DAG(s) 'example_nested_branch_dag' retrieved from /home/airflow/.local/lib/python3.12/site-packages/airflow/example_dags/example_nested_branch_dag.py
[2025-09-16T23:45:24.648+0000] {logging_mixin.py:190} INFO - [2025-09-16T23:45:24.648+0000] {dag.py:3239} INFO - Sync 1 DAGs
[2025-09-16T23:45:24.659+0000] {logging_mixin.py:190} INFO - [2025-09-16T23:45:24.659+0000] {dag.py:4180} INFO - Setting next_dagrun for example_nested_branch_dag to 2025-09-15 00:00:00+00:00, run_after=2025-09-16 00:00:00+00:00
[2025-09-16T23:45:24.668+0000] {processor.py:208} INFO - Processing /home/airflow/.local/lib/python3.12/site-packages/airflow/example_dags/example_nested_branch_dag.py took 0.050 seconds
[2025-09-16T23:45:55.444+0000] {processor.py:186} INFO - Started process (PID=661) to work on /home/airflow/.local/lib/python3.12/site-packages/airflow/example_dags/example_nested_branch_dag.py
[2025-09-16T23:45:55.447+0000] {processor.py:914} INFO - Processing file /home/airflow/.local/lib/python3.12/site-packages/airflow/example_dags/example_nested_branch_dag.py for tasks to queue
[2025-09-16T23:45:55.449+0000] {logging_mixin.py:190} INFO - [2025-09-16T23:45:55.449+0000] {dagbag.py:588} INFO - Filling up the DagBag from /home/airflow/.local/lib/python3.12/site-packages/airflow/example_dags/example_nested_branch_dag.py
[2025-09-16T23:45:55.460+0000] {processor.py:925} INFO - DAG(s) 'example_nested_branch_dag' retrieved from /home/airflow/.local/lib/python3.12/site-packages/airflow/example_dags/example_nested_branch_dag.py
[2025-09-16T23:45:55.483+0000] {logging_mixin.py:190} INFO - [2025-09-16T23:45:55.482+0000] {dag.py:3239} INFO - Sync 1 DAGs
[2025-09-16T23:45:55.507+0000] {logging_mixin.py:190} INFO - [2025-09-16T23:45:55.506+0000] {dag.py:4180} INFO - Setting next_dagrun for example_nested_branch_dag to 2025-09-15 00:00:00+00:00, run_after=2025-09-16 00:00:00+00:00
[2025-09-16T23:45:55.526+0000] {processor.py:208} INFO - Processing /home/airflow/.local/lib/python3.12/site-packages/airflow/example_dags/example_nested_branch_dag.py took 0.086 seconds
[2025-09-16T23:46:26.082+0000] {processor.py:186} INFO - Started process (PID=724) to work on /home/airflow/.local/lib/python3.12/site-packages/airflow/example_dags/example_nested_branch_dag.py
[2025-09-16T23:46:26.083+0000] {processor.py:914} INFO - Processing file /home/airflow/.local/lib/python3.12/site-packages/airflow/example_dags/example_nested_branch_dag.py for tasks to queue
[2025-09-16T23:46:26.085+0000] {logging_mixin.py:190} INFO - [2025-09-16T23:46:26.084+0000] {dagbag.py:588} INFO - Filling up the DagBag from /home/airflow/.local/lib/python3.12/site-packages/airflow/example_dags/example_nested_branch_dag.py
[2025-09-16T23:46:26.090+0000] {processor.py:925} INFO - DAG(s) 'example_nested_branch_dag' retrieved from /home/airflow/.local/lib/python3.12/site-packages/airflow/example_dags/example_nested_branch_dag.py
[2025-09-16T23:46:26.101+0000] {logging_mixin.py:190} INFO - [2025-09-16T23:46:26.101+0000] {dag.py:3239} INFO - Sync 1 DAGs
[2025-09-16T23:46:26.113+0000] {logging_mixin.py:190} INFO - [2025-09-16T23:46:26.112+0000] {dag.py:4180} INFO - Setting next_dagrun for example_nested_branch_dag to 2025-09-15 00:00:00+00:00, run_after=2025-09-16 00:00:00+00:00
[2025-09-16T23:46:26.122+0000] {processor.py:208} INFO - Processing /home/airflow/.local/lib/python3.12/site-packages/airflow/example_dags/example_nested_branch_dag.py took 0.043 seconds
[2025-09-16T23:46:56.726+0000] {processor.py:186} INFO - Started process (PID=787) to work on /home/airflow/.local/lib/python3.12/site-packages/airflow/example_dags/example_nested_branch_dag.py
[2025-09-16T23:46:56.728+0000] {processor.py:914} INFO - Processing file /home/airflow/.local/lib/python3.12/site-packages/airflow/example_dags/example_nested_branch_dag.py for tasks to queue
[2025-09-16T23:46:56.731+0000] {logging_mixin.py:190} INFO - [2025-09-16T23:46:56.731+0000] {dagbag.py:588} INFO - Filling up the DagBag from /home/airflow/.local/lib/python3.12/site-packages/airflow/example_dags/example_nested_branch_dag.py
[2025-09-16T23:46:56.739+0000] {processor.py:925} INFO - DAG(s) 'example_nested_branch_dag' retrieved from /home/airflow/.local/lib/python3.12/site-packages/airflow/example_dags/example_nested_branch_dag.py
[2025-09-16T23:46:56.754+0000] {logging_mixin.py:190} INFO - [2025-09-16T23:46:56.754+0000] {dag.py:3239} INFO - Sync 1 DAGs
[2025-09-16T23:46:56.769+0000] {logging_mixin.py:190} INFO - [2025-09-16T23:46:56.769+0000] {dag.py:4180} INFO - Setting next_dagrun for example_nested_branch_dag to 2025-09-15 00:00:00+00:00, run_after=2025-09-16 00:00:00+00:00
[2025-09-16T23:46:56.779+0000] {processor.py:208} INFO - Processing /home/airflow/.local/lib/python3.12/site-packages/airflow/example_dags/example_nested_branch_dag.py took 0.060 seconds
[2025-09-16T23:47:27.357+0000] {processor.py:186} INFO - Started process (PID=850) to work on /home/airflow/.local/lib/python3.12/site-packages/airflow/example_dags/example_nested_branch_dag.py
[2025-09-16T23:47:27.360+0000] {processor.py:914} INFO - Processing file /home/airflow/.local/lib/python3.12/site-packages/airflow/example_dags/example_nested_branch_dag.py for tasks to queue
[2025-09-16T23:47:27.361+0000] {logging_mixin.py:190} INFO - [2025-09-16T23:47:27.361+0000] {dagbag.py:588} INFO - Filling up the DagBag from /home/airflow/.local/lib/python3.12/site-packages/airflow/example_dags/example_nested_branch_dag.py
[2025-09-16T23:47:27.368+0000] {processor.py:925} INFO - DAG(s) 'example_nested_branch_dag' retrieved from /home/airflow/.local/lib/python3.12/site-packages/airflow/example_dags/example_nested_branch_dag.py
[2025-09-16T23:47:27.378+0000] {logging_mixin.py:190} INFO - [2025-09-16T23:47:27.378+0000] {dag.py:3239} INFO - Sync 1 DAGs
[2025-09-16T23:47:27.392+0000] {logging_mixin.py:190} INFO - [2025-09-16T23:47:27.392+0000] {dag.py:4180} INFO - Setting next_dagrun for example_nested_branch_dag to 2025-09-15 00:00:00+00:00, run_after=2025-09-16 00:00:00+00:00
[2025-09-16T23:47:27.400+0000] {processor.py:208} INFO - Processing /home/airflow/.local/lib/python3.12/site-packages/airflow/example_dags/example_nested_branch_dag.py took 0.046 seconds
[2025-09-16T23:47:58.195+0000] {processor.py:186} INFO - Started process (PID=913) to work on /home/airflow/.local/lib/python3.12/site-packages/airflow/example_dags/example_nested_branch_dag.py
[2025-09-16T23:47:58.198+0000] {processor.py:914} INFO - Processing file /home/airflow/.local/lib/python3.12/site-packages/airflow/example_dags/example_nested_branch_dag.py for tasks to queue
[2025-09-16T23:47:58.200+0000] {logging_mixin.py:190} INFO - [2025-09-16T23:47:58.200+0000] {dagbag.py:588} INFO - Filling up the DagBag from /home/airflow/.local/lib/python3.12/site-packages/airflow/example_dags/example_nested_branch_dag.py
[2025-09-16T23:47:58.206+0000] {processor.py:925} INFO - DAG(s) 'example_nested_branch_dag' retrieved from /home/airflow/.local/lib/python3.12/site-packages/airflow/example_dags/example_nested_branch_dag.py
[2025-09-16T23:47:58.218+0000] {logging_mixin.py:190} INFO - [2025-09-16T23:47:58.217+0000] {dag.py:3239} INFO - Sync 1 DAGs
[2025-09-16T23:47:58.229+0000] {logging_mixin.py:190} INFO - [2025-09-16T23:47:58.229+0000] {dag.py:4180} INFO - Setting next_dagrun for example_nested_branch_dag to 2025-09-15 00:00:00+00:00, run_after=2025-09-16 00:00:00+00:00
[2025-09-16T23:47:58.237+0000] {processor.py:208} INFO - Processing /home/airflow/.local/lib/python3.12/site-packages/airflow/example_dags/example_nested_branch_dag.py took 0.046 seconds
[2025-09-16T23:48:28.988+0000] {processor.py:186} INFO - Started process (PID=976) to work on /home/airflow/.local/lib/python3.12/site-packages/airflow/example_dags/example_nested_branch_dag.py
[2025-09-16T23:48:28.988+0000] {processor.py:914} INFO - Processing file /home/airflow/.local/lib/python3.12/site-packages/airflow/example_dags/example_nested_branch_dag.py for tasks to queue
[2025-09-16T23:48:28.990+0000] {logging_mixin.py:190} INFO - [2025-09-16T23:48:28.990+0000] {dagbag.py:588} INFO - Filling up the DagBag from /home/airflow/.local/lib/python3.12/site-packages/airflow/example_dags/example_nested_branch_dag.py
[2025-09-16T23:48:28.996+0000] {processor.py:925} INFO - DAG(s) 'example_nested_branch_dag' retrieved from /home/airflow/.local/lib/python3.12/site-packages/airflow/example_dags/example_nested_branch_dag.py
[2025-09-16T23:48:29.007+0000] {logging_mixin.py:190} INFO - [2025-09-16T23:48:29.007+0000] {dag.py:3239} INFO - Sync 1 DAGs
[2025-09-16T23:48:29.021+0000] {logging_mixin.py:190} INFO - [2025-09-16T23:48:29.021+0000] {dag.py:4180} INFO - Setting next_dagrun for example_nested_branch_dag to 2025-09-15 00:00:00+00:00, run_after=2025-09-16 00:00:00+00:00
[2025-09-16T23:48:29.030+0000] {processor.py:208} INFO - Processing /home/airflow/.local/lib/python3.12/site-packages/airflow/example_dags/example_nested_branch_dag.py took 0.046 seconds
[2025-09-16T23:48:59.758+0000] {processor.py:186} INFO - Started process (PID=1039) to work on /home/airflow/.local/lib/python3.12/site-packages/airflow/example_dags/example_nested_branch_dag.py
[2025-09-16T23:48:59.759+0000] {processor.py:914} INFO - Processing file /home/airflow/.local/lib/python3.12/site-packages/airflow/example_dags/example_nested_branch_dag.py for tasks to queue
[2025-09-16T23:48:59.760+0000] {logging_mixin.py:190} INFO - [2025-09-16T23:48:59.760+0000] {dagbag.py:588} INFO - Filling up the DagBag from /home/airflow/.local/lib/python3.12/site-packages/airflow/example_dags/example_nested_branch_dag.py
[2025-09-16T23:48:59.766+0000] {processor.py:925} INFO - DAG(s) 'example_nested_branch_dag' retrieved from /home/airflow/.local/lib/python3.12/site-packages/airflow/example_dags/example_nested_branch_dag.py
[2025-09-16T23:48:59.781+0000] {logging_mixin.py:190} INFO - [2025-09-16T23:48:59.781+0000] {dag.py:3239} INFO - Sync 1 DAGs
[2025-09-16T23:48:59.792+0000] {logging_mixin.py:190} INFO - [2025-09-16T23:48:59.792+0000] {dag.py:4180} INFO - Setting next_dagrun for example_nested_branch_dag to 2025-09-15 00:00:00+00:00, run_after=2025-09-16 00:00:00+00:00
[2025-09-16T23:48:59.800+0000] {processor.py:208} INFO - Processing /home/airflow/.local/lib/python3.12/site-packages/airflow/example_dags/example_nested_branch_dag.py took 0.045 seconds
[2025-09-16T23:49:30.562+0000] {processor.py:186} INFO - Started process (PID=1102) to work on /home/airflow/.local/lib/python3.12/site-packages/airflow/example_dags/example_nested_branch_dag.py
[2025-09-16T23:49:30.562+0000] {processor.py:914} INFO - Processing file /home/airflow/.local/lib/python3.12/site-packages/airflow/example_dags/example_nested_branch_dag.py for tasks to queue
[2025-09-16T23:49:30.564+0000] {logging_mixin.py:190} INFO - [2025-09-16T23:49:30.564+0000] {dagbag.py:588} INFO - Filling up the DagBag from /home/airflow/.local/lib/python3.12/site-packages/airflow/example_dags/example_nested_branch_dag.py
[2025-09-16T23:49:30.570+0000] {processor.py:925} INFO - DAG(s) 'example_nested_branch_dag' retrieved from /home/airflow/.local/lib/python3.12/site-packages/airflow/example_dags/example_nested_branch_dag.py
[2025-09-16T23:49:30.584+0000] {logging_mixin.py:190} INFO - [2025-09-16T23:49:30.584+0000] {dag.py:3239} INFO - Sync 1 DAGs
[2025-09-16T23:49:30.596+0000] {logging_mixin.py:190} INFO - [2025-09-16T23:49:30.596+0000] {dag.py:4180} INFO - Setting next_dagrun for example_nested_branch_dag to 2025-09-15 00:00:00+00:00, run_after=2025-09-16 00:00:00+00:00
[2025-09-16T23:49:30.604+0000] {processor.py:208} INFO - Processing /home/airflow/.local/lib/python3.12/site-packages/airflow/example_dags/example_nested_branch_dag.py took 0.046 seconds
[2025-09-16T23:50:01.182+0000] {processor.py:186} INFO - Started process (PID=1165) to work on /home/airflow/.local/lib/python3.12/site-packages/airflow/example_dags/example_nested_branch_dag.py
[2025-09-16T23:50:01.184+0000] {processor.py:914} INFO - Processing file /home/airflow/.local/lib/python3.12/site-packages/airflow/example_dags/example_nested_branch_dag.py for tasks to queue
[2025-09-16T23:50:01.188+0000] {logging_mixin.py:190} INFO - [2025-09-16T23:50:01.188+0000] {dagbag.py:588} INFO - Filling up the DagBag from /home/airflow/.local/lib/python3.12/site-packages/airflow/example_dags/example_nested_branch_dag.py
[2025-09-16T23:50:01.196+0000] {processor.py:925} INFO - DAG(s) 'example_nested_branch_dag' retrieved from /home/airflow/.local/lib/python3.12/site-packages/airflow/example_dags/example_nested_branch_dag.py
[2025-09-16T23:50:01.210+0000] {logging_mixin.py:190} INFO - [2025-09-16T23:50:01.210+0000] {dag.py:3239} INFO - Sync 1 DAGs
[2025-09-16T23:50:01.222+0000] {logging_mixin.py:190} INFO - [2025-09-16T23:50:01.222+0000] {dag.py:4180} INFO - Setting next_dagrun for example_nested_branch_dag to 2025-09-15 00:00:00+00:00, run_after=2025-09-16 00:00:00+00:00
[2025-09-16T23:50:01.230+0000] {processor.py:208} INFO - Processing /home/airflow/.local/lib/python3.12/site-packages/airflow/example_dags/example_nested_branch_dag.py took 0.051 seconds
[2025-09-16T23:50:32.273+0000] {processor.py:186} INFO - Started process (PID=1228) to work on /home/airflow/.local/lib/python3.12/site-packages/airflow/example_dags/example_nested_branch_dag.py
[2025-09-16T23:50:32.274+0000] {processor.py:914} INFO - Processing file /home/airflow/.local/lib/python3.12/site-packages/airflow/example_dags/example_nested_branch_dag.py for tasks to queue
[2025-09-16T23:50:32.275+0000] {logging_mixin.py:190} INFO - [2025-09-16T23:50:32.275+0000] {dagbag.py:588} INFO - Filling up the DagBag from /home/airflow/.local/lib/python3.12/site-packages/airflow/example_dags/example_nested_branch_dag.py
[2025-09-16T23:50:32.282+0000] {processor.py:925} INFO - DAG(s) 'example_nested_branch_dag' retrieved from /home/airflow/.local/lib/python3.12/site-packages/airflow/example_dags/example_nested_branch_dag.py
[2025-09-16T23:50:32.295+0000] {logging_mixin.py:190} INFO - [2025-09-16T23:50:32.294+0000] {dag.py:3239} INFO - Sync 1 DAGs
[2025-09-16T23:50:32.308+0000] {logging_mixin.py:190} INFO - [2025-09-16T23:50:32.307+0000] {dag.py:4180} INFO - Setting next_dagrun for example_nested_branch_dag to 2025-09-15 00:00:00+00:00, run_after=2025-09-16 00:00:00+00:00
[2025-09-16T23:50:32.317+0000] {processor.py:208} INFO - Processing /home/airflow/.local/lib/python3.12/site-packages/airflow/example_dags/example_nested_branch_dag.py took 0.047 seconds
[2025-09-16T23:51:03.425+0000] {processor.py:186} INFO - Started process (PID=1291) to work on /home/airflow/.local/lib/python3.12/site-packages/airflow/example_dags/example_nested_branch_dag.py
[2025-09-16T23:51:03.426+0000] {processor.py:914} INFO - Processing file /home/airflow/.local/lib/python3.12/site-packages/airflow/example_dags/example_nested_branch_dag.py for tasks to queue
[2025-09-16T23:51:03.428+0000] {logging_mixin.py:190} INFO - [2025-09-16T23:51:03.428+0000] {dagbag.py:588} INFO - Filling up the DagBag from /home/airflow/.local/lib/python3.12/site-packages/airflow/example_dags/example_nested_branch_dag.py
[2025-09-16T23:51:03.438+0000] {processor.py:925} INFO - DAG(s) 'example_nested_branch_dag' retrieved from /home/airflow/.local/lib/python3.12/site-packages/airflow/example_dags/example_nested_branch_dag.py
[2025-09-16T23:51:03.458+0000] {logging_mixin.py:190} INFO - [2025-09-16T23:51:03.458+0000] {dag.py:3239} INFO - Sync 1 DAGs
[2025-09-16T23:51:03.478+0000] {logging_mixin.py:190} INFO - [2025-09-16T23:51:03.477+0000] {dag.py:4180} INFO - Setting next_dagrun for example_nested_branch_dag to 2025-09-15 00:00:00+00:00, run_after=2025-09-16 00:00:00+00:00
[2025-09-16T23:51:03.490+0000] {processor.py:208} INFO - Processing /home/airflow/.local/lib/python3.12/site-packages/airflow/example_dags/example_nested_branch_dag.py took 0.068 seconds
[2025-09-16T23:51:35.020+0000] {processor.py:186} INFO - Started process (PID=1354) to work on /home/airflow/.local/lib/python3.12/site-packages/airflow/example_dags/example_nested_branch_dag.py
[2025-09-16T23:51:35.021+0000] {processor.py:914} INFO - Processing file /home/airflow/.local/lib/python3.12/site-packages/airflow/example_dags/example_nested_branch_dag.py for tasks to queue
[2025-09-16T23:51:35.022+0000] {logging_mixin.py:190} INFO - [2025-09-16T23:51:35.022+0000] {dagbag.py:588} INFO - Filling up the DagBag from /home/airflow/.local/lib/python3.12/site-packages/airflow/example_dags/example_nested_branch_dag.py
[2025-09-16T23:51:35.028+0000] {processor.py:925} INFO - DAG(s) 'example_nested_branch_dag' retrieved from /home/airflow/.local/lib/python3.12/site-packages/airflow/example_dags/example_nested_branch_dag.py
[2025-09-16T23:51:35.040+0000] {logging_mixin.py:190} INFO - [2025-09-16T23:51:35.040+0000] {dag.py:3239} INFO - Sync 1 DAGs
[2025-09-16T23:51:35.052+0000] {logging_mixin.py:190} INFO - [2025-09-16T23:51:35.051+0000] {dag.py:4180} INFO - Setting next_dagrun for example_nested_branch_dag to 2025-09-15 00:00:00+00:00, run_after=2025-09-16 00:00:00+00:00
[2025-09-16T23:51:35.059+0000] {processor.py:208} INFO - Processing /home/airflow/.local/lib/python3.12/site-packages/airflow/example_dags/example_nested_branch_dag.py took 0.044 seconds
[2025-09-16T23:52:06.293+0000] {processor.py:186} INFO - Started process (PID=1417) to work on /home/airflow/.local/lib/python3.12/site-packages/airflow/example_dags/example_nested_branch_dag.py
[2025-09-16T23:52:06.294+0000] {processor.py:914} INFO - Processing file /home/airflow/.local/lib/python3.12/site-packages/airflow/example_dags/example_nested_branch_dag.py for tasks to queue
[2025-09-16T23:52:06.295+0000] {logging_mixin.py:190} INFO - [2025-09-16T23:52:06.295+0000] {dagbag.py:588} INFO - Filling up the DagBag from /home/airflow/.local/lib/python3.12/site-packages/airflow/example_dags/example_nested_branch_dag.py
[2025-09-16T23:52:06.304+0000] {processor.py:925} INFO - DAG(s) 'example_nested_branch_dag' retrieved from /home/airflow/.local/lib/python3.12/site-packages/airflow/example_dags/example_nested_branch_dag.py
[2025-09-16T23:52:06.318+0000] {logging_mixin.py:190} INFO - [2025-09-16T23:52:06.318+0000] {dag.py:3239} INFO - Sync 1 DAGs
[2025-09-16T23:52:06.332+0000] {logging_mixin.py:190} INFO - [2025-09-16T23:52:06.332+0000] {dag.py:4180} INFO - Setting next_dagrun for example_nested_branch_dag to 2025-09-15 00:00:00+00:00, run_after=2025-09-16 00:00:00+00:00
[2025-09-16T23:52:06.347+0000] {processor.py:208} INFO - Processing /home/airflow/.local/lib/python3.12/site-packages/airflow/example_dags/example_nested_branch_dag.py took 0.060 seconds
[2025-09-16T23:52:37.988+0000] {processor.py:186} INFO - Started process (PID=1480) to work on /home/airflow/.local/lib/python3.12/site-packages/airflow/example_dags/example_nested_branch_dag.py
[2025-09-16T23:52:37.991+0000] {processor.py:914} INFO - Processing file /home/airflow/.local/lib/python3.12/site-packages/airflow/example_dags/example_nested_branch_dag.py for tasks to queue
[2025-09-16T23:52:37.992+0000] {logging_mixin.py:190} INFO - [2025-09-16T23:52:37.992+0000] {dagbag.py:588} INFO - Filling up the DagBag from /home/airflow/.local/lib/python3.12/site-packages/airflow/example_dags/example_nested_branch_dag.py
[2025-09-16T23:52:37.998+0000] {processor.py:925} INFO - DAG(s) 'example_nested_branch_dag' retrieved from /home/airflow/.local/lib/python3.12/site-packages/airflow/example_dags/example_nested_branch_dag.py
[2025-09-16T23:52:38.012+0000] {logging_mixin.py:190} INFO - [2025-09-16T23:52:38.011+0000] {dag.py:3239} INFO - Sync 1 DAGs
[2025-09-16T23:52:38.024+0000] {logging_mixin.py:190} INFO - [2025-09-16T23:52:38.024+0000] {dag.py:4180} INFO - Setting next_dagrun for example_nested_branch_dag to 2025-09-15 00:00:00+00:00, run_after=2025-09-16 00:00:00+00:00
[2025-09-16T23:52:38.034+0000] {processor.py:208} INFO - Processing /home/airflow/.local/lib/python3.12/site-packages/airflow/example_dags/example_nested_branch_dag.py took 0.049 seconds
[2025-09-16T23:53:09.318+0000] {processor.py:186} INFO - Started process (PID=1543) to work on /home/airflow/.local/lib/python3.12/site-packages/airflow/example_dags/example_nested_branch_dag.py
[2025-09-16T23:53:09.319+0000] {processor.py:914} INFO - Processing file /home/airflow/.local/lib/python3.12/site-packages/airflow/example_dags/example_nested_branch_dag.py for tasks to queue
[2025-09-16T23:53:09.323+0000] {logging_mixin.py:190} INFO - [2025-09-16T23:53:09.322+0000] {dagbag.py:588} INFO - Filling up the DagBag from /home/airflow/.local/lib/python3.12/site-packages/airflow/example_dags/example_nested_branch_dag.py
[2025-09-16T23:53:09.329+0000] {processor.py:925} INFO - DAG(s) 'example_nested_branch_dag' retrieved from /home/airflow/.local/lib/python3.12/site-packages/airflow/example_dags/example_nested_branch_dag.py
[2025-09-16T23:53:09.340+0000] {logging_mixin.py:190} INFO - [2025-09-16T23:53:09.340+0000] {dag.py:3239} INFO - Sync 1 DAGs
[2025-09-16T23:53:09.353+0000] {logging_mixin.py:190} INFO - [2025-09-16T23:53:09.353+0000] {dag.py:4180} INFO - Setting next_dagrun for example_nested_branch_dag to 2025-09-15 00:00:00+00:00, run_after=2025-09-16 00:00:00+00:00
[2025-09-16T23:53:09.361+0000] {processor.py:208} INFO - Processing /home/airflow/.local/lib/python3.12/site-packages/airflow/example_dags/example_nested_branch_dag.py took 0.046 seconds
[2025-09-16T23:53:40.543+0000] {processor.py:186} INFO - Started process (PID=1606) to work on /home/airflow/.local/lib/python3.12/site-packages/airflow/example_dags/example_nested_branch_dag.py
[2025-09-16T23:53:40.544+0000] {processor.py:914} INFO - Processing file /home/airflow/.local/lib/python3.12/site-packages/airflow/example_dags/example_nested_branch_dag.py for tasks to queue
[2025-09-16T23:53:40.545+0000] {logging_mixin.py:190} INFO - [2025-09-16T23:53:40.545+0000] {dagbag.py:588} INFO - Filling up the DagBag from /home/airflow/.local/lib/python3.12/site-packages/airflow/example_dags/example_nested_branch_dag.py
[2025-09-16T23:53:40.552+0000] {processor.py:925} INFO - DAG(s) 'example_nested_branch_dag' retrieved from /home/airflow/.local/lib/python3.12/site-packages/airflow/example_dags/example_nested_branch_dag.py
[2025-09-16T23:53:40.564+0000] {logging_mixin.py:190} INFO - [2025-09-16T23:53:40.564+0000] {dag.py:3239} INFO - Sync 1 DAGs
[2025-09-16T23:53:40.577+0000] {logging_mixin.py:190} INFO - [2025-09-16T23:53:40.577+0000] {dag.py:4180} INFO - Setting next_dagrun for example_nested_branch_dag to 2025-09-15 00:00:00+00:00, run_after=2025-09-16 00:00:00+00:00
[2025-09-16T23:53:40.587+0000] {processor.py:208} INFO - Processing /home/airflow/.local/lib/python3.12/site-packages/airflow/example_dags/example_nested_branch_dag.py took 0.048 seconds
[2025-09-16T23:54:12.288+0000] {processor.py:186} INFO - Started process (PID=1669) to work on /home/airflow/.local/lib/python3.12/site-packages/airflow/example_dags/example_nested_branch_dag.py
[2025-09-16T23:54:12.290+0000] {processor.py:914} INFO - Processing file /home/airflow/.local/lib/python3.12/site-packages/airflow/example_dags/example_nested_branch_dag.py for tasks to queue
[2025-09-16T23:54:12.292+0000] {logging_mixin.py:190} INFO - [2025-09-16T23:54:12.292+0000] {dagbag.py:588} INFO - Filling up the DagBag from /home/airflow/.local/lib/python3.12/site-packages/airflow/example_dags/example_nested_branch_dag.py
[2025-09-16T23:54:12.299+0000] {processor.py:925} INFO - DAG(s) 'example_nested_branch_dag' retrieved from /home/airflow/.local/lib/python3.12/site-packages/airflow/example_dags/example_nested_branch_dag.py
[2025-09-16T23:54:12.314+0000] {logging_mixin.py:190} INFO - [2025-09-16T23:54:12.314+0000] {dag.py:3239} INFO - Sync 1 DAGs
[2025-09-16T23:54:12.326+0000] {logging_mixin.py:190} INFO - [2025-09-16T23:54:12.326+0000] {dag.py:4180} INFO - Setting next_dagrun for example_nested_branch_dag to 2025-09-15 00:00:00+00:00, run_after=2025-09-16 00:00:00+00:00
[2025-09-16T23:54:12.334+0000] {processor.py:208} INFO - Processing /home/airflow/.local/lib/python3.12/site-packages/airflow/example_dags/example_nested_branch_dag.py took 0.050 seconds
[2025-09-16T23:54:44.112+0000] {processor.py:186} INFO - Started process (PID=1732) to work on /home/airflow/.local/lib/python3.12/site-packages/airflow/example_dags/example_nested_branch_dag.py
[2025-09-16T23:54:44.113+0000] {processor.py:914} INFO - Processing file /home/airflow/.local/lib/python3.12/site-packages/airflow/example_dags/example_nested_branch_dag.py for tasks to queue
[2025-09-16T23:54:44.116+0000] {logging_mixin.py:190} INFO - [2025-09-16T23:54:44.115+0000] {dagbag.py:588} INFO - Filling up the DagBag from /home/airflow/.local/lib/python3.12/site-packages/airflow/example_dags/example_nested_branch_dag.py
[2025-09-16T23:54:44.129+0000] {processor.py:925} INFO - DAG(s) 'example_nested_branch_dag' retrieved from /home/airflow/.local/lib/python3.12/site-packages/airflow/example_dags/example_nested_branch_dag.py
[2025-09-16T23:54:44.152+0000] {logging_mixin.py:190} INFO - [2025-09-16T23:54:44.152+0000] {dag.py:3239} INFO - Sync 1 DAGs
[2025-09-16T23:54:44.173+0000] {logging_mixin.py:190} INFO - [2025-09-16T23:54:44.173+0000] {dag.py:4180} INFO - Setting next_dagrun for example_nested_branch_dag to 2025-09-15 00:00:00+00:00, run_after=2025-09-16 00:00:00+00:00
[2025-09-16T23:54:44.184+0000] {processor.py:208} INFO - Processing /home/airflow/.local/lib/python3.12/site-packages/airflow/example_dags/example_nested_branch_dag.py took 0.088 seconds
[2025-09-16T23:55:15.193+0000] {processor.py:186} INFO - Started process (PID=1795) to work on /home/airflow/.local/lib/python3.12/site-packages/airflow/example_dags/example_nested_branch_dag.py
[2025-09-16T23:55:15.194+0000] {processor.py:914} INFO - Processing file /home/airflow/.local/lib/python3.12/site-packages/airflow/example_dags/example_nested_branch_dag.py for tasks to queue
[2025-09-16T23:55:15.195+0000] {logging_mixin.py:190} INFO - [2025-09-16T23:55:15.195+0000] {dagbag.py:588} INFO - Filling up the DagBag from /home/airflow/.local/lib/python3.12/site-packages/airflow/example_dags/example_nested_branch_dag.py
[2025-09-16T23:55:15.202+0000] {processor.py:925} INFO - DAG(s) 'example_nested_branch_dag' retrieved from /home/airflow/.local/lib/python3.12/site-packages/airflow/example_dags/example_nested_branch_dag.py
[2025-09-16T23:55:15.215+0000] {logging_mixin.py:190} INFO - [2025-09-16T23:55:15.214+0000] {dag.py:3239} INFO - Sync 1 DAGs
[2025-09-16T23:55:15.228+0000] {logging_mixin.py:190} INFO - [2025-09-16T23:55:15.228+0000] {dag.py:4180} INFO - Setting next_dagrun for example_nested_branch_dag to 2025-09-15 00:00:00+00:00, run_after=2025-09-16 00:00:00+00:00
[2025-09-16T23:55:15.238+0000] {processor.py:208} INFO - Processing /home/airflow/.local/lib/python3.12/site-packages/airflow/example_dags/example_nested_branch_dag.py took 0.048 seconds
[2025-09-16T23:55:46.343+0000] {processor.py:186} INFO - Started process (PID=1858) to work on /home/airflow/.local/lib/python3.12/site-packages/airflow/example_dags/example_nested_branch_dag.py
[2025-09-16T23:55:46.344+0000] {processor.py:914} INFO - Processing file /home/airflow/.local/lib/python3.12/site-packages/airflow/example_dags/example_nested_branch_dag.py for tasks to queue
[2025-09-16T23:55:46.345+0000] {logging_mixin.py:190} INFO - [2025-09-16T23:55:46.345+0000] {dagbag.py:588} INFO - Filling up the DagBag from /home/airflow/.local/lib/python3.12/site-packages/airflow/example_dags/example_nested_branch_dag.py
[2025-09-16T23:55:46.351+0000] {processor.py:925} INFO - DAG(s) 'example_nested_branch_dag' retrieved from /home/airflow/.local/lib/python3.12/site-packages/airflow/example_dags/example_nested_branch_dag.py
[2025-09-16T23:55:46.364+0000] {logging_mixin.py:190} INFO - [2025-09-16T23:55:46.364+0000] {dag.py:3239} INFO - Sync 1 DAGs
[2025-09-16T23:55:46.376+0000] {logging_mixin.py:190} INFO - [2025-09-16T23:55:46.376+0000] {dag.py:4180} INFO - Setting next_dagrun for example_nested_branch_dag to 2025-09-15 00:00:00+00:00, run_after=2025-09-16 00:00:00+00:00
[2025-09-16T23:55:46.386+0000] {processor.py:208} INFO - Processing /home/airflow/.local/lib/python3.12/site-packages/airflow/example_dags/example_nested_branch_dag.py took 0.047 seconds
[2025-09-16T23:56:17.622+0000] {processor.py:186} INFO - Started process (PID=1921) to work on /home/airflow/.local/lib/python3.12/site-packages/airflow/example_dags/example_nested_branch_dag.py
[2025-09-16T23:56:17.623+0000] {processor.py:914} INFO - Processing file /home/airflow/.local/lib/python3.12/site-packages/airflow/example_dags/example_nested_branch_dag.py for tasks to queue
[2025-09-16T23:56:17.624+0000] {logging_mixin.py:190} INFO - [2025-09-16T23:56:17.624+0000] {dagbag.py:588} INFO - Filling up the DagBag from /home/airflow/.local/lib/python3.12/site-packages/airflow/example_dags/example_nested_branch_dag.py
[2025-09-16T23:56:17.631+0000] {processor.py:925} INFO - DAG(s) 'example_nested_branch_dag' retrieved from /home/airflow/.local/lib/python3.12/site-packages/airflow/example_dags/example_nested_branch_dag.py
[2025-09-16T23:56:17.643+0000] {logging_mixin.py:190} INFO - [2025-09-16T23:56:17.643+0000] {dag.py:3239} INFO - Sync 1 DAGs
[2025-09-16T23:56:17.656+0000] {logging_mixin.py:190} INFO - [2025-09-16T23:56:17.656+0000] {dag.py:4180} INFO - Setting next_dagrun for example_nested_branch_dag to 2025-09-15 00:00:00+00:00, run_after=2025-09-16 00:00:00+00:00
[2025-09-16T23:56:17.665+0000] {processor.py:208} INFO - Processing /home/airflow/.local/lib/python3.12/site-packages/airflow/example_dags/example_nested_branch_dag.py took 0.047 seconds
[2025-09-16T23:56:48.738+0000] {processor.py:186} INFO - Started process (PID=1984) to work on /home/airflow/.local/lib/python3.12/site-packages/airflow/example_dags/example_nested_branch_dag.py
[2025-09-16T23:56:48.738+0000] {processor.py:914} INFO - Processing file /home/airflow/.local/lib/python3.12/site-packages/airflow/example_dags/example_nested_branch_dag.py for tasks to queue
[2025-09-16T23:56:48.740+0000] {logging_mixin.py:190} INFO - [2025-09-16T23:56:48.740+0000] {dagbag.py:588} INFO - Filling up the DagBag from /home/airflow/.local/lib/python3.12/site-packages/airflow/example_dags/example_nested_branch_dag.py
[2025-09-16T23:56:48.749+0000] {processor.py:925} INFO - DAG(s) 'example_nested_branch_dag' retrieved from /home/airflow/.local/lib/python3.12/site-packages/airflow/example_dags/example_nested_branch_dag.py
[2025-09-16T23:56:48.763+0000] {logging_mixin.py:190} INFO - [2025-09-16T23:56:48.763+0000] {dag.py:3239} INFO - Sync 1 DAGs
[2025-09-16T23:56:48.776+0000] {logging_mixin.py:190} INFO - [2025-09-16T23:56:48.775+0000] {dag.py:4180} INFO - Setting next_dagrun for example_nested_branch_dag to 2025-09-15 00:00:00+00:00, run_after=2025-09-16 00:00:00+00:00
[2025-09-16T23:56:48.786+0000] {processor.py:208} INFO - Processing /home/airflow/.local/lib/python3.12/site-packages/airflow/example_dags/example_nested_branch_dag.py took 0.052 seconds
[2025-09-16T23:57:19.827+0000] {processor.py:186} INFO - Started process (PID=2047) to work on /home/airflow/.local/lib/python3.12/site-packages/airflow/example_dags/example_nested_branch_dag.py
[2025-09-16T23:57:19.828+0000] {processor.py:914} INFO - Processing file /home/airflow/.local/lib/python3.12/site-packages/airflow/example_dags/example_nested_branch_dag.py for tasks to queue
[2025-09-16T23:57:19.830+0000] {logging_mixin.py:190} INFO - [2025-09-16T23:57:19.830+0000] {dagbag.py:588} INFO - Filling up the DagBag from /home/airflow/.local/lib/python3.12/site-packages/airflow/example_dags/example_nested_branch_dag.py
[2025-09-16T23:57:19.837+0000] {processor.py:925} INFO - DAG(s) 'example_nested_branch_dag' retrieved from /home/airflow/.local/lib/python3.12/site-packages/airflow/example_dags/example_nested_branch_dag.py
[2025-09-16T23:57:19.849+0000] {logging_mixin.py:190} INFO - [2025-09-16T23:57:19.849+0000] {dag.py:3239} INFO - Sync 1 DAGs
[2025-09-16T23:57:19.861+0000] {logging_mixin.py:190} INFO - [2025-09-16T23:57:19.861+0000] {dag.py:4180} INFO - Setting next_dagrun for example_nested_branch_dag to 2025-09-15 00:00:00+00:00, run_after=2025-09-16 00:00:00+00:00
[2025-09-16T23:57:19.872+0000] {processor.py:208} INFO - Processing /home/airflow/.local/lib/python3.12/site-packages/airflow/example_dags/example_nested_branch_dag.py took 0.048 seconds
[2025-09-16T23:57:50.972+0000] {processor.py:186} INFO - Started process (PID=2110) to work on /home/airflow/.local/lib/python3.12/site-packages/airflow/example_dags/example_nested_branch_dag.py
[2025-09-16T23:57:50.972+0000] {processor.py:914} INFO - Processing file /home/airflow/.local/lib/python3.12/site-packages/airflow/example_dags/example_nested_branch_dag.py for tasks to queue
[2025-09-16T23:57:50.974+0000] {logging_mixin.py:190} INFO - [2025-09-16T23:57:50.974+0000] {dagbag.py:588} INFO - Filling up the DagBag from /home/airflow/.local/lib/python3.12/site-packages/airflow/example_dags/example_nested_branch_dag.py
[2025-09-16T23:57:50.982+0000] {processor.py:925} INFO - DAG(s) 'example_nested_branch_dag' retrieved from /home/airflow/.local/lib/python3.12/site-packages/airflow/example_dags/example_nested_branch_dag.py
[2025-09-16T23:57:50.995+0000] {logging_mixin.py:190} INFO - [2025-09-16T23:57:50.995+0000] {dag.py:3239} INFO - Sync 1 DAGs
[2025-09-16T23:57:51.009+0000] {logging_mixin.py:190} INFO - [2025-09-16T23:57:51.009+0000] {dag.py:4180} INFO - Setting next_dagrun for example_nested_branch_dag to 2025-09-15 00:00:00+00:00, run_after=2025-09-16 00:00:00+00:00
[2025-09-16T23:57:51.019+0000] {processor.py:208} INFO - Processing /home/airflow/.local/lib/python3.12/site-packages/airflow/example_dags/example_nested_branch_dag.py took 0.053 seconds
[2025-09-16T23:58:22.098+0000] {processor.py:186} INFO - Started process (PID=2173) to work on /home/airflow/.local/lib/python3.12/site-packages/airflow/example_dags/example_nested_branch_dag.py
[2025-09-16T23:58:22.099+0000] {processor.py:914} INFO - Processing file /home/airflow/.local/lib/python3.12/site-packages/airflow/example_dags/example_nested_branch_dag.py for tasks to queue
[2025-09-16T23:58:22.101+0000] {logging_mixin.py:190} INFO - [2025-09-16T23:58:22.100+0000] {dagbag.py:588} INFO - Filling up the DagBag from /home/airflow/.local/lib/python3.12/site-packages/airflow/example_dags/example_nested_branch_dag.py
[2025-09-16T23:58:22.108+0000] {processor.py:925} INFO - DAG(s) 'example_nested_branch_dag' retrieved from /home/airflow/.local/lib/python3.12/site-packages/airflow/example_dags/example_nested_branch_dag.py
[2025-09-16T23:58:22.120+0000] {logging_mixin.py:190} INFO - [2025-09-16T23:58:22.120+0000] {dag.py:3239} INFO - Sync 1 DAGs
[2025-09-16T23:58:22.133+0000] {logging_mixin.py:190} INFO - [2025-09-16T23:58:22.133+0000] {dag.py:4180} INFO - Setting next_dagrun for example_nested_branch_dag to 2025-09-15 00:00:00+00:00, run_after=2025-09-16 00:00:00+00:00
[2025-09-16T23:58:22.142+0000] {processor.py:208} INFO - Processing /home/airflow/.local/lib/python3.12/site-packages/airflow/example_dags/example_nested_branch_dag.py took 0.047 seconds
[2025-09-16T23:58:53.128+0000] {processor.py:186} INFO - Started process (PID=2242) to work on /home/airflow/.local/lib/python3.12/site-packages/airflow/example_dags/example_nested_branch_dag.py
[2025-09-16T23:58:53.129+0000] {processor.py:914} INFO - Processing file /home/airflow/.local/lib/python3.12/site-packages/airflow/example_dags/example_nested_branch_dag.py for tasks to queue
[2025-09-16T23:58:53.130+0000] {logging_mixin.py:190} INFO - [2025-09-16T23:58:53.130+0000] {dagbag.py:588} INFO - Filling up the DagBag from /home/airflow/.local/lib/python3.12/site-packages/airflow/example_dags/example_nested_branch_dag.py
[2025-09-16T23:58:53.138+0000] {processor.py:925} INFO - DAG(s) 'example_nested_branch_dag' retrieved from /home/airflow/.local/lib/python3.12/site-packages/airflow/example_dags/example_nested_branch_dag.py
[2025-09-16T23:58:53.151+0000] {logging_mixin.py:190} INFO - [2025-09-16T23:58:53.150+0000] {dag.py:3239} INFO - Sync 1 DAGs
[2025-09-16T23:58:53.163+0000] {logging_mixin.py:190} INFO - [2025-09-16T23:58:53.163+0000] {dag.py:4180} INFO - Setting next_dagrun for example_nested_branch_dag to 2025-09-15 00:00:00+00:00, run_after=2025-09-16 00:00:00+00:00
[2025-09-16T23:58:53.174+0000] {processor.py:208} INFO - Processing /home/airflow/.local/lib/python3.12/site-packages/airflow/example_dags/example_nested_branch_dag.py took 0.050 seconds
[2025-09-16T23:59:24.187+0000] {processor.py:186} INFO - Started process (PID=2305) to work on /home/airflow/.local/lib/python3.12/site-packages/airflow/example_dags/example_nested_branch_dag.py
[2025-09-16T23:59:24.188+0000] {processor.py:914} INFO - Processing file /home/airflow/.local/lib/python3.12/site-packages/airflow/example_dags/example_nested_branch_dag.py for tasks to queue
[2025-09-16T23:59:24.189+0000] {logging_mixin.py:190} INFO - [2025-09-16T23:59:24.189+0000] {dagbag.py:588} INFO - Filling up the DagBag from /home/airflow/.local/lib/python3.12/site-packages/airflow/example_dags/example_nested_branch_dag.py
[2025-09-16T23:59:24.196+0000] {processor.py:925} INFO - DAG(s) 'example_nested_branch_dag' retrieved from /home/airflow/.local/lib/python3.12/site-packages/airflow/example_dags/example_nested_branch_dag.py
[2025-09-16T23:59:24.208+0000] {logging_mixin.py:190} INFO - [2025-09-16T23:59:24.208+0000] {dag.py:3239} INFO - Sync 1 DAGs
[2025-09-16T23:59:24.221+0000] {logging_mixin.py:190} INFO - [2025-09-16T23:59:24.221+0000] {dag.py:4180} INFO - Setting next_dagrun for example_nested_branch_dag to 2025-09-15 00:00:00+00:00, run_after=2025-09-16 00:00:00+00:00
[2025-09-16T23:59:24.230+0000] {processor.py:208} INFO - Processing /home/airflow/.local/lib/python3.12/site-packages/airflow/example_dags/example_nested_branch_dag.py took 0.047 seconds
[2025-09-16T23:59:55.559+0000] {processor.py:186} INFO - Started process (PID=2368) to work on /home/airflow/.local/lib/python3.12/site-packages/airflow/example_dags/example_nested_branch_dag.py
[2025-09-16T23:59:55.560+0000] {processor.py:914} INFO - Processing file /home/airflow/.local/lib/python3.12/site-packages/airflow/example_dags/example_nested_branch_dag.py for tasks to queue
[2025-09-16T23:59:55.561+0000] {logging_mixin.py:190} INFO - [2025-09-16T23:59:55.561+0000] {dagbag.py:588} INFO - Filling up the DagBag from /home/airflow/.local/lib/python3.12/site-packages/airflow/example_dags/example_nested_branch_dag.py
[2025-09-16T23:59:55.569+0000] {processor.py:925} INFO - DAG(s) 'example_nested_branch_dag' retrieved from /home/airflow/.local/lib/python3.12/site-packages/airflow/example_dags/example_nested_branch_dag.py
[2025-09-16T23:59:55.582+0000] {logging_mixin.py:190} INFO - [2025-09-16T23:59:55.582+0000] {dag.py:3239} INFO - Sync 1 DAGs
[2025-09-16T23:59:55.597+0000] {logging_mixin.py:190} INFO - [2025-09-16T23:59:55.597+0000] {dag.py:4180} INFO - Setting next_dagrun for example_nested_branch_dag to 2025-09-15 00:00:00+00:00, run_after=2025-09-16 00:00:00+00:00
[2025-09-16T23:59:55.608+0000] {processor.py:208} INFO - Processing /home/airflow/.local/lib/python3.12/site-packages/airflow/example_dags/example_nested_branch_dag.py took 0.054 seconds
