[2025-09-16T23:41:16.363+0000] {processor.py:186} INFO - Started process (PID=64) to work on /home/airflow/.local/lib/python3.12/site-packages/airflow/example_dags/example_xcom.py
[2025-09-16T23:41:16.364+0000] {processor.py:914} INFO - Processing file /home/airflow/.local/lib/python3.12/site-packages/airflow/example_dags/example_xcom.py for tasks to queue
[2025-09-16T23:41:16.367+0000] {logging_mixin.py:190} INFO - [2025-09-16T23:41:16.366+0000] {dagbag.py:588} INFO - Filling up the DagBag from /home/airflow/.local/lib/python3.12/site-packages/airflow/example_dags/example_xcom.py
[2025-09-16T23:41:16.376+0000] {processor.py:925} INFO - DAG(s) 'example_xcom' retrieved from /home/airflow/.local/lib/python3.12/site-packages/airflow/example_dags/example_xcom.py
[2025-09-16T23:41:16.467+0000] {logging_mixin.py:190} INFO - [2025-09-16T23:41:16.466+0000] {override.py:1911} INFO - Created Permission View: can edit on DAG:example_xcom
[2025-09-16T23:41:16.473+0000] {logging_mixin.py:190} INFO - [2025-09-16T23:41:16.472+0000] {override.py:1911} INFO - Created Permission View: can delete on DAG:example_xcom
[2025-09-16T23:41:16.476+0000] {logging_mixin.py:190} INFO - [2025-09-16T23:41:16.476+0000] {override.py:1911} INFO - Created Permission View: can read on DAG:example_xcom
[2025-09-16T23:41:16.485+0000] {logging_mixin.py:190} INFO - [2025-09-16T23:41:16.485+0000] {override.py:1911} INFO - Created Permission View: menu access on DAG Run:example_xcom
[2025-09-16T23:41:16.492+0000] {logging_mixin.py:190} INFO - [2025-09-16T23:41:16.491+0000] {override.py:1911} INFO - Created Permission View: can create on DAG Run:example_xcom
[2025-09-16T23:41:16.501+0000] {logging_mixin.py:190} INFO - [2025-09-16T23:41:16.501+0000] {override.py:1911} INFO - Created Permission View: can delete on DAG Run:example_xcom
[2025-09-16T23:41:16.506+0000] {logging_mixin.py:190} INFO - [2025-09-16T23:41:16.506+0000] {override.py:1911} INFO - Created Permission View: can read on DAG Run:example_xcom
[2025-09-16T23:41:16.506+0000] {logging_mixin.py:190} INFO - [2025-09-16T23:41:16.506+0000] {dag.py:3239} INFO - Sync 1 DAGs
[2025-09-16T23:41:16.513+0000] {logging_mixin.py:190} INFO - [2025-09-16T23:41:16.513+0000] {dag.py:3262} INFO - Creating ORM DAG for example_xcom
[2025-09-16T23:41:16.520+0000] {logging_mixin.py:190} INFO - [2025-09-16T23:41:16.520+0000] {dag.py:4180} INFO - Setting next_dagrun for example_xcom to 2021-01-01 00:00:00+00:00, run_after=2021-01-01 00:00:00+00:00
[2025-09-16T23:41:16.530+0000] {processor.py:208} INFO - Processing /home/airflow/.local/lib/python3.12/site-packages/airflow/example_dags/example_xcom.py took 0.171 seconds
[2025-09-16T23:41:47.154+0000] {processor.py:186} INFO - Started process (PID=126) to work on /home/airflow/.local/lib/python3.12/site-packages/airflow/example_dags/example_xcom.py
[2025-09-16T23:41:47.155+0000] {processor.py:914} INFO - Processing file /home/airflow/.local/lib/python3.12/site-packages/airflow/example_dags/example_xcom.py for tasks to queue
[2025-09-16T23:41:47.156+0000] {logging_mixin.py:190} INFO - [2025-09-16T23:41:47.156+0000] {dagbag.py:588} INFO - Filling up the DagBag from /home/airflow/.local/lib/python3.12/site-packages/airflow/example_dags/example_xcom.py
[2025-09-16T23:41:47.161+0000] {processor.py:925} INFO - DAG(s) 'example_xcom' retrieved from /home/airflow/.local/lib/python3.12/site-packages/airflow/example_dags/example_xcom.py
[2025-09-16T23:41:47.176+0000] {logging_mixin.py:190} INFO - [2025-09-16T23:41:47.176+0000] {dag.py:3239} INFO - Sync 1 DAGs
[2025-09-16T23:41:47.188+0000] {logging_mixin.py:190} INFO - [2025-09-16T23:41:47.188+0000] {dag.py:4180} INFO - Setting next_dagrun for example_xcom to 2021-01-01 00:00:00+00:00, run_after=2021-01-01 00:00:00+00:00
[2025-09-16T23:41:47.237+0000] {processor.py:208} INFO - Processing /home/airflow/.local/lib/python3.12/site-packages/airflow/example_dags/example_xcom.py took 0.086 seconds
[2025-09-16T23:42:17.552+0000] {processor.py:186} INFO - Started process (PID=189) to work on /home/airflow/.local/lib/python3.12/site-packages/airflow/example_dags/example_xcom.py
[2025-09-16T23:42:17.552+0000] {processor.py:914} INFO - Processing file /home/airflow/.local/lib/python3.12/site-packages/airflow/example_dags/example_xcom.py for tasks to queue
[2025-09-16T23:42:17.554+0000] {logging_mixin.py:190} INFO - [2025-09-16T23:42:17.554+0000] {dagbag.py:588} INFO - Filling up the DagBag from /home/airflow/.local/lib/python3.12/site-packages/airflow/example_dags/example_xcom.py
[2025-09-16T23:42:17.560+0000] {processor.py:925} INFO - DAG(s) 'example_xcom' retrieved from /home/airflow/.local/lib/python3.12/site-packages/airflow/example_dags/example_xcom.py
[2025-09-16T23:42:17.575+0000] {logging_mixin.py:190} INFO - [2025-09-16T23:42:17.575+0000] {dag.py:3239} INFO - Sync 1 DAGs
[2025-09-16T23:42:17.588+0000] {logging_mixin.py:190} INFO - [2025-09-16T23:42:17.587+0000] {dag.py:4180} INFO - Setting next_dagrun for example_xcom to 2021-01-01 00:00:00+00:00, run_after=2021-01-01 00:00:00+00:00
[2025-09-16T23:42:17.613+0000] {processor.py:208} INFO - Processing /home/airflow/.local/lib/python3.12/site-packages/airflow/example_dags/example_xcom.py took 0.065 seconds
[2025-09-16T23:42:47.777+0000] {processor.py:186} INFO - Started process (PID=252) to work on /home/airflow/.local/lib/python3.12/site-packages/airflow/example_dags/example_xcom.py
[2025-09-16T23:42:47.778+0000] {processor.py:914} INFO - Processing file /home/airflow/.local/lib/python3.12/site-packages/airflow/example_dags/example_xcom.py for tasks to queue
[2025-09-16T23:42:47.780+0000] {logging_mixin.py:190} INFO - [2025-09-16T23:42:47.779+0000] {dagbag.py:588} INFO - Filling up the DagBag from /home/airflow/.local/lib/python3.12/site-packages/airflow/example_dags/example_xcom.py
[2025-09-16T23:42:47.785+0000] {processor.py:925} INFO - DAG(s) 'example_xcom' retrieved from /home/airflow/.local/lib/python3.12/site-packages/airflow/example_dags/example_xcom.py
[2025-09-16T23:42:47.797+0000] {logging_mixin.py:190} INFO - [2025-09-16T23:42:47.797+0000] {dag.py:3239} INFO - Sync 1 DAGs
[2025-09-16T23:42:47.809+0000] {logging_mixin.py:190} INFO - [2025-09-16T23:42:47.808+0000] {dag.py:4180} INFO - Setting next_dagrun for example_xcom to 2021-01-01 00:00:00+00:00, run_after=2021-01-01 00:00:00+00:00
[2025-09-16T23:42:47.820+0000] {processor.py:208} INFO - Processing /home/airflow/.local/lib/python3.12/site-packages/airflow/example_dags/example_xcom.py took 0.046 seconds
[2025-09-16T23:43:18.576+0000] {processor.py:186} INFO - Started process (PID=314) to work on /home/airflow/.local/lib/python3.12/site-packages/airflow/example_dags/example_xcom.py
[2025-09-16T23:43:18.577+0000] {processor.py:914} INFO - Processing file /home/airflow/.local/lib/python3.12/site-packages/airflow/example_dags/example_xcom.py for tasks to queue
[2025-09-16T23:43:18.578+0000] {logging_mixin.py:190} INFO - [2025-09-16T23:43:18.578+0000] {dagbag.py:588} INFO - Filling up the DagBag from /home/airflow/.local/lib/python3.12/site-packages/airflow/example_dags/example_xcom.py
[2025-09-16T23:43:18.584+0000] {processor.py:925} INFO - DAG(s) 'example_xcom' retrieved from /home/airflow/.local/lib/python3.12/site-packages/airflow/example_dags/example_xcom.py
[2025-09-16T23:43:18.599+0000] {logging_mixin.py:190} INFO - [2025-09-16T23:43:18.599+0000] {dag.py:3239} INFO - Sync 1 DAGs
[2025-09-16T23:43:18.611+0000] {logging_mixin.py:190} INFO - [2025-09-16T23:43:18.611+0000] {dag.py:4180} INFO - Setting next_dagrun for example_xcom to 2021-01-01 00:00:00+00:00, run_after=2021-01-01 00:00:00+00:00
[2025-09-16T23:43:18.627+0000] {processor.py:208} INFO - Processing /home/airflow/.local/lib/python3.12/site-packages/airflow/example_dags/example_xcom.py took 0.054 seconds
[2025-09-16T23:43:49.183+0000] {processor.py:186} INFO - Started process (PID=377) to work on /home/airflow/.local/lib/python3.12/site-packages/airflow/example_dags/example_xcom.py
[2025-09-16T23:43:49.184+0000] {processor.py:914} INFO - Processing file /home/airflow/.local/lib/python3.12/site-packages/airflow/example_dags/example_xcom.py for tasks to queue
[2025-09-16T23:43:49.185+0000] {logging_mixin.py:190} INFO - [2025-09-16T23:43:49.185+0000] {dagbag.py:588} INFO - Filling up the DagBag from /home/airflow/.local/lib/python3.12/site-packages/airflow/example_dags/example_xcom.py
[2025-09-16T23:43:49.190+0000] {processor.py:925} INFO - DAG(s) 'example_xcom' retrieved from /home/airflow/.local/lib/python3.12/site-packages/airflow/example_dags/example_xcom.py
[2025-09-16T23:43:49.200+0000] {logging_mixin.py:190} INFO - [2025-09-16T23:43:49.200+0000] {dag.py:3239} INFO - Sync 1 DAGs
[2025-09-16T23:43:49.210+0000] {logging_mixin.py:190} INFO - [2025-09-16T23:43:49.210+0000] {dag.py:4180} INFO - Setting next_dagrun for example_xcom to 2021-01-01 00:00:00+00:00, run_after=2021-01-01 00:00:00+00:00
[2025-09-16T23:43:49.217+0000] {processor.py:208} INFO - Processing /home/airflow/.local/lib/python3.12/site-packages/airflow/example_dags/example_xcom.py took 0.036 seconds
[2025-09-16T23:44:20.003+0000] {processor.py:186} INFO - Started process (PID=446) to work on /home/airflow/.local/lib/python3.12/site-packages/airflow/example_dags/example_xcom.py
[2025-09-16T23:44:20.004+0000] {processor.py:914} INFO - Processing file /home/airflow/.local/lib/python3.12/site-packages/airflow/example_dags/example_xcom.py for tasks to queue
[2025-09-16T23:44:20.005+0000] {logging_mixin.py:190} INFO - [2025-09-16T23:44:20.005+0000] {dagbag.py:588} INFO - Filling up the DagBag from /home/airflow/.local/lib/python3.12/site-packages/airflow/example_dags/example_xcom.py
[2025-09-16T23:44:20.011+0000] {processor.py:925} INFO - DAG(s) 'example_xcom' retrieved from /home/airflow/.local/lib/python3.12/site-packages/airflow/example_dags/example_xcom.py
[2025-09-16T23:44:20.022+0000] {logging_mixin.py:190} INFO - [2025-09-16T23:44:20.022+0000] {dag.py:3239} INFO - Sync 1 DAGs
[2025-09-16T23:44:20.035+0000] {logging_mixin.py:190} INFO - [2025-09-16T23:44:20.035+0000] {dag.py:4180} INFO - Setting next_dagrun for example_xcom to 2021-01-01 00:00:00+00:00, run_after=2021-01-01 00:00:00+00:00
[2025-09-16T23:44:20.052+0000] {processor.py:208} INFO - Processing /home/airflow/.local/lib/python3.12/site-packages/airflow/example_dags/example_xcom.py took 0.053 seconds
[2025-09-16T23:44:50.692+0000] {processor.py:186} INFO - Started process (PID=509) to work on /home/airflow/.local/lib/python3.12/site-packages/airflow/example_dags/example_xcom.py
[2025-09-16T23:44:50.693+0000] {processor.py:914} INFO - Processing file /home/airflow/.local/lib/python3.12/site-packages/airflow/example_dags/example_xcom.py for tasks to queue
[2025-09-16T23:44:50.694+0000] {logging_mixin.py:190} INFO - [2025-09-16T23:44:50.694+0000] {dagbag.py:588} INFO - Filling up the DagBag from /home/airflow/.local/lib/python3.12/site-packages/airflow/example_dags/example_xcom.py
[2025-09-16T23:44:50.700+0000] {processor.py:925} INFO - DAG(s) 'example_xcom' retrieved from /home/airflow/.local/lib/python3.12/site-packages/airflow/example_dags/example_xcom.py
[2025-09-16T23:44:50.715+0000] {logging_mixin.py:190} INFO - [2025-09-16T23:44:50.715+0000] {dag.py:3239} INFO - Sync 1 DAGs
[2025-09-16T23:44:50.726+0000] {logging_mixin.py:190} INFO - [2025-09-16T23:44:50.726+0000] {dag.py:4180} INFO - Setting next_dagrun for example_xcom to 2021-01-01 00:00:00+00:00, run_after=2021-01-01 00:00:00+00:00
[2025-09-16T23:44:50.734+0000] {processor.py:208} INFO - Processing /home/airflow/.local/lib/python3.12/site-packages/airflow/example_dags/example_xcom.py took 0.046 seconds
[2025-09-16T23:45:20.944+0000] {processor.py:186} INFO - Started process (PID=572) to work on /home/airflow/.local/lib/python3.12/site-packages/airflow/example_dags/example_xcom.py
[2025-09-16T23:45:20.946+0000] {processor.py:914} INFO - Processing file /home/airflow/.local/lib/python3.12/site-packages/airflow/example_dags/example_xcom.py for tasks to queue
[2025-09-16T23:45:20.948+0000] {logging_mixin.py:190} INFO - [2025-09-16T23:45:20.947+0000] {dagbag.py:588} INFO - Filling up the DagBag from /home/airflow/.local/lib/python3.12/site-packages/airflow/example_dags/example_xcom.py
[2025-09-16T23:45:20.953+0000] {processor.py:925} INFO - DAG(s) 'example_xcom' retrieved from /home/airflow/.local/lib/python3.12/site-packages/airflow/example_dags/example_xcom.py
[2025-09-16T23:45:20.966+0000] {logging_mixin.py:190} INFO - [2025-09-16T23:45:20.965+0000] {dag.py:3239} INFO - Sync 1 DAGs
[2025-09-16T23:45:20.980+0000] {logging_mixin.py:190} INFO - [2025-09-16T23:45:20.979+0000] {dag.py:4180} INFO - Setting next_dagrun for example_xcom to 2021-01-01 00:00:00+00:00, run_after=2021-01-01 00:00:00+00:00
[2025-09-16T23:45:20.995+0000] {processor.py:208} INFO - Processing /home/airflow/.local/lib/python3.12/site-packages/airflow/example_dags/example_xcom.py took 0.054 seconds
[2025-09-16T23:45:51.683+0000] {processor.py:186} INFO - Started process (PID=635) to work on /home/airflow/.local/lib/python3.12/site-packages/airflow/example_dags/example_xcom.py
[2025-09-16T23:45:51.684+0000] {processor.py:914} INFO - Processing file /home/airflow/.local/lib/python3.12/site-packages/airflow/example_dags/example_xcom.py for tasks to queue
[2025-09-16T23:45:51.685+0000] {logging_mixin.py:190} INFO - [2025-09-16T23:45:51.685+0000] {dagbag.py:588} INFO - Filling up the DagBag from /home/airflow/.local/lib/python3.12/site-packages/airflow/example_dags/example_xcom.py
[2025-09-16T23:45:51.691+0000] {processor.py:925} INFO - DAG(s) 'example_xcom' retrieved from /home/airflow/.local/lib/python3.12/site-packages/airflow/example_dags/example_xcom.py
[2025-09-16T23:45:51.703+0000] {logging_mixin.py:190} INFO - [2025-09-16T23:45:51.703+0000] {dag.py:3239} INFO - Sync 1 DAGs
[2025-09-16T23:45:51.717+0000] {logging_mixin.py:190} INFO - [2025-09-16T23:45:51.717+0000] {dag.py:4180} INFO - Setting next_dagrun for example_xcom to 2021-01-01 00:00:00+00:00, run_after=2021-01-01 00:00:00+00:00
[2025-09-16T23:45:51.731+0000] {processor.py:208} INFO - Processing /home/airflow/.local/lib/python3.12/site-packages/airflow/example_dags/example_xcom.py took 0.051 seconds
[2025-09-16T23:46:22.251+0000] {processor.py:186} INFO - Started process (PID=698) to work on /home/airflow/.local/lib/python3.12/site-packages/airflow/example_dags/example_xcom.py
[2025-09-16T23:46:22.254+0000] {processor.py:914} INFO - Processing file /home/airflow/.local/lib/python3.12/site-packages/airflow/example_dags/example_xcom.py for tasks to queue
[2025-09-16T23:46:22.255+0000] {logging_mixin.py:190} INFO - [2025-09-16T23:46:22.255+0000] {dagbag.py:588} INFO - Filling up the DagBag from /home/airflow/.local/lib/python3.12/site-packages/airflow/example_dags/example_xcom.py
[2025-09-16T23:46:22.261+0000] {processor.py:925} INFO - DAG(s) 'example_xcom' retrieved from /home/airflow/.local/lib/python3.12/site-packages/airflow/example_dags/example_xcom.py
[2025-09-16T23:46:22.274+0000] {logging_mixin.py:190} INFO - [2025-09-16T23:46:22.274+0000] {dag.py:3239} INFO - Sync 1 DAGs
[2025-09-16T23:46:22.286+0000] {logging_mixin.py:190} INFO - [2025-09-16T23:46:22.286+0000] {dag.py:4180} INFO - Setting next_dagrun for example_xcom to 2021-01-01 00:00:00+00:00, run_after=2021-01-01 00:00:00+00:00
[2025-09-16T23:46:22.295+0000] {processor.py:208} INFO - Processing /home/airflow/.local/lib/python3.12/site-packages/airflow/example_dags/example_xcom.py took 0.047 seconds
[2025-09-16T23:46:52.868+0000] {processor.py:186} INFO - Started process (PID=761) to work on /home/airflow/.local/lib/python3.12/site-packages/airflow/example_dags/example_xcom.py
[2025-09-16T23:46:52.869+0000] {processor.py:914} INFO - Processing file /home/airflow/.local/lib/python3.12/site-packages/airflow/example_dags/example_xcom.py for tasks to queue
[2025-09-16T23:46:52.870+0000] {logging_mixin.py:190} INFO - [2025-09-16T23:46:52.870+0000] {dagbag.py:588} INFO - Filling up the DagBag from /home/airflow/.local/lib/python3.12/site-packages/airflow/example_dags/example_xcom.py
[2025-09-16T23:46:52.876+0000] {processor.py:925} INFO - DAG(s) 'example_xcom' retrieved from /home/airflow/.local/lib/python3.12/site-packages/airflow/example_dags/example_xcom.py
[2025-09-16T23:46:52.887+0000] {logging_mixin.py:190} INFO - [2025-09-16T23:46:52.887+0000] {dag.py:3239} INFO - Sync 1 DAGs
[2025-09-16T23:46:52.902+0000] {logging_mixin.py:190} INFO - [2025-09-16T23:46:52.902+0000] {dag.py:4180} INFO - Setting next_dagrun for example_xcom to 2021-01-01 00:00:00+00:00, run_after=2021-01-01 00:00:00+00:00
[2025-09-16T23:46:52.913+0000] {processor.py:208} INFO - Processing /home/airflow/.local/lib/python3.12/site-packages/airflow/example_dags/example_xcom.py took 0.047 seconds
[2025-09-16T23:47:23.615+0000] {processor.py:186} INFO - Started process (PID=824) to work on /home/airflow/.local/lib/python3.12/site-packages/airflow/example_dags/example_xcom.py
[2025-09-16T23:47:23.616+0000] {processor.py:914} INFO - Processing file /home/airflow/.local/lib/python3.12/site-packages/airflow/example_dags/example_xcom.py for tasks to queue
[2025-09-16T23:47:23.617+0000] {logging_mixin.py:190} INFO - [2025-09-16T23:47:23.617+0000] {dagbag.py:588} INFO - Filling up the DagBag from /home/airflow/.local/lib/python3.12/site-packages/airflow/example_dags/example_xcom.py
[2025-09-16T23:47:23.623+0000] {processor.py:925} INFO - DAG(s) 'example_xcom' retrieved from /home/airflow/.local/lib/python3.12/site-packages/airflow/example_dags/example_xcom.py
[2025-09-16T23:47:23.636+0000] {logging_mixin.py:190} INFO - [2025-09-16T23:47:23.635+0000] {dag.py:3239} INFO - Sync 1 DAGs
[2025-09-16T23:47:23.650+0000] {logging_mixin.py:190} INFO - [2025-09-16T23:47:23.650+0000] {dag.py:4180} INFO - Setting next_dagrun for example_xcom to 2021-01-01 00:00:00+00:00, run_after=2021-01-01 00:00:00+00:00
[2025-09-16T23:47:23.660+0000] {processor.py:208} INFO - Processing /home/airflow/.local/lib/python3.12/site-packages/airflow/example_dags/example_xcom.py took 0.049 seconds
[2025-09-16T23:47:54.127+0000] {processor.py:186} INFO - Started process (PID=887) to work on /home/airflow/.local/lib/python3.12/site-packages/airflow/example_dags/example_xcom.py
[2025-09-16T23:47:54.129+0000] {processor.py:914} INFO - Processing file /home/airflow/.local/lib/python3.12/site-packages/airflow/example_dags/example_xcom.py for tasks to queue
[2025-09-16T23:47:54.131+0000] {logging_mixin.py:190} INFO - [2025-09-16T23:47:54.131+0000] {dagbag.py:588} INFO - Filling up the DagBag from /home/airflow/.local/lib/python3.12/site-packages/airflow/example_dags/example_xcom.py
[2025-09-16T23:47:54.136+0000] {processor.py:925} INFO - DAG(s) 'example_xcom' retrieved from /home/airflow/.local/lib/python3.12/site-packages/airflow/example_dags/example_xcom.py
[2025-09-16T23:47:54.149+0000] {logging_mixin.py:190} INFO - [2025-09-16T23:47:54.149+0000] {dag.py:3239} INFO - Sync 1 DAGs
[2025-09-16T23:47:54.167+0000] {logging_mixin.py:190} INFO - [2025-09-16T23:47:54.166+0000] {dag.py:4180} INFO - Setting next_dagrun for example_xcom to 2021-01-01 00:00:00+00:00, run_after=2021-01-01 00:00:00+00:00
[2025-09-16T23:47:54.177+0000] {processor.py:208} INFO - Processing /home/airflow/.local/lib/python3.12/site-packages/airflow/example_dags/example_xcom.py took 0.054 seconds
[2025-09-16T23:48:24.207+0000] {processor.py:186} INFO - Started process (PID=950) to work on /home/airflow/.local/lib/python3.12/site-packages/airflow/example_dags/example_xcom.py
[2025-09-16T23:48:24.208+0000] {processor.py:914} INFO - Processing file /home/airflow/.local/lib/python3.12/site-packages/airflow/example_dags/example_xcom.py for tasks to queue
[2025-09-16T23:48:24.210+0000] {logging_mixin.py:190} INFO - [2025-09-16T23:48:24.209+0000] {dagbag.py:588} INFO - Filling up the DagBag from /home/airflow/.local/lib/python3.12/site-packages/airflow/example_dags/example_xcom.py
[2025-09-16T23:48:24.215+0000] {processor.py:925} INFO - DAG(s) 'example_xcom' retrieved from /home/airflow/.local/lib/python3.12/site-packages/airflow/example_dags/example_xcom.py
[2025-09-16T23:48:24.228+0000] {logging_mixin.py:190} INFO - [2025-09-16T23:48:24.228+0000] {dag.py:3239} INFO - Sync 1 DAGs
[2025-09-16T23:48:24.239+0000] {logging_mixin.py:190} INFO - [2025-09-16T23:48:24.239+0000] {dag.py:4180} INFO - Setting next_dagrun for example_xcom to 2021-01-01 00:00:00+00:00, run_after=2021-01-01 00:00:00+00:00
[2025-09-16T23:48:24.247+0000] {processor.py:208} INFO - Processing /home/airflow/.local/lib/python3.12/site-packages/airflow/example_dags/example_xcom.py took 0.043 seconds
[2025-09-16T23:48:55.027+0000] {processor.py:186} INFO - Started process (PID=1013) to work on /home/airflow/.local/lib/python3.12/site-packages/airflow/example_dags/example_xcom.py
[2025-09-16T23:48:55.028+0000] {processor.py:914} INFO - Processing file /home/airflow/.local/lib/python3.12/site-packages/airflow/example_dags/example_xcom.py for tasks to queue
[2025-09-16T23:48:55.030+0000] {logging_mixin.py:190} INFO - [2025-09-16T23:48:55.029+0000] {dagbag.py:588} INFO - Filling up the DagBag from /home/airflow/.local/lib/python3.12/site-packages/airflow/example_dags/example_xcom.py
[2025-09-16T23:48:55.035+0000] {processor.py:925} INFO - DAG(s) 'example_xcom' retrieved from /home/airflow/.local/lib/python3.12/site-packages/airflow/example_dags/example_xcom.py
[2025-09-16T23:48:55.049+0000] {logging_mixin.py:190} INFO - [2025-09-16T23:48:55.049+0000] {dag.py:3239} INFO - Sync 1 DAGs
[2025-09-16T23:48:55.063+0000] {logging_mixin.py:190} INFO - [2025-09-16T23:48:55.062+0000] {dag.py:4180} INFO - Setting next_dagrun for example_xcom to 2021-01-01 00:00:00+00:00, run_after=2021-01-01 00:00:00+00:00
[2025-09-16T23:48:55.072+0000] {processor.py:208} INFO - Processing /home/airflow/.local/lib/python3.12/site-packages/airflow/example_dags/example_xcom.py took 0.048 seconds
[2025-09-16T23:49:25.894+0000] {processor.py:186} INFO - Started process (PID=1076) to work on /home/airflow/.local/lib/python3.12/site-packages/airflow/example_dags/example_xcom.py
[2025-09-16T23:49:25.894+0000] {processor.py:914} INFO - Processing file /home/airflow/.local/lib/python3.12/site-packages/airflow/example_dags/example_xcom.py for tasks to queue
[2025-09-16T23:49:25.898+0000] {logging_mixin.py:190} INFO - [2025-09-16T23:49:25.898+0000] {dagbag.py:588} INFO - Filling up the DagBag from /home/airflow/.local/lib/python3.12/site-packages/airflow/example_dags/example_xcom.py
[2025-09-16T23:49:25.905+0000] {processor.py:925} INFO - DAG(s) 'example_xcom' retrieved from /home/airflow/.local/lib/python3.12/site-packages/airflow/example_dags/example_xcom.py
[2025-09-16T23:49:25.928+0000] {logging_mixin.py:190} INFO - [2025-09-16T23:49:25.928+0000] {dag.py:3239} INFO - Sync 1 DAGs
[2025-09-16T23:49:25.941+0000] {logging_mixin.py:190} INFO - [2025-09-16T23:49:25.941+0000] {dag.py:4180} INFO - Setting next_dagrun for example_xcom to 2021-01-01 00:00:00+00:00, run_after=2021-01-01 00:00:00+00:00
[2025-09-16T23:49:25.951+0000] {processor.py:208} INFO - Processing /home/airflow/.local/lib/python3.12/site-packages/airflow/example_dags/example_xcom.py took 0.060 seconds
[2025-09-16T23:49:56.313+0000] {processor.py:186} INFO - Started process (PID=1139) to work on /home/airflow/.local/lib/python3.12/site-packages/airflow/example_dags/example_xcom.py
[2025-09-16T23:49:56.315+0000] {processor.py:914} INFO - Processing file /home/airflow/.local/lib/python3.12/site-packages/airflow/example_dags/example_xcom.py for tasks to queue
[2025-09-16T23:49:56.318+0000] {logging_mixin.py:190} INFO - [2025-09-16T23:49:56.318+0000] {dagbag.py:588} INFO - Filling up the DagBag from /home/airflow/.local/lib/python3.12/site-packages/airflow/example_dags/example_xcom.py
[2025-09-16T23:49:56.326+0000] {processor.py:925} INFO - DAG(s) 'example_xcom' retrieved from /home/airflow/.local/lib/python3.12/site-packages/airflow/example_dags/example_xcom.py
[2025-09-16T23:49:56.346+0000] {logging_mixin.py:190} INFO - [2025-09-16T23:49:56.346+0000] {dag.py:3239} INFO - Sync 1 DAGs
[2025-09-16T23:49:56.369+0000] {logging_mixin.py:190} INFO - [2025-09-16T23:49:56.369+0000] {dag.py:4180} INFO - Setting next_dagrun for example_xcom to 2021-01-01 00:00:00+00:00, run_after=2021-01-01 00:00:00+00:00
[2025-09-16T23:49:56.383+0000] {processor.py:208} INFO - Processing /home/airflow/.local/lib/python3.12/site-packages/airflow/example_dags/example_xcom.py took 0.077 seconds
[2025-09-16T23:50:26.842+0000] {processor.py:186} INFO - Started process (PID=1202) to work on /home/airflow/.local/lib/python3.12/site-packages/airflow/example_dags/example_xcom.py
[2025-09-16T23:50:26.845+0000] {processor.py:914} INFO - Processing file /home/airflow/.local/lib/python3.12/site-packages/airflow/example_dags/example_xcom.py for tasks to queue
[2025-09-16T23:50:26.847+0000] {logging_mixin.py:190} INFO - [2025-09-16T23:50:26.846+0000] {dagbag.py:588} INFO - Filling up the DagBag from /home/airflow/.local/lib/python3.12/site-packages/airflow/example_dags/example_xcom.py
[2025-09-16T23:50:26.851+0000] {processor.py:925} INFO - DAG(s) 'example_xcom' retrieved from /home/airflow/.local/lib/python3.12/site-packages/airflow/example_dags/example_xcom.py
[2025-09-16T23:50:26.862+0000] {logging_mixin.py:190} INFO - [2025-09-16T23:50:26.862+0000] {dag.py:3239} INFO - Sync 1 DAGs
[2025-09-16T23:50:26.874+0000] {logging_mixin.py:190} INFO - [2025-09-16T23:50:26.874+0000] {dag.py:4180} INFO - Setting next_dagrun for example_xcom to 2021-01-01 00:00:00+00:00, run_after=2021-01-01 00:00:00+00:00
[2025-09-16T23:50:26.883+0000] {processor.py:208} INFO - Processing /home/airflow/.local/lib/python3.12/site-packages/airflow/example_dags/example_xcom.py took 0.044 seconds
[2025-09-16T23:50:57.965+0000] {processor.py:186} INFO - Started process (PID=1265) to work on /home/airflow/.local/lib/python3.12/site-packages/airflow/example_dags/example_xcom.py
[2025-09-16T23:50:57.968+0000] {processor.py:914} INFO - Processing file /home/airflow/.local/lib/python3.12/site-packages/airflow/example_dags/example_xcom.py for tasks to queue
[2025-09-16T23:50:57.971+0000] {logging_mixin.py:190} INFO - [2025-09-16T23:50:57.970+0000] {dagbag.py:588} INFO - Filling up the DagBag from /home/airflow/.local/lib/python3.12/site-packages/airflow/example_dags/example_xcom.py
[2025-09-16T23:50:57.980+0000] {processor.py:925} INFO - DAG(s) 'example_xcom' retrieved from /home/airflow/.local/lib/python3.12/site-packages/airflow/example_dags/example_xcom.py
[2025-09-16T23:50:57.993+0000] {logging_mixin.py:190} INFO - [2025-09-16T23:50:57.993+0000] {dag.py:3239} INFO - Sync 1 DAGs
[2025-09-16T23:50:58.004+0000] {logging_mixin.py:190} INFO - [2025-09-16T23:50:58.004+0000] {dag.py:4180} INFO - Setting next_dagrun for example_xcom to 2021-01-01 00:00:00+00:00, run_after=2021-01-01 00:00:00+00:00
[2025-09-16T23:50:58.013+0000] {processor.py:208} INFO - Processing /home/airflow/.local/lib/python3.12/site-packages/airflow/example_dags/example_xcom.py took 0.065 seconds
[2025-09-16T23:51:28.312+0000] {processor.py:186} INFO - Started process (PID=1328) to work on /home/airflow/.local/lib/python3.12/site-packages/airflow/example_dags/example_xcom.py
[2025-09-16T23:51:28.313+0000] {processor.py:914} INFO - Processing file /home/airflow/.local/lib/python3.12/site-packages/airflow/example_dags/example_xcom.py for tasks to queue
[2025-09-16T23:51:28.314+0000] {logging_mixin.py:190} INFO - [2025-09-16T23:51:28.314+0000] {dagbag.py:588} INFO - Filling up the DagBag from /home/airflow/.local/lib/python3.12/site-packages/airflow/example_dags/example_xcom.py
[2025-09-16T23:51:28.319+0000] {processor.py:925} INFO - DAG(s) 'example_xcom' retrieved from /home/airflow/.local/lib/python3.12/site-packages/airflow/example_dags/example_xcom.py
[2025-09-16T23:51:28.330+0000] {logging_mixin.py:190} INFO - [2025-09-16T23:51:28.330+0000] {dag.py:3239} INFO - Sync 1 DAGs
[2025-09-16T23:51:28.341+0000] {logging_mixin.py:190} INFO - [2025-09-16T23:51:28.341+0000] {dag.py:4180} INFO - Setting next_dagrun for example_xcom to 2021-01-01 00:00:00+00:00, run_after=2021-01-01 00:00:00+00:00
[2025-09-16T23:51:28.351+0000] {processor.py:208} INFO - Processing /home/airflow/.local/lib/python3.12/site-packages/airflow/example_dags/example_xcom.py took 0.042 seconds
[2025-09-16T23:51:58.800+0000] {processor.py:186} INFO - Started process (PID=1391) to work on /home/airflow/.local/lib/python3.12/site-packages/airflow/example_dags/example_xcom.py
[2025-09-16T23:51:58.800+0000] {processor.py:914} INFO - Processing file /home/airflow/.local/lib/python3.12/site-packages/airflow/example_dags/example_xcom.py for tasks to queue
[2025-09-16T23:51:58.802+0000] {logging_mixin.py:190} INFO - [2025-09-16T23:51:58.802+0000] {dagbag.py:588} INFO - Filling up the DagBag from /home/airflow/.local/lib/python3.12/site-packages/airflow/example_dags/example_xcom.py
[2025-09-16T23:51:58.807+0000] {processor.py:925} INFO - DAG(s) 'example_xcom' retrieved from /home/airflow/.local/lib/python3.12/site-packages/airflow/example_dags/example_xcom.py
[2025-09-16T23:51:58.819+0000] {logging_mixin.py:190} INFO - [2025-09-16T23:51:58.819+0000] {dag.py:3239} INFO - Sync 1 DAGs
[2025-09-16T23:51:58.846+0000] {logging_mixin.py:190} INFO - [2025-09-16T23:51:58.846+0000] {dag.py:4180} INFO - Setting next_dagrun for example_xcom to 2021-01-01 00:00:00+00:00, run_after=2021-01-01 00:00:00+00:00
[2025-09-16T23:51:58.855+0000] {processor.py:208} INFO - Processing /home/airflow/.local/lib/python3.12/site-packages/airflow/example_dags/example_xcom.py took 0.059 seconds
[2025-09-16T23:52:29.063+0000] {processor.py:186} INFO - Started process (PID=1454) to work on /home/airflow/.local/lib/python3.12/site-packages/airflow/example_dags/example_xcom.py
[2025-09-16T23:52:29.066+0000] {processor.py:914} INFO - Processing file /home/airflow/.local/lib/python3.12/site-packages/airflow/example_dags/example_xcom.py for tasks to queue
[2025-09-16T23:52:29.067+0000] {logging_mixin.py:190} INFO - [2025-09-16T23:52:29.067+0000] {dagbag.py:588} INFO - Filling up the DagBag from /home/airflow/.local/lib/python3.12/site-packages/airflow/example_dags/example_xcom.py
[2025-09-16T23:52:29.072+0000] {processor.py:925} INFO - DAG(s) 'example_xcom' retrieved from /home/airflow/.local/lib/python3.12/site-packages/airflow/example_dags/example_xcom.py
[2025-09-16T23:52:29.083+0000] {logging_mixin.py:190} INFO - [2025-09-16T23:52:29.083+0000] {dag.py:3239} INFO - Sync 1 DAGs
[2025-09-16T23:52:29.097+0000] {logging_mixin.py:190} INFO - [2025-09-16T23:52:29.097+0000] {dag.py:4180} INFO - Setting next_dagrun for example_xcom to 2021-01-01 00:00:00+00:00, run_after=2021-01-01 00:00:00+00:00
[2025-09-16T23:52:29.106+0000] {processor.py:208} INFO - Processing /home/airflow/.local/lib/python3.12/site-packages/airflow/example_dags/example_xcom.py took 0.046 seconds
[2025-09-16T23:52:59.535+0000] {processor.py:186} INFO - Started process (PID=1517) to work on /home/airflow/.local/lib/python3.12/site-packages/airflow/example_dags/example_xcom.py
[2025-09-16T23:52:59.539+0000] {processor.py:914} INFO - Processing file /home/airflow/.local/lib/python3.12/site-packages/airflow/example_dags/example_xcom.py for tasks to queue
[2025-09-16T23:52:59.541+0000] {logging_mixin.py:190} INFO - [2025-09-16T23:52:59.540+0000] {dagbag.py:588} INFO - Filling up the DagBag from /home/airflow/.local/lib/python3.12/site-packages/airflow/example_dags/example_xcom.py
[2025-09-16T23:52:59.546+0000] {processor.py:925} INFO - DAG(s) 'example_xcom' retrieved from /home/airflow/.local/lib/python3.12/site-packages/airflow/example_dags/example_xcom.py
[2025-09-16T23:52:59.559+0000] {logging_mixin.py:190} INFO - [2025-09-16T23:52:59.559+0000] {dag.py:3239} INFO - Sync 1 DAGs
[2025-09-16T23:52:59.571+0000] {logging_mixin.py:190} INFO - [2025-09-16T23:52:59.570+0000] {dag.py:4180} INFO - Setting next_dagrun for example_xcom to 2021-01-01 00:00:00+00:00, run_after=2021-01-01 00:00:00+00:00
[2025-09-16T23:52:59.579+0000] {processor.py:208} INFO - Processing /home/airflow/.local/lib/python3.12/site-packages/airflow/example_dags/example_xcom.py took 0.047 seconds
[2025-09-16T23:53:29.972+0000] {processor.py:186} INFO - Started process (PID=1580) to work on /home/airflow/.local/lib/python3.12/site-packages/airflow/example_dags/example_xcom.py
[2025-09-16T23:53:29.974+0000] {processor.py:914} INFO - Processing file /home/airflow/.local/lib/python3.12/site-packages/airflow/example_dags/example_xcom.py for tasks to queue
[2025-09-16T23:53:29.976+0000] {logging_mixin.py:190} INFO - [2025-09-16T23:53:29.976+0000] {dagbag.py:588} INFO - Filling up the DagBag from /home/airflow/.local/lib/python3.12/site-packages/airflow/example_dags/example_xcom.py
[2025-09-16T23:53:29.981+0000] {processor.py:925} INFO - DAG(s) 'example_xcom' retrieved from /home/airflow/.local/lib/python3.12/site-packages/airflow/example_dags/example_xcom.py
[2025-09-16T23:53:29.993+0000] {logging_mixin.py:190} INFO - [2025-09-16T23:53:29.993+0000] {dag.py:3239} INFO - Sync 1 DAGs
[2025-09-16T23:53:30.005+0000] {logging_mixin.py:190} INFO - [2025-09-16T23:53:30.005+0000] {dag.py:4180} INFO - Setting next_dagrun for example_xcom to 2021-01-01 00:00:00+00:00, run_after=2021-01-01 00:00:00+00:00
[2025-09-16T23:53:30.013+0000] {processor.py:208} INFO - Processing /home/airflow/.local/lib/python3.12/site-packages/airflow/example_dags/example_xcom.py took 0.044 seconds
[2025-09-16T23:54:00.346+0000] {processor.py:186} INFO - Started process (PID=1643) to work on /home/airflow/.local/lib/python3.12/site-packages/airflow/example_dags/example_xcom.py
[2025-09-16T23:54:00.347+0000] {processor.py:914} INFO - Processing file /home/airflow/.local/lib/python3.12/site-packages/airflow/example_dags/example_xcom.py for tasks to queue
[2025-09-16T23:54:00.348+0000] {logging_mixin.py:190} INFO - [2025-09-16T23:54:00.348+0000] {dagbag.py:588} INFO - Filling up the DagBag from /home/airflow/.local/lib/python3.12/site-packages/airflow/example_dags/example_xcom.py
[2025-09-16T23:54:00.353+0000] {processor.py:925} INFO - DAG(s) 'example_xcom' retrieved from /home/airflow/.local/lib/python3.12/site-packages/airflow/example_dags/example_xcom.py
[2025-09-16T23:54:00.365+0000] {logging_mixin.py:190} INFO - [2025-09-16T23:54:00.365+0000] {dag.py:3239} INFO - Sync 1 DAGs
[2025-09-16T23:54:00.383+0000] {logging_mixin.py:190} INFO - [2025-09-16T23:54:00.382+0000] {dag.py:4180} INFO - Setting next_dagrun for example_xcom to 2021-01-01 00:00:00+00:00, run_after=2021-01-01 00:00:00+00:00
[2025-09-16T23:54:00.395+0000] {processor.py:208} INFO - Processing /home/airflow/.local/lib/python3.12/site-packages/airflow/example_dags/example_xcom.py took 0.053 seconds
[2025-09-16T23:54:30.882+0000] {processor.py:186} INFO - Started process (PID=1706) to work on /home/airflow/.local/lib/python3.12/site-packages/airflow/example_dags/example_xcom.py
[2025-09-16T23:54:30.883+0000] {processor.py:914} INFO - Processing file /home/airflow/.local/lib/python3.12/site-packages/airflow/example_dags/example_xcom.py for tasks to queue
[2025-09-16T23:54:30.887+0000] {logging_mixin.py:190} INFO - [2025-09-16T23:54:30.887+0000] {dagbag.py:588} INFO - Filling up the DagBag from /home/airflow/.local/lib/python3.12/site-packages/airflow/example_dags/example_xcom.py
[2025-09-16T23:54:30.892+0000] {processor.py:925} INFO - DAG(s) 'example_xcom' retrieved from /home/airflow/.local/lib/python3.12/site-packages/airflow/example_dags/example_xcom.py
[2025-09-16T23:54:30.902+0000] {logging_mixin.py:190} INFO - [2025-09-16T23:54:30.902+0000] {dag.py:3239} INFO - Sync 1 DAGs
[2025-09-16T23:54:30.915+0000] {logging_mixin.py:190} INFO - [2025-09-16T23:54:30.915+0000] {dag.py:4180} INFO - Setting next_dagrun for example_xcom to 2021-01-01 00:00:00+00:00, run_after=2021-01-01 00:00:00+00:00
[2025-09-16T23:54:30.924+0000] {processor.py:208} INFO - Processing /home/airflow/.local/lib/python3.12/site-packages/airflow/example_dags/example_xcom.py took 0.045 seconds
[2025-09-16T23:55:01.616+0000] {processor.py:186} INFO - Started process (PID=1769) to work on /home/airflow/.local/lib/python3.12/site-packages/airflow/example_dags/example_xcom.py
[2025-09-16T23:55:01.618+0000] {processor.py:914} INFO - Processing file /home/airflow/.local/lib/python3.12/site-packages/airflow/example_dags/example_xcom.py for tasks to queue
[2025-09-16T23:55:01.620+0000] {logging_mixin.py:190} INFO - [2025-09-16T23:55:01.620+0000] {dagbag.py:588} INFO - Filling up the DagBag from /home/airflow/.local/lib/python3.12/site-packages/airflow/example_dags/example_xcom.py
[2025-09-16T23:55:01.624+0000] {processor.py:925} INFO - DAG(s) 'example_xcom' retrieved from /home/airflow/.local/lib/python3.12/site-packages/airflow/example_dags/example_xcom.py
[2025-09-16T23:55:01.639+0000] {logging_mixin.py:190} INFO - [2025-09-16T23:55:01.639+0000] {dag.py:3239} INFO - Sync 1 DAGs
[2025-09-16T23:55:01.652+0000] {logging_mixin.py:190} INFO - [2025-09-16T23:55:01.652+0000] {dag.py:4180} INFO - Setting next_dagrun for example_xcom to 2021-01-01 00:00:00+00:00, run_after=2021-01-01 00:00:00+00:00
[2025-09-16T23:55:01.660+0000] {processor.py:208} INFO - Processing /home/airflow/.local/lib/python3.12/site-packages/airflow/example_dags/example_xcom.py took 0.047 seconds
[2025-09-16T23:55:31.777+0000] {processor.py:186} INFO - Started process (PID=1832) to work on /home/airflow/.local/lib/python3.12/site-packages/airflow/example_dags/example_xcom.py
[2025-09-16T23:55:31.778+0000] {processor.py:914} INFO - Processing file /home/airflow/.local/lib/python3.12/site-packages/airflow/example_dags/example_xcom.py for tasks to queue
[2025-09-16T23:55:31.782+0000] {logging_mixin.py:190} INFO - [2025-09-16T23:55:31.782+0000] {dagbag.py:588} INFO - Filling up the DagBag from /home/airflow/.local/lib/python3.12/site-packages/airflow/example_dags/example_xcom.py
[2025-09-16T23:55:31.788+0000] {processor.py:925} INFO - DAG(s) 'example_xcom' retrieved from /home/airflow/.local/lib/python3.12/site-packages/airflow/example_dags/example_xcom.py
[2025-09-16T23:55:31.801+0000] {logging_mixin.py:190} INFO - [2025-09-16T23:55:31.801+0000] {dag.py:3239} INFO - Sync 1 DAGs
[2025-09-16T23:55:31.812+0000] {logging_mixin.py:190} INFO - [2025-09-16T23:55:31.812+0000] {dag.py:4180} INFO - Setting next_dagrun for example_xcom to 2021-01-01 00:00:00+00:00, run_after=2021-01-01 00:00:00+00:00
[2025-09-16T23:55:31.821+0000] {processor.py:208} INFO - Processing /home/airflow/.local/lib/python3.12/site-packages/airflow/example_dags/example_xcom.py took 0.047 seconds
[2025-09-16T23:56:01.941+0000] {processor.py:186} INFO - Started process (PID=1895) to work on /home/airflow/.local/lib/python3.12/site-packages/airflow/example_dags/example_xcom.py
[2025-09-16T23:56:01.943+0000] {processor.py:914} INFO - Processing file /home/airflow/.local/lib/python3.12/site-packages/airflow/example_dags/example_xcom.py for tasks to queue
[2025-09-16T23:56:01.945+0000] {logging_mixin.py:190} INFO - [2025-09-16T23:56:01.944+0000] {dagbag.py:588} INFO - Filling up the DagBag from /home/airflow/.local/lib/python3.12/site-packages/airflow/example_dags/example_xcom.py
[2025-09-16T23:56:01.951+0000] {processor.py:925} INFO - DAG(s) 'example_xcom' retrieved from /home/airflow/.local/lib/python3.12/site-packages/airflow/example_dags/example_xcom.py
[2025-09-16T23:56:01.961+0000] {logging_mixin.py:190} INFO - [2025-09-16T23:56:01.961+0000] {dag.py:3239} INFO - Sync 1 DAGs
[2025-09-16T23:56:01.972+0000] {logging_mixin.py:190} INFO - [2025-09-16T23:56:01.971+0000] {dag.py:4180} INFO - Setting next_dagrun for example_xcom to 2021-01-01 00:00:00+00:00, run_after=2021-01-01 00:00:00+00:00
[2025-09-16T23:56:01.980+0000] {processor.py:208} INFO - Processing /home/airflow/.local/lib/python3.12/site-packages/airflow/example_dags/example_xcom.py took 0.042 seconds
[2025-09-16T23:56:32.157+0000] {processor.py:186} INFO - Started process (PID=1958) to work on /home/airflow/.local/lib/python3.12/site-packages/airflow/example_dags/example_xcom.py
[2025-09-16T23:56:32.158+0000] {processor.py:914} INFO - Processing file /home/airflow/.local/lib/python3.12/site-packages/airflow/example_dags/example_xcom.py for tasks to queue
[2025-09-16T23:56:32.159+0000] {logging_mixin.py:190} INFO - [2025-09-16T23:56:32.159+0000] {dagbag.py:588} INFO - Filling up the DagBag from /home/airflow/.local/lib/python3.12/site-packages/airflow/example_dags/example_xcom.py
[2025-09-16T23:56:32.166+0000] {processor.py:925} INFO - DAG(s) 'example_xcom' retrieved from /home/airflow/.local/lib/python3.12/site-packages/airflow/example_dags/example_xcom.py
[2025-09-16T23:56:32.179+0000] {logging_mixin.py:190} INFO - [2025-09-16T23:56:32.179+0000] {dag.py:3239} INFO - Sync 1 DAGs
[2025-09-16T23:56:32.190+0000] {logging_mixin.py:190} INFO - [2025-09-16T23:56:32.189+0000] {dag.py:4180} INFO - Setting next_dagrun for example_xcom to 2021-01-01 00:00:00+00:00, run_after=2021-01-01 00:00:00+00:00
[2025-09-16T23:56:32.200+0000] {processor.py:208} INFO - Processing /home/airflow/.local/lib/python3.12/site-packages/airflow/example_dags/example_xcom.py took 0.046 seconds
[2025-09-16T23:57:02.289+0000] {processor.py:186} INFO - Started process (PID=2021) to work on /home/airflow/.local/lib/python3.12/site-packages/airflow/example_dags/example_xcom.py
[2025-09-16T23:57:02.290+0000] {processor.py:914} INFO - Processing file /home/airflow/.local/lib/python3.12/site-packages/airflow/example_dags/example_xcom.py for tasks to queue
[2025-09-16T23:57:02.292+0000] {logging_mixin.py:190} INFO - [2025-09-16T23:57:02.292+0000] {dagbag.py:588} INFO - Filling up the DagBag from /home/airflow/.local/lib/python3.12/site-packages/airflow/example_dags/example_xcom.py
[2025-09-16T23:57:02.298+0000] {processor.py:925} INFO - DAG(s) 'example_xcom' retrieved from /home/airflow/.local/lib/python3.12/site-packages/airflow/example_dags/example_xcom.py
[2025-09-16T23:57:02.309+0000] {logging_mixin.py:190} INFO - [2025-09-16T23:57:02.309+0000] {dag.py:3239} INFO - Sync 1 DAGs
[2025-09-16T23:57:02.320+0000] {logging_mixin.py:190} INFO - [2025-09-16T23:57:02.320+0000] {dag.py:4180} INFO - Setting next_dagrun for example_xcom to 2021-01-01 00:00:00+00:00, run_after=2021-01-01 00:00:00+00:00
[2025-09-16T23:57:02.330+0000] {processor.py:208} INFO - Processing /home/airflow/.local/lib/python3.12/site-packages/airflow/example_dags/example_xcom.py took 0.044 seconds
[2025-09-16T23:57:33.436+0000] {processor.py:186} INFO - Started process (PID=2084) to work on /home/airflow/.local/lib/python3.12/site-packages/airflow/example_dags/example_xcom.py
[2025-09-16T23:57:33.437+0000] {processor.py:914} INFO - Processing file /home/airflow/.local/lib/python3.12/site-packages/airflow/example_dags/example_xcom.py for tasks to queue
[2025-09-16T23:57:33.438+0000] {logging_mixin.py:190} INFO - [2025-09-16T23:57:33.438+0000] {dagbag.py:588} INFO - Filling up the DagBag from /home/airflow/.local/lib/python3.12/site-packages/airflow/example_dags/example_xcom.py
[2025-09-16T23:57:33.443+0000] {processor.py:925} INFO - DAG(s) 'example_xcom' retrieved from /home/airflow/.local/lib/python3.12/site-packages/airflow/example_dags/example_xcom.py
[2025-09-16T23:57:33.452+0000] {logging_mixin.py:190} INFO - [2025-09-16T23:57:33.452+0000] {dag.py:3239} INFO - Sync 1 DAGs
[2025-09-16T23:57:33.462+0000] {logging_mixin.py:190} INFO - [2025-09-16T23:57:33.462+0000] {dag.py:4180} INFO - Setting next_dagrun for example_xcom to 2021-01-01 00:00:00+00:00, run_after=2021-01-01 00:00:00+00:00
[2025-09-16T23:57:33.469+0000] {processor.py:208} INFO - Processing /home/airflow/.local/lib/python3.12/site-packages/airflow/example_dags/example_xcom.py took 0.035 seconds
[2025-09-16T23:58:03.513+0000] {processor.py:186} INFO - Started process (PID=2147) to work on /home/airflow/.local/lib/python3.12/site-packages/airflow/example_dags/example_xcom.py
[2025-09-16T23:58:03.514+0000] {processor.py:914} INFO - Processing file /home/airflow/.local/lib/python3.12/site-packages/airflow/example_dags/example_xcom.py for tasks to queue
[2025-09-16T23:58:03.515+0000] {logging_mixin.py:190} INFO - [2025-09-16T23:58:03.515+0000] {dagbag.py:588} INFO - Filling up the DagBag from /home/airflow/.local/lib/python3.12/site-packages/airflow/example_dags/example_xcom.py
[2025-09-16T23:58:03.520+0000] {processor.py:925} INFO - DAG(s) 'example_xcom' retrieved from /home/airflow/.local/lib/python3.12/site-packages/airflow/example_dags/example_xcom.py
[2025-09-16T23:58:03.531+0000] {logging_mixin.py:190} INFO - [2025-09-16T23:58:03.530+0000] {dag.py:3239} INFO - Sync 1 DAGs
[2025-09-16T23:58:03.541+0000] {logging_mixin.py:190} INFO - [2025-09-16T23:58:03.541+0000] {dag.py:4180} INFO - Setting next_dagrun for example_xcom to 2021-01-01 00:00:00+00:00, run_after=2021-01-01 00:00:00+00:00
[2025-09-16T23:58:03.550+0000] {processor.py:208} INFO - Processing /home/airflow/.local/lib/python3.12/site-packages/airflow/example_dags/example_xcom.py took 0.040 seconds
[2025-09-16T23:58:34.635+0000] {processor.py:186} INFO - Started process (PID=2210) to work on /home/airflow/.local/lib/python3.12/site-packages/airflow/example_dags/example_xcom.py
[2025-09-16T23:58:34.635+0000] {processor.py:914} INFO - Processing file /home/airflow/.local/lib/python3.12/site-packages/airflow/example_dags/example_xcom.py for tasks to queue
[2025-09-16T23:58:34.637+0000] {logging_mixin.py:190} INFO - [2025-09-16T23:58:34.636+0000] {dagbag.py:588} INFO - Filling up the DagBag from /home/airflow/.local/lib/python3.12/site-packages/airflow/example_dags/example_xcom.py
[2025-09-16T23:58:34.641+0000] {processor.py:925} INFO - DAG(s) 'example_xcom' retrieved from /home/airflow/.local/lib/python3.12/site-packages/airflow/example_dags/example_xcom.py
[2025-09-16T23:58:34.651+0000] {logging_mixin.py:190} INFO - [2025-09-16T23:58:34.651+0000] {dag.py:3239} INFO - Sync 1 DAGs
[2025-09-16T23:58:34.661+0000] {logging_mixin.py:190} INFO - [2025-09-16T23:58:34.660+0000] {dag.py:4180} INFO - Setting next_dagrun for example_xcom to 2021-01-01 00:00:00+00:00, run_after=2021-01-01 00:00:00+00:00
[2025-09-16T23:58:34.668+0000] {processor.py:208} INFO - Processing /home/airflow/.local/lib/python3.12/site-packages/airflow/example_dags/example_xcom.py took 0.036 seconds
[2025-09-16T23:59:05.675+0000] {processor.py:186} INFO - Started process (PID=2273) to work on /home/airflow/.local/lib/python3.12/site-packages/airflow/example_dags/example_xcom.py
[2025-09-16T23:59:05.676+0000] {processor.py:914} INFO - Processing file /home/airflow/.local/lib/python3.12/site-packages/airflow/example_dags/example_xcom.py for tasks to queue
[2025-09-16T23:59:05.677+0000] {logging_mixin.py:190} INFO - [2025-09-16T23:59:05.677+0000] {dagbag.py:588} INFO - Filling up the DagBag from /home/airflow/.local/lib/python3.12/site-packages/airflow/example_dags/example_xcom.py
[2025-09-16T23:59:05.682+0000] {processor.py:925} INFO - DAG(s) 'example_xcom' retrieved from /home/airflow/.local/lib/python3.12/site-packages/airflow/example_dags/example_xcom.py
[2025-09-16T23:59:05.693+0000] {logging_mixin.py:190} INFO - [2025-09-16T23:59:05.693+0000] {dag.py:3239} INFO - Sync 1 DAGs
[2025-09-16T23:59:05.709+0000] {logging_mixin.py:190} INFO - [2025-09-16T23:59:05.709+0000] {dag.py:4180} INFO - Setting next_dagrun for example_xcom to 2021-01-01 00:00:00+00:00, run_after=2021-01-01 00:00:00+00:00
[2025-09-16T23:59:05.719+0000] {processor.py:208} INFO - Processing /home/airflow/.local/lib/python3.12/site-packages/airflow/example_dags/example_xcom.py took 0.048 seconds
[2025-09-16T23:59:36.803+0000] {processor.py:186} INFO - Started process (PID=2336) to work on /home/airflow/.local/lib/python3.12/site-packages/airflow/example_dags/example_xcom.py
[2025-09-16T23:59:36.804+0000] {processor.py:914} INFO - Processing file /home/airflow/.local/lib/python3.12/site-packages/airflow/example_dags/example_xcom.py for tasks to queue
[2025-09-16T23:59:36.807+0000] {logging_mixin.py:190} INFO - [2025-09-16T23:59:36.806+0000] {dagbag.py:588} INFO - Filling up the DagBag from /home/airflow/.local/lib/python3.12/site-packages/airflow/example_dags/example_xcom.py
[2025-09-16T23:59:36.812+0000] {processor.py:925} INFO - DAG(s) 'example_xcom' retrieved from /home/airflow/.local/lib/python3.12/site-packages/airflow/example_dags/example_xcom.py
[2025-09-16T23:59:36.823+0000] {logging_mixin.py:190} INFO - [2025-09-16T23:59:36.823+0000] {dag.py:3239} INFO - Sync 1 DAGs
[2025-09-16T23:59:36.837+0000] {logging_mixin.py:190} INFO - [2025-09-16T23:59:36.837+0000] {dag.py:4180} INFO - Setting next_dagrun for example_xcom to 2021-01-01 00:00:00+00:00, run_after=2021-01-01 00:00:00+00:00
[2025-09-16T23:59:36.850+0000] {processor.py:208} INFO - Processing /home/airflow/.local/lib/python3.12/site-packages/airflow/example_dags/example_xcom.py took 0.050 seconds
