[2025-09-16T23:41:17.988+0000] {processor.py:186} INFO - Started process (PID=79) to work on /home/airflow/.local/lib/python3.12/site-packages/airflow/example_dags/example_setup_teardown.py
[2025-09-16T23:41:17.989+0000] {processor.py:914} INFO - Processing file /home/airflow/.local/lib/python3.12/site-packages/airflow/example_dags/example_setup_teardown.py for tasks to queue
[2025-09-16T23:41:17.991+0000] {logging_mixin.py:190} INFO - [2025-09-16T23:41:17.990+0000] {dagbag.py:588} INFO - Filling up the DagBag from /home/airflow/.local/lib/python3.12/site-packages/airflow/example_dags/example_setup_teardown.py
[2025-09-16T23:41:17.997+0000] {processor.py:925} INFO - DAG(s) 'example_setup_teardown' retrieved from /home/airflow/.local/lib/python3.12/site-packages/airflow/example_dags/example_setup_teardown.py
[2025-09-16T23:41:18.056+0000] {logging_mixin.py:190} INFO - [2025-09-16T23:41:18.055+0000] {override.py:1911} INFO - Created Permission View: can edit on DAG:example_setup_teardown
[2025-09-16T23:41:18.064+0000] {logging_mixin.py:190} INFO - [2025-09-16T23:41:18.064+0000] {override.py:1911} INFO - Created Permission View: can delete on DAG:example_setup_teardown
[2025-09-16T23:41:18.068+0000] {logging_mixin.py:190} INFO - [2025-09-16T23:41:18.068+0000] {override.py:1911} INFO - Created Permission View: can read on DAG:example_setup_teardown
[2025-09-16T23:41:18.073+0000] {logging_mixin.py:190} INFO - [2025-09-16T23:41:18.073+0000] {override.py:1911} INFO - Created Permission View: menu access on DAG Run:example_setup_teardown
[2025-09-16T23:41:18.077+0000] {logging_mixin.py:190} INFO - [2025-09-16T23:41:18.077+0000] {override.py:1911} INFO - Created Permission View: can create on DAG Run:example_setup_teardown
[2025-09-16T23:41:18.086+0000] {logging_mixin.py:190} INFO - [2025-09-16T23:41:18.086+0000] {override.py:1911} INFO - Created Permission View: can delete on DAG Run:example_setup_teardown
[2025-09-16T23:41:18.094+0000] {logging_mixin.py:190} INFO - [2025-09-16T23:41:18.094+0000] {override.py:1911} INFO - Created Permission View: can read on DAG Run:example_setup_teardown
[2025-09-16T23:41:18.094+0000] {logging_mixin.py:190} INFO - [2025-09-16T23:41:18.094+0000] {dag.py:3239} INFO - Sync 1 DAGs
[2025-09-16T23:41:18.103+0000] {logging_mixin.py:190} INFO - [2025-09-16T23:41:18.103+0000] {dag.py:3262} INFO - Creating ORM DAG for example_setup_teardown
[2025-09-16T23:41:18.103+0000] {logging_mixin.py:190} INFO - [2025-09-16T23:41:18.103+0000] {dag.py:4180} INFO - Setting next_dagrun for example_setup_teardown to None, run_after=None
[2025-09-16T23:41:18.113+0000] {processor.py:208} INFO - Processing /home/airflow/.local/lib/python3.12/site-packages/airflow/example_dags/example_setup_teardown.py took 0.128 seconds
[2025-09-16T23:41:48.141+0000] {processor.py:186} INFO - Started process (PID=142) to work on /home/airflow/.local/lib/python3.12/site-packages/airflow/example_dags/example_setup_teardown.py
[2025-09-16T23:41:48.142+0000] {processor.py:914} INFO - Processing file /home/airflow/.local/lib/python3.12/site-packages/airflow/example_dags/example_setup_teardown.py for tasks to queue
[2025-09-16T23:41:48.143+0000] {logging_mixin.py:190} INFO - [2025-09-16T23:41:48.143+0000] {dagbag.py:588} INFO - Filling up the DagBag from /home/airflow/.local/lib/python3.12/site-packages/airflow/example_dags/example_setup_teardown.py
[2025-09-16T23:41:48.147+0000] {processor.py:925} INFO - DAG(s) 'example_setup_teardown' retrieved from /home/airflow/.local/lib/python3.12/site-packages/airflow/example_dags/example_setup_teardown.py
[2025-09-16T23:41:48.157+0000] {logging_mixin.py:190} INFO - [2025-09-16T23:41:48.157+0000] {dag.py:3239} INFO - Sync 1 DAGs
[2025-09-16T23:41:48.163+0000] {logging_mixin.py:190} INFO - [2025-09-16T23:41:48.163+0000] {dag.py:4180} INFO - Setting next_dagrun for example_setup_teardown to None, run_after=None
[2025-09-16T23:41:48.171+0000] {processor.py:208} INFO - Processing /home/airflow/.local/lib/python3.12/site-packages/airflow/example_dags/example_setup_teardown.py took 0.033 seconds
[2025-09-16T23:42:19.211+0000] {processor.py:186} INFO - Started process (PID=205) to work on /home/airflow/.local/lib/python3.12/site-packages/airflow/example_dags/example_setup_teardown.py
[2025-09-16T23:42:19.212+0000] {processor.py:914} INFO - Processing file /home/airflow/.local/lib/python3.12/site-packages/airflow/example_dags/example_setup_teardown.py for tasks to queue
[2025-09-16T23:42:19.213+0000] {logging_mixin.py:190} INFO - [2025-09-16T23:42:19.212+0000] {dagbag.py:588} INFO - Filling up the DagBag from /home/airflow/.local/lib/python3.12/site-packages/airflow/example_dags/example_setup_teardown.py
[2025-09-16T23:42:19.217+0000] {processor.py:925} INFO - DAG(s) 'example_setup_teardown' retrieved from /home/airflow/.local/lib/python3.12/site-packages/airflow/example_dags/example_setup_teardown.py
[2025-09-16T23:42:19.231+0000] {logging_mixin.py:190} INFO - [2025-09-16T23:42:19.231+0000] {dag.py:3239} INFO - Sync 1 DAGs
[2025-09-16T23:42:19.239+0000] {logging_mixin.py:190} INFO - [2025-09-16T23:42:19.239+0000] {dag.py:4180} INFO - Setting next_dagrun for example_setup_teardown to None, run_after=None
[2025-09-16T23:42:19.248+0000] {processor.py:208} INFO - Processing /home/airflow/.local/lib/python3.12/site-packages/airflow/example_dags/example_setup_teardown.py took 0.041 seconds
[2025-09-16T23:42:49.941+0000] {processor.py:186} INFO - Started process (PID=273) to work on /home/airflow/.local/lib/python3.12/site-packages/airflow/example_dags/example_setup_teardown.py
[2025-09-16T23:42:49.942+0000] {processor.py:914} INFO - Processing file /home/airflow/.local/lib/python3.12/site-packages/airflow/example_dags/example_setup_teardown.py for tasks to queue
[2025-09-16T23:42:49.943+0000] {logging_mixin.py:190} INFO - [2025-09-16T23:42:49.943+0000] {dagbag.py:588} INFO - Filling up the DagBag from /home/airflow/.local/lib/python3.12/site-packages/airflow/example_dags/example_setup_teardown.py
[2025-09-16T23:42:49.947+0000] {processor.py:925} INFO - DAG(s) 'example_setup_teardown' retrieved from /home/airflow/.local/lib/python3.12/site-packages/airflow/example_dags/example_setup_teardown.py
[2025-09-16T23:42:49.958+0000] {logging_mixin.py:190} INFO - [2025-09-16T23:42:49.958+0000] {dag.py:3239} INFO - Sync 1 DAGs
[2025-09-16T23:42:49.965+0000] {logging_mixin.py:190} INFO - [2025-09-16T23:42:49.965+0000] {dag.py:4180} INFO - Setting next_dagrun for example_setup_teardown to None, run_after=None
[2025-09-16T23:42:49.973+0000] {processor.py:208} INFO - Processing /home/airflow/.local/lib/python3.12/site-packages/airflow/example_dags/example_setup_teardown.py took 0.036 seconds
[2025-09-16T23:43:20.226+0000] {processor.py:186} INFO - Started process (PID=336) to work on /home/airflow/.local/lib/python3.12/site-packages/airflow/example_dags/example_setup_teardown.py
[2025-09-16T23:43:20.227+0000] {processor.py:914} INFO - Processing file /home/airflow/.local/lib/python3.12/site-packages/airflow/example_dags/example_setup_teardown.py for tasks to queue
[2025-09-16T23:43:20.228+0000] {logging_mixin.py:190} INFO - [2025-09-16T23:43:20.228+0000] {dagbag.py:588} INFO - Filling up the DagBag from /home/airflow/.local/lib/python3.12/site-packages/airflow/example_dags/example_setup_teardown.py
[2025-09-16T23:43:20.234+0000] {processor.py:925} INFO - DAG(s) 'example_setup_teardown' retrieved from /home/airflow/.local/lib/python3.12/site-packages/airflow/example_dags/example_setup_teardown.py
[2025-09-16T23:43:20.249+0000] {logging_mixin.py:190} INFO - [2025-09-16T23:43:20.249+0000] {dag.py:3239} INFO - Sync 1 DAGs
[2025-09-16T23:43:20.257+0000] {logging_mixin.py:190} INFO - [2025-09-16T23:43:20.257+0000] {dag.py:4180} INFO - Setting next_dagrun for example_setup_teardown to None, run_after=None
[2025-09-16T23:43:20.268+0000] {processor.py:208} INFO - Processing /home/airflow/.local/lib/python3.12/site-packages/airflow/example_dags/example_setup_teardown.py took 0.047 seconds
[2025-09-16T23:43:50.767+0000] {processor.py:186} INFO - Started process (PID=398) to work on /home/airflow/.local/lib/python3.12/site-packages/airflow/example_dags/example_setup_teardown.py
[2025-09-16T23:43:50.772+0000] {processor.py:914} INFO - Processing file /home/airflow/.local/lib/python3.12/site-packages/airflow/example_dags/example_setup_teardown.py for tasks to queue
[2025-09-16T23:43:50.773+0000] {logging_mixin.py:190} INFO - [2025-09-16T23:43:50.773+0000] {dagbag.py:588} INFO - Filling up the DagBag from /home/airflow/.local/lib/python3.12/site-packages/airflow/example_dags/example_setup_teardown.py
[2025-09-16T23:43:50.778+0000] {processor.py:925} INFO - DAG(s) 'example_setup_teardown' retrieved from /home/airflow/.local/lib/python3.12/site-packages/airflow/example_dags/example_setup_teardown.py
[2025-09-16T23:43:50.791+0000] {logging_mixin.py:190} INFO - [2025-09-16T23:43:50.790+0000] {dag.py:3239} INFO - Sync 1 DAGs
[2025-09-16T23:43:50.797+0000] {logging_mixin.py:190} INFO - [2025-09-16T23:43:50.797+0000] {dag.py:4180} INFO - Setting next_dagrun for example_setup_teardown to None, run_after=None
[2025-09-16T23:43:50.807+0000] {processor.py:208} INFO - Processing /home/airflow/.local/lib/python3.12/site-packages/airflow/example_dags/example_setup_teardown.py took 0.045 seconds
[2025-09-16T23:44:21.586+0000] {processor.py:186} INFO - Started process (PID=461) to work on /home/airflow/.local/lib/python3.12/site-packages/airflow/example_dags/example_setup_teardown.py
[2025-09-16T23:44:21.586+0000] {processor.py:914} INFO - Processing file /home/airflow/.local/lib/python3.12/site-packages/airflow/example_dags/example_setup_teardown.py for tasks to queue
[2025-09-16T23:44:21.588+0000] {logging_mixin.py:190} INFO - [2025-09-16T23:44:21.588+0000] {dagbag.py:588} INFO - Filling up the DagBag from /home/airflow/.local/lib/python3.12/site-packages/airflow/example_dags/example_setup_teardown.py
[2025-09-16T23:44:21.596+0000] {processor.py:925} INFO - DAG(s) 'example_setup_teardown' retrieved from /home/airflow/.local/lib/python3.12/site-packages/airflow/example_dags/example_setup_teardown.py
[2025-09-16T23:44:21.607+0000] {logging_mixin.py:190} INFO - [2025-09-16T23:44:21.607+0000] {dag.py:3239} INFO - Sync 1 DAGs
[2025-09-16T23:44:21.614+0000] {logging_mixin.py:190} INFO - [2025-09-16T23:44:21.614+0000] {dag.py:4180} INFO - Setting next_dagrun for example_setup_teardown to None, run_after=None
[2025-09-16T23:44:21.622+0000] {processor.py:208} INFO - Processing /home/airflow/.local/lib/python3.12/site-packages/airflow/example_dags/example_setup_teardown.py took 0.039 seconds
[2025-09-16T23:44:52.184+0000] {processor.py:186} INFO - Started process (PID=524) to work on /home/airflow/.local/lib/python3.12/site-packages/airflow/example_dags/example_setup_teardown.py
[2025-09-16T23:44:52.185+0000] {processor.py:914} INFO - Processing file /home/airflow/.local/lib/python3.12/site-packages/airflow/example_dags/example_setup_teardown.py for tasks to queue
[2025-09-16T23:44:52.187+0000] {logging_mixin.py:190} INFO - [2025-09-16T23:44:52.187+0000] {dagbag.py:588} INFO - Filling up the DagBag from /home/airflow/.local/lib/python3.12/site-packages/airflow/example_dags/example_setup_teardown.py
[2025-09-16T23:44:52.191+0000] {processor.py:925} INFO - DAG(s) 'example_setup_teardown' retrieved from /home/airflow/.local/lib/python3.12/site-packages/airflow/example_dags/example_setup_teardown.py
[2025-09-16T23:44:52.202+0000] {logging_mixin.py:190} INFO - [2025-09-16T23:44:52.201+0000] {dag.py:3239} INFO - Sync 1 DAGs
[2025-09-16T23:44:52.208+0000] {logging_mixin.py:190} INFO - [2025-09-16T23:44:52.208+0000] {dag.py:4180} INFO - Setting next_dagrun for example_setup_teardown to None, run_after=None
[2025-09-16T23:44:52.219+0000] {processor.py:208} INFO - Processing /home/airflow/.local/lib/python3.12/site-packages/airflow/example_dags/example_setup_teardown.py took 0.038 seconds
[2025-09-16T23:45:22.463+0000] {processor.py:186} INFO - Started process (PID=587) to work on /home/airflow/.local/lib/python3.12/site-packages/airflow/example_dags/example_setup_teardown.py
[2025-09-16T23:45:22.464+0000] {processor.py:914} INFO - Processing file /home/airflow/.local/lib/python3.12/site-packages/airflow/example_dags/example_setup_teardown.py for tasks to queue
[2025-09-16T23:45:22.465+0000] {logging_mixin.py:190} INFO - [2025-09-16T23:45:22.465+0000] {dagbag.py:588} INFO - Filling up the DagBag from /home/airflow/.local/lib/python3.12/site-packages/airflow/example_dags/example_setup_teardown.py
[2025-09-16T23:45:22.470+0000] {processor.py:925} INFO - DAG(s) 'example_setup_teardown' retrieved from /home/airflow/.local/lib/python3.12/site-packages/airflow/example_dags/example_setup_teardown.py
[2025-09-16T23:45:22.481+0000] {logging_mixin.py:190} INFO - [2025-09-16T23:45:22.480+0000] {dag.py:3239} INFO - Sync 1 DAGs
[2025-09-16T23:45:22.487+0000] {logging_mixin.py:190} INFO - [2025-09-16T23:45:22.487+0000] {dag.py:4180} INFO - Setting next_dagrun for example_setup_teardown to None, run_after=None
[2025-09-16T23:45:22.496+0000] {processor.py:208} INFO - Processing /home/airflow/.local/lib/python3.12/site-packages/airflow/example_dags/example_setup_teardown.py took 0.036 seconds
[2025-09-16T23:45:53.242+0000] {processor.py:186} INFO - Started process (PID=650) to work on /home/airflow/.local/lib/python3.12/site-packages/airflow/example_dags/example_setup_teardown.py
[2025-09-16T23:45:53.243+0000] {processor.py:914} INFO - Processing file /home/airflow/.local/lib/python3.12/site-packages/airflow/example_dags/example_setup_teardown.py for tasks to queue
[2025-09-16T23:45:53.244+0000] {logging_mixin.py:190} INFO - [2025-09-16T23:45:53.244+0000] {dagbag.py:588} INFO - Filling up the DagBag from /home/airflow/.local/lib/python3.12/site-packages/airflow/example_dags/example_setup_teardown.py
[2025-09-16T23:45:53.249+0000] {processor.py:925} INFO - DAG(s) 'example_setup_teardown' retrieved from /home/airflow/.local/lib/python3.12/site-packages/airflow/example_dags/example_setup_teardown.py
[2025-09-16T23:45:53.260+0000] {logging_mixin.py:190} INFO - [2025-09-16T23:45:53.260+0000] {dag.py:3239} INFO - Sync 1 DAGs
[2025-09-16T23:45:53.267+0000] {logging_mixin.py:190} INFO - [2025-09-16T23:45:53.267+0000] {dag.py:4180} INFO - Setting next_dagrun for example_setup_teardown to None, run_after=None
[2025-09-16T23:45:53.281+0000] {processor.py:208} INFO - Processing /home/airflow/.local/lib/python3.12/site-packages/airflow/example_dags/example_setup_teardown.py took 0.042 seconds
[2025-09-16T23:46:23.786+0000] {processor.py:186} INFO - Started process (PID=713) to work on /home/airflow/.local/lib/python3.12/site-packages/airflow/example_dags/example_setup_teardown.py
[2025-09-16T23:46:23.787+0000] {processor.py:914} INFO - Processing file /home/airflow/.local/lib/python3.12/site-packages/airflow/example_dags/example_setup_teardown.py for tasks to queue
[2025-09-16T23:46:23.788+0000] {logging_mixin.py:190} INFO - [2025-09-16T23:46:23.788+0000] {dagbag.py:588} INFO - Filling up the DagBag from /home/airflow/.local/lib/python3.12/site-packages/airflow/example_dags/example_setup_teardown.py
[2025-09-16T23:46:23.793+0000] {processor.py:925} INFO - DAG(s) 'example_setup_teardown' retrieved from /home/airflow/.local/lib/python3.12/site-packages/airflow/example_dags/example_setup_teardown.py
[2025-09-16T23:46:23.803+0000] {logging_mixin.py:190} INFO - [2025-09-16T23:46:23.803+0000] {dag.py:3239} INFO - Sync 1 DAGs
[2025-09-16T23:46:23.811+0000] {logging_mixin.py:190} INFO - [2025-09-16T23:46:23.811+0000] {dag.py:4180} INFO - Setting next_dagrun for example_setup_teardown to None, run_after=None
[2025-09-16T23:46:23.819+0000] {processor.py:208} INFO - Processing /home/airflow/.local/lib/python3.12/site-packages/airflow/example_dags/example_setup_teardown.py took 0.036 seconds
[2025-09-16T23:46:54.351+0000] {processor.py:186} INFO - Started process (PID=776) to work on /home/airflow/.local/lib/python3.12/site-packages/airflow/example_dags/example_setup_teardown.py
[2025-09-16T23:46:54.354+0000] {processor.py:914} INFO - Processing file /home/airflow/.local/lib/python3.12/site-packages/airflow/example_dags/example_setup_teardown.py for tasks to queue
[2025-09-16T23:46:54.356+0000] {logging_mixin.py:190} INFO - [2025-09-16T23:46:54.355+0000] {dagbag.py:588} INFO - Filling up the DagBag from /home/airflow/.local/lib/python3.12/site-packages/airflow/example_dags/example_setup_teardown.py
[2025-09-16T23:46:54.360+0000] {processor.py:925} INFO - DAG(s) 'example_setup_teardown' retrieved from /home/airflow/.local/lib/python3.12/site-packages/airflow/example_dags/example_setup_teardown.py
[2025-09-16T23:46:54.370+0000] {logging_mixin.py:190} INFO - [2025-09-16T23:46:54.370+0000] {dag.py:3239} INFO - Sync 1 DAGs
[2025-09-16T23:46:54.378+0000] {logging_mixin.py:190} INFO - [2025-09-16T23:46:54.377+0000] {dag.py:4180} INFO - Setting next_dagrun for example_setup_teardown to None, run_after=None
[2025-09-16T23:46:54.386+0000] {processor.py:208} INFO - Processing /home/airflow/.local/lib/python3.12/site-packages/airflow/example_dags/example_setup_teardown.py took 0.038 seconds
[2025-09-16T23:47:25.123+0000] {processor.py:186} INFO - Started process (PID=839) to work on /home/airflow/.local/lib/python3.12/site-packages/airflow/example_dags/example_setup_teardown.py
[2025-09-16T23:47:25.124+0000] {processor.py:914} INFO - Processing file /home/airflow/.local/lib/python3.12/site-packages/airflow/example_dags/example_setup_teardown.py for tasks to queue
[2025-09-16T23:47:25.125+0000] {logging_mixin.py:190} INFO - [2025-09-16T23:47:25.125+0000] {dagbag.py:588} INFO - Filling up the DagBag from /home/airflow/.local/lib/python3.12/site-packages/airflow/example_dags/example_setup_teardown.py
[2025-09-16T23:47:25.130+0000] {processor.py:925} INFO - DAG(s) 'example_setup_teardown' retrieved from /home/airflow/.local/lib/python3.12/site-packages/airflow/example_dags/example_setup_teardown.py
[2025-09-16T23:47:25.141+0000] {logging_mixin.py:190} INFO - [2025-09-16T23:47:25.141+0000] {dag.py:3239} INFO - Sync 1 DAGs
[2025-09-16T23:47:25.150+0000] {logging_mixin.py:190} INFO - [2025-09-16T23:47:25.150+0000] {dag.py:4180} INFO - Setting next_dagrun for example_setup_teardown to None, run_after=None
[2025-09-16T23:47:25.159+0000] {processor.py:208} INFO - Processing /home/airflow/.local/lib/python3.12/site-packages/airflow/example_dags/example_setup_teardown.py took 0.039 seconds
[2025-09-16T23:47:55.753+0000] {processor.py:186} INFO - Started process (PID=902) to work on /home/airflow/.local/lib/python3.12/site-packages/airflow/example_dags/example_setup_teardown.py
[2025-09-16T23:47:55.755+0000] {processor.py:914} INFO - Processing file /home/airflow/.local/lib/python3.12/site-packages/airflow/example_dags/example_setup_teardown.py for tasks to queue
[2025-09-16T23:47:55.756+0000] {logging_mixin.py:190} INFO - [2025-09-16T23:47:55.756+0000] {dagbag.py:588} INFO - Filling up the DagBag from /home/airflow/.local/lib/python3.12/site-packages/airflow/example_dags/example_setup_teardown.py
[2025-09-16T23:47:55.762+0000] {processor.py:925} INFO - DAG(s) 'example_setup_teardown' retrieved from /home/airflow/.local/lib/python3.12/site-packages/airflow/example_dags/example_setup_teardown.py
[2025-09-16T23:47:55.786+0000] {logging_mixin.py:190} INFO - [2025-09-16T23:47:55.785+0000] {dag.py:3239} INFO - Sync 1 DAGs
[2025-09-16T23:47:55.800+0000] {logging_mixin.py:190} INFO - [2025-09-16T23:47:55.800+0000] {dag.py:4180} INFO - Setting next_dagrun for example_setup_teardown to None, run_after=None
[2025-09-16T23:47:55.821+0000] {processor.py:208} INFO - Processing /home/airflow/.local/lib/python3.12/site-packages/airflow/example_dags/example_setup_teardown.py took 0.073 seconds
[2025-09-16T23:48:26.655+0000] {processor.py:186} INFO - Started process (PID=965) to work on /home/airflow/.local/lib/python3.12/site-packages/airflow/example_dags/example_setup_teardown.py
[2025-09-16T23:48:26.658+0000] {processor.py:914} INFO - Processing file /home/airflow/.local/lib/python3.12/site-packages/airflow/example_dags/example_setup_teardown.py for tasks to queue
[2025-09-16T23:48:26.659+0000] {logging_mixin.py:190} INFO - [2025-09-16T23:48:26.659+0000] {dagbag.py:588} INFO - Filling up the DagBag from /home/airflow/.local/lib/python3.12/site-packages/airflow/example_dags/example_setup_teardown.py
[2025-09-16T23:48:26.664+0000] {processor.py:925} INFO - DAG(s) 'example_setup_teardown' retrieved from /home/airflow/.local/lib/python3.12/site-packages/airflow/example_dags/example_setup_teardown.py
[2025-09-16T23:48:26.674+0000] {logging_mixin.py:190} INFO - [2025-09-16T23:48:26.674+0000] {dag.py:3239} INFO - Sync 1 DAGs
[2025-09-16T23:48:26.681+0000] {logging_mixin.py:190} INFO - [2025-09-16T23:48:26.681+0000] {dag.py:4180} INFO - Setting next_dagrun for example_setup_teardown to None, run_after=None
[2025-09-16T23:48:26.689+0000] {processor.py:208} INFO - Processing /home/airflow/.local/lib/python3.12/site-packages/airflow/example_dags/example_setup_teardown.py took 0.039 seconds
[2025-09-16T23:48:57.529+0000] {processor.py:186} INFO - Started process (PID=1028) to work on /home/airflow/.local/lib/python3.12/site-packages/airflow/example_dags/example_setup_teardown.py
[2025-09-16T23:48:57.530+0000] {processor.py:914} INFO - Processing file /home/airflow/.local/lib/python3.12/site-packages/airflow/example_dags/example_setup_teardown.py for tasks to queue
[2025-09-16T23:48:57.532+0000] {logging_mixin.py:190} INFO - [2025-09-16T23:48:57.532+0000] {dagbag.py:588} INFO - Filling up the DagBag from /home/airflow/.local/lib/python3.12/site-packages/airflow/example_dags/example_setup_teardown.py
[2025-09-16T23:48:57.536+0000] {processor.py:925} INFO - DAG(s) 'example_setup_teardown' retrieved from /home/airflow/.local/lib/python3.12/site-packages/airflow/example_dags/example_setup_teardown.py
[2025-09-16T23:48:57.547+0000] {logging_mixin.py:190} INFO - [2025-09-16T23:48:57.547+0000] {dag.py:3239} INFO - Sync 1 DAGs
[2025-09-16T23:48:57.553+0000] {logging_mixin.py:190} INFO - [2025-09-16T23:48:57.553+0000] {dag.py:4180} INFO - Setting next_dagrun for example_setup_teardown to None, run_after=None
[2025-09-16T23:48:57.561+0000] {processor.py:208} INFO - Processing /home/airflow/.local/lib/python3.12/site-packages/airflow/example_dags/example_setup_teardown.py took 0.035 seconds
[2025-09-16T23:49:28.416+0000] {processor.py:186} INFO - Started process (PID=1091) to work on /home/airflow/.local/lib/python3.12/site-packages/airflow/example_dags/example_setup_teardown.py
[2025-09-16T23:49:28.417+0000] {processor.py:914} INFO - Processing file /home/airflow/.local/lib/python3.12/site-packages/airflow/example_dags/example_setup_teardown.py for tasks to queue
[2025-09-16T23:49:28.419+0000] {logging_mixin.py:190} INFO - [2025-09-16T23:49:28.419+0000] {dagbag.py:588} INFO - Filling up the DagBag from /home/airflow/.local/lib/python3.12/site-packages/airflow/example_dags/example_setup_teardown.py
[2025-09-16T23:49:28.423+0000] {processor.py:925} INFO - DAG(s) 'example_setup_teardown' retrieved from /home/airflow/.local/lib/python3.12/site-packages/airflow/example_dags/example_setup_teardown.py
[2025-09-16T23:49:28.433+0000] {logging_mixin.py:190} INFO - [2025-09-16T23:49:28.433+0000] {dag.py:3239} INFO - Sync 1 DAGs
[2025-09-16T23:49:28.441+0000] {logging_mixin.py:190} INFO - [2025-09-16T23:49:28.441+0000] {dag.py:4180} INFO - Setting next_dagrun for example_setup_teardown to None, run_after=None
[2025-09-16T23:49:28.449+0000] {processor.py:208} INFO - Processing /home/airflow/.local/lib/python3.12/site-packages/airflow/example_dags/example_setup_teardown.py took 0.037 seconds
[2025-09-16T23:49:58.897+0000] {processor.py:186} INFO - Started process (PID=1154) to work on /home/airflow/.local/lib/python3.12/site-packages/airflow/example_dags/example_setup_teardown.py
[2025-09-16T23:49:58.900+0000] {processor.py:914} INFO - Processing file /home/airflow/.local/lib/python3.12/site-packages/airflow/example_dags/example_setup_teardown.py for tasks to queue
[2025-09-16T23:49:58.902+0000] {logging_mixin.py:190} INFO - [2025-09-16T23:49:58.902+0000] {dagbag.py:588} INFO - Filling up the DagBag from /home/airflow/.local/lib/python3.12/site-packages/airflow/example_dags/example_setup_teardown.py
[2025-09-16T23:49:58.907+0000] {processor.py:925} INFO - DAG(s) 'example_setup_teardown' retrieved from /home/airflow/.local/lib/python3.12/site-packages/airflow/example_dags/example_setup_teardown.py
[2025-09-16T23:49:58.918+0000] {logging_mixin.py:190} INFO - [2025-09-16T23:49:58.917+0000] {dag.py:3239} INFO - Sync 1 DAGs
[2025-09-16T23:49:58.924+0000] {logging_mixin.py:190} INFO - [2025-09-16T23:49:58.924+0000] {dag.py:4180} INFO - Setting next_dagrun for example_setup_teardown to None, run_after=None
[2025-09-16T23:49:58.937+0000] {processor.py:208} INFO - Processing /home/airflow/.local/lib/python3.12/site-packages/airflow/example_dags/example_setup_teardown.py took 0.043 seconds
[2025-09-16T23:50:29.360+0000] {processor.py:186} INFO - Started process (PID=1217) to work on /home/airflow/.local/lib/python3.12/site-packages/airflow/example_dags/example_setup_teardown.py
[2025-09-16T23:50:29.361+0000] {processor.py:914} INFO - Processing file /home/airflow/.local/lib/python3.12/site-packages/airflow/example_dags/example_setup_teardown.py for tasks to queue
[2025-09-16T23:50:29.363+0000] {logging_mixin.py:190} INFO - [2025-09-16T23:50:29.362+0000] {dagbag.py:588} INFO - Filling up the DagBag from /home/airflow/.local/lib/python3.12/site-packages/airflow/example_dags/example_setup_teardown.py
[2025-09-16T23:50:29.367+0000] {processor.py:925} INFO - DAG(s) 'example_setup_teardown' retrieved from /home/airflow/.local/lib/python3.12/site-packages/airflow/example_dags/example_setup_teardown.py
[2025-09-16T23:50:29.378+0000] {logging_mixin.py:190} INFO - [2025-09-16T23:50:29.377+0000] {dag.py:3239} INFO - Sync 1 DAGs
[2025-09-16T23:50:29.384+0000] {logging_mixin.py:190} INFO - [2025-09-16T23:50:29.384+0000] {dag.py:4180} INFO - Setting next_dagrun for example_setup_teardown to None, run_after=None
[2025-09-16T23:50:29.392+0000] {processor.py:208} INFO - Processing /home/airflow/.local/lib/python3.12/site-packages/airflow/example_dags/example_setup_teardown.py took 0.036 seconds
[2025-09-16T23:50:59.502+0000] {processor.py:186} INFO - Started process (PID=1280) to work on /home/airflow/.local/lib/python3.12/site-packages/airflow/example_dags/example_setup_teardown.py
[2025-09-16T23:50:59.503+0000] {processor.py:914} INFO - Processing file /home/airflow/.local/lib/python3.12/site-packages/airflow/example_dags/example_setup_teardown.py for tasks to queue
[2025-09-16T23:50:59.505+0000] {logging_mixin.py:190} INFO - [2025-09-16T23:50:59.505+0000] {dagbag.py:588} INFO - Filling up the DagBag from /home/airflow/.local/lib/python3.12/site-packages/airflow/example_dags/example_setup_teardown.py
[2025-09-16T23:50:59.510+0000] {processor.py:925} INFO - DAG(s) 'example_setup_teardown' retrieved from /home/airflow/.local/lib/python3.12/site-packages/airflow/example_dags/example_setup_teardown.py
[2025-09-16T23:50:59.524+0000] {logging_mixin.py:190} INFO - [2025-09-16T23:50:59.523+0000] {dag.py:3239} INFO - Sync 1 DAGs
[2025-09-16T23:50:59.531+0000] {logging_mixin.py:190} INFO - [2025-09-16T23:50:59.531+0000] {dag.py:4180} INFO - Setting next_dagrun for example_setup_teardown to None, run_after=None
[2025-09-16T23:50:59.541+0000] {processor.py:208} INFO - Processing /home/airflow/.local/lib/python3.12/site-packages/airflow/example_dags/example_setup_teardown.py took 0.042 seconds
[2025-09-16T23:51:29.796+0000] {processor.py:186} INFO - Started process (PID=1343) to work on /home/airflow/.local/lib/python3.12/site-packages/airflow/example_dags/example_setup_teardown.py
[2025-09-16T23:51:29.797+0000] {processor.py:914} INFO - Processing file /home/airflow/.local/lib/python3.12/site-packages/airflow/example_dags/example_setup_teardown.py for tasks to queue
[2025-09-16T23:51:29.798+0000] {logging_mixin.py:190} INFO - [2025-09-16T23:51:29.798+0000] {dagbag.py:588} INFO - Filling up the DagBag from /home/airflow/.local/lib/python3.12/site-packages/airflow/example_dags/example_setup_teardown.py
[2025-09-16T23:51:29.803+0000] {processor.py:925} INFO - DAG(s) 'example_setup_teardown' retrieved from /home/airflow/.local/lib/python3.12/site-packages/airflow/example_dags/example_setup_teardown.py
[2025-09-16T23:51:29.816+0000] {logging_mixin.py:190} INFO - [2025-09-16T23:51:29.816+0000] {dag.py:3239} INFO - Sync 1 DAGs
[2025-09-16T23:51:29.823+0000] {logging_mixin.py:190} INFO - [2025-09-16T23:51:29.823+0000] {dag.py:4180} INFO - Setting next_dagrun for example_setup_teardown to None, run_after=None
[2025-09-16T23:51:29.832+0000] {processor.py:208} INFO - Processing /home/airflow/.local/lib/python3.12/site-packages/airflow/example_dags/example_setup_teardown.py took 0.038 seconds
[2025-09-16T23:52:00.340+0000] {processor.py:186} INFO - Started process (PID=1406) to work on /home/airflow/.local/lib/python3.12/site-packages/airflow/example_dags/example_setup_teardown.py
[2025-09-16T23:52:00.341+0000] {processor.py:914} INFO - Processing file /home/airflow/.local/lib/python3.12/site-packages/airflow/example_dags/example_setup_teardown.py for tasks to queue
[2025-09-16T23:52:00.342+0000] {logging_mixin.py:190} INFO - [2025-09-16T23:52:00.342+0000] {dagbag.py:588} INFO - Filling up the DagBag from /home/airflow/.local/lib/python3.12/site-packages/airflow/example_dags/example_setup_teardown.py
[2025-09-16T23:52:00.348+0000] {processor.py:925} INFO - DAG(s) 'example_setup_teardown' retrieved from /home/airflow/.local/lib/python3.12/site-packages/airflow/example_dags/example_setup_teardown.py
[2025-09-16T23:52:00.361+0000] {logging_mixin.py:190} INFO - [2025-09-16T23:52:00.361+0000] {dag.py:3239} INFO - Sync 1 DAGs
[2025-09-16T23:52:00.367+0000] {logging_mixin.py:190} INFO - [2025-09-16T23:52:00.367+0000] {dag.py:4180} INFO - Setting next_dagrun for example_setup_teardown to None, run_after=None
[2025-09-16T23:52:00.374+0000] {processor.py:208} INFO - Processing /home/airflow/.local/lib/python3.12/site-packages/airflow/example_dags/example_setup_teardown.py took 0.037 seconds
[2025-09-16T23:52:30.632+0000] {processor.py:186} INFO - Started process (PID=1469) to work on /home/airflow/.local/lib/python3.12/site-packages/airflow/example_dags/example_setup_teardown.py
[2025-09-16T23:52:30.633+0000] {processor.py:914} INFO - Processing file /home/airflow/.local/lib/python3.12/site-packages/airflow/example_dags/example_setup_teardown.py for tasks to queue
[2025-09-16T23:52:30.635+0000] {logging_mixin.py:190} INFO - [2025-09-16T23:52:30.635+0000] {dagbag.py:588} INFO - Filling up the DagBag from /home/airflow/.local/lib/python3.12/site-packages/airflow/example_dags/example_setup_teardown.py
[2025-09-16T23:52:30.640+0000] {processor.py:925} INFO - DAG(s) 'example_setup_teardown' retrieved from /home/airflow/.local/lib/python3.12/site-packages/airflow/example_dags/example_setup_teardown.py
[2025-09-16T23:52:30.652+0000] {logging_mixin.py:190} INFO - [2025-09-16T23:52:30.652+0000] {dag.py:3239} INFO - Sync 1 DAGs
[2025-09-16T23:52:30.659+0000] {logging_mixin.py:190} INFO - [2025-09-16T23:52:30.659+0000] {dag.py:4180} INFO - Setting next_dagrun for example_setup_teardown to None, run_after=None
[2025-09-16T23:52:30.669+0000] {processor.py:208} INFO - Processing /home/airflow/.local/lib/python3.12/site-packages/airflow/example_dags/example_setup_teardown.py took 0.041 seconds
[2025-09-16T23:53:01.060+0000] {processor.py:186} INFO - Started process (PID=1532) to work on /home/airflow/.local/lib/python3.12/site-packages/airflow/example_dags/example_setup_teardown.py
[2025-09-16T23:53:01.061+0000] {processor.py:914} INFO - Processing file /home/airflow/.local/lib/python3.12/site-packages/airflow/example_dags/example_setup_teardown.py for tasks to queue
[2025-09-16T23:53:01.062+0000] {logging_mixin.py:190} INFO - [2025-09-16T23:53:01.062+0000] {dagbag.py:588} INFO - Filling up the DagBag from /home/airflow/.local/lib/python3.12/site-packages/airflow/example_dags/example_setup_teardown.py
[2025-09-16T23:53:01.067+0000] {processor.py:925} INFO - DAG(s) 'example_setup_teardown' retrieved from /home/airflow/.local/lib/python3.12/site-packages/airflow/example_dags/example_setup_teardown.py
[2025-09-16T23:53:01.078+0000] {logging_mixin.py:190} INFO - [2025-09-16T23:53:01.078+0000] {dag.py:3239} INFO - Sync 1 DAGs
[2025-09-16T23:53:01.085+0000] {logging_mixin.py:190} INFO - [2025-09-16T23:53:01.085+0000] {dag.py:4180} INFO - Setting next_dagrun for example_setup_teardown to None, run_after=None
[2025-09-16T23:53:01.094+0000] {processor.py:208} INFO - Processing /home/airflow/.local/lib/python3.12/site-packages/airflow/example_dags/example_setup_teardown.py took 0.038 seconds
[2025-09-16T23:53:31.508+0000] {processor.py:186} INFO - Started process (PID=1595) to work on /home/airflow/.local/lib/python3.12/site-packages/airflow/example_dags/example_setup_teardown.py
[2025-09-16T23:53:31.508+0000] {processor.py:914} INFO - Processing file /home/airflow/.local/lib/python3.12/site-packages/airflow/example_dags/example_setup_teardown.py for tasks to queue
[2025-09-16T23:53:31.510+0000] {logging_mixin.py:190} INFO - [2025-09-16T23:53:31.510+0000] {dagbag.py:588} INFO - Filling up the DagBag from /home/airflow/.local/lib/python3.12/site-packages/airflow/example_dags/example_setup_teardown.py
[2025-09-16T23:53:31.515+0000] {processor.py:925} INFO - DAG(s) 'example_setup_teardown' retrieved from /home/airflow/.local/lib/python3.12/site-packages/airflow/example_dags/example_setup_teardown.py
[2025-09-16T23:53:31.527+0000] {logging_mixin.py:190} INFO - [2025-09-16T23:53:31.527+0000] {dag.py:3239} INFO - Sync 1 DAGs
[2025-09-16T23:53:31.534+0000] {logging_mixin.py:190} INFO - [2025-09-16T23:53:31.534+0000] {dag.py:4180} INFO - Setting next_dagrun for example_setup_teardown to None, run_after=None
[2025-09-16T23:53:31.543+0000] {processor.py:208} INFO - Processing /home/airflow/.local/lib/python3.12/site-packages/airflow/example_dags/example_setup_teardown.py took 0.039 seconds
[2025-09-16T23:54:01.894+0000] {processor.py:186} INFO - Started process (PID=1658) to work on /home/airflow/.local/lib/python3.12/site-packages/airflow/example_dags/example_setup_teardown.py
[2025-09-16T23:54:01.895+0000] {processor.py:914} INFO - Processing file /home/airflow/.local/lib/python3.12/site-packages/airflow/example_dags/example_setup_teardown.py for tasks to queue
[2025-09-16T23:54:01.896+0000] {logging_mixin.py:190} INFO - [2025-09-16T23:54:01.896+0000] {dagbag.py:588} INFO - Filling up the DagBag from /home/airflow/.local/lib/python3.12/site-packages/airflow/example_dags/example_setup_teardown.py
[2025-09-16T23:54:01.902+0000] {processor.py:925} INFO - DAG(s) 'example_setup_teardown' retrieved from /home/airflow/.local/lib/python3.12/site-packages/airflow/example_dags/example_setup_teardown.py
[2025-09-16T23:54:01.914+0000] {logging_mixin.py:190} INFO - [2025-09-16T23:54:01.913+0000] {dag.py:3239} INFO - Sync 1 DAGs
[2025-09-16T23:54:01.921+0000] {logging_mixin.py:190} INFO - [2025-09-16T23:54:01.921+0000] {dag.py:4180} INFO - Setting next_dagrun for example_setup_teardown to None, run_after=None
[2025-09-16T23:54:01.929+0000] {processor.py:208} INFO - Processing /home/airflow/.local/lib/python3.12/site-packages/airflow/example_dags/example_setup_teardown.py took 0.039 seconds
[2025-09-16T23:54:32.465+0000] {processor.py:186} INFO - Started process (PID=1721) to work on /home/airflow/.local/lib/python3.12/site-packages/airflow/example_dags/example_setup_teardown.py
[2025-09-16T23:54:32.467+0000] {processor.py:914} INFO - Processing file /home/airflow/.local/lib/python3.12/site-packages/airflow/example_dags/example_setup_teardown.py for tasks to queue
[2025-09-16T23:54:32.469+0000] {logging_mixin.py:190} INFO - [2025-09-16T23:54:32.469+0000] {dagbag.py:588} INFO - Filling up the DagBag from /home/airflow/.local/lib/python3.12/site-packages/airflow/example_dags/example_setup_teardown.py
[2025-09-16T23:54:32.475+0000] {processor.py:925} INFO - DAG(s) 'example_setup_teardown' retrieved from /home/airflow/.local/lib/python3.12/site-packages/airflow/example_dags/example_setup_teardown.py
[2025-09-16T23:54:32.488+0000] {logging_mixin.py:190} INFO - [2025-09-16T23:54:32.488+0000] {dag.py:3239} INFO - Sync 1 DAGs
[2025-09-16T23:54:32.497+0000] {logging_mixin.py:190} INFO - [2025-09-16T23:54:32.497+0000] {dag.py:4180} INFO - Setting next_dagrun for example_setup_teardown to None, run_after=None
[2025-09-16T23:54:32.511+0000] {processor.py:208} INFO - Processing /home/airflow/.local/lib/python3.12/site-packages/airflow/example_dags/example_setup_teardown.py took 0.051 seconds
[2025-09-16T23:55:03.115+0000] {processor.py:186} INFO - Started process (PID=1784) to work on /home/airflow/.local/lib/python3.12/site-packages/airflow/example_dags/example_setup_teardown.py
[2025-09-16T23:55:03.116+0000] {processor.py:914} INFO - Processing file /home/airflow/.local/lib/python3.12/site-packages/airflow/example_dags/example_setup_teardown.py for tasks to queue
[2025-09-16T23:55:03.117+0000] {logging_mixin.py:190} INFO - [2025-09-16T23:55:03.117+0000] {dagbag.py:588} INFO - Filling up the DagBag from /home/airflow/.local/lib/python3.12/site-packages/airflow/example_dags/example_setup_teardown.py
[2025-09-16T23:55:03.122+0000] {processor.py:925} INFO - DAG(s) 'example_setup_teardown' retrieved from /home/airflow/.local/lib/python3.12/site-packages/airflow/example_dags/example_setup_teardown.py
[2025-09-16T23:55:03.135+0000] {logging_mixin.py:190} INFO - [2025-09-16T23:55:03.135+0000] {dag.py:3239} INFO - Sync 1 DAGs
[2025-09-16T23:55:03.145+0000] {logging_mixin.py:190} INFO - [2025-09-16T23:55:03.144+0000] {dag.py:4180} INFO - Setting next_dagrun for example_setup_teardown to None, run_after=None
[2025-09-16T23:55:03.156+0000] {processor.py:208} INFO - Processing /home/airflow/.local/lib/python3.12/site-packages/airflow/example_dags/example_setup_teardown.py took 0.045 seconds
[2025-09-16T23:55:33.344+0000] {processor.py:186} INFO - Started process (PID=1847) to work on /home/airflow/.local/lib/python3.12/site-packages/airflow/example_dags/example_setup_teardown.py
[2025-09-16T23:55:33.345+0000] {processor.py:914} INFO - Processing file /home/airflow/.local/lib/python3.12/site-packages/airflow/example_dags/example_setup_teardown.py for tasks to queue
[2025-09-16T23:55:33.349+0000] {logging_mixin.py:190} INFO - [2025-09-16T23:55:33.349+0000] {dagbag.py:588} INFO - Filling up the DagBag from /home/airflow/.local/lib/python3.12/site-packages/airflow/example_dags/example_setup_teardown.py
[2025-09-16T23:55:33.354+0000] {processor.py:925} INFO - DAG(s) 'example_setup_teardown' retrieved from /home/airflow/.local/lib/python3.12/site-packages/airflow/example_dags/example_setup_teardown.py
[2025-09-16T23:55:33.367+0000] {logging_mixin.py:190} INFO - [2025-09-16T23:55:33.367+0000] {dag.py:3239} INFO - Sync 1 DAGs
[2025-09-16T23:55:33.375+0000] {logging_mixin.py:190} INFO - [2025-09-16T23:55:33.374+0000] {dag.py:4180} INFO - Setting next_dagrun for example_setup_teardown to None, run_after=None
[2025-09-16T23:55:33.383+0000] {processor.py:208} INFO - Processing /home/airflow/.local/lib/python3.12/site-packages/airflow/example_dags/example_setup_teardown.py took 0.043 seconds
[2025-09-16T23:56:03.461+0000] {processor.py:186} INFO - Started process (PID=1910) to work on /home/airflow/.local/lib/python3.12/site-packages/airflow/example_dags/example_setup_teardown.py
[2025-09-16T23:56:03.462+0000] {processor.py:914} INFO - Processing file /home/airflow/.local/lib/python3.12/site-packages/airflow/example_dags/example_setup_teardown.py for tasks to queue
[2025-09-16T23:56:03.463+0000] {logging_mixin.py:190} INFO - [2025-09-16T23:56:03.463+0000] {dagbag.py:588} INFO - Filling up the DagBag from /home/airflow/.local/lib/python3.12/site-packages/airflow/example_dags/example_setup_teardown.py
[2025-09-16T23:56:03.471+0000] {processor.py:925} INFO - DAG(s) 'example_setup_teardown' retrieved from /home/airflow/.local/lib/python3.12/site-packages/airflow/example_dags/example_setup_teardown.py
[2025-09-16T23:56:03.486+0000] {logging_mixin.py:190} INFO - [2025-09-16T23:56:03.485+0000] {dag.py:3239} INFO - Sync 1 DAGs
[2025-09-16T23:56:03.498+0000] {logging_mixin.py:190} INFO - [2025-09-16T23:56:03.498+0000] {dag.py:4180} INFO - Setting next_dagrun for example_setup_teardown to None, run_after=None
[2025-09-16T23:56:03.513+0000] {processor.py:208} INFO - Processing /home/airflow/.local/lib/python3.12/site-packages/airflow/example_dags/example_setup_teardown.py took 0.056 seconds
[2025-09-16T23:56:33.713+0000] {processor.py:186} INFO - Started process (PID=1973) to work on /home/airflow/.local/lib/python3.12/site-packages/airflow/example_dags/example_setup_teardown.py
[2025-09-16T23:56:33.714+0000] {processor.py:914} INFO - Processing file /home/airflow/.local/lib/python3.12/site-packages/airflow/example_dags/example_setup_teardown.py for tasks to queue
[2025-09-16T23:56:33.717+0000] {logging_mixin.py:190} INFO - [2025-09-16T23:56:33.717+0000] {dagbag.py:588} INFO - Filling up the DagBag from /home/airflow/.local/lib/python3.12/site-packages/airflow/example_dags/example_setup_teardown.py
[2025-09-16T23:56:33.721+0000] {processor.py:925} INFO - DAG(s) 'example_setup_teardown' retrieved from /home/airflow/.local/lib/python3.12/site-packages/airflow/example_dags/example_setup_teardown.py
[2025-09-16T23:56:33.733+0000] {logging_mixin.py:190} INFO - [2025-09-16T23:56:33.732+0000] {dag.py:3239} INFO - Sync 1 DAGs
[2025-09-16T23:56:33.741+0000] {logging_mixin.py:190} INFO - [2025-09-16T23:56:33.740+0000] {dag.py:4180} INFO - Setting next_dagrun for example_setup_teardown to None, run_after=None
[2025-09-16T23:56:33.750+0000] {processor.py:208} INFO - Processing /home/airflow/.local/lib/python3.12/site-packages/airflow/example_dags/example_setup_teardown.py took 0.040 seconds
[2025-09-16T23:57:03.826+0000] {processor.py:186} INFO - Started process (PID=2036) to work on /home/airflow/.local/lib/python3.12/site-packages/airflow/example_dags/example_setup_teardown.py
[2025-09-16T23:57:03.827+0000] {processor.py:914} INFO - Processing file /home/airflow/.local/lib/python3.12/site-packages/airflow/example_dags/example_setup_teardown.py for tasks to queue
[2025-09-16T23:57:03.828+0000] {logging_mixin.py:190} INFO - [2025-09-16T23:57:03.828+0000] {dagbag.py:588} INFO - Filling up the DagBag from /home/airflow/.local/lib/python3.12/site-packages/airflow/example_dags/example_setup_teardown.py
[2025-09-16T23:57:03.832+0000] {processor.py:925} INFO - DAG(s) 'example_setup_teardown' retrieved from /home/airflow/.local/lib/python3.12/site-packages/airflow/example_dags/example_setup_teardown.py
[2025-09-16T23:57:03.842+0000] {logging_mixin.py:190} INFO - [2025-09-16T23:57:03.842+0000] {dag.py:3239} INFO - Sync 1 DAGs
[2025-09-16T23:57:03.849+0000] {logging_mixin.py:190} INFO - [2025-09-16T23:57:03.849+0000] {dag.py:4180} INFO - Setting next_dagrun for example_setup_teardown to None, run_after=None
[2025-09-16T23:57:03.861+0000] {processor.py:208} INFO - Processing /home/airflow/.local/lib/python3.12/site-packages/airflow/example_dags/example_setup_teardown.py took 0.038 seconds
[2025-09-16T23:57:33.920+0000] {processor.py:186} INFO - Started process (PID=2099) to work on /home/airflow/.local/lib/python3.12/site-packages/airflow/example_dags/example_setup_teardown.py
[2025-09-16T23:57:33.921+0000] {processor.py:914} INFO - Processing file /home/airflow/.local/lib/python3.12/site-packages/airflow/example_dags/example_setup_teardown.py for tasks to queue
[2025-09-16T23:57:33.922+0000] {logging_mixin.py:190} INFO - [2025-09-16T23:57:33.922+0000] {dagbag.py:588} INFO - Filling up the DagBag from /home/airflow/.local/lib/python3.12/site-packages/airflow/example_dags/example_setup_teardown.py
[2025-09-16T23:57:33.926+0000] {processor.py:925} INFO - DAG(s) 'example_setup_teardown' retrieved from /home/airflow/.local/lib/python3.12/site-packages/airflow/example_dags/example_setup_teardown.py
[2025-09-16T23:57:33.936+0000] {logging_mixin.py:190} INFO - [2025-09-16T23:57:33.936+0000] {dag.py:3239} INFO - Sync 1 DAGs
[2025-09-16T23:57:33.943+0000] {logging_mixin.py:190} INFO - [2025-09-16T23:57:33.943+0000] {dag.py:4180} INFO - Setting next_dagrun for example_setup_teardown to None, run_after=None
[2025-09-16T23:57:33.953+0000] {processor.py:208} INFO - Processing /home/airflow/.local/lib/python3.12/site-packages/airflow/example_dags/example_setup_teardown.py took 0.036 seconds
[2025-09-16T23:58:03.985+0000] {processor.py:186} INFO - Started process (PID=2162) to work on /home/airflow/.local/lib/python3.12/site-packages/airflow/example_dags/example_setup_teardown.py
[2025-09-16T23:58:03.986+0000] {processor.py:914} INFO - Processing file /home/airflow/.local/lib/python3.12/site-packages/airflow/example_dags/example_setup_teardown.py for tasks to queue
[2025-09-16T23:58:03.988+0000] {logging_mixin.py:190} INFO - [2025-09-16T23:58:03.988+0000] {dagbag.py:588} INFO - Filling up the DagBag from /home/airflow/.local/lib/python3.12/site-packages/airflow/example_dags/example_setup_teardown.py
[2025-09-16T23:58:03.992+0000] {processor.py:925} INFO - DAG(s) 'example_setup_teardown' retrieved from /home/airflow/.local/lib/python3.12/site-packages/airflow/example_dags/example_setup_teardown.py
[2025-09-16T23:58:04.003+0000] {logging_mixin.py:190} INFO - [2025-09-16T23:58:04.003+0000] {dag.py:3239} INFO - Sync 1 DAGs
[2025-09-16T23:58:04.009+0000] {logging_mixin.py:190} INFO - [2025-09-16T23:58:04.009+0000] {dag.py:4180} INFO - Setting next_dagrun for example_setup_teardown to None, run_after=None
[2025-09-16T23:58:04.020+0000] {processor.py:208} INFO - Processing /home/airflow/.local/lib/python3.12/site-packages/airflow/example_dags/example_setup_teardown.py took 0.037 seconds
[2025-09-16T23:58:35.073+0000] {processor.py:186} INFO - Started process (PID=2225) to work on /home/airflow/.local/lib/python3.12/site-packages/airflow/example_dags/example_setup_teardown.py
[2025-09-16T23:58:35.073+0000] {processor.py:914} INFO - Processing file /home/airflow/.local/lib/python3.12/site-packages/airflow/example_dags/example_setup_teardown.py for tasks to queue
[2025-09-16T23:58:35.075+0000] {logging_mixin.py:190} INFO - [2025-09-16T23:58:35.075+0000] {dagbag.py:588} INFO - Filling up the DagBag from /home/airflow/.local/lib/python3.12/site-packages/airflow/example_dags/example_setup_teardown.py
[2025-09-16T23:58:35.079+0000] {processor.py:925} INFO - DAG(s) 'example_setup_teardown' retrieved from /home/airflow/.local/lib/python3.12/site-packages/airflow/example_dags/example_setup_teardown.py
[2025-09-16T23:58:35.089+0000] {logging_mixin.py:190} INFO - [2025-09-16T23:58:35.089+0000] {dag.py:3239} INFO - Sync 1 DAGs
[2025-09-16T23:58:35.097+0000] {logging_mixin.py:190} INFO - [2025-09-16T23:58:35.097+0000] {dag.py:4180} INFO - Setting next_dagrun for example_setup_teardown to None, run_after=None
[2025-09-16T23:58:35.108+0000] {processor.py:208} INFO - Processing /home/airflow/.local/lib/python3.12/site-packages/airflow/example_dags/example_setup_teardown.py took 0.039 seconds
[2025-09-16T23:59:06.114+0000] {processor.py:186} INFO - Started process (PID=2288) to work on /home/airflow/.local/lib/python3.12/site-packages/airflow/example_dags/example_setup_teardown.py
[2025-09-16T23:59:06.115+0000] {processor.py:914} INFO - Processing file /home/airflow/.local/lib/python3.12/site-packages/airflow/example_dags/example_setup_teardown.py for tasks to queue
[2025-09-16T23:59:06.116+0000] {logging_mixin.py:190} INFO - [2025-09-16T23:59:06.116+0000] {dagbag.py:588} INFO - Filling up the DagBag from /home/airflow/.local/lib/python3.12/site-packages/airflow/example_dags/example_setup_teardown.py
[2025-09-16T23:59:06.120+0000] {processor.py:925} INFO - DAG(s) 'example_setup_teardown' retrieved from /home/airflow/.local/lib/python3.12/site-packages/airflow/example_dags/example_setup_teardown.py
[2025-09-16T23:59:06.130+0000] {logging_mixin.py:190} INFO - [2025-09-16T23:59:06.130+0000] {dag.py:3239} INFO - Sync 1 DAGs
[2025-09-16T23:59:06.137+0000] {logging_mixin.py:190} INFO - [2025-09-16T23:59:06.136+0000] {dag.py:4180} INFO - Setting next_dagrun for example_setup_teardown to None, run_after=None
[2025-09-16T23:59:06.146+0000] {processor.py:208} INFO - Processing /home/airflow/.local/lib/python3.12/site-packages/airflow/example_dags/example_setup_teardown.py took 0.036 seconds
[2025-09-16T23:59:37.329+0000] {processor.py:186} INFO - Started process (PID=2351) to work on /home/airflow/.local/lib/python3.12/site-packages/airflow/example_dags/example_setup_teardown.py
[2025-09-16T23:59:37.329+0000] {processor.py:914} INFO - Processing file /home/airflow/.local/lib/python3.12/site-packages/airflow/example_dags/example_setup_teardown.py for tasks to queue
[2025-09-16T23:59:37.331+0000] {logging_mixin.py:190} INFO - [2025-09-16T23:59:37.330+0000] {dagbag.py:588} INFO - Filling up the DagBag from /home/airflow/.local/lib/python3.12/site-packages/airflow/example_dags/example_setup_teardown.py
[2025-09-16T23:59:37.335+0000] {processor.py:925} INFO - DAG(s) 'example_setup_teardown' retrieved from /home/airflow/.local/lib/python3.12/site-packages/airflow/example_dags/example_setup_teardown.py
[2025-09-16T23:59:37.346+0000] {logging_mixin.py:190} INFO - [2025-09-16T23:59:37.345+0000] {dag.py:3239} INFO - Sync 1 DAGs
[2025-09-16T23:59:37.352+0000] {logging_mixin.py:190} INFO - [2025-09-16T23:59:37.352+0000] {dag.py:4180} INFO - Setting next_dagrun for example_setup_teardown to None, run_after=None
[2025-09-16T23:59:37.361+0000] {processor.py:208} INFO - Processing /home/airflow/.local/lib/python3.12/site-packages/airflow/example_dags/example_setup_teardown.py took 0.036 seconds
