[2025-09-16T23:41:15.732+0000] {processor.py:186} INFO - Started process (PID=60) to work on /home/airflow/.local/lib/python3.12/site-packages/airflow/example_dags/example_python_decorator.py
[2025-09-16T23:41:15.732+0000] {processor.py:914} INFO - Processing file /home/airflow/.local/lib/python3.12/site-packages/airflow/example_dags/example_python_decorator.py for tasks to queue
[2025-09-16T23:41:15.733+0000] {logging_mixin.py:190} INFO - [2025-09-16T23:41:15.733+0000] {dagbag.py:588} INFO - Filling up the DagBag from /home/airflow/.local/lib/python3.12/site-packages/airflow/example_dags/example_python_decorator.py
[2025-09-16T23:41:15.748+0000] {processor.py:925} INFO - DAG(s) 'example_python_decorator' retrieved from /home/airflow/.local/lib/python3.12/site-packages/airflow/example_dags/example_python_decorator.py
[2025-09-16T23:41:15.811+0000] {logging_mixin.py:190} INFO - [2025-09-16T23:41:15.811+0000] {override.py:1911} INFO - Created Permission View: can edit on DAG:example_python_decorator
[2025-09-16T23:41:15.816+0000] {logging_mixin.py:190} INFO - [2025-09-16T23:41:15.816+0000] {override.py:1911} INFO - Created Permission View: can delete on DAG:example_python_decorator
[2025-09-16T23:41:15.819+0000] {logging_mixin.py:190} INFO - [2025-09-16T23:41:15.818+0000] {override.py:1911} INFO - Created Permission View: can read on DAG:example_python_decorator
[2025-09-16T23:41:15.821+0000] {logging_mixin.py:190} INFO - [2025-09-16T23:41:15.821+0000] {override.py:1911} INFO - Created Permission View: menu access on DAG Run:example_python_decorator
[2025-09-16T23:41:15.824+0000] {logging_mixin.py:190} INFO - [2025-09-16T23:41:15.824+0000] {override.py:1911} INFO - Created Permission View: can create on DAG Run:example_python_decorator
[2025-09-16T23:41:15.827+0000] {logging_mixin.py:190} INFO - [2025-09-16T23:41:15.827+0000] {override.py:1911} INFO - Created Permission View: can delete on DAG Run:example_python_decorator
[2025-09-16T23:41:15.830+0000] {logging_mixin.py:190} INFO - [2025-09-16T23:41:15.829+0000] {override.py:1911} INFO - Created Permission View: can read on DAG Run:example_python_decorator
[2025-09-16T23:41:15.830+0000] {logging_mixin.py:190} INFO - [2025-09-16T23:41:15.830+0000] {dag.py:3239} INFO - Sync 1 DAGs
[2025-09-16T23:41:15.836+0000] {logging_mixin.py:190} INFO - [2025-09-16T23:41:15.836+0000] {dag.py:3262} INFO - Creating ORM DAG for example_python_decorator
[2025-09-16T23:41:15.836+0000] {logging_mixin.py:190} INFO - [2025-09-16T23:41:15.836+0000] {dag.py:4180} INFO - Setting next_dagrun for example_python_decorator to None, run_after=None
[2025-09-16T23:41:15.844+0000] {processor.py:208} INFO - Processing /home/airflow/.local/lib/python3.12/site-packages/airflow/example_dags/example_python_decorator.py took 0.116 seconds
[2025-09-16T23:41:45.987+0000] {processor.py:186} INFO - Started process (PID=122) to work on /home/airflow/.local/lib/python3.12/site-packages/airflow/example_dags/example_python_decorator.py
[2025-09-16T23:41:45.987+0000] {processor.py:914} INFO - Processing file /home/airflow/.local/lib/python3.12/site-packages/airflow/example_dags/example_python_decorator.py for tasks to queue
[2025-09-16T23:41:45.989+0000] {logging_mixin.py:190} INFO - [2025-09-16T23:41:45.989+0000] {dagbag.py:588} INFO - Filling up the DagBag from /home/airflow/.local/lib/python3.12/site-packages/airflow/example_dags/example_python_decorator.py
[2025-09-16T23:41:45.998+0000] {processor.py:925} INFO - DAG(s) 'example_python_decorator' retrieved from /home/airflow/.local/lib/python3.12/site-packages/airflow/example_dags/example_python_decorator.py
[2025-09-16T23:41:46.014+0000] {logging_mixin.py:190} INFO - [2025-09-16T23:41:46.014+0000] {dag.py:3239} INFO - Sync 1 DAGs
[2025-09-16T23:41:46.022+0000] {logging_mixin.py:190} INFO - [2025-09-16T23:41:46.022+0000] {dag.py:4180} INFO - Setting next_dagrun for example_python_decorator to None, run_after=None
[2025-09-16T23:41:46.030+0000] {processor.py:208} INFO - Processing /home/airflow/.local/lib/python3.12/site-packages/airflow/example_dags/example_python_decorator.py took 0.047 seconds
[2025-09-16T23:42:16.419+0000] {processor.py:186} INFO - Started process (PID=185) to work on /home/airflow/.local/lib/python3.12/site-packages/airflow/example_dags/example_python_decorator.py
[2025-09-16T23:42:16.420+0000] {processor.py:914} INFO - Processing file /home/airflow/.local/lib/python3.12/site-packages/airflow/example_dags/example_python_decorator.py for tasks to queue
[2025-09-16T23:42:16.421+0000] {logging_mixin.py:190} INFO - [2025-09-16T23:42:16.421+0000] {dagbag.py:588} INFO - Filling up the DagBag from /home/airflow/.local/lib/python3.12/site-packages/airflow/example_dags/example_python_decorator.py
[2025-09-16T23:42:16.429+0000] {processor.py:925} INFO - DAG(s) 'example_python_decorator' retrieved from /home/airflow/.local/lib/python3.12/site-packages/airflow/example_dags/example_python_decorator.py
[2025-09-16T23:42:16.438+0000] {logging_mixin.py:190} INFO - [2025-09-16T23:42:16.438+0000] {dag.py:3239} INFO - Sync 1 DAGs
[2025-09-16T23:42:16.444+0000] {logging_mixin.py:190} INFO - [2025-09-16T23:42:16.444+0000] {dag.py:4180} INFO - Setting next_dagrun for example_python_decorator to None, run_after=None
[2025-09-16T23:42:16.451+0000] {processor.py:208} INFO - Processing /home/airflow/.local/lib/python3.12/site-packages/airflow/example_dags/example_python_decorator.py took 0.035 seconds
[2025-09-16T23:42:46.621+0000] {processor.py:186} INFO - Started process (PID=248) to work on /home/airflow/.local/lib/python3.12/site-packages/airflow/example_dags/example_python_decorator.py
[2025-09-16T23:42:46.622+0000] {processor.py:914} INFO - Processing file /home/airflow/.local/lib/python3.12/site-packages/airflow/example_dags/example_python_decorator.py for tasks to queue
[2025-09-16T23:42:46.623+0000] {logging_mixin.py:190} INFO - [2025-09-16T23:42:46.623+0000] {dagbag.py:588} INFO - Filling up the DagBag from /home/airflow/.local/lib/python3.12/site-packages/airflow/example_dags/example_python_decorator.py
[2025-09-16T23:42:46.632+0000] {processor.py:925} INFO - DAG(s) 'example_python_decorator' retrieved from /home/airflow/.local/lib/python3.12/site-packages/airflow/example_dags/example_python_decorator.py
[2025-09-16T23:42:46.645+0000] {logging_mixin.py:190} INFO - [2025-09-16T23:42:46.645+0000] {dag.py:3239} INFO - Sync 1 DAGs
[2025-09-16T23:42:46.655+0000] {logging_mixin.py:190} INFO - [2025-09-16T23:42:46.655+0000] {dag.py:4180} INFO - Setting next_dagrun for example_python_decorator to None, run_after=None
[2025-09-16T23:42:46.665+0000] {processor.py:208} INFO - Processing /home/airflow/.local/lib/python3.12/site-packages/airflow/example_dags/example_python_decorator.py took 0.047 seconds
[2025-09-16T23:43:17.427+0000] {processor.py:186} INFO - Started process (PID=310) to work on /home/airflow/.local/lib/python3.12/site-packages/airflow/example_dags/example_python_decorator.py
[2025-09-16T23:43:17.427+0000] {processor.py:914} INFO - Processing file /home/airflow/.local/lib/python3.12/site-packages/airflow/example_dags/example_python_decorator.py for tasks to queue
[2025-09-16T23:43:17.430+0000] {logging_mixin.py:190} INFO - [2025-09-16T23:43:17.428+0000] {dagbag.py:588} INFO - Filling up the DagBag from /home/airflow/.local/lib/python3.12/site-packages/airflow/example_dags/example_python_decorator.py
[2025-09-16T23:43:17.441+0000] {processor.py:925} INFO - DAG(s) 'example_python_decorator' retrieved from /home/airflow/.local/lib/python3.12/site-packages/airflow/example_dags/example_python_decorator.py
[2025-09-16T23:43:17.454+0000] {logging_mixin.py:190} INFO - [2025-09-16T23:43:17.454+0000] {dag.py:3239} INFO - Sync 1 DAGs
[2025-09-16T23:43:17.463+0000] {logging_mixin.py:190} INFO - [2025-09-16T23:43:17.463+0000] {dag.py:4180} INFO - Setting next_dagrun for example_python_decorator to None, run_after=None
[2025-09-16T23:43:17.472+0000] {processor.py:208} INFO - Processing /home/airflow/.local/lib/python3.12/site-packages/airflow/example_dags/example_python_decorator.py took 0.049 seconds
[2025-09-16T23:43:48.017+0000] {processor.py:186} INFO - Started process (PID=373) to work on /home/airflow/.local/lib/python3.12/site-packages/airflow/example_dags/example_python_decorator.py
[2025-09-16T23:43:48.018+0000] {processor.py:914} INFO - Processing file /home/airflow/.local/lib/python3.12/site-packages/airflow/example_dags/example_python_decorator.py for tasks to queue
[2025-09-16T23:43:48.019+0000] {logging_mixin.py:190} INFO - [2025-09-16T23:43:48.019+0000] {dagbag.py:588} INFO - Filling up the DagBag from /home/airflow/.local/lib/python3.12/site-packages/airflow/example_dags/example_python_decorator.py
[2025-09-16T23:43:48.029+0000] {processor.py:925} INFO - DAG(s) 'example_python_decorator' retrieved from /home/airflow/.local/lib/python3.12/site-packages/airflow/example_dags/example_python_decorator.py
[2025-09-16T23:43:48.042+0000] {logging_mixin.py:190} INFO - [2025-09-16T23:43:48.042+0000] {dag.py:3239} INFO - Sync 1 DAGs
[2025-09-16T23:43:48.050+0000] {logging_mixin.py:190} INFO - [2025-09-16T23:43:48.050+0000] {dag.py:4180} INFO - Setting next_dagrun for example_python_decorator to None, run_after=None
[2025-09-16T23:43:48.060+0000] {processor.py:208} INFO - Processing /home/airflow/.local/lib/python3.12/site-packages/airflow/example_dags/example_python_decorator.py took 0.047 seconds
[2025-09-16T23:44:18.851+0000] {processor.py:186} INFO - Started process (PID=436) to work on /home/airflow/.local/lib/python3.12/site-packages/airflow/example_dags/example_python_decorator.py
[2025-09-16T23:44:18.851+0000] {processor.py:914} INFO - Processing file /home/airflow/.local/lib/python3.12/site-packages/airflow/example_dags/example_python_decorator.py for tasks to queue
[2025-09-16T23:44:18.853+0000] {logging_mixin.py:190} INFO - [2025-09-16T23:44:18.853+0000] {dagbag.py:588} INFO - Filling up the DagBag from /home/airflow/.local/lib/python3.12/site-packages/airflow/example_dags/example_python_decorator.py
[2025-09-16T23:44:18.869+0000] {processor.py:925} INFO - DAG(s) 'example_python_decorator' retrieved from /home/airflow/.local/lib/python3.12/site-packages/airflow/example_dags/example_python_decorator.py
[2025-09-16T23:44:18.886+0000] {logging_mixin.py:190} INFO - [2025-09-16T23:44:18.886+0000] {dag.py:3239} INFO - Sync 1 DAGs
[2025-09-16T23:44:18.897+0000] {logging_mixin.py:190} INFO - [2025-09-16T23:44:18.896+0000] {dag.py:4180} INFO - Setting next_dagrun for example_python_decorator to None, run_after=None
[2025-09-16T23:44:18.905+0000] {processor.py:208} INFO - Processing /home/airflow/.local/lib/python3.12/site-packages/airflow/example_dags/example_python_decorator.py took 0.058 seconds
[2025-09-16T23:44:49.530+0000] {processor.py:186} INFO - Started process (PID=499) to work on /home/airflow/.local/lib/python3.12/site-packages/airflow/example_dags/example_python_decorator.py
[2025-09-16T23:44:49.531+0000] {processor.py:914} INFO - Processing file /home/airflow/.local/lib/python3.12/site-packages/airflow/example_dags/example_python_decorator.py for tasks to queue
[2025-09-16T23:44:49.532+0000] {logging_mixin.py:190} INFO - [2025-09-16T23:44:49.532+0000] {dagbag.py:588} INFO - Filling up the DagBag from /home/airflow/.local/lib/python3.12/site-packages/airflow/example_dags/example_python_decorator.py
[2025-09-16T23:44:49.542+0000] {processor.py:925} INFO - DAG(s) 'example_python_decorator' retrieved from /home/airflow/.local/lib/python3.12/site-packages/airflow/example_dags/example_python_decorator.py
[2025-09-16T23:44:49.554+0000] {logging_mixin.py:190} INFO - [2025-09-16T23:44:49.554+0000] {dag.py:3239} INFO - Sync 1 DAGs
[2025-09-16T23:44:49.561+0000] {logging_mixin.py:190} INFO - [2025-09-16T23:44:49.560+0000] {dag.py:4180} INFO - Setting next_dagrun for example_python_decorator to None, run_after=None
[2025-09-16T23:44:49.569+0000] {processor.py:208} INFO - Processing /home/airflow/.local/lib/python3.12/site-packages/airflow/example_dags/example_python_decorator.py took 0.042 seconds
[2025-09-16T23:45:19.776+0000] {processor.py:186} INFO - Started process (PID=562) to work on /home/airflow/.local/lib/python3.12/site-packages/airflow/example_dags/example_python_decorator.py
[2025-09-16T23:45:19.777+0000] {processor.py:914} INFO - Processing file /home/airflow/.local/lib/python3.12/site-packages/airflow/example_dags/example_python_decorator.py for tasks to queue
[2025-09-16T23:45:19.779+0000] {logging_mixin.py:190} INFO - [2025-09-16T23:45:19.779+0000] {dagbag.py:588} INFO - Filling up the DagBag from /home/airflow/.local/lib/python3.12/site-packages/airflow/example_dags/example_python_decorator.py
[2025-09-16T23:45:19.788+0000] {processor.py:925} INFO - DAG(s) 'example_python_decorator' retrieved from /home/airflow/.local/lib/python3.12/site-packages/airflow/example_dags/example_python_decorator.py
[2025-09-16T23:45:19.800+0000] {logging_mixin.py:190} INFO - [2025-09-16T23:45:19.800+0000] {dag.py:3239} INFO - Sync 1 DAGs
[2025-09-16T23:45:19.808+0000] {logging_mixin.py:190} INFO - [2025-09-16T23:45:19.807+0000] {dag.py:4180} INFO - Setting next_dagrun for example_python_decorator to None, run_after=None
[2025-09-16T23:45:19.817+0000] {processor.py:208} INFO - Processing /home/airflow/.local/lib/python3.12/site-packages/airflow/example_dags/example_python_decorator.py took 0.044 seconds
[2025-09-16T23:45:50.516+0000] {processor.py:186} INFO - Started process (PID=631) to work on /home/airflow/.local/lib/python3.12/site-packages/airflow/example_dags/example_python_decorator.py
[2025-09-16T23:45:50.519+0000] {processor.py:914} INFO - Processing file /home/airflow/.local/lib/python3.12/site-packages/airflow/example_dags/example_python_decorator.py for tasks to queue
[2025-09-16T23:45:50.521+0000] {logging_mixin.py:190} INFO - [2025-09-16T23:45:50.521+0000] {dagbag.py:588} INFO - Filling up the DagBag from /home/airflow/.local/lib/python3.12/site-packages/airflow/example_dags/example_python_decorator.py
[2025-09-16T23:45:50.530+0000] {processor.py:925} INFO - DAG(s) 'example_python_decorator' retrieved from /home/airflow/.local/lib/python3.12/site-packages/airflow/example_dags/example_python_decorator.py
[2025-09-16T23:45:50.545+0000] {logging_mixin.py:190} INFO - [2025-09-16T23:45:50.545+0000] {dag.py:3239} INFO - Sync 1 DAGs
[2025-09-16T23:45:50.554+0000] {logging_mixin.py:190} INFO - [2025-09-16T23:45:50.554+0000] {dag.py:4180} INFO - Setting next_dagrun for example_python_decorator to None, run_after=None
[2025-09-16T23:45:50.569+0000] {processor.py:208} INFO - Processing /home/airflow/.local/lib/python3.12/site-packages/airflow/example_dags/example_python_decorator.py took 0.056 seconds
[2025-09-16T23:46:21.072+0000] {processor.py:186} INFO - Started process (PID=694) to work on /home/airflow/.local/lib/python3.12/site-packages/airflow/example_dags/example_python_decorator.py
[2025-09-16T23:46:21.073+0000] {processor.py:914} INFO - Processing file /home/airflow/.local/lib/python3.12/site-packages/airflow/example_dags/example_python_decorator.py for tasks to queue
[2025-09-16T23:46:21.075+0000] {logging_mixin.py:190} INFO - [2025-09-16T23:46:21.075+0000] {dagbag.py:588} INFO - Filling up the DagBag from /home/airflow/.local/lib/python3.12/site-packages/airflow/example_dags/example_python_decorator.py
[2025-09-16T23:46:21.095+0000] {processor.py:925} INFO - DAG(s) 'example_python_decorator' retrieved from /home/airflow/.local/lib/python3.12/site-packages/airflow/example_dags/example_python_decorator.py
[2025-09-16T23:46:21.108+0000] {logging_mixin.py:190} INFO - [2025-09-16T23:46:21.108+0000] {dag.py:3239} INFO - Sync 1 DAGs
[2025-09-16T23:46:21.117+0000] {logging_mixin.py:190} INFO - [2025-09-16T23:46:21.117+0000] {dag.py:4180} INFO - Setting next_dagrun for example_python_decorator to None, run_after=None
[2025-09-16T23:46:21.129+0000] {processor.py:208} INFO - Processing /home/airflow/.local/lib/python3.12/site-packages/airflow/example_dags/example_python_decorator.py took 0.064 seconds
[2025-09-16T23:46:51.672+0000] {processor.py:186} INFO - Started process (PID=757) to work on /home/airflow/.local/lib/python3.12/site-packages/airflow/example_dags/example_python_decorator.py
[2025-09-16T23:46:51.673+0000] {processor.py:914} INFO - Processing file /home/airflow/.local/lib/python3.12/site-packages/airflow/example_dags/example_python_decorator.py for tasks to queue
[2025-09-16T23:46:51.674+0000] {logging_mixin.py:190} INFO - [2025-09-16T23:46:51.674+0000] {dagbag.py:588} INFO - Filling up the DagBag from /home/airflow/.local/lib/python3.12/site-packages/airflow/example_dags/example_python_decorator.py
[2025-09-16T23:46:51.686+0000] {processor.py:925} INFO - DAG(s) 'example_python_decorator' retrieved from /home/airflow/.local/lib/python3.12/site-packages/airflow/example_dags/example_python_decorator.py
[2025-09-16T23:46:51.700+0000] {logging_mixin.py:190} INFO - [2025-09-16T23:46:51.700+0000] {dag.py:3239} INFO - Sync 1 DAGs
[2025-09-16T23:46:51.708+0000] {logging_mixin.py:190} INFO - [2025-09-16T23:46:51.708+0000] {dag.py:4180} INFO - Setting next_dagrun for example_python_decorator to None, run_after=None
[2025-09-16T23:46:51.723+0000] {processor.py:208} INFO - Processing /home/airflow/.local/lib/python3.12/site-packages/airflow/example_dags/example_python_decorator.py took 0.056 seconds
[2025-09-16T23:47:22.444+0000] {processor.py:186} INFO - Started process (PID=820) to work on /home/airflow/.local/lib/python3.12/site-packages/airflow/example_dags/example_python_decorator.py
[2025-09-16T23:47:22.446+0000] {processor.py:914} INFO - Processing file /home/airflow/.local/lib/python3.12/site-packages/airflow/example_dags/example_python_decorator.py for tasks to queue
[2025-09-16T23:47:22.448+0000] {logging_mixin.py:190} INFO - [2025-09-16T23:47:22.448+0000] {dagbag.py:588} INFO - Filling up the DagBag from /home/airflow/.local/lib/python3.12/site-packages/airflow/example_dags/example_python_decorator.py
[2025-09-16T23:47:22.460+0000] {processor.py:925} INFO - DAG(s) 'example_python_decorator' retrieved from /home/airflow/.local/lib/python3.12/site-packages/airflow/example_dags/example_python_decorator.py
[2025-09-16T23:47:22.477+0000] {logging_mixin.py:190} INFO - [2025-09-16T23:47:22.477+0000] {dag.py:3239} INFO - Sync 1 DAGs
[2025-09-16T23:47:22.487+0000] {logging_mixin.py:190} INFO - [2025-09-16T23:47:22.487+0000] {dag.py:4180} INFO - Setting next_dagrun for example_python_decorator to None, run_after=None
[2025-09-16T23:47:22.498+0000] {processor.py:208} INFO - Processing /home/airflow/.local/lib/python3.12/site-packages/airflow/example_dags/example_python_decorator.py took 0.057 seconds
[2025-09-16T23:47:52.956+0000] {processor.py:186} INFO - Started process (PID=883) to work on /home/airflow/.local/lib/python3.12/site-packages/airflow/example_dags/example_python_decorator.py
[2025-09-16T23:47:52.957+0000] {processor.py:914} INFO - Processing file /home/airflow/.local/lib/python3.12/site-packages/airflow/example_dags/example_python_decorator.py for tasks to queue
[2025-09-16T23:47:52.958+0000] {logging_mixin.py:190} INFO - [2025-09-16T23:47:52.958+0000] {dagbag.py:588} INFO - Filling up the DagBag from /home/airflow/.local/lib/python3.12/site-packages/airflow/example_dags/example_python_decorator.py
[2025-09-16T23:47:52.968+0000] {processor.py:925} INFO - DAG(s) 'example_python_decorator' retrieved from /home/airflow/.local/lib/python3.12/site-packages/airflow/example_dags/example_python_decorator.py
[2025-09-16T23:47:52.983+0000] {logging_mixin.py:190} INFO - [2025-09-16T23:47:52.982+0000] {dag.py:3239} INFO - Sync 1 DAGs
[2025-09-16T23:47:52.990+0000] {logging_mixin.py:190} INFO - [2025-09-16T23:47:52.990+0000] {dag.py:4180} INFO - Setting next_dagrun for example_python_decorator to None, run_after=None
[2025-09-16T23:47:53.002+0000] {processor.py:208} INFO - Processing /home/airflow/.local/lib/python3.12/site-packages/airflow/example_dags/example_python_decorator.py took 0.050 seconds
[2025-09-16T23:48:24.085+0000] {processor.py:186} INFO - Started process (PID=946) to work on /home/airflow/.local/lib/python3.12/site-packages/airflow/example_dags/example_python_decorator.py
[2025-09-16T23:48:24.085+0000] {processor.py:914} INFO - Processing file /home/airflow/.local/lib/python3.12/site-packages/airflow/example_dags/example_python_decorator.py for tasks to queue
[2025-09-16T23:48:24.087+0000] {logging_mixin.py:190} INFO - [2025-09-16T23:48:24.087+0000] {dagbag.py:588} INFO - Filling up the DagBag from /home/airflow/.local/lib/python3.12/site-packages/airflow/example_dags/example_python_decorator.py
[2025-09-16T23:48:24.095+0000] {processor.py:925} INFO - DAG(s) 'example_python_decorator' retrieved from /home/airflow/.local/lib/python3.12/site-packages/airflow/example_dags/example_python_decorator.py
[2025-09-16T23:48:24.106+0000] {logging_mixin.py:190} INFO - [2025-09-16T23:48:24.106+0000] {dag.py:3239} INFO - Sync 1 DAGs
[2025-09-16T23:48:24.113+0000] {logging_mixin.py:190} INFO - [2025-09-16T23:48:24.113+0000] {dag.py:4180} INFO - Setting next_dagrun for example_python_decorator to None, run_after=None
[2025-09-16T23:48:24.121+0000] {processor.py:208} INFO - Processing /home/airflow/.local/lib/python3.12/site-packages/airflow/example_dags/example_python_decorator.py took 0.041 seconds
[2025-09-16T23:48:54.891+0000] {processor.py:186} INFO - Started process (PID=1009) to work on /home/airflow/.local/lib/python3.12/site-packages/airflow/example_dags/example_python_decorator.py
[2025-09-16T23:48:54.892+0000] {processor.py:914} INFO - Processing file /home/airflow/.local/lib/python3.12/site-packages/airflow/example_dags/example_python_decorator.py for tasks to queue
[2025-09-16T23:48:54.893+0000] {logging_mixin.py:190} INFO - [2025-09-16T23:48:54.893+0000] {dagbag.py:588} INFO - Filling up the DagBag from /home/airflow/.local/lib/python3.12/site-packages/airflow/example_dags/example_python_decorator.py
[2025-09-16T23:48:54.902+0000] {processor.py:925} INFO - DAG(s) 'example_python_decorator' retrieved from /home/airflow/.local/lib/python3.12/site-packages/airflow/example_dags/example_python_decorator.py
[2025-09-16T23:48:54.915+0000] {logging_mixin.py:190} INFO - [2025-09-16T23:48:54.915+0000] {dag.py:3239} INFO - Sync 1 DAGs
[2025-09-16T23:48:54.928+0000] {logging_mixin.py:190} INFO - [2025-09-16T23:48:54.928+0000] {dag.py:4180} INFO - Setting next_dagrun for example_python_decorator to None, run_after=None
[2025-09-16T23:48:54.944+0000] {processor.py:208} INFO - Processing /home/airflow/.local/lib/python3.12/site-packages/airflow/example_dags/example_python_decorator.py took 0.056 seconds
[2025-09-16T23:49:25.731+0000] {processor.py:186} INFO - Started process (PID=1072) to work on /home/airflow/.local/lib/python3.12/site-packages/airflow/example_dags/example_python_decorator.py
[2025-09-16T23:49:25.734+0000] {processor.py:914} INFO - Processing file /home/airflow/.local/lib/python3.12/site-packages/airflow/example_dags/example_python_decorator.py for tasks to queue
[2025-09-16T23:49:25.736+0000] {logging_mixin.py:190} INFO - [2025-09-16T23:49:25.736+0000] {dagbag.py:588} INFO - Filling up the DagBag from /home/airflow/.local/lib/python3.12/site-packages/airflow/example_dags/example_python_decorator.py
[2025-09-16T23:49:25.749+0000] {processor.py:925} INFO - DAG(s) 'example_python_decorator' retrieved from /home/airflow/.local/lib/python3.12/site-packages/airflow/example_dags/example_python_decorator.py
[2025-09-16T23:49:25.773+0000] {logging_mixin.py:190} INFO - [2025-09-16T23:49:25.772+0000] {dag.py:3239} INFO - Sync 1 DAGs
[2025-09-16T23:49:25.783+0000] {logging_mixin.py:190} INFO - [2025-09-16T23:49:25.782+0000] {dag.py:4180} INFO - Setting next_dagrun for example_python_decorator to None, run_after=None
[2025-09-16T23:49:25.792+0000] {processor.py:208} INFO - Processing /home/airflow/.local/lib/python3.12/site-packages/airflow/example_dags/example_python_decorator.py took 0.065 seconds
[2025-09-16T23:49:56.143+0000] {processor.py:186} INFO - Started process (PID=1135) to work on /home/airflow/.local/lib/python3.12/site-packages/airflow/example_dags/example_python_decorator.py
[2025-09-16T23:49:56.143+0000] {processor.py:914} INFO - Processing file /home/airflow/.local/lib/python3.12/site-packages/airflow/example_dags/example_python_decorator.py for tasks to queue
[2025-09-16T23:49:56.145+0000] {logging_mixin.py:190} INFO - [2025-09-16T23:49:56.144+0000] {dagbag.py:588} INFO - Filling up the DagBag from /home/airflow/.local/lib/python3.12/site-packages/airflow/example_dags/example_python_decorator.py
[2025-09-16T23:49:56.160+0000] {processor.py:925} INFO - DAG(s) 'example_python_decorator' retrieved from /home/airflow/.local/lib/python3.12/site-packages/airflow/example_dags/example_python_decorator.py
[2025-09-16T23:49:56.172+0000] {logging_mixin.py:190} INFO - [2025-09-16T23:49:56.172+0000] {dag.py:3239} INFO - Sync 1 DAGs
[2025-09-16T23:49:56.179+0000] {logging_mixin.py:190} INFO - [2025-09-16T23:49:56.179+0000] {dag.py:4180} INFO - Setting next_dagrun for example_python_decorator to None, run_after=None
[2025-09-16T23:49:56.188+0000] {processor.py:208} INFO - Processing /home/airflow/.local/lib/python3.12/site-packages/airflow/example_dags/example_python_decorator.py took 0.049 seconds
[2025-09-16T23:50:26.688+0000] {processor.py:186} INFO - Started process (PID=1198) to work on /home/airflow/.local/lib/python3.12/site-packages/airflow/example_dags/example_python_decorator.py
[2025-09-16T23:50:26.690+0000] {processor.py:914} INFO - Processing file /home/airflow/.local/lib/python3.12/site-packages/airflow/example_dags/example_python_decorator.py for tasks to queue
[2025-09-16T23:50:26.693+0000] {logging_mixin.py:190} INFO - [2025-09-16T23:50:26.693+0000] {dagbag.py:588} INFO - Filling up the DagBag from /home/airflow/.local/lib/python3.12/site-packages/airflow/example_dags/example_python_decorator.py
[2025-09-16T23:50:26.704+0000] {processor.py:925} INFO - DAG(s) 'example_python_decorator' retrieved from /home/airflow/.local/lib/python3.12/site-packages/airflow/example_dags/example_python_decorator.py
[2025-09-16T23:50:26.728+0000] {logging_mixin.py:190} INFO - [2025-09-16T23:50:26.728+0000] {dag.py:3239} INFO - Sync 1 DAGs
[2025-09-16T23:50:26.738+0000] {logging_mixin.py:190} INFO - [2025-09-16T23:50:26.738+0000] {dag.py:4180} INFO - Setting next_dagrun for example_python_decorator to None, run_after=None
[2025-09-16T23:50:26.747+0000] {processor.py:208} INFO - Processing /home/airflow/.local/lib/python3.12/site-packages/airflow/example_dags/example_python_decorator.py took 0.062 seconds
[2025-09-16T23:50:57.782+0000] {processor.py:186} INFO - Started process (PID=1261) to work on /home/airflow/.local/lib/python3.12/site-packages/airflow/example_dags/example_python_decorator.py
[2025-09-16T23:50:57.785+0000] {processor.py:914} INFO - Processing file /home/airflow/.local/lib/python3.12/site-packages/airflow/example_dags/example_python_decorator.py for tasks to queue
[2025-09-16T23:50:57.786+0000] {logging_mixin.py:190} INFO - [2025-09-16T23:50:57.786+0000] {dagbag.py:588} INFO - Filling up the DagBag from /home/airflow/.local/lib/python3.12/site-packages/airflow/example_dags/example_python_decorator.py
[2025-09-16T23:50:57.799+0000] {processor.py:925} INFO - DAG(s) 'example_python_decorator' retrieved from /home/airflow/.local/lib/python3.12/site-packages/airflow/example_dags/example_python_decorator.py
[2025-09-16T23:50:57.816+0000] {logging_mixin.py:190} INFO - [2025-09-16T23:50:57.816+0000] {dag.py:3239} INFO - Sync 1 DAGs
[2025-09-16T23:50:57.831+0000] {logging_mixin.py:190} INFO - [2025-09-16T23:50:57.831+0000] {dag.py:4180} INFO - Setting next_dagrun for example_python_decorator to None, run_after=None
[2025-09-16T23:50:57.844+0000] {processor.py:208} INFO - Processing /home/airflow/.local/lib/python3.12/site-packages/airflow/example_dags/example_python_decorator.py took 0.066 seconds
[2025-09-16T23:51:28.185+0000] {processor.py:186} INFO - Started process (PID=1324) to work on /home/airflow/.local/lib/python3.12/site-packages/airflow/example_dags/example_python_decorator.py
[2025-09-16T23:51:28.186+0000] {processor.py:914} INFO - Processing file /home/airflow/.local/lib/python3.12/site-packages/airflow/example_dags/example_python_decorator.py for tasks to queue
[2025-09-16T23:51:28.187+0000] {logging_mixin.py:190} INFO - [2025-09-16T23:51:28.187+0000] {dagbag.py:588} INFO - Filling up the DagBag from /home/airflow/.local/lib/python3.12/site-packages/airflow/example_dags/example_python_decorator.py
[2025-09-16T23:51:28.196+0000] {processor.py:925} INFO - DAG(s) 'example_python_decorator' retrieved from /home/airflow/.local/lib/python3.12/site-packages/airflow/example_dags/example_python_decorator.py
[2025-09-16T23:51:28.213+0000] {logging_mixin.py:190} INFO - [2025-09-16T23:51:28.213+0000] {dag.py:3239} INFO - Sync 1 DAGs
[2025-09-16T23:51:28.221+0000] {logging_mixin.py:190} INFO - [2025-09-16T23:51:28.221+0000] {dag.py:4180} INFO - Setting next_dagrun for example_python_decorator to None, run_after=None
[2025-09-16T23:51:28.230+0000] {processor.py:208} INFO - Processing /home/airflow/.local/lib/python3.12/site-packages/airflow/example_dags/example_python_decorator.py took 0.048 seconds
[2025-09-16T23:51:58.669+0000] {processor.py:186} INFO - Started process (PID=1387) to work on /home/airflow/.local/lib/python3.12/site-packages/airflow/example_dags/example_python_decorator.py
[2025-09-16T23:51:58.671+0000] {processor.py:914} INFO - Processing file /home/airflow/.local/lib/python3.12/site-packages/airflow/example_dags/example_python_decorator.py for tasks to queue
[2025-09-16T23:51:58.673+0000] {logging_mixin.py:190} INFO - [2025-09-16T23:51:58.672+0000] {dagbag.py:588} INFO - Filling up the DagBag from /home/airflow/.local/lib/python3.12/site-packages/airflow/example_dags/example_python_decorator.py
[2025-09-16T23:51:58.684+0000] {processor.py:925} INFO - DAG(s) 'example_python_decorator' retrieved from /home/airflow/.local/lib/python3.12/site-packages/airflow/example_dags/example_python_decorator.py
[2025-09-16T23:51:58.698+0000] {logging_mixin.py:190} INFO - [2025-09-16T23:51:58.698+0000] {dag.py:3239} INFO - Sync 1 DAGs
[2025-09-16T23:51:58.707+0000] {logging_mixin.py:190} INFO - [2025-09-16T23:51:58.707+0000] {dag.py:4180} INFO - Setting next_dagrun for example_python_decorator to None, run_after=None
[2025-09-16T23:51:58.716+0000] {processor.py:208} INFO - Processing /home/airflow/.local/lib/python3.12/site-packages/airflow/example_dags/example_python_decorator.py took 0.054 seconds
[2025-09-16T23:52:28.917+0000] {processor.py:186} INFO - Started process (PID=1450) to work on /home/airflow/.local/lib/python3.12/site-packages/airflow/example_dags/example_python_decorator.py
[2025-09-16T23:52:28.918+0000] {processor.py:914} INFO - Processing file /home/airflow/.local/lib/python3.12/site-packages/airflow/example_dags/example_python_decorator.py for tasks to queue
[2025-09-16T23:52:28.920+0000] {logging_mixin.py:190} INFO - [2025-09-16T23:52:28.920+0000] {dagbag.py:588} INFO - Filling up the DagBag from /home/airflow/.local/lib/python3.12/site-packages/airflow/example_dags/example_python_decorator.py
[2025-09-16T23:52:28.929+0000] {processor.py:925} INFO - DAG(s) 'example_python_decorator' retrieved from /home/airflow/.local/lib/python3.12/site-packages/airflow/example_dags/example_python_decorator.py
[2025-09-16T23:52:28.953+0000] {logging_mixin.py:190} INFO - [2025-09-16T23:52:28.953+0000] {dag.py:3239} INFO - Sync 1 DAGs
[2025-09-16T23:52:28.961+0000] {logging_mixin.py:190} INFO - [2025-09-16T23:52:28.960+0000] {dag.py:4180} INFO - Setting next_dagrun for example_python_decorator to None, run_after=None
[2025-09-16T23:52:28.969+0000] {processor.py:208} INFO - Processing /home/airflow/.local/lib/python3.12/site-packages/airflow/example_dags/example_python_decorator.py took 0.056 seconds
[2025-09-16T23:52:59.395+0000] {processor.py:186} INFO - Started process (PID=1513) to work on /home/airflow/.local/lib/python3.12/site-packages/airflow/example_dags/example_python_decorator.py
[2025-09-16T23:52:59.397+0000] {processor.py:914} INFO - Processing file /home/airflow/.local/lib/python3.12/site-packages/airflow/example_dags/example_python_decorator.py for tasks to queue
[2025-09-16T23:52:59.399+0000] {logging_mixin.py:190} INFO - [2025-09-16T23:52:59.399+0000] {dagbag.py:588} INFO - Filling up the DagBag from /home/airflow/.local/lib/python3.12/site-packages/airflow/example_dags/example_python_decorator.py
[2025-09-16T23:52:59.409+0000] {processor.py:925} INFO - DAG(s) 'example_python_decorator' retrieved from /home/airflow/.local/lib/python3.12/site-packages/airflow/example_dags/example_python_decorator.py
[2025-09-16T23:52:59.425+0000] {logging_mixin.py:190} INFO - [2025-09-16T23:52:59.425+0000] {dag.py:3239} INFO - Sync 1 DAGs
[2025-09-16T23:52:59.436+0000] {logging_mixin.py:190} INFO - [2025-09-16T23:52:59.435+0000] {dag.py:4180} INFO - Setting next_dagrun for example_python_decorator to None, run_after=None
[2025-09-16T23:52:59.445+0000] {processor.py:208} INFO - Processing /home/airflow/.local/lib/python3.12/site-packages/airflow/example_dags/example_python_decorator.py took 0.054 seconds
[2025-09-16T23:53:29.854+0000] {processor.py:186} INFO - Started process (PID=1576) to work on /home/airflow/.local/lib/python3.12/site-packages/airflow/example_dags/example_python_decorator.py
[2025-09-16T23:53:29.854+0000] {processor.py:914} INFO - Processing file /home/airflow/.local/lib/python3.12/site-packages/airflow/example_dags/example_python_decorator.py for tasks to queue
[2025-09-16T23:53:29.855+0000] {logging_mixin.py:190} INFO - [2025-09-16T23:53:29.855+0000] {dagbag.py:588} INFO - Filling up the DagBag from /home/airflow/.local/lib/python3.12/site-packages/airflow/example_dags/example_python_decorator.py
[2025-09-16T23:53:29.864+0000] {processor.py:925} INFO - DAG(s) 'example_python_decorator' retrieved from /home/airflow/.local/lib/python3.12/site-packages/airflow/example_dags/example_python_decorator.py
[2025-09-16T23:53:29.875+0000] {logging_mixin.py:190} INFO - [2025-09-16T23:53:29.875+0000] {dag.py:3239} INFO - Sync 1 DAGs
[2025-09-16T23:53:29.881+0000] {logging_mixin.py:190} INFO - [2025-09-16T23:53:29.881+0000] {dag.py:4180} INFO - Setting next_dagrun for example_python_decorator to None, run_after=None
[2025-09-16T23:53:29.890+0000] {processor.py:208} INFO - Processing /home/airflow/.local/lib/python3.12/site-packages/airflow/example_dags/example_python_decorator.py took 0.040 seconds
[2025-09-16T23:54:00.182+0000] {processor.py:186} INFO - Started process (PID=1639) to work on /home/airflow/.local/lib/python3.12/site-packages/airflow/example_dags/example_python_decorator.py
[2025-09-16T23:54:00.183+0000] {processor.py:914} INFO - Processing file /home/airflow/.local/lib/python3.12/site-packages/airflow/example_dags/example_python_decorator.py for tasks to queue
[2025-09-16T23:54:00.185+0000] {logging_mixin.py:190} INFO - [2025-09-16T23:54:00.185+0000] {dagbag.py:588} INFO - Filling up the DagBag from /home/airflow/.local/lib/python3.12/site-packages/airflow/example_dags/example_python_decorator.py
[2025-09-16T23:54:00.200+0000] {processor.py:925} INFO - DAG(s) 'example_python_decorator' retrieved from /home/airflow/.local/lib/python3.12/site-packages/airflow/example_dags/example_python_decorator.py
[2025-09-16T23:54:00.220+0000] {logging_mixin.py:190} INFO - [2025-09-16T23:54:00.220+0000] {dag.py:3239} INFO - Sync 1 DAGs
[2025-09-16T23:54:00.230+0000] {logging_mixin.py:190} INFO - [2025-09-16T23:54:00.230+0000] {dag.py:4180} INFO - Setting next_dagrun for example_python_decorator to None, run_after=None
[2025-09-16T23:54:00.242+0000] {processor.py:208} INFO - Processing /home/airflow/.local/lib/python3.12/site-packages/airflow/example_dags/example_python_decorator.py took 0.067 seconds
[2025-09-16T23:54:30.744+0000] {processor.py:186} INFO - Started process (PID=1702) to work on /home/airflow/.local/lib/python3.12/site-packages/airflow/example_dags/example_python_decorator.py
[2025-09-16T23:54:30.745+0000] {processor.py:914} INFO - Processing file /home/airflow/.local/lib/python3.12/site-packages/airflow/example_dags/example_python_decorator.py for tasks to queue
[2025-09-16T23:54:30.746+0000] {logging_mixin.py:190} INFO - [2025-09-16T23:54:30.746+0000] {dagbag.py:588} INFO - Filling up the DagBag from /home/airflow/.local/lib/python3.12/site-packages/airflow/example_dags/example_python_decorator.py
[2025-09-16T23:54:30.756+0000] {processor.py:925} INFO - DAG(s) 'example_python_decorator' retrieved from /home/airflow/.local/lib/python3.12/site-packages/airflow/example_dags/example_python_decorator.py
[2025-09-16T23:54:30.771+0000] {logging_mixin.py:190} INFO - [2025-09-16T23:54:30.771+0000] {dag.py:3239} INFO - Sync 1 DAGs
[2025-09-16T23:54:30.785+0000] {logging_mixin.py:190} INFO - [2025-09-16T23:54:30.785+0000] {dag.py:4180} INFO - Setting next_dagrun for example_python_decorator to None, run_after=None
[2025-09-16T23:54:30.794+0000] {processor.py:208} INFO - Processing /home/airflow/.local/lib/python3.12/site-packages/airflow/example_dags/example_python_decorator.py took 0.055 seconds
[2025-09-16T23:55:01.500+0000] {processor.py:186} INFO - Started process (PID=1765) to work on /home/airflow/.local/lib/python3.12/site-packages/airflow/example_dags/example_python_decorator.py
[2025-09-16T23:55:01.500+0000] {processor.py:914} INFO - Processing file /home/airflow/.local/lib/python3.12/site-packages/airflow/example_dags/example_python_decorator.py for tasks to queue
[2025-09-16T23:55:01.502+0000] {logging_mixin.py:190} INFO - [2025-09-16T23:55:01.501+0000] {dagbag.py:588} INFO - Filling up the DagBag from /home/airflow/.local/lib/python3.12/site-packages/airflow/example_dags/example_python_decorator.py
[2025-09-16T23:55:01.510+0000] {processor.py:925} INFO - DAG(s) 'example_python_decorator' retrieved from /home/airflow/.local/lib/python3.12/site-packages/airflow/example_dags/example_python_decorator.py
[2025-09-16T23:55:01.521+0000] {logging_mixin.py:190} INFO - [2025-09-16T23:55:01.521+0000] {dag.py:3239} INFO - Sync 1 DAGs
[2025-09-16T23:55:01.527+0000] {logging_mixin.py:190} INFO - [2025-09-16T23:55:01.527+0000] {dag.py:4180} INFO - Setting next_dagrun for example_python_decorator to None, run_after=None
[2025-09-16T23:55:01.536+0000] {processor.py:208} INFO - Processing /home/airflow/.local/lib/python3.12/site-packages/airflow/example_dags/example_python_decorator.py took 0.040 seconds
[2025-09-16T23:55:31.634+0000] {processor.py:186} INFO - Started process (PID=1828) to work on /home/airflow/.local/lib/python3.12/site-packages/airflow/example_dags/example_python_decorator.py
[2025-09-16T23:55:31.635+0000] {processor.py:914} INFO - Processing file /home/airflow/.local/lib/python3.12/site-packages/airflow/example_dags/example_python_decorator.py for tasks to queue
[2025-09-16T23:55:31.636+0000] {logging_mixin.py:190} INFO - [2025-09-16T23:55:31.636+0000] {dagbag.py:588} INFO - Filling up the DagBag from /home/airflow/.local/lib/python3.12/site-packages/airflow/example_dags/example_python_decorator.py
[2025-09-16T23:55:31.646+0000] {processor.py:925} INFO - DAG(s) 'example_python_decorator' retrieved from /home/airflow/.local/lib/python3.12/site-packages/airflow/example_dags/example_python_decorator.py
[2025-09-16T23:55:31.658+0000] {logging_mixin.py:190} INFO - [2025-09-16T23:55:31.658+0000] {dag.py:3239} INFO - Sync 1 DAGs
[2025-09-16T23:55:31.667+0000] {logging_mixin.py:190} INFO - [2025-09-16T23:55:31.667+0000] {dag.py:4180} INFO - Setting next_dagrun for example_python_decorator to None, run_after=None
[2025-09-16T23:55:31.676+0000] {processor.py:208} INFO - Processing /home/airflow/.local/lib/python3.12/site-packages/airflow/example_dags/example_python_decorator.py took 0.046 seconds
[2025-09-16T23:56:01.818+0000] {processor.py:186} INFO - Started process (PID=1891) to work on /home/airflow/.local/lib/python3.12/site-packages/airflow/example_dags/example_python_decorator.py
[2025-09-16T23:56:01.819+0000] {processor.py:914} INFO - Processing file /home/airflow/.local/lib/python3.12/site-packages/airflow/example_dags/example_python_decorator.py for tasks to queue
[2025-09-16T23:56:01.820+0000] {logging_mixin.py:190} INFO - [2025-09-16T23:56:01.820+0000] {dagbag.py:588} INFO - Filling up the DagBag from /home/airflow/.local/lib/python3.12/site-packages/airflow/example_dags/example_python_decorator.py
[2025-09-16T23:56:01.829+0000] {processor.py:925} INFO - DAG(s) 'example_python_decorator' retrieved from /home/airflow/.local/lib/python3.12/site-packages/airflow/example_dags/example_python_decorator.py
[2025-09-16T23:56:01.843+0000] {logging_mixin.py:190} INFO - [2025-09-16T23:56:01.842+0000] {dag.py:3239} INFO - Sync 1 DAGs
[2025-09-16T23:56:01.850+0000] {logging_mixin.py:190} INFO - [2025-09-16T23:56:01.850+0000] {dag.py:4180} INFO - Setting next_dagrun for example_python_decorator to None, run_after=None
[2025-09-16T23:56:01.860+0000] {processor.py:208} INFO - Processing /home/airflow/.local/lib/python3.12/site-packages/airflow/example_dags/example_python_decorator.py took 0.045 seconds
[2025-09-16T23:56:32.021+0000] {processor.py:186} INFO - Started process (PID=1954) to work on /home/airflow/.local/lib/python3.12/site-packages/airflow/example_dags/example_python_decorator.py
[2025-09-16T23:56:32.023+0000] {processor.py:914} INFO - Processing file /home/airflow/.local/lib/python3.12/site-packages/airflow/example_dags/example_python_decorator.py for tasks to queue
[2025-09-16T23:56:32.025+0000] {logging_mixin.py:190} INFO - [2025-09-16T23:56:32.025+0000] {dagbag.py:588} INFO - Filling up the DagBag from /home/airflow/.local/lib/python3.12/site-packages/airflow/example_dags/example_python_decorator.py
[2025-09-16T23:56:32.036+0000] {processor.py:925} INFO - DAG(s) 'example_python_decorator' retrieved from /home/airflow/.local/lib/python3.12/site-packages/airflow/example_dags/example_python_decorator.py
[2025-09-16T23:56:32.053+0000] {logging_mixin.py:190} INFO - [2025-09-16T23:56:32.053+0000] {dag.py:3239} INFO - Sync 1 DAGs
[2025-09-16T23:56:32.062+0000] {logging_mixin.py:190} INFO - [2025-09-16T23:56:32.061+0000] {dag.py:4180} INFO - Setting next_dagrun for example_python_decorator to None, run_after=None
[2025-09-16T23:56:32.070+0000] {processor.py:208} INFO - Processing /home/airflow/.local/lib/python3.12/site-packages/airflow/example_dags/example_python_decorator.py took 0.053 seconds
[2025-09-16T23:57:02.170+0000] {processor.py:186} INFO - Started process (PID=2017) to work on /home/airflow/.local/lib/python3.12/site-packages/airflow/example_dags/example_python_decorator.py
[2025-09-16T23:57:02.170+0000] {processor.py:914} INFO - Processing file /home/airflow/.local/lib/python3.12/site-packages/airflow/example_dags/example_python_decorator.py for tasks to queue
[2025-09-16T23:57:02.171+0000] {logging_mixin.py:190} INFO - [2025-09-16T23:57:02.171+0000] {dagbag.py:588} INFO - Filling up the DagBag from /home/airflow/.local/lib/python3.12/site-packages/airflow/example_dags/example_python_decorator.py
[2025-09-16T23:57:02.178+0000] {processor.py:925} INFO - DAG(s) 'example_python_decorator' retrieved from /home/airflow/.local/lib/python3.12/site-packages/airflow/example_dags/example_python_decorator.py
[2025-09-16T23:57:02.188+0000] {logging_mixin.py:190} INFO - [2025-09-16T23:57:02.188+0000] {dag.py:3239} INFO - Sync 1 DAGs
[2025-09-16T23:57:02.194+0000] {logging_mixin.py:190} INFO - [2025-09-16T23:57:02.194+0000] {dag.py:4180} INFO - Setting next_dagrun for example_python_decorator to None, run_after=None
[2025-09-16T23:57:02.201+0000] {processor.py:208} INFO - Processing /home/airflow/.local/lib/python3.12/site-packages/airflow/example_dags/example_python_decorator.py took 0.035 seconds
[2025-09-16T23:57:33.265+0000] {processor.py:186} INFO - Started process (PID=2080) to work on /home/airflow/.local/lib/python3.12/site-packages/airflow/example_dags/example_python_decorator.py
[2025-09-16T23:57:33.266+0000] {processor.py:914} INFO - Processing file /home/airflow/.local/lib/python3.12/site-packages/airflow/example_dags/example_python_decorator.py for tasks to queue
[2025-09-16T23:57:33.267+0000] {logging_mixin.py:190} INFO - [2025-09-16T23:57:33.267+0000] {dagbag.py:588} INFO - Filling up the DagBag from /home/airflow/.local/lib/python3.12/site-packages/airflow/example_dags/example_python_decorator.py
[2025-09-16T23:57:33.276+0000] {processor.py:925} INFO - DAG(s) 'example_python_decorator' retrieved from /home/airflow/.local/lib/python3.12/site-packages/airflow/example_dags/example_python_decorator.py
[2025-09-16T23:57:33.287+0000] {logging_mixin.py:190} INFO - [2025-09-16T23:57:33.287+0000] {dag.py:3239} INFO - Sync 1 DAGs
[2025-09-16T23:57:33.295+0000] {logging_mixin.py:190} INFO - [2025-09-16T23:57:33.295+0000] {dag.py:4180} INFO - Setting next_dagrun for example_python_decorator to None, run_after=None
[2025-09-16T23:57:33.303+0000] {processor.py:208} INFO - Processing /home/airflow/.local/lib/python3.12/site-packages/airflow/example_dags/example_python_decorator.py took 0.042 seconds
[2025-09-16T23:58:03.384+0000] {processor.py:186} INFO - Started process (PID=2143) to work on /home/airflow/.local/lib/python3.12/site-packages/airflow/example_dags/example_python_decorator.py
[2025-09-16T23:58:03.386+0000] {processor.py:914} INFO - Processing file /home/airflow/.local/lib/python3.12/site-packages/airflow/example_dags/example_python_decorator.py for tasks to queue
[2025-09-16T23:58:03.389+0000] {logging_mixin.py:190} INFO - [2025-09-16T23:58:03.388+0000] {dagbag.py:588} INFO - Filling up the DagBag from /home/airflow/.local/lib/python3.12/site-packages/airflow/example_dags/example_python_decorator.py
[2025-09-16T23:58:03.397+0000] {processor.py:925} INFO - DAG(s) 'example_python_decorator' retrieved from /home/airflow/.local/lib/python3.12/site-packages/airflow/example_dags/example_python_decorator.py
[2025-09-16T23:58:03.410+0000] {logging_mixin.py:190} INFO - [2025-09-16T23:58:03.410+0000] {dag.py:3239} INFO - Sync 1 DAGs
[2025-09-16T23:58:03.417+0000] {logging_mixin.py:190} INFO - [2025-09-16T23:58:03.417+0000] {dag.py:4180} INFO - Setting next_dagrun for example_python_decorator to None, run_after=None
[2025-09-16T23:58:03.426+0000] {processor.py:208} INFO - Processing /home/airflow/.local/lib/python3.12/site-packages/airflow/example_dags/example_python_decorator.py took 0.046 seconds
[2025-09-16T23:58:34.456+0000] {processor.py:186} INFO - Started process (PID=2206) to work on /home/airflow/.local/lib/python3.12/site-packages/airflow/example_dags/example_python_decorator.py
[2025-09-16T23:58:34.457+0000] {processor.py:914} INFO - Processing file /home/airflow/.local/lib/python3.12/site-packages/airflow/example_dags/example_python_decorator.py for tasks to queue
[2025-09-16T23:58:34.459+0000] {logging_mixin.py:190} INFO - [2025-09-16T23:58:34.459+0000] {dagbag.py:588} INFO - Filling up the DagBag from /home/airflow/.local/lib/python3.12/site-packages/airflow/example_dags/example_python_decorator.py
[2025-09-16T23:58:34.466+0000] {processor.py:925} INFO - DAG(s) 'example_python_decorator' retrieved from /home/airflow/.local/lib/python3.12/site-packages/airflow/example_dags/example_python_decorator.py
[2025-09-16T23:58:34.479+0000] {logging_mixin.py:190} INFO - [2025-09-16T23:58:34.479+0000] {dag.py:3239} INFO - Sync 1 DAGs
[2025-09-16T23:58:34.485+0000] {logging_mixin.py:190} INFO - [2025-09-16T23:58:34.485+0000] {dag.py:4180} INFO - Setting next_dagrun for example_python_decorator to None, run_after=None
[2025-09-16T23:58:34.497+0000] {processor.py:208} INFO - Processing /home/airflow/.local/lib/python3.12/site-packages/airflow/example_dags/example_python_decorator.py took 0.043 seconds
[2025-09-16T23:59:05.500+0000] {processor.py:186} INFO - Started process (PID=2269) to work on /home/airflow/.local/lib/python3.12/site-packages/airflow/example_dags/example_python_decorator.py
[2025-09-16T23:59:05.501+0000] {processor.py:914} INFO - Processing file /home/airflow/.local/lib/python3.12/site-packages/airflow/example_dags/example_python_decorator.py for tasks to queue
[2025-09-16T23:59:05.503+0000] {logging_mixin.py:190} INFO - [2025-09-16T23:59:05.502+0000] {dagbag.py:588} INFO - Filling up the DagBag from /home/airflow/.local/lib/python3.12/site-packages/airflow/example_dags/example_python_decorator.py
[2025-09-16T23:59:05.514+0000] {processor.py:925} INFO - DAG(s) 'example_python_decorator' retrieved from /home/airflow/.local/lib/python3.12/site-packages/airflow/example_dags/example_python_decorator.py
[2025-09-16T23:59:05.528+0000] {logging_mixin.py:190} INFO - [2025-09-16T23:59:05.527+0000] {dag.py:3239} INFO - Sync 1 DAGs
[2025-09-16T23:59:05.535+0000] {logging_mixin.py:190} INFO - [2025-09-16T23:59:05.535+0000] {dag.py:4180} INFO - Setting next_dagrun for example_python_decorator to None, run_after=None
[2025-09-16T23:59:05.546+0000] {processor.py:208} INFO - Processing /home/airflow/.local/lib/python3.12/site-packages/airflow/example_dags/example_python_decorator.py took 0.050 seconds
[2025-09-16T23:59:36.679+0000] {processor.py:186} INFO - Started process (PID=2332) to work on /home/airflow/.local/lib/python3.12/site-packages/airflow/example_dags/example_python_decorator.py
[2025-09-16T23:59:36.680+0000] {processor.py:914} INFO - Processing file /home/airflow/.local/lib/python3.12/site-packages/airflow/example_dags/example_python_decorator.py for tasks to queue
[2025-09-16T23:59:36.681+0000] {logging_mixin.py:190} INFO - [2025-09-16T23:59:36.681+0000] {dagbag.py:588} INFO - Filling up the DagBag from /home/airflow/.local/lib/python3.12/site-packages/airflow/example_dags/example_python_decorator.py
[2025-09-16T23:59:36.691+0000] {processor.py:925} INFO - DAG(s) 'example_python_decorator' retrieved from /home/airflow/.local/lib/python3.12/site-packages/airflow/example_dags/example_python_decorator.py
[2025-09-16T23:59:36.702+0000] {logging_mixin.py:190} INFO - [2025-09-16T23:59:36.702+0000] {dag.py:3239} INFO - Sync 1 DAGs
[2025-09-16T23:59:36.708+0000] {logging_mixin.py:190} INFO - [2025-09-16T23:59:36.708+0000] {dag.py:4180} INFO - Setting next_dagrun for example_python_decorator to None, run_after=None
[2025-09-16T23:59:36.719+0000] {processor.py:208} INFO - Processing /home/airflow/.local/lib/python3.12/site-packages/airflow/example_dags/example_python_decorator.py took 0.044 seconds
