[2025-09-16T23:41:17.842+0000] {processor.py:186} INFO - Started process (PID=77) to work on /home/airflow/.local/lib/python3.12/site-packages/airflow/example_dags/example_python_operator.py
[2025-09-16T23:41:17.843+0000] {processor.py:914} INFO - Processing file /home/airflow/.local/lib/python3.12/site-packages/airflow/example_dags/example_python_operator.py for tasks to queue
[2025-09-16T23:41:17.844+0000] {logging_mixin.py:190} INFO - [2025-09-16T23:41:17.844+0000] {dagbag.py:588} INFO - Filling up the DagBag from /home/airflow/.local/lib/python3.12/site-packages/airflow/example_dags/example_python_operator.py
[2025-09-16T23:41:17.853+0000] {processor.py:925} INFO - DAG(s) 'example_python_operator' retrieved from /home/airflow/.local/lib/python3.12/site-packages/airflow/example_dags/example_python_operator.py
[2025-09-16T23:41:17.921+0000] {logging_mixin.py:190} INFO - [2025-09-16T23:41:17.920+0000] {override.py:1911} INFO - Created Permission View: can edit on DAG:example_python_operator
[2025-09-16T23:41:17.927+0000] {logging_mixin.py:190} INFO - [2025-09-16T23:41:17.927+0000] {override.py:1911} INFO - Created Permission View: can delete on DAG:example_python_operator
[2025-09-16T23:41:17.931+0000] {logging_mixin.py:190} INFO - [2025-09-16T23:41:17.931+0000] {override.py:1911} INFO - Created Permission View: can read on DAG:example_python_operator
[2025-09-16T23:41:17.936+0000] {logging_mixin.py:190} INFO - [2025-09-16T23:41:17.936+0000] {override.py:1911} INFO - Created Permission View: menu access on DAG Run:example_python_operator
[2025-09-16T23:41:17.942+0000] {logging_mixin.py:190} INFO - [2025-09-16T23:41:17.942+0000] {override.py:1911} INFO - Created Permission View: can create on DAG Run:example_python_operator
[2025-09-16T23:41:17.946+0000] {logging_mixin.py:190} INFO - [2025-09-16T23:41:17.946+0000] {override.py:1911} INFO - Created Permission View: can delete on DAG Run:example_python_operator
[2025-09-16T23:41:17.952+0000] {logging_mixin.py:190} INFO - [2025-09-16T23:41:17.951+0000] {override.py:1911} INFO - Created Permission View: can read on DAG Run:example_python_operator
[2025-09-16T23:41:17.952+0000] {logging_mixin.py:190} INFO - [2025-09-16T23:41:17.952+0000] {dag.py:3239} INFO - Sync 1 DAGs
[2025-09-16T23:41:17.959+0000] {logging_mixin.py:190} INFO - [2025-09-16T23:41:17.959+0000] {dag.py:3262} INFO - Creating ORM DAG for example_python_operator
[2025-09-16T23:41:17.961+0000] {logging_mixin.py:190} INFO - [2025-09-16T23:41:17.961+0000] {dag.py:4180} INFO - Setting next_dagrun for example_python_operator to None, run_after=None
[2025-09-16T23:41:17.972+0000] {processor.py:208} INFO - Processing /home/airflow/.local/lib/python3.12/site-packages/airflow/example_dags/example_python_operator.py took 0.133 seconds
[2025-09-16T23:41:48.050+0000] {processor.py:186} INFO - Started process (PID=140) to work on /home/airflow/.local/lib/python3.12/site-packages/airflow/example_dags/example_python_operator.py
[2025-09-16T23:41:48.050+0000] {processor.py:914} INFO - Processing file /home/airflow/.local/lib/python3.12/site-packages/airflow/example_dags/example_python_operator.py for tasks to queue
[2025-09-16T23:41:48.051+0000] {logging_mixin.py:190} INFO - [2025-09-16T23:41:48.051+0000] {dagbag.py:588} INFO - Filling up the DagBag from /home/airflow/.local/lib/python3.12/site-packages/airflow/example_dags/example_python_operator.py
[2025-09-16T23:41:48.058+0000] {processor.py:925} INFO - DAG(s) 'example_python_operator' retrieved from /home/airflow/.local/lib/python3.12/site-packages/airflow/example_dags/example_python_operator.py
[2025-09-16T23:41:48.068+0000] {logging_mixin.py:190} INFO - [2025-09-16T23:41:48.068+0000] {dag.py:3239} INFO - Sync 1 DAGs
[2025-09-16T23:41:48.075+0000] {logging_mixin.py:190} INFO - [2025-09-16T23:41:48.074+0000] {dag.py:4180} INFO - Setting next_dagrun for example_python_operator to None, run_after=None
[2025-09-16T23:41:48.082+0000] {processor.py:208} INFO - Processing /home/airflow/.local/lib/python3.12/site-packages/airflow/example_dags/example_python_operator.py took 0.036 seconds
[2025-09-16T23:42:19.156+0000] {processor.py:186} INFO - Started process (PID=203) to work on /home/airflow/.local/lib/python3.12/site-packages/airflow/example_dags/example_python_operator.py
[2025-09-16T23:42:19.157+0000] {processor.py:914} INFO - Processing file /home/airflow/.local/lib/python3.12/site-packages/airflow/example_dags/example_python_operator.py for tasks to queue
[2025-09-16T23:42:19.159+0000] {logging_mixin.py:190} INFO - [2025-09-16T23:42:19.159+0000] {dagbag.py:588} INFO - Filling up the DagBag from /home/airflow/.local/lib/python3.12/site-packages/airflow/example_dags/example_python_operator.py
[2025-09-16T23:42:19.166+0000] {processor.py:925} INFO - DAG(s) 'example_python_operator' retrieved from /home/airflow/.local/lib/python3.12/site-packages/airflow/example_dags/example_python_operator.py
[2025-09-16T23:42:19.178+0000] {logging_mixin.py:190} INFO - [2025-09-16T23:42:19.178+0000] {dag.py:3239} INFO - Sync 1 DAGs
[2025-09-16T23:42:19.186+0000] {logging_mixin.py:190} INFO - [2025-09-16T23:42:19.186+0000] {dag.py:4180} INFO - Setting next_dagrun for example_python_operator to None, run_after=None
[2025-09-16T23:42:19.196+0000] {processor.py:208} INFO - Processing /home/airflow/.local/lib/python3.12/site-packages/airflow/example_dags/example_python_operator.py took 0.043 seconds
[2025-09-16T23:42:49.878+0000] {processor.py:186} INFO - Started process (PID=271) to work on /home/airflow/.local/lib/python3.12/site-packages/airflow/example_dags/example_python_operator.py
[2025-09-16T23:42:49.879+0000] {processor.py:914} INFO - Processing file /home/airflow/.local/lib/python3.12/site-packages/airflow/example_dags/example_python_operator.py for tasks to queue
[2025-09-16T23:42:49.880+0000] {logging_mixin.py:190} INFO - [2025-09-16T23:42:49.880+0000] {dagbag.py:588} INFO - Filling up the DagBag from /home/airflow/.local/lib/python3.12/site-packages/airflow/example_dags/example_python_operator.py
[2025-09-16T23:42:49.888+0000] {processor.py:925} INFO - DAG(s) 'example_python_operator' retrieved from /home/airflow/.local/lib/python3.12/site-packages/airflow/example_dags/example_python_operator.py
[2025-09-16T23:42:49.903+0000] {logging_mixin.py:190} INFO - [2025-09-16T23:42:49.903+0000] {dag.py:3239} INFO - Sync 1 DAGs
[2025-09-16T23:42:49.910+0000] {logging_mixin.py:190} INFO - [2025-09-16T23:42:49.910+0000] {dag.py:4180} INFO - Setting next_dagrun for example_python_operator to None, run_after=None
[2025-09-16T23:42:49.923+0000] {processor.py:208} INFO - Processing /home/airflow/.local/lib/python3.12/site-packages/airflow/example_dags/example_python_operator.py took 0.050 seconds
[2025-09-16T23:43:20.110+0000] {processor.py:186} INFO - Started process (PID=334) to work on /home/airflow/.local/lib/python3.12/site-packages/airflow/example_dags/example_python_operator.py
[2025-09-16T23:43:20.110+0000] {processor.py:914} INFO - Processing file /home/airflow/.local/lib/python3.12/site-packages/airflow/example_dags/example_python_operator.py for tasks to queue
[2025-09-16T23:43:20.112+0000] {logging_mixin.py:190} INFO - [2025-09-16T23:43:20.112+0000] {dagbag.py:588} INFO - Filling up the DagBag from /home/airflow/.local/lib/python3.12/site-packages/airflow/example_dags/example_python_operator.py
[2025-09-16T23:43:20.119+0000] {processor.py:925} INFO - DAG(s) 'example_python_operator' retrieved from /home/airflow/.local/lib/python3.12/site-packages/airflow/example_dags/example_python_operator.py
[2025-09-16T23:43:20.130+0000] {logging_mixin.py:190} INFO - [2025-09-16T23:43:20.130+0000] {dag.py:3239} INFO - Sync 1 DAGs
[2025-09-16T23:43:20.138+0000] {logging_mixin.py:190} INFO - [2025-09-16T23:43:20.137+0000] {dag.py:4180} INFO - Setting next_dagrun for example_python_operator to None, run_after=None
[2025-09-16T23:43:20.147+0000] {processor.py:208} INFO - Processing /home/airflow/.local/lib/python3.12/site-packages/airflow/example_dags/example_python_operator.py took 0.041 seconds
[2025-09-16T23:43:50.711+0000] {processor.py:186} INFO - Started process (PID=396) to work on /home/airflow/.local/lib/python3.12/site-packages/airflow/example_dags/example_python_operator.py
[2025-09-16T23:43:50.711+0000] {processor.py:914} INFO - Processing file /home/airflow/.local/lib/python3.12/site-packages/airflow/example_dags/example_python_operator.py for tasks to queue
[2025-09-16T23:43:50.713+0000] {logging_mixin.py:190} INFO - [2025-09-16T23:43:50.712+0000] {dagbag.py:588} INFO - Filling up the DagBag from /home/airflow/.local/lib/python3.12/site-packages/airflow/example_dags/example_python_operator.py
[2025-09-16T23:43:50.720+0000] {processor.py:925} INFO - DAG(s) 'example_python_operator' retrieved from /home/airflow/.local/lib/python3.12/site-packages/airflow/example_dags/example_python_operator.py
[2025-09-16T23:43:50.733+0000] {logging_mixin.py:190} INFO - [2025-09-16T23:43:50.733+0000] {dag.py:3239} INFO - Sync 1 DAGs
[2025-09-16T23:43:50.740+0000] {logging_mixin.py:190} INFO - [2025-09-16T23:43:50.739+0000] {dag.py:4180} INFO - Setting next_dagrun for example_python_operator to None, run_after=None
[2025-09-16T23:43:50.747+0000] {processor.py:208} INFO - Processing /home/airflow/.local/lib/python3.12/site-packages/airflow/example_dags/example_python_operator.py took 0.039 seconds
[2025-09-16T23:44:21.525+0000] {processor.py:186} INFO - Started process (PID=459) to work on /home/airflow/.local/lib/python3.12/site-packages/airflow/example_dags/example_python_operator.py
[2025-09-16T23:44:21.528+0000] {processor.py:914} INFO - Processing file /home/airflow/.local/lib/python3.12/site-packages/airflow/example_dags/example_python_operator.py for tasks to queue
[2025-09-16T23:44:21.530+0000] {logging_mixin.py:190} INFO - [2025-09-16T23:44:21.530+0000] {dagbag.py:588} INFO - Filling up the DagBag from /home/airflow/.local/lib/python3.12/site-packages/airflow/example_dags/example_python_operator.py
[2025-09-16T23:44:21.537+0000] {processor.py:925} INFO - DAG(s) 'example_python_operator' retrieved from /home/airflow/.local/lib/python3.12/site-packages/airflow/example_dags/example_python_operator.py
[2025-09-16T23:44:21.553+0000] {logging_mixin.py:190} INFO - [2025-09-16T23:44:21.553+0000] {dag.py:3239} INFO - Sync 1 DAGs
[2025-09-16T23:44:21.563+0000] {logging_mixin.py:190} INFO - [2025-09-16T23:44:21.563+0000] {dag.py:4180} INFO - Setting next_dagrun for example_python_operator to None, run_after=None
[2025-09-16T23:44:21.575+0000] {processor.py:208} INFO - Processing /home/airflow/.local/lib/python3.12/site-packages/airflow/example_dags/example_python_operator.py took 0.054 seconds
[2025-09-16T23:44:52.138+0000] {processor.py:186} INFO - Started process (PID=522) to work on /home/airflow/.local/lib/python3.12/site-packages/airflow/example_dags/example_python_operator.py
[2025-09-16T23:44:52.139+0000] {processor.py:914} INFO - Processing file /home/airflow/.local/lib/python3.12/site-packages/airflow/example_dags/example_python_operator.py for tasks to queue
[2025-09-16T23:44:52.140+0000] {logging_mixin.py:190} INFO - [2025-09-16T23:44:52.140+0000] {dagbag.py:588} INFO - Filling up the DagBag from /home/airflow/.local/lib/python3.12/site-packages/airflow/example_dags/example_python_operator.py
[2025-09-16T23:44:52.146+0000] {processor.py:925} INFO - DAG(s) 'example_python_operator' retrieved from /home/airflow/.local/lib/python3.12/site-packages/airflow/example_dags/example_python_operator.py
[2025-09-16T23:44:52.156+0000] {logging_mixin.py:190} INFO - [2025-09-16T23:44:52.156+0000] {dag.py:3239} INFO - Sync 1 DAGs
[2025-09-16T23:44:52.163+0000] {logging_mixin.py:190} INFO - [2025-09-16T23:44:52.163+0000] {dag.py:4180} INFO - Setting next_dagrun for example_python_operator to None, run_after=None
[2025-09-16T23:44:52.170+0000] {processor.py:208} INFO - Processing /home/airflow/.local/lib/python3.12/site-packages/airflow/example_dags/example_python_operator.py took 0.035 seconds
[2025-09-16T23:45:22.402+0000] {processor.py:186} INFO - Started process (PID=585) to work on /home/airflow/.local/lib/python3.12/site-packages/airflow/example_dags/example_python_operator.py
[2025-09-16T23:45:22.403+0000] {processor.py:914} INFO - Processing file /home/airflow/.local/lib/python3.12/site-packages/airflow/example_dags/example_python_operator.py for tasks to queue
[2025-09-16T23:45:22.406+0000] {logging_mixin.py:190} INFO - [2025-09-16T23:45:22.406+0000] {dagbag.py:588} INFO - Filling up the DagBag from /home/airflow/.local/lib/python3.12/site-packages/airflow/example_dags/example_python_operator.py
[2025-09-16T23:45:22.413+0000] {processor.py:925} INFO - DAG(s) 'example_python_operator' retrieved from /home/airflow/.local/lib/python3.12/site-packages/airflow/example_dags/example_python_operator.py
[2025-09-16T23:45:22.428+0000] {logging_mixin.py:190} INFO - [2025-09-16T23:45:22.428+0000] {dag.py:3239} INFO - Sync 1 DAGs
[2025-09-16T23:45:22.436+0000] {logging_mixin.py:190} INFO - [2025-09-16T23:45:22.436+0000] {dag.py:4180} INFO - Setting next_dagrun for example_python_operator to None, run_after=None
[2025-09-16T23:45:22.446+0000] {processor.py:208} INFO - Processing /home/airflow/.local/lib/python3.12/site-packages/airflow/example_dags/example_python_operator.py took 0.047 seconds
[2025-09-16T23:45:53.186+0000] {processor.py:186} INFO - Started process (PID=648) to work on /home/airflow/.local/lib/python3.12/site-packages/airflow/example_dags/example_python_operator.py
[2025-09-16T23:45:53.186+0000] {processor.py:914} INFO - Processing file /home/airflow/.local/lib/python3.12/site-packages/airflow/example_dags/example_python_operator.py for tasks to queue
[2025-09-16T23:45:53.189+0000] {logging_mixin.py:190} INFO - [2025-09-16T23:45:53.188+0000] {dagbag.py:588} INFO - Filling up the DagBag from /home/airflow/.local/lib/python3.12/site-packages/airflow/example_dags/example_python_operator.py
[2025-09-16T23:45:53.197+0000] {processor.py:925} INFO - DAG(s) 'example_python_operator' retrieved from /home/airflow/.local/lib/python3.12/site-packages/airflow/example_dags/example_python_operator.py
[2025-09-16T23:45:53.211+0000] {logging_mixin.py:190} INFO - [2025-09-16T23:45:53.211+0000] {dag.py:3239} INFO - Sync 1 DAGs
[2025-09-16T23:45:53.218+0000] {logging_mixin.py:190} INFO - [2025-09-16T23:45:53.218+0000] {dag.py:4180} INFO - Setting next_dagrun for example_python_operator to None, run_after=None
[2025-09-16T23:45:53.229+0000] {processor.py:208} INFO - Processing /home/airflow/.local/lib/python3.12/site-packages/airflow/example_dags/example_python_operator.py took 0.046 seconds
[2025-09-16T23:46:23.736+0000] {processor.py:186} INFO - Started process (PID=711) to work on /home/airflow/.local/lib/python3.12/site-packages/airflow/example_dags/example_python_operator.py
[2025-09-16T23:46:23.737+0000] {processor.py:914} INFO - Processing file /home/airflow/.local/lib/python3.12/site-packages/airflow/example_dags/example_python_operator.py for tasks to queue
[2025-09-16T23:46:23.739+0000] {logging_mixin.py:190} INFO - [2025-09-16T23:46:23.738+0000] {dagbag.py:588} INFO - Filling up the DagBag from /home/airflow/.local/lib/python3.12/site-packages/airflow/example_dags/example_python_operator.py
[2025-09-16T23:46:23.745+0000] {processor.py:925} INFO - DAG(s) 'example_python_operator' retrieved from /home/airflow/.local/lib/python3.12/site-packages/airflow/example_dags/example_python_operator.py
[2025-09-16T23:46:23.757+0000] {logging_mixin.py:190} INFO - [2025-09-16T23:46:23.757+0000] {dag.py:3239} INFO - Sync 1 DAGs
[2025-09-16T23:46:23.765+0000] {logging_mixin.py:190} INFO - [2025-09-16T23:46:23.765+0000] {dag.py:4180} INFO - Setting next_dagrun for example_python_operator to None, run_after=None
[2025-09-16T23:46:23.773+0000] {processor.py:208} INFO - Processing /home/airflow/.local/lib/python3.12/site-packages/airflow/example_dags/example_python_operator.py took 0.040 seconds
[2025-09-16T23:46:54.302+0000] {processor.py:186} INFO - Started process (PID=774) to work on /home/airflow/.local/lib/python3.12/site-packages/airflow/example_dags/example_python_operator.py
[2025-09-16T23:46:54.303+0000] {processor.py:914} INFO - Processing file /home/airflow/.local/lib/python3.12/site-packages/airflow/example_dags/example_python_operator.py for tasks to queue
[2025-09-16T23:46:54.304+0000] {logging_mixin.py:190} INFO - [2025-09-16T23:46:54.304+0000] {dagbag.py:588} INFO - Filling up the DagBag from /home/airflow/.local/lib/python3.12/site-packages/airflow/example_dags/example_python_operator.py
[2025-09-16T23:46:54.311+0000] {processor.py:925} INFO - DAG(s) 'example_python_operator' retrieved from /home/airflow/.local/lib/python3.12/site-packages/airflow/example_dags/example_python_operator.py
[2025-09-16T23:46:54.321+0000] {logging_mixin.py:190} INFO - [2025-09-16T23:46:54.321+0000] {dag.py:3239} INFO - Sync 1 DAGs
[2025-09-16T23:46:54.328+0000] {logging_mixin.py:190} INFO - [2025-09-16T23:46:54.328+0000] {dag.py:4180} INFO - Setting next_dagrun for example_python_operator to None, run_after=None
[2025-09-16T23:46:54.335+0000] {processor.py:208} INFO - Processing /home/airflow/.local/lib/python3.12/site-packages/airflow/example_dags/example_python_operator.py took 0.036 seconds
[2025-09-16T23:47:25.065+0000] {processor.py:186} INFO - Started process (PID=837) to work on /home/airflow/.local/lib/python3.12/site-packages/airflow/example_dags/example_python_operator.py
[2025-09-16T23:47:25.065+0000] {processor.py:914} INFO - Processing file /home/airflow/.local/lib/python3.12/site-packages/airflow/example_dags/example_python_operator.py for tasks to queue
[2025-09-16T23:47:25.067+0000] {logging_mixin.py:190} INFO - [2025-09-16T23:47:25.067+0000] {dagbag.py:588} INFO - Filling up the DagBag from /home/airflow/.local/lib/python3.12/site-packages/airflow/example_dags/example_python_operator.py
[2025-09-16T23:47:25.078+0000] {processor.py:925} INFO - DAG(s) 'example_python_operator' retrieved from /home/airflow/.local/lib/python3.12/site-packages/airflow/example_dags/example_python_operator.py
[2025-09-16T23:47:25.091+0000] {logging_mixin.py:190} INFO - [2025-09-16T23:47:25.090+0000] {dag.py:3239} INFO - Sync 1 DAGs
[2025-09-16T23:47:25.099+0000] {logging_mixin.py:190} INFO - [2025-09-16T23:47:25.099+0000] {dag.py:4180} INFO - Setting next_dagrun for example_python_operator to None, run_after=None
[2025-09-16T23:47:25.109+0000] {processor.py:208} INFO - Processing /home/airflow/.local/lib/python3.12/site-packages/airflow/example_dags/example_python_operator.py took 0.048 seconds
[2025-09-16T23:47:55.703+0000] {processor.py:186} INFO - Started process (PID=900) to work on /home/airflow/.local/lib/python3.12/site-packages/airflow/example_dags/example_python_operator.py
[2025-09-16T23:47:55.703+0000] {processor.py:914} INFO - Processing file /home/airflow/.local/lib/python3.12/site-packages/airflow/example_dags/example_python_operator.py for tasks to queue
[2025-09-16T23:47:55.704+0000] {logging_mixin.py:190} INFO - [2025-09-16T23:47:55.704+0000] {dagbag.py:588} INFO - Filling up the DagBag from /home/airflow/.local/lib/python3.12/site-packages/airflow/example_dags/example_python_operator.py
[2025-09-16T23:47:55.711+0000] {processor.py:925} INFO - DAG(s) 'example_python_operator' retrieved from /home/airflow/.local/lib/python3.12/site-packages/airflow/example_dags/example_python_operator.py
[2025-09-16T23:47:55.722+0000] {logging_mixin.py:190} INFO - [2025-09-16T23:47:55.721+0000] {dag.py:3239} INFO - Sync 1 DAGs
[2025-09-16T23:47:55.728+0000] {logging_mixin.py:190} INFO - [2025-09-16T23:47:55.727+0000] {dag.py:4180} INFO - Setting next_dagrun for example_python_operator to None, run_after=None
[2025-09-16T23:47:55.735+0000] {processor.py:208} INFO - Processing /home/airflow/.local/lib/python3.12/site-packages/airflow/example_dags/example_python_operator.py took 0.036 seconds
[2025-09-16T23:48:26.601+0000] {processor.py:186} INFO - Started process (PID=963) to work on /home/airflow/.local/lib/python3.12/site-packages/airflow/example_dags/example_python_operator.py
[2025-09-16T23:48:26.603+0000] {processor.py:914} INFO - Processing file /home/airflow/.local/lib/python3.12/site-packages/airflow/example_dags/example_python_operator.py for tasks to queue
[2025-09-16T23:48:26.604+0000] {logging_mixin.py:190} INFO - [2025-09-16T23:48:26.604+0000] {dagbag.py:588} INFO - Filling up the DagBag from /home/airflow/.local/lib/python3.12/site-packages/airflow/example_dags/example_python_operator.py
[2025-09-16T23:48:26.611+0000] {processor.py:925} INFO - DAG(s) 'example_python_operator' retrieved from /home/airflow/.local/lib/python3.12/site-packages/airflow/example_dags/example_python_operator.py
[2025-09-16T23:48:26.623+0000] {logging_mixin.py:190} INFO - [2025-09-16T23:48:26.622+0000] {dag.py:3239} INFO - Sync 1 DAGs
[2025-09-16T23:48:26.630+0000] {logging_mixin.py:190} INFO - [2025-09-16T23:48:26.629+0000] {dag.py:4180} INFO - Setting next_dagrun for example_python_operator to None, run_after=None
[2025-09-16T23:48:26.637+0000] {processor.py:208} INFO - Processing /home/airflow/.local/lib/python3.12/site-packages/airflow/example_dags/example_python_operator.py took 0.040 seconds
[2025-09-16T23:48:57.478+0000] {processor.py:186} INFO - Started process (PID=1026) to work on /home/airflow/.local/lib/python3.12/site-packages/airflow/example_dags/example_python_operator.py
[2025-09-16T23:48:57.479+0000] {processor.py:914} INFO - Processing file /home/airflow/.local/lib/python3.12/site-packages/airflow/example_dags/example_python_operator.py for tasks to queue
[2025-09-16T23:48:57.481+0000] {logging_mixin.py:190} INFO - [2025-09-16T23:48:57.481+0000] {dagbag.py:588} INFO - Filling up the DagBag from /home/airflow/.local/lib/python3.12/site-packages/airflow/example_dags/example_python_operator.py
[2025-09-16T23:48:57.490+0000] {processor.py:925} INFO - DAG(s) 'example_python_operator' retrieved from /home/airflow/.local/lib/python3.12/site-packages/airflow/example_dags/example_python_operator.py
[2025-09-16T23:48:57.501+0000] {logging_mixin.py:190} INFO - [2025-09-16T23:48:57.501+0000] {dag.py:3239} INFO - Sync 1 DAGs
[2025-09-16T23:48:57.508+0000] {logging_mixin.py:190} INFO - [2025-09-16T23:48:57.508+0000] {dag.py:4180} INFO - Setting next_dagrun for example_python_operator to None, run_after=None
[2025-09-16T23:48:57.516+0000] {processor.py:208} INFO - Processing /home/airflow/.local/lib/python3.12/site-packages/airflow/example_dags/example_python_operator.py took 0.042 seconds
[2025-09-16T23:49:28.360+0000] {processor.py:186} INFO - Started process (PID=1089) to work on /home/airflow/.local/lib/python3.12/site-packages/airflow/example_dags/example_python_operator.py
[2025-09-16T23:49:28.362+0000] {processor.py:914} INFO - Processing file /home/airflow/.local/lib/python3.12/site-packages/airflow/example_dags/example_python_operator.py for tasks to queue
[2025-09-16T23:49:28.364+0000] {logging_mixin.py:190} INFO - [2025-09-16T23:49:28.364+0000] {dagbag.py:588} INFO - Filling up the DagBag from /home/airflow/.local/lib/python3.12/site-packages/airflow/example_dags/example_python_operator.py
[2025-09-16T23:49:28.374+0000] {processor.py:925} INFO - DAG(s) 'example_python_operator' retrieved from /home/airflow/.local/lib/python3.12/site-packages/airflow/example_dags/example_python_operator.py
[2025-09-16T23:49:28.386+0000] {logging_mixin.py:190} INFO - [2025-09-16T23:49:28.386+0000] {dag.py:3239} INFO - Sync 1 DAGs
[2025-09-16T23:49:28.394+0000] {logging_mixin.py:190} INFO - [2025-09-16T23:49:28.394+0000] {dag.py:4180} INFO - Setting next_dagrun for example_python_operator to None, run_after=None
[2025-09-16T23:49:28.403+0000] {processor.py:208} INFO - Processing /home/airflow/.local/lib/python3.12/site-packages/airflow/example_dags/example_python_operator.py took 0.047 seconds
[2025-09-16T23:49:58.833+0000] {processor.py:186} INFO - Started process (PID=1152) to work on /home/airflow/.local/lib/python3.12/site-packages/airflow/example_dags/example_python_operator.py
[2025-09-16T23:49:58.834+0000] {processor.py:914} INFO - Processing file /home/airflow/.local/lib/python3.12/site-packages/airflow/example_dags/example_python_operator.py for tasks to queue
[2025-09-16T23:49:58.836+0000] {logging_mixin.py:190} INFO - [2025-09-16T23:49:58.836+0000] {dagbag.py:588} INFO - Filling up the DagBag from /home/airflow/.local/lib/python3.12/site-packages/airflow/example_dags/example_python_operator.py
[2025-09-16T23:49:58.846+0000] {processor.py:925} INFO - DAG(s) 'example_python_operator' retrieved from /home/airflow/.local/lib/python3.12/site-packages/airflow/example_dags/example_python_operator.py
[2025-09-16T23:49:58.858+0000] {logging_mixin.py:190} INFO - [2025-09-16T23:49:58.858+0000] {dag.py:3239} INFO - Sync 1 DAGs
[2025-09-16T23:49:58.865+0000] {logging_mixin.py:190} INFO - [2025-09-16T23:49:58.865+0000] {dag.py:4180} INFO - Setting next_dagrun for example_python_operator to None, run_after=None
[2025-09-16T23:49:58.879+0000] {processor.py:208} INFO - Processing /home/airflow/.local/lib/python3.12/site-packages/airflow/example_dags/example_python_operator.py took 0.049 seconds
[2025-09-16T23:50:29.305+0000] {processor.py:186} INFO - Started process (PID=1215) to work on /home/airflow/.local/lib/python3.12/site-packages/airflow/example_dags/example_python_operator.py
[2025-09-16T23:50:29.306+0000] {processor.py:914} INFO - Processing file /home/airflow/.local/lib/python3.12/site-packages/airflow/example_dags/example_python_operator.py for tasks to queue
[2025-09-16T23:50:29.308+0000] {logging_mixin.py:190} INFO - [2025-09-16T23:50:29.308+0000] {dagbag.py:588} INFO - Filling up the DagBag from /home/airflow/.local/lib/python3.12/site-packages/airflow/example_dags/example_python_operator.py
[2025-09-16T23:50:29.318+0000] {processor.py:925} INFO - DAG(s) 'example_python_operator' retrieved from /home/airflow/.local/lib/python3.12/site-packages/airflow/example_dags/example_python_operator.py
[2025-09-16T23:50:29.331+0000] {logging_mixin.py:190} INFO - [2025-09-16T23:50:29.331+0000] {dag.py:3239} INFO - Sync 1 DAGs
[2025-09-16T23:50:29.338+0000] {logging_mixin.py:190} INFO - [2025-09-16T23:50:29.338+0000] {dag.py:4180} INFO - Setting next_dagrun for example_python_operator to None, run_after=None
[2025-09-16T23:50:29.346+0000] {processor.py:208} INFO - Processing /home/airflow/.local/lib/python3.12/site-packages/airflow/example_dags/example_python_operator.py took 0.045 seconds
[2025-09-16T23:50:59.449+0000] {processor.py:186} INFO - Started process (PID=1278) to work on /home/airflow/.local/lib/python3.12/site-packages/airflow/example_dags/example_python_operator.py
[2025-09-16T23:50:59.450+0000] {processor.py:914} INFO - Processing file /home/airflow/.local/lib/python3.12/site-packages/airflow/example_dags/example_python_operator.py for tasks to queue
[2025-09-16T23:50:59.452+0000] {logging_mixin.py:190} INFO - [2025-09-16T23:50:59.452+0000] {dagbag.py:588} INFO - Filling up the DagBag from /home/airflow/.local/lib/python3.12/site-packages/airflow/example_dags/example_python_operator.py
[2025-09-16T23:50:59.459+0000] {processor.py:925} INFO - DAG(s) 'example_python_operator' retrieved from /home/airflow/.local/lib/python3.12/site-packages/airflow/example_dags/example_python_operator.py
[2025-09-16T23:50:59.472+0000] {logging_mixin.py:190} INFO - [2025-09-16T23:50:59.472+0000] {dag.py:3239} INFO - Sync 1 DAGs
[2025-09-16T23:50:59.480+0000] {logging_mixin.py:190} INFO - [2025-09-16T23:50:59.479+0000] {dag.py:4180} INFO - Setting next_dagrun for example_python_operator to None, run_after=None
[2025-09-16T23:50:59.488+0000] {processor.py:208} INFO - Processing /home/airflow/.local/lib/python3.12/site-packages/airflow/example_dags/example_python_operator.py took 0.044 seconds
[2025-09-16T23:51:29.746+0000] {processor.py:186} INFO - Started process (PID=1341) to work on /home/airflow/.local/lib/python3.12/site-packages/airflow/example_dags/example_python_operator.py
[2025-09-16T23:51:29.747+0000] {processor.py:914} INFO - Processing file /home/airflow/.local/lib/python3.12/site-packages/airflow/example_dags/example_python_operator.py for tasks to queue
[2025-09-16T23:51:29.748+0000] {logging_mixin.py:190} INFO - [2025-09-16T23:51:29.748+0000] {dagbag.py:588} INFO - Filling up the DagBag from /home/airflow/.local/lib/python3.12/site-packages/airflow/example_dags/example_python_operator.py
[2025-09-16T23:51:29.756+0000] {processor.py:925} INFO - DAG(s) 'example_python_operator' retrieved from /home/airflow/.local/lib/python3.12/site-packages/airflow/example_dags/example_python_operator.py
[2025-09-16T23:51:29.768+0000] {logging_mixin.py:190} INFO - [2025-09-16T23:51:29.768+0000] {dag.py:3239} INFO - Sync 1 DAGs
[2025-09-16T23:51:29.775+0000] {logging_mixin.py:190} INFO - [2025-09-16T23:51:29.775+0000] {dag.py:4180} INFO - Setting next_dagrun for example_python_operator to None, run_after=None
[2025-09-16T23:51:29.783+0000] {processor.py:208} INFO - Processing /home/airflow/.local/lib/python3.12/site-packages/airflow/example_dags/example_python_operator.py took 0.040 seconds
[2025-09-16T23:52:00.294+0000] {processor.py:186} INFO - Started process (PID=1404) to work on /home/airflow/.local/lib/python3.12/site-packages/airflow/example_dags/example_python_operator.py
[2025-09-16T23:52:00.295+0000] {processor.py:914} INFO - Processing file /home/airflow/.local/lib/python3.12/site-packages/airflow/example_dags/example_python_operator.py for tasks to queue
[2025-09-16T23:52:00.296+0000] {logging_mixin.py:190} INFO - [2025-09-16T23:52:00.296+0000] {dagbag.py:588} INFO - Filling up the DagBag from /home/airflow/.local/lib/python3.12/site-packages/airflow/example_dags/example_python_operator.py
[2025-09-16T23:52:00.302+0000] {processor.py:925} INFO - DAG(s) 'example_python_operator' retrieved from /home/airflow/.local/lib/python3.12/site-packages/airflow/example_dags/example_python_operator.py
[2025-09-16T23:52:00.313+0000] {logging_mixin.py:190} INFO - [2025-09-16T23:52:00.313+0000] {dag.py:3239} INFO - Sync 1 DAGs
[2025-09-16T23:52:00.319+0000] {logging_mixin.py:190} INFO - [2025-09-16T23:52:00.319+0000] {dag.py:4180} INFO - Setting next_dagrun for example_python_operator to None, run_after=None
[2025-09-16T23:52:00.328+0000] {processor.py:208} INFO - Processing /home/airflow/.local/lib/python3.12/site-packages/airflow/example_dags/example_python_operator.py took 0.037 seconds
[2025-09-16T23:52:30.571+0000] {processor.py:186} INFO - Started process (PID=1467) to work on /home/airflow/.local/lib/python3.12/site-packages/airflow/example_dags/example_python_operator.py
[2025-09-16T23:52:30.572+0000] {processor.py:914} INFO - Processing file /home/airflow/.local/lib/python3.12/site-packages/airflow/example_dags/example_python_operator.py for tasks to queue
[2025-09-16T23:52:30.573+0000] {logging_mixin.py:190} INFO - [2025-09-16T23:52:30.573+0000] {dagbag.py:588} INFO - Filling up the DagBag from /home/airflow/.local/lib/python3.12/site-packages/airflow/example_dags/example_python_operator.py
[2025-09-16T23:52:30.581+0000] {processor.py:925} INFO - DAG(s) 'example_python_operator' retrieved from /home/airflow/.local/lib/python3.12/site-packages/airflow/example_dags/example_python_operator.py
[2025-09-16T23:52:30.593+0000] {logging_mixin.py:190} INFO - [2025-09-16T23:52:30.592+0000] {dag.py:3239} INFO - Sync 1 DAGs
[2025-09-16T23:52:30.600+0000] {logging_mixin.py:190} INFO - [2025-09-16T23:52:30.600+0000] {dag.py:4180} INFO - Setting next_dagrun for example_python_operator to None, run_after=None
[2025-09-16T23:52:30.611+0000] {processor.py:208} INFO - Processing /home/airflow/.local/lib/python3.12/site-packages/airflow/example_dags/example_python_operator.py took 0.044 seconds
[2025-09-16T23:53:00.992+0000] {processor.py:186} INFO - Started process (PID=1530) to work on /home/airflow/.local/lib/python3.12/site-packages/airflow/example_dags/example_python_operator.py
[2025-09-16T23:53:00.993+0000] {processor.py:914} INFO - Processing file /home/airflow/.local/lib/python3.12/site-packages/airflow/example_dags/example_python_operator.py for tasks to queue
[2025-09-16T23:53:00.996+0000] {logging_mixin.py:190} INFO - [2025-09-16T23:53:00.996+0000] {dagbag.py:588} INFO - Filling up the DagBag from /home/airflow/.local/lib/python3.12/site-packages/airflow/example_dags/example_python_operator.py
[2025-09-16T23:53:01.008+0000] {processor.py:925} INFO - DAG(s) 'example_python_operator' retrieved from /home/airflow/.local/lib/python3.12/site-packages/airflow/example_dags/example_python_operator.py
[2025-09-16T23:53:01.023+0000] {logging_mixin.py:190} INFO - [2025-09-16T23:53:01.023+0000] {dag.py:3239} INFO - Sync 1 DAGs
[2025-09-16T23:53:01.031+0000] {logging_mixin.py:190} INFO - [2025-09-16T23:53:01.030+0000] {dag.py:4180} INFO - Setting next_dagrun for example_python_operator to None, run_after=None
[2025-09-16T23:53:01.042+0000] {processor.py:208} INFO - Processing /home/airflow/.local/lib/python3.12/site-packages/airflow/example_dags/example_python_operator.py took 0.053 seconds
[2025-09-16T23:53:31.449+0000] {processor.py:186} INFO - Started process (PID=1593) to work on /home/airflow/.local/lib/python3.12/site-packages/airflow/example_dags/example_python_operator.py
[2025-09-16T23:53:31.450+0000] {processor.py:914} INFO - Processing file /home/airflow/.local/lib/python3.12/site-packages/airflow/example_dags/example_python_operator.py for tasks to queue
[2025-09-16T23:53:31.452+0000] {logging_mixin.py:190} INFO - [2025-09-16T23:53:31.452+0000] {dagbag.py:588} INFO - Filling up the DagBag from /home/airflow/.local/lib/python3.12/site-packages/airflow/example_dags/example_python_operator.py
[2025-09-16T23:53:31.460+0000] {processor.py:925} INFO - DAG(s) 'example_python_operator' retrieved from /home/airflow/.local/lib/python3.12/site-packages/airflow/example_dags/example_python_operator.py
[2025-09-16T23:53:31.472+0000] {logging_mixin.py:190} INFO - [2025-09-16T23:53:31.472+0000] {dag.py:3239} INFO - Sync 1 DAGs
[2025-09-16T23:53:31.479+0000] {logging_mixin.py:190} INFO - [2025-09-16T23:53:31.479+0000] {dag.py:4180} INFO - Setting next_dagrun for example_python_operator to None, run_after=None
[2025-09-16T23:53:31.488+0000] {processor.py:208} INFO - Processing /home/airflow/.local/lib/python3.12/site-packages/airflow/example_dags/example_python_operator.py took 0.043 seconds
[2025-09-16T23:54:01.825+0000] {processor.py:186} INFO - Started process (PID=1656) to work on /home/airflow/.local/lib/python3.12/site-packages/airflow/example_dags/example_python_operator.py
[2025-09-16T23:54:01.829+0000] {processor.py:914} INFO - Processing file /home/airflow/.local/lib/python3.12/site-packages/airflow/example_dags/example_python_operator.py for tasks to queue
[2025-09-16T23:54:01.834+0000] {logging_mixin.py:190} INFO - [2025-09-16T23:54:01.834+0000] {dagbag.py:588} INFO - Filling up the DagBag from /home/airflow/.local/lib/python3.12/site-packages/airflow/example_dags/example_python_operator.py
[2025-09-16T23:54:01.843+0000] {processor.py:925} INFO - DAG(s) 'example_python_operator' retrieved from /home/airflow/.local/lib/python3.12/site-packages/airflow/example_dags/example_python_operator.py
[2025-09-16T23:54:01.856+0000] {logging_mixin.py:190} INFO - [2025-09-16T23:54:01.856+0000] {dag.py:3239} INFO - Sync 1 DAGs
[2025-09-16T23:54:01.865+0000] {logging_mixin.py:190} INFO - [2025-09-16T23:54:01.865+0000] {dag.py:4180} INFO - Setting next_dagrun for example_python_operator to None, run_after=None
[2025-09-16T23:54:01.875+0000] {processor.py:208} INFO - Processing /home/airflow/.local/lib/python3.12/site-packages/airflow/example_dags/example_python_operator.py took 0.054 seconds
[2025-09-16T23:54:32.366+0000] {processor.py:186} INFO - Started process (PID=1719) to work on /home/airflow/.local/lib/python3.12/site-packages/airflow/example_dags/example_python_operator.py
[2025-09-16T23:54:32.369+0000] {processor.py:914} INFO - Processing file /home/airflow/.local/lib/python3.12/site-packages/airflow/example_dags/example_python_operator.py for tasks to queue
[2025-09-16T23:54:32.371+0000] {logging_mixin.py:190} INFO - [2025-09-16T23:54:32.371+0000] {dagbag.py:588} INFO - Filling up the DagBag from /home/airflow/.local/lib/python3.12/site-packages/airflow/example_dags/example_python_operator.py
[2025-09-16T23:54:32.378+0000] {processor.py:925} INFO - DAG(s) 'example_python_operator' retrieved from /home/airflow/.local/lib/python3.12/site-packages/airflow/example_dags/example_python_operator.py
[2025-09-16T23:54:32.414+0000] {logging_mixin.py:190} INFO - [2025-09-16T23:54:32.414+0000] {dag.py:3239} INFO - Sync 1 DAGs
[2025-09-16T23:54:32.423+0000] {logging_mixin.py:190} INFO - [2025-09-16T23:54:32.423+0000] {dag.py:4180} INFO - Setting next_dagrun for example_python_operator to None, run_after=None
[2025-09-16T23:54:32.444+0000] {processor.py:208} INFO - Processing /home/airflow/.local/lib/python3.12/site-packages/airflow/example_dags/example_python_operator.py took 0.081 seconds
[2025-09-16T23:55:03.056+0000] {processor.py:186} INFO - Started process (PID=1782) to work on /home/airflow/.local/lib/python3.12/site-packages/airflow/example_dags/example_python_operator.py
[2025-09-16T23:55:03.058+0000] {processor.py:914} INFO - Processing file /home/airflow/.local/lib/python3.12/site-packages/airflow/example_dags/example_python_operator.py for tasks to queue
[2025-09-16T23:55:03.059+0000] {logging_mixin.py:190} INFO - [2025-09-16T23:55:03.059+0000] {dagbag.py:588} INFO - Filling up the DagBag from /home/airflow/.local/lib/python3.12/site-packages/airflow/example_dags/example_python_operator.py
[2025-09-16T23:55:03.066+0000] {processor.py:925} INFO - DAG(s) 'example_python_operator' retrieved from /home/airflow/.local/lib/python3.12/site-packages/airflow/example_dags/example_python_operator.py
[2025-09-16T23:55:03.080+0000] {logging_mixin.py:190} INFO - [2025-09-16T23:55:03.080+0000] {dag.py:3239} INFO - Sync 1 DAGs
[2025-09-16T23:55:03.089+0000] {logging_mixin.py:190} INFO - [2025-09-16T23:55:03.089+0000] {dag.py:4180} INFO - Setting next_dagrun for example_python_operator to None, run_after=None
[2025-09-16T23:55:03.099+0000] {processor.py:208} INFO - Processing /home/airflow/.local/lib/python3.12/site-packages/airflow/example_dags/example_python_operator.py took 0.046 seconds
[2025-09-16T23:55:33.283+0000] {processor.py:186} INFO - Started process (PID=1845) to work on /home/airflow/.local/lib/python3.12/site-packages/airflow/example_dags/example_python_operator.py
[2025-09-16T23:55:33.284+0000] {processor.py:914} INFO - Processing file /home/airflow/.local/lib/python3.12/site-packages/airflow/example_dags/example_python_operator.py for tasks to queue
[2025-09-16T23:55:33.285+0000] {logging_mixin.py:190} INFO - [2025-09-16T23:55:33.285+0000] {dagbag.py:588} INFO - Filling up the DagBag from /home/airflow/.local/lib/python3.12/site-packages/airflow/example_dags/example_python_operator.py
[2025-09-16T23:55:33.293+0000] {processor.py:925} INFO - DAG(s) 'example_python_operator' retrieved from /home/airflow/.local/lib/python3.12/site-packages/airflow/example_dags/example_python_operator.py
[2025-09-16T23:55:33.306+0000] {logging_mixin.py:190} INFO - [2025-09-16T23:55:33.306+0000] {dag.py:3239} INFO - Sync 1 DAGs
[2025-09-16T23:55:33.314+0000] {logging_mixin.py:190} INFO - [2025-09-16T23:55:33.314+0000] {dag.py:4180} INFO - Setting next_dagrun for example_python_operator to None, run_after=None
[2025-09-16T23:55:33.323+0000] {processor.py:208} INFO - Processing /home/airflow/.local/lib/python3.12/site-packages/airflow/example_dags/example_python_operator.py took 0.044 seconds
[2025-09-16T23:56:03.404+0000] {processor.py:186} INFO - Started process (PID=1908) to work on /home/airflow/.local/lib/python3.12/site-packages/airflow/example_dags/example_python_operator.py
[2025-09-16T23:56:03.405+0000] {processor.py:914} INFO - Processing file /home/airflow/.local/lib/python3.12/site-packages/airflow/example_dags/example_python_operator.py for tasks to queue
[2025-09-16T23:56:03.407+0000] {logging_mixin.py:190} INFO - [2025-09-16T23:56:03.407+0000] {dagbag.py:588} INFO - Filling up the DagBag from /home/airflow/.local/lib/python3.12/site-packages/airflow/example_dags/example_python_operator.py
[2025-09-16T23:56:03.414+0000] {processor.py:925} INFO - DAG(s) 'example_python_operator' retrieved from /home/airflow/.local/lib/python3.12/site-packages/airflow/example_dags/example_python_operator.py
[2025-09-16T23:56:03.427+0000] {logging_mixin.py:190} INFO - [2025-09-16T23:56:03.427+0000] {dag.py:3239} INFO - Sync 1 DAGs
[2025-09-16T23:56:03.434+0000] {logging_mixin.py:190} INFO - [2025-09-16T23:56:03.434+0000] {dag.py:4180} INFO - Setting next_dagrun for example_python_operator to None, run_after=None
[2025-09-16T23:56:03.444+0000] {processor.py:208} INFO - Processing /home/airflow/.local/lib/python3.12/site-packages/airflow/example_dags/example_python_operator.py took 0.043 seconds
[2025-09-16T23:56:33.653+0000] {processor.py:186} INFO - Started process (PID=1971) to work on /home/airflow/.local/lib/python3.12/site-packages/airflow/example_dags/example_python_operator.py
[2025-09-16T23:56:33.654+0000] {processor.py:914} INFO - Processing file /home/airflow/.local/lib/python3.12/site-packages/airflow/example_dags/example_python_operator.py for tasks to queue
[2025-09-16T23:56:33.656+0000] {logging_mixin.py:190} INFO - [2025-09-16T23:56:33.655+0000] {dagbag.py:588} INFO - Filling up the DagBag from /home/airflow/.local/lib/python3.12/site-packages/airflow/example_dags/example_python_operator.py
[2025-09-16T23:56:33.662+0000] {processor.py:925} INFO - DAG(s) 'example_python_operator' retrieved from /home/airflow/.local/lib/python3.12/site-packages/airflow/example_dags/example_python_operator.py
[2025-09-16T23:56:33.677+0000] {logging_mixin.py:190} INFO - [2025-09-16T23:56:33.677+0000] {dag.py:3239} INFO - Sync 1 DAGs
[2025-09-16T23:56:33.686+0000] {logging_mixin.py:190} INFO - [2025-09-16T23:56:33.686+0000] {dag.py:4180} INFO - Setting next_dagrun for example_python_operator to None, run_after=None
[2025-09-16T23:56:33.698+0000] {processor.py:208} INFO - Processing /home/airflow/.local/lib/python3.12/site-packages/airflow/example_dags/example_python_operator.py took 0.048 seconds
[2025-09-16T23:57:03.772+0000] {processor.py:186} INFO - Started process (PID=2034) to work on /home/airflow/.local/lib/python3.12/site-packages/airflow/example_dags/example_python_operator.py
[2025-09-16T23:57:03.774+0000] {processor.py:914} INFO - Processing file /home/airflow/.local/lib/python3.12/site-packages/airflow/example_dags/example_python_operator.py for tasks to queue
[2025-09-16T23:57:03.776+0000] {logging_mixin.py:190} INFO - [2025-09-16T23:57:03.776+0000] {dagbag.py:588} INFO - Filling up the DagBag from /home/airflow/.local/lib/python3.12/site-packages/airflow/example_dags/example_python_operator.py
[2025-09-16T23:57:03.784+0000] {processor.py:925} INFO - DAG(s) 'example_python_operator' retrieved from /home/airflow/.local/lib/python3.12/site-packages/airflow/example_dags/example_python_operator.py
[2025-09-16T23:57:03.796+0000] {logging_mixin.py:190} INFO - [2025-09-16T23:57:03.796+0000] {dag.py:3239} INFO - Sync 1 DAGs
[2025-09-16T23:57:03.803+0000] {logging_mixin.py:190} INFO - [2025-09-16T23:57:03.802+0000] {dag.py:4180} INFO - Setting next_dagrun for example_python_operator to None, run_after=None
[2025-09-16T23:57:03.811+0000] {processor.py:208} INFO - Processing /home/airflow/.local/lib/python3.12/site-packages/airflow/example_dags/example_python_operator.py took 0.042 seconds
[2025-09-16T23:57:33.871+0000] {processor.py:186} INFO - Started process (PID=2097) to work on /home/airflow/.local/lib/python3.12/site-packages/airflow/example_dags/example_python_operator.py
[2025-09-16T23:57:33.872+0000] {processor.py:914} INFO - Processing file /home/airflow/.local/lib/python3.12/site-packages/airflow/example_dags/example_python_operator.py for tasks to queue
[2025-09-16T23:57:33.873+0000] {logging_mixin.py:190} INFO - [2025-09-16T23:57:33.873+0000] {dagbag.py:588} INFO - Filling up the DagBag from /home/airflow/.local/lib/python3.12/site-packages/airflow/example_dags/example_python_operator.py
[2025-09-16T23:57:33.879+0000] {processor.py:925} INFO - DAG(s) 'example_python_operator' retrieved from /home/airflow/.local/lib/python3.12/site-packages/airflow/example_dags/example_python_operator.py
[2025-09-16T23:57:33.889+0000] {logging_mixin.py:190} INFO - [2025-09-16T23:57:33.889+0000] {dag.py:3239} INFO - Sync 1 DAGs
[2025-09-16T23:57:33.895+0000] {logging_mixin.py:190} INFO - [2025-09-16T23:57:33.895+0000] {dag.py:4180} INFO - Setting next_dagrun for example_python_operator to None, run_after=None
[2025-09-16T23:57:33.902+0000] {processor.py:208} INFO - Processing /home/airflow/.local/lib/python3.12/site-packages/airflow/example_dags/example_python_operator.py took 0.034 seconds
[2025-09-16T23:58:03.939+0000] {processor.py:186} INFO - Started process (PID=2160) to work on /home/airflow/.local/lib/python3.12/site-packages/airflow/example_dags/example_python_operator.py
[2025-09-16T23:58:03.940+0000] {processor.py:914} INFO - Processing file /home/airflow/.local/lib/python3.12/site-packages/airflow/example_dags/example_python_operator.py for tasks to queue
[2025-09-16T23:58:03.941+0000] {logging_mixin.py:190} INFO - [2025-09-16T23:58:03.941+0000] {dagbag.py:588} INFO - Filling up the DagBag from /home/airflow/.local/lib/python3.12/site-packages/airflow/example_dags/example_python_operator.py
[2025-09-16T23:58:03.947+0000] {processor.py:925} INFO - DAG(s) 'example_python_operator' retrieved from /home/airflow/.local/lib/python3.12/site-packages/airflow/example_dags/example_python_operator.py
[2025-09-16T23:58:03.957+0000] {logging_mixin.py:190} INFO - [2025-09-16T23:58:03.957+0000] {dag.py:3239} INFO - Sync 1 DAGs
[2025-09-16T23:58:03.963+0000] {logging_mixin.py:190} INFO - [2025-09-16T23:58:03.963+0000] {dag.py:4180} INFO - Setting next_dagrun for example_python_operator to None, run_after=None
[2025-09-16T23:58:03.971+0000] {processor.py:208} INFO - Processing /home/airflow/.local/lib/python3.12/site-packages/airflow/example_dags/example_python_operator.py took 0.034 seconds
[2025-09-16T23:58:35.016+0000] {processor.py:186} INFO - Started process (PID=2223) to work on /home/airflow/.local/lib/python3.12/site-packages/airflow/example_dags/example_python_operator.py
[2025-09-16T23:58:35.017+0000] {processor.py:914} INFO - Processing file /home/airflow/.local/lib/python3.12/site-packages/airflow/example_dags/example_python_operator.py for tasks to queue
[2025-09-16T23:58:35.018+0000] {logging_mixin.py:190} INFO - [2025-09-16T23:58:35.018+0000] {dagbag.py:588} INFO - Filling up the DagBag from /home/airflow/.local/lib/python3.12/site-packages/airflow/example_dags/example_python_operator.py
[2025-09-16T23:58:35.025+0000] {processor.py:925} INFO - DAG(s) 'example_python_operator' retrieved from /home/airflow/.local/lib/python3.12/site-packages/airflow/example_dags/example_python_operator.py
[2025-09-16T23:58:35.036+0000] {logging_mixin.py:190} INFO - [2025-09-16T23:58:35.036+0000] {dag.py:3239} INFO - Sync 1 DAGs
[2025-09-16T23:58:35.045+0000] {logging_mixin.py:190} INFO - [2025-09-16T23:58:35.044+0000] {dag.py:4180} INFO - Setting next_dagrun for example_python_operator to None, run_after=None
[2025-09-16T23:58:35.056+0000] {processor.py:208} INFO - Processing /home/airflow/.local/lib/python3.12/site-packages/airflow/example_dags/example_python_operator.py took 0.043 seconds
[2025-09-16T23:59:06.060+0000] {processor.py:186} INFO - Started process (PID=2286) to work on /home/airflow/.local/lib/python3.12/site-packages/airflow/example_dags/example_python_operator.py
[2025-09-16T23:59:06.064+0000] {processor.py:914} INFO - Processing file /home/airflow/.local/lib/python3.12/site-packages/airflow/example_dags/example_python_operator.py for tasks to queue
[2025-09-16T23:59:06.065+0000] {logging_mixin.py:190} INFO - [2025-09-16T23:59:06.065+0000] {dagbag.py:588} INFO - Filling up the DagBag from /home/airflow/.local/lib/python3.12/site-packages/airflow/example_dags/example_python_operator.py
[2025-09-16T23:59:06.073+0000] {processor.py:925} INFO - DAG(s) 'example_python_operator' retrieved from /home/airflow/.local/lib/python3.12/site-packages/airflow/example_dags/example_python_operator.py
[2025-09-16T23:59:06.085+0000] {logging_mixin.py:190} INFO - [2025-09-16T23:59:06.084+0000] {dag.py:3239} INFO - Sync 1 DAGs
[2025-09-16T23:59:06.091+0000] {logging_mixin.py:190} INFO - [2025-09-16T23:59:06.091+0000] {dag.py:4180} INFO - Setting next_dagrun for example_python_operator to None, run_after=None
[2025-09-16T23:59:06.099+0000] {processor.py:208} INFO - Processing /home/airflow/.local/lib/python3.12/site-packages/airflow/example_dags/example_python_operator.py took 0.042 seconds
[2025-09-16T23:59:37.264+0000] {processor.py:186} INFO - Started process (PID=2349) to work on /home/airflow/.local/lib/python3.12/site-packages/airflow/example_dags/example_python_operator.py
[2025-09-16T23:59:37.265+0000] {processor.py:914} INFO - Processing file /home/airflow/.local/lib/python3.12/site-packages/airflow/example_dags/example_python_operator.py for tasks to queue
[2025-09-16T23:59:37.266+0000] {logging_mixin.py:190} INFO - [2025-09-16T23:59:37.266+0000] {dagbag.py:588} INFO - Filling up the DagBag from /home/airflow/.local/lib/python3.12/site-packages/airflow/example_dags/example_python_operator.py
[2025-09-16T23:59:37.272+0000] {processor.py:925} INFO - DAG(s) 'example_python_operator' retrieved from /home/airflow/.local/lib/python3.12/site-packages/airflow/example_dags/example_python_operator.py
[2025-09-16T23:59:37.288+0000] {logging_mixin.py:190} INFO - [2025-09-16T23:59:37.288+0000] {dag.py:3239} INFO - Sync 1 DAGs
[2025-09-16T23:59:37.295+0000] {logging_mixin.py:190} INFO - [2025-09-16T23:59:37.295+0000] {dag.py:4180} INFO - Setting next_dagrun for example_python_operator to None, run_after=None
[2025-09-16T23:59:37.307+0000] {processor.py:208} INFO - Processing /home/airflow/.local/lib/python3.12/site-packages/airflow/example_dags/example_python_operator.py took 0.047 seconds
