[2025-09-16T23:41:20.913+0000] {processor.py:186} INFO - Started process (PID=108) to work on /home/airflow/.local/lib/python3.12/site-packages/airflow/example_dags/example_inlet_event_extra.py
[2025-09-16T23:41:20.914+0000] {processor.py:914} INFO - Processing file /home/airflow/.local/lib/python3.12/site-packages/airflow/example_dags/example_inlet_event_extra.py for tasks to queue
[2025-09-16T23:41:20.916+0000] {logging_mixin.py:190} INFO - [2025-09-16T23:41:20.916+0000] {dagbag.py:588} INFO - Filling up the DagBag from /home/airflow/.local/lib/python3.12/site-packages/airflow/example_dags/example_inlet_event_extra.py
[2025-09-16T23:41:21.292+0000] {processor.py:925} INFO - DAG(s) 'read_dataset_event', 'read_dataset_event_from_classic' retrieved from /home/airflow/.local/lib/python3.12/site-packages/airflow/example_dags/example_inlet_event_extra.py
[2025-09-16T23:41:21.369+0000] {logging_mixin.py:190} INFO - [2025-09-16T23:41:21.368+0000] {override.py:1911} INFO - Created Permission View: can edit on DAG:read_dataset_event
[2025-09-16T23:41:21.378+0000] {logging_mixin.py:190} INFO - [2025-09-16T23:41:21.377+0000] {override.py:1911} INFO - Created Permission View: can delete on DAG:read_dataset_event
[2025-09-16T23:41:21.384+0000] {logging_mixin.py:190} INFO - [2025-09-16T23:41:21.384+0000] {override.py:1911} INFO - Created Permission View: can read on DAG:read_dataset_event
[2025-09-16T23:41:21.387+0000] {logging_mixin.py:190} INFO - [2025-09-16T23:41:21.387+0000] {override.py:1911} INFO - Created Permission View: menu access on DAG Run:read_dataset_event
[2025-09-16T23:41:21.389+0000] {logging_mixin.py:190} INFO - [2025-09-16T23:41:21.389+0000] {override.py:1911} INFO - Created Permission View: can create on DAG Run:read_dataset_event
[2025-09-16T23:41:21.392+0000] {logging_mixin.py:190} INFO - [2025-09-16T23:41:21.392+0000] {override.py:1911} INFO - Created Permission View: can delete on DAG Run:read_dataset_event
[2025-09-16T23:41:21.394+0000] {logging_mixin.py:190} INFO - [2025-09-16T23:41:21.394+0000] {override.py:1911} INFO - Created Permission View: can read on DAG Run:read_dataset_event
[2025-09-16T23:41:21.399+0000] {logging_mixin.py:190} INFO - [2025-09-16T23:41:21.399+0000] {override.py:1911} INFO - Created Permission View: can edit on DAG:read_dataset_event_from_classic
[2025-09-16T23:41:21.402+0000] {logging_mixin.py:190} INFO - [2025-09-16T23:41:21.402+0000] {override.py:1911} INFO - Created Permission View: can delete on DAG:read_dataset_event_from_classic
[2025-09-16T23:41:21.405+0000] {logging_mixin.py:190} INFO - [2025-09-16T23:41:21.404+0000] {override.py:1911} INFO - Created Permission View: can read on DAG:read_dataset_event_from_classic
[2025-09-16T23:41:21.408+0000] {logging_mixin.py:190} INFO - [2025-09-16T23:41:21.408+0000] {override.py:1911} INFO - Created Permission View: menu access on DAG Run:read_dataset_event_from_classic
[2025-09-16T23:41:21.410+0000] {logging_mixin.py:190} INFO - [2025-09-16T23:41:21.410+0000] {override.py:1911} INFO - Created Permission View: can create on DAG Run:read_dataset_event_from_classic
[2025-09-16T23:41:21.413+0000] {logging_mixin.py:190} INFO - [2025-09-16T23:41:21.412+0000] {override.py:1911} INFO - Created Permission View: can delete on DAG Run:read_dataset_event_from_classic
[2025-09-16T23:41:21.415+0000] {logging_mixin.py:190} INFO - [2025-09-16T23:41:21.414+0000] {override.py:1911} INFO - Created Permission View: can read on DAG Run:read_dataset_event_from_classic
[2025-09-16T23:41:21.415+0000] {logging_mixin.py:190} INFO - [2025-09-16T23:41:21.415+0000] {dag.py:3239} INFO - Sync 2 DAGs
[2025-09-16T23:41:21.421+0000] {logging_mixin.py:190} INFO - [2025-09-16T23:41:21.420+0000] {dag.py:3262} INFO - Creating ORM DAG for read_dataset_event_from_classic
[2025-09-16T23:41:21.421+0000] {logging_mixin.py:190} INFO - [2025-09-16T23:41:21.421+0000] {dag.py:3262} INFO - Creating ORM DAG for read_dataset_event
[2025-09-16T23:41:21.426+0000] {logging_mixin.py:190} INFO - [2025-09-16T23:41:21.426+0000] {dag.py:4180} INFO - Setting next_dagrun for read_dataset_event to 2025-09-15 00:00:00+00:00, run_after=2025-09-16 00:00:00+00:00
[2025-09-16T23:41:21.427+0000] {logging_mixin.py:190} INFO - [2025-09-16T23:41:21.427+0000] {dag.py:4180} INFO - Setting next_dagrun for read_dataset_event_from_classic to 2025-09-15 00:00:00+00:00, run_after=2025-09-16 00:00:00+00:00
[2025-09-16T23:41:21.435+0000] {processor.py:208} INFO - Processing /home/airflow/.local/lib/python3.12/site-packages/airflow/example_dags/example_inlet_event_extra.py took 0.526 seconds
[2025-09-16T23:41:51.719+0000] {processor.py:186} INFO - Started process (PID=174) to work on /home/airflow/.local/lib/python3.12/site-packages/airflow/example_dags/example_inlet_event_extra.py
[2025-09-16T23:41:51.720+0000] {processor.py:914} INFO - Processing file /home/airflow/.local/lib/python3.12/site-packages/airflow/example_dags/example_inlet_event_extra.py for tasks to queue
[2025-09-16T23:41:51.722+0000] {logging_mixin.py:190} INFO - [2025-09-16T23:41:51.722+0000] {dagbag.py:588} INFO - Filling up the DagBag from /home/airflow/.local/lib/python3.12/site-packages/airflow/example_dags/example_inlet_event_extra.py
[2025-09-16T23:41:51.994+0000] {processor.py:925} INFO - DAG(s) 'read_dataset_event', 'read_dataset_event_from_classic' retrieved from /home/airflow/.local/lib/python3.12/site-packages/airflow/example_dags/example_inlet_event_extra.py
[2025-09-16T23:41:52.002+0000] {logging_mixin.py:190} INFO - [2025-09-16T23:41:52.002+0000] {dag.py:3239} INFO - Sync 2 DAGs
[2025-09-16T23:41:52.012+0000] {logging_mixin.py:190} INFO - [2025-09-16T23:41:52.012+0000] {dag.py:4180} INFO - Setting next_dagrun for read_dataset_event to 2025-09-15 00:00:00+00:00, run_after=2025-09-16 00:00:00+00:00
[2025-09-16T23:41:52.014+0000] {logging_mixin.py:190} INFO - [2025-09-16T23:41:52.014+0000] {dag.py:4180} INFO - Setting next_dagrun for read_dataset_event_from_classic to 2025-09-15 00:00:00+00:00, run_after=2025-09-16 00:00:00+00:00
[2025-09-16T23:41:52.020+0000] {processor.py:208} INFO - Processing /home/airflow/.local/lib/python3.12/site-packages/airflow/example_dags/example_inlet_event_extra.py took 0.303 seconds
[2025-09-16T23:42:22.647+0000] {processor.py:186} INFO - Started process (PID=234) to work on /home/airflow/.local/lib/python3.12/site-packages/airflow/example_dags/example_inlet_event_extra.py
[2025-09-16T23:42:22.647+0000] {processor.py:914} INFO - Processing file /home/airflow/.local/lib/python3.12/site-packages/airflow/example_dags/example_inlet_event_extra.py for tasks to queue
[2025-09-16T23:42:22.649+0000] {logging_mixin.py:190} INFO - [2025-09-16T23:42:22.649+0000] {dagbag.py:588} INFO - Filling up the DagBag from /home/airflow/.local/lib/python3.12/site-packages/airflow/example_dags/example_inlet_event_extra.py
[2025-09-16T23:42:22.991+0000] {processor.py:925} INFO - DAG(s) 'read_dataset_event', 'read_dataset_event_from_classic' retrieved from /home/airflow/.local/lib/python3.12/site-packages/airflow/example_dags/example_inlet_event_extra.py
[2025-09-16T23:42:23.000+0000] {logging_mixin.py:190} INFO - [2025-09-16T23:42:22.999+0000] {dag.py:3239} INFO - Sync 2 DAGs
[2025-09-16T23:42:23.009+0000] {logging_mixin.py:190} INFO - [2025-09-16T23:42:23.009+0000] {dag.py:4180} INFO - Setting next_dagrun for read_dataset_event to 2025-09-15 00:00:00+00:00, run_after=2025-09-16 00:00:00+00:00
[2025-09-16T23:42:23.011+0000] {logging_mixin.py:190} INFO - [2025-09-16T23:42:23.011+0000] {dag.py:4180} INFO - Setting next_dagrun for read_dataset_event_from_classic to 2025-09-15 00:00:00+00:00, run_after=2025-09-16 00:00:00+00:00
[2025-09-16T23:42:23.017+0000] {processor.py:208} INFO - Processing /home/airflow/.local/lib/python3.12/site-packages/airflow/example_dags/example_inlet_event_extra.py took 0.374 seconds
[2025-09-16T23:42:53.549+0000] {processor.py:186} INFO - Started process (PID=297) to work on /home/airflow/.local/lib/python3.12/site-packages/airflow/example_dags/example_inlet_event_extra.py
[2025-09-16T23:42:53.555+0000] {processor.py:914} INFO - Processing file /home/airflow/.local/lib/python3.12/site-packages/airflow/example_dags/example_inlet_event_extra.py for tasks to queue
[2025-09-16T23:42:53.562+0000] {logging_mixin.py:190} INFO - [2025-09-16T23:42:53.561+0000] {dagbag.py:588} INFO - Filling up the DagBag from /home/airflow/.local/lib/python3.12/site-packages/airflow/example_dags/example_inlet_event_extra.py
[2025-09-16T23:42:53.934+0000] {processor.py:925} INFO - DAG(s) 'read_dataset_event_from_classic', 'read_dataset_event' retrieved from /home/airflow/.local/lib/python3.12/site-packages/airflow/example_dags/example_inlet_event_extra.py
[2025-09-16T23:42:53.947+0000] {logging_mixin.py:190} INFO - [2025-09-16T23:42:53.947+0000] {dag.py:3239} INFO - Sync 2 DAGs
[2025-09-16T23:42:53.964+0000] {logging_mixin.py:190} INFO - [2025-09-16T23:42:53.964+0000] {dag.py:4180} INFO - Setting next_dagrun for read_dataset_event to 2025-09-15 00:00:00+00:00, run_after=2025-09-16 00:00:00+00:00
[2025-09-16T23:42:53.966+0000] {logging_mixin.py:190} INFO - [2025-09-16T23:42:53.966+0000] {dag.py:4180} INFO - Setting next_dagrun for read_dataset_event_from_classic to 2025-09-15 00:00:00+00:00, run_after=2025-09-16 00:00:00+00:00
[2025-09-16T23:42:53.973+0000] {processor.py:208} INFO - Processing /home/airflow/.local/lib/python3.12/site-packages/airflow/example_dags/example_inlet_event_extra.py took 0.428 seconds
[2025-09-16T23:43:24.386+0000] {processor.py:186} INFO - Started process (PID=365) to work on /home/airflow/.local/lib/python3.12/site-packages/airflow/example_dags/example_inlet_event_extra.py
[2025-09-16T23:43:24.387+0000] {processor.py:914} INFO - Processing file /home/airflow/.local/lib/python3.12/site-packages/airflow/example_dags/example_inlet_event_extra.py for tasks to queue
[2025-09-16T23:43:24.388+0000] {logging_mixin.py:190} INFO - [2025-09-16T23:43:24.388+0000] {dagbag.py:588} INFO - Filling up the DagBag from /home/airflow/.local/lib/python3.12/site-packages/airflow/example_dags/example_inlet_event_extra.py
[2025-09-16T23:43:24.689+0000] {processor.py:925} INFO - DAG(s) 'read_dataset_event_from_classic', 'read_dataset_event' retrieved from /home/airflow/.local/lib/python3.12/site-packages/airflow/example_dags/example_inlet_event_extra.py
[2025-09-16T23:43:24.698+0000] {logging_mixin.py:190} INFO - [2025-09-16T23:43:24.698+0000] {dag.py:3239} INFO - Sync 2 DAGs
[2025-09-16T23:43:24.708+0000] {logging_mixin.py:190} INFO - [2025-09-16T23:43:24.707+0000] {dag.py:4180} INFO - Setting next_dagrun for read_dataset_event to 2025-09-15 00:00:00+00:00, run_after=2025-09-16 00:00:00+00:00
[2025-09-16T23:43:24.710+0000] {logging_mixin.py:190} INFO - [2025-09-16T23:43:24.710+0000] {dag.py:4180} INFO - Setting next_dagrun for read_dataset_event_from_classic to 2025-09-15 00:00:00+00:00, run_after=2025-09-16 00:00:00+00:00
[2025-09-16T23:43:24.716+0000] {processor.py:208} INFO - Processing /home/airflow/.local/lib/python3.12/site-packages/airflow/example_dags/example_inlet_event_extra.py took 0.334 seconds
[2025-09-16T23:43:54.736+0000] {processor.py:186} INFO - Started process (PID=422) to work on /home/airflow/.local/lib/python3.12/site-packages/airflow/example_dags/example_inlet_event_extra.py
[2025-09-16T23:43:54.737+0000] {processor.py:914} INFO - Processing file /home/airflow/.local/lib/python3.12/site-packages/airflow/example_dags/example_inlet_event_extra.py for tasks to queue
[2025-09-16T23:43:54.739+0000] {logging_mixin.py:190} INFO - [2025-09-16T23:43:54.738+0000] {dagbag.py:588} INFO - Filling up the DagBag from /home/airflow/.local/lib/python3.12/site-packages/airflow/example_dags/example_inlet_event_extra.py
[2025-09-16T23:43:55.171+0000] {processor.py:925} INFO - DAG(s) 'read_dataset_event', 'read_dataset_event_from_classic' retrieved from /home/airflow/.local/lib/python3.12/site-packages/airflow/example_dags/example_inlet_event_extra.py
[2025-09-16T23:43:55.181+0000] {logging_mixin.py:190} INFO - [2025-09-16T23:43:55.181+0000] {dag.py:3239} INFO - Sync 2 DAGs
[2025-09-16T23:43:55.197+0000] {logging_mixin.py:190} INFO - [2025-09-16T23:43:55.197+0000] {dag.py:4180} INFO - Setting next_dagrun for read_dataset_event to 2025-09-15 00:00:00+00:00, run_after=2025-09-16 00:00:00+00:00
[2025-09-16T23:43:55.200+0000] {logging_mixin.py:190} INFO - [2025-09-16T23:43:55.200+0000] {dag.py:4180} INFO - Setting next_dagrun for read_dataset_event_from_classic to 2025-09-15 00:00:00+00:00, run_after=2025-09-16 00:00:00+00:00
[2025-09-16T23:43:55.207+0000] {processor.py:208} INFO - Processing /home/airflow/.local/lib/python3.12/site-packages/airflow/example_dags/example_inlet_event_extra.py took 0.478 seconds
[2025-09-16T23:44:25.436+0000] {processor.py:186} INFO - Started process (PID=490) to work on /home/airflow/.local/lib/python3.12/site-packages/airflow/example_dags/example_inlet_event_extra.py
[2025-09-16T23:44:25.438+0000] {processor.py:914} INFO - Processing file /home/airflow/.local/lib/python3.12/site-packages/airflow/example_dags/example_inlet_event_extra.py for tasks to queue
[2025-09-16T23:44:25.439+0000] {logging_mixin.py:190} INFO - [2025-09-16T23:44:25.439+0000] {dagbag.py:588} INFO - Filling up the DagBag from /home/airflow/.local/lib/python3.12/site-packages/airflow/example_dags/example_inlet_event_extra.py
[2025-09-16T23:44:25.879+0000] {processor.py:925} INFO - DAG(s) 'read_dataset_event_from_classic', 'read_dataset_event' retrieved from /home/airflow/.local/lib/python3.12/site-packages/airflow/example_dags/example_inlet_event_extra.py
[2025-09-16T23:44:25.888+0000] {logging_mixin.py:190} INFO - [2025-09-16T23:44:25.888+0000] {dag.py:3239} INFO - Sync 2 DAGs
[2025-09-16T23:44:25.905+0000] {logging_mixin.py:190} INFO - [2025-09-16T23:44:25.905+0000] {dag.py:4180} INFO - Setting next_dagrun for read_dataset_event to 2025-09-15 00:00:00+00:00, run_after=2025-09-16 00:00:00+00:00
[2025-09-16T23:44:25.907+0000] {logging_mixin.py:190} INFO - [2025-09-16T23:44:25.907+0000] {dag.py:4180} INFO - Setting next_dagrun for read_dataset_event_from_classic to 2025-09-15 00:00:00+00:00, run_after=2025-09-16 00:00:00+00:00
[2025-09-16T23:44:25.914+0000] {processor.py:208} INFO - Processing /home/airflow/.local/lib/python3.12/site-packages/airflow/example_dags/example_inlet_event_extra.py took 0.487 seconds
[2025-09-16T23:44:56.657+0000] {processor.py:186} INFO - Started process (PID=553) to work on /home/airflow/.local/lib/python3.12/site-packages/airflow/example_dags/example_inlet_event_extra.py
[2025-09-16T23:44:56.661+0000] {processor.py:914} INFO - Processing file /home/airflow/.local/lib/python3.12/site-packages/airflow/example_dags/example_inlet_event_extra.py for tasks to queue
[2025-09-16T23:44:56.664+0000] {logging_mixin.py:190} INFO - [2025-09-16T23:44:56.664+0000] {dagbag.py:588} INFO - Filling up the DagBag from /home/airflow/.local/lib/python3.12/site-packages/airflow/example_dags/example_inlet_event_extra.py
[2025-09-16T23:44:57.054+0000] {processor.py:925} INFO - DAG(s) 'read_dataset_event', 'read_dataset_event_from_classic' retrieved from /home/airflow/.local/lib/python3.12/site-packages/airflow/example_dags/example_inlet_event_extra.py
[2025-09-16T23:44:57.070+0000] {logging_mixin.py:190} INFO - [2025-09-16T23:44:57.069+0000] {dag.py:3239} INFO - Sync 2 DAGs
[2025-09-16T23:44:57.083+0000] {logging_mixin.py:190} INFO - [2025-09-16T23:44:57.083+0000] {dag.py:4180} INFO - Setting next_dagrun for read_dataset_event to 2025-09-15 00:00:00+00:00, run_after=2025-09-16 00:00:00+00:00
[2025-09-16T23:44:57.087+0000] {logging_mixin.py:190} INFO - [2025-09-16T23:44:57.087+0000] {dag.py:4180} INFO - Setting next_dagrun for read_dataset_event_from_classic to 2025-09-15 00:00:00+00:00, run_after=2025-09-16 00:00:00+00:00
[2025-09-16T23:44:57.098+0000] {processor.py:208} INFO - Processing /home/airflow/.local/lib/python3.12/site-packages/airflow/example_dags/example_inlet_event_extra.py took 0.447 seconds
[2025-09-16T23:45:27.283+0000] {processor.py:186} INFO - Started process (PID=616) to work on /home/airflow/.local/lib/python3.12/site-packages/airflow/example_dags/example_inlet_event_extra.py
[2025-09-16T23:45:27.285+0000] {processor.py:914} INFO - Processing file /home/airflow/.local/lib/python3.12/site-packages/airflow/example_dags/example_inlet_event_extra.py for tasks to queue
[2025-09-16T23:45:27.290+0000] {logging_mixin.py:190} INFO - [2025-09-16T23:45:27.290+0000] {dagbag.py:588} INFO - Filling up the DagBag from /home/airflow/.local/lib/python3.12/site-packages/airflow/example_dags/example_inlet_event_extra.py
[2025-09-16T23:45:27.742+0000] {processor.py:925} INFO - DAG(s) 'read_dataset_event_from_classic', 'read_dataset_event' retrieved from /home/airflow/.local/lib/python3.12/site-packages/airflow/example_dags/example_inlet_event_extra.py
[2025-09-16T23:45:27.758+0000] {logging_mixin.py:190} INFO - [2025-09-16T23:45:27.758+0000] {dag.py:3239} INFO - Sync 2 DAGs
[2025-09-16T23:45:27.774+0000] {logging_mixin.py:190} INFO - [2025-09-16T23:45:27.774+0000] {dag.py:4180} INFO - Setting next_dagrun for read_dataset_event to 2025-09-15 00:00:00+00:00, run_after=2025-09-16 00:00:00+00:00
[2025-09-16T23:45:27.776+0000] {logging_mixin.py:190} INFO - [2025-09-16T23:45:27.776+0000] {dag.py:4180} INFO - Setting next_dagrun for read_dataset_event_from_classic to 2025-09-15 00:00:00+00:00, run_after=2025-09-16 00:00:00+00:00
[2025-09-16T23:45:27.786+0000] {processor.py:208} INFO - Processing /home/airflow/.local/lib/python3.12/site-packages/airflow/example_dags/example_inlet_event_extra.py took 0.509 seconds
[2025-09-16T23:45:58.053+0000] {processor.py:186} INFO - Started process (PID=679) to work on /home/airflow/.local/lib/python3.12/site-packages/airflow/example_dags/example_inlet_event_extra.py
[2025-09-16T23:45:58.055+0000] {processor.py:914} INFO - Processing file /home/airflow/.local/lib/python3.12/site-packages/airflow/example_dags/example_inlet_event_extra.py for tasks to queue
[2025-09-16T23:45:58.059+0000] {logging_mixin.py:190} INFO - [2025-09-16T23:45:58.059+0000] {dagbag.py:588} INFO - Filling up the DagBag from /home/airflow/.local/lib/python3.12/site-packages/airflow/example_dags/example_inlet_event_extra.py
[2025-09-16T23:45:58.408+0000] {processor.py:925} INFO - DAG(s) 'read_dataset_event_from_classic', 'read_dataset_event' retrieved from /home/airflow/.local/lib/python3.12/site-packages/airflow/example_dags/example_inlet_event_extra.py
[2025-09-16T23:45:58.421+0000] {logging_mixin.py:190} INFO - [2025-09-16T23:45:58.421+0000] {dag.py:3239} INFO - Sync 2 DAGs
[2025-09-16T23:45:58.432+0000] {logging_mixin.py:190} INFO - [2025-09-16T23:45:58.432+0000] {dag.py:4180} INFO - Setting next_dagrun for read_dataset_event to 2025-09-15 00:00:00+00:00, run_after=2025-09-16 00:00:00+00:00
[2025-09-16T23:45:58.434+0000] {logging_mixin.py:190} INFO - [2025-09-16T23:45:58.434+0000] {dag.py:4180} INFO - Setting next_dagrun for read_dataset_event_from_classic to 2025-09-15 00:00:00+00:00, run_after=2025-09-16 00:00:00+00:00
[2025-09-16T23:45:58.442+0000] {processor.py:208} INFO - Processing /home/airflow/.local/lib/python3.12/site-packages/airflow/example_dags/example_inlet_event_extra.py took 0.395 seconds
[2025-09-16T23:46:28.663+0000] {processor.py:186} INFO - Started process (PID=742) to work on /home/airflow/.local/lib/python3.12/site-packages/airflow/example_dags/example_inlet_event_extra.py
[2025-09-16T23:46:28.666+0000] {processor.py:914} INFO - Processing file /home/airflow/.local/lib/python3.12/site-packages/airflow/example_dags/example_inlet_event_extra.py for tasks to queue
[2025-09-16T23:46:28.669+0000] {logging_mixin.py:190} INFO - [2025-09-16T23:46:28.668+0000] {dagbag.py:588} INFO - Filling up the DagBag from /home/airflow/.local/lib/python3.12/site-packages/airflow/example_dags/example_inlet_event_extra.py
[2025-09-16T23:46:29.078+0000] {processor.py:925} INFO - DAG(s) 'read_dataset_event_from_classic', 'read_dataset_event' retrieved from /home/airflow/.local/lib/python3.12/site-packages/airflow/example_dags/example_inlet_event_extra.py
[2025-09-16T23:46:29.091+0000] {logging_mixin.py:190} INFO - [2025-09-16T23:46:29.091+0000] {dag.py:3239} INFO - Sync 2 DAGs
[2025-09-16T23:46:29.103+0000] {logging_mixin.py:190} INFO - [2025-09-16T23:46:29.103+0000] {dag.py:4180} INFO - Setting next_dagrun for read_dataset_event to 2025-09-15 00:00:00+00:00, run_after=2025-09-16 00:00:00+00:00
[2025-09-16T23:46:29.106+0000] {logging_mixin.py:190} INFO - [2025-09-16T23:46:29.106+0000] {dag.py:4180} INFO - Setting next_dagrun for read_dataset_event_from_classic to 2025-09-15 00:00:00+00:00, run_after=2025-09-16 00:00:00+00:00
[2025-09-16T23:46:29.114+0000] {processor.py:208} INFO - Processing /home/airflow/.local/lib/python3.12/site-packages/airflow/example_dags/example_inlet_event_extra.py took 0.458 seconds
[2025-09-16T23:46:59.316+0000] {processor.py:186} INFO - Started process (PID=805) to work on /home/airflow/.local/lib/python3.12/site-packages/airflow/example_dags/example_inlet_event_extra.py
[2025-09-16T23:46:59.318+0000] {processor.py:914} INFO - Processing file /home/airflow/.local/lib/python3.12/site-packages/airflow/example_dags/example_inlet_event_extra.py for tasks to queue
[2025-09-16T23:46:59.320+0000] {logging_mixin.py:190} INFO - [2025-09-16T23:46:59.320+0000] {dagbag.py:588} INFO - Filling up the DagBag from /home/airflow/.local/lib/python3.12/site-packages/airflow/example_dags/example_inlet_event_extra.py
[2025-09-16T23:46:59.803+0000] {processor.py:925} INFO - DAG(s) 'read_dataset_event', 'read_dataset_event_from_classic' retrieved from /home/airflow/.local/lib/python3.12/site-packages/airflow/example_dags/example_inlet_event_extra.py
[2025-09-16T23:46:59.823+0000] {logging_mixin.py:190} INFO - [2025-09-16T23:46:59.823+0000] {dag.py:3239} INFO - Sync 2 DAGs
[2025-09-16T23:46:59.838+0000] {logging_mixin.py:190} INFO - [2025-09-16T23:46:59.838+0000] {dag.py:4180} INFO - Setting next_dagrun for read_dataset_event to 2025-09-15 00:00:00+00:00, run_after=2025-09-16 00:00:00+00:00
[2025-09-16T23:46:59.841+0000] {logging_mixin.py:190} INFO - [2025-09-16T23:46:59.841+0000] {dag.py:4180} INFO - Setting next_dagrun for read_dataset_event_from_classic to 2025-09-15 00:00:00+00:00, run_after=2025-09-16 00:00:00+00:00
[2025-09-16T23:46:59.850+0000] {processor.py:208} INFO - Processing /home/airflow/.local/lib/python3.12/site-packages/airflow/example_dags/example_inlet_event_extra.py took 0.540 seconds
[2025-09-16T23:47:29.910+0000] {processor.py:186} INFO - Started process (PID=868) to work on /home/airflow/.local/lib/python3.12/site-packages/airflow/example_dags/example_inlet_event_extra.py
[2025-09-16T23:47:29.913+0000] {processor.py:914} INFO - Processing file /home/airflow/.local/lib/python3.12/site-packages/airflow/example_dags/example_inlet_event_extra.py for tasks to queue
[2025-09-16T23:47:29.915+0000] {logging_mixin.py:190} INFO - [2025-09-16T23:47:29.915+0000] {dagbag.py:588} INFO - Filling up the DagBag from /home/airflow/.local/lib/python3.12/site-packages/airflow/example_dags/example_inlet_event_extra.py
[2025-09-16T23:47:30.270+0000] {processor.py:925} INFO - DAG(s) 'read_dataset_event_from_classic', 'read_dataset_event' retrieved from /home/airflow/.local/lib/python3.12/site-packages/airflow/example_dags/example_inlet_event_extra.py
[2025-09-16T23:47:30.286+0000] {logging_mixin.py:190} INFO - [2025-09-16T23:47:30.286+0000] {dag.py:3239} INFO - Sync 2 DAGs
[2025-09-16T23:47:30.303+0000] {logging_mixin.py:190} INFO - [2025-09-16T23:47:30.303+0000] {dag.py:4180} INFO - Setting next_dagrun for read_dataset_event to 2025-09-15 00:00:00+00:00, run_after=2025-09-16 00:00:00+00:00
[2025-09-16T23:47:30.306+0000] {logging_mixin.py:190} INFO - [2025-09-16T23:47:30.305+0000] {dag.py:4180} INFO - Setting next_dagrun for read_dataset_event_from_classic to 2025-09-15 00:00:00+00:00, run_after=2025-09-16 00:00:00+00:00
[2025-09-16T23:47:30.317+0000] {processor.py:208} INFO - Processing /home/airflow/.local/lib/python3.12/site-packages/airflow/example_dags/example_inlet_event_extra.py took 0.413 seconds
[2025-09-16T23:48:00.752+0000] {processor.py:186} INFO - Started process (PID=931) to work on /home/airflow/.local/lib/python3.12/site-packages/airflow/example_dags/example_inlet_event_extra.py
[2025-09-16T23:48:00.755+0000] {processor.py:914} INFO - Processing file /home/airflow/.local/lib/python3.12/site-packages/airflow/example_dags/example_inlet_event_extra.py for tasks to queue
[2025-09-16T23:48:00.758+0000] {logging_mixin.py:190} INFO - [2025-09-16T23:48:00.758+0000] {dagbag.py:588} INFO - Filling up the DagBag from /home/airflow/.local/lib/python3.12/site-packages/airflow/example_dags/example_inlet_event_extra.py
[2025-09-16T23:48:01.352+0000] {processor.py:925} INFO - DAG(s) 'read_dataset_event', 'read_dataset_event_from_classic' retrieved from /home/airflow/.local/lib/python3.12/site-packages/airflow/example_dags/example_inlet_event_extra.py
[2025-09-16T23:48:01.374+0000] {logging_mixin.py:190} INFO - [2025-09-16T23:48:01.374+0000] {dag.py:3239} INFO - Sync 2 DAGs
[2025-09-16T23:48:01.386+0000] {logging_mixin.py:190} INFO - [2025-09-16T23:48:01.386+0000] {dag.py:4180} INFO - Setting next_dagrun for read_dataset_event to 2025-09-15 00:00:00+00:00, run_after=2025-09-16 00:00:00+00:00
[2025-09-16T23:48:01.388+0000] {logging_mixin.py:190} INFO - [2025-09-16T23:48:01.388+0000] {dag.py:4180} INFO - Setting next_dagrun for read_dataset_event_from_classic to 2025-09-15 00:00:00+00:00, run_after=2025-09-16 00:00:00+00:00
[2025-09-16T23:48:01.398+0000] {processor.py:208} INFO - Processing /home/airflow/.local/lib/python3.12/site-packages/airflow/example_dags/example_inlet_event_extra.py took 0.651 seconds
[2025-09-16T23:48:31.656+0000] {processor.py:186} INFO - Started process (PID=994) to work on /home/airflow/.local/lib/python3.12/site-packages/airflow/example_dags/example_inlet_event_extra.py
[2025-09-16T23:48:31.657+0000] {processor.py:914} INFO - Processing file /home/airflow/.local/lib/python3.12/site-packages/airflow/example_dags/example_inlet_event_extra.py for tasks to queue
[2025-09-16T23:48:31.659+0000] {logging_mixin.py:190} INFO - [2025-09-16T23:48:31.659+0000] {dagbag.py:588} INFO - Filling up the DagBag from /home/airflow/.local/lib/python3.12/site-packages/airflow/example_dags/example_inlet_event_extra.py
[2025-09-16T23:48:32.153+0000] {processor.py:925} INFO - DAG(s) 'read_dataset_event', 'read_dataset_event_from_classic' retrieved from /home/airflow/.local/lib/python3.12/site-packages/airflow/example_dags/example_inlet_event_extra.py
[2025-09-16T23:48:32.170+0000] {logging_mixin.py:190} INFO - [2025-09-16T23:48:32.170+0000] {dag.py:3239} INFO - Sync 2 DAGs
[2025-09-16T23:48:32.181+0000] {logging_mixin.py:190} INFO - [2025-09-16T23:48:32.181+0000] {dag.py:4180} INFO - Setting next_dagrun for read_dataset_event to 2025-09-15 00:00:00+00:00, run_after=2025-09-16 00:00:00+00:00
[2025-09-16T23:48:32.184+0000] {logging_mixin.py:190} INFO - [2025-09-16T23:48:32.183+0000] {dag.py:4180} INFO - Setting next_dagrun for read_dataset_event_from_classic to 2025-09-15 00:00:00+00:00, run_after=2025-09-16 00:00:00+00:00
[2025-09-16T23:48:32.193+0000] {processor.py:208} INFO - Processing /home/airflow/.local/lib/python3.12/site-packages/airflow/example_dags/example_inlet_event_extra.py took 0.542 seconds
[2025-09-16T23:49:02.421+0000] {processor.py:186} INFO - Started process (PID=1057) to work on /home/airflow/.local/lib/python3.12/site-packages/airflow/example_dags/example_inlet_event_extra.py
[2025-09-16T23:49:02.422+0000] {processor.py:914} INFO - Processing file /home/airflow/.local/lib/python3.12/site-packages/airflow/example_dags/example_inlet_event_extra.py for tasks to queue
[2025-09-16T23:49:02.425+0000] {logging_mixin.py:190} INFO - [2025-09-16T23:49:02.425+0000] {dagbag.py:588} INFO - Filling up the DagBag from /home/airflow/.local/lib/python3.12/site-packages/airflow/example_dags/example_inlet_event_extra.py
[2025-09-16T23:49:02.967+0000] {processor.py:925} INFO - DAG(s) 'read_dataset_event', 'read_dataset_event_from_classic' retrieved from /home/airflow/.local/lib/python3.12/site-packages/airflow/example_dags/example_inlet_event_extra.py
[2025-09-16T23:49:02.989+0000] {logging_mixin.py:190} INFO - [2025-09-16T23:49:02.988+0000] {dag.py:3239} INFO - Sync 2 DAGs
[2025-09-16T23:49:03.003+0000] {logging_mixin.py:190} INFO - [2025-09-16T23:49:03.002+0000] {dag.py:4180} INFO - Setting next_dagrun for read_dataset_event to 2025-09-15 00:00:00+00:00, run_after=2025-09-16 00:00:00+00:00
[2025-09-16T23:49:03.005+0000] {logging_mixin.py:190} INFO - [2025-09-16T23:49:03.005+0000] {dag.py:4180} INFO - Setting next_dagrun for read_dataset_event_from_classic to 2025-09-15 00:00:00+00:00, run_after=2025-09-16 00:00:00+00:00
[2025-09-16T23:49:03.012+0000] {processor.py:208} INFO - Processing /home/airflow/.local/lib/python3.12/site-packages/airflow/example_dags/example_inlet_event_extra.py took 0.599 seconds
[2025-09-16T23:49:33.131+0000] {processor.py:186} INFO - Started process (PID=1120) to work on /home/airflow/.local/lib/python3.12/site-packages/airflow/example_dags/example_inlet_event_extra.py
[2025-09-16T23:49:33.133+0000] {processor.py:914} INFO - Processing file /home/airflow/.local/lib/python3.12/site-packages/airflow/example_dags/example_inlet_event_extra.py for tasks to queue
[2025-09-16T23:49:33.136+0000] {logging_mixin.py:190} INFO - [2025-09-16T23:49:33.136+0000] {dagbag.py:588} INFO - Filling up the DagBag from /home/airflow/.local/lib/python3.12/site-packages/airflow/example_dags/example_inlet_event_extra.py
[2025-09-16T23:49:33.479+0000] {processor.py:925} INFO - DAG(s) 'read_dataset_event_from_classic', 'read_dataset_event' retrieved from /home/airflow/.local/lib/python3.12/site-packages/airflow/example_dags/example_inlet_event_extra.py
[2025-09-16T23:49:33.489+0000] {logging_mixin.py:190} INFO - [2025-09-16T23:49:33.489+0000] {dag.py:3239} INFO - Sync 2 DAGs
[2025-09-16T23:49:33.501+0000] {logging_mixin.py:190} INFO - [2025-09-16T23:49:33.501+0000] {dag.py:4180} INFO - Setting next_dagrun for read_dataset_event to 2025-09-15 00:00:00+00:00, run_after=2025-09-16 00:00:00+00:00
[2025-09-16T23:49:33.503+0000] {logging_mixin.py:190} INFO - [2025-09-16T23:49:33.503+0000] {dag.py:4180} INFO - Setting next_dagrun for read_dataset_event_from_classic to 2025-09-15 00:00:00+00:00, run_after=2025-09-16 00:00:00+00:00
[2025-09-16T23:49:33.509+0000] {processor.py:208} INFO - Processing /home/airflow/.local/lib/python3.12/site-packages/airflow/example_dags/example_inlet_event_extra.py took 0.384 seconds
[2025-09-16T23:50:03.696+0000] {processor.py:186} INFO - Started process (PID=1183) to work on /home/airflow/.local/lib/python3.12/site-packages/airflow/example_dags/example_inlet_event_extra.py
[2025-09-16T23:50:03.698+0000] {processor.py:914} INFO - Processing file /home/airflow/.local/lib/python3.12/site-packages/airflow/example_dags/example_inlet_event_extra.py for tasks to queue
[2025-09-16T23:50:03.700+0000] {logging_mixin.py:190} INFO - [2025-09-16T23:50:03.700+0000] {dagbag.py:588} INFO - Filling up the DagBag from /home/airflow/.local/lib/python3.12/site-packages/airflow/example_dags/example_inlet_event_extra.py
[2025-09-16T23:50:04.033+0000] {processor.py:925} INFO - DAG(s) 'read_dataset_event', 'read_dataset_event_from_classic' retrieved from /home/airflow/.local/lib/python3.12/site-packages/airflow/example_dags/example_inlet_event_extra.py
[2025-09-16T23:50:04.043+0000] {logging_mixin.py:190} INFO - [2025-09-16T23:50:04.043+0000] {dag.py:3239} INFO - Sync 2 DAGs
[2025-09-16T23:50:04.055+0000] {logging_mixin.py:190} INFO - [2025-09-16T23:50:04.055+0000] {dag.py:4180} INFO - Setting next_dagrun for read_dataset_event to 2025-09-15 00:00:00+00:00, run_after=2025-09-16 00:00:00+00:00
[2025-09-16T23:50:04.059+0000] {logging_mixin.py:190} INFO - [2025-09-16T23:50:04.059+0000] {dag.py:4180} INFO - Setting next_dagrun for read_dataset_event_from_classic to 2025-09-15 00:00:00+00:00, run_after=2025-09-16 00:00:00+00:00
[2025-09-16T23:50:04.066+0000] {processor.py:208} INFO - Processing /home/airflow/.local/lib/python3.12/site-packages/airflow/example_dags/example_inlet_event_extra.py took 0.376 seconds
[2025-09-16T23:50:34.859+0000] {processor.py:186} INFO - Started process (PID=1246) to work on /home/airflow/.local/lib/python3.12/site-packages/airflow/example_dags/example_inlet_event_extra.py
[2025-09-16T23:50:34.860+0000] {processor.py:914} INFO - Processing file /home/airflow/.local/lib/python3.12/site-packages/airflow/example_dags/example_inlet_event_extra.py for tasks to queue
[2025-09-16T23:50:34.863+0000] {logging_mixin.py:190} INFO - [2025-09-16T23:50:34.863+0000] {dagbag.py:588} INFO - Filling up the DagBag from /home/airflow/.local/lib/python3.12/site-packages/airflow/example_dags/example_inlet_event_extra.py
[2025-09-16T23:50:35.180+0000] {processor.py:925} INFO - DAG(s) 'read_dataset_event_from_classic', 'read_dataset_event' retrieved from /home/airflow/.local/lib/python3.12/site-packages/airflow/example_dags/example_inlet_event_extra.py
[2025-09-16T23:50:35.195+0000] {logging_mixin.py:190} INFO - [2025-09-16T23:50:35.195+0000] {dag.py:3239} INFO - Sync 2 DAGs
[2025-09-16T23:50:35.207+0000] {logging_mixin.py:190} INFO - [2025-09-16T23:50:35.207+0000] {dag.py:4180} INFO - Setting next_dagrun for read_dataset_event to 2025-09-15 00:00:00+00:00, run_after=2025-09-16 00:00:00+00:00
[2025-09-16T23:50:35.209+0000] {logging_mixin.py:190} INFO - [2025-09-16T23:50:35.209+0000] {dag.py:4180} INFO - Setting next_dagrun for read_dataset_event_from_classic to 2025-09-15 00:00:00+00:00, run_after=2025-09-16 00:00:00+00:00
[2025-09-16T23:50:35.217+0000] {processor.py:208} INFO - Processing /home/airflow/.local/lib/python3.12/site-packages/airflow/example_dags/example_inlet_event_extra.py took 0.365 seconds
[2025-09-16T23:51:06.083+0000] {processor.py:186} INFO - Started process (PID=1309) to work on /home/airflow/.local/lib/python3.12/site-packages/airflow/example_dags/example_inlet_event_extra.py
[2025-09-16T23:51:06.086+0000] {processor.py:914} INFO - Processing file /home/airflow/.local/lib/python3.12/site-packages/airflow/example_dags/example_inlet_event_extra.py for tasks to queue
[2025-09-16T23:51:06.088+0000] {logging_mixin.py:190} INFO - [2025-09-16T23:51:06.088+0000] {dagbag.py:588} INFO - Filling up the DagBag from /home/airflow/.local/lib/python3.12/site-packages/airflow/example_dags/example_inlet_event_extra.py
[2025-09-16T23:51:06.478+0000] {processor.py:925} INFO - DAG(s) 'read_dataset_event', 'read_dataset_event_from_classic' retrieved from /home/airflow/.local/lib/python3.12/site-packages/airflow/example_dags/example_inlet_event_extra.py
[2025-09-16T23:51:06.488+0000] {logging_mixin.py:190} INFO - [2025-09-16T23:51:06.488+0000] {dag.py:3239} INFO - Sync 2 DAGs
[2025-09-16T23:51:06.500+0000] {logging_mixin.py:190} INFO - [2025-09-16T23:51:06.500+0000] {dag.py:4180} INFO - Setting next_dagrun for read_dataset_event to 2025-09-15 00:00:00+00:00, run_after=2025-09-16 00:00:00+00:00
[2025-09-16T23:51:06.502+0000] {logging_mixin.py:190} INFO - [2025-09-16T23:51:06.502+0000] {dag.py:4180} INFO - Setting next_dagrun for read_dataset_event_from_classic to 2025-09-15 00:00:00+00:00, run_after=2025-09-16 00:00:00+00:00
[2025-09-16T23:51:06.509+0000] {processor.py:208} INFO - Processing /home/airflow/.local/lib/python3.12/site-packages/airflow/example_dags/example_inlet_event_extra.py took 0.433 seconds
[2025-09-16T23:51:37.505+0000] {processor.py:186} INFO - Started process (PID=1372) to work on /home/airflow/.local/lib/python3.12/site-packages/airflow/example_dags/example_inlet_event_extra.py
[2025-09-16T23:51:37.506+0000] {processor.py:914} INFO - Processing file /home/airflow/.local/lib/python3.12/site-packages/airflow/example_dags/example_inlet_event_extra.py for tasks to queue
[2025-09-16T23:51:37.507+0000] {logging_mixin.py:190} INFO - [2025-09-16T23:51:37.507+0000] {dagbag.py:588} INFO - Filling up the DagBag from /home/airflow/.local/lib/python3.12/site-packages/airflow/example_dags/example_inlet_event_extra.py
[2025-09-16T23:51:37.937+0000] {processor.py:925} INFO - DAG(s) 'read_dataset_event_from_classic', 'read_dataset_event' retrieved from /home/airflow/.local/lib/python3.12/site-packages/airflow/example_dags/example_inlet_event_extra.py
[2025-09-16T23:51:37.948+0000] {logging_mixin.py:190} INFO - [2025-09-16T23:51:37.948+0000] {dag.py:3239} INFO - Sync 2 DAGs
[2025-09-16T23:51:37.961+0000] {logging_mixin.py:190} INFO - [2025-09-16T23:51:37.961+0000] {dag.py:4180} INFO - Setting next_dagrun for read_dataset_event to 2025-09-15 00:00:00+00:00, run_after=2025-09-16 00:00:00+00:00
[2025-09-16T23:51:37.965+0000] {logging_mixin.py:190} INFO - [2025-09-16T23:51:37.965+0000] {dag.py:4180} INFO - Setting next_dagrun for read_dataset_event_from_classic to 2025-09-15 00:00:00+00:00, run_after=2025-09-16 00:00:00+00:00
[2025-09-16T23:51:37.972+0000] {processor.py:208} INFO - Processing /home/airflow/.local/lib/python3.12/site-packages/airflow/example_dags/example_inlet_event_extra.py took 0.473 seconds
[2025-09-16T23:52:08.991+0000] {processor.py:186} INFO - Started process (PID=1435) to work on /home/airflow/.local/lib/python3.12/site-packages/airflow/example_dags/example_inlet_event_extra.py
[2025-09-16T23:52:08.992+0000] {processor.py:914} INFO - Processing file /home/airflow/.local/lib/python3.12/site-packages/airflow/example_dags/example_inlet_event_extra.py for tasks to queue
[2025-09-16T23:52:08.995+0000] {logging_mixin.py:190} INFO - [2025-09-16T23:52:08.995+0000] {dagbag.py:588} INFO - Filling up the DagBag from /home/airflow/.local/lib/python3.12/site-packages/airflow/example_dags/example_inlet_event_extra.py
[2025-09-16T23:52:09.337+0000] {processor.py:925} INFO - DAG(s) 'read_dataset_event', 'read_dataset_event_from_classic' retrieved from /home/airflow/.local/lib/python3.12/site-packages/airflow/example_dags/example_inlet_event_extra.py
[2025-09-16T23:52:09.349+0000] {logging_mixin.py:190} INFO - [2025-09-16T23:52:09.349+0000] {dag.py:3239} INFO - Sync 2 DAGs
[2025-09-16T23:52:09.360+0000] {logging_mixin.py:190} INFO - [2025-09-16T23:52:09.360+0000] {dag.py:4180} INFO - Setting next_dagrun for read_dataset_event to 2025-09-15 00:00:00+00:00, run_after=2025-09-16 00:00:00+00:00
[2025-09-16T23:52:09.362+0000] {logging_mixin.py:190} INFO - [2025-09-16T23:52:09.362+0000] {dag.py:4180} INFO - Setting next_dagrun for read_dataset_event_from_classic to 2025-09-15 00:00:00+00:00, run_after=2025-09-16 00:00:00+00:00
[2025-09-16T23:52:09.369+0000] {processor.py:208} INFO - Processing /home/airflow/.local/lib/python3.12/site-packages/airflow/example_dags/example_inlet_event_extra.py took 0.386 seconds
[2025-09-16T23:52:39.504+0000] {processor.py:186} INFO - Started process (PID=1498) to work on /home/airflow/.local/lib/python3.12/site-packages/airflow/example_dags/example_inlet_event_extra.py
[2025-09-16T23:52:39.505+0000] {processor.py:914} INFO - Processing file /home/airflow/.local/lib/python3.12/site-packages/airflow/example_dags/example_inlet_event_extra.py for tasks to queue
[2025-09-16T23:52:39.507+0000] {logging_mixin.py:190} INFO - [2025-09-16T23:52:39.507+0000] {dagbag.py:588} INFO - Filling up the DagBag from /home/airflow/.local/lib/python3.12/site-packages/airflow/example_dags/example_inlet_event_extra.py
[2025-09-16T23:52:39.826+0000] {processor.py:925} INFO - DAG(s) 'read_dataset_event_from_classic', 'read_dataset_event' retrieved from /home/airflow/.local/lib/python3.12/site-packages/airflow/example_dags/example_inlet_event_extra.py
[2025-09-16T23:52:39.837+0000] {logging_mixin.py:190} INFO - [2025-09-16T23:52:39.836+0000] {dag.py:3239} INFO - Sync 2 DAGs
[2025-09-16T23:52:39.855+0000] {logging_mixin.py:190} INFO - [2025-09-16T23:52:39.855+0000] {dag.py:4180} INFO - Setting next_dagrun for read_dataset_event to 2025-09-15 00:00:00+00:00, run_after=2025-09-16 00:00:00+00:00
[2025-09-16T23:52:39.858+0000] {logging_mixin.py:190} INFO - [2025-09-16T23:52:39.858+0000] {dag.py:4180} INFO - Setting next_dagrun for read_dataset_event_from_classic to 2025-09-15 00:00:00+00:00, run_after=2025-09-16 00:00:00+00:00
[2025-09-16T23:52:39.866+0000] {processor.py:208} INFO - Processing /home/airflow/.local/lib/python3.12/site-packages/airflow/example_dags/example_inlet_event_extra.py took 0.370 seconds
[2025-09-16T23:53:10.860+0000] {processor.py:186} INFO - Started process (PID=1561) to work on /home/airflow/.local/lib/python3.12/site-packages/airflow/example_dags/example_inlet_event_extra.py
[2025-09-16T23:53:10.863+0000] {processor.py:914} INFO - Processing file /home/airflow/.local/lib/python3.12/site-packages/airflow/example_dags/example_inlet_event_extra.py for tasks to queue
[2025-09-16T23:53:10.865+0000] {logging_mixin.py:190} INFO - [2025-09-16T23:53:10.865+0000] {dagbag.py:588} INFO - Filling up the DagBag from /home/airflow/.local/lib/python3.12/site-packages/airflow/example_dags/example_inlet_event_extra.py
[2025-09-16T23:53:11.207+0000] {processor.py:925} INFO - DAG(s) 'read_dataset_event', 'read_dataset_event_from_classic' retrieved from /home/airflow/.local/lib/python3.12/site-packages/airflow/example_dags/example_inlet_event_extra.py
[2025-09-16T23:53:11.217+0000] {logging_mixin.py:190} INFO - [2025-09-16T23:53:11.217+0000] {dag.py:3239} INFO - Sync 2 DAGs
[2025-09-16T23:53:11.228+0000] {logging_mixin.py:190} INFO - [2025-09-16T23:53:11.228+0000] {dag.py:4180} INFO - Setting next_dagrun for read_dataset_event to 2025-09-15 00:00:00+00:00, run_after=2025-09-16 00:00:00+00:00
[2025-09-16T23:53:11.230+0000] {logging_mixin.py:190} INFO - [2025-09-16T23:53:11.230+0000] {dag.py:4180} INFO - Setting next_dagrun for read_dataset_event_from_classic to 2025-09-15 00:00:00+00:00, run_after=2025-09-16 00:00:00+00:00
[2025-09-16T23:53:11.238+0000] {processor.py:208} INFO - Processing /home/airflow/.local/lib/python3.12/site-packages/airflow/example_dags/example_inlet_event_extra.py took 0.388 seconds
[2025-09-16T23:53:42.151+0000] {processor.py:186} INFO - Started process (PID=1624) to work on /home/airflow/.local/lib/python3.12/site-packages/airflow/example_dags/example_inlet_event_extra.py
[2025-09-16T23:53:42.152+0000] {processor.py:914} INFO - Processing file /home/airflow/.local/lib/python3.12/site-packages/airflow/example_dags/example_inlet_event_extra.py for tasks to queue
[2025-09-16T23:53:42.154+0000] {logging_mixin.py:190} INFO - [2025-09-16T23:53:42.154+0000] {dagbag.py:588} INFO - Filling up the DagBag from /home/airflow/.local/lib/python3.12/site-packages/airflow/example_dags/example_inlet_event_extra.py
[2025-09-16T23:53:42.509+0000] {processor.py:925} INFO - DAG(s) 'read_dataset_event', 'read_dataset_event_from_classic' retrieved from /home/airflow/.local/lib/python3.12/site-packages/airflow/example_dags/example_inlet_event_extra.py
[2025-09-16T23:53:42.521+0000] {logging_mixin.py:190} INFO - [2025-09-16T23:53:42.520+0000] {dag.py:3239} INFO - Sync 2 DAGs
[2025-09-16T23:53:42.532+0000] {logging_mixin.py:190} INFO - [2025-09-16T23:53:42.532+0000] {dag.py:4180} INFO - Setting next_dagrun for read_dataset_event to 2025-09-15 00:00:00+00:00, run_after=2025-09-16 00:00:00+00:00
[2025-09-16T23:53:42.534+0000] {logging_mixin.py:190} INFO - [2025-09-16T23:53:42.534+0000] {dag.py:4180} INFO - Setting next_dagrun for read_dataset_event_from_classic to 2025-09-15 00:00:00+00:00, run_after=2025-09-16 00:00:00+00:00
[2025-09-16T23:53:42.542+0000] {processor.py:208} INFO - Processing /home/airflow/.local/lib/python3.12/site-packages/airflow/example_dags/example_inlet_event_extra.py took 0.397 seconds
[2025-09-16T23:54:12.805+0000] {processor.py:186} INFO - Started process (PID=1687) to work on /home/airflow/.local/lib/python3.12/site-packages/airflow/example_dags/example_inlet_event_extra.py
[2025-09-16T23:54:12.805+0000] {processor.py:914} INFO - Processing file /home/airflow/.local/lib/python3.12/site-packages/airflow/example_dags/example_inlet_event_extra.py for tasks to queue
[2025-09-16T23:54:12.807+0000] {logging_mixin.py:190} INFO - [2025-09-16T23:54:12.806+0000] {dagbag.py:588} INFO - Filling up the DagBag from /home/airflow/.local/lib/python3.12/site-packages/airflow/example_dags/example_inlet_event_extra.py
[2025-09-16T23:54:13.112+0000] {processor.py:925} INFO - DAG(s) 'read_dataset_event_from_classic', 'read_dataset_event' retrieved from /home/airflow/.local/lib/python3.12/site-packages/airflow/example_dags/example_inlet_event_extra.py
[2025-09-16T23:54:13.122+0000] {logging_mixin.py:190} INFO - [2025-09-16T23:54:13.121+0000] {dag.py:3239} INFO - Sync 2 DAGs
[2025-09-16T23:54:13.132+0000] {logging_mixin.py:190} INFO - [2025-09-16T23:54:13.131+0000] {dag.py:4180} INFO - Setting next_dagrun for read_dataset_event to 2025-09-15 00:00:00+00:00, run_after=2025-09-16 00:00:00+00:00
[2025-09-16T23:54:13.134+0000] {logging_mixin.py:190} INFO - [2025-09-16T23:54:13.134+0000] {dag.py:4180} INFO - Setting next_dagrun for read_dataset_event_from_classic to 2025-09-15 00:00:00+00:00, run_after=2025-09-16 00:00:00+00:00
[2025-09-16T23:54:13.141+0000] {processor.py:208} INFO - Processing /home/airflow/.local/lib/python3.12/site-packages/airflow/example_dags/example_inlet_event_extra.py took 0.340 seconds
[2025-09-16T23:54:45.116+0000] {processor.py:186} INFO - Started process (PID=1749) to work on /home/airflow/.local/lib/python3.12/site-packages/airflow/example_dags/example_inlet_event_extra.py
[2025-09-16T23:54:45.117+0000] {processor.py:914} INFO - Processing file /home/airflow/.local/lib/python3.12/site-packages/airflow/example_dags/example_inlet_event_extra.py for tasks to queue
[2025-09-16T23:54:45.120+0000] {logging_mixin.py:190} INFO - [2025-09-16T23:54:45.120+0000] {dagbag.py:588} INFO - Filling up the DagBag from /home/airflow/.local/lib/python3.12/site-packages/airflow/example_dags/example_inlet_event_extra.py
[2025-09-16T23:54:45.825+0000] {processor.py:925} INFO - DAG(s) 'read_dataset_event', 'read_dataset_event_from_classic' retrieved from /home/airflow/.local/lib/python3.12/site-packages/airflow/example_dags/example_inlet_event_extra.py
[2025-09-16T23:54:45.854+0000] {logging_mixin.py:190} INFO - [2025-09-16T23:54:45.854+0000] {dag.py:3239} INFO - Sync 2 DAGs
[2025-09-16T23:54:45.873+0000] {logging_mixin.py:190} INFO - [2025-09-16T23:54:45.873+0000] {dag.py:4180} INFO - Setting next_dagrun for read_dataset_event to 2025-09-15 00:00:00+00:00, run_after=2025-09-16 00:00:00+00:00
[2025-09-16T23:54:45.876+0000] {logging_mixin.py:190} INFO - [2025-09-16T23:54:45.876+0000] {dag.py:4180} INFO - Setting next_dagrun for read_dataset_event_from_classic to 2025-09-15 00:00:00+00:00, run_after=2025-09-16 00:00:00+00:00
[2025-09-16T23:54:45.886+0000] {processor.py:208} INFO - Processing /home/airflow/.local/lib/python3.12/site-packages/airflow/example_dags/example_inlet_event_extra.py took 0.782 seconds
[2025-09-16T23:55:16.792+0000] {processor.py:186} INFO - Started process (PID=1812) to work on /home/airflow/.local/lib/python3.12/site-packages/airflow/example_dags/example_inlet_event_extra.py
[2025-09-16T23:55:16.793+0000] {processor.py:914} INFO - Processing file /home/airflow/.local/lib/python3.12/site-packages/airflow/example_dags/example_inlet_event_extra.py for tasks to queue
[2025-09-16T23:55:16.796+0000] {logging_mixin.py:190} INFO - [2025-09-16T23:55:16.796+0000] {dagbag.py:588} INFO - Filling up the DagBag from /home/airflow/.local/lib/python3.12/site-packages/airflow/example_dags/example_inlet_event_extra.py
[2025-09-16T23:55:17.108+0000] {processor.py:925} INFO - DAG(s) 'read_dataset_event', 'read_dataset_event_from_classic' retrieved from /home/airflow/.local/lib/python3.12/site-packages/airflow/example_dags/example_inlet_event_extra.py
[2025-09-16T23:55:17.119+0000] {logging_mixin.py:190} INFO - [2025-09-16T23:55:17.119+0000] {dag.py:3239} INFO - Sync 2 DAGs
[2025-09-16T23:55:17.131+0000] {logging_mixin.py:190} INFO - [2025-09-16T23:55:17.130+0000] {dag.py:4180} INFO - Setting next_dagrun for read_dataset_event to 2025-09-15 00:00:00+00:00, run_after=2025-09-16 00:00:00+00:00
[2025-09-16T23:55:17.133+0000] {logging_mixin.py:190} INFO - [2025-09-16T23:55:17.133+0000] {dag.py:4180} INFO - Setting next_dagrun for read_dataset_event_from_classic to 2025-09-15 00:00:00+00:00, run_after=2025-09-16 00:00:00+00:00
[2025-09-16T23:55:17.140+0000] {processor.py:208} INFO - Processing /home/airflow/.local/lib/python3.12/site-packages/airflow/example_dags/example_inlet_event_extra.py took 0.355 seconds
[2025-09-16T23:55:47.944+0000] {processor.py:186} INFO - Started process (PID=1875) to work on /home/airflow/.local/lib/python3.12/site-packages/airflow/example_dags/example_inlet_event_extra.py
[2025-09-16T23:55:47.945+0000] {processor.py:914} INFO - Processing file /home/airflow/.local/lib/python3.12/site-packages/airflow/example_dags/example_inlet_event_extra.py for tasks to queue
[2025-09-16T23:55:47.946+0000] {logging_mixin.py:190} INFO - [2025-09-16T23:55:47.946+0000] {dagbag.py:588} INFO - Filling up the DagBag from /home/airflow/.local/lib/python3.12/site-packages/airflow/example_dags/example_inlet_event_extra.py
[2025-09-16T23:55:48.277+0000] {processor.py:925} INFO - DAG(s) 'read_dataset_event_from_classic', 'read_dataset_event' retrieved from /home/airflow/.local/lib/python3.12/site-packages/airflow/example_dags/example_inlet_event_extra.py
[2025-09-16T23:55:48.287+0000] {logging_mixin.py:190} INFO - [2025-09-16T23:55:48.287+0000] {dag.py:3239} INFO - Sync 2 DAGs
[2025-09-16T23:55:48.299+0000] {logging_mixin.py:190} INFO - [2025-09-16T23:55:48.299+0000] {dag.py:4180} INFO - Setting next_dagrun for read_dataset_event to 2025-09-15 00:00:00+00:00, run_after=2025-09-16 00:00:00+00:00
[2025-09-16T23:55:48.301+0000] {logging_mixin.py:190} INFO - [2025-09-16T23:55:48.301+0000] {dag.py:4180} INFO - Setting next_dagrun for read_dataset_event_from_classic to 2025-09-15 00:00:00+00:00, run_after=2025-09-16 00:00:00+00:00
[2025-09-16T23:55:48.309+0000] {processor.py:208} INFO - Processing /home/airflow/.local/lib/python3.12/site-packages/airflow/example_dags/example_inlet_event_extra.py took 0.371 seconds
[2025-09-16T23:56:19.206+0000] {processor.py:186} INFO - Started process (PID=1938) to work on /home/airflow/.local/lib/python3.12/site-packages/airflow/example_dags/example_inlet_event_extra.py
[2025-09-16T23:56:19.207+0000] {processor.py:914} INFO - Processing file /home/airflow/.local/lib/python3.12/site-packages/airflow/example_dags/example_inlet_event_extra.py for tasks to queue
[2025-09-16T23:56:19.209+0000] {logging_mixin.py:190} INFO - [2025-09-16T23:56:19.209+0000] {dagbag.py:588} INFO - Filling up the DagBag from /home/airflow/.local/lib/python3.12/site-packages/airflow/example_dags/example_inlet_event_extra.py
[2025-09-16T23:56:19.536+0000] {processor.py:925} INFO - DAG(s) 'read_dataset_event', 'read_dataset_event_from_classic' retrieved from /home/airflow/.local/lib/python3.12/site-packages/airflow/example_dags/example_inlet_event_extra.py
[2025-09-16T23:56:19.548+0000] {logging_mixin.py:190} INFO - [2025-09-16T23:56:19.548+0000] {dag.py:3239} INFO - Sync 2 DAGs
[2025-09-16T23:56:19.560+0000] {logging_mixin.py:190} INFO - [2025-09-16T23:56:19.560+0000] {dag.py:4180} INFO - Setting next_dagrun for read_dataset_event to 2025-09-15 00:00:00+00:00, run_after=2025-09-16 00:00:00+00:00
[2025-09-16T23:56:19.563+0000] {logging_mixin.py:190} INFO - [2025-09-16T23:56:19.563+0000] {dag.py:4180} INFO - Setting next_dagrun for read_dataset_event_from_classic to 2025-09-15 00:00:00+00:00, run_after=2025-09-16 00:00:00+00:00
[2025-09-16T23:56:19.571+0000] {processor.py:208} INFO - Processing /home/airflow/.local/lib/python3.12/site-packages/airflow/example_dags/example_inlet_event_extra.py took 0.372 seconds
[2025-09-16T23:56:50.323+0000] {processor.py:186} INFO - Started process (PID=2001) to work on /home/airflow/.local/lib/python3.12/site-packages/airflow/example_dags/example_inlet_event_extra.py
[2025-09-16T23:56:50.326+0000] {processor.py:914} INFO - Processing file /home/airflow/.local/lib/python3.12/site-packages/airflow/example_dags/example_inlet_event_extra.py for tasks to queue
[2025-09-16T23:56:50.329+0000] {logging_mixin.py:190} INFO - [2025-09-16T23:56:50.329+0000] {dagbag.py:588} INFO - Filling up the DagBag from /home/airflow/.local/lib/python3.12/site-packages/airflow/example_dags/example_inlet_event_extra.py
[2025-09-16T23:56:50.678+0000] {processor.py:925} INFO - DAG(s) 'read_dataset_event_from_classic', 'read_dataset_event' retrieved from /home/airflow/.local/lib/python3.12/site-packages/airflow/example_dags/example_inlet_event_extra.py
[2025-09-16T23:56:50.691+0000] {logging_mixin.py:190} INFO - [2025-09-16T23:56:50.690+0000] {dag.py:3239} INFO - Sync 2 DAGs
[2025-09-16T23:56:50.702+0000] {logging_mixin.py:190} INFO - [2025-09-16T23:56:50.702+0000] {dag.py:4180} INFO - Setting next_dagrun for read_dataset_event to 2025-09-15 00:00:00+00:00, run_after=2025-09-16 00:00:00+00:00
[2025-09-16T23:56:50.706+0000] {logging_mixin.py:190} INFO - [2025-09-16T23:56:50.705+0000] {dag.py:4180} INFO - Setting next_dagrun for read_dataset_event_from_classic to 2025-09-15 00:00:00+00:00, run_after=2025-09-16 00:00:00+00:00
[2025-09-16T23:56:50.719+0000] {processor.py:208} INFO - Processing /home/airflow/.local/lib/python3.12/site-packages/airflow/example_dags/example_inlet_event_extra.py took 0.403 seconds
[2025-09-16T23:57:21.400+0000] {processor.py:186} INFO - Started process (PID=2064) to work on /home/airflow/.local/lib/python3.12/site-packages/airflow/example_dags/example_inlet_event_extra.py
[2025-09-16T23:57:21.402+0000] {processor.py:914} INFO - Processing file /home/airflow/.local/lib/python3.12/site-packages/airflow/example_dags/example_inlet_event_extra.py for tasks to queue
[2025-09-16T23:57:21.404+0000] {logging_mixin.py:190} INFO - [2025-09-16T23:57:21.404+0000] {dagbag.py:588} INFO - Filling up the DagBag from /home/airflow/.local/lib/python3.12/site-packages/airflow/example_dags/example_inlet_event_extra.py
[2025-09-16T23:57:21.762+0000] {processor.py:925} INFO - DAG(s) 'read_dataset_event', 'read_dataset_event_from_classic' retrieved from /home/airflow/.local/lib/python3.12/site-packages/airflow/example_dags/example_inlet_event_extra.py
[2025-09-16T23:57:21.774+0000] {logging_mixin.py:190} INFO - [2025-09-16T23:57:21.774+0000] {dag.py:3239} INFO - Sync 2 DAGs
[2025-09-16T23:57:21.789+0000] {logging_mixin.py:190} INFO - [2025-09-16T23:57:21.789+0000] {dag.py:4180} INFO - Setting next_dagrun for read_dataset_event to 2025-09-15 00:00:00+00:00, run_after=2025-09-16 00:00:00+00:00
[2025-09-16T23:57:21.792+0000] {logging_mixin.py:190} INFO - [2025-09-16T23:57:21.791+0000] {dag.py:4180} INFO - Setting next_dagrun for read_dataset_event_from_classic to 2025-09-15 00:00:00+00:00, run_after=2025-09-16 00:00:00+00:00
[2025-09-16T23:57:21.800+0000] {processor.py:208} INFO - Processing /home/airflow/.local/lib/python3.12/site-packages/airflow/example_dags/example_inlet_event_extra.py took 0.406 seconds
[2025-09-16T23:57:52.556+0000] {processor.py:186} INFO - Started process (PID=2127) to work on /home/airflow/.local/lib/python3.12/site-packages/airflow/example_dags/example_inlet_event_extra.py
[2025-09-16T23:57:52.559+0000] {processor.py:914} INFO - Processing file /home/airflow/.local/lib/python3.12/site-packages/airflow/example_dags/example_inlet_event_extra.py for tasks to queue
[2025-09-16T23:57:52.562+0000] {logging_mixin.py:190} INFO - [2025-09-16T23:57:52.562+0000] {dagbag.py:588} INFO - Filling up the DagBag from /home/airflow/.local/lib/python3.12/site-packages/airflow/example_dags/example_inlet_event_extra.py
[2025-09-16T23:57:52.914+0000] {processor.py:925} INFO - DAG(s) 'read_dataset_event', 'read_dataset_event_from_classic' retrieved from /home/airflow/.local/lib/python3.12/site-packages/airflow/example_dags/example_inlet_event_extra.py
[2025-09-16T23:57:52.927+0000] {logging_mixin.py:190} INFO - [2025-09-16T23:57:52.927+0000] {dag.py:3239} INFO - Sync 2 DAGs
[2025-09-16T23:57:52.942+0000] {logging_mixin.py:190} INFO - [2025-09-16T23:57:52.942+0000] {dag.py:4180} INFO - Setting next_dagrun for read_dataset_event to 2025-09-15 00:00:00+00:00, run_after=2025-09-16 00:00:00+00:00
[2025-09-16T23:57:52.946+0000] {logging_mixin.py:190} INFO - [2025-09-16T23:57:52.946+0000] {dag.py:4180} INFO - Setting next_dagrun for read_dataset_event_from_classic to 2025-09-15 00:00:00+00:00, run_after=2025-09-16 00:00:00+00:00
[2025-09-16T23:57:52.954+0000] {processor.py:208} INFO - Processing /home/airflow/.local/lib/python3.12/site-packages/airflow/example_dags/example_inlet_event_extra.py took 0.406 seconds
[2025-09-16T23:58:23.668+0000] {processor.py:186} INFO - Started process (PID=2196) to work on /home/airflow/.local/lib/python3.12/site-packages/airflow/example_dags/example_inlet_event_extra.py
[2025-09-16T23:58:23.670+0000] {processor.py:914} INFO - Processing file /home/airflow/.local/lib/python3.12/site-packages/airflow/example_dags/example_inlet_event_extra.py for tasks to queue
[2025-09-16T23:58:23.671+0000] {logging_mixin.py:190} INFO - [2025-09-16T23:58:23.671+0000] {dagbag.py:588} INFO - Filling up the DagBag from /home/airflow/.local/lib/python3.12/site-packages/airflow/example_dags/example_inlet_event_extra.py
[2025-09-16T23:58:24.014+0000] {processor.py:925} INFO - DAG(s) 'read_dataset_event', 'read_dataset_event_from_classic' retrieved from /home/airflow/.local/lib/python3.12/site-packages/airflow/example_dags/example_inlet_event_extra.py
[2025-09-16T23:58:24.026+0000] {logging_mixin.py:190} INFO - [2025-09-16T23:58:24.025+0000] {dag.py:3239} INFO - Sync 2 DAGs
[2025-09-16T23:58:24.039+0000] {logging_mixin.py:190} INFO - [2025-09-16T23:58:24.039+0000] {dag.py:4180} INFO - Setting next_dagrun for read_dataset_event to 2025-09-15 00:00:00+00:00, run_after=2025-09-16 00:00:00+00:00
[2025-09-16T23:58:24.042+0000] {logging_mixin.py:190} INFO - [2025-09-16T23:58:24.042+0000] {dag.py:4180} INFO - Setting next_dagrun for read_dataset_event_from_classic to 2025-09-15 00:00:00+00:00, run_after=2025-09-16 00:00:00+00:00
[2025-09-16T23:58:24.048+0000] {processor.py:208} INFO - Processing /home/airflow/.local/lib/python3.12/site-packages/airflow/example_dags/example_inlet_event_extra.py took 0.384 seconds
[2025-09-16T23:58:54.698+0000] {processor.py:186} INFO - Started process (PID=2259) to work on /home/airflow/.local/lib/python3.12/site-packages/airflow/example_dags/example_inlet_event_extra.py
[2025-09-16T23:58:54.702+0000] {processor.py:914} INFO - Processing file /home/airflow/.local/lib/python3.12/site-packages/airflow/example_dags/example_inlet_event_extra.py for tasks to queue
[2025-09-16T23:58:54.706+0000] {logging_mixin.py:190} INFO - [2025-09-16T23:58:54.706+0000] {dagbag.py:588} INFO - Filling up the DagBag from /home/airflow/.local/lib/python3.12/site-packages/airflow/example_dags/example_inlet_event_extra.py
[2025-09-16T23:58:55.039+0000] {processor.py:925} INFO - DAG(s) 'read_dataset_event', 'read_dataset_event_from_classic' retrieved from /home/airflow/.local/lib/python3.12/site-packages/airflow/example_dags/example_inlet_event_extra.py
[2025-09-16T23:58:55.050+0000] {logging_mixin.py:190} INFO - [2025-09-16T23:58:55.049+0000] {dag.py:3239} INFO - Sync 2 DAGs
[2025-09-16T23:58:55.060+0000] {logging_mixin.py:190} INFO - [2025-09-16T23:58:55.060+0000] {dag.py:4180} INFO - Setting next_dagrun for read_dataset_event to 2025-09-15 00:00:00+00:00, run_after=2025-09-16 00:00:00+00:00
[2025-09-16T23:58:55.062+0000] {logging_mixin.py:190} INFO - [2025-09-16T23:58:55.062+0000] {dag.py:4180} INFO - Setting next_dagrun for read_dataset_event_from_classic to 2025-09-15 00:00:00+00:00, run_after=2025-09-16 00:00:00+00:00
[2025-09-16T23:58:55.070+0000] {processor.py:208} INFO - Processing /home/airflow/.local/lib/python3.12/site-packages/airflow/example_dags/example_inlet_event_extra.py took 0.379 seconds
[2025-09-16T23:59:25.773+0000] {processor.py:186} INFO - Started process (PID=2322) to work on /home/airflow/.local/lib/python3.12/site-packages/airflow/example_dags/example_inlet_event_extra.py
[2025-09-16T23:59:25.778+0000] {processor.py:914} INFO - Processing file /home/airflow/.local/lib/python3.12/site-packages/airflow/example_dags/example_inlet_event_extra.py for tasks to queue
[2025-09-16T23:59:25.781+0000] {logging_mixin.py:190} INFO - [2025-09-16T23:59:25.781+0000] {dagbag.py:588} INFO - Filling up the DagBag from /home/airflow/.local/lib/python3.12/site-packages/airflow/example_dags/example_inlet_event_extra.py
[2025-09-16T23:59:26.109+0000] {processor.py:925} INFO - DAG(s) 'read_dataset_event', 'read_dataset_event_from_classic' retrieved from /home/airflow/.local/lib/python3.12/site-packages/airflow/example_dags/example_inlet_event_extra.py
[2025-09-16T23:59:26.119+0000] {logging_mixin.py:190} INFO - [2025-09-16T23:59:26.119+0000] {dag.py:3239} INFO - Sync 2 DAGs
[2025-09-16T23:59:26.129+0000] {logging_mixin.py:190} INFO - [2025-09-16T23:59:26.128+0000] {dag.py:4180} INFO - Setting next_dagrun for read_dataset_event to 2025-09-15 00:00:00+00:00, run_after=2025-09-16 00:00:00+00:00
[2025-09-16T23:59:26.131+0000] {logging_mixin.py:190} INFO - [2025-09-16T23:59:26.131+0000] {dag.py:4180} INFO - Setting next_dagrun for read_dataset_event_from_classic to 2025-09-15 00:00:00+00:00, run_after=2025-09-16 00:00:00+00:00
[2025-09-16T23:59:26.140+0000] {processor.py:208} INFO - Processing /home/airflow/.local/lib/python3.12/site-packages/airflow/example_dags/example_inlet_event_extra.py took 0.375 seconds
[2025-09-16T23:59:56.193+0000] {processor.py:186} INFO - Started process (PID=2385) to work on /home/airflow/.local/lib/python3.12/site-packages/airflow/example_dags/example_inlet_event_extra.py
[2025-09-16T23:59:56.194+0000] {processor.py:914} INFO - Processing file /home/airflow/.local/lib/python3.12/site-packages/airflow/example_dags/example_inlet_event_extra.py for tasks to queue
[2025-09-16T23:59:56.195+0000] {logging_mixin.py:190} INFO - [2025-09-16T23:59:56.195+0000] {dagbag.py:588} INFO - Filling up the DagBag from /home/airflow/.local/lib/python3.12/site-packages/airflow/example_dags/example_inlet_event_extra.py
[2025-09-16T23:59:56.567+0000] {processor.py:925} INFO - DAG(s) 'read_dataset_event', 'read_dataset_event_from_classic' retrieved from /home/airflow/.local/lib/python3.12/site-packages/airflow/example_dags/example_inlet_event_extra.py
[2025-09-16T23:59:56.585+0000] {logging_mixin.py:190} INFO - [2025-09-16T23:59:56.585+0000] {dag.py:3239} INFO - Sync 2 DAGs
[2025-09-16T23:59:56.600+0000] {logging_mixin.py:190} INFO - [2025-09-16T23:59:56.600+0000] {dag.py:4180} INFO - Setting next_dagrun for read_dataset_event to 2025-09-15 00:00:00+00:00, run_after=2025-09-16 00:00:00+00:00
[2025-09-16T23:59:56.604+0000] {logging_mixin.py:190} INFO - [2025-09-16T23:59:56.603+0000] {dag.py:4180} INFO - Setting next_dagrun for read_dataset_event_from_classic to 2025-09-15 00:00:00+00:00, run_after=2025-09-16 00:00:00+00:00
[2025-09-16T23:59:56.626+0000] {processor.py:208} INFO - Processing /home/airflow/.local/lib/python3.12/site-packages/airflow/example_dags/example_inlet_event_extra.py took 0.437 seconds
