[2025-09-16T23:41:20.107+0000] {processor.py:186} INFO - Started process (PID=102) to work on /home/airflow/.local/lib/python3.12/site-packages/airflow/example_dags/example_outlet_event_extra.py
[2025-09-16T23:41:20.108+0000] {processor.py:914} INFO - Processing file /home/airflow/.local/lib/python3.12/site-packages/airflow/example_dags/example_outlet_event_extra.py for tasks to queue
[2025-09-16T23:41:20.109+0000] {logging_mixin.py:190} INFO - [2025-09-16T23:41:20.109+0000] {dagbag.py:588} INFO - Filling up the DagBag from /home/airflow/.local/lib/python3.12/site-packages/airflow/example_dags/example_outlet_event_extra.py
[2025-09-16T23:41:20.404+0000] {processor.py:925} INFO - DAG(s) 'dataset_with_extra_from_classic_operator', 'dataset_with_extra_by_yield', 'dataset_with_extra_by_context' retrieved from /home/airflow/.local/lib/python3.12/site-packages/airflow/example_dags/example_outlet_event_extra.py
[2025-09-16T23:41:20.447+0000] {logging_mixin.py:190} INFO - [2025-09-16T23:41:20.446+0000] {override.py:1911} INFO - Created Permission View: can edit on DAG:dataset_with_extra_from_classic_operator
[2025-09-16T23:41:20.452+0000] {logging_mixin.py:190} INFO - [2025-09-16T23:41:20.451+0000] {override.py:1911} INFO - Created Permission View: can delete on DAG:dataset_with_extra_from_classic_operator
[2025-09-16T23:41:20.454+0000] {logging_mixin.py:190} INFO - [2025-09-16T23:41:20.454+0000] {override.py:1911} INFO - Created Permission View: can read on DAG:dataset_with_extra_from_classic_operator
[2025-09-16T23:41:20.456+0000] {logging_mixin.py:190} INFO - [2025-09-16T23:41:20.456+0000] {override.py:1911} INFO - Created Permission View: menu access on DAG Run:dataset_with_extra_from_classic_operator
[2025-09-16T23:41:20.459+0000] {logging_mixin.py:190} INFO - [2025-09-16T23:41:20.459+0000] {override.py:1911} INFO - Created Permission View: can create on DAG Run:dataset_with_extra_from_classic_operator
[2025-09-16T23:41:20.462+0000] {logging_mixin.py:190} INFO - [2025-09-16T23:41:20.462+0000] {override.py:1911} INFO - Created Permission View: can delete on DAG Run:dataset_with_extra_from_classic_operator
[2025-09-16T23:41:20.464+0000] {logging_mixin.py:190} INFO - [2025-09-16T23:41:20.464+0000] {override.py:1911} INFO - Created Permission View: can read on DAG Run:dataset_with_extra_from_classic_operator
[2025-09-16T23:41:20.469+0000] {logging_mixin.py:190} INFO - [2025-09-16T23:41:20.469+0000] {override.py:1911} INFO - Created Permission View: can edit on DAG:dataset_with_extra_by_yield
[2025-09-16T23:41:20.472+0000] {logging_mixin.py:190} INFO - [2025-09-16T23:41:20.472+0000] {override.py:1911} INFO - Created Permission View: can delete on DAG:dataset_with_extra_by_yield
[2025-09-16T23:41:20.475+0000] {logging_mixin.py:190} INFO - [2025-09-16T23:41:20.475+0000] {override.py:1911} INFO - Created Permission View: can read on DAG:dataset_with_extra_by_yield
[2025-09-16T23:41:20.477+0000] {logging_mixin.py:190} INFO - [2025-09-16T23:41:20.477+0000] {override.py:1911} INFO - Created Permission View: menu access on DAG Run:dataset_with_extra_by_yield
[2025-09-16T23:41:20.479+0000] {logging_mixin.py:190} INFO - [2025-09-16T23:41:20.479+0000] {override.py:1911} INFO - Created Permission View: can create on DAG Run:dataset_with_extra_by_yield
[2025-09-16T23:41:20.481+0000] {logging_mixin.py:190} INFO - [2025-09-16T23:41:20.481+0000] {override.py:1911} INFO - Created Permission View: can delete on DAG Run:dataset_with_extra_by_yield
[2025-09-16T23:41:20.483+0000] {logging_mixin.py:190} INFO - [2025-09-16T23:41:20.483+0000] {override.py:1911} INFO - Created Permission View: can read on DAG Run:dataset_with_extra_by_yield
[2025-09-16T23:41:20.487+0000] {logging_mixin.py:190} INFO - [2025-09-16T23:41:20.487+0000] {override.py:1911} INFO - Created Permission View: can edit on DAG:dataset_with_extra_by_context
[2025-09-16T23:41:20.489+0000] {logging_mixin.py:190} INFO - [2025-09-16T23:41:20.489+0000] {override.py:1911} INFO - Created Permission View: can delete on DAG:dataset_with_extra_by_context
[2025-09-16T23:41:20.491+0000] {logging_mixin.py:190} INFO - [2025-09-16T23:41:20.491+0000] {override.py:1911} INFO - Created Permission View: can read on DAG:dataset_with_extra_by_context
[2025-09-16T23:41:20.493+0000] {logging_mixin.py:190} INFO - [2025-09-16T23:41:20.493+0000] {override.py:1911} INFO - Created Permission View: menu access on DAG Run:dataset_with_extra_by_context
[2025-09-16T23:41:20.495+0000] {logging_mixin.py:190} INFO - [2025-09-16T23:41:20.495+0000] {override.py:1911} INFO - Created Permission View: can create on DAG Run:dataset_with_extra_by_context
[2025-09-16T23:41:20.497+0000] {logging_mixin.py:190} INFO - [2025-09-16T23:41:20.497+0000] {override.py:1911} INFO - Created Permission View: can delete on DAG Run:dataset_with_extra_by_context
[2025-09-16T23:41:20.499+0000] {logging_mixin.py:190} INFO - [2025-09-16T23:41:20.498+0000] {override.py:1911} INFO - Created Permission View: can read on DAG Run:dataset_with_extra_by_context
[2025-09-16T23:41:20.499+0000] {logging_mixin.py:190} INFO - [2025-09-16T23:41:20.499+0000] {dag.py:3239} INFO - Sync 3 DAGs
[2025-09-16T23:41:20.504+0000] {logging_mixin.py:190} INFO - [2025-09-16T23:41:20.504+0000] {dag.py:3262} INFO - Creating ORM DAG for dataset_with_extra_by_yield
[2025-09-16T23:41:20.505+0000] {logging_mixin.py:190} INFO - [2025-09-16T23:41:20.505+0000] {dag.py:3262} INFO - Creating ORM DAG for dataset_with_extra_by_context
[2025-09-16T23:41:20.505+0000] {logging_mixin.py:190} INFO - [2025-09-16T23:41:20.505+0000] {dag.py:3262} INFO - Creating ORM DAG for dataset_with_extra_from_classic_operator
[2025-09-16T23:41:20.510+0000] {logging_mixin.py:190} INFO - [2025-09-16T23:41:20.510+0000] {dag.py:4180} INFO - Setting next_dagrun for dataset_with_extra_by_context to 2025-09-15 00:00:00+00:00, run_after=2025-09-16 00:00:00+00:00
[2025-09-16T23:41:20.511+0000] {logging_mixin.py:190} INFO - [2025-09-16T23:41:20.511+0000] {dag.py:4180} INFO - Setting next_dagrun for dataset_with_extra_by_yield to 2025-09-15 00:00:00+00:00, run_after=2025-09-16 00:00:00+00:00
[2025-09-16T23:41:20.511+0000] {logging_mixin.py:190} INFO - [2025-09-16T23:41:20.511+0000] {dag.py:4180} INFO - Setting next_dagrun for dataset_with_extra_from_classic_operator to 2025-09-15 00:00:00+00:00, run_after=2025-09-16 00:00:00+00:00
[2025-09-16T23:41:20.521+0000] {processor.py:208} INFO - Processing /home/airflow/.local/lib/python3.12/site-packages/airflow/example_dags/example_outlet_event_extra.py took 0.417 seconds
[2025-09-16T23:41:51.278+0000] {processor.py:186} INFO - Started process (PID=165) to work on /home/airflow/.local/lib/python3.12/site-packages/airflow/example_dags/example_outlet_event_extra.py
[2025-09-16T23:41:51.280+0000] {processor.py:914} INFO - Processing file /home/airflow/.local/lib/python3.12/site-packages/airflow/example_dags/example_outlet_event_extra.py for tasks to queue
[2025-09-16T23:41:51.284+0000] {logging_mixin.py:190} INFO - [2025-09-16T23:41:51.284+0000] {dagbag.py:588} INFO - Filling up the DagBag from /home/airflow/.local/lib/python3.12/site-packages/airflow/example_dags/example_outlet_event_extra.py
[2025-09-16T23:41:51.610+0000] {processor.py:925} INFO - DAG(s) 'dataset_with_extra_from_classic_operator', 'dataset_with_extra_by_context', 'dataset_with_extra_by_yield' retrieved from /home/airflow/.local/lib/python3.12/site-packages/airflow/example_dags/example_outlet_event_extra.py
[2025-09-16T23:41:51.624+0000] {logging_mixin.py:190} INFO - [2025-09-16T23:41:51.623+0000] {dag.py:3239} INFO - Sync 3 DAGs
[2025-09-16T23:41:51.636+0000] {logging_mixin.py:190} INFO - [2025-09-16T23:41:51.636+0000] {dag.py:4180} INFO - Setting next_dagrun for dataset_with_extra_by_context to 2025-09-15 00:00:00+00:00, run_after=2025-09-16 00:00:00+00:00
[2025-09-16T23:41:51.640+0000] {logging_mixin.py:190} INFO - [2025-09-16T23:41:51.639+0000] {dag.py:4180} INFO - Setting next_dagrun for dataset_with_extra_by_yield to 2025-09-15 00:00:00+00:00, run_after=2025-09-16 00:00:00+00:00
[2025-09-16T23:41:51.641+0000] {logging_mixin.py:190} INFO - [2025-09-16T23:41:51.641+0000] {dag.py:4180} INFO - Setting next_dagrun for dataset_with_extra_from_classic_operator to 2025-09-15 00:00:00+00:00, run_after=2025-09-16 00:00:00+00:00
[2025-09-16T23:41:51.652+0000] {processor.py:208} INFO - Processing /home/airflow/.local/lib/python3.12/site-packages/airflow/example_dags/example_outlet_event_extra.py took 0.383 seconds
[2025-09-16T23:42:22.290+0000] {processor.py:186} INFO - Started process (PID=228) to work on /home/airflow/.local/lib/python3.12/site-packages/airflow/example_dags/example_outlet_event_extra.py
[2025-09-16T23:42:22.291+0000] {processor.py:914} INFO - Processing file /home/airflow/.local/lib/python3.12/site-packages/airflow/example_dags/example_outlet_event_extra.py for tasks to queue
[2025-09-16T23:42:22.293+0000] {logging_mixin.py:190} INFO - [2025-09-16T23:42:22.293+0000] {dagbag.py:588} INFO - Filling up the DagBag from /home/airflow/.local/lib/python3.12/site-packages/airflow/example_dags/example_outlet_event_extra.py
[2025-09-16T23:42:22.627+0000] {processor.py:925} INFO - DAG(s) 'dataset_with_extra_by_yield', 'dataset_with_extra_by_context', 'dataset_with_extra_from_classic_operator' retrieved from /home/airflow/.local/lib/python3.12/site-packages/airflow/example_dags/example_outlet_event_extra.py
[2025-09-16T23:42:22.644+0000] {logging_mixin.py:190} INFO - [2025-09-16T23:42:22.644+0000] {dag.py:3239} INFO - Sync 3 DAGs
[2025-09-16T23:42:22.656+0000] {logging_mixin.py:190} INFO - [2025-09-16T23:42:22.656+0000] {dag.py:4180} INFO - Setting next_dagrun for dataset_with_extra_by_context to 2025-09-15 00:00:00+00:00, run_after=2025-09-16 00:00:00+00:00
[2025-09-16T23:42:22.663+0000] {logging_mixin.py:190} INFO - [2025-09-16T23:42:22.662+0000] {dag.py:4180} INFO - Setting next_dagrun for dataset_with_extra_by_yield to 2025-09-15 00:00:00+00:00, run_after=2025-09-16 00:00:00+00:00
[2025-09-16T23:42:22.664+0000] {logging_mixin.py:190} INFO - [2025-09-16T23:42:22.664+0000] {dag.py:4180} INFO - Setting next_dagrun for dataset_with_extra_from_classic_operator to 2025-09-15 00:00:00+00:00, run_after=2025-09-16 00:00:00+00:00
[2025-09-16T23:42:22.687+0000] {processor.py:208} INFO - Processing /home/airflow/.local/lib/python3.12/site-packages/airflow/example_dags/example_outlet_event_extra.py took 0.401 seconds
[2025-09-16T23:42:52.818+0000] {processor.py:186} INFO - Started process (PID=290) to work on /home/airflow/.local/lib/python3.12/site-packages/airflow/example_dags/example_outlet_event_extra.py
[2025-09-16T23:42:52.821+0000] {processor.py:914} INFO - Processing file /home/airflow/.local/lib/python3.12/site-packages/airflow/example_dags/example_outlet_event_extra.py for tasks to queue
[2025-09-16T23:42:52.824+0000] {logging_mixin.py:190} INFO - [2025-09-16T23:42:52.824+0000] {dagbag.py:588} INFO - Filling up the DagBag from /home/airflow/.local/lib/python3.12/site-packages/airflow/example_dags/example_outlet_event_extra.py
[2025-09-16T23:42:53.460+0000] {processor.py:925} INFO - DAG(s) 'dataset_with_extra_by_yield', 'dataset_with_extra_by_context', 'dataset_with_extra_from_classic_operator' retrieved from /home/airflow/.local/lib/python3.12/site-packages/airflow/example_dags/example_outlet_event_extra.py
[2025-09-16T23:42:53.490+0000] {logging_mixin.py:190} INFO - [2025-09-16T23:42:53.489+0000] {dag.py:3239} INFO - Sync 3 DAGs
[2025-09-16T23:42:53.508+0000] {logging_mixin.py:190} INFO - [2025-09-16T23:42:53.508+0000] {dag.py:4180} INFO - Setting next_dagrun for dataset_with_extra_by_context to 2025-09-15 00:00:00+00:00, run_after=2025-09-16 00:00:00+00:00
[2025-09-16T23:42:53.514+0000] {logging_mixin.py:190} INFO - [2025-09-16T23:42:53.514+0000] {dag.py:4180} INFO - Setting next_dagrun for dataset_with_extra_by_yield to 2025-09-15 00:00:00+00:00, run_after=2025-09-16 00:00:00+00:00
[2025-09-16T23:42:53.518+0000] {logging_mixin.py:190} INFO - [2025-09-16T23:42:53.517+0000] {dag.py:4180} INFO - Setting next_dagrun for dataset_with_extra_from_classic_operator to 2025-09-15 00:00:00+00:00, run_after=2025-09-16 00:00:00+00:00
[2025-09-16T23:42:53.545+0000] {processor.py:208} INFO - Processing /home/airflow/.local/lib/python3.12/site-packages/airflow/example_dags/example_outlet_event_extra.py took 0.731 seconds
[2025-09-16T23:43:23.797+0000] {processor.py:186} INFO - Started process (PID=358) to work on /home/airflow/.local/lib/python3.12/site-packages/airflow/example_dags/example_outlet_event_extra.py
[2025-09-16T23:43:23.798+0000] {processor.py:914} INFO - Processing file /home/airflow/.local/lib/python3.12/site-packages/airflow/example_dags/example_outlet_event_extra.py for tasks to queue
[2025-09-16T23:43:23.799+0000] {logging_mixin.py:190} INFO - [2025-09-16T23:43:23.799+0000] {dagbag.py:588} INFO - Filling up the DagBag from /home/airflow/.local/lib/python3.12/site-packages/airflow/example_dags/example_outlet_event_extra.py
[2025-09-16T23:43:24.215+0000] {processor.py:925} INFO - DAG(s) 'dataset_with_extra_by_yield', 'dataset_with_extra_from_classic_operator', 'dataset_with_extra_by_context' retrieved from /home/airflow/.local/lib/python3.12/site-packages/airflow/example_dags/example_outlet_event_extra.py
[2025-09-16T23:43:24.227+0000] {logging_mixin.py:190} INFO - [2025-09-16T23:43:24.227+0000] {dag.py:3239} INFO - Sync 3 DAGs
[2025-09-16T23:43:24.237+0000] {logging_mixin.py:190} INFO - [2025-09-16T23:43:24.237+0000] {dag.py:4180} INFO - Setting next_dagrun for dataset_with_extra_by_context to 2025-09-15 00:00:00+00:00, run_after=2025-09-16 00:00:00+00:00
[2025-09-16T23:43:24.239+0000] {logging_mixin.py:190} INFO - [2025-09-16T23:43:24.239+0000] {dag.py:4180} INFO - Setting next_dagrun for dataset_with_extra_by_yield to 2025-09-15 00:00:00+00:00, run_after=2025-09-16 00:00:00+00:00
[2025-09-16T23:43:24.240+0000] {logging_mixin.py:190} INFO - [2025-09-16T23:43:24.240+0000] {dag.py:4180} INFO - Setting next_dagrun for dataset_with_extra_from_classic_operator to 2025-09-15 00:00:00+00:00, run_after=2025-09-16 00:00:00+00:00
[2025-09-16T23:43:24.248+0000] {processor.py:208} INFO - Processing /home/airflow/.local/lib/python3.12/site-packages/airflow/example_dags/example_outlet_event_extra.py took 0.454 seconds
[2025-09-16T23:43:54.287+0000] {processor.py:186} INFO - Started process (PID=416) to work on /home/airflow/.local/lib/python3.12/site-packages/airflow/example_dags/example_outlet_event_extra.py
[2025-09-16T23:43:54.291+0000] {processor.py:914} INFO - Processing file /home/airflow/.local/lib/python3.12/site-packages/airflow/example_dags/example_outlet_event_extra.py for tasks to queue
[2025-09-16T23:43:54.294+0000] {logging_mixin.py:190} INFO - [2025-09-16T23:43:54.293+0000] {dagbag.py:588} INFO - Filling up the DagBag from /home/airflow/.local/lib/python3.12/site-packages/airflow/example_dags/example_outlet_event_extra.py
[2025-09-16T23:43:54.758+0000] {processor.py:925} INFO - DAG(s) 'dataset_with_extra_from_classic_operator', 'dataset_with_extra_by_yield', 'dataset_with_extra_by_context' retrieved from /home/airflow/.local/lib/python3.12/site-packages/airflow/example_dags/example_outlet_event_extra.py
[2025-09-16T23:43:54.772+0000] {logging_mixin.py:190} INFO - [2025-09-16T23:43:54.772+0000] {dag.py:3239} INFO - Sync 3 DAGs
[2025-09-16T23:43:54.785+0000] {logging_mixin.py:190} INFO - [2025-09-16T23:43:54.785+0000] {dag.py:4180} INFO - Setting next_dagrun for dataset_with_extra_by_context to 2025-09-15 00:00:00+00:00, run_after=2025-09-16 00:00:00+00:00
[2025-09-16T23:43:54.787+0000] {logging_mixin.py:190} INFO - [2025-09-16T23:43:54.787+0000] {dag.py:4180} INFO - Setting next_dagrun for dataset_with_extra_by_yield to 2025-09-15 00:00:00+00:00, run_after=2025-09-16 00:00:00+00:00
[2025-09-16T23:43:54.788+0000] {logging_mixin.py:190} INFO - [2025-09-16T23:43:54.788+0000] {dag.py:4180} INFO - Setting next_dagrun for dataset_with_extra_from_classic_operator to 2025-09-15 00:00:00+00:00, run_after=2025-09-16 00:00:00+00:00
[2025-09-16T23:43:54.797+0000] {processor.py:208} INFO - Processing /home/airflow/.local/lib/python3.12/site-packages/airflow/example_dags/example_outlet_event_extra.py took 0.516 seconds
[2025-09-16T23:44:25.099+0000] {processor.py:186} INFO - Started process (PID=484) to work on /home/airflow/.local/lib/python3.12/site-packages/airflow/example_dags/example_outlet_event_extra.py
[2025-09-16T23:44:25.102+0000] {processor.py:914} INFO - Processing file /home/airflow/.local/lib/python3.12/site-packages/airflow/example_dags/example_outlet_event_extra.py for tasks to queue
[2025-09-16T23:44:25.106+0000] {logging_mixin.py:190} INFO - [2025-09-16T23:44:25.106+0000] {dagbag.py:588} INFO - Filling up the DagBag from /home/airflow/.local/lib/python3.12/site-packages/airflow/example_dags/example_outlet_event_extra.py
[2025-09-16T23:44:25.643+0000] {processor.py:925} INFO - DAG(s) 'dataset_with_extra_by_context', 'dataset_with_extra_from_classic_operator', 'dataset_with_extra_by_yield' retrieved from /home/airflow/.local/lib/python3.12/site-packages/airflow/example_dags/example_outlet_event_extra.py
[2025-09-16T23:44:25.669+0000] {logging_mixin.py:190} INFO - [2025-09-16T23:44:25.669+0000] {dag.py:3239} INFO - Sync 3 DAGs
[2025-09-16T23:44:25.694+0000] {logging_mixin.py:190} INFO - [2025-09-16T23:44:25.694+0000] {dag.py:4180} INFO - Setting next_dagrun for dataset_with_extra_by_context to 2025-09-15 00:00:00+00:00, run_after=2025-09-16 00:00:00+00:00
[2025-09-16T23:44:25.697+0000] {logging_mixin.py:190} INFO - [2025-09-16T23:44:25.697+0000] {dag.py:4180} INFO - Setting next_dagrun for dataset_with_extra_by_yield to 2025-09-15 00:00:00+00:00, run_after=2025-09-16 00:00:00+00:00
[2025-09-16T23:44:25.699+0000] {logging_mixin.py:190} INFO - [2025-09-16T23:44:25.699+0000] {dag.py:4180} INFO - Setting next_dagrun for dataset_with_extra_from_classic_operator to 2025-09-15 00:00:00+00:00, run_after=2025-09-16 00:00:00+00:00
[2025-09-16T23:44:25.741+0000] {processor.py:208} INFO - Processing /home/airflow/.local/lib/python3.12/site-packages/airflow/example_dags/example_outlet_event_extra.py took 0.647 seconds
[2025-09-16T23:44:56.650+0000] {processor.py:186} INFO - Started process (PID=552) to work on /home/airflow/.local/lib/python3.12/site-packages/airflow/example_dags/example_outlet_event_extra.py
[2025-09-16T23:44:56.651+0000] {processor.py:914} INFO - Processing file /home/airflow/.local/lib/python3.12/site-packages/airflow/example_dags/example_outlet_event_extra.py for tasks to queue
[2025-09-16T23:44:56.653+0000] {logging_mixin.py:190} INFO - [2025-09-16T23:44:56.653+0000] {dagbag.py:588} INFO - Filling up the DagBag from /home/airflow/.local/lib/python3.12/site-packages/airflow/example_dags/example_outlet_event_extra.py
[2025-09-16T23:44:57.054+0000] {processor.py:925} INFO - DAG(s) 'dataset_with_extra_by_context', 'dataset_with_extra_by_yield', 'dataset_with_extra_from_classic_operator' retrieved from /home/airflow/.local/lib/python3.12/site-packages/airflow/example_dags/example_outlet_event_extra.py
[2025-09-16T23:44:57.071+0000] {logging_mixin.py:190} INFO - [2025-09-16T23:44:57.071+0000] {dag.py:3239} INFO - Sync 3 DAGs
[2025-09-16T23:44:57.084+0000] {logging_mixin.py:190} INFO - [2025-09-16T23:44:57.084+0000] {dag.py:4180} INFO - Setting next_dagrun for dataset_with_extra_by_context to 2025-09-15 00:00:00+00:00, run_after=2025-09-16 00:00:00+00:00
[2025-09-16T23:44:57.087+0000] {logging_mixin.py:190} INFO - [2025-09-16T23:44:57.087+0000] {dag.py:4180} INFO - Setting next_dagrun for dataset_with_extra_by_yield to 2025-09-15 00:00:00+00:00, run_after=2025-09-16 00:00:00+00:00
[2025-09-16T23:44:57.089+0000] {logging_mixin.py:190} INFO - [2025-09-16T23:44:57.089+0000] {dag.py:4180} INFO - Setting next_dagrun for dataset_with_extra_from_classic_operator to 2025-09-15 00:00:00+00:00, run_after=2025-09-16 00:00:00+00:00
[2025-09-16T23:44:57.104+0000] {processor.py:208} INFO - Processing /home/airflow/.local/lib/python3.12/site-packages/airflow/example_dags/example_outlet_event_extra.py took 0.461 seconds
[2025-09-16T23:45:27.277+0000] {processor.py:186} INFO - Started process (PID=615) to work on /home/airflow/.local/lib/python3.12/site-packages/airflow/example_dags/example_outlet_event_extra.py
[2025-09-16T23:45:27.280+0000] {processor.py:914} INFO - Processing file /home/airflow/.local/lib/python3.12/site-packages/airflow/example_dags/example_outlet_event_extra.py for tasks to queue
[2025-09-16T23:45:27.284+0000] {logging_mixin.py:190} INFO - [2025-09-16T23:45:27.284+0000] {dagbag.py:588} INFO - Filling up the DagBag from /home/airflow/.local/lib/python3.12/site-packages/airflow/example_dags/example_outlet_event_extra.py
[2025-09-16T23:45:27.742+0000] {processor.py:925} INFO - DAG(s) 'dataset_with_extra_by_context', 'dataset_with_extra_from_classic_operator', 'dataset_with_extra_by_yield' retrieved from /home/airflow/.local/lib/python3.12/site-packages/airflow/example_dags/example_outlet_event_extra.py
[2025-09-16T23:45:27.762+0000] {logging_mixin.py:190} INFO - [2025-09-16T23:45:27.762+0000] {dag.py:3239} INFO - Sync 3 DAGs
[2025-09-16T23:45:27.777+0000] {logging_mixin.py:190} INFO - [2025-09-16T23:45:27.776+0000] {dag.py:4180} INFO - Setting next_dagrun for dataset_with_extra_by_context to 2025-09-15 00:00:00+00:00, run_after=2025-09-16 00:00:00+00:00
[2025-09-16T23:45:27.779+0000] {logging_mixin.py:190} INFO - [2025-09-16T23:45:27.779+0000] {dag.py:4180} INFO - Setting next_dagrun for dataset_with_extra_by_yield to 2025-09-15 00:00:00+00:00, run_after=2025-09-16 00:00:00+00:00
[2025-09-16T23:45:27.780+0000] {logging_mixin.py:190} INFO - [2025-09-16T23:45:27.780+0000] {dag.py:4180} INFO - Setting next_dagrun for dataset_with_extra_from_classic_operator to 2025-09-15 00:00:00+00:00, run_after=2025-09-16 00:00:00+00:00
[2025-09-16T23:45:27.792+0000] {processor.py:208} INFO - Processing /home/airflow/.local/lib/python3.12/site-packages/airflow/example_dags/example_outlet_event_extra.py took 0.524 seconds
[2025-09-16T23:45:58.045+0000] {processor.py:186} INFO - Started process (PID=678) to work on /home/airflow/.local/lib/python3.12/site-packages/airflow/example_dags/example_outlet_event_extra.py
[2025-09-16T23:45:58.046+0000] {processor.py:914} INFO - Processing file /home/airflow/.local/lib/python3.12/site-packages/airflow/example_dags/example_outlet_event_extra.py for tasks to queue
[2025-09-16T23:45:58.048+0000] {logging_mixin.py:190} INFO - [2025-09-16T23:45:58.048+0000] {dagbag.py:588} INFO - Filling up the DagBag from /home/airflow/.local/lib/python3.12/site-packages/airflow/example_dags/example_outlet_event_extra.py
[2025-09-16T23:45:58.408+0000] {processor.py:925} INFO - DAG(s) 'dataset_with_extra_by_yield', 'dataset_with_extra_by_context', 'dataset_with_extra_from_classic_operator' retrieved from /home/airflow/.local/lib/python3.12/site-packages/airflow/example_dags/example_outlet_event_extra.py
[2025-09-16T23:45:58.422+0000] {logging_mixin.py:190} INFO - [2025-09-16T23:45:58.422+0000] {dag.py:3239} INFO - Sync 3 DAGs
[2025-09-16T23:45:58.432+0000] {logging_mixin.py:190} INFO - [2025-09-16T23:45:58.432+0000] {dag.py:4180} INFO - Setting next_dagrun for dataset_with_extra_by_context to 2025-09-15 00:00:00+00:00, run_after=2025-09-16 00:00:00+00:00
[2025-09-16T23:45:58.435+0000] {logging_mixin.py:190} INFO - [2025-09-16T23:45:58.434+0000] {dag.py:4180} INFO - Setting next_dagrun for dataset_with_extra_by_yield to 2025-09-15 00:00:00+00:00, run_after=2025-09-16 00:00:00+00:00
[2025-09-16T23:45:58.436+0000] {logging_mixin.py:190} INFO - [2025-09-16T23:45:58.436+0000] {dag.py:4180} INFO - Setting next_dagrun for dataset_with_extra_from_classic_operator to 2025-09-15 00:00:00+00:00, run_after=2025-09-16 00:00:00+00:00
[2025-09-16T23:45:58.448+0000] {processor.py:208} INFO - Processing /home/airflow/.local/lib/python3.12/site-packages/airflow/example_dags/example_outlet_event_extra.py took 0.409 seconds
[2025-09-16T23:46:28.663+0000] {processor.py:186} INFO - Started process (PID=741) to work on /home/airflow/.local/lib/python3.12/site-packages/airflow/example_dags/example_outlet_event_extra.py
[2025-09-16T23:46:28.666+0000] {processor.py:914} INFO - Processing file /home/airflow/.local/lib/python3.12/site-packages/airflow/example_dags/example_outlet_event_extra.py for tasks to queue
[2025-09-16T23:46:28.669+0000] {logging_mixin.py:190} INFO - [2025-09-16T23:46:28.668+0000] {dagbag.py:588} INFO - Filling up the DagBag from /home/airflow/.local/lib/python3.12/site-packages/airflow/example_dags/example_outlet_event_extra.py
[2025-09-16T23:46:29.078+0000] {processor.py:925} INFO - DAG(s) 'dataset_with_extra_by_yield', 'dataset_with_extra_from_classic_operator', 'dataset_with_extra_by_context' retrieved from /home/airflow/.local/lib/python3.12/site-packages/airflow/example_dags/example_outlet_event_extra.py
[2025-09-16T23:46:29.093+0000] {logging_mixin.py:190} INFO - [2025-09-16T23:46:29.093+0000] {dag.py:3239} INFO - Sync 3 DAGs
[2025-09-16T23:46:29.108+0000] {logging_mixin.py:190} INFO - [2025-09-16T23:46:29.108+0000] {dag.py:4180} INFO - Setting next_dagrun for dataset_with_extra_by_context to 2025-09-15 00:00:00+00:00, run_after=2025-09-16 00:00:00+00:00
[2025-09-16T23:46:29.111+0000] {logging_mixin.py:190} INFO - [2025-09-16T23:46:29.111+0000] {dag.py:4180} INFO - Setting next_dagrun for dataset_with_extra_by_yield to 2025-09-15 00:00:00+00:00, run_after=2025-09-16 00:00:00+00:00
[2025-09-16T23:46:29.113+0000] {logging_mixin.py:190} INFO - [2025-09-16T23:46:29.113+0000] {dag.py:4180} INFO - Setting next_dagrun for dataset_with_extra_from_classic_operator to 2025-09-15 00:00:00+00:00, run_after=2025-09-16 00:00:00+00:00
[2025-09-16T23:46:29.123+0000] {processor.py:208} INFO - Processing /home/airflow/.local/lib/python3.12/site-packages/airflow/example_dags/example_outlet_event_extra.py took 0.468 seconds
[2025-09-16T23:46:59.315+0000] {processor.py:186} INFO - Started process (PID=804) to work on /home/airflow/.local/lib/python3.12/site-packages/airflow/example_dags/example_outlet_event_extra.py
[2025-09-16T23:46:59.318+0000] {processor.py:914} INFO - Processing file /home/airflow/.local/lib/python3.12/site-packages/airflow/example_dags/example_outlet_event_extra.py for tasks to queue
[2025-09-16T23:46:59.320+0000] {logging_mixin.py:190} INFO - [2025-09-16T23:46:59.320+0000] {dagbag.py:588} INFO - Filling up the DagBag from /home/airflow/.local/lib/python3.12/site-packages/airflow/example_dags/example_outlet_event_extra.py
[2025-09-16T23:46:59.803+0000] {processor.py:925} INFO - DAG(s) 'dataset_with_extra_by_context', 'dataset_with_extra_from_classic_operator', 'dataset_with_extra_by_yield' retrieved from /home/airflow/.local/lib/python3.12/site-packages/airflow/example_dags/example_outlet_event_extra.py
[2025-09-16T23:46:59.825+0000] {logging_mixin.py:190} INFO - [2025-09-16T23:46:59.825+0000] {dag.py:3239} INFO - Sync 3 DAGs
[2025-09-16T23:46:59.842+0000] {logging_mixin.py:190} INFO - [2025-09-16T23:46:59.842+0000] {dag.py:4180} INFO - Setting next_dagrun for dataset_with_extra_by_context to 2025-09-15 00:00:00+00:00, run_after=2025-09-16 00:00:00+00:00
[2025-09-16T23:46:59.845+0000] {logging_mixin.py:190} INFO - [2025-09-16T23:46:59.845+0000] {dag.py:4180} INFO - Setting next_dagrun for dataset_with_extra_by_yield to 2025-09-15 00:00:00+00:00, run_after=2025-09-16 00:00:00+00:00
[2025-09-16T23:46:59.847+0000] {logging_mixin.py:190} INFO - [2025-09-16T23:46:59.846+0000] {dag.py:4180} INFO - Setting next_dagrun for dataset_with_extra_from_classic_operator to 2025-09-15 00:00:00+00:00, run_after=2025-09-16 00:00:00+00:00
[2025-09-16T23:46:59.857+0000] {processor.py:208} INFO - Processing /home/airflow/.local/lib/python3.12/site-packages/airflow/example_dags/example_outlet_event_extra.py took 0.550 seconds
[2025-09-16T23:47:29.910+0000] {processor.py:186} INFO - Started process (PID=867) to work on /home/airflow/.local/lib/python3.12/site-packages/airflow/example_dags/example_outlet_event_extra.py
[2025-09-16T23:47:29.913+0000] {processor.py:914} INFO - Processing file /home/airflow/.local/lib/python3.12/site-packages/airflow/example_dags/example_outlet_event_extra.py for tasks to queue
[2025-09-16T23:47:29.915+0000] {logging_mixin.py:190} INFO - [2025-09-16T23:47:29.915+0000] {dagbag.py:588} INFO - Filling up the DagBag from /home/airflow/.local/lib/python3.12/site-packages/airflow/example_dags/example_outlet_event_extra.py
[2025-09-16T23:47:30.270+0000] {processor.py:925} INFO - DAG(s) 'dataset_with_extra_from_classic_operator', 'dataset_with_extra_by_yield', 'dataset_with_extra_by_context' retrieved from /home/airflow/.local/lib/python3.12/site-packages/airflow/example_dags/example_outlet_event_extra.py
[2025-09-16T23:47:30.287+0000] {logging_mixin.py:190} INFO - [2025-09-16T23:47:30.287+0000] {dag.py:3239} INFO - Sync 3 DAGs
[2025-09-16T23:47:30.303+0000] {logging_mixin.py:190} INFO - [2025-09-16T23:47:30.303+0000] {dag.py:4180} INFO - Setting next_dagrun for dataset_with_extra_by_context to 2025-09-15 00:00:00+00:00, run_after=2025-09-16 00:00:00+00:00
[2025-09-16T23:47:30.306+0000] {logging_mixin.py:190} INFO - [2025-09-16T23:47:30.305+0000] {dag.py:4180} INFO - Setting next_dagrun for dataset_with_extra_by_yield to 2025-09-15 00:00:00+00:00, run_after=2025-09-16 00:00:00+00:00
[2025-09-16T23:47:30.307+0000] {logging_mixin.py:190} INFO - [2025-09-16T23:47:30.307+0000] {dag.py:4180} INFO - Setting next_dagrun for dataset_with_extra_from_classic_operator to 2025-09-15 00:00:00+00:00, run_after=2025-09-16 00:00:00+00:00
[2025-09-16T23:47:30.321+0000] {processor.py:208} INFO - Processing /home/airflow/.local/lib/python3.12/site-packages/airflow/example_dags/example_outlet_event_extra.py took 0.418 seconds
[2025-09-16T23:48:00.752+0000] {processor.py:186} INFO - Started process (PID=930) to work on /home/airflow/.local/lib/python3.12/site-packages/airflow/example_dags/example_outlet_event_extra.py
[2025-09-16T23:48:00.755+0000] {processor.py:914} INFO - Processing file /home/airflow/.local/lib/python3.12/site-packages/airflow/example_dags/example_outlet_event_extra.py for tasks to queue
[2025-09-16T23:48:00.758+0000] {logging_mixin.py:190} INFO - [2025-09-16T23:48:00.758+0000] {dagbag.py:588} INFO - Filling up the DagBag from /home/airflow/.local/lib/python3.12/site-packages/airflow/example_dags/example_outlet_event_extra.py
[2025-09-16T23:48:01.352+0000] {processor.py:925} INFO - DAG(s) 'dataset_with_extra_by_yield', 'dataset_with_extra_by_context', 'dataset_with_extra_from_classic_operator' retrieved from /home/airflow/.local/lib/python3.12/site-packages/airflow/example_dags/example_outlet_event_extra.py
[2025-09-16T23:48:01.376+0000] {logging_mixin.py:190} INFO - [2025-09-16T23:48:01.376+0000] {dag.py:3239} INFO - Sync 3 DAGs
[2025-09-16T23:48:01.389+0000] {logging_mixin.py:190} INFO - [2025-09-16T23:48:01.389+0000] {dag.py:4180} INFO - Setting next_dagrun for dataset_with_extra_by_context to 2025-09-15 00:00:00+00:00, run_after=2025-09-16 00:00:00+00:00
[2025-09-16T23:48:01.392+0000] {logging_mixin.py:190} INFO - [2025-09-16T23:48:01.391+0000] {dag.py:4180} INFO - Setting next_dagrun for dataset_with_extra_by_yield to 2025-09-15 00:00:00+00:00, run_after=2025-09-16 00:00:00+00:00
[2025-09-16T23:48:01.394+0000] {logging_mixin.py:190} INFO - [2025-09-16T23:48:01.394+0000] {dag.py:4180} INFO - Setting next_dagrun for dataset_with_extra_from_classic_operator to 2025-09-15 00:00:00+00:00, run_after=2025-09-16 00:00:00+00:00
[2025-09-16T23:48:01.404+0000] {processor.py:208} INFO - Processing /home/airflow/.local/lib/python3.12/site-packages/airflow/example_dags/example_outlet_event_extra.py took 0.660 seconds
[2025-09-16T23:48:31.655+0000] {processor.py:186} INFO - Started process (PID=993) to work on /home/airflow/.local/lib/python3.12/site-packages/airflow/example_dags/example_outlet_event_extra.py
[2025-09-16T23:48:31.657+0000] {processor.py:914} INFO - Processing file /home/airflow/.local/lib/python3.12/site-packages/airflow/example_dags/example_outlet_event_extra.py for tasks to queue
[2025-09-16T23:48:31.659+0000] {logging_mixin.py:190} INFO - [2025-09-16T23:48:31.659+0000] {dagbag.py:588} INFO - Filling up the DagBag from /home/airflow/.local/lib/python3.12/site-packages/airflow/example_dags/example_outlet_event_extra.py
[2025-09-16T23:48:32.154+0000] {processor.py:925} INFO - DAG(s) 'dataset_with_extra_by_yield', 'dataset_with_extra_by_context', 'dataset_with_extra_from_classic_operator' retrieved from /home/airflow/.local/lib/python3.12/site-packages/airflow/example_dags/example_outlet_event_extra.py
[2025-09-16T23:48:32.172+0000] {logging_mixin.py:190} INFO - [2025-09-16T23:48:32.172+0000] {dag.py:3239} INFO - Sync 3 DAGs
[2025-09-16T23:48:32.185+0000] {logging_mixin.py:190} INFO - [2025-09-16T23:48:32.185+0000] {dag.py:4180} INFO - Setting next_dagrun for dataset_with_extra_by_context to 2025-09-15 00:00:00+00:00, run_after=2025-09-16 00:00:00+00:00
[2025-09-16T23:48:32.190+0000] {logging_mixin.py:190} INFO - [2025-09-16T23:48:32.190+0000] {dag.py:4180} INFO - Setting next_dagrun for dataset_with_extra_by_yield to 2025-09-15 00:00:00+00:00, run_after=2025-09-16 00:00:00+00:00
[2025-09-16T23:48:32.191+0000] {logging_mixin.py:190} INFO - [2025-09-16T23:48:32.191+0000] {dag.py:4180} INFO - Setting next_dagrun for dataset_with_extra_from_classic_operator to 2025-09-15 00:00:00+00:00, run_after=2025-09-16 00:00:00+00:00
[2025-09-16T23:48:32.201+0000] {processor.py:208} INFO - Processing /home/airflow/.local/lib/python3.12/site-packages/airflow/example_dags/example_outlet_event_extra.py took 0.552 seconds
[2025-09-16T23:49:02.419+0000] {processor.py:186} INFO - Started process (PID=1056) to work on /home/airflow/.local/lib/python3.12/site-packages/airflow/example_dags/example_outlet_event_extra.py
[2025-09-16T23:49:02.422+0000] {processor.py:914} INFO - Processing file /home/airflow/.local/lib/python3.12/site-packages/airflow/example_dags/example_outlet_event_extra.py for tasks to queue
[2025-09-16T23:49:02.425+0000] {logging_mixin.py:190} INFO - [2025-09-16T23:49:02.425+0000] {dagbag.py:588} INFO - Filling up the DagBag from /home/airflow/.local/lib/python3.12/site-packages/airflow/example_dags/example_outlet_event_extra.py
[2025-09-16T23:49:02.968+0000] {processor.py:925} INFO - DAG(s) 'dataset_with_extra_by_yield', 'dataset_with_extra_from_classic_operator', 'dataset_with_extra_by_context' retrieved from /home/airflow/.local/lib/python3.12/site-packages/airflow/example_dags/example_outlet_event_extra.py
[2025-09-16T23:49:02.990+0000] {logging_mixin.py:190} INFO - [2025-09-16T23:49:02.990+0000] {dag.py:3239} INFO - Sync 3 DAGs
[2025-09-16T23:49:03.005+0000] {logging_mixin.py:190} INFO - [2025-09-16T23:49:03.004+0000] {dag.py:4180} INFO - Setting next_dagrun for dataset_with_extra_by_context to 2025-09-15 00:00:00+00:00, run_after=2025-09-16 00:00:00+00:00
[2025-09-16T23:49:03.007+0000] {logging_mixin.py:190} INFO - [2025-09-16T23:49:03.007+0000] {dag.py:4180} INFO - Setting next_dagrun for dataset_with_extra_by_yield to 2025-09-15 00:00:00+00:00, run_after=2025-09-16 00:00:00+00:00
[2025-09-16T23:49:03.009+0000] {logging_mixin.py:190} INFO - [2025-09-16T23:49:03.009+0000] {dag.py:4180} INFO - Setting next_dagrun for dataset_with_extra_from_classic_operator to 2025-09-15 00:00:00+00:00, run_after=2025-09-16 00:00:00+00:00
[2025-09-16T23:49:03.019+0000] {processor.py:208} INFO - Processing /home/airflow/.local/lib/python3.12/site-packages/airflow/example_dags/example_outlet_event_extra.py took 0.610 seconds
[2025-09-16T23:49:33.130+0000] {processor.py:186} INFO - Started process (PID=1119) to work on /home/airflow/.local/lib/python3.12/site-packages/airflow/example_dags/example_outlet_event_extra.py
[2025-09-16T23:49:33.133+0000] {processor.py:914} INFO - Processing file /home/airflow/.local/lib/python3.12/site-packages/airflow/example_dags/example_outlet_event_extra.py for tasks to queue
[2025-09-16T23:49:33.135+0000] {logging_mixin.py:190} INFO - [2025-09-16T23:49:33.135+0000] {dagbag.py:588} INFO - Filling up the DagBag from /home/airflow/.local/lib/python3.12/site-packages/airflow/example_dags/example_outlet_event_extra.py
[2025-09-16T23:49:33.477+0000] {processor.py:925} INFO - DAG(s) 'dataset_with_extra_by_yield', 'dataset_with_extra_by_context', 'dataset_with_extra_from_classic_operator' retrieved from /home/airflow/.local/lib/python3.12/site-packages/airflow/example_dags/example_outlet_event_extra.py
[2025-09-16T23:49:33.490+0000] {logging_mixin.py:190} INFO - [2025-09-16T23:49:33.489+0000] {dag.py:3239} INFO - Sync 3 DAGs
[2025-09-16T23:49:33.501+0000] {logging_mixin.py:190} INFO - [2025-09-16T23:49:33.501+0000] {dag.py:4180} INFO - Setting next_dagrun for dataset_with_extra_by_context to 2025-09-15 00:00:00+00:00, run_after=2025-09-16 00:00:00+00:00
[2025-09-16T23:49:33.503+0000] {logging_mixin.py:190} INFO - [2025-09-16T23:49:33.503+0000] {dag.py:4180} INFO - Setting next_dagrun for dataset_with_extra_by_yield to 2025-09-15 00:00:00+00:00, run_after=2025-09-16 00:00:00+00:00
[2025-09-16T23:49:33.504+0000] {logging_mixin.py:190} INFO - [2025-09-16T23:49:33.504+0000] {dag.py:4180} INFO - Setting next_dagrun for dataset_with_extra_from_classic_operator to 2025-09-15 00:00:00+00:00, run_after=2025-09-16 00:00:00+00:00
[2025-09-16T23:49:33.512+0000] {processor.py:208} INFO - Processing /home/airflow/.local/lib/python3.12/site-packages/airflow/example_dags/example_outlet_event_extra.py took 0.389 seconds
[2025-09-16T23:50:03.695+0000] {processor.py:186} INFO - Started process (PID=1182) to work on /home/airflow/.local/lib/python3.12/site-packages/airflow/example_dags/example_outlet_event_extra.py
[2025-09-16T23:50:03.698+0000] {processor.py:914} INFO - Processing file /home/airflow/.local/lib/python3.12/site-packages/airflow/example_dags/example_outlet_event_extra.py for tasks to queue
[2025-09-16T23:50:03.700+0000] {logging_mixin.py:190} INFO - [2025-09-16T23:50:03.700+0000] {dagbag.py:588} INFO - Filling up the DagBag from /home/airflow/.local/lib/python3.12/site-packages/airflow/example_dags/example_outlet_event_extra.py
[2025-09-16T23:50:04.030+0000] {processor.py:925} INFO - DAG(s) 'dataset_with_extra_by_yield', 'dataset_with_extra_from_classic_operator', 'dataset_with_extra_by_context' retrieved from /home/airflow/.local/lib/python3.12/site-packages/airflow/example_dags/example_outlet_event_extra.py
[2025-09-16T23:50:04.044+0000] {logging_mixin.py:190} INFO - [2025-09-16T23:50:04.044+0000] {dag.py:3239} INFO - Sync 3 DAGs
[2025-09-16T23:50:04.055+0000] {logging_mixin.py:190} INFO - [2025-09-16T23:50:04.055+0000] {dag.py:4180} INFO - Setting next_dagrun for dataset_with_extra_by_context to 2025-09-15 00:00:00+00:00, run_after=2025-09-16 00:00:00+00:00
[2025-09-16T23:50:04.057+0000] {logging_mixin.py:190} INFO - [2025-09-16T23:50:04.057+0000] {dag.py:4180} INFO - Setting next_dagrun for dataset_with_extra_by_yield to 2025-09-15 00:00:00+00:00, run_after=2025-09-16 00:00:00+00:00
[2025-09-16T23:50:04.059+0000] {logging_mixin.py:190} INFO - [2025-09-16T23:50:04.058+0000] {dag.py:4180} INFO - Setting next_dagrun for dataset_with_extra_from_classic_operator to 2025-09-15 00:00:00+00:00, run_after=2025-09-16 00:00:00+00:00
[2025-09-16T23:50:04.067+0000] {processor.py:208} INFO - Processing /home/airflow/.local/lib/python3.12/site-packages/airflow/example_dags/example_outlet_event_extra.py took 0.380 seconds
[2025-09-16T23:50:34.855+0000] {processor.py:186} INFO - Started process (PID=1245) to work on /home/airflow/.local/lib/python3.12/site-packages/airflow/example_dags/example_outlet_event_extra.py
[2025-09-16T23:50:34.859+0000] {processor.py:914} INFO - Processing file /home/airflow/.local/lib/python3.12/site-packages/airflow/example_dags/example_outlet_event_extra.py for tasks to queue
[2025-09-16T23:50:34.863+0000] {logging_mixin.py:190} INFO - [2025-09-16T23:50:34.863+0000] {dagbag.py:588} INFO - Filling up the DagBag from /home/airflow/.local/lib/python3.12/site-packages/airflow/example_dags/example_outlet_event_extra.py
[2025-09-16T23:50:35.184+0000] {processor.py:925} INFO - DAG(s) 'dataset_with_extra_by_yield', 'dataset_with_extra_from_classic_operator', 'dataset_with_extra_by_context' retrieved from /home/airflow/.local/lib/python3.12/site-packages/airflow/example_dags/example_outlet_event_extra.py
[2025-09-16T23:50:35.198+0000] {logging_mixin.py:190} INFO - [2025-09-16T23:50:35.198+0000] {dag.py:3239} INFO - Sync 3 DAGs
[2025-09-16T23:50:35.211+0000] {logging_mixin.py:190} INFO - [2025-09-16T23:50:35.211+0000] {dag.py:4180} INFO - Setting next_dagrun for dataset_with_extra_by_context to 2025-09-15 00:00:00+00:00, run_after=2025-09-16 00:00:00+00:00
[2025-09-16T23:50:35.214+0000] {logging_mixin.py:190} INFO - [2025-09-16T23:50:35.214+0000] {dag.py:4180} INFO - Setting next_dagrun for dataset_with_extra_by_yield to 2025-09-15 00:00:00+00:00, run_after=2025-09-16 00:00:00+00:00
[2025-09-16T23:50:35.216+0000] {logging_mixin.py:190} INFO - [2025-09-16T23:50:35.215+0000] {dag.py:4180} INFO - Setting next_dagrun for dataset_with_extra_from_classic_operator to 2025-09-15 00:00:00+00:00, run_after=2025-09-16 00:00:00+00:00
[2025-09-16T23:50:35.228+0000] {processor.py:208} INFO - Processing /home/airflow/.local/lib/python3.12/site-packages/airflow/example_dags/example_outlet_event_extra.py took 0.383 seconds
[2025-09-16T23:51:06.083+0000] {processor.py:186} INFO - Started process (PID=1308) to work on /home/airflow/.local/lib/python3.12/site-packages/airflow/example_dags/example_outlet_event_extra.py
[2025-09-16T23:51:06.086+0000] {processor.py:914} INFO - Processing file /home/airflow/.local/lib/python3.12/site-packages/airflow/example_dags/example_outlet_event_extra.py for tasks to queue
[2025-09-16T23:51:06.088+0000] {logging_mixin.py:190} INFO - [2025-09-16T23:51:06.088+0000] {dagbag.py:588} INFO - Filling up the DagBag from /home/airflow/.local/lib/python3.12/site-packages/airflow/example_dags/example_outlet_event_extra.py
[2025-09-16T23:51:06.477+0000] {processor.py:925} INFO - DAG(s) 'dataset_with_extra_by_yield', 'dataset_with_extra_from_classic_operator', 'dataset_with_extra_by_context' retrieved from /home/airflow/.local/lib/python3.12/site-packages/airflow/example_dags/example_outlet_event_extra.py
[2025-09-16T23:51:06.490+0000] {logging_mixin.py:190} INFO - [2025-09-16T23:51:06.490+0000] {dag.py:3239} INFO - Sync 3 DAGs
[2025-09-16T23:51:06.501+0000] {logging_mixin.py:190} INFO - [2025-09-16T23:51:06.501+0000] {dag.py:4180} INFO - Setting next_dagrun for dataset_with_extra_by_context to 2025-09-15 00:00:00+00:00, run_after=2025-09-16 00:00:00+00:00
[2025-09-16T23:51:06.503+0000] {logging_mixin.py:190} INFO - [2025-09-16T23:51:06.503+0000] {dag.py:4180} INFO - Setting next_dagrun for dataset_with_extra_by_yield to 2025-09-15 00:00:00+00:00, run_after=2025-09-16 00:00:00+00:00
[2025-09-16T23:51:06.504+0000] {logging_mixin.py:190} INFO - [2025-09-16T23:51:06.504+0000] {dag.py:4180} INFO - Setting next_dagrun for dataset_with_extra_from_classic_operator to 2025-09-15 00:00:00+00:00, run_after=2025-09-16 00:00:00+00:00
[2025-09-16T23:51:06.513+0000] {processor.py:208} INFO - Processing /home/airflow/.local/lib/python3.12/site-packages/airflow/example_dags/example_outlet_event_extra.py took 0.438 seconds
[2025-09-16T23:51:37.504+0000] {processor.py:186} INFO - Started process (PID=1371) to work on /home/airflow/.local/lib/python3.12/site-packages/airflow/example_dags/example_outlet_event_extra.py
[2025-09-16T23:51:37.505+0000] {processor.py:914} INFO - Processing file /home/airflow/.local/lib/python3.12/site-packages/airflow/example_dags/example_outlet_event_extra.py for tasks to queue
[2025-09-16T23:51:37.507+0000] {logging_mixin.py:190} INFO - [2025-09-16T23:51:37.507+0000] {dagbag.py:588} INFO - Filling up the DagBag from /home/airflow/.local/lib/python3.12/site-packages/airflow/example_dags/example_outlet_event_extra.py
[2025-09-16T23:51:37.938+0000] {processor.py:925} INFO - DAG(s) 'dataset_with_extra_from_classic_operator', 'dataset_with_extra_by_yield', 'dataset_with_extra_by_context' retrieved from /home/airflow/.local/lib/python3.12/site-packages/airflow/example_dags/example_outlet_event_extra.py
[2025-09-16T23:51:37.950+0000] {logging_mixin.py:190} INFO - [2025-09-16T23:51:37.950+0000] {dag.py:3239} INFO - Sync 3 DAGs
[2025-09-16T23:51:37.967+0000] {logging_mixin.py:190} INFO - [2025-09-16T23:51:37.967+0000] {dag.py:4180} INFO - Setting next_dagrun for dataset_with_extra_by_context to 2025-09-15 00:00:00+00:00, run_after=2025-09-16 00:00:00+00:00
[2025-09-16T23:51:37.970+0000] {logging_mixin.py:190} INFO - [2025-09-16T23:51:37.970+0000] {dag.py:4180} INFO - Setting next_dagrun for dataset_with_extra_by_yield to 2025-09-15 00:00:00+00:00, run_after=2025-09-16 00:00:00+00:00
[2025-09-16T23:51:37.971+0000] {logging_mixin.py:190} INFO - [2025-09-16T23:51:37.971+0000] {dag.py:4180} INFO - Setting next_dagrun for dataset_with_extra_from_classic_operator to 2025-09-15 00:00:00+00:00, run_after=2025-09-16 00:00:00+00:00
[2025-09-16T23:51:37.982+0000] {processor.py:208} INFO - Processing /home/airflow/.local/lib/python3.12/site-packages/airflow/example_dags/example_outlet_event_extra.py took 0.483 seconds
[2025-09-16T23:52:08.983+0000] {processor.py:186} INFO - Started process (PID=1434) to work on /home/airflow/.local/lib/python3.12/site-packages/airflow/example_dags/example_outlet_event_extra.py
[2025-09-16T23:52:08.985+0000] {processor.py:914} INFO - Processing file /home/airflow/.local/lib/python3.12/site-packages/airflow/example_dags/example_outlet_event_extra.py for tasks to queue
[2025-09-16T23:52:08.988+0000] {logging_mixin.py:190} INFO - [2025-09-16T23:52:08.988+0000] {dagbag.py:588} INFO - Filling up the DagBag from /home/airflow/.local/lib/python3.12/site-packages/airflow/example_dags/example_outlet_event_extra.py
[2025-09-16T23:52:09.341+0000] {processor.py:925} INFO - DAG(s) 'dataset_with_extra_by_yield', 'dataset_with_extra_from_classic_operator', 'dataset_with_extra_by_context' retrieved from /home/airflow/.local/lib/python3.12/site-packages/airflow/example_dags/example_outlet_event_extra.py
[2025-09-16T23:52:09.352+0000] {logging_mixin.py:190} INFO - [2025-09-16T23:52:09.352+0000] {dag.py:3239} INFO - Sync 3 DAGs
[2025-09-16T23:52:09.364+0000] {logging_mixin.py:190} INFO - [2025-09-16T23:52:09.364+0000] {dag.py:4180} INFO - Setting next_dagrun for dataset_with_extra_by_context to 2025-09-15 00:00:00+00:00, run_after=2025-09-16 00:00:00+00:00
[2025-09-16T23:52:09.367+0000] {logging_mixin.py:190} INFO - [2025-09-16T23:52:09.367+0000] {dag.py:4180} INFO - Setting next_dagrun for dataset_with_extra_by_yield to 2025-09-15 00:00:00+00:00, run_after=2025-09-16 00:00:00+00:00
[2025-09-16T23:52:09.368+0000] {logging_mixin.py:190} INFO - [2025-09-16T23:52:09.368+0000] {dag.py:4180} INFO - Setting next_dagrun for dataset_with_extra_from_classic_operator to 2025-09-15 00:00:00+00:00, run_after=2025-09-16 00:00:00+00:00
[2025-09-16T23:52:09.378+0000] {processor.py:208} INFO - Processing /home/airflow/.local/lib/python3.12/site-packages/airflow/example_dags/example_outlet_event_extra.py took 0.405 seconds
[2025-09-16T23:52:39.500+0000] {processor.py:186} INFO - Started process (PID=1497) to work on /home/airflow/.local/lib/python3.12/site-packages/airflow/example_dags/example_outlet_event_extra.py
[2025-09-16T23:52:39.502+0000] {processor.py:914} INFO - Processing file /home/airflow/.local/lib/python3.12/site-packages/airflow/example_dags/example_outlet_event_extra.py for tasks to queue
[2025-09-16T23:52:39.505+0000] {logging_mixin.py:190} INFO - [2025-09-16T23:52:39.504+0000] {dagbag.py:588} INFO - Filling up the DagBag from /home/airflow/.local/lib/python3.12/site-packages/airflow/example_dags/example_outlet_event_extra.py
[2025-09-16T23:52:39.827+0000] {processor.py:925} INFO - DAG(s) 'dataset_with_extra_by_context', 'dataset_with_extra_by_yield', 'dataset_with_extra_from_classic_operator' retrieved from /home/airflow/.local/lib/python3.12/site-packages/airflow/example_dags/example_outlet_event_extra.py
[2025-09-16T23:52:39.838+0000] {logging_mixin.py:190} INFO - [2025-09-16T23:52:39.838+0000] {dag.py:3239} INFO - Sync 3 DAGs
[2025-09-16T23:52:39.858+0000] {logging_mixin.py:190} INFO - [2025-09-16T23:52:39.858+0000] {dag.py:4180} INFO - Setting next_dagrun for dataset_with_extra_by_context to 2025-09-15 00:00:00+00:00, run_after=2025-09-16 00:00:00+00:00
[2025-09-16T23:52:39.861+0000] {logging_mixin.py:190} INFO - [2025-09-16T23:52:39.861+0000] {dag.py:4180} INFO - Setting next_dagrun for dataset_with_extra_by_yield to 2025-09-15 00:00:00+00:00, run_after=2025-09-16 00:00:00+00:00
[2025-09-16T23:52:39.863+0000] {logging_mixin.py:190} INFO - [2025-09-16T23:52:39.863+0000] {dag.py:4180} INFO - Setting next_dagrun for dataset_with_extra_from_classic_operator to 2025-09-15 00:00:00+00:00, run_after=2025-09-16 00:00:00+00:00
[2025-09-16T23:52:39.873+0000] {processor.py:208} INFO - Processing /home/airflow/.local/lib/python3.12/site-packages/airflow/example_dags/example_outlet_event_extra.py took 0.382 seconds
[2025-09-16T23:53:10.855+0000] {processor.py:186} INFO - Started process (PID=1560) to work on /home/airflow/.local/lib/python3.12/site-packages/airflow/example_dags/example_outlet_event_extra.py
[2025-09-16T23:53:10.857+0000] {processor.py:914} INFO - Processing file /home/airflow/.local/lib/python3.12/site-packages/airflow/example_dags/example_outlet_event_extra.py for tasks to queue
[2025-09-16T23:53:10.862+0000] {logging_mixin.py:190} INFO - [2025-09-16T23:53:10.861+0000] {dagbag.py:588} INFO - Filling up the DagBag from /home/airflow/.local/lib/python3.12/site-packages/airflow/example_dags/example_outlet_event_extra.py
[2025-09-16T23:53:11.206+0000] {processor.py:925} INFO - DAG(s) 'dataset_with_extra_by_yield', 'dataset_with_extra_by_context', 'dataset_with_extra_from_classic_operator' retrieved from /home/airflow/.local/lib/python3.12/site-packages/airflow/example_dags/example_outlet_event_extra.py
[2025-09-16T23:53:11.218+0000] {logging_mixin.py:190} INFO - [2025-09-16T23:53:11.218+0000] {dag.py:3239} INFO - Sync 3 DAGs
[2025-09-16T23:53:11.228+0000] {logging_mixin.py:190} INFO - [2025-09-16T23:53:11.228+0000] {dag.py:4180} INFO - Setting next_dagrun for dataset_with_extra_by_context to 2025-09-15 00:00:00+00:00, run_after=2025-09-16 00:00:00+00:00
[2025-09-16T23:53:11.230+0000] {logging_mixin.py:190} INFO - [2025-09-16T23:53:11.230+0000] {dag.py:4180} INFO - Setting next_dagrun for dataset_with_extra_by_yield to 2025-09-15 00:00:00+00:00, run_after=2025-09-16 00:00:00+00:00
[2025-09-16T23:53:11.232+0000] {logging_mixin.py:190} INFO - [2025-09-16T23:53:11.232+0000] {dag.py:4180} INFO - Setting next_dagrun for dataset_with_extra_from_classic_operator to 2025-09-15 00:00:00+00:00, run_after=2025-09-16 00:00:00+00:00
[2025-09-16T23:53:11.241+0000] {processor.py:208} INFO - Processing /home/airflow/.local/lib/python3.12/site-packages/airflow/example_dags/example_outlet_event_extra.py took 0.395 seconds
[2025-09-16T23:53:42.146+0000] {processor.py:186} INFO - Started process (PID=1623) to work on /home/airflow/.local/lib/python3.12/site-packages/airflow/example_dags/example_outlet_event_extra.py
[2025-09-16T23:53:42.148+0000] {processor.py:914} INFO - Processing file /home/airflow/.local/lib/python3.12/site-packages/airflow/example_dags/example_outlet_event_extra.py for tasks to queue
[2025-09-16T23:53:42.150+0000] {logging_mixin.py:190} INFO - [2025-09-16T23:53:42.149+0000] {dagbag.py:588} INFO - Filling up the DagBag from /home/airflow/.local/lib/python3.12/site-packages/airflow/example_dags/example_outlet_event_extra.py
[2025-09-16T23:53:42.509+0000] {processor.py:925} INFO - DAG(s) 'dataset_with_extra_by_context', 'dataset_with_extra_from_classic_operator', 'dataset_with_extra_by_yield' retrieved from /home/airflow/.local/lib/python3.12/site-packages/airflow/example_dags/example_outlet_event_extra.py
[2025-09-16T23:53:42.522+0000] {logging_mixin.py:190} INFO - [2025-09-16T23:53:42.522+0000] {dag.py:3239} INFO - Sync 3 DAGs
[2025-09-16T23:53:42.532+0000] {logging_mixin.py:190} INFO - [2025-09-16T23:53:42.532+0000] {dag.py:4180} INFO - Setting next_dagrun for dataset_with_extra_by_context to 2025-09-15 00:00:00+00:00, run_after=2025-09-16 00:00:00+00:00
[2025-09-16T23:53:42.534+0000] {logging_mixin.py:190} INFO - [2025-09-16T23:53:42.534+0000] {dag.py:4180} INFO - Setting next_dagrun for dataset_with_extra_by_yield to 2025-09-15 00:00:00+00:00, run_after=2025-09-16 00:00:00+00:00
[2025-09-16T23:53:42.535+0000] {logging_mixin.py:190} INFO - [2025-09-16T23:53:42.535+0000] {dag.py:4180} INFO - Setting next_dagrun for dataset_with_extra_from_classic_operator to 2025-09-15 00:00:00+00:00, run_after=2025-09-16 00:00:00+00:00
[2025-09-16T23:53:42.545+0000] {processor.py:208} INFO - Processing /home/airflow/.local/lib/python3.12/site-packages/airflow/example_dags/example_outlet_event_extra.py took 0.407 seconds
[2025-09-16T23:54:12.784+0000] {processor.py:186} INFO - Started process (PID=1686) to work on /home/airflow/.local/lib/python3.12/site-packages/airflow/example_dags/example_outlet_event_extra.py
[2025-09-16T23:54:12.784+0000] {processor.py:914} INFO - Processing file /home/airflow/.local/lib/python3.12/site-packages/airflow/example_dags/example_outlet_event_extra.py for tasks to queue
[2025-09-16T23:54:12.788+0000] {logging_mixin.py:190} INFO - [2025-09-16T23:54:12.788+0000] {dagbag.py:588} INFO - Filling up the DagBag from /home/airflow/.local/lib/python3.12/site-packages/airflow/example_dags/example_outlet_event_extra.py
[2025-09-16T23:54:13.111+0000] {processor.py:925} INFO - DAG(s) 'dataset_with_extra_from_classic_operator', 'dataset_with_extra_by_yield', 'dataset_with_extra_by_context' retrieved from /home/airflow/.local/lib/python3.12/site-packages/airflow/example_dags/example_outlet_event_extra.py
[2025-09-16T23:54:13.123+0000] {logging_mixin.py:190} INFO - [2025-09-16T23:54:13.123+0000] {dag.py:3239} INFO - Sync 3 DAGs
[2025-09-16T23:54:13.132+0000] {logging_mixin.py:190} INFO - [2025-09-16T23:54:13.132+0000] {dag.py:4180} INFO - Setting next_dagrun for dataset_with_extra_by_context to 2025-09-15 00:00:00+00:00, run_after=2025-09-16 00:00:00+00:00
[2025-09-16T23:54:13.134+0000] {logging_mixin.py:190} INFO - [2025-09-16T23:54:13.134+0000] {dag.py:4180} INFO - Setting next_dagrun for dataset_with_extra_by_yield to 2025-09-15 00:00:00+00:00, run_after=2025-09-16 00:00:00+00:00
[2025-09-16T23:54:13.135+0000] {logging_mixin.py:190} INFO - [2025-09-16T23:54:13.135+0000] {dag.py:4180} INFO - Setting next_dagrun for dataset_with_extra_from_classic_operator to 2025-09-15 00:00:00+00:00, run_after=2025-09-16 00:00:00+00:00
[2025-09-16T23:54:13.144+0000] {processor.py:208} INFO - Processing /home/airflow/.local/lib/python3.12/site-packages/airflow/example_dags/example_outlet_event_extra.py took 0.363 seconds
[2025-09-16T23:54:45.085+0000] {processor.py:186} INFO - Started process (PID=1748) to work on /home/airflow/.local/lib/python3.12/site-packages/airflow/example_dags/example_outlet_event_extra.py
[2025-09-16T23:54:45.086+0000] {processor.py:914} INFO - Processing file /home/airflow/.local/lib/python3.12/site-packages/airflow/example_dags/example_outlet_event_extra.py for tasks to queue
[2025-09-16T23:54:45.090+0000] {logging_mixin.py:190} INFO - [2025-09-16T23:54:45.090+0000] {dagbag.py:588} INFO - Filling up the DagBag from /home/airflow/.local/lib/python3.12/site-packages/airflow/example_dags/example_outlet_event_extra.py
[2025-09-16T23:54:45.825+0000] {processor.py:925} INFO - DAG(s) 'dataset_with_extra_by_yield', 'dataset_with_extra_by_context', 'dataset_with_extra_from_classic_operator' retrieved from /home/airflow/.local/lib/python3.12/site-packages/airflow/example_dags/example_outlet_event_extra.py
[2025-09-16T23:54:45.856+0000] {logging_mixin.py:190} INFO - [2025-09-16T23:54:45.856+0000] {dag.py:3239} INFO - Sync 3 DAGs
[2025-09-16T23:54:45.874+0000] {logging_mixin.py:190} INFO - [2025-09-16T23:54:45.874+0000] {dag.py:4180} INFO - Setting next_dagrun for dataset_with_extra_by_context to 2025-09-15 00:00:00+00:00, run_after=2025-09-16 00:00:00+00:00
[2025-09-16T23:54:45.877+0000] {logging_mixin.py:190} INFO - [2025-09-16T23:54:45.877+0000] {dag.py:4180} INFO - Setting next_dagrun for dataset_with_extra_by_yield to 2025-09-15 00:00:00+00:00, run_after=2025-09-16 00:00:00+00:00
[2025-09-16T23:54:45.881+0000] {logging_mixin.py:190} INFO - [2025-09-16T23:54:45.881+0000] {dag.py:4180} INFO - Setting next_dagrun for dataset_with_extra_from_classic_operator to 2025-09-15 00:00:00+00:00, run_after=2025-09-16 00:00:00+00:00
[2025-09-16T23:54:45.893+0000] {processor.py:208} INFO - Processing /home/airflow/.local/lib/python3.12/site-packages/airflow/example_dags/example_outlet_event_extra.py took 0.814 seconds
[2025-09-16T23:55:16.788+0000] {processor.py:186} INFO - Started process (PID=1811) to work on /home/airflow/.local/lib/python3.12/site-packages/airflow/example_dags/example_outlet_event_extra.py
[2025-09-16T23:55:16.790+0000] {processor.py:914} INFO - Processing file /home/airflow/.local/lib/python3.12/site-packages/airflow/example_dags/example_outlet_event_extra.py for tasks to queue
[2025-09-16T23:55:16.793+0000] {logging_mixin.py:190} INFO - [2025-09-16T23:55:16.792+0000] {dagbag.py:588} INFO - Filling up the DagBag from /home/airflow/.local/lib/python3.12/site-packages/airflow/example_dags/example_outlet_event_extra.py
[2025-09-16T23:55:17.112+0000] {processor.py:925} INFO - DAG(s) 'dataset_with_extra_from_classic_operator', 'dataset_with_extra_by_yield', 'dataset_with_extra_by_context' retrieved from /home/airflow/.local/lib/python3.12/site-packages/airflow/example_dags/example_outlet_event_extra.py
[2025-09-16T23:55:17.122+0000] {logging_mixin.py:190} INFO - [2025-09-16T23:55:17.122+0000] {dag.py:3239} INFO - Sync 3 DAGs
[2025-09-16T23:55:17.135+0000] {logging_mixin.py:190} INFO - [2025-09-16T23:55:17.135+0000] {dag.py:4180} INFO - Setting next_dagrun for dataset_with_extra_by_context to 2025-09-15 00:00:00+00:00, run_after=2025-09-16 00:00:00+00:00
[2025-09-16T23:55:17.137+0000] {logging_mixin.py:190} INFO - [2025-09-16T23:55:17.137+0000] {dag.py:4180} INFO - Setting next_dagrun for dataset_with_extra_by_yield to 2025-09-15 00:00:00+00:00, run_after=2025-09-16 00:00:00+00:00
[2025-09-16T23:55:17.138+0000] {logging_mixin.py:190} INFO - [2025-09-16T23:55:17.138+0000] {dag.py:4180} INFO - Setting next_dagrun for dataset_with_extra_from_classic_operator to 2025-09-15 00:00:00+00:00, run_after=2025-09-16 00:00:00+00:00
[2025-09-16T23:55:17.148+0000] {processor.py:208} INFO - Processing /home/airflow/.local/lib/python3.12/site-packages/airflow/example_dags/example_outlet_event_extra.py took 0.368 seconds
[2025-09-16T23:55:47.942+0000] {processor.py:186} INFO - Started process (PID=1874) to work on /home/airflow/.local/lib/python3.12/site-packages/airflow/example_dags/example_outlet_event_extra.py
[2025-09-16T23:55:47.944+0000] {processor.py:914} INFO - Processing file /home/airflow/.local/lib/python3.12/site-packages/airflow/example_dags/example_outlet_event_extra.py for tasks to queue
[2025-09-16T23:55:47.946+0000] {logging_mixin.py:190} INFO - [2025-09-16T23:55:47.946+0000] {dagbag.py:588} INFO - Filling up the DagBag from /home/airflow/.local/lib/python3.12/site-packages/airflow/example_dags/example_outlet_event_extra.py
[2025-09-16T23:55:48.282+0000] {processor.py:925} INFO - DAG(s) 'dataset_with_extra_by_context', 'dataset_with_extra_from_classic_operator', 'dataset_with_extra_by_yield' retrieved from /home/airflow/.local/lib/python3.12/site-packages/airflow/example_dags/example_outlet_event_extra.py
[2025-09-16T23:55:48.293+0000] {logging_mixin.py:190} INFO - [2025-09-16T23:55:48.293+0000] {dag.py:3239} INFO - Sync 3 DAGs
[2025-09-16T23:55:48.307+0000] {logging_mixin.py:190} INFO - [2025-09-16T23:55:48.307+0000] {dag.py:4180} INFO - Setting next_dagrun for dataset_with_extra_by_context to 2025-09-15 00:00:00+00:00, run_after=2025-09-16 00:00:00+00:00
[2025-09-16T23:55:48.310+0000] {logging_mixin.py:190} INFO - [2025-09-16T23:55:48.310+0000] {dag.py:4180} INFO - Setting next_dagrun for dataset_with_extra_by_yield to 2025-09-15 00:00:00+00:00, run_after=2025-09-16 00:00:00+00:00
[2025-09-16T23:55:48.313+0000] {logging_mixin.py:190} INFO - [2025-09-16T23:55:48.313+0000] {dag.py:4180} INFO - Setting next_dagrun for dataset_with_extra_from_classic_operator to 2025-09-15 00:00:00+00:00, run_after=2025-09-16 00:00:00+00:00
[2025-09-16T23:55:48.323+0000] {processor.py:208} INFO - Processing /home/airflow/.local/lib/python3.12/site-packages/airflow/example_dags/example_outlet_event_extra.py took 0.388 seconds
[2025-09-16T23:56:19.202+0000] {processor.py:186} INFO - Started process (PID=1937) to work on /home/airflow/.local/lib/python3.12/site-packages/airflow/example_dags/example_outlet_event_extra.py
[2025-09-16T23:56:19.205+0000] {processor.py:914} INFO - Processing file /home/airflow/.local/lib/python3.12/site-packages/airflow/example_dags/example_outlet_event_extra.py for tasks to queue
[2025-09-16T23:56:19.207+0000] {logging_mixin.py:190} INFO - [2025-09-16T23:56:19.207+0000] {dagbag.py:588} INFO - Filling up the DagBag from /home/airflow/.local/lib/python3.12/site-packages/airflow/example_dags/example_outlet_event_extra.py
[2025-09-16T23:56:19.519+0000] {processor.py:925} INFO - DAG(s) 'dataset_with_extra_by_context', 'dataset_with_extra_by_yield', 'dataset_with_extra_from_classic_operator' retrieved from /home/airflow/.local/lib/python3.12/site-packages/airflow/example_dags/example_outlet_event_extra.py
[2025-09-16T23:56:19.540+0000] {logging_mixin.py:190} INFO - [2025-09-16T23:56:19.539+0000] {dag.py:3239} INFO - Sync 3 DAGs
[2025-09-16T23:56:19.551+0000] {logging_mixin.py:190} INFO - [2025-09-16T23:56:19.551+0000] {dag.py:4180} INFO - Setting next_dagrun for dataset_with_extra_by_context to 2025-09-15 00:00:00+00:00, run_after=2025-09-16 00:00:00+00:00
[2025-09-16T23:56:19.554+0000] {logging_mixin.py:190} INFO - [2025-09-16T23:56:19.554+0000] {dag.py:4180} INFO - Setting next_dagrun for dataset_with_extra_by_yield to 2025-09-15 00:00:00+00:00, run_after=2025-09-16 00:00:00+00:00
[2025-09-16T23:56:19.556+0000] {logging_mixin.py:190} INFO - [2025-09-16T23:56:19.556+0000] {dag.py:4180} INFO - Setting next_dagrun for dataset_with_extra_from_classic_operator to 2025-09-15 00:00:00+00:00, run_after=2025-09-16 00:00:00+00:00
[2025-09-16T23:56:19.567+0000] {processor.py:208} INFO - Processing /home/airflow/.local/lib/python3.12/site-packages/airflow/example_dags/example_outlet_event_extra.py took 0.374 seconds
[2025-09-16T23:56:50.317+0000] {processor.py:186} INFO - Started process (PID=2000) to work on /home/airflow/.local/lib/python3.12/site-packages/airflow/example_dags/example_outlet_event_extra.py
[2025-09-16T23:56:50.319+0000] {processor.py:914} INFO - Processing file /home/airflow/.local/lib/python3.12/site-packages/airflow/example_dags/example_outlet_event_extra.py for tasks to queue
[2025-09-16T23:56:50.321+0000] {logging_mixin.py:190} INFO - [2025-09-16T23:56:50.321+0000] {dagbag.py:588} INFO - Filling up the DagBag from /home/airflow/.local/lib/python3.12/site-packages/airflow/example_dags/example_outlet_event_extra.py
[2025-09-16T23:56:50.678+0000] {processor.py:925} INFO - DAG(s) 'dataset_with_extra_by_context', 'dataset_with_extra_from_classic_operator', 'dataset_with_extra_by_yield' retrieved from /home/airflow/.local/lib/python3.12/site-packages/airflow/example_dags/example_outlet_event_extra.py
[2025-09-16T23:56:50.693+0000] {logging_mixin.py:190} INFO - [2025-09-16T23:56:50.693+0000] {dag.py:3239} INFO - Sync 3 DAGs
[2025-09-16T23:56:50.705+0000] {logging_mixin.py:190} INFO - [2025-09-16T23:56:50.705+0000] {dag.py:4180} INFO - Setting next_dagrun for dataset_with_extra_by_context to 2025-09-15 00:00:00+00:00, run_after=2025-09-16 00:00:00+00:00
[2025-09-16T23:56:50.708+0000] {logging_mixin.py:190} INFO - [2025-09-16T23:56:50.708+0000] {dag.py:4180} INFO - Setting next_dagrun for dataset_with_extra_by_yield to 2025-09-15 00:00:00+00:00, run_after=2025-09-16 00:00:00+00:00
[2025-09-16T23:56:50.714+0000] {logging_mixin.py:190} INFO - [2025-09-16T23:56:50.714+0000] {dag.py:4180} INFO - Setting next_dagrun for dataset_with_extra_from_classic_operator to 2025-09-15 00:00:00+00:00, run_after=2025-09-16 00:00:00+00:00
[2025-09-16T23:56:50.725+0000] {processor.py:208} INFO - Processing /home/airflow/.local/lib/python3.12/site-packages/airflow/example_dags/example_outlet_event_extra.py took 0.417 seconds
[2025-09-16T23:57:21.397+0000] {processor.py:186} INFO - Started process (PID=2063) to work on /home/airflow/.local/lib/python3.12/site-packages/airflow/example_dags/example_outlet_event_extra.py
[2025-09-16T23:57:21.401+0000] {processor.py:914} INFO - Processing file /home/airflow/.local/lib/python3.12/site-packages/airflow/example_dags/example_outlet_event_extra.py for tasks to queue
[2025-09-16T23:57:21.405+0000] {logging_mixin.py:190} INFO - [2025-09-16T23:57:21.405+0000] {dagbag.py:588} INFO - Filling up the DagBag from /home/airflow/.local/lib/python3.12/site-packages/airflow/example_dags/example_outlet_event_extra.py
[2025-09-16T23:57:21.757+0000] {processor.py:925} INFO - DAG(s) 'dataset_with_extra_by_yield', 'dataset_with_extra_by_context', 'dataset_with_extra_from_classic_operator' retrieved from /home/airflow/.local/lib/python3.12/site-packages/airflow/example_dags/example_outlet_event_extra.py
[2025-09-16T23:57:21.774+0000] {logging_mixin.py:190} INFO - [2025-09-16T23:57:21.774+0000] {dag.py:3239} INFO - Sync 3 DAGs
[2025-09-16T23:57:21.785+0000] {logging_mixin.py:190} INFO - [2025-09-16T23:57:21.785+0000] {dag.py:4180} INFO - Setting next_dagrun for dataset_with_extra_by_context to 2025-09-15 00:00:00+00:00, run_after=2025-09-16 00:00:00+00:00
[2025-09-16T23:57:21.788+0000] {logging_mixin.py:190} INFO - [2025-09-16T23:57:21.787+0000] {dag.py:4180} INFO - Setting next_dagrun for dataset_with_extra_by_yield to 2025-09-15 00:00:00+00:00, run_after=2025-09-16 00:00:00+00:00
[2025-09-16T23:57:21.789+0000] {logging_mixin.py:190} INFO - [2025-09-16T23:57:21.789+0000] {dag.py:4180} INFO - Setting next_dagrun for dataset_with_extra_from_classic_operator to 2025-09-15 00:00:00+00:00, run_after=2025-09-16 00:00:00+00:00
[2025-09-16T23:57:21.800+0000] {processor.py:208} INFO - Processing /home/airflow/.local/lib/python3.12/site-packages/airflow/example_dags/example_outlet_event_extra.py took 0.412 seconds
[2025-09-16T23:57:52.551+0000] {processor.py:186} INFO - Started process (PID=2126) to work on /home/airflow/.local/lib/python3.12/site-packages/airflow/example_dags/example_outlet_event_extra.py
[2025-09-16T23:57:52.553+0000] {processor.py:914} INFO - Processing file /home/airflow/.local/lib/python3.12/site-packages/airflow/example_dags/example_outlet_event_extra.py for tasks to queue
[2025-09-16T23:57:52.555+0000] {logging_mixin.py:190} INFO - [2025-09-16T23:57:52.555+0000] {dagbag.py:588} INFO - Filling up the DagBag from /home/airflow/.local/lib/python3.12/site-packages/airflow/example_dags/example_outlet_event_extra.py
[2025-09-16T23:57:52.907+0000] {processor.py:925} INFO - DAG(s) 'dataset_with_extra_by_context', 'dataset_with_extra_from_classic_operator', 'dataset_with_extra_by_yield' retrieved from /home/airflow/.local/lib/python3.12/site-packages/airflow/example_dags/example_outlet_event_extra.py
[2025-09-16T23:57:52.923+0000] {logging_mixin.py:190} INFO - [2025-09-16T23:57:52.923+0000] {dag.py:3239} INFO - Sync 3 DAGs
[2025-09-16T23:57:52.942+0000] {logging_mixin.py:190} INFO - [2025-09-16T23:57:52.942+0000] {dag.py:4180} INFO - Setting next_dagrun for dataset_with_extra_by_context to 2025-09-15 00:00:00+00:00, run_after=2025-09-16 00:00:00+00:00
[2025-09-16T23:57:52.945+0000] {logging_mixin.py:190} INFO - [2025-09-16T23:57:52.945+0000] {dag.py:4180} INFO - Setting next_dagrun for dataset_with_extra_by_yield to 2025-09-15 00:00:00+00:00, run_after=2025-09-16 00:00:00+00:00
[2025-09-16T23:57:52.947+0000] {logging_mixin.py:190} INFO - [2025-09-16T23:57:52.946+0000] {dag.py:4180} INFO - Setting next_dagrun for dataset_with_extra_from_classic_operator to 2025-09-15 00:00:00+00:00, run_after=2025-09-16 00:00:00+00:00
[2025-09-16T23:57:52.958+0000] {processor.py:208} INFO - Processing /home/airflow/.local/lib/python3.12/site-packages/airflow/example_dags/example_outlet_event_extra.py took 0.415 seconds
[2025-09-16T23:58:23.666+0000] {processor.py:186} INFO - Started process (PID=2195) to work on /home/airflow/.local/lib/python3.12/site-packages/airflow/example_dags/example_outlet_event_extra.py
[2025-09-16T23:58:23.669+0000] {processor.py:914} INFO - Processing file /home/airflow/.local/lib/python3.12/site-packages/airflow/example_dags/example_outlet_event_extra.py for tasks to queue
[2025-09-16T23:58:23.671+0000] {logging_mixin.py:190} INFO - [2025-09-16T23:58:23.671+0000] {dagbag.py:588} INFO - Filling up the DagBag from /home/airflow/.local/lib/python3.12/site-packages/airflow/example_dags/example_outlet_event_extra.py
[2025-09-16T23:58:24.027+0000] {processor.py:925} INFO - DAG(s) 'dataset_with_extra_by_yield', 'dataset_with_extra_by_context', 'dataset_with_extra_from_classic_operator' retrieved from /home/airflow/.local/lib/python3.12/site-packages/airflow/example_dags/example_outlet_event_extra.py
[2025-09-16T23:58:24.040+0000] {logging_mixin.py:190} INFO - [2025-09-16T23:58:24.039+0000] {dag.py:3239} INFO - Sync 3 DAGs
[2025-09-16T23:58:24.052+0000] {logging_mixin.py:190} INFO - [2025-09-16T23:58:24.051+0000] {dag.py:4180} INFO - Setting next_dagrun for dataset_with_extra_by_context to 2025-09-15 00:00:00+00:00, run_after=2025-09-16 00:00:00+00:00
[2025-09-16T23:58:24.057+0000] {logging_mixin.py:190} INFO - [2025-09-16T23:58:24.057+0000] {dag.py:4180} INFO - Setting next_dagrun for dataset_with_extra_by_yield to 2025-09-15 00:00:00+00:00, run_after=2025-09-16 00:00:00+00:00
[2025-09-16T23:58:24.058+0000] {logging_mixin.py:190} INFO - [2025-09-16T23:58:24.058+0000] {dag.py:4180} INFO - Setting next_dagrun for dataset_with_extra_from_classic_operator to 2025-09-15 00:00:00+00:00, run_after=2025-09-16 00:00:00+00:00
[2025-09-16T23:58:24.068+0000] {processor.py:208} INFO - Processing /home/airflow/.local/lib/python3.12/site-packages/airflow/example_dags/example_outlet_event_extra.py took 0.408 seconds
[2025-09-16T23:58:54.692+0000] {processor.py:186} INFO - Started process (PID=2258) to work on /home/airflow/.local/lib/python3.12/site-packages/airflow/example_dags/example_outlet_event_extra.py
[2025-09-16T23:58:54.693+0000] {processor.py:914} INFO - Processing file /home/airflow/.local/lib/python3.12/site-packages/airflow/example_dags/example_outlet_event_extra.py for tasks to queue
[2025-09-16T23:58:54.695+0000] {logging_mixin.py:190} INFO - [2025-09-16T23:58:54.695+0000] {dagbag.py:588} INFO - Filling up the DagBag from /home/airflow/.local/lib/python3.12/site-packages/airflow/example_dags/example_outlet_event_extra.py
[2025-09-16T23:58:55.041+0000] {processor.py:925} INFO - DAG(s) 'dataset_with_extra_by_context', 'dataset_with_extra_by_yield', 'dataset_with_extra_from_classic_operator' retrieved from /home/airflow/.local/lib/python3.12/site-packages/airflow/example_dags/example_outlet_event_extra.py
[2025-09-16T23:58:55.053+0000] {logging_mixin.py:190} INFO - [2025-09-16T23:58:55.053+0000] {dag.py:3239} INFO - Sync 3 DAGs
[2025-09-16T23:58:55.064+0000] {logging_mixin.py:190} INFO - [2025-09-16T23:58:55.064+0000] {dag.py:4180} INFO - Setting next_dagrun for dataset_with_extra_by_context to 2025-09-15 00:00:00+00:00, run_after=2025-09-16 00:00:00+00:00
[2025-09-16T23:58:55.067+0000] {logging_mixin.py:190} INFO - [2025-09-16T23:58:55.067+0000] {dag.py:4180} INFO - Setting next_dagrun for dataset_with_extra_by_yield to 2025-09-15 00:00:00+00:00, run_after=2025-09-16 00:00:00+00:00
[2025-09-16T23:58:55.068+0000] {logging_mixin.py:190} INFO - [2025-09-16T23:58:55.068+0000] {dag.py:4180} INFO - Setting next_dagrun for dataset_with_extra_from_classic_operator to 2025-09-15 00:00:00+00:00, run_after=2025-09-16 00:00:00+00:00
[2025-09-16T23:58:55.080+0000] {processor.py:208} INFO - Processing /home/airflow/.local/lib/python3.12/site-packages/airflow/example_dags/example_outlet_event_extra.py took 0.397 seconds
[2025-09-16T23:59:25.766+0000] {processor.py:186} INFO - Started process (PID=2321) to work on /home/airflow/.local/lib/python3.12/site-packages/airflow/example_dags/example_outlet_event_extra.py
[2025-09-16T23:59:25.767+0000] {processor.py:914} INFO - Processing file /home/airflow/.local/lib/python3.12/site-packages/airflow/example_dags/example_outlet_event_extra.py for tasks to queue
[2025-09-16T23:59:25.770+0000] {logging_mixin.py:190} INFO - [2025-09-16T23:59:25.770+0000] {dagbag.py:588} INFO - Filling up the DagBag from /home/airflow/.local/lib/python3.12/site-packages/airflow/example_dags/example_outlet_event_extra.py
[2025-09-16T23:59:26.111+0000] {processor.py:925} INFO - DAG(s) 'dataset_with_extra_from_classic_operator', 'dataset_with_extra_by_context', 'dataset_with_extra_by_yield' retrieved from /home/airflow/.local/lib/python3.12/site-packages/airflow/example_dags/example_outlet_event_extra.py
[2025-09-16T23:59:26.124+0000] {logging_mixin.py:190} INFO - [2025-09-16T23:59:26.124+0000] {dag.py:3239} INFO - Sync 3 DAGs
[2025-09-16T23:59:26.133+0000] {logging_mixin.py:190} INFO - [2025-09-16T23:59:26.133+0000] {dag.py:4180} INFO - Setting next_dagrun for dataset_with_extra_by_context to 2025-09-15 00:00:00+00:00, run_after=2025-09-16 00:00:00+00:00
[2025-09-16T23:59:26.135+0000] {logging_mixin.py:190} INFO - [2025-09-16T23:59:26.135+0000] {dag.py:4180} INFO - Setting next_dagrun for dataset_with_extra_by_yield to 2025-09-15 00:00:00+00:00, run_after=2025-09-16 00:00:00+00:00
[2025-09-16T23:59:26.137+0000] {logging_mixin.py:190} INFO - [2025-09-16T23:59:26.137+0000] {dag.py:4180} INFO - Setting next_dagrun for dataset_with_extra_from_classic_operator to 2025-09-15 00:00:00+00:00, run_after=2025-09-16 00:00:00+00:00
[2025-09-16T23:59:26.148+0000] {processor.py:208} INFO - Processing /home/airflow/.local/lib/python3.12/site-packages/airflow/example_dags/example_outlet_event_extra.py took 0.392 seconds
[2025-09-16T23:59:56.187+0000] {processor.py:186} INFO - Started process (PID=2384) to work on /home/airflow/.local/lib/python3.12/site-packages/airflow/example_dags/example_outlet_event_extra.py
[2025-09-16T23:59:56.188+0000] {processor.py:914} INFO - Processing file /home/airflow/.local/lib/python3.12/site-packages/airflow/example_dags/example_outlet_event_extra.py for tasks to queue
[2025-09-16T23:59:56.189+0000] {logging_mixin.py:190} INFO - [2025-09-16T23:59:56.189+0000] {dagbag.py:588} INFO - Filling up the DagBag from /home/airflow/.local/lib/python3.12/site-packages/airflow/example_dags/example_outlet_event_extra.py
[2025-09-16T23:59:56.571+0000] {processor.py:925} INFO - DAG(s) 'dataset_with_extra_by_yield', 'dataset_with_extra_by_context', 'dataset_with_extra_from_classic_operator' retrieved from /home/airflow/.local/lib/python3.12/site-packages/airflow/example_dags/example_outlet_event_extra.py
[2025-09-16T23:59:56.591+0000] {logging_mixin.py:190} INFO - [2025-09-16T23:59:56.591+0000] {dag.py:3239} INFO - Sync 3 DAGs
[2025-09-16T23:59:56.607+0000] {logging_mixin.py:190} INFO - [2025-09-16T23:59:56.606+0000] {dag.py:4180} INFO - Setting next_dagrun for dataset_with_extra_by_context to 2025-09-15 00:00:00+00:00, run_after=2025-09-16 00:00:00+00:00
[2025-09-16T23:59:56.619+0000] {logging_mixin.py:190} INFO - [2025-09-16T23:59:56.619+0000] {dag.py:4180} INFO - Setting next_dagrun for dataset_with_extra_by_yield to 2025-09-15 00:00:00+00:00, run_after=2025-09-16 00:00:00+00:00
[2025-09-16T23:59:56.622+0000] {logging_mixin.py:190} INFO - [2025-09-16T23:59:56.622+0000] {dag.py:4180} INFO - Setting next_dagrun for dataset_with_extra_from_classic_operator to 2025-09-15 00:00:00+00:00, run_after=2025-09-16 00:00:00+00:00
[2025-09-16T23:59:56.638+0000] {processor.py:208} INFO - Processing /home/airflow/.local/lib/python3.12/site-packages/airflow/example_dags/example_outlet_event_extra.py took 0.454 seconds
