[2025-09-16T23:41:20.934+0000] {processor.py:186} INFO - Started process (PID=109) to work on /home/airflow/.local/lib/python3.12/site-packages/airflow/example_dags/example_latest_only.py
[2025-09-16T23:41:20.935+0000] {processor.py:914} INFO - Processing file /home/airflow/.local/lib/python3.12/site-packages/airflow/example_dags/example_latest_only.py for tasks to queue
[2025-09-16T23:41:20.936+0000] {logging_mixin.py:190} INFO - [2025-09-16T23:41:20.936+0000] {dagbag.py:588} INFO - Filling up the DagBag from /home/airflow/.local/lib/python3.12/site-packages/airflow/example_dags/example_latest_only.py
[2025-09-16T23:41:20.941+0000] {processor.py:925} INFO - DAG(s) 'latest_only' retrieved from /home/airflow/.local/lib/python3.12/site-packages/airflow/example_dags/example_latest_only.py
[2025-09-16T23:41:20.992+0000] {logging_mixin.py:190} INFO - [2025-09-16T23:41:20.992+0000] {override.py:1911} INFO - Created Permission View: can edit on DAG:latest_only
[2025-09-16T23:41:20.998+0000] {logging_mixin.py:190} INFO - [2025-09-16T23:41:20.998+0000] {override.py:1911} INFO - Created Permission View: can delete on DAG:latest_only
[2025-09-16T23:41:21.001+0000] {logging_mixin.py:190} INFO - [2025-09-16T23:41:21.001+0000] {override.py:1911} INFO - Created Permission View: can read on DAG:latest_only
[2025-09-16T23:41:21.003+0000] {logging_mixin.py:190} INFO - [2025-09-16T23:41:21.003+0000] {override.py:1911} INFO - Created Permission View: menu access on DAG Run:latest_only
[2025-09-16T23:41:21.006+0000] {logging_mixin.py:190} INFO - [2025-09-16T23:41:21.005+0000] {override.py:1911} INFO - Created Permission View: can create on DAG Run:latest_only
[2025-09-16T23:41:21.008+0000] {logging_mixin.py:190} INFO - [2025-09-16T23:41:21.008+0000] {override.py:1911} INFO - Created Permission View: can delete on DAG Run:latest_only
[2025-09-16T23:41:21.010+0000] {logging_mixin.py:190} INFO - [2025-09-16T23:41:21.010+0000] {override.py:1911} INFO - Created Permission View: can read on DAG Run:latest_only
[2025-09-16T23:41:21.010+0000] {logging_mixin.py:190} INFO - [2025-09-16T23:41:21.010+0000] {dag.py:3239} INFO - Sync 1 DAGs
[2025-09-16T23:41:21.017+0000] {logging_mixin.py:190} INFO - [2025-09-16T23:41:21.016+0000] {dag.py:3262} INFO - Creating ORM DAG for latest_only
[2025-09-16T23:41:21.022+0000] {logging_mixin.py:190} INFO - [2025-09-16T23:41:21.022+0000] {dag.py:4180} INFO - Setting next_dagrun for latest_only to 2025-09-16 16:00:00+00:00, run_after=2025-09-16 20:00:00+00:00
[2025-09-16T23:41:21.031+0000] {processor.py:208} INFO - Processing /home/airflow/.local/lib/python3.12/site-packages/airflow/example_dags/example_latest_only.py took 0.099 seconds
[2025-09-16T23:41:51.634+0000] {processor.py:186} INFO - Started process (PID=171) to work on /home/airflow/.local/lib/python3.12/site-packages/airflow/example_dags/example_latest_only.py
[2025-09-16T23:41:51.635+0000] {processor.py:914} INFO - Processing file /home/airflow/.local/lib/python3.12/site-packages/airflow/example_dags/example_latest_only.py for tasks to queue
[2025-09-16T23:41:51.636+0000] {logging_mixin.py:190} INFO - [2025-09-16T23:41:51.636+0000] {dagbag.py:588} INFO - Filling up the DagBag from /home/airflow/.local/lib/python3.12/site-packages/airflow/example_dags/example_latest_only.py
[2025-09-16T23:41:51.641+0000] {processor.py:925} INFO - DAG(s) 'latest_only' retrieved from /home/airflow/.local/lib/python3.12/site-packages/airflow/example_dags/example_latest_only.py
[2025-09-16T23:41:51.654+0000] {logging_mixin.py:190} INFO - [2025-09-16T23:41:51.654+0000] {dag.py:3239} INFO - Sync 1 DAGs
[2025-09-16T23:41:51.666+0000] {logging_mixin.py:190} INFO - [2025-09-16T23:41:51.666+0000] {dag.py:4180} INFO - Setting next_dagrun for latest_only to 2025-09-16 16:00:00+00:00, run_after=2025-09-16 20:00:00+00:00
[2025-09-16T23:41:51.679+0000] {processor.py:208} INFO - Processing /home/airflow/.local/lib/python3.12/site-packages/airflow/example_dags/example_latest_only.py took 0.048 seconds
[2025-09-16T23:42:22.711+0000] {processor.py:186} INFO - Started process (PID=235) to work on /home/airflow/.local/lib/python3.12/site-packages/airflow/example_dags/example_latest_only.py
[2025-09-16T23:42:22.713+0000] {processor.py:914} INFO - Processing file /home/airflow/.local/lib/python3.12/site-packages/airflow/example_dags/example_latest_only.py for tasks to queue
[2025-09-16T23:42:22.715+0000] {logging_mixin.py:190} INFO - [2025-09-16T23:42:22.714+0000] {dagbag.py:588} INFO - Filling up the DagBag from /home/airflow/.local/lib/python3.12/site-packages/airflow/example_dags/example_latest_only.py
[2025-09-16T23:42:22.720+0000] {processor.py:925} INFO - DAG(s) 'latest_only' retrieved from /home/airflow/.local/lib/python3.12/site-packages/airflow/example_dags/example_latest_only.py
[2025-09-16T23:42:22.738+0000] {logging_mixin.py:190} INFO - [2025-09-16T23:42:22.737+0000] {dag.py:3239} INFO - Sync 1 DAGs
[2025-09-16T23:42:22.750+0000] {logging_mixin.py:190} INFO - [2025-09-16T23:42:22.750+0000] {dag.py:4180} INFO - Setting next_dagrun for latest_only to 2025-09-16 16:00:00+00:00, run_after=2025-09-16 20:00:00+00:00
[2025-09-16T23:42:22.759+0000] {processor.py:208} INFO - Processing /home/airflow/.local/lib/python3.12/site-packages/airflow/example_dags/example_latest_only.py took 0.052 seconds
[2025-09-16T23:42:53.439+0000] {processor.py:186} INFO - Started process (PID=296) to work on /home/airflow/.local/lib/python3.12/site-packages/airflow/example_dags/example_latest_only.py
[2025-09-16T23:42:53.439+0000] {processor.py:914} INFO - Processing file /home/airflow/.local/lib/python3.12/site-packages/airflow/example_dags/example_latest_only.py for tasks to queue
[2025-09-16T23:42:53.441+0000] {logging_mixin.py:190} INFO - [2025-09-16T23:42:53.441+0000] {dagbag.py:588} INFO - Filling up the DagBag from /home/airflow/.local/lib/python3.12/site-packages/airflow/example_dags/example_latest_only.py
[2025-09-16T23:42:53.450+0000] {processor.py:925} INFO - DAG(s) 'latest_only' retrieved from /home/airflow/.local/lib/python3.12/site-packages/airflow/example_dags/example_latest_only.py
[2025-09-16T23:42:53.468+0000] {logging_mixin.py:190} INFO - [2025-09-16T23:42:53.467+0000] {dag.py:3239} INFO - Sync 1 DAGs
[2025-09-16T23:42:53.495+0000] {logging_mixin.py:190} INFO - [2025-09-16T23:42:53.495+0000] {dag.py:4180} INFO - Setting next_dagrun for latest_only to 2025-09-16 16:00:00+00:00, run_after=2025-09-16 20:00:00+00:00
[2025-09-16T23:42:53.523+0000] {processor.py:208} INFO - Processing /home/airflow/.local/lib/python3.12/site-packages/airflow/example_dags/example_latest_only.py took 0.088 seconds
[2025-09-16T23:43:24.267+0000] {processor.py:186} INFO - Started process (PID=359) to work on /home/airflow/.local/lib/python3.12/site-packages/airflow/example_dags/example_latest_only.py
[2025-09-16T23:43:24.268+0000] {processor.py:914} INFO - Processing file /home/airflow/.local/lib/python3.12/site-packages/airflow/example_dags/example_latest_only.py for tasks to queue
[2025-09-16T23:43:24.270+0000] {logging_mixin.py:190} INFO - [2025-09-16T23:43:24.270+0000] {dagbag.py:588} INFO - Filling up the DagBag from /home/airflow/.local/lib/python3.12/site-packages/airflow/example_dags/example_latest_only.py
[2025-09-16T23:43:24.276+0000] {processor.py:925} INFO - DAG(s) 'latest_only' retrieved from /home/airflow/.local/lib/python3.12/site-packages/airflow/example_dags/example_latest_only.py
[2025-09-16T23:43:24.294+0000] {logging_mixin.py:190} INFO - [2025-09-16T23:43:24.294+0000] {dag.py:3239} INFO - Sync 1 DAGs
[2025-09-16T23:43:24.307+0000] {logging_mixin.py:190} INFO - [2025-09-16T23:43:24.306+0000] {dag.py:4180} INFO - Setting next_dagrun for latest_only to 2025-09-16 16:00:00+00:00, run_after=2025-09-16 20:00:00+00:00
[2025-09-16T23:43:24.317+0000] {processor.py:208} INFO - Processing /home/airflow/.local/lib/python3.12/site-packages/airflow/example_dags/example_latest_only.py took 0.054 seconds
[2025-09-16T23:43:54.815+0000] {processor.py:186} INFO - Started process (PID=423) to work on /home/airflow/.local/lib/python3.12/site-packages/airflow/example_dags/example_latest_only.py
[2025-09-16T23:43:54.817+0000] {processor.py:914} INFO - Processing file /home/airflow/.local/lib/python3.12/site-packages/airflow/example_dags/example_latest_only.py for tasks to queue
[2025-09-16T23:43:54.819+0000] {logging_mixin.py:190} INFO - [2025-09-16T23:43:54.819+0000] {dagbag.py:588} INFO - Filling up the DagBag from /home/airflow/.local/lib/python3.12/site-packages/airflow/example_dags/example_latest_only.py
[2025-09-16T23:43:54.824+0000] {processor.py:925} INFO - DAG(s) 'latest_only' retrieved from /home/airflow/.local/lib/python3.12/site-packages/airflow/example_dags/example_latest_only.py
[2025-09-16T23:43:54.835+0000] {logging_mixin.py:190} INFO - [2025-09-16T23:43:54.835+0000] {dag.py:3239} INFO - Sync 1 DAGs
[2025-09-16T23:43:54.848+0000] {logging_mixin.py:190} INFO - [2025-09-16T23:43:54.848+0000] {dag.py:4180} INFO - Setting next_dagrun for latest_only to 2025-09-16 16:00:00+00:00, run_after=2025-09-16 20:00:00+00:00
[2025-09-16T23:43:54.859+0000] {processor.py:208} INFO - Processing /home/airflow/.local/lib/python3.12/site-packages/airflow/example_dags/example_latest_only.py took 0.047 seconds
[2025-09-16T23:44:25.112+0000] {processor.py:186} INFO - Started process (PID=485) to work on /home/airflow/.local/lib/python3.12/site-packages/airflow/example_dags/example_latest_only.py
[2025-09-16T23:44:25.114+0000] {processor.py:914} INFO - Processing file /home/airflow/.local/lib/python3.12/site-packages/airflow/example_dags/example_latest_only.py for tasks to queue
[2025-09-16T23:44:25.116+0000] {logging_mixin.py:190} INFO - [2025-09-16T23:44:25.116+0000] {dagbag.py:588} INFO - Filling up the DagBag from /home/airflow/.local/lib/python3.12/site-packages/airflow/example_dags/example_latest_only.py
[2025-09-16T23:44:25.122+0000] {processor.py:925} INFO - DAG(s) 'latest_only' retrieved from /home/airflow/.local/lib/python3.12/site-packages/airflow/example_dags/example_latest_only.py
[2025-09-16T23:44:25.155+0000] {logging_mixin.py:190} INFO - [2025-09-16T23:44:25.155+0000] {dag.py:3239} INFO - Sync 1 DAGs
[2025-09-16T23:44:25.195+0000] {logging_mixin.py:190} INFO - [2025-09-16T23:44:25.194+0000] {dag.py:4180} INFO - Setting next_dagrun for latest_only to 2025-09-16 16:00:00+00:00, run_after=2025-09-16 20:00:00+00:00
[2025-09-16T23:44:25.219+0000] {processor.py:208} INFO - Processing /home/airflow/.local/lib/python3.12/site-packages/airflow/example_dags/example_latest_only.py took 0.112 seconds
[2025-09-16T23:44:55.520+0000] {processor.py:186} INFO - Started process (PID=547) to work on /home/airflow/.local/lib/python3.12/site-packages/airflow/example_dags/example_latest_only.py
[2025-09-16T23:44:55.521+0000] {processor.py:914} INFO - Processing file /home/airflow/.local/lib/python3.12/site-packages/airflow/example_dags/example_latest_only.py for tasks to queue
[2025-09-16T23:44:55.522+0000] {logging_mixin.py:190} INFO - [2025-09-16T23:44:55.522+0000] {dagbag.py:588} INFO - Filling up the DagBag from /home/airflow/.local/lib/python3.12/site-packages/airflow/example_dags/example_latest_only.py
[2025-09-16T23:44:55.527+0000] {processor.py:925} INFO - DAG(s) 'latest_only' retrieved from /home/airflow/.local/lib/python3.12/site-packages/airflow/example_dags/example_latest_only.py
[2025-09-16T23:44:55.538+0000] {logging_mixin.py:190} INFO - [2025-09-16T23:44:55.538+0000] {dag.py:3239} INFO - Sync 1 DAGs
[2025-09-16T23:44:55.552+0000] {logging_mixin.py:190} INFO - [2025-09-16T23:44:55.551+0000] {dag.py:4180} INFO - Setting next_dagrun for latest_only to 2025-09-16 16:00:00+00:00, run_after=2025-09-16 20:00:00+00:00
[2025-09-16T23:44:55.567+0000] {processor.py:208} INFO - Processing /home/airflow/.local/lib/python3.12/site-packages/airflow/example_dags/example_latest_only.py took 0.051 seconds
[2025-09-16T23:45:26.104+0000] {processor.py:186} INFO - Started process (PID=610) to work on /home/airflow/.local/lib/python3.12/site-packages/airflow/example_dags/example_latest_only.py
[2025-09-16T23:45:26.105+0000] {processor.py:914} INFO - Processing file /home/airflow/.local/lib/python3.12/site-packages/airflow/example_dags/example_latest_only.py for tasks to queue
[2025-09-16T23:45:26.107+0000] {logging_mixin.py:190} INFO - [2025-09-16T23:45:26.106+0000] {dagbag.py:588} INFO - Filling up the DagBag from /home/airflow/.local/lib/python3.12/site-packages/airflow/example_dags/example_latest_only.py
[2025-09-16T23:45:26.112+0000] {processor.py:925} INFO - DAG(s) 'latest_only' retrieved from /home/airflow/.local/lib/python3.12/site-packages/airflow/example_dags/example_latest_only.py
[2025-09-16T23:45:26.124+0000] {logging_mixin.py:190} INFO - [2025-09-16T23:45:26.124+0000] {dag.py:3239} INFO - Sync 1 DAGs
[2025-09-16T23:45:26.141+0000] {logging_mixin.py:190} INFO - [2025-09-16T23:45:26.141+0000] {dag.py:4180} INFO - Setting next_dagrun for latest_only to 2025-09-16 16:00:00+00:00, run_after=2025-09-16 20:00:00+00:00
[2025-09-16T23:45:26.156+0000] {processor.py:208} INFO - Processing /home/airflow/.local/lib/python3.12/site-packages/airflow/example_dags/example_latest_only.py took 0.055 seconds
[2025-09-16T23:45:56.934+0000] {processor.py:186} INFO - Started process (PID=673) to work on /home/airflow/.local/lib/python3.12/site-packages/airflow/example_dags/example_latest_only.py
[2025-09-16T23:45:56.935+0000] {processor.py:914} INFO - Processing file /home/airflow/.local/lib/python3.12/site-packages/airflow/example_dags/example_latest_only.py for tasks to queue
[2025-09-16T23:45:56.936+0000] {logging_mixin.py:190} INFO - [2025-09-16T23:45:56.936+0000] {dagbag.py:588} INFO - Filling up the DagBag from /home/airflow/.local/lib/python3.12/site-packages/airflow/example_dags/example_latest_only.py
[2025-09-16T23:45:56.942+0000] {processor.py:925} INFO - DAG(s) 'latest_only' retrieved from /home/airflow/.local/lib/python3.12/site-packages/airflow/example_dags/example_latest_only.py
[2025-09-16T23:45:56.952+0000] {logging_mixin.py:190} INFO - [2025-09-16T23:45:56.952+0000] {dag.py:3239} INFO - Sync 1 DAGs
[2025-09-16T23:45:56.963+0000] {logging_mixin.py:190} INFO - [2025-09-16T23:45:56.963+0000] {dag.py:4180} INFO - Setting next_dagrun for latest_only to 2025-09-16 16:00:00+00:00, run_after=2025-09-16 20:00:00+00:00
[2025-09-16T23:45:56.973+0000] {processor.py:208} INFO - Processing /home/airflow/.local/lib/python3.12/site-packages/airflow/example_dags/example_latest_only.py took 0.043 seconds
[2025-09-16T23:46:27.505+0000] {processor.py:186} INFO - Started process (PID=736) to work on /home/airflow/.local/lib/python3.12/site-packages/airflow/example_dags/example_latest_only.py
[2025-09-16T23:46:27.507+0000] {processor.py:914} INFO - Processing file /home/airflow/.local/lib/python3.12/site-packages/airflow/example_dags/example_latest_only.py for tasks to queue
[2025-09-16T23:46:27.508+0000] {logging_mixin.py:190} INFO - [2025-09-16T23:46:27.508+0000] {dagbag.py:588} INFO - Filling up the DagBag from /home/airflow/.local/lib/python3.12/site-packages/airflow/example_dags/example_latest_only.py
[2025-09-16T23:46:27.512+0000] {processor.py:925} INFO - DAG(s) 'latest_only' retrieved from /home/airflow/.local/lib/python3.12/site-packages/airflow/example_dags/example_latest_only.py
[2025-09-16T23:46:27.524+0000] {logging_mixin.py:190} INFO - [2025-09-16T23:46:27.524+0000] {dag.py:3239} INFO - Sync 1 DAGs
[2025-09-16T23:46:27.541+0000] {logging_mixin.py:190} INFO - [2025-09-16T23:46:27.541+0000] {dag.py:4180} INFO - Setting next_dagrun for latest_only to 2025-09-16 16:00:00+00:00, run_after=2025-09-16 20:00:00+00:00
[2025-09-16T23:46:27.558+0000] {processor.py:208} INFO - Processing /home/airflow/.local/lib/python3.12/site-packages/airflow/example_dags/example_latest_only.py took 0.056 seconds
[2025-09-16T23:46:58.161+0000] {processor.py:186} INFO - Started process (PID=799) to work on /home/airflow/.local/lib/python3.12/site-packages/airflow/example_dags/example_latest_only.py
[2025-09-16T23:46:58.163+0000] {processor.py:914} INFO - Processing file /home/airflow/.local/lib/python3.12/site-packages/airflow/example_dags/example_latest_only.py for tasks to queue
[2025-09-16T23:46:58.165+0000] {logging_mixin.py:190} INFO - [2025-09-16T23:46:58.165+0000] {dagbag.py:588} INFO - Filling up the DagBag from /home/airflow/.local/lib/python3.12/site-packages/airflow/example_dags/example_latest_only.py
[2025-09-16T23:46:58.169+0000] {processor.py:925} INFO - DAG(s) 'latest_only' retrieved from /home/airflow/.local/lib/python3.12/site-packages/airflow/example_dags/example_latest_only.py
[2025-09-16T23:46:58.180+0000] {logging_mixin.py:190} INFO - [2025-09-16T23:46:58.180+0000] {dag.py:3239} INFO - Sync 1 DAGs
[2025-09-16T23:46:58.191+0000] {logging_mixin.py:190} INFO - [2025-09-16T23:46:58.190+0000] {dag.py:4180} INFO - Setting next_dagrun for latest_only to 2025-09-16 16:00:00+00:00, run_after=2025-09-16 20:00:00+00:00
[2025-09-16T23:46:58.199+0000] {processor.py:208} INFO - Processing /home/airflow/.local/lib/python3.12/site-packages/airflow/example_dags/example_latest_only.py took 0.041 seconds
[2025-09-16T23:47:28.787+0000] {processor.py:186} INFO - Started process (PID=862) to work on /home/airflow/.local/lib/python3.12/site-packages/airflow/example_dags/example_latest_only.py
[2025-09-16T23:47:28.790+0000] {processor.py:914} INFO - Processing file /home/airflow/.local/lib/python3.12/site-packages/airflow/example_dags/example_latest_only.py for tasks to queue
[2025-09-16T23:47:28.791+0000] {logging_mixin.py:190} INFO - [2025-09-16T23:47:28.791+0000] {dagbag.py:588} INFO - Filling up the DagBag from /home/airflow/.local/lib/python3.12/site-packages/airflow/example_dags/example_latest_only.py
[2025-09-16T23:47:28.795+0000] {processor.py:925} INFO - DAG(s) 'latest_only' retrieved from /home/airflow/.local/lib/python3.12/site-packages/airflow/example_dags/example_latest_only.py
[2025-09-16T23:47:28.805+0000] {logging_mixin.py:190} INFO - [2025-09-16T23:47:28.805+0000] {dag.py:3239} INFO - Sync 1 DAGs
[2025-09-16T23:47:28.816+0000] {logging_mixin.py:190} INFO - [2025-09-16T23:47:28.816+0000] {dag.py:4180} INFO - Setting next_dagrun for latest_only to 2025-09-16 16:00:00+00:00, run_after=2025-09-16 20:00:00+00:00
[2025-09-16T23:47:28.824+0000] {processor.py:208} INFO - Processing /home/airflow/.local/lib/python3.12/site-packages/airflow/example_dags/example_latest_only.py took 0.040 seconds
[2025-09-16T23:47:59.623+0000] {processor.py:186} INFO - Started process (PID=925) to work on /home/airflow/.local/lib/python3.12/site-packages/airflow/example_dags/example_latest_only.py
[2025-09-16T23:47:59.624+0000] {processor.py:914} INFO - Processing file /home/airflow/.local/lib/python3.12/site-packages/airflow/example_dags/example_latest_only.py for tasks to queue
[2025-09-16T23:47:59.625+0000] {logging_mixin.py:190} INFO - [2025-09-16T23:47:59.625+0000] {dagbag.py:588} INFO - Filling up the DagBag from /home/airflow/.local/lib/python3.12/site-packages/airflow/example_dags/example_latest_only.py
[2025-09-16T23:47:59.629+0000] {processor.py:925} INFO - DAG(s) 'latest_only' retrieved from /home/airflow/.local/lib/python3.12/site-packages/airflow/example_dags/example_latest_only.py
[2025-09-16T23:47:59.642+0000] {logging_mixin.py:190} INFO - [2025-09-16T23:47:59.642+0000] {dag.py:3239} INFO - Sync 1 DAGs
[2025-09-16T23:47:59.653+0000] {logging_mixin.py:190} INFO - [2025-09-16T23:47:59.653+0000] {dag.py:4180} INFO - Setting next_dagrun for latest_only to 2025-09-16 16:00:00+00:00, run_after=2025-09-16 20:00:00+00:00
[2025-09-16T23:47:59.663+0000] {processor.py:208} INFO - Processing /home/airflow/.local/lib/python3.12/site-packages/airflow/example_dags/example_latest_only.py took 0.043 seconds
[2025-09-16T23:48:30.539+0000] {processor.py:186} INFO - Started process (PID=988) to work on /home/airflow/.local/lib/python3.12/site-packages/airflow/example_dags/example_latest_only.py
[2025-09-16T23:48:30.540+0000] {processor.py:914} INFO - Processing file /home/airflow/.local/lib/python3.12/site-packages/airflow/example_dags/example_latest_only.py for tasks to queue
[2025-09-16T23:48:30.541+0000] {logging_mixin.py:190} INFO - [2025-09-16T23:48:30.541+0000] {dagbag.py:588} INFO - Filling up the DagBag from /home/airflow/.local/lib/python3.12/site-packages/airflow/example_dags/example_latest_only.py
[2025-09-16T23:48:30.545+0000] {processor.py:925} INFO - DAG(s) 'latest_only' retrieved from /home/airflow/.local/lib/python3.12/site-packages/airflow/example_dags/example_latest_only.py
[2025-09-16T23:48:30.556+0000] {logging_mixin.py:190} INFO - [2025-09-16T23:48:30.556+0000] {dag.py:3239} INFO - Sync 1 DAGs
[2025-09-16T23:48:30.568+0000] {logging_mixin.py:190} INFO - [2025-09-16T23:48:30.568+0000] {dag.py:4180} INFO - Setting next_dagrun for latest_only to 2025-09-16 16:00:00+00:00, run_after=2025-09-16 20:00:00+00:00
[2025-09-16T23:48:30.576+0000] {processor.py:208} INFO - Processing /home/airflow/.local/lib/python3.12/site-packages/airflow/example_dags/example_latest_only.py took 0.041 seconds
[2025-09-16T23:49:01.273+0000] {processor.py:186} INFO - Started process (PID=1051) to work on /home/airflow/.local/lib/python3.12/site-packages/airflow/example_dags/example_latest_only.py
[2025-09-16T23:49:01.274+0000] {processor.py:914} INFO - Processing file /home/airflow/.local/lib/python3.12/site-packages/airflow/example_dags/example_latest_only.py for tasks to queue
[2025-09-16T23:49:01.278+0000] {logging_mixin.py:190} INFO - [2025-09-16T23:49:01.278+0000] {dagbag.py:588} INFO - Filling up the DagBag from /home/airflow/.local/lib/python3.12/site-packages/airflow/example_dags/example_latest_only.py
[2025-09-16T23:49:01.283+0000] {processor.py:925} INFO - DAG(s) 'latest_only' retrieved from /home/airflow/.local/lib/python3.12/site-packages/airflow/example_dags/example_latest_only.py
[2025-09-16T23:49:01.294+0000] {logging_mixin.py:190} INFO - [2025-09-16T23:49:01.293+0000] {dag.py:3239} INFO - Sync 1 DAGs
[2025-09-16T23:49:01.305+0000] {logging_mixin.py:190} INFO - [2025-09-16T23:49:01.305+0000] {dag.py:4180} INFO - Setting next_dagrun for latest_only to 2025-09-16 16:00:00+00:00, run_after=2025-09-16 20:00:00+00:00
[2025-09-16T23:49:01.314+0000] {processor.py:208} INFO - Processing /home/airflow/.local/lib/python3.12/site-packages/airflow/example_dags/example_latest_only.py took 0.045 seconds
[2025-09-16T23:49:32.003+0000] {processor.py:186} INFO - Started process (PID=1114) to work on /home/airflow/.local/lib/python3.12/site-packages/airflow/example_dags/example_latest_only.py
[2025-09-16T23:49:32.004+0000] {processor.py:914} INFO - Processing file /home/airflow/.local/lib/python3.12/site-packages/airflow/example_dags/example_latest_only.py for tasks to queue
[2025-09-16T23:49:32.006+0000] {logging_mixin.py:190} INFO - [2025-09-16T23:49:32.006+0000] {dagbag.py:588} INFO - Filling up the DagBag from /home/airflow/.local/lib/python3.12/site-packages/airflow/example_dags/example_latest_only.py
[2025-09-16T23:49:32.010+0000] {processor.py:925} INFO - DAG(s) 'latest_only' retrieved from /home/airflow/.local/lib/python3.12/site-packages/airflow/example_dags/example_latest_only.py
[2025-09-16T23:49:32.020+0000] {logging_mixin.py:190} INFO - [2025-09-16T23:49:32.020+0000] {dag.py:3239} INFO - Sync 1 DAGs
[2025-09-16T23:49:32.033+0000] {logging_mixin.py:190} INFO - [2025-09-16T23:49:32.033+0000] {dag.py:4180} INFO - Setting next_dagrun for latest_only to 2025-09-16 16:00:00+00:00, run_after=2025-09-16 20:00:00+00:00
[2025-09-16T23:49:32.042+0000] {processor.py:208} INFO - Processing /home/airflow/.local/lib/python3.12/site-packages/airflow/example_dags/example_latest_only.py took 0.043 seconds
[2025-09-16T23:50:02.575+0000] {processor.py:186} INFO - Started process (PID=1177) to work on /home/airflow/.local/lib/python3.12/site-packages/airflow/example_dags/example_latest_only.py
[2025-09-16T23:50:02.579+0000] {processor.py:914} INFO - Processing file /home/airflow/.local/lib/python3.12/site-packages/airflow/example_dags/example_latest_only.py for tasks to queue
[2025-09-16T23:50:02.580+0000] {logging_mixin.py:190} INFO - [2025-09-16T23:50:02.580+0000] {dagbag.py:588} INFO - Filling up the DagBag from /home/airflow/.local/lib/python3.12/site-packages/airflow/example_dags/example_latest_only.py
[2025-09-16T23:50:02.584+0000] {processor.py:925} INFO - DAG(s) 'latest_only' retrieved from /home/airflow/.local/lib/python3.12/site-packages/airflow/example_dags/example_latest_only.py
[2025-09-16T23:50:02.595+0000] {logging_mixin.py:190} INFO - [2025-09-16T23:50:02.595+0000] {dag.py:3239} INFO - Sync 1 DAGs
[2025-09-16T23:50:02.606+0000] {logging_mixin.py:190} INFO - [2025-09-16T23:50:02.605+0000] {dag.py:4180} INFO - Setting next_dagrun for latest_only to 2025-09-16 16:00:00+00:00, run_after=2025-09-16 20:00:00+00:00
[2025-09-16T23:50:02.614+0000] {processor.py:208} INFO - Processing /home/airflow/.local/lib/python3.12/site-packages/airflow/example_dags/example_latest_only.py took 0.041 seconds
[2025-09-16T23:50:32.721+0000] {processor.py:186} INFO - Started process (PID=1240) to work on /home/airflow/.local/lib/python3.12/site-packages/airflow/example_dags/example_latest_only.py
[2025-09-16T23:50:32.722+0000] {processor.py:914} INFO - Processing file /home/airflow/.local/lib/python3.12/site-packages/airflow/example_dags/example_latest_only.py for tasks to queue
[2025-09-16T23:50:32.724+0000] {logging_mixin.py:190} INFO - [2025-09-16T23:50:32.724+0000] {dagbag.py:588} INFO - Filling up the DagBag from /home/airflow/.local/lib/python3.12/site-packages/airflow/example_dags/example_latest_only.py
[2025-09-16T23:50:32.728+0000] {processor.py:925} INFO - DAG(s) 'latest_only' retrieved from /home/airflow/.local/lib/python3.12/site-packages/airflow/example_dags/example_latest_only.py
[2025-09-16T23:50:32.738+0000] {logging_mixin.py:190} INFO - [2025-09-16T23:50:32.738+0000] {dag.py:3239} INFO - Sync 1 DAGs
[2025-09-16T23:50:32.754+0000] {logging_mixin.py:190} INFO - [2025-09-16T23:50:32.754+0000] {dag.py:4180} INFO - Setting next_dagrun for latest_only to 2025-09-16 16:00:00+00:00, run_after=2025-09-16 20:00:00+00:00
[2025-09-16T23:50:32.765+0000] {processor.py:208} INFO - Processing /home/airflow/.local/lib/python3.12/site-packages/airflow/example_dags/example_latest_only.py took 0.048 seconds
[2025-09-16T23:51:03.920+0000] {processor.py:186} INFO - Started process (PID=1303) to work on /home/airflow/.local/lib/python3.12/site-packages/airflow/example_dags/example_latest_only.py
[2025-09-16T23:51:03.921+0000] {processor.py:914} INFO - Processing file /home/airflow/.local/lib/python3.12/site-packages/airflow/example_dags/example_latest_only.py for tasks to queue
[2025-09-16T23:51:03.922+0000] {logging_mixin.py:190} INFO - [2025-09-16T23:51:03.922+0000] {dagbag.py:588} INFO - Filling up the DagBag from /home/airflow/.local/lib/python3.12/site-packages/airflow/example_dags/example_latest_only.py
[2025-09-16T23:51:03.926+0000] {processor.py:925} INFO - DAG(s) 'latest_only' retrieved from /home/airflow/.local/lib/python3.12/site-packages/airflow/example_dags/example_latest_only.py
[2025-09-16T23:51:03.935+0000] {logging_mixin.py:190} INFO - [2025-09-16T23:51:03.935+0000] {dag.py:3239} INFO - Sync 1 DAGs
[2025-09-16T23:51:03.946+0000] {logging_mixin.py:190} INFO - [2025-09-16T23:51:03.946+0000] {dag.py:4180} INFO - Setting next_dagrun for latest_only to 2025-09-16 16:00:00+00:00, run_after=2025-09-16 20:00:00+00:00
[2025-09-16T23:51:03.957+0000] {processor.py:208} INFO - Processing /home/airflow/.local/lib/python3.12/site-packages/airflow/example_dags/example_latest_only.py took 0.040 seconds
[2025-09-16T23:51:35.362+0000] {processor.py:186} INFO - Started process (PID=1366) to work on /home/airflow/.local/lib/python3.12/site-packages/airflow/example_dags/example_latest_only.py
[2025-09-16T23:51:35.366+0000] {processor.py:914} INFO - Processing file /home/airflow/.local/lib/python3.12/site-packages/airflow/example_dags/example_latest_only.py for tasks to queue
[2025-09-16T23:51:35.368+0000] {logging_mixin.py:190} INFO - [2025-09-16T23:51:35.367+0000] {dagbag.py:588} INFO - Filling up the DagBag from /home/airflow/.local/lib/python3.12/site-packages/airflow/example_dags/example_latest_only.py
[2025-09-16T23:51:35.372+0000] {processor.py:925} INFO - DAG(s) 'latest_only' retrieved from /home/airflow/.local/lib/python3.12/site-packages/airflow/example_dags/example_latest_only.py
[2025-09-16T23:51:35.384+0000] {logging_mixin.py:190} INFO - [2025-09-16T23:51:35.383+0000] {dag.py:3239} INFO - Sync 1 DAGs
[2025-09-16T23:51:35.396+0000] {logging_mixin.py:190} INFO - [2025-09-16T23:51:35.396+0000] {dag.py:4180} INFO - Setting next_dagrun for latest_only to 2025-09-16 16:00:00+00:00, run_after=2025-09-16 20:00:00+00:00
[2025-09-16T23:51:35.407+0000] {processor.py:208} INFO - Processing /home/airflow/.local/lib/python3.12/site-packages/airflow/example_dags/example_latest_only.py took 0.050 seconds
[2025-09-16T23:52:06.816+0000] {processor.py:186} INFO - Started process (PID=1429) to work on /home/airflow/.local/lib/python3.12/site-packages/airflow/example_dags/example_latest_only.py
[2025-09-16T23:52:06.817+0000] {processor.py:914} INFO - Processing file /home/airflow/.local/lib/python3.12/site-packages/airflow/example_dags/example_latest_only.py for tasks to queue
[2025-09-16T23:52:06.820+0000] {logging_mixin.py:190} INFO - [2025-09-16T23:52:06.820+0000] {dagbag.py:588} INFO - Filling up the DagBag from /home/airflow/.local/lib/python3.12/site-packages/airflow/example_dags/example_latest_only.py
[2025-09-16T23:52:06.824+0000] {processor.py:925} INFO - DAG(s) 'latest_only' retrieved from /home/airflow/.local/lib/python3.12/site-packages/airflow/example_dags/example_latest_only.py
[2025-09-16T23:52:06.834+0000] {logging_mixin.py:190} INFO - [2025-09-16T23:52:06.834+0000] {dag.py:3239} INFO - Sync 1 DAGs
[2025-09-16T23:52:06.845+0000] {logging_mixin.py:190} INFO - [2025-09-16T23:52:06.845+0000] {dag.py:4180} INFO - Setting next_dagrun for latest_only to 2025-09-16 16:00:00+00:00, run_after=2025-09-16 20:00:00+00:00
[2025-09-16T23:52:06.857+0000] {processor.py:208} INFO - Processing /home/airflow/.local/lib/python3.12/site-packages/airflow/example_dags/example_latest_only.py took 0.044 seconds
[2025-09-16T23:52:38.344+0000] {processor.py:186} INFO - Started process (PID=1492) to work on /home/airflow/.local/lib/python3.12/site-packages/airflow/example_dags/example_latest_only.py
[2025-09-16T23:52:38.347+0000] {processor.py:914} INFO - Processing file /home/airflow/.local/lib/python3.12/site-packages/airflow/example_dags/example_latest_only.py for tasks to queue
[2025-09-16T23:52:38.348+0000] {logging_mixin.py:190} INFO - [2025-09-16T23:52:38.348+0000] {dagbag.py:588} INFO - Filling up the DagBag from /home/airflow/.local/lib/python3.12/site-packages/airflow/example_dags/example_latest_only.py
[2025-09-16T23:52:38.352+0000] {processor.py:925} INFO - DAG(s) 'latest_only' retrieved from /home/airflow/.local/lib/python3.12/site-packages/airflow/example_dags/example_latest_only.py
[2025-09-16T23:52:38.362+0000] {logging_mixin.py:190} INFO - [2025-09-16T23:52:38.362+0000] {dag.py:3239} INFO - Sync 1 DAGs
[2025-09-16T23:52:38.372+0000] {logging_mixin.py:190} INFO - [2025-09-16T23:52:38.372+0000] {dag.py:4180} INFO - Setting next_dagrun for latest_only to 2025-09-16 16:00:00+00:00, run_after=2025-09-16 20:00:00+00:00
[2025-09-16T23:52:38.383+0000] {processor.py:208} INFO - Processing /home/airflow/.local/lib/python3.12/site-packages/airflow/example_dags/example_latest_only.py took 0.043 seconds
[2025-09-16T23:53:09.731+0000] {processor.py:186} INFO - Started process (PID=1555) to work on /home/airflow/.local/lib/python3.12/site-packages/airflow/example_dags/example_latest_only.py
[2025-09-16T23:53:09.732+0000] {processor.py:914} INFO - Processing file /home/airflow/.local/lib/python3.12/site-packages/airflow/example_dags/example_latest_only.py for tasks to queue
[2025-09-16T23:53:09.733+0000] {logging_mixin.py:190} INFO - [2025-09-16T23:53:09.733+0000] {dagbag.py:588} INFO - Filling up the DagBag from /home/airflow/.local/lib/python3.12/site-packages/airflow/example_dags/example_latest_only.py
[2025-09-16T23:53:09.738+0000] {processor.py:925} INFO - DAG(s) 'latest_only' retrieved from /home/airflow/.local/lib/python3.12/site-packages/airflow/example_dags/example_latest_only.py
[2025-09-16T23:53:09.749+0000] {logging_mixin.py:190} INFO - [2025-09-16T23:53:09.749+0000] {dag.py:3239} INFO - Sync 1 DAGs
[2025-09-16T23:53:09.760+0000] {logging_mixin.py:190} INFO - [2025-09-16T23:53:09.760+0000] {dag.py:4180} INFO - Setting next_dagrun for latest_only to 2025-09-16 16:00:00+00:00, run_after=2025-09-16 20:00:00+00:00
[2025-09-16T23:53:09.768+0000] {processor.py:208} INFO - Processing /home/airflow/.local/lib/python3.12/site-packages/airflow/example_dags/example_latest_only.py took 0.041 seconds
[2025-09-16T23:53:41.008+0000] {processor.py:186} INFO - Started process (PID=1618) to work on /home/airflow/.local/lib/python3.12/site-packages/airflow/example_dags/example_latest_only.py
[2025-09-16T23:53:41.008+0000] {processor.py:914} INFO - Processing file /home/airflow/.local/lib/python3.12/site-packages/airflow/example_dags/example_latest_only.py for tasks to queue
[2025-09-16T23:53:41.009+0000] {logging_mixin.py:190} INFO - [2025-09-16T23:53:41.009+0000] {dagbag.py:588} INFO - Filling up the DagBag from /home/airflow/.local/lib/python3.12/site-packages/airflow/example_dags/example_latest_only.py
[2025-09-16T23:53:41.013+0000] {processor.py:925} INFO - DAG(s) 'latest_only' retrieved from /home/airflow/.local/lib/python3.12/site-packages/airflow/example_dags/example_latest_only.py
[2025-09-16T23:53:41.023+0000] {logging_mixin.py:190} INFO - [2025-09-16T23:53:41.023+0000] {dag.py:3239} INFO - Sync 1 DAGs
[2025-09-16T23:53:41.034+0000] {logging_mixin.py:190} INFO - [2025-09-16T23:53:41.034+0000] {dag.py:4180} INFO - Setting next_dagrun for latest_only to 2025-09-16 16:00:00+00:00, run_after=2025-09-16 20:00:00+00:00
[2025-09-16T23:53:41.045+0000] {processor.py:208} INFO - Processing /home/airflow/.local/lib/python3.12/site-packages/airflow/example_dags/example_latest_only.py took 0.040 seconds
[2025-09-16T23:54:12.657+0000] {processor.py:186} INFO - Started process (PID=1681) to work on /home/airflow/.local/lib/python3.12/site-packages/airflow/example_dags/example_latest_only.py
[2025-09-16T23:54:12.658+0000] {processor.py:914} INFO - Processing file /home/airflow/.local/lib/python3.12/site-packages/airflow/example_dags/example_latest_only.py for tasks to queue
[2025-09-16T23:54:12.660+0000] {logging_mixin.py:190} INFO - [2025-09-16T23:54:12.660+0000] {dagbag.py:588} INFO - Filling up the DagBag from /home/airflow/.local/lib/python3.12/site-packages/airflow/example_dags/example_latest_only.py
[2025-09-16T23:54:12.664+0000] {processor.py:925} INFO - DAG(s) 'latest_only' retrieved from /home/airflow/.local/lib/python3.12/site-packages/airflow/example_dags/example_latest_only.py
[2025-09-16T23:54:12.678+0000] {logging_mixin.py:190} INFO - [2025-09-16T23:54:12.677+0000] {dag.py:3239} INFO - Sync 1 DAGs
[2025-09-16T23:54:12.694+0000] {logging_mixin.py:190} INFO - [2025-09-16T23:54:12.693+0000] {dag.py:4180} INFO - Setting next_dagrun for latest_only to 2025-09-16 16:00:00+00:00, run_after=2025-09-16 20:00:00+00:00
[2025-09-16T23:54:12.704+0000] {processor.py:208} INFO - Processing /home/airflow/.local/lib/python3.12/site-packages/airflow/example_dags/example_latest_only.py took 0.051 seconds
[2025-09-16T23:54:44.885+0000] {processor.py:186} INFO - Started process (PID=1744) to work on /home/airflow/.local/lib/python3.12/site-packages/airflow/example_dags/example_latest_only.py
[2025-09-16T23:54:44.887+0000] {processor.py:914} INFO - Processing file /home/airflow/.local/lib/python3.12/site-packages/airflow/example_dags/example_latest_only.py for tasks to queue
[2025-09-16T23:54:44.889+0000] {logging_mixin.py:190} INFO - [2025-09-16T23:54:44.889+0000] {dagbag.py:588} INFO - Filling up the DagBag from /home/airflow/.local/lib/python3.12/site-packages/airflow/example_dags/example_latest_only.py
[2025-09-16T23:54:44.897+0000] {processor.py:925} INFO - DAG(s) 'latest_only' retrieved from /home/airflow/.local/lib/python3.12/site-packages/airflow/example_dags/example_latest_only.py
[2025-09-16T23:54:44.923+0000] {logging_mixin.py:190} INFO - [2025-09-16T23:54:44.923+0000] {dag.py:3239} INFO - Sync 1 DAGs
[2025-09-16T23:54:44.942+0000] {logging_mixin.py:190} INFO - [2025-09-16T23:54:44.942+0000] {dag.py:4180} INFO - Setting next_dagrun for latest_only to 2025-09-16 16:00:00+00:00, run_after=2025-09-16 20:00:00+00:00
[2025-09-16T23:54:44.961+0000] {processor.py:208} INFO - Processing /home/airflow/.local/lib/python3.12/site-packages/airflow/example_dags/example_latest_only.py took 0.087 seconds
[2025-09-16T23:55:15.656+0000] {processor.py:186} INFO - Started process (PID=1807) to work on /home/airflow/.local/lib/python3.12/site-packages/airflow/example_dags/example_latest_only.py
[2025-09-16T23:55:15.657+0000] {processor.py:914} INFO - Processing file /home/airflow/.local/lib/python3.12/site-packages/airflow/example_dags/example_latest_only.py for tasks to queue
[2025-09-16T23:55:15.661+0000] {logging_mixin.py:190} INFO - [2025-09-16T23:55:15.661+0000] {dagbag.py:588} INFO - Filling up the DagBag from /home/airflow/.local/lib/python3.12/site-packages/airflow/example_dags/example_latest_only.py
[2025-09-16T23:55:15.665+0000] {processor.py:925} INFO - DAG(s) 'latest_only' retrieved from /home/airflow/.local/lib/python3.12/site-packages/airflow/example_dags/example_latest_only.py
[2025-09-16T23:55:15.675+0000] {logging_mixin.py:190} INFO - [2025-09-16T23:55:15.675+0000] {dag.py:3239} INFO - Sync 1 DAGs
[2025-09-16T23:55:15.685+0000] {logging_mixin.py:190} INFO - [2025-09-16T23:55:15.685+0000] {dag.py:4180} INFO - Setting next_dagrun for latest_only to 2025-09-16 16:00:00+00:00, run_after=2025-09-16 20:00:00+00:00
[2025-09-16T23:55:15.697+0000] {processor.py:208} INFO - Processing /home/airflow/.local/lib/python3.12/site-packages/airflow/example_dags/example_latest_only.py took 0.044 seconds
[2025-09-16T23:55:46.816+0000] {processor.py:186} INFO - Started process (PID=1870) to work on /home/airflow/.local/lib/python3.12/site-packages/airflow/example_dags/example_latest_only.py
[2025-09-16T23:55:46.817+0000] {processor.py:914} INFO - Processing file /home/airflow/.local/lib/python3.12/site-packages/airflow/example_dags/example_latest_only.py for tasks to queue
[2025-09-16T23:55:46.818+0000] {logging_mixin.py:190} INFO - [2025-09-16T23:55:46.818+0000] {dagbag.py:588} INFO - Filling up the DagBag from /home/airflow/.local/lib/python3.12/site-packages/airflow/example_dags/example_latest_only.py
[2025-09-16T23:55:46.822+0000] {processor.py:925} INFO - DAG(s) 'latest_only' retrieved from /home/airflow/.local/lib/python3.12/site-packages/airflow/example_dags/example_latest_only.py
[2025-09-16T23:55:46.831+0000] {logging_mixin.py:190} INFO - [2025-09-16T23:55:46.831+0000] {dag.py:3239} INFO - Sync 1 DAGs
[2025-09-16T23:55:46.842+0000] {logging_mixin.py:190} INFO - [2025-09-16T23:55:46.842+0000] {dag.py:4180} INFO - Setting next_dagrun for latest_only to 2025-09-16 16:00:00+00:00, run_after=2025-09-16 20:00:00+00:00
[2025-09-16T23:55:46.853+0000] {processor.py:208} INFO - Processing /home/airflow/.local/lib/python3.12/site-packages/airflow/example_dags/example_latest_only.py took 0.040 seconds
[2025-09-16T23:56:18.070+0000] {processor.py:186} INFO - Started process (PID=1933) to work on /home/airflow/.local/lib/python3.12/site-packages/airflow/example_dags/example_latest_only.py
[2025-09-16T23:56:18.073+0000] {processor.py:914} INFO - Processing file /home/airflow/.local/lib/python3.12/site-packages/airflow/example_dags/example_latest_only.py for tasks to queue
[2025-09-16T23:56:18.075+0000] {logging_mixin.py:190} INFO - [2025-09-16T23:56:18.075+0000] {dagbag.py:588} INFO - Filling up the DagBag from /home/airflow/.local/lib/python3.12/site-packages/airflow/example_dags/example_latest_only.py
[2025-09-16T23:56:18.079+0000] {processor.py:925} INFO - DAG(s) 'latest_only' retrieved from /home/airflow/.local/lib/python3.12/site-packages/airflow/example_dags/example_latest_only.py
[2025-09-16T23:56:18.092+0000] {logging_mixin.py:190} INFO - [2025-09-16T23:56:18.092+0000] {dag.py:3239} INFO - Sync 1 DAGs
[2025-09-16T23:56:18.103+0000] {logging_mixin.py:190} INFO - [2025-09-16T23:56:18.103+0000] {dag.py:4180} INFO - Setting next_dagrun for latest_only to 2025-09-16 16:00:00+00:00, run_after=2025-09-16 20:00:00+00:00
[2025-09-16T23:56:18.114+0000] {processor.py:208} INFO - Processing /home/airflow/.local/lib/python3.12/site-packages/airflow/example_dags/example_latest_only.py took 0.049 seconds
[2025-09-16T23:56:49.212+0000] {processor.py:186} INFO - Started process (PID=1996) to work on /home/airflow/.local/lib/python3.12/site-packages/airflow/example_dags/example_latest_only.py
[2025-09-16T23:56:49.213+0000] {processor.py:914} INFO - Processing file /home/airflow/.local/lib/python3.12/site-packages/airflow/example_dags/example_latest_only.py for tasks to queue
[2025-09-16T23:56:49.214+0000] {logging_mixin.py:190} INFO - [2025-09-16T23:56:49.214+0000] {dagbag.py:588} INFO - Filling up the DagBag from /home/airflow/.local/lib/python3.12/site-packages/airflow/example_dags/example_latest_only.py
[2025-09-16T23:56:49.217+0000] {processor.py:925} INFO - DAG(s) 'latest_only' retrieved from /home/airflow/.local/lib/python3.12/site-packages/airflow/example_dags/example_latest_only.py
[2025-09-16T23:56:49.226+0000] {logging_mixin.py:190} INFO - [2025-09-16T23:56:49.226+0000] {dag.py:3239} INFO - Sync 1 DAGs
[2025-09-16T23:56:49.237+0000] {logging_mixin.py:190} INFO - [2025-09-16T23:56:49.237+0000] {dag.py:4180} INFO - Setting next_dagrun for latest_only to 2025-09-16 16:00:00+00:00, run_after=2025-09-16 20:00:00+00:00
[2025-09-16T23:56:49.244+0000] {processor.py:208} INFO - Processing /home/airflow/.local/lib/python3.12/site-packages/airflow/example_dags/example_latest_only.py took 0.035 seconds
[2025-09-16T23:57:20.273+0000] {processor.py:186} INFO - Started process (PID=2059) to work on /home/airflow/.local/lib/python3.12/site-packages/airflow/example_dags/example_latest_only.py
[2025-09-16T23:57:20.275+0000] {processor.py:914} INFO - Processing file /home/airflow/.local/lib/python3.12/site-packages/airflow/example_dags/example_latest_only.py for tasks to queue
[2025-09-16T23:57:20.277+0000] {logging_mixin.py:190} INFO - [2025-09-16T23:57:20.277+0000] {dagbag.py:588} INFO - Filling up the DagBag from /home/airflow/.local/lib/python3.12/site-packages/airflow/example_dags/example_latest_only.py
[2025-09-16T23:57:20.281+0000] {processor.py:925} INFO - DAG(s) 'latest_only' retrieved from /home/airflow/.local/lib/python3.12/site-packages/airflow/example_dags/example_latest_only.py
[2025-09-16T23:57:20.292+0000] {logging_mixin.py:190} INFO - [2025-09-16T23:57:20.292+0000] {dag.py:3239} INFO - Sync 1 DAGs
[2025-09-16T23:57:20.303+0000] {logging_mixin.py:190} INFO - [2025-09-16T23:57:20.302+0000] {dag.py:4180} INFO - Setting next_dagrun for latest_only to 2025-09-16 16:00:00+00:00, run_after=2025-09-16 20:00:00+00:00
[2025-09-16T23:57:20.313+0000] {processor.py:208} INFO - Processing /home/airflow/.local/lib/python3.12/site-packages/airflow/example_dags/example_latest_only.py took 0.043 seconds
[2025-09-16T23:57:51.443+0000] {processor.py:186} INFO - Started process (PID=2122) to work on /home/airflow/.local/lib/python3.12/site-packages/airflow/example_dags/example_latest_only.py
[2025-09-16T23:57:51.444+0000] {processor.py:914} INFO - Processing file /home/airflow/.local/lib/python3.12/site-packages/airflow/example_dags/example_latest_only.py for tasks to queue
[2025-09-16T23:57:51.445+0000] {logging_mixin.py:190} INFO - [2025-09-16T23:57:51.445+0000] {dagbag.py:588} INFO - Filling up the DagBag from /home/airflow/.local/lib/python3.12/site-packages/airflow/example_dags/example_latest_only.py
[2025-09-16T23:57:51.449+0000] {processor.py:925} INFO - DAG(s) 'latest_only' retrieved from /home/airflow/.local/lib/python3.12/site-packages/airflow/example_dags/example_latest_only.py
[2025-09-16T23:57:51.461+0000] {logging_mixin.py:190} INFO - [2025-09-16T23:57:51.461+0000] {dag.py:3239} INFO - Sync 1 DAGs
[2025-09-16T23:57:51.474+0000] {logging_mixin.py:190} INFO - [2025-09-16T23:57:51.474+0000] {dag.py:4180} INFO - Setting next_dagrun for latest_only to 2025-09-16 16:00:00+00:00, run_after=2025-09-16 20:00:00+00:00
[2025-09-16T23:57:51.483+0000] {processor.py:208} INFO - Processing /home/airflow/.local/lib/python3.12/site-packages/airflow/example_dags/example_latest_only.py took 0.042 seconds
[2025-09-16T23:58:22.553+0000] {processor.py:186} INFO - Started process (PID=2185) to work on /home/airflow/.local/lib/python3.12/site-packages/airflow/example_dags/example_latest_only.py
[2025-09-16T23:58:22.553+0000] {processor.py:914} INFO - Processing file /home/airflow/.local/lib/python3.12/site-packages/airflow/example_dags/example_latest_only.py for tasks to queue
[2025-09-16T23:58:22.555+0000] {logging_mixin.py:190} INFO - [2025-09-16T23:58:22.554+0000] {dagbag.py:588} INFO - Filling up the DagBag from /home/airflow/.local/lib/python3.12/site-packages/airflow/example_dags/example_latest_only.py
[2025-09-16T23:58:22.560+0000] {processor.py:925} INFO - DAG(s) 'latest_only' retrieved from /home/airflow/.local/lib/python3.12/site-packages/airflow/example_dags/example_latest_only.py
[2025-09-16T23:58:22.573+0000] {logging_mixin.py:190} INFO - [2025-09-16T23:58:22.573+0000] {dag.py:3239} INFO - Sync 1 DAGs
[2025-09-16T23:58:22.584+0000] {logging_mixin.py:190} INFO - [2025-09-16T23:58:22.584+0000] {dag.py:4180} INFO - Setting next_dagrun for latest_only to 2025-09-16 16:00:00+00:00, run_after=2025-09-16 20:00:00+00:00
[2025-09-16T23:58:22.599+0000] {processor.py:208} INFO - Processing /home/airflow/.local/lib/python3.12/site-packages/airflow/example_dags/example_latest_only.py took 0.050 seconds
[2025-09-16T23:58:53.566+0000] {processor.py:186} INFO - Started process (PID=2254) to work on /home/airflow/.local/lib/python3.12/site-packages/airflow/example_dags/example_latest_only.py
[2025-09-16T23:58:53.567+0000] {processor.py:914} INFO - Processing file /home/airflow/.local/lib/python3.12/site-packages/airflow/example_dags/example_latest_only.py for tasks to queue
[2025-09-16T23:58:53.569+0000] {logging_mixin.py:190} INFO - [2025-09-16T23:58:53.568+0000] {dagbag.py:588} INFO - Filling up the DagBag from /home/airflow/.local/lib/python3.12/site-packages/airflow/example_dags/example_latest_only.py
[2025-09-16T23:58:53.573+0000] {processor.py:925} INFO - DAG(s) 'latest_only' retrieved from /home/airflow/.local/lib/python3.12/site-packages/airflow/example_dags/example_latest_only.py
[2025-09-16T23:58:53.583+0000] {logging_mixin.py:190} INFO - [2025-09-16T23:58:53.583+0000] {dag.py:3239} INFO - Sync 1 DAGs
[2025-09-16T23:58:53.594+0000] {logging_mixin.py:190} INFO - [2025-09-16T23:58:53.594+0000] {dag.py:4180} INFO - Setting next_dagrun for latest_only to 2025-09-16 16:00:00+00:00, run_after=2025-09-16 20:00:00+00:00
[2025-09-16T23:58:53.602+0000] {processor.py:208} INFO - Processing /home/airflow/.local/lib/python3.12/site-packages/airflow/example_dags/example_latest_only.py took 0.040 seconds
[2025-09-16T23:59:24.661+0000] {processor.py:186} INFO - Started process (PID=2317) to work on /home/airflow/.local/lib/python3.12/site-packages/airflow/example_dags/example_latest_only.py
[2025-09-16T23:59:24.663+0000] {processor.py:914} INFO - Processing file /home/airflow/.local/lib/python3.12/site-packages/airflow/example_dags/example_latest_only.py for tasks to queue
[2025-09-16T23:59:24.666+0000] {logging_mixin.py:190} INFO - [2025-09-16T23:59:24.666+0000] {dagbag.py:588} INFO - Filling up the DagBag from /home/airflow/.local/lib/python3.12/site-packages/airflow/example_dags/example_latest_only.py
[2025-09-16T23:59:24.670+0000] {processor.py:925} INFO - DAG(s) 'latest_only' retrieved from /home/airflow/.local/lib/python3.12/site-packages/airflow/example_dags/example_latest_only.py
[2025-09-16T23:59:24.680+0000] {logging_mixin.py:190} INFO - [2025-09-16T23:59:24.680+0000] {dag.py:3239} INFO - Sync 1 DAGs
[2025-09-16T23:59:24.693+0000] {logging_mixin.py:190} INFO - [2025-09-16T23:59:24.693+0000] {dag.py:4180} INFO - Setting next_dagrun for latest_only to 2025-09-16 16:00:00+00:00, run_after=2025-09-16 20:00:00+00:00
[2025-09-16T23:59:24.704+0000] {processor.py:208} INFO - Processing /home/airflow/.local/lib/python3.12/site-packages/airflow/example_dags/example_latest_only.py took 0.047 seconds
[2025-09-16T23:59:56.075+0000] {processor.py:186} INFO - Started process (PID=2380) to work on /home/airflow/.local/lib/python3.12/site-packages/airflow/example_dags/example_latest_only.py
[2025-09-16T23:59:56.076+0000] {processor.py:914} INFO - Processing file /home/airflow/.local/lib/python3.12/site-packages/airflow/example_dags/example_latest_only.py for tasks to queue
[2025-09-16T23:59:56.078+0000] {logging_mixin.py:190} INFO - [2025-09-16T23:59:56.077+0000] {dagbag.py:588} INFO - Filling up the DagBag from /home/airflow/.local/lib/python3.12/site-packages/airflow/example_dags/example_latest_only.py
[2025-09-16T23:59:56.082+0000] {processor.py:925} INFO - DAG(s) 'latest_only' retrieved from /home/airflow/.local/lib/python3.12/site-packages/airflow/example_dags/example_latest_only.py
[2025-09-16T23:59:56.093+0000] {logging_mixin.py:190} INFO - [2025-09-16T23:59:56.093+0000] {dag.py:3239} INFO - Sync 1 DAGs
[2025-09-16T23:59:56.105+0000] {logging_mixin.py:190} INFO - [2025-09-16T23:59:56.105+0000] {dag.py:4180} INFO - Setting next_dagrun for latest_only to 2025-09-16 16:00:00+00:00, run_after=2025-09-16 20:00:00+00:00
[2025-09-16T23:59:56.116+0000] {processor.py:208} INFO - Processing /home/airflow/.local/lib/python3.12/site-packages/airflow/example_dags/example_latest_only.py took 0.044 seconds
