[2025-09-16T23:41:20.683+0000] {processor.py:186} INFO - Started process (PID=105) to work on /home/airflow/.local/lib/python3.12/site-packages/airflow/example_dags/example_dag_decorator.py
[2025-09-16T23:41:20.684+0000] {processor.py:914} INFO - Processing file /home/airflow/.local/lib/python3.12/site-packages/airflow/example_dags/example_dag_decorator.py for tasks to queue
[2025-09-16T23:41:20.685+0000] {logging_mixin.py:190} INFO - [2025-09-16T23:41:20.685+0000] {dagbag.py:588} INFO - Filling up the DagBag from /home/airflow/.local/lib/python3.12/site-packages/airflow/example_dags/example_dag_decorator.py
[2025-09-16T23:41:20.692+0000] {processor.py:925} INFO - DAG(s) 'example_dag_decorator' retrieved from /home/airflow/.local/lib/python3.12/site-packages/airflow/example_dags/example_dag_decorator.py
[2025-09-16T23:41:20.741+0000] {logging_mixin.py:190} INFO - [2025-09-16T23:41:20.740+0000] {override.py:1911} INFO - Created Permission View: can edit on DAG:example_dag_decorator
[2025-09-16T23:41:20.745+0000] {logging_mixin.py:190} INFO - [2025-09-16T23:41:20.745+0000] {override.py:1911} INFO - Created Permission View: can delete on DAG:example_dag_decorator
[2025-09-16T23:41:20.747+0000] {logging_mixin.py:190} INFO - [2025-09-16T23:41:20.747+0000] {override.py:1911} INFO - Created Permission View: can read on DAG:example_dag_decorator
[2025-09-16T23:41:20.749+0000] {logging_mixin.py:190} INFO - [2025-09-16T23:41:20.749+0000] {override.py:1911} INFO - Created Permission View: menu access on DAG Run:example_dag_decorator
[2025-09-16T23:41:20.751+0000] {logging_mixin.py:190} INFO - [2025-09-16T23:41:20.751+0000] {override.py:1911} INFO - Created Permission View: can create on DAG Run:example_dag_decorator
[2025-09-16T23:41:20.753+0000] {logging_mixin.py:190} INFO - [2025-09-16T23:41:20.753+0000] {override.py:1911} INFO - Created Permission View: can delete on DAG Run:example_dag_decorator
[2025-09-16T23:41:20.755+0000] {logging_mixin.py:190} INFO - [2025-09-16T23:41:20.755+0000] {override.py:1911} INFO - Created Permission View: can read on DAG Run:example_dag_decorator
[2025-09-16T23:41:20.755+0000] {logging_mixin.py:190} INFO - [2025-09-16T23:41:20.755+0000] {dag.py:3239} INFO - Sync 1 DAGs
[2025-09-16T23:41:20.761+0000] {logging_mixin.py:190} INFO - [2025-09-16T23:41:20.761+0000] {dag.py:3262} INFO - Creating ORM DAG for example_dag_decorator
[2025-09-16T23:41:20.761+0000] {logging_mixin.py:190} INFO - [2025-09-16T23:41:20.761+0000] {dag.py:4180} INFO - Setting next_dagrun for example_dag_decorator to None, run_after=None
[2025-09-16T23:41:20.768+0000] {processor.py:208} INFO - Processing /home/airflow/.local/lib/python3.12/site-packages/airflow/example_dags/example_dag_decorator.py took 0.089 seconds
[2025-09-16T23:41:51.414+0000] {processor.py:186} INFO - Started process (PID=168) to work on /home/airflow/.local/lib/python3.12/site-packages/airflow/example_dags/example_dag_decorator.py
[2025-09-16T23:41:51.414+0000] {processor.py:914} INFO - Processing file /home/airflow/.local/lib/python3.12/site-packages/airflow/example_dags/example_dag_decorator.py for tasks to queue
[2025-09-16T23:41:51.416+0000] {logging_mixin.py:190} INFO - [2025-09-16T23:41:51.415+0000] {dagbag.py:588} INFO - Filling up the DagBag from /home/airflow/.local/lib/python3.12/site-packages/airflow/example_dags/example_dag_decorator.py
[2025-09-16T23:41:51.423+0000] {processor.py:925} INFO - DAG(s) 'example_dag_decorator' retrieved from /home/airflow/.local/lib/python3.12/site-packages/airflow/example_dags/example_dag_decorator.py
[2025-09-16T23:41:51.490+0000] {logging_mixin.py:190} INFO - [2025-09-16T23:41:51.490+0000] {dag.py:3239} INFO - Sync 1 DAGs
[2025-09-16T23:41:51.498+0000] {logging_mixin.py:190} INFO - [2025-09-16T23:41:51.498+0000] {dag.py:4180} INFO - Setting next_dagrun for example_dag_decorator to None, run_after=None
[2025-09-16T23:41:51.510+0000] {processor.py:208} INFO - Processing /home/airflow/.local/lib/python3.12/site-packages/airflow/example_dags/example_dag_decorator.py took 0.100 seconds
[2025-09-16T23:42:22.420+0000] {processor.py:186} INFO - Started process (PID=231) to work on /home/airflow/.local/lib/python3.12/site-packages/airflow/example_dags/example_dag_decorator.py
[2025-09-16T23:42:22.420+0000] {processor.py:914} INFO - Processing file /home/airflow/.local/lib/python3.12/site-packages/airflow/example_dags/example_dag_decorator.py for tasks to queue
[2025-09-16T23:42:22.422+0000] {logging_mixin.py:190} INFO - [2025-09-16T23:42:22.422+0000] {dagbag.py:588} INFO - Filling up the DagBag from /home/airflow/.local/lib/python3.12/site-packages/airflow/example_dags/example_dag_decorator.py
[2025-09-16T23:42:22.428+0000] {processor.py:925} INFO - DAG(s) 'example_dag_decorator' retrieved from /home/airflow/.local/lib/python3.12/site-packages/airflow/example_dags/example_dag_decorator.py
[2025-09-16T23:42:22.492+0000] {logging_mixin.py:190} INFO - [2025-09-16T23:42:22.492+0000] {dag.py:3239} INFO - Sync 1 DAGs
[2025-09-16T23:42:22.500+0000] {logging_mixin.py:190} INFO - [2025-09-16T23:42:22.500+0000] {dag.py:4180} INFO - Setting next_dagrun for example_dag_decorator to None, run_after=None
[2025-09-16T23:42:22.510+0000] {processor.py:208} INFO - Processing /home/airflow/.local/lib/python3.12/site-packages/airflow/example_dags/example_dag_decorator.py took 0.094 seconds
[2025-09-16T23:42:53.017+0000] {processor.py:186} INFO - Started process (PID=293) to work on /home/airflow/.local/lib/python3.12/site-packages/airflow/example_dags/example_dag_decorator.py
[2025-09-16T23:42:53.018+0000] {processor.py:914} INFO - Processing file /home/airflow/.local/lib/python3.12/site-packages/airflow/example_dags/example_dag_decorator.py for tasks to queue
[2025-09-16T23:42:53.020+0000] {logging_mixin.py:190} INFO - [2025-09-16T23:42:53.020+0000] {dagbag.py:588} INFO - Filling up the DagBag from /home/airflow/.local/lib/python3.12/site-packages/airflow/example_dags/example_dag_decorator.py
[2025-09-16T23:42:53.029+0000] {processor.py:925} INFO - DAG(s) 'example_dag_decorator' retrieved from /home/airflow/.local/lib/python3.12/site-packages/airflow/example_dags/example_dag_decorator.py
[2025-09-16T23:42:53.158+0000] {logging_mixin.py:190} INFO - [2025-09-16T23:42:53.157+0000] {dag.py:3239} INFO - Sync 1 DAGs
[2025-09-16T23:42:53.170+0000] {logging_mixin.py:190} INFO - [2025-09-16T23:42:53.169+0000] {dag.py:4180} INFO - Setting next_dagrun for example_dag_decorator to None, run_after=None
[2025-09-16T23:42:53.192+0000] {processor.py:208} INFO - Processing /home/airflow/.local/lib/python3.12/site-packages/airflow/example_dags/example_dag_decorator.py took 0.180 seconds
[2025-09-16T23:43:23.627+0000] {processor.py:186} INFO - Started process (PID=355) to work on /home/airflow/.local/lib/python3.12/site-packages/airflow/example_dags/example_dag_decorator.py
[2025-09-16T23:43:23.628+0000] {processor.py:914} INFO - Processing file /home/airflow/.local/lib/python3.12/site-packages/airflow/example_dags/example_dag_decorator.py for tasks to queue
[2025-09-16T23:43:23.629+0000] {logging_mixin.py:190} INFO - [2025-09-16T23:43:23.629+0000] {dagbag.py:588} INFO - Filling up the DagBag from /home/airflow/.local/lib/python3.12/site-packages/airflow/example_dags/example_dag_decorator.py
[2025-09-16T23:43:23.637+0000] {processor.py:925} INFO - DAG(s) 'example_dag_decorator' retrieved from /home/airflow/.local/lib/python3.12/site-packages/airflow/example_dags/example_dag_decorator.py
[2025-09-16T23:43:23.699+0000] {logging_mixin.py:190} INFO - [2025-09-16T23:43:23.698+0000] {dag.py:3239} INFO - Sync 1 DAGs
[2025-09-16T23:43:23.705+0000] {logging_mixin.py:190} INFO - [2025-09-16T23:43:23.704+0000] {dag.py:4180} INFO - Setting next_dagrun for example_dag_decorator to None, run_after=None
[2025-09-16T23:43:23.713+0000] {processor.py:208} INFO - Processing /home/airflow/.local/lib/python3.12/site-packages/airflow/example_dags/example_dag_decorator.py took 0.089 seconds
[2025-09-16T23:43:54.430+0000] {processor.py:186} INFO - Started process (PID=419) to work on /home/airflow/.local/lib/python3.12/site-packages/airflow/example_dags/example_dag_decorator.py
[2025-09-16T23:43:54.431+0000] {processor.py:914} INFO - Processing file /home/airflow/.local/lib/python3.12/site-packages/airflow/example_dags/example_dag_decorator.py for tasks to queue
[2025-09-16T23:43:54.432+0000] {logging_mixin.py:190} INFO - [2025-09-16T23:43:54.432+0000] {dagbag.py:588} INFO - Filling up the DagBag from /home/airflow/.local/lib/python3.12/site-packages/airflow/example_dags/example_dag_decorator.py
[2025-09-16T23:43:54.442+0000] {processor.py:925} INFO - DAG(s) 'example_dag_decorator' retrieved from /home/airflow/.local/lib/python3.12/site-packages/airflow/example_dags/example_dag_decorator.py
[2025-09-16T23:43:54.552+0000] {logging_mixin.py:190} INFO - [2025-09-16T23:43:54.551+0000] {dag.py:3239} INFO - Sync 1 DAGs
[2025-09-16T23:43:54.562+0000] {logging_mixin.py:190} INFO - [2025-09-16T23:43:54.561+0000] {dag.py:4180} INFO - Setting next_dagrun for example_dag_decorator to None, run_after=None
[2025-09-16T23:43:54.576+0000] {processor.py:208} INFO - Processing /home/airflow/.local/lib/python3.12/site-packages/airflow/example_dags/example_dag_decorator.py took 0.150 seconds
[2025-09-16T23:44:24.879+0000] {processor.py:186} INFO - Started process (PID=481) to work on /home/airflow/.local/lib/python3.12/site-packages/airflow/example_dags/example_dag_decorator.py
[2025-09-16T23:44:24.880+0000] {processor.py:914} INFO - Processing file /home/airflow/.local/lib/python3.12/site-packages/airflow/example_dags/example_dag_decorator.py for tasks to queue
[2025-09-16T23:44:24.881+0000] {logging_mixin.py:190} INFO - [2025-09-16T23:44:24.881+0000] {dagbag.py:588} INFO - Filling up the DagBag from /home/airflow/.local/lib/python3.12/site-packages/airflow/example_dags/example_dag_decorator.py
[2025-09-16T23:44:24.891+0000] {processor.py:925} INFO - DAG(s) 'example_dag_decorator' retrieved from /home/airflow/.local/lib/python3.12/site-packages/airflow/example_dags/example_dag_decorator.py
[2025-09-16T23:44:24.981+0000] {logging_mixin.py:190} INFO - [2025-09-16T23:44:24.981+0000] {dag.py:3239} INFO - Sync 1 DAGs
[2025-09-16T23:44:24.989+0000] {logging_mixin.py:190} INFO - [2025-09-16T23:44:24.989+0000] {dag.py:4180} INFO - Setting next_dagrun for example_dag_decorator to None, run_after=None
[2025-09-16T23:44:24.999+0000] {processor.py:208} INFO - Processing /home/airflow/.local/lib/python3.12/site-packages/airflow/example_dags/example_dag_decorator.py took 0.124 seconds
[2025-09-16T23:44:55.350+0000] {processor.py:186} INFO - Started process (PID=544) to work on /home/airflow/.local/lib/python3.12/site-packages/airflow/example_dags/example_dag_decorator.py
[2025-09-16T23:44:55.351+0000] {processor.py:914} INFO - Processing file /home/airflow/.local/lib/python3.12/site-packages/airflow/example_dags/example_dag_decorator.py for tasks to queue
[2025-09-16T23:44:55.352+0000] {logging_mixin.py:190} INFO - [2025-09-16T23:44:55.352+0000] {dagbag.py:588} INFO - Filling up the DagBag from /home/airflow/.local/lib/python3.12/site-packages/airflow/example_dags/example_dag_decorator.py
[2025-09-16T23:44:55.360+0000] {processor.py:925} INFO - DAG(s) 'example_dag_decorator' retrieved from /home/airflow/.local/lib/python3.12/site-packages/airflow/example_dags/example_dag_decorator.py
[2025-09-16T23:44:55.419+0000] {logging_mixin.py:190} INFO - [2025-09-16T23:44:55.419+0000] {dag.py:3239} INFO - Sync 1 DAGs
[2025-09-16T23:44:55.426+0000] {logging_mixin.py:190} INFO - [2025-09-16T23:44:55.426+0000] {dag.py:4180} INFO - Setting next_dagrun for example_dag_decorator to None, run_after=None
[2025-09-16T23:44:55.436+0000] {processor.py:208} INFO - Processing /home/airflow/.local/lib/python3.12/site-packages/airflow/example_dags/example_dag_decorator.py took 0.090 seconds
[2025-09-16T23:45:25.948+0000] {processor.py:186} INFO - Started process (PID=607) to work on /home/airflow/.local/lib/python3.12/site-packages/airflow/example_dags/example_dag_decorator.py
[2025-09-16T23:45:25.949+0000] {processor.py:914} INFO - Processing file /home/airflow/.local/lib/python3.12/site-packages/airflow/example_dags/example_dag_decorator.py for tasks to queue
[2025-09-16T23:45:25.950+0000] {logging_mixin.py:190} INFO - [2025-09-16T23:45:25.950+0000] {dagbag.py:588} INFO - Filling up the DagBag from /home/airflow/.local/lib/python3.12/site-packages/airflow/example_dags/example_dag_decorator.py
[2025-09-16T23:45:25.957+0000] {processor.py:925} INFO - DAG(s) 'example_dag_decorator' retrieved from /home/airflow/.local/lib/python3.12/site-packages/airflow/example_dags/example_dag_decorator.py
[2025-09-16T23:45:26.014+0000] {logging_mixin.py:190} INFO - [2025-09-16T23:45:26.014+0000] {dag.py:3239} INFO - Sync 1 DAGs
[2025-09-16T23:45:26.019+0000] {logging_mixin.py:190} INFO - [2025-09-16T23:45:26.019+0000] {dag.py:4180} INFO - Setting next_dagrun for example_dag_decorator to None, run_after=None
[2025-09-16T23:45:26.027+0000] {processor.py:208} INFO - Processing /home/airflow/.local/lib/python3.12/site-packages/airflow/example_dags/example_dag_decorator.py took 0.082 seconds
[2025-09-16T23:45:56.810+0000] {processor.py:186} INFO - Started process (PID=670) to work on /home/airflow/.local/lib/python3.12/site-packages/airflow/example_dags/example_dag_decorator.py
[2025-09-16T23:45:56.810+0000] {processor.py:914} INFO - Processing file /home/airflow/.local/lib/python3.12/site-packages/airflow/example_dags/example_dag_decorator.py for tasks to queue
[2025-09-16T23:45:56.811+0000] {logging_mixin.py:190} INFO - [2025-09-16T23:45:56.811+0000] {dagbag.py:588} INFO - Filling up the DagBag from /home/airflow/.local/lib/python3.12/site-packages/airflow/example_dags/example_dag_decorator.py
[2025-09-16T23:45:56.819+0000] {processor.py:925} INFO - DAG(s) 'example_dag_decorator' retrieved from /home/airflow/.local/lib/python3.12/site-packages/airflow/example_dags/example_dag_decorator.py
[2025-09-16T23:45:56.902+0000] {logging_mixin.py:190} INFO - [2025-09-16T23:45:56.901+0000] {dag.py:3239} INFO - Sync 1 DAGs
[2025-09-16T23:45:56.907+0000] {logging_mixin.py:190} INFO - [2025-09-16T23:45:56.907+0000] {dag.py:4180} INFO - Setting next_dagrun for example_dag_decorator to None, run_after=None
[2025-09-16T23:45:56.918+0000] {processor.py:208} INFO - Processing /home/airflow/.local/lib/python3.12/site-packages/airflow/example_dags/example_dag_decorator.py took 0.112 seconds
[2025-09-16T23:46:27.385+0000] {processor.py:186} INFO - Started process (PID=733) to work on /home/airflow/.local/lib/python3.12/site-packages/airflow/example_dags/example_dag_decorator.py
[2025-09-16T23:46:27.386+0000] {processor.py:914} INFO - Processing file /home/airflow/.local/lib/python3.12/site-packages/airflow/example_dags/example_dag_decorator.py for tasks to queue
[2025-09-16T23:46:27.388+0000] {logging_mixin.py:190} INFO - [2025-09-16T23:46:27.387+0000] {dagbag.py:588} INFO - Filling up the DagBag from /home/airflow/.local/lib/python3.12/site-packages/airflow/example_dags/example_dag_decorator.py
[2025-09-16T23:46:27.395+0000] {processor.py:925} INFO - DAG(s) 'example_dag_decorator' retrieved from /home/airflow/.local/lib/python3.12/site-packages/airflow/example_dags/example_dag_decorator.py
[2025-09-16T23:46:27.467+0000] {logging_mixin.py:190} INFO - [2025-09-16T23:46:27.466+0000] {dag.py:3239} INFO - Sync 1 DAGs
[2025-09-16T23:46:27.473+0000] {logging_mixin.py:190} INFO - [2025-09-16T23:46:27.473+0000] {dag.py:4180} INFO - Setting next_dagrun for example_dag_decorator to None, run_after=None
[2025-09-16T23:46:27.483+0000] {processor.py:208} INFO - Processing /home/airflow/.local/lib/python3.12/site-packages/airflow/example_dags/example_dag_decorator.py took 0.101 seconds
[2025-09-16T23:46:58.045+0000] {processor.py:186} INFO - Started process (PID=796) to work on /home/airflow/.local/lib/python3.12/site-packages/airflow/example_dags/example_dag_decorator.py
[2025-09-16T23:46:58.046+0000] {processor.py:914} INFO - Processing file /home/airflow/.local/lib/python3.12/site-packages/airflow/example_dags/example_dag_decorator.py for tasks to queue
[2025-09-16T23:46:58.047+0000] {logging_mixin.py:190} INFO - [2025-09-16T23:46:58.047+0000] {dagbag.py:588} INFO - Filling up the DagBag from /home/airflow/.local/lib/python3.12/site-packages/airflow/example_dags/example_dag_decorator.py
[2025-09-16T23:46:58.054+0000] {processor.py:925} INFO - DAG(s) 'example_dag_decorator' retrieved from /home/airflow/.local/lib/python3.12/site-packages/airflow/example_dags/example_dag_decorator.py
[2025-09-16T23:46:58.069+0000] {logging_mixin.py:190} INFO - [2025-09-16T23:46:58.068+0000] {dag.py:3239} INFO - Sync 1 DAGs
[2025-09-16T23:46:58.076+0000] {logging_mixin.py:190} INFO - [2025-09-16T23:46:58.075+0000] {dag.py:4180} INFO - Setting next_dagrun for example_dag_decorator to None, run_after=None
[2025-09-16T23:46:58.085+0000] {processor.py:208} INFO - Processing /home/airflow/.local/lib/python3.12/site-packages/airflow/example_dags/example_dag_decorator.py took 0.043 seconds
[2025-09-16T23:47:28.648+0000] {processor.py:186} INFO - Started process (PID=859) to work on /home/airflow/.local/lib/python3.12/site-packages/airflow/example_dags/example_dag_decorator.py
[2025-09-16T23:47:28.649+0000] {processor.py:914} INFO - Processing file /home/airflow/.local/lib/python3.12/site-packages/airflow/example_dags/example_dag_decorator.py for tasks to queue
[2025-09-16T23:47:28.650+0000] {logging_mixin.py:190} INFO - [2025-09-16T23:47:28.650+0000] {dagbag.py:588} INFO - Filling up the DagBag from /home/airflow/.local/lib/python3.12/site-packages/airflow/example_dags/example_dag_decorator.py
[2025-09-16T23:47:28.656+0000] {processor.py:925} INFO - DAG(s) 'example_dag_decorator' retrieved from /home/airflow/.local/lib/python3.12/site-packages/airflow/example_dags/example_dag_decorator.py
[2025-09-16T23:47:28.713+0000] {logging_mixin.py:190} INFO - [2025-09-16T23:47:28.713+0000] {dag.py:3239} INFO - Sync 1 DAGs
[2025-09-16T23:47:28.719+0000] {logging_mixin.py:190} INFO - [2025-09-16T23:47:28.719+0000] {dag.py:4180} INFO - Setting next_dagrun for example_dag_decorator to None, run_after=None
[2025-09-16T23:47:28.726+0000] {processor.py:208} INFO - Processing /home/airflow/.local/lib/python3.12/site-packages/airflow/example_dags/example_dag_decorator.py took 0.081 seconds
[2025-09-16T23:47:59.500+0000] {processor.py:186} INFO - Started process (PID=922) to work on /home/airflow/.local/lib/python3.12/site-packages/airflow/example_dags/example_dag_decorator.py
[2025-09-16T23:47:59.501+0000] {processor.py:914} INFO - Processing file /home/airflow/.local/lib/python3.12/site-packages/airflow/example_dags/example_dag_decorator.py for tasks to queue
[2025-09-16T23:47:59.503+0000] {logging_mixin.py:190} INFO - [2025-09-16T23:47:59.502+0000] {dagbag.py:588} INFO - Filling up the DagBag from /home/airflow/.local/lib/python3.12/site-packages/airflow/example_dags/example_dag_decorator.py
[2025-09-16T23:47:59.509+0000] {processor.py:925} INFO - DAG(s) 'example_dag_decorator' retrieved from /home/airflow/.local/lib/python3.12/site-packages/airflow/example_dags/example_dag_decorator.py
[2025-09-16T23:47:59.588+0000] {logging_mixin.py:190} INFO - [2025-09-16T23:47:59.588+0000] {dag.py:3239} INFO - Sync 1 DAGs
[2025-09-16T23:47:59.595+0000] {logging_mixin.py:190} INFO - [2025-09-16T23:47:59.595+0000] {dag.py:4180} INFO - Setting next_dagrun for example_dag_decorator to None, run_after=None
[2025-09-16T23:47:59.606+0000] {processor.py:208} INFO - Processing /home/airflow/.local/lib/python3.12/site-packages/airflow/example_dags/example_dag_decorator.py took 0.109 seconds
[2025-09-16T23:48:30.384+0000] {processor.py:186} INFO - Started process (PID=985) to work on /home/airflow/.local/lib/python3.12/site-packages/airflow/example_dags/example_dag_decorator.py
[2025-09-16T23:48:30.385+0000] {processor.py:914} INFO - Processing file /home/airflow/.local/lib/python3.12/site-packages/airflow/example_dags/example_dag_decorator.py for tasks to queue
[2025-09-16T23:48:30.386+0000] {logging_mixin.py:190} INFO - [2025-09-16T23:48:30.386+0000] {dagbag.py:588} INFO - Filling up the DagBag from /home/airflow/.local/lib/python3.12/site-packages/airflow/example_dags/example_dag_decorator.py
[2025-09-16T23:48:30.397+0000] {processor.py:925} INFO - DAG(s) 'example_dag_decorator' retrieved from /home/airflow/.local/lib/python3.12/site-packages/airflow/example_dags/example_dag_decorator.py
[2025-09-16T23:48:30.457+0000] {logging_mixin.py:190} INFO - [2025-09-16T23:48:30.457+0000] {dag.py:3239} INFO - Sync 1 DAGs
[2025-09-16T23:48:30.462+0000] {logging_mixin.py:190} INFO - [2025-09-16T23:48:30.462+0000] {dag.py:4180} INFO - Setting next_dagrun for example_dag_decorator to None, run_after=None
[2025-09-16T23:48:30.470+0000] {processor.py:208} INFO - Processing /home/airflow/.local/lib/python3.12/site-packages/airflow/example_dags/example_dag_decorator.py took 0.089 seconds
[2025-09-16T23:49:01.167+0000] {processor.py:186} INFO - Started process (PID=1048) to work on /home/airflow/.local/lib/python3.12/site-packages/airflow/example_dags/example_dag_decorator.py
[2025-09-16T23:49:01.168+0000] {processor.py:914} INFO - Processing file /home/airflow/.local/lib/python3.12/site-packages/airflow/example_dags/example_dag_decorator.py for tasks to queue
[2025-09-16T23:49:01.170+0000] {logging_mixin.py:190} INFO - [2025-09-16T23:49:01.169+0000] {dagbag.py:588} INFO - Filling up the DagBag from /home/airflow/.local/lib/python3.12/site-packages/airflow/example_dags/example_dag_decorator.py
[2025-09-16T23:49:01.176+0000] {processor.py:925} INFO - DAG(s) 'example_dag_decorator' retrieved from /home/airflow/.local/lib/python3.12/site-packages/airflow/example_dags/example_dag_decorator.py
[2025-09-16T23:49:01.189+0000] {logging_mixin.py:190} INFO - [2025-09-16T23:49:01.189+0000] {dag.py:3239} INFO - Sync 1 DAGs
[2025-09-16T23:49:01.195+0000] {logging_mixin.py:190} INFO - [2025-09-16T23:49:01.195+0000] {dag.py:4180} INFO - Setting next_dagrun for example_dag_decorator to None, run_after=None
[2025-09-16T23:49:01.203+0000] {processor.py:208} INFO - Processing /home/airflow/.local/lib/python3.12/site-packages/airflow/example_dags/example_dag_decorator.py took 0.040 seconds
[2025-09-16T23:49:31.837+0000] {processor.py:186} INFO - Started process (PID=1111) to work on /home/airflow/.local/lib/python3.12/site-packages/airflow/example_dags/example_dag_decorator.py
[2025-09-16T23:49:31.838+0000] {processor.py:914} INFO - Processing file /home/airflow/.local/lib/python3.12/site-packages/airflow/example_dags/example_dag_decorator.py for tasks to queue
[2025-09-16T23:49:31.839+0000] {logging_mixin.py:190} INFO - [2025-09-16T23:49:31.839+0000] {dagbag.py:588} INFO - Filling up the DagBag from /home/airflow/.local/lib/python3.12/site-packages/airflow/example_dags/example_dag_decorator.py
[2025-09-16T23:49:31.845+0000] {processor.py:925} INFO - DAG(s) 'example_dag_decorator' retrieved from /home/airflow/.local/lib/python3.12/site-packages/airflow/example_dags/example_dag_decorator.py
[2025-09-16T23:49:31.911+0000] {logging_mixin.py:190} INFO - [2025-09-16T23:49:31.911+0000] {dag.py:3239} INFO - Sync 1 DAGs
[2025-09-16T23:49:31.917+0000] {logging_mixin.py:190} INFO - [2025-09-16T23:49:31.917+0000] {dag.py:4180} INFO - Setting next_dagrun for example_dag_decorator to None, run_after=None
[2025-09-16T23:49:31.933+0000] {processor.py:208} INFO - Processing /home/airflow/.local/lib/python3.12/site-packages/airflow/example_dags/example_dag_decorator.py took 0.100 seconds
[2025-09-16T23:50:02.472+0000] {processor.py:186} INFO - Started process (PID=1174) to work on /home/airflow/.local/lib/python3.12/site-packages/airflow/example_dags/example_dag_decorator.py
[2025-09-16T23:50:02.473+0000] {processor.py:914} INFO - Processing file /home/airflow/.local/lib/python3.12/site-packages/airflow/example_dags/example_dag_decorator.py for tasks to queue
[2025-09-16T23:50:02.474+0000] {logging_mixin.py:190} INFO - [2025-09-16T23:50:02.474+0000] {dagbag.py:588} INFO - Filling up the DagBag from /home/airflow/.local/lib/python3.12/site-packages/airflow/example_dags/example_dag_decorator.py
[2025-09-16T23:50:02.480+0000] {processor.py:925} INFO - DAG(s) 'example_dag_decorator' retrieved from /home/airflow/.local/lib/python3.12/site-packages/airflow/example_dags/example_dag_decorator.py
[2025-09-16T23:50:02.491+0000] {logging_mixin.py:190} INFO - [2025-09-16T23:50:02.491+0000] {dag.py:3239} INFO - Sync 1 DAGs
[2025-09-16T23:50:02.497+0000] {logging_mixin.py:190} INFO - [2025-09-16T23:50:02.497+0000] {dag.py:4180} INFO - Setting next_dagrun for example_dag_decorator to None, run_after=None
[2025-09-16T23:50:02.506+0000] {processor.py:208} INFO - Processing /home/airflow/.local/lib/python3.12/site-packages/airflow/example_dags/example_dag_decorator.py took 0.037 seconds
[2025-09-16T23:50:32.635+0000] {processor.py:186} INFO - Started process (PID=1237) to work on /home/airflow/.local/lib/python3.12/site-packages/airflow/example_dags/example_dag_decorator.py
[2025-09-16T23:50:32.636+0000] {processor.py:914} INFO - Processing file /home/airflow/.local/lib/python3.12/site-packages/airflow/example_dags/example_dag_decorator.py for tasks to queue
[2025-09-16T23:50:32.638+0000] {logging_mixin.py:190} INFO - [2025-09-16T23:50:32.638+0000] {dagbag.py:588} INFO - Filling up the DagBag from /home/airflow/.local/lib/python3.12/site-packages/airflow/example_dags/example_dag_decorator.py
[2025-09-16T23:50:32.644+0000] {processor.py:925} INFO - DAG(s) 'example_dag_decorator' retrieved from /home/airflow/.local/lib/python3.12/site-packages/airflow/example_dags/example_dag_decorator.py
[2025-09-16T23:50:32.658+0000] {logging_mixin.py:190} INFO - [2025-09-16T23:50:32.657+0000] {dag.py:3239} INFO - Sync 1 DAGs
[2025-09-16T23:50:32.666+0000] {logging_mixin.py:190} INFO - [2025-09-16T23:50:32.665+0000] {dag.py:4180} INFO - Setting next_dagrun for example_dag_decorator to None, run_after=None
[2025-09-16T23:50:32.674+0000] {processor.py:208} INFO - Processing /home/airflow/.local/lib/python3.12/site-packages/airflow/example_dags/example_dag_decorator.py took 0.043 seconds
[2025-09-16T23:51:03.842+0000] {processor.py:186} INFO - Started process (PID=1300) to work on /home/airflow/.local/lib/python3.12/site-packages/airflow/example_dags/example_dag_decorator.py
[2025-09-16T23:51:03.843+0000] {processor.py:914} INFO - Processing file /home/airflow/.local/lib/python3.12/site-packages/airflow/example_dags/example_dag_decorator.py for tasks to queue
[2025-09-16T23:51:03.844+0000] {logging_mixin.py:190} INFO - [2025-09-16T23:51:03.844+0000] {dagbag.py:588} INFO - Filling up the DagBag from /home/airflow/.local/lib/python3.12/site-packages/airflow/example_dags/example_dag_decorator.py
[2025-09-16T23:51:03.850+0000] {processor.py:925} INFO - DAG(s) 'example_dag_decorator' retrieved from /home/airflow/.local/lib/python3.12/site-packages/airflow/example_dags/example_dag_decorator.py
[2025-09-16T23:51:03.864+0000] {logging_mixin.py:190} INFO - [2025-09-16T23:51:03.864+0000] {dag.py:3239} INFO - Sync 1 DAGs
[2025-09-16T23:51:03.872+0000] {logging_mixin.py:190} INFO - [2025-09-16T23:51:03.872+0000] {dag.py:4180} INFO - Setting next_dagrun for example_dag_decorator to None, run_after=None
[2025-09-16T23:51:03.881+0000] {processor.py:208} INFO - Processing /home/airflow/.local/lib/python3.12/site-packages/airflow/example_dags/example_dag_decorator.py took 0.043 seconds
[2025-09-16T23:51:35.260+0000] {processor.py:186} INFO - Started process (PID=1363) to work on /home/airflow/.local/lib/python3.12/site-packages/airflow/example_dags/example_dag_decorator.py
[2025-09-16T23:51:35.261+0000] {processor.py:914} INFO - Processing file /home/airflow/.local/lib/python3.12/site-packages/airflow/example_dags/example_dag_decorator.py for tasks to queue
[2025-09-16T23:51:35.264+0000] {logging_mixin.py:190} INFO - [2025-09-16T23:51:35.263+0000] {dagbag.py:588} INFO - Filling up the DagBag from /home/airflow/.local/lib/python3.12/site-packages/airflow/example_dags/example_dag_decorator.py
[2025-09-16T23:51:35.272+0000] {processor.py:925} INFO - DAG(s) 'example_dag_decorator' retrieved from /home/airflow/.local/lib/python3.12/site-packages/airflow/example_dags/example_dag_decorator.py
[2025-09-16T23:51:35.328+0000] {logging_mixin.py:190} INFO - [2025-09-16T23:51:35.328+0000] {dag.py:3239} INFO - Sync 1 DAGs
[2025-09-16T23:51:35.334+0000] {logging_mixin.py:190} INFO - [2025-09-16T23:51:35.334+0000] {dag.py:4180} INFO - Setting next_dagrun for example_dag_decorator to None, run_after=None
[2025-09-16T23:51:35.343+0000] {processor.py:208} INFO - Processing /home/airflow/.local/lib/python3.12/site-packages/airflow/example_dags/example_dag_decorator.py took 0.086 seconds
[2025-09-16T23:52:06.705+0000] {processor.py:186} INFO - Started process (PID=1426) to work on /home/airflow/.local/lib/python3.12/site-packages/airflow/example_dags/example_dag_decorator.py
[2025-09-16T23:52:06.708+0000] {processor.py:914} INFO - Processing file /home/airflow/.local/lib/python3.12/site-packages/airflow/example_dags/example_dag_decorator.py for tasks to queue
[2025-09-16T23:52:06.710+0000] {logging_mixin.py:190} INFO - [2025-09-16T23:52:06.710+0000] {dagbag.py:588} INFO - Filling up the DagBag from /home/airflow/.local/lib/python3.12/site-packages/airflow/example_dags/example_dag_decorator.py
[2025-09-16T23:52:06.717+0000] {processor.py:925} INFO - DAG(s) 'example_dag_decorator' retrieved from /home/airflow/.local/lib/python3.12/site-packages/airflow/example_dags/example_dag_decorator.py
[2025-09-16T23:52:06.777+0000] {logging_mixin.py:190} INFO - [2025-09-16T23:52:06.777+0000] {dag.py:3239} INFO - Sync 1 DAGs
[2025-09-16T23:52:06.783+0000] {logging_mixin.py:190} INFO - [2025-09-16T23:52:06.783+0000] {dag.py:4180} INFO - Setting next_dagrun for example_dag_decorator to None, run_after=None
[2025-09-16T23:52:06.797+0000] {processor.py:208} INFO - Processing /home/airflow/.local/lib/python3.12/site-packages/airflow/example_dags/example_dag_decorator.py took 0.095 seconds
[2025-09-16T23:52:38.239+0000] {processor.py:186} INFO - Started process (PID=1489) to work on /home/airflow/.local/lib/python3.12/site-packages/airflow/example_dags/example_dag_decorator.py
[2025-09-16T23:52:38.242+0000] {processor.py:914} INFO - Processing file /home/airflow/.local/lib/python3.12/site-packages/airflow/example_dags/example_dag_decorator.py for tasks to queue
[2025-09-16T23:52:38.243+0000] {logging_mixin.py:190} INFO - [2025-09-16T23:52:38.243+0000] {dagbag.py:588} INFO - Filling up the DagBag from /home/airflow/.local/lib/python3.12/site-packages/airflow/example_dags/example_dag_decorator.py
[2025-09-16T23:52:38.250+0000] {processor.py:925} INFO - DAG(s) 'example_dag_decorator' retrieved from /home/airflow/.local/lib/python3.12/site-packages/airflow/example_dags/example_dag_decorator.py
[2025-09-16T23:52:38.309+0000] {logging_mixin.py:190} INFO - [2025-09-16T23:52:38.309+0000] {dag.py:3239} INFO - Sync 1 DAGs
[2025-09-16T23:52:38.314+0000] {logging_mixin.py:190} INFO - [2025-09-16T23:52:38.314+0000] {dag.py:4180} INFO - Setting next_dagrun for example_dag_decorator to None, run_after=None
[2025-09-16T23:52:38.326+0000] {processor.py:208} INFO - Processing /home/airflow/.local/lib/python3.12/site-packages/airflow/example_dags/example_dag_decorator.py took 0.090 seconds
[2025-09-16T23:53:09.584+0000] {processor.py:186} INFO - Started process (PID=1552) to work on /home/airflow/.local/lib/python3.12/site-packages/airflow/example_dags/example_dag_decorator.py
[2025-09-16T23:53:09.586+0000] {processor.py:914} INFO - Processing file /home/airflow/.local/lib/python3.12/site-packages/airflow/example_dags/example_dag_decorator.py for tasks to queue
[2025-09-16T23:53:09.588+0000] {logging_mixin.py:190} INFO - [2025-09-16T23:53:09.588+0000] {dagbag.py:588} INFO - Filling up the DagBag from /home/airflow/.local/lib/python3.12/site-packages/airflow/example_dags/example_dag_decorator.py
[2025-09-16T23:53:09.594+0000] {processor.py:925} INFO - DAG(s) 'example_dag_decorator' retrieved from /home/airflow/.local/lib/python3.12/site-packages/airflow/example_dags/example_dag_decorator.py
[2025-09-16T23:53:09.650+0000] {logging_mixin.py:190} INFO - [2025-09-16T23:53:09.650+0000] {dag.py:3239} INFO - Sync 1 DAGs
[2025-09-16T23:53:09.656+0000] {logging_mixin.py:190} INFO - [2025-09-16T23:53:09.656+0000] {dag.py:4180} INFO - Setting next_dagrun for example_dag_decorator to None, run_after=None
[2025-09-16T23:53:09.664+0000] {processor.py:208} INFO - Processing /home/airflow/.local/lib/python3.12/site-packages/airflow/example_dags/example_dag_decorator.py took 0.084 seconds
[2025-09-16T23:53:40.904+0000] {processor.py:186} INFO - Started process (PID=1615) to work on /home/airflow/.local/lib/python3.12/site-packages/airflow/example_dags/example_dag_decorator.py
[2025-09-16T23:53:40.906+0000] {processor.py:914} INFO - Processing file /home/airflow/.local/lib/python3.12/site-packages/airflow/example_dags/example_dag_decorator.py for tasks to queue
[2025-09-16T23:53:40.907+0000] {logging_mixin.py:190} INFO - [2025-09-16T23:53:40.907+0000] {dagbag.py:588} INFO - Filling up the DagBag from /home/airflow/.local/lib/python3.12/site-packages/airflow/example_dags/example_dag_decorator.py
[2025-09-16T23:53:40.913+0000] {processor.py:925} INFO - DAG(s) 'example_dag_decorator' retrieved from /home/airflow/.local/lib/python3.12/site-packages/airflow/example_dags/example_dag_decorator.py
[2025-09-16T23:53:40.976+0000] {logging_mixin.py:190} INFO - [2025-09-16T23:53:40.976+0000] {dag.py:3239} INFO - Sync 1 DAGs
[2025-09-16T23:53:40.983+0000] {logging_mixin.py:190} INFO - [2025-09-16T23:53:40.983+0000] {dag.py:4180} INFO - Setting next_dagrun for example_dag_decorator to None, run_after=None
[2025-09-16T23:53:40.993+0000] {processor.py:208} INFO - Processing /home/airflow/.local/lib/python3.12/site-packages/airflow/example_dags/example_dag_decorator.py took 0.093 seconds
[2025-09-16T23:54:12.552+0000] {processor.py:186} INFO - Started process (PID=1678) to work on /home/airflow/.local/lib/python3.12/site-packages/airflow/example_dags/example_dag_decorator.py
[2025-09-16T23:54:12.553+0000] {processor.py:914} INFO - Processing file /home/airflow/.local/lib/python3.12/site-packages/airflow/example_dags/example_dag_decorator.py for tasks to queue
[2025-09-16T23:54:12.554+0000] {logging_mixin.py:190} INFO - [2025-09-16T23:54:12.554+0000] {dagbag.py:588} INFO - Filling up the DagBag from /home/airflow/.local/lib/python3.12/site-packages/airflow/example_dags/example_dag_decorator.py
[2025-09-16T23:54:12.560+0000] {processor.py:925} INFO - DAG(s) 'example_dag_decorator' retrieved from /home/airflow/.local/lib/python3.12/site-packages/airflow/example_dags/example_dag_decorator.py
[2025-09-16T23:54:12.619+0000] {logging_mixin.py:190} INFO - [2025-09-16T23:54:12.619+0000] {dag.py:3239} INFO - Sync 1 DAGs
[2025-09-16T23:54:12.625+0000] {logging_mixin.py:190} INFO - [2025-09-16T23:54:12.625+0000] {dag.py:4180} INFO - Setting next_dagrun for example_dag_decorator to None, run_after=None
[2025-09-16T23:54:12.636+0000] {processor.py:208} INFO - Processing /home/airflow/.local/lib/python3.12/site-packages/airflow/example_dags/example_dag_decorator.py took 0.088 seconds
[2025-09-16T23:54:44.667+0000] {processor.py:186} INFO - Started process (PID=1741) to work on /home/airflow/.local/lib/python3.12/site-packages/airflow/example_dags/example_dag_decorator.py
[2025-09-16T23:54:44.668+0000] {processor.py:914} INFO - Processing file /home/airflow/.local/lib/python3.12/site-packages/airflow/example_dags/example_dag_decorator.py for tasks to queue
[2025-09-16T23:54:44.672+0000] {logging_mixin.py:190} INFO - [2025-09-16T23:54:44.672+0000] {dagbag.py:588} INFO - Filling up the DagBag from /home/airflow/.local/lib/python3.12/site-packages/airflow/example_dags/example_dag_decorator.py
[2025-09-16T23:54:44.687+0000] {processor.py:925} INFO - DAG(s) 'example_dag_decorator' retrieved from /home/airflow/.local/lib/python3.12/site-packages/airflow/example_dags/example_dag_decorator.py
[2025-09-16T23:54:44.819+0000] {logging_mixin.py:190} INFO - [2025-09-16T23:54:44.819+0000] {dag.py:3239} INFO - Sync 1 DAGs
[2025-09-16T23:54:44.834+0000] {logging_mixin.py:190} INFO - [2025-09-16T23:54:44.834+0000] {dag.py:4180} INFO - Setting next_dagrun for example_dag_decorator to None, run_after=None
[2025-09-16T23:54:44.856+0000] {processor.py:208} INFO - Processing /home/airflow/.local/lib/python3.12/site-packages/airflow/example_dags/example_dag_decorator.py took 0.194 seconds
[2025-09-16T23:55:15.553+0000] {processor.py:186} INFO - Started process (PID=1804) to work on /home/airflow/.local/lib/python3.12/site-packages/airflow/example_dags/example_dag_decorator.py
[2025-09-16T23:55:15.554+0000] {processor.py:914} INFO - Processing file /home/airflow/.local/lib/python3.12/site-packages/airflow/example_dags/example_dag_decorator.py for tasks to queue
[2025-09-16T23:55:15.556+0000] {logging_mixin.py:190} INFO - [2025-09-16T23:55:15.556+0000] {dagbag.py:588} INFO - Filling up the DagBag from /home/airflow/.local/lib/python3.12/site-packages/airflow/example_dags/example_dag_decorator.py
[2025-09-16T23:55:15.563+0000] {processor.py:925} INFO - DAG(s) 'example_dag_decorator' retrieved from /home/airflow/.local/lib/python3.12/site-packages/airflow/example_dags/example_dag_decorator.py
[2025-09-16T23:55:15.623+0000] {logging_mixin.py:190} INFO - [2025-09-16T23:55:15.622+0000] {dag.py:3239} INFO - Sync 1 DAGs
[2025-09-16T23:55:15.628+0000] {logging_mixin.py:190} INFO - [2025-09-16T23:55:15.628+0000] {dag.py:4180} INFO - Setting next_dagrun for example_dag_decorator to None, run_after=None
[2025-09-16T23:55:15.638+0000] {processor.py:208} INFO - Processing /home/airflow/.local/lib/python3.12/site-packages/airflow/example_dags/example_dag_decorator.py took 0.088 seconds
[2025-09-16T23:55:46.736+0000] {processor.py:186} INFO - Started process (PID=1867) to work on /home/airflow/.local/lib/python3.12/site-packages/airflow/example_dags/example_dag_decorator.py
[2025-09-16T23:55:46.737+0000] {processor.py:914} INFO - Processing file /home/airflow/.local/lib/python3.12/site-packages/airflow/example_dags/example_dag_decorator.py for tasks to queue
[2025-09-16T23:55:46.738+0000] {logging_mixin.py:190} INFO - [2025-09-16T23:55:46.738+0000] {dagbag.py:588} INFO - Filling up the DagBag from /home/airflow/.local/lib/python3.12/site-packages/airflow/example_dags/example_dag_decorator.py
[2025-09-16T23:55:46.745+0000] {processor.py:925} INFO - DAG(s) 'example_dag_decorator' retrieved from /home/airflow/.local/lib/python3.12/site-packages/airflow/example_dags/example_dag_decorator.py
[2025-09-16T23:55:46.763+0000] {logging_mixin.py:190} INFO - [2025-09-16T23:55:46.762+0000] {dag.py:3239} INFO - Sync 1 DAGs
[2025-09-16T23:55:46.769+0000] {logging_mixin.py:190} INFO - [2025-09-16T23:55:46.769+0000] {dag.py:4180} INFO - Setting next_dagrun for example_dag_decorator to None, run_after=None
[2025-09-16T23:55:46.778+0000] {processor.py:208} INFO - Processing /home/airflow/.local/lib/python3.12/site-packages/airflow/example_dags/example_dag_decorator.py took 0.045 seconds
[2025-09-16T23:56:17.969+0000] {processor.py:186} INFO - Started process (PID=1930) to work on /home/airflow/.local/lib/python3.12/site-packages/airflow/example_dags/example_dag_decorator.py
[2025-09-16T23:56:17.970+0000] {processor.py:914} INFO - Processing file /home/airflow/.local/lib/python3.12/site-packages/airflow/example_dags/example_dag_decorator.py for tasks to queue
[2025-09-16T23:56:17.971+0000] {logging_mixin.py:190} INFO - [2025-09-16T23:56:17.971+0000] {dagbag.py:588} INFO - Filling up the DagBag from /home/airflow/.local/lib/python3.12/site-packages/airflow/example_dags/example_dag_decorator.py
[2025-09-16T23:56:17.977+0000] {processor.py:925} INFO - DAG(s) 'example_dag_decorator' retrieved from /home/airflow/.local/lib/python3.12/site-packages/airflow/example_dags/example_dag_decorator.py
[2025-09-16T23:56:18.036+0000] {logging_mixin.py:190} INFO - [2025-09-16T23:56:18.036+0000] {dag.py:3239} INFO - Sync 1 DAGs
[2025-09-16T23:56:18.044+0000] {logging_mixin.py:190} INFO - [2025-09-16T23:56:18.043+0000] {dag.py:4180} INFO - Setting next_dagrun for example_dag_decorator to None, run_after=None
[2025-09-16T23:56:18.053+0000] {processor.py:208} INFO - Processing /home/airflow/.local/lib/python3.12/site-packages/airflow/example_dags/example_dag_decorator.py took 0.088 seconds
[2025-09-16T23:56:49.120+0000] {processor.py:186} INFO - Started process (PID=1994) to work on /home/airflow/.local/lib/python3.12/site-packages/airflow/example_dags/example_dag_decorator.py
[2025-09-16T23:56:49.121+0000] {processor.py:914} INFO - Processing file /home/airflow/.local/lib/python3.12/site-packages/airflow/example_dags/example_dag_decorator.py for tasks to queue
[2025-09-16T23:56:49.122+0000] {logging_mixin.py:190} INFO - [2025-09-16T23:56:49.122+0000] {dagbag.py:588} INFO - Filling up the DagBag from /home/airflow/.local/lib/python3.12/site-packages/airflow/example_dags/example_dag_decorator.py
[2025-09-16T23:56:49.128+0000] {processor.py:925} INFO - DAG(s) 'example_dag_decorator' retrieved from /home/airflow/.local/lib/python3.12/site-packages/airflow/example_dags/example_dag_decorator.py
[2025-09-16T23:56:49.184+0000] {logging_mixin.py:190} INFO - [2025-09-16T23:56:49.184+0000] {dag.py:3239} INFO - Sync 1 DAGs
[2025-09-16T23:56:49.190+0000] {logging_mixin.py:190} INFO - [2025-09-16T23:56:49.190+0000] {dag.py:4180} INFO - Setting next_dagrun for example_dag_decorator to None, run_after=None
[2025-09-16T23:56:49.203+0000] {processor.py:208} INFO - Processing /home/airflow/.local/lib/python3.12/site-packages/airflow/example_dags/example_dag_decorator.py took 0.086 seconds
[2025-09-16T23:57:20.221+0000] {processor.py:186} INFO - Started process (PID=2057) to work on /home/airflow/.local/lib/python3.12/site-packages/airflow/example_dags/example_dag_decorator.py
[2025-09-16T23:57:20.223+0000] {processor.py:914} INFO - Processing file /home/airflow/.local/lib/python3.12/site-packages/airflow/example_dags/example_dag_decorator.py for tasks to queue
[2025-09-16T23:57:20.224+0000] {logging_mixin.py:190} INFO - [2025-09-16T23:57:20.224+0000] {dagbag.py:588} INFO - Filling up the DagBag from /home/airflow/.local/lib/python3.12/site-packages/airflow/example_dags/example_dag_decorator.py
[2025-09-16T23:57:20.230+0000] {processor.py:925} INFO - DAG(s) 'example_dag_decorator' retrieved from /home/airflow/.local/lib/python3.12/site-packages/airflow/example_dags/example_dag_decorator.py
[2025-09-16T23:57:20.243+0000] {logging_mixin.py:190} INFO - [2025-09-16T23:57:20.243+0000] {dag.py:3239} INFO - Sync 1 DAGs
[2025-09-16T23:57:20.250+0000] {logging_mixin.py:190} INFO - [2025-09-16T23:57:20.250+0000] {dag.py:4180} INFO - Setting next_dagrun for example_dag_decorator to None, run_after=None
[2025-09-16T23:57:20.259+0000] {processor.py:208} INFO - Processing /home/airflow/.local/lib/python3.12/site-packages/airflow/example_dags/example_dag_decorator.py took 0.041 seconds
[2025-09-16T23:57:51.344+0000] {processor.py:186} INFO - Started process (PID=2120) to work on /home/airflow/.local/lib/python3.12/site-packages/airflow/example_dags/example_dag_decorator.py
[2025-09-16T23:57:51.347+0000] {processor.py:914} INFO - Processing file /home/airflow/.local/lib/python3.12/site-packages/airflow/example_dags/example_dag_decorator.py for tasks to queue
[2025-09-16T23:57:51.352+0000] {logging_mixin.py:190} INFO - [2025-09-16T23:57:51.352+0000] {dagbag.py:588} INFO - Filling up the DagBag from /home/airflow/.local/lib/python3.12/site-packages/airflow/example_dags/example_dag_decorator.py
[2025-09-16T23:57:51.358+0000] {processor.py:925} INFO - DAG(s) 'example_dag_decorator' retrieved from /home/airflow/.local/lib/python3.12/site-packages/airflow/example_dags/example_dag_decorator.py
[2025-09-16T23:57:51.416+0000] {logging_mixin.py:190} INFO - [2025-09-16T23:57:51.416+0000] {dag.py:3239} INFO - Sync 1 DAGs
[2025-09-16T23:57:51.422+0000] {logging_mixin.py:190} INFO - [2025-09-16T23:57:51.422+0000] {dag.py:4180} INFO - Setting next_dagrun for example_dag_decorator to None, run_after=None
[2025-09-16T23:57:51.432+0000] {processor.py:208} INFO - Processing /home/airflow/.local/lib/python3.12/site-packages/airflow/example_dags/example_dag_decorator.py took 0.092 seconds
[2025-09-16T23:58:22.480+0000] {processor.py:186} INFO - Started process (PID=2183) to work on /home/airflow/.local/lib/python3.12/site-packages/airflow/example_dags/example_dag_decorator.py
[2025-09-16T23:58:22.482+0000] {processor.py:914} INFO - Processing file /home/airflow/.local/lib/python3.12/site-packages/airflow/example_dags/example_dag_decorator.py for tasks to queue
[2025-09-16T23:58:22.483+0000] {logging_mixin.py:190} INFO - [2025-09-16T23:58:22.483+0000] {dagbag.py:588} INFO - Filling up the DagBag from /home/airflow/.local/lib/python3.12/site-packages/airflow/example_dags/example_dag_decorator.py
[2025-09-16T23:58:22.490+0000] {processor.py:925} INFO - DAG(s) 'example_dag_decorator' retrieved from /home/airflow/.local/lib/python3.12/site-packages/airflow/example_dags/example_dag_decorator.py
[2025-09-16T23:58:22.548+0000] {logging_mixin.py:190} INFO - [2025-09-16T23:58:22.548+0000] {dag.py:3239} INFO - Sync 1 DAGs
[2025-09-16T23:58:22.554+0000] {logging_mixin.py:190} INFO - [2025-09-16T23:58:22.554+0000] {dag.py:4180} INFO - Setting next_dagrun for example_dag_decorator to None, run_after=None
[2025-09-16T23:58:22.567+0000] {processor.py:208} INFO - Processing /home/airflow/.local/lib/python3.12/site-packages/airflow/example_dags/example_dag_decorator.py took 0.091 seconds
[2025-09-16T23:58:53.485+0000] {processor.py:186} INFO - Started process (PID=2251) to work on /home/airflow/.local/lib/python3.12/site-packages/airflow/example_dags/example_dag_decorator.py
[2025-09-16T23:58:53.486+0000] {processor.py:914} INFO - Processing file /home/airflow/.local/lib/python3.12/site-packages/airflow/example_dags/example_dag_decorator.py for tasks to queue
[2025-09-16T23:58:53.489+0000] {logging_mixin.py:190} INFO - [2025-09-16T23:58:53.488+0000] {dagbag.py:588} INFO - Filling up the DagBag from /home/airflow/.local/lib/python3.12/site-packages/airflow/example_dags/example_dag_decorator.py
[2025-09-16T23:58:53.495+0000] {processor.py:925} INFO - DAG(s) 'example_dag_decorator' retrieved from /home/airflow/.local/lib/python3.12/site-packages/airflow/example_dags/example_dag_decorator.py
[2025-09-16T23:58:53.508+0000] {logging_mixin.py:190} INFO - [2025-09-16T23:58:53.508+0000] {dag.py:3239} INFO - Sync 1 DAGs
[2025-09-16T23:58:53.515+0000] {logging_mixin.py:190} INFO - [2025-09-16T23:58:53.515+0000] {dag.py:4180} INFO - Setting next_dagrun for example_dag_decorator to None, run_after=None
[2025-09-16T23:58:53.526+0000] {processor.py:208} INFO - Processing /home/airflow/.local/lib/python3.12/site-packages/airflow/example_dags/example_dag_decorator.py took 0.044 seconds
[2025-09-16T23:59:24.555+0000] {processor.py:186} INFO - Started process (PID=2314) to work on /home/airflow/.local/lib/python3.12/site-packages/airflow/example_dags/example_dag_decorator.py
[2025-09-16T23:59:24.556+0000] {processor.py:914} INFO - Processing file /home/airflow/.local/lib/python3.12/site-packages/airflow/example_dags/example_dag_decorator.py for tasks to queue
[2025-09-16T23:59:24.557+0000] {logging_mixin.py:190} INFO - [2025-09-16T23:59:24.557+0000] {dagbag.py:588} INFO - Filling up the DagBag from /home/airflow/.local/lib/python3.12/site-packages/airflow/example_dags/example_dag_decorator.py
[2025-09-16T23:59:24.564+0000] {processor.py:925} INFO - DAG(s) 'example_dag_decorator' retrieved from /home/airflow/.local/lib/python3.12/site-packages/airflow/example_dags/example_dag_decorator.py
[2025-09-16T23:59:24.577+0000] {logging_mixin.py:190} INFO - [2025-09-16T23:59:24.576+0000] {dag.py:3239} INFO - Sync 1 DAGs
[2025-09-16T23:59:24.586+0000] {logging_mixin.py:190} INFO - [2025-09-16T23:59:24.586+0000] {dag.py:4180} INFO - Setting next_dagrun for example_dag_decorator to None, run_after=None
[2025-09-16T23:59:24.596+0000] {processor.py:208} INFO - Processing /home/airflow/.local/lib/python3.12/site-packages/airflow/example_dags/example_dag_decorator.py took 0.044 seconds
[2025-09-16T23:59:55.959+0000] {processor.py:186} INFO - Started process (PID=2377) to work on /home/airflow/.local/lib/python3.12/site-packages/airflow/example_dags/example_dag_decorator.py
[2025-09-16T23:59:55.960+0000] {processor.py:914} INFO - Processing file /home/airflow/.local/lib/python3.12/site-packages/airflow/example_dags/example_dag_decorator.py for tasks to queue
[2025-09-16T23:59:55.962+0000] {logging_mixin.py:190} INFO - [2025-09-16T23:59:55.962+0000] {dagbag.py:588} INFO - Filling up the DagBag from /home/airflow/.local/lib/python3.12/site-packages/airflow/example_dags/example_dag_decorator.py
[2025-09-16T23:59:55.970+0000] {processor.py:925} INFO - DAG(s) 'example_dag_decorator' retrieved from /home/airflow/.local/lib/python3.12/site-packages/airflow/example_dags/example_dag_decorator.py
[2025-09-16T23:59:56.038+0000] {logging_mixin.py:190} INFO - [2025-09-16T23:59:56.038+0000] {dag.py:3239} INFO - Sync 1 DAGs
[2025-09-16T23:59:56.046+0000] {logging_mixin.py:190} INFO - [2025-09-16T23:59:56.046+0000] {dag.py:4180} INFO - Setting next_dagrun for example_dag_decorator to None, run_after=None
[2025-09-16T23:59:56.060+0000] {processor.py:208} INFO - Processing /home/airflow/.local/lib/python3.12/site-packages/airflow/example_dags/example_dag_decorator.py took 0.104 seconds
