[2025-09-16T23:41:21.046+0000] {processor.py:186} INFO - Started process (PID=110) to work on /home/airflow/.local/lib/python3.12/site-packages/airflow/example_dags/example_sla_dag.py
[2025-09-16T23:41:21.047+0000] {processor.py:914} INFO - Processing file /home/airflow/.local/lib/python3.12/site-packages/airflow/example_dags/example_sla_dag.py for tasks to queue
[2025-09-16T23:41:21.048+0000] {logging_mixin.py:190} INFO - [2025-09-16T23:41:21.048+0000] {dagbag.py:588} INFO - Filling up the DagBag from /home/airflow/.local/lib/python3.12/site-packages/airflow/example_dags/example_sla_dag.py
[2025-09-16T23:41:21.054+0000] {processor.py:925} INFO - DAG(s) 'example_sla_dag' retrieved from /home/airflow/.local/lib/python3.12/site-packages/airflow/example_dags/example_sla_dag.py
[2025-09-16T23:41:21.120+0000] {logging_mixin.py:190} INFO - [2025-09-16T23:41:21.119+0000] {override.py:1911} INFO - Created Permission View: can edit on DAG:example_sla_dag
[2025-09-16T23:41:21.126+0000] {logging_mixin.py:190} INFO - [2025-09-16T23:41:21.125+0000] {override.py:1911} INFO - Created Permission View: can delete on DAG:example_sla_dag
[2025-09-16T23:41:21.129+0000] {logging_mixin.py:190} INFO - [2025-09-16T23:41:21.129+0000] {override.py:1911} INFO - Created Permission View: can read on DAG:example_sla_dag
[2025-09-16T23:41:21.133+0000] {logging_mixin.py:190} INFO - [2025-09-16T23:41:21.133+0000] {override.py:1911} INFO - Created Permission View: menu access on DAG Run:example_sla_dag
[2025-09-16T23:41:21.137+0000] {logging_mixin.py:190} INFO - [2025-09-16T23:41:21.136+0000] {override.py:1911} INFO - Created Permission View: can create on DAG Run:example_sla_dag
[2025-09-16T23:41:21.140+0000] {logging_mixin.py:190} INFO - [2025-09-16T23:41:21.140+0000] {override.py:1911} INFO - Created Permission View: can delete on DAG Run:example_sla_dag
[2025-09-16T23:41:21.143+0000] {logging_mixin.py:190} INFO - [2025-09-16T23:41:21.143+0000] {override.py:1911} INFO - Created Permission View: can read on DAG Run:example_sla_dag
[2025-09-16T23:41:21.144+0000] {logging_mixin.py:190} INFO - [2025-09-16T23:41:21.144+0000] {dag.py:3239} INFO - Sync 1 DAGs
[2025-09-16T23:41:21.152+0000] {logging_mixin.py:190} INFO - [2025-09-16T23:41:21.152+0000] {dag.py:3262} INFO - Creating ORM DAG for example_sla_dag
[2025-09-16T23:41:21.159+0000] {logging_mixin.py:190} INFO - [2025-09-16T23:41:21.159+0000] {dag.py:4180} INFO - Setting next_dagrun for example_sla_dag to 2025-09-16 23:38:00+00:00, run_after=2025-09-16 23:40:00+00:00
[2025-09-16T23:41:21.169+0000] {processor.py:208} INFO - Processing /home/airflow/.local/lib/python3.12/site-packages/airflow/example_dags/example_sla_dag.py took 0.126 seconds
[2025-09-16T23:41:51.670+0000] {processor.py:186} INFO - Started process (PID=172) to work on /home/airflow/.local/lib/python3.12/site-packages/airflow/example_dags/example_sla_dag.py
[2025-09-16T23:41:51.671+0000] {processor.py:914} INFO - Processing file /home/airflow/.local/lib/python3.12/site-packages/airflow/example_dags/example_sla_dag.py for tasks to queue
[2025-09-16T23:41:51.673+0000] {logging_mixin.py:190} INFO - [2025-09-16T23:41:51.673+0000] {dagbag.py:588} INFO - Filling up the DagBag from /home/airflow/.local/lib/python3.12/site-packages/airflow/example_dags/example_sla_dag.py
[2025-09-16T23:41:51.680+0000] {processor.py:925} INFO - DAG(s) 'example_sla_dag' retrieved from /home/airflow/.local/lib/python3.12/site-packages/airflow/example_dags/example_sla_dag.py
[2025-09-16T23:41:51.691+0000] {logging_mixin.py:190} INFO - [2025-09-16T23:41:51.691+0000] {dag.py:3239} INFO - Sync 1 DAGs
[2025-09-16T23:41:51.704+0000] {logging_mixin.py:190} INFO - [2025-09-16T23:41:51.703+0000] {dag.py:4180} INFO - Setting next_dagrun for example_sla_dag to 2025-09-16 23:38:00+00:00, run_after=2025-09-16 23:40:00+00:00
[2025-09-16T23:41:51.712+0000] {processor.py:208} INFO - Processing /home/airflow/.local/lib/python3.12/site-packages/airflow/example_dags/example_sla_dag.py took 0.045 seconds
[2025-09-16T23:42:22.777+0000] {processor.py:186} INFO - Started process (PID=236) to work on /home/airflow/.local/lib/python3.12/site-packages/airflow/example_dags/example_sla_dag.py
[2025-09-16T23:42:22.778+0000] {processor.py:914} INFO - Processing file /home/airflow/.local/lib/python3.12/site-packages/airflow/example_dags/example_sla_dag.py for tasks to queue
[2025-09-16T23:42:22.779+0000] {logging_mixin.py:190} INFO - [2025-09-16T23:42:22.779+0000] {dagbag.py:588} INFO - Filling up the DagBag from /home/airflow/.local/lib/python3.12/site-packages/airflow/example_dags/example_sla_dag.py
[2025-09-16T23:42:22.785+0000] {processor.py:925} INFO - DAG(s) 'example_sla_dag' retrieved from /home/airflow/.local/lib/python3.12/site-packages/airflow/example_dags/example_sla_dag.py
[2025-09-16T23:42:22.796+0000] {logging_mixin.py:190} INFO - [2025-09-16T23:42:22.796+0000] {dag.py:3239} INFO - Sync 1 DAGs
[2025-09-16T23:42:22.813+0000] {logging_mixin.py:190} INFO - [2025-09-16T23:42:22.813+0000] {dag.py:4180} INFO - Setting next_dagrun for example_sla_dag to 2025-09-16 23:40:00+00:00, run_after=2025-09-16 23:42:00+00:00
[2025-09-16T23:42:22.824+0000] {processor.py:208} INFO - Processing /home/airflow/.local/lib/python3.12/site-packages/airflow/example_dags/example_sla_dag.py took 0.051 seconds
[2025-09-16T23:42:53.579+0000] {processor.py:186} INFO - Started process (PID=298) to work on /home/airflow/.local/lib/python3.12/site-packages/airflow/example_dags/example_sla_dag.py
[2025-09-16T23:42:53.581+0000] {processor.py:914} INFO - Processing file /home/airflow/.local/lib/python3.12/site-packages/airflow/example_dags/example_sla_dag.py for tasks to queue
[2025-09-16T23:42:53.583+0000] {logging_mixin.py:190} INFO - [2025-09-16T23:42:53.583+0000] {dagbag.py:588} INFO - Filling up the DagBag from /home/airflow/.local/lib/python3.12/site-packages/airflow/example_dags/example_sla_dag.py
[2025-09-16T23:42:53.590+0000] {processor.py:925} INFO - DAG(s) 'example_sla_dag' retrieved from /home/airflow/.local/lib/python3.12/site-packages/airflow/example_dags/example_sla_dag.py
[2025-09-16T23:42:53.610+0000] {logging_mixin.py:190} INFO - [2025-09-16T23:42:53.610+0000] {dag.py:3239} INFO - Sync 1 DAGs
[2025-09-16T23:42:53.631+0000] {logging_mixin.py:190} INFO - [2025-09-16T23:42:53.631+0000] {dag.py:4180} INFO - Setting next_dagrun for example_sla_dag to 2025-09-16 23:40:00+00:00, run_after=2025-09-16 23:42:00+00:00
[2025-09-16T23:42:53.640+0000] {processor.py:208} INFO - Processing /home/airflow/.local/lib/python3.12/site-packages/airflow/example_dags/example_sla_dag.py took 0.065 seconds
[2025-09-16T23:43:24.272+0000] {processor.py:186} INFO - Started process (PID=360) to work on /home/airflow/.local/lib/python3.12/site-packages/airflow/example_dags/example_sla_dag.py
[2025-09-16T23:43:24.274+0000] {processor.py:914} INFO - Processing file /home/airflow/.local/lib/python3.12/site-packages/airflow/example_dags/example_sla_dag.py for tasks to queue
[2025-09-16T23:43:24.276+0000] {logging_mixin.py:190} INFO - [2025-09-16T23:43:24.276+0000] {dagbag.py:588} INFO - Filling up the DagBag from /home/airflow/.local/lib/python3.12/site-packages/airflow/example_dags/example_sla_dag.py
[2025-09-16T23:43:24.285+0000] {processor.py:925} INFO - DAG(s) 'example_sla_dag' retrieved from /home/airflow/.local/lib/python3.12/site-packages/airflow/example_dags/example_sla_dag.py
[2025-09-16T23:43:24.297+0000] {logging_mixin.py:190} INFO - [2025-09-16T23:43:24.297+0000] {dag.py:3239} INFO - Sync 1 DAGs
[2025-09-16T23:43:24.311+0000] {logging_mixin.py:190} INFO - [2025-09-16T23:43:24.311+0000] {dag.py:4180} INFO - Setting next_dagrun for example_sla_dag to 2025-09-16 23:40:00+00:00, run_after=2025-09-16 23:42:00+00:00
[2025-09-16T23:43:24.322+0000] {processor.py:208} INFO - Processing /home/airflow/.local/lib/python3.12/site-packages/airflow/example_dags/example_sla_dag.py took 0.055 seconds
[2025-09-16T23:43:54.874+0000] {processor.py:186} INFO - Started process (PID=424) to work on /home/airflow/.local/lib/python3.12/site-packages/airflow/example_dags/example_sla_dag.py
[2025-09-16T23:43:54.874+0000] {processor.py:914} INFO - Processing file /home/airflow/.local/lib/python3.12/site-packages/airflow/example_dags/example_sla_dag.py for tasks to queue
[2025-09-16T23:43:54.876+0000] {logging_mixin.py:190} INFO - [2025-09-16T23:43:54.876+0000] {dagbag.py:588} INFO - Filling up the DagBag from /home/airflow/.local/lib/python3.12/site-packages/airflow/example_dags/example_sla_dag.py
[2025-09-16T23:43:54.881+0000] {processor.py:925} INFO - DAG(s) 'example_sla_dag' retrieved from /home/airflow/.local/lib/python3.12/site-packages/airflow/example_dags/example_sla_dag.py
[2025-09-16T23:43:54.891+0000] {logging_mixin.py:190} INFO - [2025-09-16T23:43:54.891+0000] {dag.py:3239} INFO - Sync 1 DAGs
[2025-09-16T23:43:54.905+0000] {logging_mixin.py:190} INFO - [2025-09-16T23:43:54.904+0000] {dag.py:4180} INFO - Setting next_dagrun for example_sla_dag to 2025-09-16 23:40:00+00:00, run_after=2025-09-16 23:42:00+00:00
[2025-09-16T23:43:54.915+0000] {processor.py:208} INFO - Processing /home/airflow/.local/lib/python3.12/site-packages/airflow/example_dags/example_sla_dag.py took 0.044 seconds
[2025-09-16T23:44:25.247+0000] {processor.py:186} INFO - Started process (PID=486) to work on /home/airflow/.local/lib/python3.12/site-packages/airflow/example_dags/example_sla_dag.py
[2025-09-16T23:44:25.249+0000] {processor.py:914} INFO - Processing file /home/airflow/.local/lib/python3.12/site-packages/airflow/example_dags/example_sla_dag.py for tasks to queue
[2025-09-16T23:44:25.252+0000] {logging_mixin.py:190} INFO - [2025-09-16T23:44:25.252+0000] {dagbag.py:588} INFO - Filling up the DagBag from /home/airflow/.local/lib/python3.12/site-packages/airflow/example_dags/example_sla_dag.py
[2025-09-16T23:44:25.261+0000] {processor.py:925} INFO - DAG(s) 'example_sla_dag' retrieved from /home/airflow/.local/lib/python3.12/site-packages/airflow/example_dags/example_sla_dag.py
[2025-09-16T23:44:25.274+0000] {logging_mixin.py:190} INFO - [2025-09-16T23:44:25.274+0000] {dag.py:3239} INFO - Sync 1 DAGs
[2025-09-16T23:44:25.289+0000] {logging_mixin.py:190} INFO - [2025-09-16T23:44:25.289+0000] {dag.py:4180} INFO - Setting next_dagrun for example_sla_dag to 2025-09-16 23:42:00+00:00, run_after=2025-09-16 23:44:00+00:00
[2025-09-16T23:44:25.299+0000] {processor.py:208} INFO - Processing /home/airflow/.local/lib/python3.12/site-packages/airflow/example_dags/example_sla_dag.py took 0.057 seconds
[2025-09-16T23:44:55.533+0000] {processor.py:186} INFO - Started process (PID=548) to work on /home/airflow/.local/lib/python3.12/site-packages/airflow/example_dags/example_sla_dag.py
[2025-09-16T23:44:55.537+0000] {processor.py:914} INFO - Processing file /home/airflow/.local/lib/python3.12/site-packages/airflow/example_dags/example_sla_dag.py for tasks to queue
[2025-09-16T23:44:55.539+0000] {logging_mixin.py:190} INFO - [2025-09-16T23:44:55.539+0000] {dagbag.py:588} INFO - Filling up the DagBag from /home/airflow/.local/lib/python3.12/site-packages/airflow/example_dags/example_sla_dag.py
[2025-09-16T23:44:55.549+0000] {processor.py:925} INFO - DAG(s) 'example_sla_dag' retrieved from /home/airflow/.local/lib/python3.12/site-packages/airflow/example_dags/example_sla_dag.py
[2025-09-16T23:44:55.564+0000] {logging_mixin.py:190} INFO - [2025-09-16T23:44:55.564+0000] {dag.py:3239} INFO - Sync 1 DAGs
[2025-09-16T23:44:55.578+0000] {logging_mixin.py:190} INFO - [2025-09-16T23:44:55.578+0000] {dag.py:4180} INFO - Setting next_dagrun for example_sla_dag to 2025-09-16 23:42:00+00:00, run_after=2025-09-16 23:44:00+00:00
[2025-09-16T23:44:55.587+0000] {processor.py:208} INFO - Processing /home/airflow/.local/lib/python3.12/site-packages/airflow/example_dags/example_sla_dag.py took 0.057 seconds
[2025-09-16T23:45:26.120+0000] {processor.py:186} INFO - Started process (PID=611) to work on /home/airflow/.local/lib/python3.12/site-packages/airflow/example_dags/example_sla_dag.py
[2025-09-16T23:45:26.123+0000] {processor.py:914} INFO - Processing file /home/airflow/.local/lib/python3.12/site-packages/airflow/example_dags/example_sla_dag.py for tasks to queue
[2025-09-16T23:45:26.125+0000] {logging_mixin.py:190} INFO - [2025-09-16T23:45:26.125+0000] {dagbag.py:588} INFO - Filling up the DagBag from /home/airflow/.local/lib/python3.12/site-packages/airflow/example_dags/example_sla_dag.py
[2025-09-16T23:45:26.139+0000] {processor.py:925} INFO - DAG(s) 'example_sla_dag' retrieved from /home/airflow/.local/lib/python3.12/site-packages/airflow/example_dags/example_sla_dag.py
[2025-09-16T23:45:26.156+0000] {logging_mixin.py:190} INFO - [2025-09-16T23:45:26.156+0000] {dag.py:3239} INFO - Sync 1 DAGs
[2025-09-16T23:45:26.175+0000] {logging_mixin.py:190} INFO - [2025-09-16T23:45:26.175+0000] {dag.py:4180} INFO - Setting next_dagrun for example_sla_dag to 2025-09-16 23:42:00+00:00, run_after=2025-09-16 23:44:00+00:00
[2025-09-16T23:45:26.193+0000] {processor.py:208} INFO - Processing /home/airflow/.local/lib/python3.12/site-packages/airflow/example_dags/example_sla_dag.py took 0.078 seconds
[2025-09-16T23:45:56.946+0000] {processor.py:186} INFO - Started process (PID=674) to work on /home/airflow/.local/lib/python3.12/site-packages/airflow/example_dags/example_sla_dag.py
[2025-09-16T23:45:56.947+0000] {processor.py:914} INFO - Processing file /home/airflow/.local/lib/python3.12/site-packages/airflow/example_dags/example_sla_dag.py for tasks to queue
[2025-09-16T23:45:56.949+0000] {logging_mixin.py:190} INFO - [2025-09-16T23:45:56.949+0000] {dagbag.py:588} INFO - Filling up the DagBag from /home/airflow/.local/lib/python3.12/site-packages/airflow/example_dags/example_sla_dag.py
[2025-09-16T23:45:56.956+0000] {processor.py:925} INFO - DAG(s) 'example_sla_dag' retrieved from /home/airflow/.local/lib/python3.12/site-packages/airflow/example_dags/example_sla_dag.py
[2025-09-16T23:45:56.968+0000] {logging_mixin.py:190} INFO - [2025-09-16T23:45:56.968+0000] {dag.py:3239} INFO - Sync 1 DAGs
[2025-09-16T23:45:56.980+0000] {logging_mixin.py:190} INFO - [2025-09-16T23:45:56.980+0000] {dag.py:4180} INFO - Setting next_dagrun for example_sla_dag to 2025-09-16 23:42:00+00:00, run_after=2025-09-16 23:44:00+00:00
[2025-09-16T23:45:56.988+0000] {processor.py:208} INFO - Processing /home/airflow/.local/lib/python3.12/site-packages/airflow/example_dags/example_sla_dag.py took 0.046 seconds
[2025-09-16T23:46:27.531+0000] {processor.py:186} INFO - Started process (PID=737) to work on /home/airflow/.local/lib/python3.12/site-packages/airflow/example_dags/example_sla_dag.py
[2025-09-16T23:46:27.536+0000] {processor.py:914} INFO - Processing file /home/airflow/.local/lib/python3.12/site-packages/airflow/example_dags/example_sla_dag.py for tasks to queue
[2025-09-16T23:46:27.540+0000] {logging_mixin.py:190} INFO - [2025-09-16T23:46:27.539+0000] {dagbag.py:588} INFO - Filling up the DagBag from /home/airflow/.local/lib/python3.12/site-packages/airflow/example_dags/example_sla_dag.py
[2025-09-16T23:46:27.550+0000] {processor.py:925} INFO - DAG(s) 'example_sla_dag' retrieved from /home/airflow/.local/lib/python3.12/site-packages/airflow/example_dags/example_sla_dag.py
[2025-09-16T23:46:27.565+0000] {logging_mixin.py:190} INFO - [2025-09-16T23:46:27.565+0000] {dag.py:3239} INFO - Sync 1 DAGs
[2025-09-16T23:46:27.583+0000] {logging_mixin.py:190} INFO - [2025-09-16T23:46:27.583+0000] {dag.py:4180} INFO - Setting next_dagrun for example_sla_dag to 2025-09-16 23:44:00+00:00, run_after=2025-09-16 23:46:00+00:00
[2025-09-16T23:46:27.593+0000] {processor.py:208} INFO - Processing /home/airflow/.local/lib/python3.12/site-packages/airflow/example_dags/example_sla_dag.py took 0.065 seconds
[2025-09-16T23:46:58.176+0000] {processor.py:186} INFO - Started process (PID=800) to work on /home/airflow/.local/lib/python3.12/site-packages/airflow/example_dags/example_sla_dag.py
[2025-09-16T23:46:58.179+0000] {processor.py:914} INFO - Processing file /home/airflow/.local/lib/python3.12/site-packages/airflow/example_dags/example_sla_dag.py for tasks to queue
[2025-09-16T23:46:58.184+0000] {logging_mixin.py:190} INFO - [2025-09-16T23:46:58.183+0000] {dagbag.py:588} INFO - Filling up the DagBag from /home/airflow/.local/lib/python3.12/site-packages/airflow/example_dags/example_sla_dag.py
[2025-09-16T23:46:58.189+0000] {processor.py:925} INFO - DAG(s) 'example_sla_dag' retrieved from /home/airflow/.local/lib/python3.12/site-packages/airflow/example_dags/example_sla_dag.py
[2025-09-16T23:46:58.199+0000] {logging_mixin.py:190} INFO - [2025-09-16T23:46:58.199+0000] {dag.py:3239} INFO - Sync 1 DAGs
[2025-09-16T23:46:58.225+0000] {logging_mixin.py:190} INFO - [2025-09-16T23:46:58.225+0000] {dag.py:4180} INFO - Setting next_dagrun for example_sla_dag to 2025-09-16 23:44:00+00:00, run_after=2025-09-16 23:46:00+00:00
[2025-09-16T23:46:58.242+0000] {processor.py:208} INFO - Processing /home/airflow/.local/lib/python3.12/site-packages/airflow/example_dags/example_sla_dag.py took 0.069 seconds
[2025-09-16T23:47:28.801+0000] {processor.py:186} INFO - Started process (PID=863) to work on /home/airflow/.local/lib/python3.12/site-packages/airflow/example_dags/example_sla_dag.py
[2025-09-16T23:47:28.804+0000] {processor.py:914} INFO - Processing file /home/airflow/.local/lib/python3.12/site-packages/airflow/example_dags/example_sla_dag.py for tasks to queue
[2025-09-16T23:47:28.805+0000] {logging_mixin.py:190} INFO - [2025-09-16T23:47:28.805+0000] {dagbag.py:588} INFO - Filling up the DagBag from /home/airflow/.local/lib/python3.12/site-packages/airflow/example_dags/example_sla_dag.py
[2025-09-16T23:47:28.811+0000] {processor.py:925} INFO - DAG(s) 'example_sla_dag' retrieved from /home/airflow/.local/lib/python3.12/site-packages/airflow/example_dags/example_sla_dag.py
[2025-09-16T23:47:28.820+0000] {logging_mixin.py:190} INFO - [2025-09-16T23:47:28.820+0000] {dag.py:3239} INFO - Sync 1 DAGs
[2025-09-16T23:47:28.833+0000] {logging_mixin.py:190} INFO - [2025-09-16T23:47:28.832+0000] {dag.py:4180} INFO - Setting next_dagrun for example_sla_dag to 2025-09-16 23:44:00+00:00, run_after=2025-09-16 23:46:00+00:00
[2025-09-16T23:47:28.841+0000] {processor.py:208} INFO - Processing /home/airflow/.local/lib/python3.12/site-packages/airflow/example_dags/example_sla_dag.py took 0.043 seconds
[2025-09-16T23:47:59.643+0000] {processor.py:186} INFO - Started process (PID=926) to work on /home/airflow/.local/lib/python3.12/site-packages/airflow/example_dags/example_sla_dag.py
[2025-09-16T23:47:59.646+0000] {processor.py:914} INFO - Processing file /home/airflow/.local/lib/python3.12/site-packages/airflow/example_dags/example_sla_dag.py for tasks to queue
[2025-09-16T23:47:59.647+0000] {logging_mixin.py:190} INFO - [2025-09-16T23:47:59.647+0000] {dagbag.py:588} INFO - Filling up the DagBag from /home/airflow/.local/lib/python3.12/site-packages/airflow/example_dags/example_sla_dag.py
[2025-09-16T23:47:59.653+0000] {processor.py:925} INFO - DAG(s) 'example_sla_dag' retrieved from /home/airflow/.local/lib/python3.12/site-packages/airflow/example_dags/example_sla_dag.py
[2025-09-16T23:47:59.663+0000] {logging_mixin.py:190} INFO - [2025-09-16T23:47:59.663+0000] {dag.py:3239} INFO - Sync 1 DAGs
[2025-09-16T23:47:59.681+0000] {logging_mixin.py:190} INFO - [2025-09-16T23:47:59.681+0000] {dag.py:4180} INFO - Setting next_dagrun for example_sla_dag to 2025-09-16 23:44:00+00:00, run_after=2025-09-16 23:46:00+00:00
[2025-09-16T23:47:59.692+0000] {processor.py:208} INFO - Processing /home/airflow/.local/lib/python3.12/site-packages/airflow/example_dags/example_sla_dag.py took 0.053 seconds
[2025-09-16T23:48:30.559+0000] {processor.py:186} INFO - Started process (PID=989) to work on /home/airflow/.local/lib/python3.12/site-packages/airflow/example_dags/example_sla_dag.py
[2025-09-16T23:48:30.560+0000] {processor.py:914} INFO - Processing file /home/airflow/.local/lib/python3.12/site-packages/airflow/example_dags/example_sla_dag.py for tasks to queue
[2025-09-16T23:48:30.561+0000] {logging_mixin.py:190} INFO - [2025-09-16T23:48:30.560+0000] {dagbag.py:588} INFO - Filling up the DagBag from /home/airflow/.local/lib/python3.12/site-packages/airflow/example_dags/example_sla_dag.py
[2025-09-16T23:48:30.566+0000] {processor.py:925} INFO - DAG(s) 'example_sla_dag' retrieved from /home/airflow/.local/lib/python3.12/site-packages/airflow/example_dags/example_sla_dag.py
[2025-09-16T23:48:30.578+0000] {logging_mixin.py:190} INFO - [2025-09-16T23:48:30.578+0000] {dag.py:3239} INFO - Sync 1 DAGs
[2025-09-16T23:48:30.592+0000] {logging_mixin.py:190} INFO - [2025-09-16T23:48:30.592+0000] {dag.py:4180} INFO - Setting next_dagrun for example_sla_dag to 2025-09-16 23:46:00+00:00, run_after=2025-09-16 23:48:00+00:00
[2025-09-16T23:48:30.601+0000] {processor.py:208} INFO - Processing /home/airflow/.local/lib/python3.12/site-packages/airflow/example_dags/example_sla_dag.py took 0.046 seconds
[2025-09-16T23:49:01.290+0000] {processor.py:186} INFO - Started process (PID=1052) to work on /home/airflow/.local/lib/python3.12/site-packages/airflow/example_dags/example_sla_dag.py
[2025-09-16T23:49:01.292+0000] {processor.py:914} INFO - Processing file /home/airflow/.local/lib/python3.12/site-packages/airflow/example_dags/example_sla_dag.py for tasks to queue
[2025-09-16T23:49:01.294+0000] {logging_mixin.py:190} INFO - [2025-09-16T23:49:01.294+0000] {dagbag.py:588} INFO - Filling up the DagBag from /home/airflow/.local/lib/python3.12/site-packages/airflow/example_dags/example_sla_dag.py
[2025-09-16T23:49:01.303+0000] {processor.py:925} INFO - DAG(s) 'example_sla_dag' retrieved from /home/airflow/.local/lib/python3.12/site-packages/airflow/example_dags/example_sla_dag.py
[2025-09-16T23:49:01.317+0000] {logging_mixin.py:190} INFO - [2025-09-16T23:49:01.316+0000] {dag.py:3239} INFO - Sync 1 DAGs
[2025-09-16T23:49:01.330+0000] {logging_mixin.py:190} INFO - [2025-09-16T23:49:01.329+0000] {dag.py:4180} INFO - Setting next_dagrun for example_sla_dag to 2025-09-16 23:46:00+00:00, run_after=2025-09-16 23:48:00+00:00
[2025-09-16T23:49:01.338+0000] {processor.py:208} INFO - Processing /home/airflow/.local/lib/python3.12/site-packages/airflow/example_dags/example_sla_dag.py took 0.052 seconds
[2025-09-16T23:49:32.017+0000] {processor.py:186} INFO - Started process (PID=1115) to work on /home/airflow/.local/lib/python3.12/site-packages/airflow/example_dags/example_sla_dag.py
[2025-09-16T23:49:32.020+0000] {processor.py:914} INFO - Processing file /home/airflow/.local/lib/python3.12/site-packages/airflow/example_dags/example_sla_dag.py for tasks to queue
[2025-09-16T23:49:32.024+0000] {logging_mixin.py:190} INFO - [2025-09-16T23:49:32.024+0000] {dagbag.py:588} INFO - Filling up the DagBag from /home/airflow/.local/lib/python3.12/site-packages/airflow/example_dags/example_sla_dag.py
[2025-09-16T23:49:32.031+0000] {processor.py:925} INFO - DAG(s) 'example_sla_dag' retrieved from /home/airflow/.local/lib/python3.12/site-packages/airflow/example_dags/example_sla_dag.py
[2025-09-16T23:49:32.044+0000] {logging_mixin.py:190} INFO - [2025-09-16T23:49:32.044+0000] {dag.py:3239} INFO - Sync 1 DAGs
[2025-09-16T23:49:32.060+0000] {logging_mixin.py:190} INFO - [2025-09-16T23:49:32.059+0000] {dag.py:4180} INFO - Setting next_dagrun for example_sla_dag to 2025-09-16 23:46:00+00:00, run_after=2025-09-16 23:48:00+00:00
[2025-09-16T23:49:32.069+0000] {processor.py:208} INFO - Processing /home/airflow/.local/lib/python3.12/site-packages/airflow/example_dags/example_sla_dag.py took 0.055 seconds
[2025-09-16T23:50:02.591+0000] {processor.py:186} INFO - Started process (PID=1178) to work on /home/airflow/.local/lib/python3.12/site-packages/airflow/example_dags/example_sla_dag.py
[2025-09-16T23:50:02.594+0000] {processor.py:914} INFO - Processing file /home/airflow/.local/lib/python3.12/site-packages/airflow/example_dags/example_sla_dag.py for tasks to queue
[2025-09-16T23:50:02.599+0000] {logging_mixin.py:190} INFO - [2025-09-16T23:50:02.599+0000] {dagbag.py:588} INFO - Filling up the DagBag from /home/airflow/.local/lib/python3.12/site-packages/airflow/example_dags/example_sla_dag.py
[2025-09-16T23:50:02.604+0000] {processor.py:925} INFO - DAG(s) 'example_sla_dag' retrieved from /home/airflow/.local/lib/python3.12/site-packages/airflow/example_dags/example_sla_dag.py
[2025-09-16T23:50:02.614+0000] {logging_mixin.py:190} INFO - [2025-09-16T23:50:02.614+0000] {dag.py:3239} INFO - Sync 1 DAGs
[2025-09-16T23:50:02.626+0000] {logging_mixin.py:190} INFO - [2025-09-16T23:50:02.626+0000] {dag.py:4180} INFO - Setting next_dagrun for example_sla_dag to 2025-09-16 23:48:00+00:00, run_after=2025-09-16 23:50:00+00:00
[2025-09-16T23:50:02.635+0000] {processor.py:208} INFO - Processing /home/airflow/.local/lib/python3.12/site-packages/airflow/example_dags/example_sla_dag.py took 0.047 seconds
[2025-09-16T23:50:32.750+0000] {processor.py:186} INFO - Started process (PID=1241) to work on /home/airflow/.local/lib/python3.12/site-packages/airflow/example_dags/example_sla_dag.py
[2025-09-16T23:50:32.754+0000] {processor.py:914} INFO - Processing file /home/airflow/.local/lib/python3.12/site-packages/airflow/example_dags/example_sla_dag.py for tasks to queue
[2025-09-16T23:50:32.756+0000] {logging_mixin.py:190} INFO - [2025-09-16T23:50:32.755+0000] {dagbag.py:588} INFO - Filling up the DagBag from /home/airflow/.local/lib/python3.12/site-packages/airflow/example_dags/example_sla_dag.py
[2025-09-16T23:50:32.763+0000] {processor.py:925} INFO - DAG(s) 'example_sla_dag' retrieved from /home/airflow/.local/lib/python3.12/site-packages/airflow/example_dags/example_sla_dag.py
[2025-09-16T23:50:32.774+0000] {logging_mixin.py:190} INFO - [2025-09-16T23:50:32.774+0000] {dag.py:3239} INFO - Sync 1 DAGs
[2025-09-16T23:50:32.787+0000] {logging_mixin.py:190} INFO - [2025-09-16T23:50:32.787+0000] {dag.py:4180} INFO - Setting next_dagrun for example_sla_dag to 2025-09-16 23:48:00+00:00, run_after=2025-09-16 23:50:00+00:00
[2025-09-16T23:50:32.795+0000] {processor.py:208} INFO - Processing /home/airflow/.local/lib/python3.12/site-packages/airflow/example_dags/example_sla_dag.py took 0.050 seconds
[2025-09-16T23:51:03.958+0000] {processor.py:186} INFO - Started process (PID=1304) to work on /home/airflow/.local/lib/python3.12/site-packages/airflow/example_dags/example_sla_dag.py
[2025-09-16T23:51:03.960+0000] {processor.py:914} INFO - Processing file /home/airflow/.local/lib/python3.12/site-packages/airflow/example_dags/example_sla_dag.py for tasks to queue
[2025-09-16T23:51:03.962+0000] {logging_mixin.py:190} INFO - [2025-09-16T23:51:03.962+0000] {dagbag.py:588} INFO - Filling up the DagBag from /home/airflow/.local/lib/python3.12/site-packages/airflow/example_dags/example_sla_dag.py
[2025-09-16T23:51:03.967+0000] {processor.py:925} INFO - DAG(s) 'example_sla_dag' retrieved from /home/airflow/.local/lib/python3.12/site-packages/airflow/example_dags/example_sla_dag.py
[2025-09-16T23:51:03.977+0000] {logging_mixin.py:190} INFO - [2025-09-16T23:51:03.977+0000] {dag.py:3239} INFO - Sync 1 DAGs
[2025-09-16T23:51:03.988+0000] {logging_mixin.py:190} INFO - [2025-09-16T23:51:03.988+0000] {dag.py:4180} INFO - Setting next_dagrun for example_sla_dag to 2025-09-16 23:48:00+00:00, run_after=2025-09-16 23:50:00+00:00
[2025-09-16T23:51:03.999+0000] {processor.py:208} INFO - Processing /home/airflow/.local/lib/python3.12/site-packages/airflow/example_dags/example_sla_dag.py took 0.044 seconds
[2025-09-16T23:51:35.424+0000] {processor.py:186} INFO - Started process (PID=1368) to work on /home/airflow/.local/lib/python3.12/site-packages/airflow/example_dags/example_sla_dag.py
[2025-09-16T23:51:35.425+0000] {processor.py:914} INFO - Processing file /home/airflow/.local/lib/python3.12/site-packages/airflow/example_dags/example_sla_dag.py for tasks to queue
[2025-09-16T23:51:35.426+0000] {logging_mixin.py:190} INFO - [2025-09-16T23:51:35.426+0000] {dagbag.py:588} INFO - Filling up the DagBag from /home/airflow/.local/lib/python3.12/site-packages/airflow/example_dags/example_sla_dag.py
[2025-09-16T23:51:35.432+0000] {processor.py:925} INFO - DAG(s) 'example_sla_dag' retrieved from /home/airflow/.local/lib/python3.12/site-packages/airflow/example_dags/example_sla_dag.py
[2025-09-16T23:51:35.442+0000] {logging_mixin.py:190} INFO - [2025-09-16T23:51:35.441+0000] {dag.py:3239} INFO - Sync 1 DAGs
[2025-09-16T23:51:35.453+0000] {logging_mixin.py:190} INFO - [2025-09-16T23:51:35.453+0000] {dag.py:4180} INFO - Setting next_dagrun for example_sla_dag to 2025-09-16 23:48:00+00:00, run_after=2025-09-16 23:50:00+00:00
[2025-09-16T23:51:35.463+0000] {processor.py:208} INFO - Processing /home/airflow/.local/lib/python3.12/site-packages/airflow/example_dags/example_sla_dag.py took 0.043 seconds
[2025-09-16T23:52:06.859+0000] {processor.py:186} INFO - Started process (PID=1430) to work on /home/airflow/.local/lib/python3.12/site-packages/airflow/example_dags/example_sla_dag.py
[2025-09-16T23:52:06.861+0000] {processor.py:914} INFO - Processing file /home/airflow/.local/lib/python3.12/site-packages/airflow/example_dags/example_sla_dag.py for tasks to queue
[2025-09-16T23:52:06.862+0000] {logging_mixin.py:190} INFO - [2025-09-16T23:52:06.862+0000] {dagbag.py:588} INFO - Filling up the DagBag from /home/airflow/.local/lib/python3.12/site-packages/airflow/example_dags/example_sla_dag.py
[2025-09-16T23:52:06.870+0000] {processor.py:925} INFO - DAG(s) 'example_sla_dag' retrieved from /home/airflow/.local/lib/python3.12/site-packages/airflow/example_dags/example_sla_dag.py
[2025-09-16T23:52:06.880+0000] {logging_mixin.py:190} INFO - [2025-09-16T23:52:06.879+0000] {dag.py:3239} INFO - Sync 1 DAGs
[2025-09-16T23:52:06.893+0000] {logging_mixin.py:190} INFO - [2025-09-16T23:52:06.893+0000] {dag.py:4180} INFO - Setting next_dagrun for example_sla_dag to 2025-09-16 23:50:00+00:00, run_after=2025-09-16 23:52:00+00:00
[2025-09-16T23:52:06.904+0000] {processor.py:208} INFO - Processing /home/airflow/.local/lib/python3.12/site-packages/airflow/example_dags/example_sla_dag.py took 0.048 seconds
[2025-09-16T23:52:38.386+0000] {processor.py:186} INFO - Started process (PID=1493) to work on /home/airflow/.local/lib/python3.12/site-packages/airflow/example_dags/example_sla_dag.py
[2025-09-16T23:52:38.387+0000] {processor.py:914} INFO - Processing file /home/airflow/.local/lib/python3.12/site-packages/airflow/example_dags/example_sla_dag.py for tasks to queue
[2025-09-16T23:52:38.389+0000] {logging_mixin.py:190} INFO - [2025-09-16T23:52:38.389+0000] {dagbag.py:588} INFO - Filling up the DagBag from /home/airflow/.local/lib/python3.12/site-packages/airflow/example_dags/example_sla_dag.py
[2025-09-16T23:52:38.395+0000] {processor.py:925} INFO - DAG(s) 'example_sla_dag' retrieved from /home/airflow/.local/lib/python3.12/site-packages/airflow/example_dags/example_sla_dag.py
[2025-09-16T23:52:38.408+0000] {logging_mixin.py:190} INFO - [2025-09-16T23:52:38.408+0000] {dag.py:3239} INFO - Sync 1 DAGs
[2025-09-16T23:52:38.423+0000] {logging_mixin.py:190} INFO - [2025-09-16T23:52:38.423+0000] {dag.py:4180} INFO - Setting next_dagrun for example_sla_dag to 2025-09-16 23:50:00+00:00, run_after=2025-09-16 23:52:00+00:00
[2025-09-16T23:52:38.436+0000] {processor.py:208} INFO - Processing /home/airflow/.local/lib/python3.12/site-packages/airflow/example_dags/example_sla_dag.py took 0.053 seconds
[2025-09-16T23:53:09.734+0000] {processor.py:186} INFO - Started process (PID=1556) to work on /home/airflow/.local/lib/python3.12/site-packages/airflow/example_dags/example_sla_dag.py
[2025-09-16T23:53:09.735+0000] {processor.py:914} INFO - Processing file /home/airflow/.local/lib/python3.12/site-packages/airflow/example_dags/example_sla_dag.py for tasks to queue
[2025-09-16T23:53:09.736+0000] {logging_mixin.py:190} INFO - [2025-09-16T23:53:09.736+0000] {dagbag.py:588} INFO - Filling up the DagBag from /home/airflow/.local/lib/python3.12/site-packages/airflow/example_dags/example_sla_dag.py
[2025-09-16T23:53:09.743+0000] {processor.py:925} INFO - DAG(s) 'example_sla_dag' retrieved from /home/airflow/.local/lib/python3.12/site-packages/airflow/example_dags/example_sla_dag.py
[2025-09-16T23:53:09.754+0000] {logging_mixin.py:190} INFO - [2025-09-16T23:53:09.754+0000] {dag.py:3239} INFO - Sync 1 DAGs
[2025-09-16T23:53:09.768+0000] {logging_mixin.py:190} INFO - [2025-09-16T23:53:09.767+0000] {dag.py:4180} INFO - Setting next_dagrun for example_sla_dag to 2025-09-16 23:50:00+00:00, run_after=2025-09-16 23:52:00+00:00
[2025-09-16T23:53:09.776+0000] {processor.py:208} INFO - Processing /home/airflow/.local/lib/python3.12/site-packages/airflow/example_dags/example_sla_dag.py took 0.046 seconds
[2025-09-16T23:53:41.047+0000] {processor.py:186} INFO - Started process (PID=1619) to work on /home/airflow/.local/lib/python3.12/site-packages/airflow/example_dags/example_sla_dag.py
[2025-09-16T23:53:41.048+0000] {processor.py:914} INFO - Processing file /home/airflow/.local/lib/python3.12/site-packages/airflow/example_dags/example_sla_dag.py for tasks to queue
[2025-09-16T23:53:41.050+0000] {logging_mixin.py:190} INFO - [2025-09-16T23:53:41.050+0000] {dagbag.py:588} INFO - Filling up the DagBag from /home/airflow/.local/lib/python3.12/site-packages/airflow/example_dags/example_sla_dag.py
[2025-09-16T23:53:41.056+0000] {processor.py:925} INFO - DAG(s) 'example_sla_dag' retrieved from /home/airflow/.local/lib/python3.12/site-packages/airflow/example_dags/example_sla_dag.py
[2025-09-16T23:53:41.066+0000] {logging_mixin.py:190} INFO - [2025-09-16T23:53:41.066+0000] {dag.py:3239} INFO - Sync 1 DAGs
[2025-09-16T23:53:41.078+0000] {logging_mixin.py:190} INFO - [2025-09-16T23:53:41.078+0000] {dag.py:4180} INFO - Setting next_dagrun for example_sla_dag to 2025-09-16 23:50:00+00:00, run_after=2025-09-16 23:52:00+00:00
[2025-09-16T23:53:41.089+0000] {processor.py:208} INFO - Processing /home/airflow/.local/lib/python3.12/site-packages/airflow/example_dags/example_sla_dag.py took 0.045 seconds
[2025-09-16T23:54:12.707+0000] {processor.py:186} INFO - Started process (PID=1682) to work on /home/airflow/.local/lib/python3.12/site-packages/airflow/example_dags/example_sla_dag.py
[2025-09-16T23:54:12.708+0000] {processor.py:914} INFO - Processing file /home/airflow/.local/lib/python3.12/site-packages/airflow/example_dags/example_sla_dag.py for tasks to queue
[2025-09-16T23:54:12.711+0000] {logging_mixin.py:190} INFO - [2025-09-16T23:54:12.710+0000] {dagbag.py:588} INFO - Filling up the DagBag from /home/airflow/.local/lib/python3.12/site-packages/airflow/example_dags/example_sla_dag.py
[2025-09-16T23:54:12.719+0000] {processor.py:925} INFO - DAG(s) 'example_sla_dag' retrieved from /home/airflow/.local/lib/python3.12/site-packages/airflow/example_dags/example_sla_dag.py
[2025-09-16T23:54:12.730+0000] {logging_mixin.py:190} INFO - [2025-09-16T23:54:12.730+0000] {dag.py:3239} INFO - Sync 1 DAGs
[2025-09-16T23:54:12.746+0000] {logging_mixin.py:190} INFO - [2025-09-16T23:54:12.746+0000] {dag.py:4180} INFO - Setting next_dagrun for example_sla_dag to 2025-09-16 23:52:00+00:00, run_after=2025-09-16 23:54:00+00:00
[2025-09-16T23:54:12.757+0000] {processor.py:208} INFO - Processing /home/airflow/.local/lib/python3.12/site-packages/airflow/example_dags/example_sla_dag.py took 0.054 seconds
[2025-09-16T23:54:44.974+0000] {processor.py:186} INFO - Started process (PID=1745) to work on /home/airflow/.local/lib/python3.12/site-packages/airflow/example_dags/example_sla_dag.py
[2025-09-16T23:54:44.978+0000] {processor.py:914} INFO - Processing file /home/airflow/.local/lib/python3.12/site-packages/airflow/example_dags/example_sla_dag.py for tasks to queue
[2025-09-16T23:54:44.981+0000] {logging_mixin.py:190} INFO - [2025-09-16T23:54:44.981+0000] {dagbag.py:588} INFO - Filling up the DagBag from /home/airflow/.local/lib/python3.12/site-packages/airflow/example_dags/example_sla_dag.py
[2025-09-16T23:54:45.010+0000] {processor.py:925} INFO - DAG(s) 'example_sla_dag' retrieved from /home/airflow/.local/lib/python3.12/site-packages/airflow/example_dags/example_sla_dag.py
[2025-09-16T23:54:45.031+0000] {logging_mixin.py:190} INFO - [2025-09-16T23:54:45.031+0000] {dag.py:3239} INFO - Sync 1 DAGs
[2025-09-16T23:54:45.052+0000] {logging_mixin.py:190} INFO - [2025-09-16T23:54:45.052+0000] {dag.py:4180} INFO - Setting next_dagrun for example_sla_dag to 2025-09-16 23:52:00+00:00, run_after=2025-09-16 23:54:00+00:00
[2025-09-16T23:54:45.063+0000] {processor.py:208} INFO - Processing /home/airflow/.local/lib/python3.12/site-packages/airflow/example_dags/example_sla_dag.py took 0.096 seconds
[2025-09-16T23:55:15.698+0000] {processor.py:186} INFO - Started process (PID=1808) to work on /home/airflow/.local/lib/python3.12/site-packages/airflow/example_dags/example_sla_dag.py
[2025-09-16T23:55:15.700+0000] {processor.py:914} INFO - Processing file /home/airflow/.local/lib/python3.12/site-packages/airflow/example_dags/example_sla_dag.py for tasks to queue
[2025-09-16T23:55:15.702+0000] {logging_mixin.py:190} INFO - [2025-09-16T23:55:15.702+0000] {dagbag.py:588} INFO - Filling up the DagBag from /home/airflow/.local/lib/python3.12/site-packages/airflow/example_dags/example_sla_dag.py
[2025-09-16T23:55:15.709+0000] {processor.py:925} INFO - DAG(s) 'example_sla_dag' retrieved from /home/airflow/.local/lib/python3.12/site-packages/airflow/example_dags/example_sla_dag.py
[2025-09-16T23:55:15.719+0000] {logging_mixin.py:190} INFO - [2025-09-16T23:55:15.719+0000] {dag.py:3239} INFO - Sync 1 DAGs
[2025-09-16T23:55:15.734+0000] {logging_mixin.py:190} INFO - [2025-09-16T23:55:15.734+0000] {dag.py:4180} INFO - Setting next_dagrun for example_sla_dag to 2025-09-16 23:52:00+00:00, run_after=2025-09-16 23:54:00+00:00
[2025-09-16T23:55:15.744+0000] {processor.py:208} INFO - Processing /home/airflow/.local/lib/python3.12/site-packages/airflow/example_dags/example_sla_dag.py took 0.049 seconds
[2025-09-16T23:55:46.855+0000] {processor.py:186} INFO - Started process (PID=1871) to work on /home/airflow/.local/lib/python3.12/site-packages/airflow/example_dags/example_sla_dag.py
[2025-09-16T23:55:46.856+0000] {processor.py:914} INFO - Processing file /home/airflow/.local/lib/python3.12/site-packages/airflow/example_dags/example_sla_dag.py for tasks to queue
[2025-09-16T23:55:46.858+0000] {logging_mixin.py:190} INFO - [2025-09-16T23:55:46.858+0000] {dagbag.py:588} INFO - Filling up the DagBag from /home/airflow/.local/lib/python3.12/site-packages/airflow/example_dags/example_sla_dag.py
[2025-09-16T23:55:46.863+0000] {processor.py:925} INFO - DAG(s) 'example_sla_dag' retrieved from /home/airflow/.local/lib/python3.12/site-packages/airflow/example_dags/example_sla_dag.py
[2025-09-16T23:55:46.873+0000] {logging_mixin.py:190} INFO - [2025-09-16T23:55:46.873+0000] {dag.py:3239} INFO - Sync 1 DAGs
[2025-09-16T23:55:46.884+0000] {logging_mixin.py:190} INFO - [2025-09-16T23:55:46.884+0000] {dag.py:4180} INFO - Setting next_dagrun for example_sla_dag to 2025-09-16 23:52:00+00:00, run_after=2025-09-16 23:54:00+00:00
[2025-09-16T23:55:46.896+0000] {processor.py:208} INFO - Processing /home/airflow/.local/lib/python3.12/site-packages/airflow/example_dags/example_sla_dag.py took 0.044 seconds
[2025-09-16T23:56:18.118+0000] {processor.py:186} INFO - Started process (PID=1934) to work on /home/airflow/.local/lib/python3.12/site-packages/airflow/example_dags/example_sla_dag.py
[2025-09-16T23:56:18.118+0000] {processor.py:914} INFO - Processing file /home/airflow/.local/lib/python3.12/site-packages/airflow/example_dags/example_sla_dag.py for tasks to queue
[2025-09-16T23:56:18.120+0000] {logging_mixin.py:190} INFO - [2025-09-16T23:56:18.120+0000] {dagbag.py:588} INFO - Filling up the DagBag from /home/airflow/.local/lib/python3.12/site-packages/airflow/example_dags/example_sla_dag.py
[2025-09-16T23:56:18.126+0000] {processor.py:925} INFO - DAG(s) 'example_sla_dag' retrieved from /home/airflow/.local/lib/python3.12/site-packages/airflow/example_dags/example_sla_dag.py
[2025-09-16T23:56:18.139+0000] {logging_mixin.py:190} INFO - [2025-09-16T23:56:18.138+0000] {dag.py:3239} INFO - Sync 1 DAGs
[2025-09-16T23:56:18.151+0000] {logging_mixin.py:190} INFO - [2025-09-16T23:56:18.151+0000] {dag.py:4180} INFO - Setting next_dagrun for example_sla_dag to 2025-09-16 23:54:00+00:00, run_after=2025-09-16 23:56:00+00:00
[2025-09-16T23:56:18.161+0000] {processor.py:208} INFO - Processing /home/airflow/.local/lib/python3.12/site-packages/airflow/example_dags/example_sla_dag.py took 0.047 seconds
[2025-09-16T23:56:49.256+0000] {processor.py:186} INFO - Started process (PID=1997) to work on /home/airflow/.local/lib/python3.12/site-packages/airflow/example_dags/example_sla_dag.py
[2025-09-16T23:56:49.257+0000] {processor.py:914} INFO - Processing file /home/airflow/.local/lib/python3.12/site-packages/airflow/example_dags/example_sla_dag.py for tasks to queue
[2025-09-16T23:56:49.258+0000] {logging_mixin.py:190} INFO - [2025-09-16T23:56:49.258+0000] {dagbag.py:588} INFO - Filling up the DagBag from /home/airflow/.local/lib/python3.12/site-packages/airflow/example_dags/example_sla_dag.py
[2025-09-16T23:56:49.263+0000] {processor.py:925} INFO - DAG(s) 'example_sla_dag' retrieved from /home/airflow/.local/lib/python3.12/site-packages/airflow/example_dags/example_sla_dag.py
[2025-09-16T23:56:49.275+0000] {logging_mixin.py:190} INFO - [2025-09-16T23:56:49.275+0000] {dag.py:3239} INFO - Sync 1 DAGs
[2025-09-16T23:56:49.288+0000] {logging_mixin.py:190} INFO - [2025-09-16T23:56:49.288+0000] {dag.py:4180} INFO - Setting next_dagrun for example_sla_dag to 2025-09-16 23:54:00+00:00, run_after=2025-09-16 23:56:00+00:00
[2025-09-16T23:56:49.299+0000] {processor.py:208} INFO - Processing /home/airflow/.local/lib/python3.12/site-packages/airflow/example_dags/example_sla_dag.py took 0.046 seconds
[2025-09-16T23:57:20.317+0000] {processor.py:186} INFO - Started process (PID=2060) to work on /home/airflow/.local/lib/python3.12/site-packages/airflow/example_dags/example_sla_dag.py
[2025-09-16T23:57:20.318+0000] {processor.py:914} INFO - Processing file /home/airflow/.local/lib/python3.12/site-packages/airflow/example_dags/example_sla_dag.py for tasks to queue
[2025-09-16T23:57:20.319+0000] {logging_mixin.py:190} INFO - [2025-09-16T23:57:20.319+0000] {dagbag.py:588} INFO - Filling up the DagBag from /home/airflow/.local/lib/python3.12/site-packages/airflow/example_dags/example_sla_dag.py
[2025-09-16T23:57:20.325+0000] {processor.py:925} INFO - DAG(s) 'example_sla_dag' retrieved from /home/airflow/.local/lib/python3.12/site-packages/airflow/example_dags/example_sla_dag.py
[2025-09-16T23:57:20.335+0000] {logging_mixin.py:190} INFO - [2025-09-16T23:57:20.335+0000] {dag.py:3239} INFO - Sync 1 DAGs
[2025-09-16T23:57:20.346+0000] {logging_mixin.py:190} INFO - [2025-09-16T23:57:20.346+0000] {dag.py:4180} INFO - Setting next_dagrun for example_sla_dag to 2025-09-16 23:54:00+00:00, run_after=2025-09-16 23:56:00+00:00
[2025-09-16T23:57:20.355+0000] {processor.py:208} INFO - Processing /home/airflow/.local/lib/python3.12/site-packages/airflow/example_dags/example_sla_dag.py took 0.041 seconds
[2025-09-16T23:57:51.496+0000] {processor.py:186} INFO - Started process (PID=2123) to work on /home/airflow/.local/lib/python3.12/site-packages/airflow/example_dags/example_sla_dag.py
[2025-09-16T23:57:51.496+0000] {processor.py:914} INFO - Processing file /home/airflow/.local/lib/python3.12/site-packages/airflow/example_dags/example_sla_dag.py for tasks to queue
[2025-09-16T23:57:51.497+0000] {logging_mixin.py:190} INFO - [2025-09-16T23:57:51.497+0000] {dagbag.py:588} INFO - Filling up the DagBag from /home/airflow/.local/lib/python3.12/site-packages/airflow/example_dags/example_sla_dag.py
[2025-09-16T23:57:51.503+0000] {processor.py:925} INFO - DAG(s) 'example_sla_dag' retrieved from /home/airflow/.local/lib/python3.12/site-packages/airflow/example_dags/example_sla_dag.py
[2025-09-16T23:57:51.515+0000] {logging_mixin.py:190} INFO - [2025-09-16T23:57:51.515+0000] {dag.py:3239} INFO - Sync 1 DAGs
[2025-09-16T23:57:51.527+0000] {logging_mixin.py:190} INFO - [2025-09-16T23:57:51.527+0000] {dag.py:4180} INFO - Setting next_dagrun for example_sla_dag to 2025-09-16 23:54:00+00:00, run_after=2025-09-16 23:56:00+00:00
[2025-09-16T23:57:51.539+0000] {processor.py:208} INFO - Processing /home/airflow/.local/lib/python3.12/site-packages/airflow/example_dags/example_sla_dag.py took 0.047 seconds
[2025-09-16T23:58:22.582+0000] {processor.py:186} INFO - Started process (PID=2186) to work on /home/airflow/.local/lib/python3.12/site-packages/airflow/example_dags/example_sla_dag.py
[2025-09-16T23:58:22.583+0000] {processor.py:914} INFO - Processing file /home/airflow/.local/lib/python3.12/site-packages/airflow/example_dags/example_sla_dag.py for tasks to queue
[2025-09-16T23:58:22.584+0000] {logging_mixin.py:190} INFO - [2025-09-16T23:58:22.584+0000] {dagbag.py:588} INFO - Filling up the DagBag from /home/airflow/.local/lib/python3.12/site-packages/airflow/example_dags/example_sla_dag.py
[2025-09-16T23:58:22.590+0000] {processor.py:925} INFO - DAG(s) 'example_sla_dag' retrieved from /home/airflow/.local/lib/python3.12/site-packages/airflow/example_dags/example_sla_dag.py
[2025-09-16T23:58:22.601+0000] {logging_mixin.py:190} INFO - [2025-09-16T23:58:22.601+0000] {dag.py:3239} INFO - Sync 1 DAGs
[2025-09-16T23:58:22.617+0000] {logging_mixin.py:190} INFO - [2025-09-16T23:58:22.617+0000] {dag.py:4180} INFO - Setting next_dagrun for example_sla_dag to 2025-09-16 23:56:00+00:00, run_after=2025-09-16 23:58:00+00:00
[2025-09-16T23:58:22.629+0000] {processor.py:208} INFO - Processing /home/airflow/.local/lib/python3.12/site-packages/airflow/example_dags/example_sla_dag.py took 0.050 seconds
[2025-09-16T23:58:53.606+0000] {processor.py:186} INFO - Started process (PID=2255) to work on /home/airflow/.local/lib/python3.12/site-packages/airflow/example_dags/example_sla_dag.py
[2025-09-16T23:58:53.607+0000] {processor.py:914} INFO - Processing file /home/airflow/.local/lib/python3.12/site-packages/airflow/example_dags/example_sla_dag.py for tasks to queue
[2025-09-16T23:58:53.608+0000] {logging_mixin.py:190} INFO - [2025-09-16T23:58:53.608+0000] {dagbag.py:588} INFO - Filling up the DagBag from /home/airflow/.local/lib/python3.12/site-packages/airflow/example_dags/example_sla_dag.py
[2025-09-16T23:58:53.614+0000] {processor.py:925} INFO - DAG(s) 'example_sla_dag' retrieved from /home/airflow/.local/lib/python3.12/site-packages/airflow/example_dags/example_sla_dag.py
[2025-09-16T23:58:53.625+0000] {logging_mixin.py:190} INFO - [2025-09-16T23:58:53.624+0000] {dag.py:3239} INFO - Sync 1 DAGs
[2025-09-16T23:58:53.638+0000] {logging_mixin.py:190} INFO - [2025-09-16T23:58:53.638+0000] {dag.py:4180} INFO - Setting next_dagrun for example_sla_dag to 2025-09-16 23:56:00+00:00, run_after=2025-09-16 23:58:00+00:00
[2025-09-16T23:58:53.648+0000] {processor.py:208} INFO - Processing /home/airflow/.local/lib/python3.12/site-packages/airflow/example_dags/example_sla_dag.py took 0.045 seconds
[2025-09-16T23:59:24.663+0000] {processor.py:186} INFO - Started process (PID=2318) to work on /home/airflow/.local/lib/python3.12/site-packages/airflow/example_dags/example_sla_dag.py
[2025-09-16T23:59:24.664+0000] {processor.py:914} INFO - Processing file /home/airflow/.local/lib/python3.12/site-packages/airflow/example_dags/example_sla_dag.py for tasks to queue
[2025-09-16T23:59:24.665+0000] {logging_mixin.py:190} INFO - [2025-09-16T23:59:24.665+0000] {dagbag.py:588} INFO - Filling up the DagBag from /home/airflow/.local/lib/python3.12/site-packages/airflow/example_dags/example_sla_dag.py
[2025-09-16T23:59:24.671+0000] {processor.py:925} INFO - DAG(s) 'example_sla_dag' retrieved from /home/airflow/.local/lib/python3.12/site-packages/airflow/example_dags/example_sla_dag.py
[2025-09-16T23:59:24.680+0000] {logging_mixin.py:190} INFO - [2025-09-16T23:59:24.680+0000] {dag.py:3239} INFO - Sync 1 DAGs
[2025-09-16T23:59:24.691+0000] {logging_mixin.py:190} INFO - [2025-09-16T23:59:24.691+0000] {dag.py:4180} INFO - Setting next_dagrun for example_sla_dag to 2025-09-16 23:56:00+00:00, run_after=2025-09-16 23:58:00+00:00
[2025-09-16T23:59:24.701+0000] {processor.py:208} INFO - Processing /home/airflow/.local/lib/python3.12/site-packages/airflow/example_dags/example_sla_dag.py took 0.041 seconds
[2025-09-16T23:59:56.105+0000] {processor.py:186} INFO - Started process (PID=2381) to work on /home/airflow/.local/lib/python3.12/site-packages/airflow/example_dags/example_sla_dag.py
[2025-09-16T23:59:56.106+0000] {processor.py:914} INFO - Processing file /home/airflow/.local/lib/python3.12/site-packages/airflow/example_dags/example_sla_dag.py for tasks to queue
[2025-09-16T23:59:56.108+0000] {logging_mixin.py:190} INFO - [2025-09-16T23:59:56.108+0000] {dagbag.py:588} INFO - Filling up the DagBag from /home/airflow/.local/lib/python3.12/site-packages/airflow/example_dags/example_sla_dag.py
[2025-09-16T23:59:56.114+0000] {processor.py:925} INFO - DAG(s) 'example_sla_dag' retrieved from /home/airflow/.local/lib/python3.12/site-packages/airflow/example_dags/example_sla_dag.py
[2025-09-16T23:59:56.125+0000] {logging_mixin.py:190} INFO - [2025-09-16T23:59:56.125+0000] {dag.py:3239} INFO - Sync 1 DAGs
[2025-09-16T23:59:56.143+0000] {logging_mixin.py:190} INFO - [2025-09-16T23:59:56.143+0000] {dag.py:4180} INFO - Setting next_dagrun for example_sla_dag to 2025-09-16 23:56:00+00:00, run_after=2025-09-16 23:58:00+00:00
[2025-09-16T23:59:56.155+0000] {processor.py:208} INFO - Processing /home/airflow/.local/lib/python3.12/site-packages/airflow/example_dags/example_sla_dag.py took 0.054 seconds
