[2025-09-16T23:41:17.602+0000] {processor.py:186} INFO - Started process (PID=74) to work on /home/airflow/.local/lib/python3.12/site-packages/airflow/example_dags/example_bash_operator.py
[2025-09-16T23:41:17.603+0000] {processor.py:914} INFO - Processing file /home/airflow/.local/lib/python3.12/site-packages/airflow/example_dags/example_bash_operator.py for tasks to queue
[2025-09-16T23:41:17.606+0000] {logging_mixin.py:190} INFO - [2025-09-16T23:41:17.606+0000] {dagbag.py:588} INFO - Filling up the DagBag from /home/airflow/.local/lib/python3.12/site-packages/airflow/example_dags/example_bash_operator.py
[2025-09-16T23:41:17.626+0000] {processor.py:925} INFO - DAG(s) 'example_bash_operator' retrieved from /home/airflow/.local/lib/python3.12/site-packages/airflow/example_dags/example_bash_operator.py
[2025-09-16T23:41:17.689+0000] {logging_mixin.py:190} INFO - [2025-09-16T23:41:17.688+0000] {override.py:1911} INFO - Created Permission View: can edit on DAG:example_bash_operator
[2025-09-16T23:41:17.697+0000] {logging_mixin.py:190} INFO - [2025-09-16T23:41:17.697+0000] {override.py:1911} INFO - Created Permission View: can delete on DAG:example_bash_operator
[2025-09-16T23:41:17.703+0000] {logging_mixin.py:190} INFO - [2025-09-16T23:41:17.703+0000] {override.py:1911} INFO - Created Permission View: can read on DAG:example_bash_operator
[2025-09-16T23:41:17.708+0000] {logging_mixin.py:190} INFO - [2025-09-16T23:41:17.708+0000] {override.py:1911} INFO - Created Permission View: menu access on DAG Run:example_bash_operator
[2025-09-16T23:41:17.715+0000] {logging_mixin.py:190} INFO - [2025-09-16T23:41:17.714+0000] {override.py:1911} INFO - Created Permission View: can create on DAG Run:example_bash_operator
[2025-09-16T23:41:17.719+0000] {logging_mixin.py:190} INFO - [2025-09-16T23:41:17.718+0000] {override.py:1911} INFO - Created Permission View: can delete on DAG Run:example_bash_operator
[2025-09-16T23:41:17.722+0000] {logging_mixin.py:190} INFO - [2025-09-16T23:41:17.722+0000] {override.py:1911} INFO - Created Permission View: can read on DAG Run:example_bash_operator
[2025-09-16T23:41:17.722+0000] {logging_mixin.py:190} INFO - [2025-09-16T23:41:17.722+0000] {dag.py:3239} INFO - Sync 1 DAGs
[2025-09-16T23:41:17.730+0000] {logging_mixin.py:190} INFO - [2025-09-16T23:41:17.729+0000] {dag.py:3262} INFO - Creating ORM DAG for example_bash_operator
[2025-09-16T23:41:17.735+0000] {logging_mixin.py:190} INFO - [2025-09-16T23:41:17.735+0000] {dag.py:4180} INFO - Setting next_dagrun for example_bash_operator to 2025-09-15 00:00:00+00:00, run_after=2025-09-16 00:00:00+00:00
[2025-09-16T23:41:17.747+0000] {processor.py:208} INFO - Processing /home/airflow/.local/lib/python3.12/site-packages/airflow/example_dags/example_bash_operator.py took 0.153 seconds
[2025-09-16T23:41:47.939+0000] {processor.py:186} INFO - Started process (PID=137) to work on /home/airflow/.local/lib/python3.12/site-packages/airflow/example_dags/example_bash_operator.py
[2025-09-16T23:41:47.940+0000] {processor.py:914} INFO - Processing file /home/airflow/.local/lib/python3.12/site-packages/airflow/example_dags/example_bash_operator.py for tasks to queue
[2025-09-16T23:41:47.941+0000] {logging_mixin.py:190} INFO - [2025-09-16T23:41:47.941+0000] {dagbag.py:588} INFO - Filling up the DagBag from /home/airflow/.local/lib/python3.12/site-packages/airflow/example_dags/example_bash_operator.py
[2025-09-16T23:41:47.952+0000] {processor.py:925} INFO - DAG(s) 'example_bash_operator' retrieved from /home/airflow/.local/lib/python3.12/site-packages/airflow/example_dags/example_bash_operator.py
[2025-09-16T23:41:47.969+0000] {logging_mixin.py:190} INFO - [2025-09-16T23:41:47.969+0000] {dag.py:3239} INFO - Sync 1 DAGs
[2025-09-16T23:41:47.982+0000] {logging_mixin.py:190} INFO - [2025-09-16T23:41:47.982+0000] {dag.py:4180} INFO - Setting next_dagrun for example_bash_operator to 2025-09-15 00:00:00+00:00, run_after=2025-09-16 00:00:00+00:00
[2025-09-16T23:41:47.991+0000] {processor.py:208} INFO - Processing /home/airflow/.local/lib/python3.12/site-packages/airflow/example_dags/example_bash_operator.py took 0.055 seconds
[2025-09-16T23:42:19.033+0000] {processor.py:186} INFO - Started process (PID=200) to work on /home/airflow/.local/lib/python3.12/site-packages/airflow/example_dags/example_bash_operator.py
[2025-09-16T23:42:19.034+0000] {processor.py:914} INFO - Processing file /home/airflow/.local/lib/python3.12/site-packages/airflow/example_dags/example_bash_operator.py for tasks to queue
[2025-09-16T23:42:19.037+0000] {logging_mixin.py:190} INFO - [2025-09-16T23:42:19.036+0000] {dagbag.py:588} INFO - Filling up the DagBag from /home/airflow/.local/lib/python3.12/site-packages/airflow/example_dags/example_bash_operator.py
[2025-09-16T23:42:19.044+0000] {processor.py:925} INFO - DAG(s) 'example_bash_operator' retrieved from /home/airflow/.local/lib/python3.12/site-packages/airflow/example_dags/example_bash_operator.py
[2025-09-16T23:42:19.057+0000] {logging_mixin.py:190} INFO - [2025-09-16T23:42:19.057+0000] {dag.py:3239} INFO - Sync 1 DAGs
[2025-09-16T23:42:19.067+0000] {logging_mixin.py:190} INFO - [2025-09-16T23:42:19.067+0000] {dag.py:4180} INFO - Setting next_dagrun for example_bash_operator to 2025-09-15 00:00:00+00:00, run_after=2025-09-16 00:00:00+00:00
[2025-09-16T23:42:19.076+0000] {processor.py:208} INFO - Processing /home/airflow/.local/lib/python3.12/site-packages/airflow/example_dags/example_bash_operator.py took 0.049 seconds
[2025-09-16T23:42:49.751+0000] {processor.py:186} INFO - Started process (PID=268) to work on /home/airflow/.local/lib/python3.12/site-packages/airflow/example_dags/example_bash_operator.py
[2025-09-16T23:42:49.752+0000] {processor.py:914} INFO - Processing file /home/airflow/.local/lib/python3.12/site-packages/airflow/example_dags/example_bash_operator.py for tasks to queue
[2025-09-16T23:42:49.753+0000] {logging_mixin.py:190} INFO - [2025-09-16T23:42:49.753+0000] {dagbag.py:588} INFO - Filling up the DagBag from /home/airflow/.local/lib/python3.12/site-packages/airflow/example_dags/example_bash_operator.py
[2025-09-16T23:42:49.764+0000] {processor.py:925} INFO - DAG(s) 'example_bash_operator' retrieved from /home/airflow/.local/lib/python3.12/site-packages/airflow/example_dags/example_bash_operator.py
[2025-09-16T23:42:49.784+0000] {logging_mixin.py:190} INFO - [2025-09-16T23:42:49.784+0000] {dag.py:3239} INFO - Sync 1 DAGs
[2025-09-16T23:42:49.799+0000] {logging_mixin.py:190} INFO - [2025-09-16T23:42:49.799+0000] {dag.py:4180} INFO - Setting next_dagrun for example_bash_operator to 2025-09-15 00:00:00+00:00, run_after=2025-09-16 00:00:00+00:00
[2025-09-16T23:42:49.814+0000] {processor.py:208} INFO - Processing /home/airflow/.local/lib/python3.12/site-packages/airflow/example_dags/example_bash_operator.py took 0.071 seconds
[2025-09-16T23:43:19.954+0000] {processor.py:186} INFO - Started process (PID=331) to work on /home/airflow/.local/lib/python3.12/site-packages/airflow/example_dags/example_bash_operator.py
[2025-09-16T23:43:19.955+0000] {processor.py:914} INFO - Processing file /home/airflow/.local/lib/python3.12/site-packages/airflow/example_dags/example_bash_operator.py for tasks to queue
[2025-09-16T23:43:19.956+0000] {logging_mixin.py:190} INFO - [2025-09-16T23:43:19.956+0000] {dagbag.py:588} INFO - Filling up the DagBag from /home/airflow/.local/lib/python3.12/site-packages/airflow/example_dags/example_bash_operator.py
[2025-09-16T23:43:19.963+0000] {processor.py:925} INFO - DAG(s) 'example_bash_operator' retrieved from /home/airflow/.local/lib/python3.12/site-packages/airflow/example_dags/example_bash_operator.py
[2025-09-16T23:43:19.976+0000] {logging_mixin.py:190} INFO - [2025-09-16T23:43:19.976+0000] {dag.py:3239} INFO - Sync 1 DAGs
[2025-09-16T23:43:19.987+0000] {logging_mixin.py:190} INFO - [2025-09-16T23:43:19.987+0000] {dag.py:4180} INFO - Setting next_dagrun for example_bash_operator to 2025-09-15 00:00:00+00:00, run_after=2025-09-16 00:00:00+00:00
[2025-09-16T23:43:19.996+0000] {processor.py:208} INFO - Processing /home/airflow/.local/lib/python3.12/site-packages/airflow/example_dags/example_bash_operator.py took 0.045 seconds
[2025-09-16T23:43:50.563+0000] {processor.py:186} INFO - Started process (PID=393) to work on /home/airflow/.local/lib/python3.12/site-packages/airflow/example_dags/example_bash_operator.py
[2025-09-16T23:43:50.567+0000] {processor.py:914} INFO - Processing file /home/airflow/.local/lib/python3.12/site-packages/airflow/example_dags/example_bash_operator.py for tasks to queue
[2025-09-16T23:43:50.569+0000] {logging_mixin.py:190} INFO - [2025-09-16T23:43:50.568+0000] {dagbag.py:588} INFO - Filling up the DagBag from /home/airflow/.local/lib/python3.12/site-packages/airflow/example_dags/example_bash_operator.py
[2025-09-16T23:43:50.580+0000] {processor.py:925} INFO - DAG(s) 'example_bash_operator' retrieved from /home/airflow/.local/lib/python3.12/site-packages/airflow/example_dags/example_bash_operator.py
[2025-09-16T23:43:50.608+0000] {logging_mixin.py:190} INFO - [2025-09-16T23:43:50.607+0000] {dag.py:3239} INFO - Sync 1 DAGs
[2025-09-16T23:43:50.623+0000] {logging_mixin.py:190} INFO - [2025-09-16T23:43:50.623+0000] {dag.py:4180} INFO - Setting next_dagrun for example_bash_operator to 2025-09-15 00:00:00+00:00, run_after=2025-09-16 00:00:00+00:00
[2025-09-16T23:43:50.636+0000] {processor.py:208} INFO - Processing /home/airflow/.local/lib/python3.12/site-packages/airflow/example_dags/example_bash_operator.py took 0.076 seconds
[2025-09-16T23:44:21.420+0000] {processor.py:186} INFO - Started process (PID=456) to work on /home/airflow/.local/lib/python3.12/site-packages/airflow/example_dags/example_bash_operator.py
[2025-09-16T23:44:21.421+0000] {processor.py:914} INFO - Processing file /home/airflow/.local/lib/python3.12/site-packages/airflow/example_dags/example_bash_operator.py for tasks to queue
[2025-09-16T23:44:21.422+0000] {logging_mixin.py:190} INFO - [2025-09-16T23:44:21.422+0000] {dagbag.py:588} INFO - Filling up the DagBag from /home/airflow/.local/lib/python3.12/site-packages/airflow/example_dags/example_bash_operator.py
[2025-09-16T23:44:21.429+0000] {processor.py:925} INFO - DAG(s) 'example_bash_operator' retrieved from /home/airflow/.local/lib/python3.12/site-packages/airflow/example_dags/example_bash_operator.py
[2025-09-16T23:44:21.447+0000] {logging_mixin.py:190} INFO - [2025-09-16T23:44:21.447+0000] {dag.py:3239} INFO - Sync 1 DAGs
[2025-09-16T23:44:21.460+0000] {logging_mixin.py:190} INFO - [2025-09-16T23:44:21.460+0000] {dag.py:4180} INFO - Setting next_dagrun for example_bash_operator to 2025-09-15 00:00:00+00:00, run_after=2025-09-16 00:00:00+00:00
[2025-09-16T23:44:21.471+0000] {processor.py:208} INFO - Processing /home/airflow/.local/lib/python3.12/site-packages/airflow/example_dags/example_bash_operator.py took 0.056 seconds
[2025-09-16T23:44:52.030+0000] {processor.py:186} INFO - Started process (PID=519) to work on /home/airflow/.local/lib/python3.12/site-packages/airflow/example_dags/example_bash_operator.py
[2025-09-16T23:44:52.031+0000] {processor.py:914} INFO - Processing file /home/airflow/.local/lib/python3.12/site-packages/airflow/example_dags/example_bash_operator.py for tasks to queue
[2025-09-16T23:44:52.033+0000] {logging_mixin.py:190} INFO - [2025-09-16T23:44:52.032+0000] {dagbag.py:588} INFO - Filling up the DagBag from /home/airflow/.local/lib/python3.12/site-packages/airflow/example_dags/example_bash_operator.py
[2025-09-16T23:44:52.039+0000] {processor.py:925} INFO - DAG(s) 'example_bash_operator' retrieved from /home/airflow/.local/lib/python3.12/site-packages/airflow/example_dags/example_bash_operator.py
[2025-09-16T23:44:52.053+0000] {logging_mixin.py:190} INFO - [2025-09-16T23:44:52.053+0000] {dag.py:3239} INFO - Sync 1 DAGs
[2025-09-16T23:44:52.064+0000] {logging_mixin.py:190} INFO - [2025-09-16T23:44:52.064+0000] {dag.py:4180} INFO - Setting next_dagrun for example_bash_operator to 2025-09-15 00:00:00+00:00, run_after=2025-09-16 00:00:00+00:00
[2025-09-16T23:44:52.074+0000] {processor.py:208} INFO - Processing /home/airflow/.local/lib/python3.12/site-packages/airflow/example_dags/example_bash_operator.py took 0.048 seconds
[2025-09-16T23:45:22.291+0000] {processor.py:186} INFO - Started process (PID=582) to work on /home/airflow/.local/lib/python3.12/site-packages/airflow/example_dags/example_bash_operator.py
[2025-09-16T23:45:22.291+0000] {processor.py:914} INFO - Processing file /home/airflow/.local/lib/python3.12/site-packages/airflow/example_dags/example_bash_operator.py for tasks to queue
[2025-09-16T23:45:22.293+0000] {logging_mixin.py:190} INFO - [2025-09-16T23:45:22.292+0000] {dagbag.py:588} INFO - Filling up the DagBag from /home/airflow/.local/lib/python3.12/site-packages/airflow/example_dags/example_bash_operator.py
[2025-09-16T23:45:22.299+0000] {processor.py:925} INFO - DAG(s) 'example_bash_operator' retrieved from /home/airflow/.local/lib/python3.12/site-packages/airflow/example_dags/example_bash_operator.py
[2025-09-16T23:45:22.312+0000] {logging_mixin.py:190} INFO - [2025-09-16T23:45:22.312+0000] {dag.py:3239} INFO - Sync 1 DAGs
[2025-09-16T23:45:22.326+0000] {logging_mixin.py:190} INFO - [2025-09-16T23:45:22.326+0000] {dag.py:4180} INFO - Setting next_dagrun for example_bash_operator to 2025-09-15 00:00:00+00:00, run_after=2025-09-16 00:00:00+00:00
[2025-09-16T23:45:22.338+0000] {processor.py:208} INFO - Processing /home/airflow/.local/lib/python3.12/site-packages/airflow/example_dags/example_bash_operator.py took 0.051 seconds
[2025-09-16T23:45:53.082+0000] {processor.py:186} INFO - Started process (PID=645) to work on /home/airflow/.local/lib/python3.12/site-packages/airflow/example_dags/example_bash_operator.py
[2025-09-16T23:45:53.082+0000] {processor.py:914} INFO - Processing file /home/airflow/.local/lib/python3.12/site-packages/airflow/example_dags/example_bash_operator.py for tasks to queue
[2025-09-16T23:45:53.084+0000] {logging_mixin.py:190} INFO - [2025-09-16T23:45:53.083+0000] {dagbag.py:588} INFO - Filling up the DagBag from /home/airflow/.local/lib/python3.12/site-packages/airflow/example_dags/example_bash_operator.py
[2025-09-16T23:45:53.091+0000] {processor.py:925} INFO - DAG(s) 'example_bash_operator' retrieved from /home/airflow/.local/lib/python3.12/site-packages/airflow/example_dags/example_bash_operator.py
[2025-09-16T23:45:53.106+0000] {logging_mixin.py:190} INFO - [2025-09-16T23:45:53.106+0000] {dag.py:3239} INFO - Sync 1 DAGs
[2025-09-16T23:45:53.117+0000] {logging_mixin.py:190} INFO - [2025-09-16T23:45:53.117+0000] {dag.py:4180} INFO - Setting next_dagrun for example_bash_operator to 2025-09-15 00:00:00+00:00, run_after=2025-09-16 00:00:00+00:00
[2025-09-16T23:45:53.136+0000] {processor.py:208} INFO - Processing /home/airflow/.local/lib/python3.12/site-packages/airflow/example_dags/example_bash_operator.py took 0.057 seconds
[2025-09-16T23:46:23.628+0000] {processor.py:186} INFO - Started process (PID=708) to work on /home/airflow/.local/lib/python3.12/site-packages/airflow/example_dags/example_bash_operator.py
[2025-09-16T23:46:23.631+0000] {processor.py:914} INFO - Processing file /home/airflow/.local/lib/python3.12/site-packages/airflow/example_dags/example_bash_operator.py for tasks to queue
[2025-09-16T23:46:23.632+0000] {logging_mixin.py:190} INFO - [2025-09-16T23:46:23.632+0000] {dagbag.py:588} INFO - Filling up the DagBag from /home/airflow/.local/lib/python3.12/site-packages/airflow/example_dags/example_bash_operator.py
[2025-09-16T23:46:23.639+0000] {processor.py:925} INFO - DAG(s) 'example_bash_operator' retrieved from /home/airflow/.local/lib/python3.12/site-packages/airflow/example_dags/example_bash_operator.py
[2025-09-16T23:46:23.654+0000] {logging_mixin.py:190} INFO - [2025-09-16T23:46:23.653+0000] {dag.py:3239} INFO - Sync 1 DAGs
[2025-09-16T23:46:23.674+0000] {logging_mixin.py:190} INFO - [2025-09-16T23:46:23.674+0000] {dag.py:4180} INFO - Setting next_dagrun for example_bash_operator to 2025-09-15 00:00:00+00:00, run_after=2025-09-16 00:00:00+00:00
[2025-09-16T23:46:23.684+0000] {processor.py:208} INFO - Processing /home/airflow/.local/lib/python3.12/site-packages/airflow/example_dags/example_bash_operator.py took 0.059 seconds
[2025-09-16T23:46:54.196+0000] {processor.py:186} INFO - Started process (PID=771) to work on /home/airflow/.local/lib/python3.12/site-packages/airflow/example_dags/example_bash_operator.py
[2025-09-16T23:46:54.197+0000] {processor.py:914} INFO - Processing file /home/airflow/.local/lib/python3.12/site-packages/airflow/example_dags/example_bash_operator.py for tasks to queue
[2025-09-16T23:46:54.198+0000] {logging_mixin.py:190} INFO - [2025-09-16T23:46:54.198+0000] {dagbag.py:588} INFO - Filling up the DagBag from /home/airflow/.local/lib/python3.12/site-packages/airflow/example_dags/example_bash_operator.py
[2025-09-16T23:46:54.204+0000] {processor.py:925} INFO - DAG(s) 'example_bash_operator' retrieved from /home/airflow/.local/lib/python3.12/site-packages/airflow/example_dags/example_bash_operator.py
[2025-09-16T23:46:54.217+0000] {logging_mixin.py:190} INFO - [2025-09-16T23:46:54.217+0000] {dag.py:3239} INFO - Sync 1 DAGs
[2025-09-16T23:46:54.229+0000] {logging_mixin.py:190} INFO - [2025-09-16T23:46:54.229+0000] {dag.py:4180} INFO - Setting next_dagrun for example_bash_operator to 2025-09-15 00:00:00+00:00, run_after=2025-09-16 00:00:00+00:00
[2025-09-16T23:46:54.237+0000] {processor.py:208} INFO - Processing /home/airflow/.local/lib/python3.12/site-packages/airflow/example_dags/example_bash_operator.py took 0.044 seconds
[2025-09-16T23:47:24.965+0000] {processor.py:186} INFO - Started process (PID=834) to work on /home/airflow/.local/lib/python3.12/site-packages/airflow/example_dags/example_bash_operator.py
[2025-09-16T23:47:24.966+0000] {processor.py:914} INFO - Processing file /home/airflow/.local/lib/python3.12/site-packages/airflow/example_dags/example_bash_operator.py for tasks to queue
[2025-09-16T23:47:24.967+0000] {logging_mixin.py:190} INFO - [2025-09-16T23:47:24.967+0000] {dagbag.py:588} INFO - Filling up the DagBag from /home/airflow/.local/lib/python3.12/site-packages/airflow/example_dags/example_bash_operator.py
[2025-09-16T23:47:24.977+0000] {processor.py:925} INFO - DAG(s) 'example_bash_operator' retrieved from /home/airflow/.local/lib/python3.12/site-packages/airflow/example_dags/example_bash_operator.py
[2025-09-16T23:47:24.990+0000] {logging_mixin.py:190} INFO - [2025-09-16T23:47:24.990+0000] {dag.py:3239} INFO - Sync 1 DAGs
[2025-09-16T23:47:25.001+0000] {logging_mixin.py:190} INFO - [2025-09-16T23:47:25.001+0000] {dag.py:4180} INFO - Setting next_dagrun for example_bash_operator to 2025-09-15 00:00:00+00:00, run_after=2025-09-16 00:00:00+00:00
[2025-09-16T23:47:25.012+0000] {processor.py:208} INFO - Processing /home/airflow/.local/lib/python3.12/site-packages/airflow/example_dags/example_bash_operator.py took 0.051 seconds
[2025-09-16T23:47:55.590+0000] {processor.py:186} INFO - Started process (PID=897) to work on /home/airflow/.local/lib/python3.12/site-packages/airflow/example_dags/example_bash_operator.py
[2025-09-16T23:47:55.591+0000] {processor.py:914} INFO - Processing file /home/airflow/.local/lib/python3.12/site-packages/airflow/example_dags/example_bash_operator.py for tasks to queue
[2025-09-16T23:47:55.593+0000] {logging_mixin.py:190} INFO - [2025-09-16T23:47:55.593+0000] {dagbag.py:588} INFO - Filling up the DagBag from /home/airflow/.local/lib/python3.12/site-packages/airflow/example_dags/example_bash_operator.py
[2025-09-16T23:47:55.601+0000] {processor.py:925} INFO - DAG(s) 'example_bash_operator' retrieved from /home/airflow/.local/lib/python3.12/site-packages/airflow/example_dags/example_bash_operator.py
[2025-09-16T23:47:55.619+0000] {logging_mixin.py:190} INFO - [2025-09-16T23:47:55.619+0000] {dag.py:3239} INFO - Sync 1 DAGs
[2025-09-16T23:47:55.633+0000] {logging_mixin.py:190} INFO - [2025-09-16T23:47:55.633+0000] {dag.py:4180} INFO - Setting next_dagrun for example_bash_operator to 2025-09-15 00:00:00+00:00, run_after=2025-09-16 00:00:00+00:00
[2025-09-16T23:47:55.643+0000] {processor.py:208} INFO - Processing /home/airflow/.local/lib/python3.12/site-packages/airflow/example_dags/example_bash_operator.py took 0.056 seconds
[2025-09-16T23:48:26.490+0000] {processor.py:186} INFO - Started process (PID=960) to work on /home/airflow/.local/lib/python3.12/site-packages/airflow/example_dags/example_bash_operator.py
[2025-09-16T23:48:26.492+0000] {processor.py:914} INFO - Processing file /home/airflow/.local/lib/python3.12/site-packages/airflow/example_dags/example_bash_operator.py for tasks to queue
[2025-09-16T23:48:26.494+0000] {logging_mixin.py:190} INFO - [2025-09-16T23:48:26.494+0000] {dagbag.py:588} INFO - Filling up the DagBag from /home/airflow/.local/lib/python3.12/site-packages/airflow/example_dags/example_bash_operator.py
[2025-09-16T23:48:26.500+0000] {processor.py:925} INFO - DAG(s) 'example_bash_operator' retrieved from /home/airflow/.local/lib/python3.12/site-packages/airflow/example_dags/example_bash_operator.py
[2025-09-16T23:48:26.514+0000] {logging_mixin.py:190} INFO - [2025-09-16T23:48:26.514+0000] {dag.py:3239} INFO - Sync 1 DAGs
[2025-09-16T23:48:26.526+0000] {logging_mixin.py:190} INFO - [2025-09-16T23:48:26.526+0000] {dag.py:4180} INFO - Setting next_dagrun for example_bash_operator to 2025-09-15 00:00:00+00:00, run_after=2025-09-16 00:00:00+00:00
[2025-09-16T23:48:26.535+0000] {processor.py:208} INFO - Processing /home/airflow/.local/lib/python3.12/site-packages/airflow/example_dags/example_bash_operator.py took 0.048 seconds
[2025-09-16T23:48:57.366+0000] {processor.py:186} INFO - Started process (PID=1023) to work on /home/airflow/.local/lib/python3.12/site-packages/airflow/example_dags/example_bash_operator.py
[2025-09-16T23:48:57.367+0000] {processor.py:914} INFO - Processing file /home/airflow/.local/lib/python3.12/site-packages/airflow/example_dags/example_bash_operator.py for tasks to queue
[2025-09-16T23:48:57.368+0000] {logging_mixin.py:190} INFO - [2025-09-16T23:48:57.368+0000] {dagbag.py:588} INFO - Filling up the DagBag from /home/airflow/.local/lib/python3.12/site-packages/airflow/example_dags/example_bash_operator.py
[2025-09-16T23:48:57.375+0000] {processor.py:925} INFO - DAG(s) 'example_bash_operator' retrieved from /home/airflow/.local/lib/python3.12/site-packages/airflow/example_dags/example_bash_operator.py
[2025-09-16T23:48:57.391+0000] {logging_mixin.py:190} INFO - [2025-09-16T23:48:57.391+0000] {dag.py:3239} INFO - Sync 1 DAGs
[2025-09-16T23:48:57.404+0000] {logging_mixin.py:190} INFO - [2025-09-16T23:48:57.404+0000] {dag.py:4180} INFO - Setting next_dagrun for example_bash_operator to 2025-09-15 00:00:00+00:00, run_after=2025-09-16 00:00:00+00:00
[2025-09-16T23:48:57.414+0000] {processor.py:208} INFO - Processing /home/airflow/.local/lib/python3.12/site-packages/airflow/example_dags/example_bash_operator.py took 0.051 seconds
[2025-09-16T23:49:28.260+0000] {processor.py:186} INFO - Started process (PID=1086) to work on /home/airflow/.local/lib/python3.12/site-packages/airflow/example_dags/example_bash_operator.py
[2025-09-16T23:49:28.261+0000] {processor.py:914} INFO - Processing file /home/airflow/.local/lib/python3.12/site-packages/airflow/example_dags/example_bash_operator.py for tasks to queue
[2025-09-16T23:49:28.263+0000] {logging_mixin.py:190} INFO - [2025-09-16T23:49:28.262+0000] {dagbag.py:588} INFO - Filling up the DagBag from /home/airflow/.local/lib/python3.12/site-packages/airflow/example_dags/example_bash_operator.py
[2025-09-16T23:49:28.273+0000] {processor.py:925} INFO - DAG(s) 'example_bash_operator' retrieved from /home/airflow/.local/lib/python3.12/site-packages/airflow/example_dags/example_bash_operator.py
[2025-09-16T23:49:28.286+0000] {logging_mixin.py:190} INFO - [2025-09-16T23:49:28.286+0000] {dag.py:3239} INFO - Sync 1 DAGs
[2025-09-16T23:49:28.298+0000] {logging_mixin.py:190} INFO - [2025-09-16T23:49:28.298+0000] {dag.py:4180} INFO - Setting next_dagrun for example_bash_operator to 2025-09-15 00:00:00+00:00, run_after=2025-09-16 00:00:00+00:00
[2025-09-16T23:49:28.307+0000] {processor.py:208} INFO - Processing /home/airflow/.local/lib/python3.12/site-packages/airflow/example_dags/example_bash_operator.py took 0.051 seconds
[2025-09-16T23:49:58.753+0000] {processor.py:186} INFO - Started process (PID=1149) to work on /home/airflow/.local/lib/python3.12/site-packages/airflow/example_dags/example_bash_operator.py
[2025-09-16T23:49:58.754+0000] {processor.py:914} INFO - Processing file /home/airflow/.local/lib/python3.12/site-packages/airflow/example_dags/example_bash_operator.py for tasks to queue
[2025-09-16T23:49:58.758+0000] {logging_mixin.py:190} INFO - [2025-09-16T23:49:58.758+0000] {dagbag.py:588} INFO - Filling up the DagBag from /home/airflow/.local/lib/python3.12/site-packages/airflow/example_dags/example_bash_operator.py
[2025-09-16T23:49:58.768+0000] {processor.py:925} INFO - DAG(s) 'example_bash_operator' retrieved from /home/airflow/.local/lib/python3.12/site-packages/airflow/example_dags/example_bash_operator.py
[2025-09-16T23:49:58.781+0000] {logging_mixin.py:190} INFO - [2025-09-16T23:49:58.781+0000] {dag.py:3239} INFO - Sync 1 DAGs
[2025-09-16T23:49:58.793+0000] {logging_mixin.py:190} INFO - [2025-09-16T23:49:58.793+0000] {dag.py:4180} INFO - Setting next_dagrun for example_bash_operator to 2025-09-15 00:00:00+00:00, run_after=2025-09-16 00:00:00+00:00
[2025-09-16T23:49:58.801+0000] {processor.py:208} INFO - Processing /home/airflow/.local/lib/python3.12/site-packages/airflow/example_dags/example_bash_operator.py took 0.053 seconds
[2025-09-16T23:50:29.197+0000] {processor.py:186} INFO - Started process (PID=1212) to work on /home/airflow/.local/lib/python3.12/site-packages/airflow/example_dags/example_bash_operator.py
[2025-09-16T23:50:29.197+0000] {processor.py:914} INFO - Processing file /home/airflow/.local/lib/python3.12/site-packages/airflow/example_dags/example_bash_operator.py for tasks to queue
[2025-09-16T23:50:29.199+0000] {logging_mixin.py:190} INFO - [2025-09-16T23:50:29.198+0000] {dagbag.py:588} INFO - Filling up the DagBag from /home/airflow/.local/lib/python3.12/site-packages/airflow/example_dags/example_bash_operator.py
[2025-09-16T23:50:29.206+0000] {processor.py:925} INFO - DAG(s) 'example_bash_operator' retrieved from /home/airflow/.local/lib/python3.12/site-packages/airflow/example_dags/example_bash_operator.py
[2025-09-16T23:50:29.219+0000] {logging_mixin.py:190} INFO - [2025-09-16T23:50:29.219+0000] {dag.py:3239} INFO - Sync 1 DAGs
[2025-09-16T23:50:29.231+0000] {logging_mixin.py:190} INFO - [2025-09-16T23:50:29.231+0000] {dag.py:4180} INFO - Setting next_dagrun for example_bash_operator to 2025-09-15 00:00:00+00:00, run_after=2025-09-16 00:00:00+00:00
[2025-09-16T23:50:29.241+0000] {processor.py:208} INFO - Processing /home/airflow/.local/lib/python3.12/site-packages/airflow/example_dags/example_bash_operator.py took 0.048 seconds
[2025-09-16T23:50:59.338+0000] {processor.py:186} INFO - Started process (PID=1275) to work on /home/airflow/.local/lib/python3.12/site-packages/airflow/example_dags/example_bash_operator.py
[2025-09-16T23:50:59.339+0000] {processor.py:914} INFO - Processing file /home/airflow/.local/lib/python3.12/site-packages/airflow/example_dags/example_bash_operator.py for tasks to queue
[2025-09-16T23:50:59.340+0000] {logging_mixin.py:190} INFO - [2025-09-16T23:50:59.340+0000] {dagbag.py:588} INFO - Filling up the DagBag from /home/airflow/.local/lib/python3.12/site-packages/airflow/example_dags/example_bash_operator.py
[2025-09-16T23:50:59.354+0000] {processor.py:925} INFO - DAG(s) 'example_bash_operator' retrieved from /home/airflow/.local/lib/python3.12/site-packages/airflow/example_dags/example_bash_operator.py
[2025-09-16T23:50:59.368+0000] {logging_mixin.py:190} INFO - [2025-09-16T23:50:59.368+0000] {dag.py:3239} INFO - Sync 1 DAGs
[2025-09-16T23:50:59.383+0000] {logging_mixin.py:190} INFO - [2025-09-16T23:50:59.383+0000] {dag.py:4180} INFO - Setting next_dagrun for example_bash_operator to 2025-09-15 00:00:00+00:00, run_after=2025-09-16 00:00:00+00:00
[2025-09-16T23:50:59.394+0000] {processor.py:208} INFO - Processing /home/airflow/.local/lib/python3.12/site-packages/airflow/example_dags/example_bash_operator.py took 0.060 seconds
[2025-09-16T23:51:29.659+0000] {processor.py:186} INFO - Started process (PID=1338) to work on /home/airflow/.local/lib/python3.12/site-packages/airflow/example_dags/example_bash_operator.py
[2025-09-16T23:51:29.660+0000] {processor.py:914} INFO - Processing file /home/airflow/.local/lib/python3.12/site-packages/airflow/example_dags/example_bash_operator.py for tasks to queue
[2025-09-16T23:51:29.661+0000] {logging_mixin.py:190} INFO - [2025-09-16T23:51:29.661+0000] {dagbag.py:588} INFO - Filling up the DagBag from /home/airflow/.local/lib/python3.12/site-packages/airflow/example_dags/example_bash_operator.py
[2025-09-16T23:51:29.668+0000] {processor.py:925} INFO - DAG(s) 'example_bash_operator' retrieved from /home/airflow/.local/lib/python3.12/site-packages/airflow/example_dags/example_bash_operator.py
[2025-09-16T23:51:29.681+0000] {logging_mixin.py:190} INFO - [2025-09-16T23:51:29.681+0000] {dag.py:3239} INFO - Sync 1 DAGs
[2025-09-16T23:51:29.693+0000] {logging_mixin.py:190} INFO - [2025-09-16T23:51:29.693+0000] {dag.py:4180} INFO - Setting next_dagrun for example_bash_operator to 2025-09-15 00:00:00+00:00, run_after=2025-09-16 00:00:00+00:00
[2025-09-16T23:51:29.701+0000] {processor.py:208} INFO - Processing /home/airflow/.local/lib/python3.12/site-packages/airflow/example_dags/example_bash_operator.py took 0.045 seconds
[2025-09-16T23:52:00.169+0000] {processor.py:186} INFO - Started process (PID=1401) to work on /home/airflow/.local/lib/python3.12/site-packages/airflow/example_dags/example_bash_operator.py
[2025-09-16T23:52:00.170+0000] {processor.py:914} INFO - Processing file /home/airflow/.local/lib/python3.12/site-packages/airflow/example_dags/example_bash_operator.py for tasks to queue
[2025-09-16T23:52:00.172+0000] {logging_mixin.py:190} INFO - [2025-09-16T23:52:00.171+0000] {dagbag.py:588} INFO - Filling up the DagBag from /home/airflow/.local/lib/python3.12/site-packages/airflow/example_dags/example_bash_operator.py
[2025-09-16T23:52:00.178+0000] {processor.py:925} INFO - DAG(s) 'example_bash_operator' retrieved from /home/airflow/.local/lib/python3.12/site-packages/airflow/example_dags/example_bash_operator.py
[2025-09-16T23:52:00.192+0000] {logging_mixin.py:190} INFO - [2025-09-16T23:52:00.192+0000] {dag.py:3239} INFO - Sync 1 DAGs
[2025-09-16T23:52:00.210+0000] {logging_mixin.py:190} INFO - [2025-09-16T23:52:00.210+0000] {dag.py:4180} INFO - Setting next_dagrun for example_bash_operator to 2025-09-15 00:00:00+00:00, run_after=2025-09-16 00:00:00+00:00
[2025-09-16T23:52:00.219+0000] {processor.py:208} INFO - Processing /home/airflow/.local/lib/python3.12/site-packages/airflow/example_dags/example_bash_operator.py took 0.053 seconds
[2025-09-16T23:52:30.460+0000] {processor.py:186} INFO - Started process (PID=1464) to work on /home/airflow/.local/lib/python3.12/site-packages/airflow/example_dags/example_bash_operator.py
[2025-09-16T23:52:30.461+0000] {processor.py:914} INFO - Processing file /home/airflow/.local/lib/python3.12/site-packages/airflow/example_dags/example_bash_operator.py for tasks to queue
[2025-09-16T23:52:30.463+0000] {logging_mixin.py:190} INFO - [2025-09-16T23:52:30.462+0000] {dagbag.py:588} INFO - Filling up the DagBag from /home/airflow/.local/lib/python3.12/site-packages/airflow/example_dags/example_bash_operator.py
[2025-09-16T23:52:30.471+0000] {processor.py:925} INFO - DAG(s) 'example_bash_operator' retrieved from /home/airflow/.local/lib/python3.12/site-packages/airflow/example_dags/example_bash_operator.py
[2025-09-16T23:52:30.490+0000] {logging_mixin.py:190} INFO - [2025-09-16T23:52:30.490+0000] {dag.py:3239} INFO - Sync 1 DAGs
[2025-09-16T23:52:30.504+0000] {logging_mixin.py:190} INFO - [2025-09-16T23:52:30.504+0000] {dag.py:4180} INFO - Setting next_dagrun for example_bash_operator to 2025-09-15 00:00:00+00:00, run_after=2025-09-16 00:00:00+00:00
[2025-09-16T23:52:30.518+0000] {processor.py:208} INFO - Processing /home/airflow/.local/lib/python3.12/site-packages/airflow/example_dags/example_bash_operator.py took 0.062 seconds
[2025-09-16T23:53:00.907+0000] {processor.py:186} INFO - Started process (PID=1527) to work on /home/airflow/.local/lib/python3.12/site-packages/airflow/example_dags/example_bash_operator.py
[2025-09-16T23:53:00.907+0000] {processor.py:914} INFO - Processing file /home/airflow/.local/lib/python3.12/site-packages/airflow/example_dags/example_bash_operator.py for tasks to queue
[2025-09-16T23:53:00.909+0000] {logging_mixin.py:190} INFO - [2025-09-16T23:53:00.909+0000] {dagbag.py:588} INFO - Filling up the DagBag from /home/airflow/.local/lib/python3.12/site-packages/airflow/example_dags/example_bash_operator.py
[2025-09-16T23:53:00.918+0000] {processor.py:925} INFO - DAG(s) 'example_bash_operator' retrieved from /home/airflow/.local/lib/python3.12/site-packages/airflow/example_dags/example_bash_operator.py
[2025-09-16T23:53:00.933+0000] {logging_mixin.py:190} INFO - [2025-09-16T23:53:00.933+0000] {dag.py:3239} INFO - Sync 1 DAGs
[2025-09-16T23:53:00.945+0000] {logging_mixin.py:190} INFO - [2025-09-16T23:53:00.945+0000] {dag.py:4180} INFO - Setting next_dagrun for example_bash_operator to 2025-09-15 00:00:00+00:00, run_after=2025-09-16 00:00:00+00:00
[2025-09-16T23:53:00.957+0000] {processor.py:208} INFO - Processing /home/airflow/.local/lib/python3.12/site-packages/airflow/example_dags/example_bash_operator.py took 0.054 seconds
[2025-09-16T23:53:31.343+0000] {processor.py:186} INFO - Started process (PID=1590) to work on /home/airflow/.local/lib/python3.12/site-packages/airflow/example_dags/example_bash_operator.py
[2025-09-16T23:53:31.344+0000] {processor.py:914} INFO - Processing file /home/airflow/.local/lib/python3.12/site-packages/airflow/example_dags/example_bash_operator.py for tasks to queue
[2025-09-16T23:53:31.347+0000] {logging_mixin.py:190} INFO - [2025-09-16T23:53:31.347+0000] {dagbag.py:588} INFO - Filling up the DagBag from /home/airflow/.local/lib/python3.12/site-packages/airflow/example_dags/example_bash_operator.py
[2025-09-16T23:53:31.367+0000] {processor.py:925} INFO - DAG(s) 'example_bash_operator' retrieved from /home/airflow/.local/lib/python3.12/site-packages/airflow/example_dags/example_bash_operator.py
[2025-09-16T23:53:31.383+0000] {logging_mixin.py:190} INFO - [2025-09-16T23:53:31.383+0000] {dag.py:3239} INFO - Sync 1 DAGs
[2025-09-16T23:53:31.397+0000] {logging_mixin.py:190} INFO - [2025-09-16T23:53:31.397+0000] {dag.py:4180} INFO - Setting next_dagrun for example_bash_operator to 2025-09-15 00:00:00+00:00, run_after=2025-09-16 00:00:00+00:00
[2025-09-16T23:53:31.406+0000] {processor.py:208} INFO - Processing /home/airflow/.local/lib/python3.12/site-packages/airflow/example_dags/example_bash_operator.py took 0.070 seconds
[2025-09-16T23:54:01.736+0000] {processor.py:186} INFO - Started process (PID=1653) to work on /home/airflow/.local/lib/python3.12/site-packages/airflow/example_dags/example_bash_operator.py
[2025-09-16T23:54:01.737+0000] {processor.py:914} INFO - Processing file /home/airflow/.local/lib/python3.12/site-packages/airflow/example_dags/example_bash_operator.py for tasks to queue
[2025-09-16T23:54:01.739+0000] {logging_mixin.py:190} INFO - [2025-09-16T23:54:01.739+0000] {dagbag.py:588} INFO - Filling up the DagBag from /home/airflow/.local/lib/python3.12/site-packages/airflow/example_dags/example_bash_operator.py
[2025-09-16T23:54:01.750+0000] {processor.py:925} INFO - DAG(s) 'example_bash_operator' retrieved from /home/airflow/.local/lib/python3.12/site-packages/airflow/example_dags/example_bash_operator.py
[2025-09-16T23:54:01.767+0000] {logging_mixin.py:190} INFO - [2025-09-16T23:54:01.767+0000] {dag.py:3239} INFO - Sync 1 DAGs
[2025-09-16T23:54:01.781+0000] {logging_mixin.py:190} INFO - [2025-09-16T23:54:01.781+0000] {dag.py:4180} INFO - Setting next_dagrun for example_bash_operator to 2025-09-15 00:00:00+00:00, run_after=2025-09-16 00:00:00+00:00
[2025-09-16T23:54:01.790+0000] {processor.py:208} INFO - Processing /home/airflow/.local/lib/python3.12/site-packages/airflow/example_dags/example_bash_operator.py took 0.061 seconds
[2025-09-16T23:54:32.219+0000] {processor.py:186} INFO - Started process (PID=1716) to work on /home/airflow/.local/lib/python3.12/site-packages/airflow/example_dags/example_bash_operator.py
[2025-09-16T23:54:32.220+0000] {processor.py:914} INFO - Processing file /home/airflow/.local/lib/python3.12/site-packages/airflow/example_dags/example_bash_operator.py for tasks to queue
[2025-09-16T23:54:32.222+0000] {logging_mixin.py:190} INFO - [2025-09-16T23:54:32.222+0000] {dagbag.py:588} INFO - Filling up the DagBag from /home/airflow/.local/lib/python3.12/site-packages/airflow/example_dags/example_bash_operator.py
[2025-09-16T23:54:32.232+0000] {processor.py:925} INFO - DAG(s) 'example_bash_operator' retrieved from /home/airflow/.local/lib/python3.12/site-packages/airflow/example_dags/example_bash_operator.py
[2025-09-16T23:54:32.255+0000] {logging_mixin.py:190} INFO - [2025-09-16T23:54:32.255+0000] {dag.py:3239} INFO - Sync 1 DAGs
[2025-09-16T23:54:32.277+0000] {logging_mixin.py:190} INFO - [2025-09-16T23:54:32.277+0000] {dag.py:4180} INFO - Setting next_dagrun for example_bash_operator to 2025-09-15 00:00:00+00:00, run_after=2025-09-16 00:00:00+00:00
[2025-09-16T23:54:32.291+0000] {processor.py:208} INFO - Processing /home/airflow/.local/lib/python3.12/site-packages/airflow/example_dags/example_bash_operator.py took 0.081 seconds
[2025-09-16T23:55:02.946+0000] {processor.py:186} INFO - Started process (PID=1779) to work on /home/airflow/.local/lib/python3.12/site-packages/airflow/example_dags/example_bash_operator.py
[2025-09-16T23:55:02.948+0000] {processor.py:914} INFO - Processing file /home/airflow/.local/lib/python3.12/site-packages/airflow/example_dags/example_bash_operator.py for tasks to queue
[2025-09-16T23:55:02.950+0000] {logging_mixin.py:190} INFO - [2025-09-16T23:55:02.950+0000] {dagbag.py:588} INFO - Filling up the DagBag from /home/airflow/.local/lib/python3.12/site-packages/airflow/example_dags/example_bash_operator.py
[2025-09-16T23:55:02.968+0000] {processor.py:925} INFO - DAG(s) 'example_bash_operator' retrieved from /home/airflow/.local/lib/python3.12/site-packages/airflow/example_dags/example_bash_operator.py
[2025-09-16T23:55:02.987+0000] {logging_mixin.py:190} INFO - [2025-09-16T23:55:02.987+0000] {dag.py:3239} INFO - Sync 1 DAGs
[2025-09-16T23:55:03.002+0000] {logging_mixin.py:190} INFO - [2025-09-16T23:55:03.002+0000] {dag.py:4180} INFO - Setting next_dagrun for example_bash_operator to 2025-09-15 00:00:00+00:00, run_after=2025-09-16 00:00:00+00:00
[2025-09-16T23:55:03.016+0000] {processor.py:208} INFO - Processing /home/airflow/.local/lib/python3.12/site-packages/airflow/example_dags/example_bash_operator.py took 0.073 seconds
[2025-09-16T23:55:33.190+0000] {processor.py:186} INFO - Started process (PID=1842) to work on /home/airflow/.local/lib/python3.12/site-packages/airflow/example_dags/example_bash_operator.py
[2025-09-16T23:55:33.191+0000] {processor.py:914} INFO - Processing file /home/airflow/.local/lib/python3.12/site-packages/airflow/example_dags/example_bash_operator.py for tasks to queue
[2025-09-16T23:55:33.192+0000] {logging_mixin.py:190} INFO - [2025-09-16T23:55:33.192+0000] {dagbag.py:588} INFO - Filling up the DagBag from /home/airflow/.local/lib/python3.12/site-packages/airflow/example_dags/example_bash_operator.py
[2025-09-16T23:55:33.199+0000] {processor.py:925} INFO - DAG(s) 'example_bash_operator' retrieved from /home/airflow/.local/lib/python3.12/site-packages/airflow/example_dags/example_bash_operator.py
[2025-09-16T23:55:33.214+0000] {logging_mixin.py:190} INFO - [2025-09-16T23:55:33.214+0000] {dag.py:3239} INFO - Sync 1 DAGs
[2025-09-16T23:55:33.233+0000] {logging_mixin.py:190} INFO - [2025-09-16T23:55:33.232+0000] {dag.py:4180} INFO - Setting next_dagrun for example_bash_operator to 2025-09-15 00:00:00+00:00, run_after=2025-09-16 00:00:00+00:00
[2025-09-16T23:55:33.242+0000] {processor.py:208} INFO - Processing /home/airflow/.local/lib/python3.12/site-packages/airflow/example_dags/example_bash_operator.py took 0.056 seconds
[2025-09-16T23:56:03.282+0000] {processor.py:186} INFO - Started process (PID=1905) to work on /home/airflow/.local/lib/python3.12/site-packages/airflow/example_dags/example_bash_operator.py
[2025-09-16T23:56:03.283+0000] {processor.py:914} INFO - Processing file /home/airflow/.local/lib/python3.12/site-packages/airflow/example_dags/example_bash_operator.py for tasks to queue
[2025-09-16T23:56:03.285+0000] {logging_mixin.py:190} INFO - [2025-09-16T23:56:03.284+0000] {dagbag.py:588} INFO - Filling up the DagBag from /home/airflow/.local/lib/python3.12/site-packages/airflow/example_dags/example_bash_operator.py
[2025-09-16T23:56:03.294+0000] {processor.py:925} INFO - DAG(s) 'example_bash_operator' retrieved from /home/airflow/.local/lib/python3.12/site-packages/airflow/example_dags/example_bash_operator.py
[2025-09-16T23:56:03.312+0000] {logging_mixin.py:190} INFO - [2025-09-16T23:56:03.312+0000] {dag.py:3239} INFO - Sync 1 DAGs
[2025-09-16T23:56:03.326+0000] {logging_mixin.py:190} INFO - [2025-09-16T23:56:03.326+0000] {dag.py:4180} INFO - Setting next_dagrun for example_bash_operator to 2025-09-15 00:00:00+00:00, run_after=2025-09-16 00:00:00+00:00
[2025-09-16T23:56:03.337+0000] {processor.py:208} INFO - Processing /home/airflow/.local/lib/python3.12/site-packages/airflow/example_dags/example_bash_operator.py took 0.059 seconds
[2025-09-16T23:56:33.531+0000] {processor.py:186} INFO - Started process (PID=1968) to work on /home/airflow/.local/lib/python3.12/site-packages/airflow/example_dags/example_bash_operator.py
[2025-09-16T23:56:33.532+0000] {processor.py:914} INFO - Processing file /home/airflow/.local/lib/python3.12/site-packages/airflow/example_dags/example_bash_operator.py for tasks to queue
[2025-09-16T23:56:33.533+0000] {logging_mixin.py:190} INFO - [2025-09-16T23:56:33.533+0000] {dagbag.py:588} INFO - Filling up the DagBag from /home/airflow/.local/lib/python3.12/site-packages/airflow/example_dags/example_bash_operator.py
[2025-09-16T23:56:33.543+0000] {processor.py:925} INFO - DAG(s) 'example_bash_operator' retrieved from /home/airflow/.local/lib/python3.12/site-packages/airflow/example_dags/example_bash_operator.py
[2025-09-16T23:56:33.558+0000] {logging_mixin.py:190} INFO - [2025-09-16T23:56:33.558+0000] {dag.py:3239} INFO - Sync 1 DAGs
[2025-09-16T23:56:33.572+0000] {logging_mixin.py:190} INFO - [2025-09-16T23:56:33.572+0000] {dag.py:4180} INFO - Setting next_dagrun for example_bash_operator to 2025-09-15 00:00:00+00:00, run_after=2025-09-16 00:00:00+00:00
[2025-09-16T23:56:33.584+0000] {processor.py:208} INFO - Processing /home/airflow/.local/lib/python3.12/site-packages/airflow/example_dags/example_bash_operator.py took 0.059 seconds
[2025-09-16T23:57:03.658+0000] {processor.py:186} INFO - Started process (PID=2031) to work on /home/airflow/.local/lib/python3.12/site-packages/airflow/example_dags/example_bash_operator.py
[2025-09-16T23:57:03.659+0000] {processor.py:914} INFO - Processing file /home/airflow/.local/lib/python3.12/site-packages/airflow/example_dags/example_bash_operator.py for tasks to queue
[2025-09-16T23:57:03.661+0000] {logging_mixin.py:190} INFO - [2025-09-16T23:57:03.661+0000] {dagbag.py:588} INFO - Filling up the DagBag from /home/airflow/.local/lib/python3.12/site-packages/airflow/example_dags/example_bash_operator.py
[2025-09-16T23:57:03.669+0000] {processor.py:925} INFO - DAG(s) 'example_bash_operator' retrieved from /home/airflow/.local/lib/python3.12/site-packages/airflow/example_dags/example_bash_operator.py
[2025-09-16T23:57:03.683+0000] {logging_mixin.py:190} INFO - [2025-09-16T23:57:03.682+0000] {dag.py:3239} INFO - Sync 1 DAGs
[2025-09-16T23:57:03.696+0000] {logging_mixin.py:190} INFO - [2025-09-16T23:57:03.696+0000] {dag.py:4180} INFO - Setting next_dagrun for example_bash_operator to 2025-09-15 00:00:00+00:00, run_after=2025-09-16 00:00:00+00:00
[2025-09-16T23:57:03.708+0000] {processor.py:208} INFO - Processing /home/airflow/.local/lib/python3.12/site-packages/airflow/example_dags/example_bash_operator.py took 0.054 seconds
[2025-09-16T23:57:33.775+0000] {processor.py:186} INFO - Started process (PID=2094) to work on /home/airflow/.local/lib/python3.12/site-packages/airflow/example_dags/example_bash_operator.py
[2025-09-16T23:57:33.775+0000] {processor.py:914} INFO - Processing file /home/airflow/.local/lib/python3.12/site-packages/airflow/example_dags/example_bash_operator.py for tasks to queue
[2025-09-16T23:57:33.777+0000] {logging_mixin.py:190} INFO - [2025-09-16T23:57:33.776+0000] {dagbag.py:588} INFO - Filling up the DagBag from /home/airflow/.local/lib/python3.12/site-packages/airflow/example_dags/example_bash_operator.py
[2025-09-16T23:57:33.784+0000] {processor.py:925} INFO - DAG(s) 'example_bash_operator' retrieved from /home/airflow/.local/lib/python3.12/site-packages/airflow/example_dags/example_bash_operator.py
[2025-09-16T23:57:33.797+0000] {logging_mixin.py:190} INFO - [2025-09-16T23:57:33.797+0000] {dag.py:3239} INFO - Sync 1 DAGs
[2025-09-16T23:57:33.809+0000] {logging_mixin.py:190} INFO - [2025-09-16T23:57:33.808+0000] {dag.py:4180} INFO - Setting next_dagrun for example_bash_operator to 2025-09-15 00:00:00+00:00, run_after=2025-09-16 00:00:00+00:00
[2025-09-16T23:57:33.818+0000] {processor.py:208} INFO - Processing /home/airflow/.local/lib/python3.12/site-packages/airflow/example_dags/example_bash_operator.py took 0.047 seconds
[2025-09-16T23:58:03.838+0000] {processor.py:186} INFO - Started process (PID=2157) to work on /home/airflow/.local/lib/python3.12/site-packages/airflow/example_dags/example_bash_operator.py
[2025-09-16T23:58:03.839+0000] {processor.py:914} INFO - Processing file /home/airflow/.local/lib/python3.12/site-packages/airflow/example_dags/example_bash_operator.py for tasks to queue
[2025-09-16T23:58:03.840+0000] {logging_mixin.py:190} INFO - [2025-09-16T23:58:03.840+0000] {dagbag.py:588} INFO - Filling up the DagBag from /home/airflow/.local/lib/python3.12/site-packages/airflow/example_dags/example_bash_operator.py
[2025-09-16T23:58:03.846+0000] {processor.py:925} INFO - DAG(s) 'example_bash_operator' retrieved from /home/airflow/.local/lib/python3.12/site-packages/airflow/example_dags/example_bash_operator.py
[2025-09-16T23:58:03.861+0000] {logging_mixin.py:190} INFO - [2025-09-16T23:58:03.861+0000] {dag.py:3239} INFO - Sync 1 DAGs
[2025-09-16T23:58:03.873+0000] {logging_mixin.py:190} INFO - [2025-09-16T23:58:03.873+0000] {dag.py:4180} INFO - Setting next_dagrun for example_bash_operator to 2025-09-15 00:00:00+00:00, run_after=2025-09-16 00:00:00+00:00
[2025-09-16T23:58:03.885+0000] {processor.py:208} INFO - Processing /home/airflow/.local/lib/python3.12/site-packages/airflow/example_dags/example_bash_operator.py took 0.050 seconds
[2025-09-16T23:58:34.915+0000] {processor.py:186} INFO - Started process (PID=2220) to work on /home/airflow/.local/lib/python3.12/site-packages/airflow/example_dags/example_bash_operator.py
[2025-09-16T23:58:34.917+0000] {processor.py:914} INFO - Processing file /home/airflow/.local/lib/python3.12/site-packages/airflow/example_dags/example_bash_operator.py for tasks to queue
[2025-09-16T23:58:34.919+0000] {logging_mixin.py:190} INFO - [2025-09-16T23:58:34.919+0000] {dagbag.py:588} INFO - Filling up the DagBag from /home/airflow/.local/lib/python3.12/site-packages/airflow/example_dags/example_bash_operator.py
[2025-09-16T23:58:34.926+0000] {processor.py:925} INFO - DAG(s) 'example_bash_operator' retrieved from /home/airflow/.local/lib/python3.12/site-packages/airflow/example_dags/example_bash_operator.py
[2025-09-16T23:58:34.940+0000] {logging_mixin.py:190} INFO - [2025-09-16T23:58:34.940+0000] {dag.py:3239} INFO - Sync 1 DAGs
[2025-09-16T23:58:34.952+0000] {logging_mixin.py:190} INFO - [2025-09-16T23:58:34.952+0000] {dag.py:4180} INFO - Setting next_dagrun for example_bash_operator to 2025-09-15 00:00:00+00:00, run_after=2025-09-16 00:00:00+00:00
[2025-09-16T23:58:34.960+0000] {processor.py:208} INFO - Processing /home/airflow/.local/lib/python3.12/site-packages/airflow/example_dags/example_bash_operator.py took 0.049 seconds
[2025-09-16T23:59:05.990+0000] {processor.py:186} INFO - Started process (PID=2283) to work on /home/airflow/.local/lib/python3.12/site-packages/airflow/example_dags/example_bash_operator.py
[2025-09-16T23:59:05.991+0000] {processor.py:914} INFO - Processing file /home/airflow/.local/lib/python3.12/site-packages/airflow/example_dags/example_bash_operator.py for tasks to queue
[2025-09-16T23:59:05.993+0000] {logging_mixin.py:190} INFO - [2025-09-16T23:59:05.993+0000] {dagbag.py:588} INFO - Filling up the DagBag from /home/airflow/.local/lib/python3.12/site-packages/airflow/example_dags/example_bash_operator.py
[2025-09-16T23:59:06.000+0000] {processor.py:925} INFO - DAG(s) 'example_bash_operator' retrieved from /home/airflow/.local/lib/python3.12/site-packages/airflow/example_dags/example_bash_operator.py
[2025-09-16T23:59:06.013+0000] {logging_mixin.py:190} INFO - [2025-09-16T23:59:06.012+0000] {dag.py:3239} INFO - Sync 1 DAGs
[2025-09-16T23:59:06.024+0000] {logging_mixin.py:190} INFO - [2025-09-16T23:59:06.024+0000] {dag.py:4180} INFO - Setting next_dagrun for example_bash_operator to 2025-09-15 00:00:00+00:00, run_after=2025-09-16 00:00:00+00:00
[2025-09-16T23:59:06.034+0000] {processor.py:208} INFO - Processing /home/airflow/.local/lib/python3.12/site-packages/airflow/example_dags/example_bash_operator.py took 0.048 seconds
[2025-09-16T23:59:37.146+0000] {processor.py:186} INFO - Started process (PID=2346) to work on /home/airflow/.local/lib/python3.12/site-packages/airflow/example_dags/example_bash_operator.py
[2025-09-16T23:59:37.148+0000] {processor.py:914} INFO - Processing file /home/airflow/.local/lib/python3.12/site-packages/airflow/example_dags/example_bash_operator.py for tasks to queue
[2025-09-16T23:59:37.149+0000] {logging_mixin.py:190} INFO - [2025-09-16T23:59:37.149+0000] {dagbag.py:588} INFO - Filling up the DagBag from /home/airflow/.local/lib/python3.12/site-packages/airflow/example_dags/example_bash_operator.py
[2025-09-16T23:59:37.157+0000] {processor.py:925} INFO - DAG(s) 'example_bash_operator' retrieved from /home/airflow/.local/lib/python3.12/site-packages/airflow/example_dags/example_bash_operator.py
[2025-09-16T23:59:37.173+0000] {logging_mixin.py:190} INFO - [2025-09-16T23:59:37.172+0000] {dag.py:3239} INFO - Sync 1 DAGs
[2025-09-16T23:59:37.186+0000] {logging_mixin.py:190} INFO - [2025-09-16T23:59:37.185+0000] {dag.py:4180} INFO - Setting next_dagrun for example_bash_operator to 2025-09-15 00:00:00+00:00, run_after=2025-09-16 00:00:00+00:00
[2025-09-16T23:59:37.199+0000] {processor.py:208} INFO - Processing /home/airflow/.local/lib/python3.12/site-packages/airflow/example_dags/example_bash_operator.py took 0.057 seconds
