[2025-09-16T23:41:18.438+0000] {processor.py:186} INFO - Started process (PID=84) to work on /home/airflow/.local/lib/python3.12/site-packages/airflow/example_dags/example_bash_decorator.py
[2025-09-16T23:41:18.439+0000] {processor.py:914} INFO - Processing file /home/airflow/.local/lib/python3.12/site-packages/airflow/example_dags/example_bash_decorator.py for tasks to queue
[2025-09-16T23:41:18.441+0000] {logging_mixin.py:190} INFO - [2025-09-16T23:41:18.440+0000] {dagbag.py:588} INFO - Filling up the DagBag from /home/airflow/.local/lib/python3.12/site-packages/airflow/example_dags/example_bash_decorator.py
[2025-09-16T23:41:18.451+0000] {processor.py:925} INFO - DAG(s) 'example_bash_decorator' retrieved from /home/airflow/.local/lib/python3.12/site-packages/airflow/example_dags/example_bash_decorator.py
[2025-09-16T23:41:18.524+0000] {logging_mixin.py:190} INFO - [2025-09-16T23:41:18.524+0000] {override.py:1911} INFO - Created Permission View: can edit on DAG:example_bash_decorator
[2025-09-16T23:41:18.531+0000] {logging_mixin.py:190} INFO - [2025-09-16T23:41:18.530+0000] {override.py:1911} INFO - Created Permission View: can delete on DAG:example_bash_decorator
[2025-09-16T23:41:18.534+0000] {logging_mixin.py:190} INFO - [2025-09-16T23:41:18.534+0000] {override.py:1911} INFO - Created Permission View: can read on DAG:example_bash_decorator
[2025-09-16T23:41:18.538+0000] {logging_mixin.py:190} INFO - [2025-09-16T23:41:18.538+0000] {override.py:1911} INFO - Created Permission View: menu access on DAG Run:example_bash_decorator
[2025-09-16T23:41:18.542+0000] {logging_mixin.py:190} INFO - [2025-09-16T23:41:18.542+0000] {override.py:1911} INFO - Created Permission View: can create on DAG Run:example_bash_decorator
[2025-09-16T23:41:18.547+0000] {logging_mixin.py:190} INFO - [2025-09-16T23:41:18.547+0000] {override.py:1911} INFO - Created Permission View: can delete on DAG Run:example_bash_decorator
[2025-09-16T23:41:18.569+0000] {logging_mixin.py:190} INFO - [2025-09-16T23:41:18.568+0000] {override.py:1911} INFO - Created Permission View: can read on DAG Run:example_bash_decorator
[2025-09-16T23:41:18.570+0000] {logging_mixin.py:190} INFO - [2025-09-16T23:41:18.569+0000] {dag.py:3239} INFO - Sync 1 DAGs
[2025-09-16T23:41:18.588+0000] {logging_mixin.py:190} INFO - [2025-09-16T23:41:18.588+0000] {dag.py:3262} INFO - Creating ORM DAG for example_bash_decorator
[2025-09-16T23:41:18.589+0000] {logging_mixin.py:190} INFO - [2025-09-16T23:41:18.589+0000] {dag.py:4180} INFO - Setting next_dagrun for example_bash_decorator to None, run_after=None
[2025-09-16T23:41:18.610+0000] {processor.py:208} INFO - Processing /home/airflow/.local/lib/python3.12/site-packages/airflow/example_dags/example_bash_decorator.py took 0.175 seconds
[2025-09-16T23:41:49.263+0000] {processor.py:186} INFO - Started process (PID=147) to work on /home/airflow/.local/lib/python3.12/site-packages/airflow/example_dags/example_bash_decorator.py
[2025-09-16T23:41:49.264+0000] {processor.py:914} INFO - Processing file /home/airflow/.local/lib/python3.12/site-packages/airflow/example_dags/example_bash_decorator.py for tasks to queue
[2025-09-16T23:41:49.265+0000] {logging_mixin.py:190} INFO - [2025-09-16T23:41:49.265+0000] {dagbag.py:588} INFO - Filling up the DagBag from /home/airflow/.local/lib/python3.12/site-packages/airflow/example_dags/example_bash_decorator.py
[2025-09-16T23:41:49.272+0000] {processor.py:925} INFO - DAG(s) 'example_bash_decorator' retrieved from /home/airflow/.local/lib/python3.12/site-packages/airflow/example_dags/example_bash_decorator.py
[2025-09-16T23:41:49.284+0000] {logging_mixin.py:190} INFO - [2025-09-16T23:41:49.284+0000] {dag.py:3239} INFO - Sync 1 DAGs
[2025-09-16T23:41:49.292+0000] {logging_mixin.py:190} INFO - [2025-09-16T23:41:49.291+0000] {dag.py:4180} INFO - Setting next_dagrun for example_bash_decorator to None, run_after=None
[2025-09-16T23:41:49.301+0000] {processor.py:208} INFO - Processing /home/airflow/.local/lib/python3.12/site-packages/airflow/example_dags/example_bash_decorator.py took 0.041 seconds
[2025-09-16T23:42:19.333+0000] {processor.py:186} INFO - Started process (PID=209) to work on /home/airflow/.local/lib/python3.12/site-packages/airflow/example_dags/example_bash_decorator.py
[2025-09-16T23:42:19.335+0000] {processor.py:914} INFO - Processing file /home/airflow/.local/lib/python3.12/site-packages/airflow/example_dags/example_bash_decorator.py for tasks to queue
[2025-09-16T23:42:19.336+0000] {logging_mixin.py:190} INFO - [2025-09-16T23:42:19.336+0000] {dagbag.py:588} INFO - Filling up the DagBag from /home/airflow/.local/lib/python3.12/site-packages/airflow/example_dags/example_bash_decorator.py
[2025-09-16T23:42:19.343+0000] {processor.py:925} INFO - DAG(s) 'example_bash_decorator' retrieved from /home/airflow/.local/lib/python3.12/site-packages/airflow/example_dags/example_bash_decorator.py
[2025-09-16T23:42:19.355+0000] {logging_mixin.py:190} INFO - [2025-09-16T23:42:19.355+0000] {dag.py:3239} INFO - Sync 1 DAGs
[2025-09-16T23:42:19.362+0000] {logging_mixin.py:190} INFO - [2025-09-16T23:42:19.362+0000] {dag.py:4180} INFO - Setting next_dagrun for example_bash_decorator to None, run_after=None
[2025-09-16T23:42:19.370+0000] {processor.py:208} INFO - Processing /home/airflow/.local/lib/python3.12/site-packages/airflow/example_dags/example_bash_decorator.py took 0.040 seconds
[2025-09-16T23:42:50.056+0000] {processor.py:186} INFO - Started process (PID=277) to work on /home/airflow/.local/lib/python3.12/site-packages/airflow/example_dags/example_bash_decorator.py
[2025-09-16T23:42:50.056+0000] {processor.py:914} INFO - Processing file /home/airflow/.local/lib/python3.12/site-packages/airflow/example_dags/example_bash_decorator.py for tasks to queue
[2025-09-16T23:42:50.058+0000] {logging_mixin.py:190} INFO - [2025-09-16T23:42:50.057+0000] {dagbag.py:588} INFO - Filling up the DagBag from /home/airflow/.local/lib/python3.12/site-packages/airflow/example_dags/example_bash_decorator.py
[2025-09-16T23:42:50.065+0000] {processor.py:925} INFO - DAG(s) 'example_bash_decorator' retrieved from /home/airflow/.local/lib/python3.12/site-packages/airflow/example_dags/example_bash_decorator.py
[2025-09-16T23:42:50.080+0000] {logging_mixin.py:190} INFO - [2025-09-16T23:42:50.080+0000] {dag.py:3239} INFO - Sync 1 DAGs
[2025-09-16T23:42:50.087+0000] {logging_mixin.py:190} INFO - [2025-09-16T23:42:50.087+0000] {dag.py:4180} INFO - Setting next_dagrun for example_bash_decorator to None, run_after=None
[2025-09-16T23:42:50.098+0000] {processor.py:208} INFO - Processing /home/airflow/.local/lib/python3.12/site-packages/airflow/example_dags/example_bash_decorator.py took 0.046 seconds
[2025-09-16T23:43:20.487+0000] {processor.py:186} INFO - Started process (PID=340) to work on /home/airflow/.local/lib/python3.12/site-packages/airflow/example_dags/example_bash_decorator.py
[2025-09-16T23:43:20.488+0000] {processor.py:914} INFO - Processing file /home/airflow/.local/lib/python3.12/site-packages/airflow/example_dags/example_bash_decorator.py for tasks to queue
[2025-09-16T23:43:20.489+0000] {logging_mixin.py:190} INFO - [2025-09-16T23:43:20.489+0000] {dagbag.py:588} INFO - Filling up the DagBag from /home/airflow/.local/lib/python3.12/site-packages/airflow/example_dags/example_bash_decorator.py
[2025-09-16T23:43:20.498+0000] {processor.py:925} INFO - DAG(s) 'example_bash_decorator' retrieved from /home/airflow/.local/lib/python3.12/site-packages/airflow/example_dags/example_bash_decorator.py
[2025-09-16T23:43:20.515+0000] {logging_mixin.py:190} INFO - [2025-09-16T23:43:20.515+0000] {dag.py:3239} INFO - Sync 1 DAGs
[2025-09-16T23:43:20.523+0000] {logging_mixin.py:190} INFO - [2025-09-16T23:43:20.523+0000] {dag.py:4180} INFO - Setting next_dagrun for example_bash_decorator to None, run_after=None
[2025-09-16T23:43:20.534+0000] {processor.py:208} INFO - Processing /home/airflow/.local/lib/python3.12/site-packages/airflow/example_dags/example_bash_decorator.py took 0.052 seconds
[2025-09-16T23:43:51.389+0000] {processor.py:186} INFO - Started process (PID=403) to work on /home/airflow/.local/lib/python3.12/site-packages/airflow/example_dags/example_bash_decorator.py
[2025-09-16T23:43:51.390+0000] {processor.py:914} INFO - Processing file /home/airflow/.local/lib/python3.12/site-packages/airflow/example_dags/example_bash_decorator.py for tasks to queue
[2025-09-16T23:43:51.394+0000] {logging_mixin.py:190} INFO - [2025-09-16T23:43:51.394+0000] {dagbag.py:588} INFO - Filling up the DagBag from /home/airflow/.local/lib/python3.12/site-packages/airflow/example_dags/example_bash_decorator.py
[2025-09-16T23:43:51.403+0000] {processor.py:925} INFO - DAG(s) 'example_bash_decorator' retrieved from /home/airflow/.local/lib/python3.12/site-packages/airflow/example_dags/example_bash_decorator.py
[2025-09-16T23:43:51.414+0000] {logging_mixin.py:190} INFO - [2025-09-16T23:43:51.414+0000] {dag.py:3239} INFO - Sync 1 DAGs
[2025-09-16T23:43:51.422+0000] {logging_mixin.py:190} INFO - [2025-09-16T23:43:51.422+0000] {dag.py:4180} INFO - Setting next_dagrun for example_bash_decorator to None, run_after=None
[2025-09-16T23:43:51.433+0000] {processor.py:208} INFO - Processing /home/airflow/.local/lib/python3.12/site-packages/airflow/example_dags/example_bash_decorator.py took 0.048 seconds
[2025-09-16T23:44:21.804+0000] {processor.py:186} INFO - Started process (PID=466) to work on /home/airflow/.local/lib/python3.12/site-packages/airflow/example_dags/example_bash_decorator.py
[2025-09-16T23:44:21.805+0000] {processor.py:914} INFO - Processing file /home/airflow/.local/lib/python3.12/site-packages/airflow/example_dags/example_bash_decorator.py for tasks to queue
[2025-09-16T23:44:21.806+0000] {logging_mixin.py:190} INFO - [2025-09-16T23:44:21.806+0000] {dagbag.py:588} INFO - Filling up the DagBag from /home/airflow/.local/lib/python3.12/site-packages/airflow/example_dags/example_bash_decorator.py
[2025-09-16T23:44:21.816+0000] {processor.py:925} INFO - DAG(s) 'example_bash_decorator' retrieved from /home/airflow/.local/lib/python3.12/site-packages/airflow/example_dags/example_bash_decorator.py
[2025-09-16T23:44:21.832+0000] {logging_mixin.py:190} INFO - [2025-09-16T23:44:21.832+0000] {dag.py:3239} INFO - Sync 1 DAGs
[2025-09-16T23:44:21.840+0000] {logging_mixin.py:190} INFO - [2025-09-16T23:44:21.840+0000] {dag.py:4180} INFO - Setting next_dagrun for example_bash_decorator to None, run_after=None
[2025-09-16T23:44:21.856+0000] {processor.py:208} INFO - Processing /home/airflow/.local/lib/python3.12/site-packages/airflow/example_dags/example_bash_decorator.py took 0.055 seconds
[2025-09-16T23:44:52.334+0000] {processor.py:186} INFO - Started process (PID=529) to work on /home/airflow/.local/lib/python3.12/site-packages/airflow/example_dags/example_bash_decorator.py
[2025-09-16T23:44:52.336+0000] {processor.py:914} INFO - Processing file /home/airflow/.local/lib/python3.12/site-packages/airflow/example_dags/example_bash_decorator.py for tasks to queue
[2025-09-16T23:44:52.338+0000] {logging_mixin.py:190} INFO - [2025-09-16T23:44:52.338+0000] {dagbag.py:588} INFO - Filling up the DagBag from /home/airflow/.local/lib/python3.12/site-packages/airflow/example_dags/example_bash_decorator.py
[2025-09-16T23:44:52.346+0000] {processor.py:925} INFO - DAG(s) 'example_bash_decorator' retrieved from /home/airflow/.local/lib/python3.12/site-packages/airflow/example_dags/example_bash_decorator.py
[2025-09-16T23:44:52.363+0000] {logging_mixin.py:190} INFO - [2025-09-16T23:44:52.363+0000] {dag.py:3239} INFO - Sync 1 DAGs
[2025-09-16T23:44:52.372+0000] {logging_mixin.py:190} INFO - [2025-09-16T23:44:52.372+0000] {dag.py:4180} INFO - Setting next_dagrun for example_bash_decorator to None, run_after=None
[2025-09-16T23:44:52.381+0000] {processor.py:208} INFO - Processing /home/airflow/.local/lib/python3.12/site-packages/airflow/example_dags/example_bash_decorator.py took 0.050 seconds
[2025-09-16T23:45:22.577+0000] {processor.py:186} INFO - Started process (PID=591) to work on /home/airflow/.local/lib/python3.12/site-packages/airflow/example_dags/example_bash_decorator.py
[2025-09-16T23:45:22.581+0000] {processor.py:914} INFO - Processing file /home/airflow/.local/lib/python3.12/site-packages/airflow/example_dags/example_bash_decorator.py for tasks to queue
[2025-09-16T23:45:22.583+0000] {logging_mixin.py:190} INFO - [2025-09-16T23:45:22.583+0000] {dagbag.py:588} INFO - Filling up the DagBag from /home/airflow/.local/lib/python3.12/site-packages/airflow/example_dags/example_bash_decorator.py
[2025-09-16T23:45:22.591+0000] {processor.py:925} INFO - DAG(s) 'example_bash_decorator' retrieved from /home/airflow/.local/lib/python3.12/site-packages/airflow/example_dags/example_bash_decorator.py
[2025-09-16T23:45:22.606+0000] {logging_mixin.py:190} INFO - [2025-09-16T23:45:22.606+0000] {dag.py:3239} INFO - Sync 1 DAGs
[2025-09-16T23:45:22.613+0000] {logging_mixin.py:190} INFO - [2025-09-16T23:45:22.613+0000] {dag.py:4180} INFO - Setting next_dagrun for example_bash_decorator to None, run_after=None
[2025-09-16T23:45:22.621+0000] {processor.py:208} INFO - Processing /home/airflow/.local/lib/python3.12/site-packages/airflow/example_dags/example_bash_decorator.py took 0.047 seconds
[2025-09-16T23:45:53.353+0000] {processor.py:186} INFO - Started process (PID=654) to work on /home/airflow/.local/lib/python3.12/site-packages/airflow/example_dags/example_bash_decorator.py
[2025-09-16T23:45:53.354+0000] {processor.py:914} INFO - Processing file /home/airflow/.local/lib/python3.12/site-packages/airflow/example_dags/example_bash_decorator.py for tasks to queue
[2025-09-16T23:45:53.355+0000] {logging_mixin.py:190} INFO - [2025-09-16T23:45:53.355+0000] {dagbag.py:588} INFO - Filling up the DagBag from /home/airflow/.local/lib/python3.12/site-packages/airflow/example_dags/example_bash_decorator.py
[2025-09-16T23:45:53.363+0000] {processor.py:925} INFO - DAG(s) 'example_bash_decorator' retrieved from /home/airflow/.local/lib/python3.12/site-packages/airflow/example_dags/example_bash_decorator.py
[2025-09-16T23:45:53.375+0000] {logging_mixin.py:190} INFO - [2025-09-16T23:45:53.375+0000] {dag.py:3239} INFO - Sync 1 DAGs
[2025-09-16T23:45:53.381+0000] {logging_mixin.py:190} INFO - [2025-09-16T23:45:53.381+0000] {dag.py:4180} INFO - Setting next_dagrun for example_bash_decorator to None, run_after=None
[2025-09-16T23:45:53.391+0000] {processor.py:208} INFO - Processing /home/airflow/.local/lib/python3.12/site-packages/airflow/example_dags/example_bash_decorator.py took 0.041 seconds
[2025-09-16T23:46:23.890+0000] {processor.py:186} INFO - Started process (PID=717) to work on /home/airflow/.local/lib/python3.12/site-packages/airflow/example_dags/example_bash_decorator.py
[2025-09-16T23:46:23.891+0000] {processor.py:914} INFO - Processing file /home/airflow/.local/lib/python3.12/site-packages/airflow/example_dags/example_bash_decorator.py for tasks to queue
[2025-09-16T23:46:23.895+0000] {logging_mixin.py:190} INFO - [2025-09-16T23:46:23.895+0000] {dagbag.py:588} INFO - Filling up the DagBag from /home/airflow/.local/lib/python3.12/site-packages/airflow/example_dags/example_bash_decorator.py
[2025-09-16T23:46:23.903+0000] {processor.py:925} INFO - DAG(s) 'example_bash_decorator' retrieved from /home/airflow/.local/lib/python3.12/site-packages/airflow/example_dags/example_bash_decorator.py
[2025-09-16T23:46:23.916+0000] {logging_mixin.py:190} INFO - [2025-09-16T23:46:23.915+0000] {dag.py:3239} INFO - Sync 1 DAGs
[2025-09-16T23:46:23.922+0000] {logging_mixin.py:190} INFO - [2025-09-16T23:46:23.922+0000] {dag.py:4180} INFO - Setting next_dagrun for example_bash_decorator to None, run_after=None
[2025-09-16T23:46:23.931+0000] {processor.py:208} INFO - Processing /home/airflow/.local/lib/python3.12/site-packages/airflow/example_dags/example_bash_decorator.py took 0.044 seconds
[2025-09-16T23:46:54.494+0000] {processor.py:186} INFO - Started process (PID=780) to work on /home/airflow/.local/lib/python3.12/site-packages/airflow/example_dags/example_bash_decorator.py
[2025-09-16T23:46:54.495+0000] {processor.py:914} INFO - Processing file /home/airflow/.local/lib/python3.12/site-packages/airflow/example_dags/example_bash_decorator.py for tasks to queue
[2025-09-16T23:46:54.497+0000] {logging_mixin.py:190} INFO - [2025-09-16T23:46:54.496+0000] {dagbag.py:588} INFO - Filling up the DagBag from /home/airflow/.local/lib/python3.12/site-packages/airflow/example_dags/example_bash_decorator.py
[2025-09-16T23:46:54.504+0000] {processor.py:925} INFO - DAG(s) 'example_bash_decorator' retrieved from /home/airflow/.local/lib/python3.12/site-packages/airflow/example_dags/example_bash_decorator.py
[2025-09-16T23:46:54.515+0000] {logging_mixin.py:190} INFO - [2025-09-16T23:46:54.515+0000] {dag.py:3239} INFO - Sync 1 DAGs
[2025-09-16T23:46:54.522+0000] {logging_mixin.py:190} INFO - [2025-09-16T23:46:54.522+0000] {dag.py:4180} INFO - Setting next_dagrun for example_bash_decorator to None, run_after=None
[2025-09-16T23:46:54.529+0000] {processor.py:208} INFO - Processing /home/airflow/.local/lib/python3.12/site-packages/airflow/example_dags/example_bash_decorator.py took 0.039 seconds
[2025-09-16T23:47:25.234+0000] {processor.py:186} INFO - Started process (PID=843) to work on /home/airflow/.local/lib/python3.12/site-packages/airflow/example_dags/example_bash_decorator.py
[2025-09-16T23:47:25.234+0000] {processor.py:914} INFO - Processing file /home/airflow/.local/lib/python3.12/site-packages/airflow/example_dags/example_bash_decorator.py for tasks to queue
[2025-09-16T23:47:25.236+0000] {logging_mixin.py:190} INFO - [2025-09-16T23:47:25.235+0000] {dagbag.py:588} INFO - Filling up the DagBag from /home/airflow/.local/lib/python3.12/site-packages/airflow/example_dags/example_bash_decorator.py
[2025-09-16T23:47:25.244+0000] {processor.py:925} INFO - DAG(s) 'example_bash_decorator' retrieved from /home/airflow/.local/lib/python3.12/site-packages/airflow/example_dags/example_bash_decorator.py
[2025-09-16T23:47:25.256+0000] {logging_mixin.py:190} INFO - [2025-09-16T23:47:25.256+0000] {dag.py:3239} INFO - Sync 1 DAGs
[2025-09-16T23:47:25.264+0000] {logging_mixin.py:190} INFO - [2025-09-16T23:47:25.263+0000] {dag.py:4180} INFO - Setting next_dagrun for example_bash_decorator to None, run_after=None
[2025-09-16T23:47:25.276+0000] {processor.py:208} INFO - Processing /home/airflow/.local/lib/python3.12/site-packages/airflow/example_dags/example_bash_decorator.py took 0.045 seconds
[2025-09-16T23:47:55.975+0000] {processor.py:186} INFO - Started process (PID=906) to work on /home/airflow/.local/lib/python3.12/site-packages/airflow/example_dags/example_bash_decorator.py
[2025-09-16T23:47:55.978+0000] {processor.py:914} INFO - Processing file /home/airflow/.local/lib/python3.12/site-packages/airflow/example_dags/example_bash_decorator.py for tasks to queue
[2025-09-16T23:47:55.980+0000] {logging_mixin.py:190} INFO - [2025-09-16T23:47:55.980+0000] {dagbag.py:588} INFO - Filling up the DagBag from /home/airflow/.local/lib/python3.12/site-packages/airflow/example_dags/example_bash_decorator.py
[2025-09-16T23:47:55.996+0000] {processor.py:925} INFO - DAG(s) 'example_bash_decorator' retrieved from /home/airflow/.local/lib/python3.12/site-packages/airflow/example_dags/example_bash_decorator.py
[2025-09-16T23:47:56.018+0000] {logging_mixin.py:190} INFO - [2025-09-16T23:47:56.018+0000] {dag.py:3239} INFO - Sync 1 DAGs
[2025-09-16T23:47:56.027+0000] {logging_mixin.py:190} INFO - [2025-09-16T23:47:56.027+0000] {dag.py:4180} INFO - Setting next_dagrun for example_bash_decorator to None, run_after=None
[2025-09-16T23:47:56.041+0000] {processor.py:208} INFO - Processing /home/airflow/.local/lib/python3.12/site-packages/airflow/example_dags/example_bash_decorator.py took 0.071 seconds
[2025-09-16T23:48:26.762+0000] {processor.py:186} INFO - Started process (PID=969) to work on /home/airflow/.local/lib/python3.12/site-packages/airflow/example_dags/example_bash_decorator.py
[2025-09-16T23:48:26.762+0000] {processor.py:914} INFO - Processing file /home/airflow/.local/lib/python3.12/site-packages/airflow/example_dags/example_bash_decorator.py for tasks to queue
[2025-09-16T23:48:26.764+0000] {logging_mixin.py:190} INFO - [2025-09-16T23:48:26.764+0000] {dagbag.py:588} INFO - Filling up the DagBag from /home/airflow/.local/lib/python3.12/site-packages/airflow/example_dags/example_bash_decorator.py
[2025-09-16T23:48:26.774+0000] {processor.py:925} INFO - DAG(s) 'example_bash_decorator' retrieved from /home/airflow/.local/lib/python3.12/site-packages/airflow/example_dags/example_bash_decorator.py
[2025-09-16T23:48:26.791+0000] {logging_mixin.py:190} INFO - [2025-09-16T23:48:26.791+0000] {dag.py:3239} INFO - Sync 1 DAGs
[2025-09-16T23:48:26.799+0000] {logging_mixin.py:190} INFO - [2025-09-16T23:48:26.799+0000] {dag.py:4180} INFO - Setting next_dagrun for example_bash_decorator to None, run_after=None
[2025-09-16T23:48:26.808+0000] {processor.py:208} INFO - Processing /home/airflow/.local/lib/python3.12/site-packages/airflow/example_dags/example_bash_decorator.py took 0.050 seconds
[2025-09-16T23:48:57.640+0000] {processor.py:186} INFO - Started process (PID=1032) to work on /home/airflow/.local/lib/python3.12/site-packages/airflow/example_dags/example_bash_decorator.py
[2025-09-16T23:48:57.641+0000] {processor.py:914} INFO - Processing file /home/airflow/.local/lib/python3.12/site-packages/airflow/example_dags/example_bash_decorator.py for tasks to queue
[2025-09-16T23:48:57.642+0000] {logging_mixin.py:190} INFO - [2025-09-16T23:48:57.642+0000] {dagbag.py:588} INFO - Filling up the DagBag from /home/airflow/.local/lib/python3.12/site-packages/airflow/example_dags/example_bash_decorator.py
[2025-09-16T23:48:57.650+0000] {processor.py:925} INFO - DAG(s) 'example_bash_decorator' retrieved from /home/airflow/.local/lib/python3.12/site-packages/airflow/example_dags/example_bash_decorator.py
[2025-09-16T23:48:57.662+0000] {logging_mixin.py:190} INFO - [2025-09-16T23:48:57.662+0000] {dag.py:3239} INFO - Sync 1 DAGs
[2025-09-16T23:48:57.669+0000] {logging_mixin.py:190} INFO - [2025-09-16T23:48:57.669+0000] {dag.py:4180} INFO - Setting next_dagrun for example_bash_decorator to None, run_after=None
[2025-09-16T23:48:57.678+0000] {processor.py:208} INFO - Processing /home/airflow/.local/lib/python3.12/site-packages/airflow/example_dags/example_bash_decorator.py took 0.042 seconds
[2025-09-16T23:49:28.517+0000] {processor.py:186} INFO - Started process (PID=1095) to work on /home/airflow/.local/lib/python3.12/site-packages/airflow/example_dags/example_bash_decorator.py
[2025-09-16T23:49:28.520+0000] {processor.py:914} INFO - Processing file /home/airflow/.local/lib/python3.12/site-packages/airflow/example_dags/example_bash_decorator.py for tasks to queue
[2025-09-16T23:49:28.521+0000] {logging_mixin.py:190} INFO - [2025-09-16T23:49:28.521+0000] {dagbag.py:588} INFO - Filling up the DagBag from /home/airflow/.local/lib/python3.12/site-packages/airflow/example_dags/example_bash_decorator.py
[2025-09-16T23:49:28.528+0000] {processor.py:925} INFO - DAG(s) 'example_bash_decorator' retrieved from /home/airflow/.local/lib/python3.12/site-packages/airflow/example_dags/example_bash_decorator.py
[2025-09-16T23:49:28.540+0000] {logging_mixin.py:190} INFO - [2025-09-16T23:49:28.540+0000] {dag.py:3239} INFO - Sync 1 DAGs
[2025-09-16T23:49:28.548+0000] {logging_mixin.py:190} INFO - [2025-09-16T23:49:28.548+0000] {dag.py:4180} INFO - Setting next_dagrun for example_bash_decorator to None, run_after=None
[2025-09-16T23:49:28.556+0000] {processor.py:208} INFO - Processing /home/airflow/.local/lib/python3.12/site-packages/airflow/example_dags/example_bash_decorator.py took 0.042 seconds
[2025-09-16T23:49:59.033+0000] {processor.py:186} INFO - Started process (PID=1158) to work on /home/airflow/.local/lib/python3.12/site-packages/airflow/example_dags/example_bash_decorator.py
[2025-09-16T23:49:59.033+0000] {processor.py:914} INFO - Processing file /home/airflow/.local/lib/python3.12/site-packages/airflow/example_dags/example_bash_decorator.py for tasks to queue
[2025-09-16T23:49:59.036+0000] {logging_mixin.py:190} INFO - [2025-09-16T23:49:59.035+0000] {dagbag.py:588} INFO - Filling up the DagBag from /home/airflow/.local/lib/python3.12/site-packages/airflow/example_dags/example_bash_decorator.py
[2025-09-16T23:49:59.044+0000] {processor.py:925} INFO - DAG(s) 'example_bash_decorator' retrieved from /home/airflow/.local/lib/python3.12/site-packages/airflow/example_dags/example_bash_decorator.py
[2025-09-16T23:49:59.057+0000] {logging_mixin.py:190} INFO - [2025-09-16T23:49:59.057+0000] {dag.py:3239} INFO - Sync 1 DAGs
[2025-09-16T23:49:59.065+0000] {logging_mixin.py:190} INFO - [2025-09-16T23:49:59.065+0000] {dag.py:4180} INFO - Setting next_dagrun for example_bash_decorator to None, run_after=None
[2025-09-16T23:49:59.073+0000] {processor.py:208} INFO - Processing /home/airflow/.local/lib/python3.12/site-packages/airflow/example_dags/example_bash_decorator.py took 0.045 seconds
[2025-09-16T23:50:29.464+0000] {processor.py:186} INFO - Started process (PID=1221) to work on /home/airflow/.local/lib/python3.12/site-packages/airflow/example_dags/example_bash_decorator.py
[2025-09-16T23:50:29.465+0000] {processor.py:914} INFO - Processing file /home/airflow/.local/lib/python3.12/site-packages/airflow/example_dags/example_bash_decorator.py for tasks to queue
[2025-09-16T23:50:29.469+0000] {logging_mixin.py:190} INFO - [2025-09-16T23:50:29.469+0000] {dagbag.py:588} INFO - Filling up the DagBag from /home/airflow/.local/lib/python3.12/site-packages/airflow/example_dags/example_bash_decorator.py
[2025-09-16T23:50:29.477+0000] {processor.py:925} INFO - DAG(s) 'example_bash_decorator' retrieved from /home/airflow/.local/lib/python3.12/site-packages/airflow/example_dags/example_bash_decorator.py
[2025-09-16T23:50:29.489+0000] {logging_mixin.py:190} INFO - [2025-09-16T23:50:29.489+0000] {dag.py:3239} INFO - Sync 1 DAGs
[2025-09-16T23:50:29.495+0000] {logging_mixin.py:190} INFO - [2025-09-16T23:50:29.495+0000] {dag.py:4180} INFO - Setting next_dagrun for example_bash_decorator to None, run_after=None
[2025-09-16T23:50:29.503+0000] {processor.py:208} INFO - Processing /home/airflow/.local/lib/python3.12/site-packages/airflow/example_dags/example_bash_decorator.py took 0.042 seconds
[2025-09-16T23:50:59.612+0000] {processor.py:186} INFO - Started process (PID=1284) to work on /home/airflow/.local/lib/python3.12/site-packages/airflow/example_dags/example_bash_decorator.py
[2025-09-16T23:50:59.613+0000] {processor.py:914} INFO - Processing file /home/airflow/.local/lib/python3.12/site-packages/airflow/example_dags/example_bash_decorator.py for tasks to queue
[2025-09-16T23:50:59.615+0000] {logging_mixin.py:190} INFO - [2025-09-16T23:50:59.614+0000] {dagbag.py:588} INFO - Filling up the DagBag from /home/airflow/.local/lib/python3.12/site-packages/airflow/example_dags/example_bash_decorator.py
[2025-09-16T23:50:59.623+0000] {processor.py:925} INFO - DAG(s) 'example_bash_decorator' retrieved from /home/airflow/.local/lib/python3.12/site-packages/airflow/example_dags/example_bash_decorator.py
[2025-09-16T23:50:59.635+0000] {logging_mixin.py:190} INFO - [2025-09-16T23:50:59.635+0000] {dag.py:3239} INFO - Sync 1 DAGs
[2025-09-16T23:50:59.642+0000] {logging_mixin.py:190} INFO - [2025-09-16T23:50:59.642+0000] {dag.py:4180} INFO - Setting next_dagrun for example_bash_decorator to None, run_after=None
[2025-09-16T23:50:59.651+0000] {processor.py:208} INFO - Processing /home/airflow/.local/lib/python3.12/site-packages/airflow/example_dags/example_bash_decorator.py took 0.041 seconds
[2025-09-16T23:51:29.906+0000] {processor.py:186} INFO - Started process (PID=1347) to work on /home/airflow/.local/lib/python3.12/site-packages/airflow/example_dags/example_bash_decorator.py
[2025-09-16T23:51:29.907+0000] {processor.py:914} INFO - Processing file /home/airflow/.local/lib/python3.12/site-packages/airflow/example_dags/example_bash_decorator.py for tasks to queue
[2025-09-16T23:51:29.908+0000] {logging_mixin.py:190} INFO - [2025-09-16T23:51:29.908+0000] {dagbag.py:588} INFO - Filling up the DagBag from /home/airflow/.local/lib/python3.12/site-packages/airflow/example_dags/example_bash_decorator.py
[2025-09-16T23:51:29.916+0000] {processor.py:925} INFO - DAG(s) 'example_bash_decorator' retrieved from /home/airflow/.local/lib/python3.12/site-packages/airflow/example_dags/example_bash_decorator.py
[2025-09-16T23:51:29.927+0000] {logging_mixin.py:190} INFO - [2025-09-16T23:51:29.927+0000] {dag.py:3239} INFO - Sync 1 DAGs
[2025-09-16T23:51:29.934+0000] {logging_mixin.py:190} INFO - [2025-09-16T23:51:29.934+0000] {dag.py:4180} INFO - Setting next_dagrun for example_bash_decorator to None, run_after=None
[2025-09-16T23:51:29.944+0000] {processor.py:208} INFO - Processing /home/airflow/.local/lib/python3.12/site-packages/airflow/example_dags/example_bash_decorator.py took 0.041 seconds
[2025-09-16T23:52:00.464+0000] {processor.py:186} INFO - Started process (PID=1410) to work on /home/airflow/.local/lib/python3.12/site-packages/airflow/example_dags/example_bash_decorator.py
[2025-09-16T23:52:00.466+0000] {processor.py:914} INFO - Processing file /home/airflow/.local/lib/python3.12/site-packages/airflow/example_dags/example_bash_decorator.py for tasks to queue
[2025-09-16T23:52:00.467+0000] {logging_mixin.py:190} INFO - [2025-09-16T23:52:00.467+0000] {dagbag.py:588} INFO - Filling up the DagBag from /home/airflow/.local/lib/python3.12/site-packages/airflow/example_dags/example_bash_decorator.py
[2025-09-16T23:52:00.478+0000] {processor.py:925} INFO - DAG(s) 'example_bash_decorator' retrieved from /home/airflow/.local/lib/python3.12/site-packages/airflow/example_dags/example_bash_decorator.py
[2025-09-16T23:52:00.491+0000] {logging_mixin.py:190} INFO - [2025-09-16T23:52:00.491+0000] {dag.py:3239} INFO - Sync 1 DAGs
[2025-09-16T23:52:00.499+0000] {logging_mixin.py:190} INFO - [2025-09-16T23:52:00.499+0000] {dag.py:4180} INFO - Setting next_dagrun for example_bash_decorator to None, run_after=None
[2025-09-16T23:52:00.511+0000] {processor.py:208} INFO - Processing /home/airflow/.local/lib/python3.12/site-packages/airflow/example_dags/example_bash_decorator.py took 0.051 seconds
[2025-09-16T23:52:30.744+0000] {processor.py:186} INFO - Started process (PID=1473) to work on /home/airflow/.local/lib/python3.12/site-packages/airflow/example_dags/example_bash_decorator.py
[2025-09-16T23:52:30.744+0000] {processor.py:914} INFO - Processing file /home/airflow/.local/lib/python3.12/site-packages/airflow/example_dags/example_bash_decorator.py for tasks to queue
[2025-09-16T23:52:30.746+0000] {logging_mixin.py:190} INFO - [2025-09-16T23:52:30.745+0000] {dagbag.py:588} INFO - Filling up the DagBag from /home/airflow/.local/lib/python3.12/site-packages/airflow/example_dags/example_bash_decorator.py
[2025-09-16T23:52:30.753+0000] {processor.py:925} INFO - DAG(s) 'example_bash_decorator' retrieved from /home/airflow/.local/lib/python3.12/site-packages/airflow/example_dags/example_bash_decorator.py
[2025-09-16T23:52:30.765+0000] {logging_mixin.py:190} INFO - [2025-09-16T23:52:30.765+0000] {dag.py:3239} INFO - Sync 1 DAGs
[2025-09-16T23:52:30.772+0000] {logging_mixin.py:190} INFO - [2025-09-16T23:52:30.772+0000] {dag.py:4180} INFO - Setting next_dagrun for example_bash_decorator to None, run_after=None
[2025-09-16T23:52:30.780+0000] {processor.py:208} INFO - Processing /home/airflow/.local/lib/python3.12/site-packages/airflow/example_dags/example_bash_decorator.py took 0.040 seconds
[2025-09-16T23:53:01.168+0000] {processor.py:186} INFO - Started process (PID=1536) to work on /home/airflow/.local/lib/python3.12/site-packages/airflow/example_dags/example_bash_decorator.py
[2025-09-16T23:53:01.170+0000] {processor.py:914} INFO - Processing file /home/airflow/.local/lib/python3.12/site-packages/airflow/example_dags/example_bash_decorator.py for tasks to queue
[2025-09-16T23:53:01.172+0000] {logging_mixin.py:190} INFO - [2025-09-16T23:53:01.171+0000] {dagbag.py:588} INFO - Filling up the DagBag from /home/airflow/.local/lib/python3.12/site-packages/airflow/example_dags/example_bash_decorator.py
[2025-09-16T23:53:01.181+0000] {processor.py:925} INFO - DAG(s) 'example_bash_decorator' retrieved from /home/airflow/.local/lib/python3.12/site-packages/airflow/example_dags/example_bash_decorator.py
[2025-09-16T23:53:01.196+0000] {logging_mixin.py:190} INFO - [2025-09-16T23:53:01.196+0000] {dag.py:3239} INFO - Sync 1 DAGs
[2025-09-16T23:53:01.203+0000] {logging_mixin.py:190} INFO - [2025-09-16T23:53:01.203+0000] {dag.py:4180} INFO - Setting next_dagrun for example_bash_decorator to None, run_after=None
[2025-09-16T23:53:01.213+0000] {processor.py:208} INFO - Processing /home/airflow/.local/lib/python3.12/site-packages/airflow/example_dags/example_bash_decorator.py took 0.048 seconds
[2025-09-16T23:53:31.621+0000] {processor.py:186} INFO - Started process (PID=1599) to work on /home/airflow/.local/lib/python3.12/site-packages/airflow/example_dags/example_bash_decorator.py
[2025-09-16T23:53:31.624+0000] {processor.py:914} INFO - Processing file /home/airflow/.local/lib/python3.12/site-packages/airflow/example_dags/example_bash_decorator.py for tasks to queue
[2025-09-16T23:53:31.626+0000] {logging_mixin.py:190} INFO - [2025-09-16T23:53:31.626+0000] {dagbag.py:588} INFO - Filling up the DagBag from /home/airflow/.local/lib/python3.12/site-packages/airflow/example_dags/example_bash_decorator.py
[2025-09-16T23:53:31.634+0000] {processor.py:925} INFO - DAG(s) 'example_bash_decorator' retrieved from /home/airflow/.local/lib/python3.12/site-packages/airflow/example_dags/example_bash_decorator.py
[2025-09-16T23:53:31.651+0000] {logging_mixin.py:190} INFO - [2025-09-16T23:53:31.651+0000] {dag.py:3239} INFO - Sync 1 DAGs
[2025-09-16T23:53:31.660+0000] {logging_mixin.py:190} INFO - [2025-09-16T23:53:31.660+0000] {dag.py:4180} INFO - Setting next_dagrun for example_bash_decorator to None, run_after=None
[2025-09-16T23:53:31.670+0000] {processor.py:208} INFO - Processing /home/airflow/.local/lib/python3.12/site-packages/airflow/example_dags/example_bash_decorator.py took 0.052 seconds
[2025-09-16T23:54:02.009+0000] {processor.py:186} INFO - Started process (PID=1662) to work on /home/airflow/.local/lib/python3.12/site-packages/airflow/example_dags/example_bash_decorator.py
[2025-09-16T23:54:02.011+0000] {processor.py:914} INFO - Processing file /home/airflow/.local/lib/python3.12/site-packages/airflow/example_dags/example_bash_decorator.py for tasks to queue
[2025-09-16T23:54:02.013+0000] {logging_mixin.py:190} INFO - [2025-09-16T23:54:02.013+0000] {dagbag.py:588} INFO - Filling up the DagBag from /home/airflow/.local/lib/python3.12/site-packages/airflow/example_dags/example_bash_decorator.py
[2025-09-16T23:54:02.021+0000] {processor.py:925} INFO - DAG(s) 'example_bash_decorator' retrieved from /home/airflow/.local/lib/python3.12/site-packages/airflow/example_dags/example_bash_decorator.py
[2025-09-16T23:54:02.034+0000] {logging_mixin.py:190} INFO - [2025-09-16T23:54:02.034+0000] {dag.py:3239} INFO - Sync 1 DAGs
[2025-09-16T23:54:02.042+0000] {logging_mixin.py:190} INFO - [2025-09-16T23:54:02.042+0000] {dag.py:4180} INFO - Setting next_dagrun for example_bash_decorator to None, run_after=None
[2025-09-16T23:54:02.050+0000] {processor.py:208} INFO - Processing /home/airflow/.local/lib/python3.12/site-packages/airflow/example_dags/example_bash_decorator.py took 0.044 seconds
[2025-09-16T23:54:32.609+0000] {processor.py:186} INFO - Started process (PID=1725) to work on /home/airflow/.local/lib/python3.12/site-packages/airflow/example_dags/example_bash_decorator.py
[2025-09-16T23:54:32.610+0000] {processor.py:914} INFO - Processing file /home/airflow/.local/lib/python3.12/site-packages/airflow/example_dags/example_bash_decorator.py for tasks to queue
[2025-09-16T23:54:32.613+0000] {logging_mixin.py:190} INFO - [2025-09-16T23:54:32.613+0000] {dagbag.py:588} INFO - Filling up the DagBag from /home/airflow/.local/lib/python3.12/site-packages/airflow/example_dags/example_bash_decorator.py
[2025-09-16T23:54:32.622+0000] {processor.py:925} INFO - DAG(s) 'example_bash_decorator' retrieved from /home/airflow/.local/lib/python3.12/site-packages/airflow/example_dags/example_bash_decorator.py
[2025-09-16T23:54:32.636+0000] {logging_mixin.py:190} INFO - [2025-09-16T23:54:32.636+0000] {dag.py:3239} INFO - Sync 1 DAGs
[2025-09-16T23:54:32.644+0000] {logging_mixin.py:190} INFO - [2025-09-16T23:54:32.644+0000] {dag.py:4180} INFO - Setting next_dagrun for example_bash_decorator to None, run_after=None
[2025-09-16T23:54:32.654+0000] {processor.py:208} INFO - Processing /home/airflow/.local/lib/python3.12/site-packages/airflow/example_dags/example_bash_decorator.py took 0.050 seconds
[2025-09-16T23:55:03.246+0000] {processor.py:186} INFO - Started process (PID=1788) to work on /home/airflow/.local/lib/python3.12/site-packages/airflow/example_dags/example_bash_decorator.py
[2025-09-16T23:55:03.247+0000] {processor.py:914} INFO - Processing file /home/airflow/.local/lib/python3.12/site-packages/airflow/example_dags/example_bash_decorator.py for tasks to queue
[2025-09-16T23:55:03.248+0000] {logging_mixin.py:190} INFO - [2025-09-16T23:55:03.248+0000] {dagbag.py:588} INFO - Filling up the DagBag from /home/airflow/.local/lib/python3.12/site-packages/airflow/example_dags/example_bash_decorator.py
[2025-09-16T23:55:03.256+0000] {processor.py:925} INFO - DAG(s) 'example_bash_decorator' retrieved from /home/airflow/.local/lib/python3.12/site-packages/airflow/example_dags/example_bash_decorator.py
[2025-09-16T23:55:03.272+0000] {logging_mixin.py:190} INFO - [2025-09-16T23:55:03.272+0000] {dag.py:3239} INFO - Sync 1 DAGs
[2025-09-16T23:55:03.279+0000] {logging_mixin.py:190} INFO - [2025-09-16T23:55:03.279+0000] {dag.py:4180} INFO - Setting next_dagrun for example_bash_decorator to None, run_after=None
[2025-09-16T23:55:03.288+0000] {processor.py:208} INFO - Processing /home/airflow/.local/lib/python3.12/site-packages/airflow/example_dags/example_bash_decorator.py took 0.045 seconds
[2025-09-16T23:55:33.453+0000] {processor.py:186} INFO - Started process (PID=1851) to work on /home/airflow/.local/lib/python3.12/site-packages/airflow/example_dags/example_bash_decorator.py
[2025-09-16T23:55:33.454+0000] {processor.py:914} INFO - Processing file /home/airflow/.local/lib/python3.12/site-packages/airflow/example_dags/example_bash_decorator.py for tasks to queue
[2025-09-16T23:55:33.455+0000] {logging_mixin.py:190} INFO - [2025-09-16T23:55:33.455+0000] {dagbag.py:588} INFO - Filling up the DagBag from /home/airflow/.local/lib/python3.12/site-packages/airflow/example_dags/example_bash_decorator.py
[2025-09-16T23:55:33.462+0000] {processor.py:925} INFO - DAG(s) 'example_bash_decorator' retrieved from /home/airflow/.local/lib/python3.12/site-packages/airflow/example_dags/example_bash_decorator.py
[2025-09-16T23:55:33.478+0000] {logging_mixin.py:190} INFO - [2025-09-16T23:55:33.477+0000] {dag.py:3239} INFO - Sync 1 DAGs
[2025-09-16T23:55:33.485+0000] {logging_mixin.py:190} INFO - [2025-09-16T23:55:33.485+0000] {dag.py:4180} INFO - Setting next_dagrun for example_bash_decorator to None, run_after=None
[2025-09-16T23:55:33.493+0000] {processor.py:208} INFO - Processing /home/airflow/.local/lib/python3.12/site-packages/airflow/example_dags/example_bash_decorator.py took 0.043 seconds
[2025-09-16T23:56:03.599+0000] {processor.py:186} INFO - Started process (PID=1914) to work on /home/airflow/.local/lib/python3.12/site-packages/airflow/example_dags/example_bash_decorator.py
[2025-09-16T23:56:03.600+0000] {processor.py:914} INFO - Processing file /home/airflow/.local/lib/python3.12/site-packages/airflow/example_dags/example_bash_decorator.py for tasks to queue
[2025-09-16T23:56:03.604+0000] {logging_mixin.py:190} INFO - [2025-09-16T23:56:03.604+0000] {dagbag.py:588} INFO - Filling up the DagBag from /home/airflow/.local/lib/python3.12/site-packages/airflow/example_dags/example_bash_decorator.py
[2025-09-16T23:56:03.612+0000] {processor.py:925} INFO - DAG(s) 'example_bash_decorator' retrieved from /home/airflow/.local/lib/python3.12/site-packages/airflow/example_dags/example_bash_decorator.py
[2025-09-16T23:56:03.624+0000] {logging_mixin.py:190} INFO - [2025-09-16T23:56:03.624+0000] {dag.py:3239} INFO - Sync 1 DAGs
[2025-09-16T23:56:03.632+0000] {logging_mixin.py:190} INFO - [2025-09-16T23:56:03.632+0000] {dag.py:4180} INFO - Setting next_dagrun for example_bash_decorator to None, run_after=None
[2025-09-16T23:56:03.639+0000] {processor.py:208} INFO - Processing /home/airflow/.local/lib/python3.12/site-packages/airflow/example_dags/example_bash_decorator.py took 0.043 seconds
[2025-09-16T23:56:33.824+0000] {processor.py:186} INFO - Started process (PID=1977) to work on /home/airflow/.local/lib/python3.12/site-packages/airflow/example_dags/example_bash_decorator.py
[2025-09-16T23:56:33.824+0000] {processor.py:914} INFO - Processing file /home/airflow/.local/lib/python3.12/site-packages/airflow/example_dags/example_bash_decorator.py for tasks to queue
[2025-09-16T23:56:33.826+0000] {logging_mixin.py:190} INFO - [2025-09-16T23:56:33.826+0000] {dagbag.py:588} INFO - Filling up the DagBag from /home/airflow/.local/lib/python3.12/site-packages/airflow/example_dags/example_bash_decorator.py
[2025-09-16T23:56:33.833+0000] {processor.py:925} INFO - DAG(s) 'example_bash_decorator' retrieved from /home/airflow/.local/lib/python3.12/site-packages/airflow/example_dags/example_bash_decorator.py
[2025-09-16T23:56:33.847+0000] {logging_mixin.py:190} INFO - [2025-09-16T23:56:33.847+0000] {dag.py:3239} INFO - Sync 1 DAGs
[2025-09-16T23:56:33.853+0000] {logging_mixin.py:190} INFO - [2025-09-16T23:56:33.853+0000] {dag.py:4180} INFO - Setting next_dagrun for example_bash_decorator to None, run_after=None
[2025-09-16T23:56:33.865+0000] {processor.py:208} INFO - Processing /home/airflow/.local/lib/python3.12/site-packages/airflow/example_dags/example_bash_decorator.py took 0.044 seconds
[2025-09-16T23:57:03.955+0000] {processor.py:186} INFO - Started process (PID=2040) to work on /home/airflow/.local/lib/python3.12/site-packages/airflow/example_dags/example_bash_decorator.py
[2025-09-16T23:57:03.956+0000] {processor.py:914} INFO - Processing file /home/airflow/.local/lib/python3.12/site-packages/airflow/example_dags/example_bash_decorator.py for tasks to queue
[2025-09-16T23:57:03.957+0000] {logging_mixin.py:190} INFO - [2025-09-16T23:57:03.957+0000] {dagbag.py:588} INFO - Filling up the DagBag from /home/airflow/.local/lib/python3.12/site-packages/airflow/example_dags/example_bash_decorator.py
[2025-09-16T23:57:03.966+0000] {processor.py:925} INFO - DAG(s) 'example_bash_decorator' retrieved from /home/airflow/.local/lib/python3.12/site-packages/airflow/example_dags/example_bash_decorator.py
[2025-09-16T23:57:03.980+0000] {logging_mixin.py:190} INFO - [2025-09-16T23:57:03.980+0000] {dag.py:3239} INFO - Sync 1 DAGs
[2025-09-16T23:57:03.987+0000] {logging_mixin.py:190} INFO - [2025-09-16T23:57:03.987+0000] {dag.py:4180} INFO - Setting next_dagrun for example_bash_decorator to None, run_after=None
[2025-09-16T23:57:03.996+0000] {processor.py:208} INFO - Processing /home/airflow/.local/lib/python3.12/site-packages/airflow/example_dags/example_bash_decorator.py took 0.044 seconds
[2025-09-16T23:57:34.058+0000] {processor.py:186} INFO - Started process (PID=2103) to work on /home/airflow/.local/lib/python3.12/site-packages/airflow/example_dags/example_bash_decorator.py
[2025-09-16T23:57:34.058+0000] {processor.py:914} INFO - Processing file /home/airflow/.local/lib/python3.12/site-packages/airflow/example_dags/example_bash_decorator.py for tasks to queue
[2025-09-16T23:57:34.060+0000] {logging_mixin.py:190} INFO - [2025-09-16T23:57:34.060+0000] {dagbag.py:588} INFO - Filling up the DagBag from /home/airflow/.local/lib/python3.12/site-packages/airflow/example_dags/example_bash_decorator.py
[2025-09-16T23:57:34.067+0000] {processor.py:925} INFO - DAG(s) 'example_bash_decorator' retrieved from /home/airflow/.local/lib/python3.12/site-packages/airflow/example_dags/example_bash_decorator.py
[2025-09-16T23:57:34.080+0000] {logging_mixin.py:190} INFO - [2025-09-16T23:57:34.080+0000] {dag.py:3239} INFO - Sync 1 DAGs
[2025-09-16T23:57:34.089+0000] {logging_mixin.py:190} INFO - [2025-09-16T23:57:34.089+0000] {dag.py:4180} INFO - Setting next_dagrun for example_bash_decorator to None, run_after=None
[2025-09-16T23:57:34.101+0000] {processor.py:208} INFO - Processing /home/airflow/.local/lib/python3.12/site-packages/airflow/example_dags/example_bash_decorator.py took 0.046 seconds
[2025-09-16T23:58:04.124+0000] {processor.py:186} INFO - Started process (PID=2166) to work on /home/airflow/.local/lib/python3.12/site-packages/airflow/example_dags/example_bash_decorator.py
[2025-09-16T23:58:04.126+0000] {processor.py:914} INFO - Processing file /home/airflow/.local/lib/python3.12/site-packages/airflow/example_dags/example_bash_decorator.py for tasks to queue
[2025-09-16T23:58:04.128+0000] {logging_mixin.py:190} INFO - [2025-09-16T23:58:04.127+0000] {dagbag.py:588} INFO - Filling up the DagBag from /home/airflow/.local/lib/python3.12/site-packages/airflow/example_dags/example_bash_decorator.py
[2025-09-16T23:58:04.136+0000] {processor.py:925} INFO - DAG(s) 'example_bash_decorator' retrieved from /home/airflow/.local/lib/python3.12/site-packages/airflow/example_dags/example_bash_decorator.py
[2025-09-16T23:58:04.152+0000] {logging_mixin.py:190} INFO - [2025-09-16T23:58:04.152+0000] {dag.py:3239} INFO - Sync 1 DAGs
[2025-09-16T23:58:04.161+0000] {logging_mixin.py:190} INFO - [2025-09-16T23:58:04.161+0000] {dag.py:4180} INFO - Setting next_dagrun for example_bash_decorator to None, run_after=None
[2025-09-16T23:58:04.171+0000] {processor.py:208} INFO - Processing /home/airflow/.local/lib/python3.12/site-packages/airflow/example_dags/example_bash_decorator.py took 0.050 seconds
[2025-09-16T23:58:35.180+0000] {processor.py:186} INFO - Started process (PID=2229) to work on /home/airflow/.local/lib/python3.12/site-packages/airflow/example_dags/example_bash_decorator.py
[2025-09-16T23:58:35.182+0000] {processor.py:914} INFO - Processing file /home/airflow/.local/lib/python3.12/site-packages/airflow/example_dags/example_bash_decorator.py for tasks to queue
[2025-09-16T23:58:35.183+0000] {logging_mixin.py:190} INFO - [2025-09-16T23:58:35.183+0000] {dagbag.py:588} INFO - Filling up the DagBag from /home/airflow/.local/lib/python3.12/site-packages/airflow/example_dags/example_bash_decorator.py
[2025-09-16T23:58:35.191+0000] {processor.py:925} INFO - DAG(s) 'example_bash_decorator' retrieved from /home/airflow/.local/lib/python3.12/site-packages/airflow/example_dags/example_bash_decorator.py
[2025-09-16T23:58:35.203+0000] {logging_mixin.py:190} INFO - [2025-09-16T23:58:35.203+0000] {dag.py:3239} INFO - Sync 1 DAGs
[2025-09-16T23:58:35.210+0000] {logging_mixin.py:190} INFO - [2025-09-16T23:58:35.210+0000] {dag.py:4180} INFO - Setting next_dagrun for example_bash_decorator to None, run_after=None
[2025-09-16T23:58:35.218+0000] {processor.py:208} INFO - Processing /home/airflow/.local/lib/python3.12/site-packages/airflow/example_dags/example_bash_decorator.py took 0.041 seconds
[2025-09-16T23:59:06.225+0000] {processor.py:186} INFO - Started process (PID=2292) to work on /home/airflow/.local/lib/python3.12/site-packages/airflow/example_dags/example_bash_decorator.py
[2025-09-16T23:59:06.227+0000] {processor.py:914} INFO - Processing file /home/airflow/.local/lib/python3.12/site-packages/airflow/example_dags/example_bash_decorator.py for tasks to queue
[2025-09-16T23:59:06.229+0000] {logging_mixin.py:190} INFO - [2025-09-16T23:59:06.228+0000] {dagbag.py:588} INFO - Filling up the DagBag from /home/airflow/.local/lib/python3.12/site-packages/airflow/example_dags/example_bash_decorator.py
[2025-09-16T23:59:06.236+0000] {processor.py:925} INFO - DAG(s) 'example_bash_decorator' retrieved from /home/airflow/.local/lib/python3.12/site-packages/airflow/example_dags/example_bash_decorator.py
[2025-09-16T23:59:06.249+0000] {logging_mixin.py:190} INFO - [2025-09-16T23:59:06.248+0000] {dag.py:3239} INFO - Sync 1 DAGs
[2025-09-16T23:59:06.255+0000] {logging_mixin.py:190} INFO - [2025-09-16T23:59:06.255+0000] {dag.py:4180} INFO - Setting next_dagrun for example_bash_decorator to None, run_after=None
[2025-09-16T23:59:06.263+0000] {processor.py:208} INFO - Processing /home/airflow/.local/lib/python3.12/site-packages/airflow/example_dags/example_bash_decorator.py took 0.041 seconds
[2025-09-16T23:59:37.436+0000] {processor.py:186} INFO - Started process (PID=2355) to work on /home/airflow/.local/lib/python3.12/site-packages/airflow/example_dags/example_bash_decorator.py
[2025-09-16T23:59:37.437+0000] {processor.py:914} INFO - Processing file /home/airflow/.local/lib/python3.12/site-packages/airflow/example_dags/example_bash_decorator.py for tasks to queue
[2025-09-16T23:59:37.438+0000] {logging_mixin.py:190} INFO - [2025-09-16T23:59:37.438+0000] {dagbag.py:588} INFO - Filling up the DagBag from /home/airflow/.local/lib/python3.12/site-packages/airflow/example_dags/example_bash_decorator.py
[2025-09-16T23:59:37.445+0000] {processor.py:925} INFO - DAG(s) 'example_bash_decorator' retrieved from /home/airflow/.local/lib/python3.12/site-packages/airflow/example_dags/example_bash_decorator.py
[2025-09-16T23:59:37.458+0000] {logging_mixin.py:190} INFO - [2025-09-16T23:59:37.458+0000] {dag.py:3239} INFO - Sync 1 DAGs
[2025-09-16T23:59:37.466+0000] {logging_mixin.py:190} INFO - [2025-09-16T23:59:37.466+0000] {dag.py:4180} INFO - Setting next_dagrun for example_bash_decorator to None, run_after=None
[2025-09-16T23:59:37.475+0000] {processor.py:208} INFO - Processing /home/airflow/.local/lib/python3.12/site-packages/airflow/example_dags/example_bash_decorator.py took 0.043 seconds
