[2025-09-16T23:41:17.241+0000] {processor.py:186} INFO - Started process (PID=70) to work on /home/airflow/.local/lib/python3.12/site-packages/airflow/example_dags/example_external_task_marker_dag.py
[2025-09-16T23:41:17.242+0000] {processor.py:914} INFO - Processing file /home/airflow/.local/lib/python3.12/site-packages/airflow/example_dags/example_external_task_marker_dag.py for tasks to queue
[2025-09-16T23:41:17.243+0000] {logging_mixin.py:190} INFO - [2025-09-16T23:41:17.243+0000] {dagbag.py:588} INFO - Filling up the DagBag from /home/airflow/.local/lib/python3.12/site-packages/airflow/example_dags/example_external_task_marker_dag.py
[2025-09-16T23:41:17.249+0000] {processor.py:925} INFO - DAG(s) 'example_external_task_marker_parent', 'example_external_task_marker_child' retrieved from /home/airflow/.local/lib/python3.12/site-packages/airflow/example_dags/example_external_task_marker_dag.py
[2025-09-16T23:41:17.311+0000] {logging_mixin.py:190} INFO - [2025-09-16T23:41:17.310+0000] {override.py:1911} INFO - Created Permission View: can edit on DAG:example_external_task_marker_parent
[2025-09-16T23:41:17.317+0000] {logging_mixin.py:190} INFO - [2025-09-16T23:41:17.317+0000] {override.py:1911} INFO - Created Permission View: can delete on DAG:example_external_task_marker_parent
[2025-09-16T23:41:17.322+0000] {logging_mixin.py:190} INFO - [2025-09-16T23:41:17.321+0000] {override.py:1911} INFO - Created Permission View: can read on DAG:example_external_task_marker_parent
[2025-09-16T23:41:17.326+0000] {logging_mixin.py:190} INFO - [2025-09-16T23:41:17.326+0000] {override.py:1911} INFO - Created Permission View: menu access on DAG Run:example_external_task_marker_parent
[2025-09-16T23:41:17.331+0000] {logging_mixin.py:190} INFO - [2025-09-16T23:41:17.330+0000] {override.py:1911} INFO - Created Permission View: can create on DAG Run:example_external_task_marker_parent
[2025-09-16T23:41:17.334+0000] {logging_mixin.py:190} INFO - [2025-09-16T23:41:17.334+0000] {override.py:1911} INFO - Created Permission View: can delete on DAG Run:example_external_task_marker_parent
[2025-09-16T23:41:17.341+0000] {logging_mixin.py:190} INFO - [2025-09-16T23:41:17.341+0000] {override.py:1911} INFO - Created Permission View: can read on DAG Run:example_external_task_marker_parent
[2025-09-16T23:41:17.354+0000] {logging_mixin.py:190} INFO - [2025-09-16T23:41:17.354+0000] {override.py:1911} INFO - Created Permission View: can edit on DAG:example_external_task_marker_child
[2025-09-16T23:41:17.360+0000] {logging_mixin.py:190} INFO - [2025-09-16T23:41:17.360+0000] {override.py:1911} INFO - Created Permission View: can delete on DAG:example_external_task_marker_child
[2025-09-16T23:41:17.364+0000] {logging_mixin.py:190} INFO - [2025-09-16T23:41:17.364+0000] {override.py:1911} INFO - Created Permission View: can read on DAG:example_external_task_marker_child
[2025-09-16T23:41:17.368+0000] {logging_mixin.py:190} INFO - [2025-09-16T23:41:17.367+0000] {override.py:1911} INFO - Created Permission View: menu access on DAG Run:example_external_task_marker_child
[2025-09-16T23:41:17.372+0000] {logging_mixin.py:190} INFO - [2025-09-16T23:41:17.371+0000] {override.py:1911} INFO - Created Permission View: can create on DAG Run:example_external_task_marker_child
[2025-09-16T23:41:17.380+0000] {logging_mixin.py:190} INFO - [2025-09-16T23:41:17.380+0000] {override.py:1911} INFO - Created Permission View: can delete on DAG Run:example_external_task_marker_child
[2025-09-16T23:41:17.387+0000] {logging_mixin.py:190} INFO - [2025-09-16T23:41:17.387+0000] {override.py:1911} INFO - Created Permission View: can read on DAG Run:example_external_task_marker_child
[2025-09-16T23:41:17.388+0000] {logging_mixin.py:190} INFO - [2025-09-16T23:41:17.388+0000] {dag.py:3239} INFO - Sync 2 DAGs
[2025-09-16T23:41:17.398+0000] {logging_mixin.py:190} INFO - [2025-09-16T23:41:17.397+0000] {dag.py:3262} INFO - Creating ORM DAG for example_external_task_marker_parent
[2025-09-16T23:41:17.398+0000] {logging_mixin.py:190} INFO - [2025-09-16T23:41:17.398+0000] {dag.py:3262} INFO - Creating ORM DAG for example_external_task_marker_child
[2025-09-16T23:41:17.399+0000] {logging_mixin.py:190} INFO - [2025-09-16T23:41:17.398+0000] {dag.py:4180} INFO - Setting next_dagrun for example_external_task_marker_child to None, run_after=None
[2025-09-16T23:41:17.399+0000] {logging_mixin.py:190} INFO - [2025-09-16T23:41:17.399+0000] {dag.py:4180} INFO - Setting next_dagrun for example_external_task_marker_parent to None, run_after=None
[2025-09-16T23:41:17.410+0000] {processor.py:208} INFO - Processing /home/airflow/.local/lib/python3.12/site-packages/airflow/example_dags/example_external_task_marker_dag.py took 0.172 seconds
[2025-09-16T23:41:47.814+0000] {processor.py:186} INFO - Started process (PID=133) to work on /home/airflow/.local/lib/python3.12/site-packages/airflow/example_dags/example_external_task_marker_dag.py
[2025-09-16T23:41:47.815+0000] {processor.py:914} INFO - Processing file /home/airflow/.local/lib/python3.12/site-packages/airflow/example_dags/example_external_task_marker_dag.py for tasks to queue
[2025-09-16T23:41:47.816+0000] {logging_mixin.py:190} INFO - [2025-09-16T23:41:47.816+0000] {dagbag.py:588} INFO - Filling up the DagBag from /home/airflow/.local/lib/python3.12/site-packages/airflow/example_dags/example_external_task_marker_dag.py
[2025-09-16T23:41:47.823+0000] {processor.py:925} INFO - DAG(s) 'example_external_task_marker_parent', 'example_external_task_marker_child' retrieved from /home/airflow/.local/lib/python3.12/site-packages/airflow/example_dags/example_external_task_marker_dag.py
[2025-09-16T23:41:47.837+0000] {logging_mixin.py:190} INFO - [2025-09-16T23:41:47.837+0000] {dag.py:3239} INFO - Sync 2 DAGs
[2025-09-16T23:41:47.846+0000] {logging_mixin.py:190} INFO - [2025-09-16T23:41:47.846+0000] {dag.py:4180} INFO - Setting next_dagrun for example_external_task_marker_child to None, run_after=None
[2025-09-16T23:41:47.848+0000] {logging_mixin.py:190} INFO - [2025-09-16T23:41:47.848+0000] {dag.py:4180} INFO - Setting next_dagrun for example_external_task_marker_parent to None, run_after=None
[2025-09-16T23:41:47.859+0000] {processor.py:208} INFO - Processing /home/airflow/.local/lib/python3.12/site-packages/airflow/example_dags/example_external_task_marker_dag.py took 0.049 seconds
[2025-09-16T23:42:18.794+0000] {processor.py:186} INFO - Started process (PID=196) to work on /home/airflow/.local/lib/python3.12/site-packages/airflow/example_dags/example_external_task_marker_dag.py
[2025-09-16T23:42:18.794+0000] {processor.py:914} INFO - Processing file /home/airflow/.local/lib/python3.12/site-packages/airflow/example_dags/example_external_task_marker_dag.py for tasks to queue
[2025-09-16T23:42:18.795+0000] {logging_mixin.py:190} INFO - [2025-09-16T23:42:18.795+0000] {dagbag.py:588} INFO - Filling up the DagBag from /home/airflow/.local/lib/python3.12/site-packages/airflow/example_dags/example_external_task_marker_dag.py
[2025-09-16T23:42:18.799+0000] {processor.py:925} INFO - DAG(s) 'example_external_task_marker_parent', 'example_external_task_marker_child' retrieved from /home/airflow/.local/lib/python3.12/site-packages/airflow/example_dags/example_external_task_marker_dag.py
[2025-09-16T23:42:18.811+0000] {logging_mixin.py:190} INFO - [2025-09-16T23:42:18.811+0000] {dag.py:3239} INFO - Sync 2 DAGs
[2025-09-16T23:42:18.820+0000] {logging_mixin.py:190} INFO - [2025-09-16T23:42:18.820+0000] {dag.py:4180} INFO - Setting next_dagrun for example_external_task_marker_child to None, run_after=None
[2025-09-16T23:42:18.822+0000] {logging_mixin.py:190} INFO - [2025-09-16T23:42:18.822+0000] {dag.py:4180} INFO - Setting next_dagrun for example_external_task_marker_parent to None, run_after=None
[2025-09-16T23:42:18.829+0000] {processor.py:208} INFO - Processing /home/airflow/.local/lib/python3.12/site-packages/airflow/example_dags/example_external_task_marker_dag.py took 0.038 seconds
[2025-09-16T23:42:48.986+0000] {processor.py:186} INFO - Started process (PID=258) to work on /home/airflow/.local/lib/python3.12/site-packages/airflow/example_dags/example_external_task_marker_dag.py
[2025-09-16T23:42:48.987+0000] {processor.py:914} INFO - Processing file /home/airflow/.local/lib/python3.12/site-packages/airflow/example_dags/example_external_task_marker_dag.py for tasks to queue
[2025-09-16T23:42:48.988+0000] {logging_mixin.py:190} INFO - [2025-09-16T23:42:48.988+0000] {dagbag.py:588} INFO - Filling up the DagBag from /home/airflow/.local/lib/python3.12/site-packages/airflow/example_dags/example_external_task_marker_dag.py
[2025-09-16T23:42:48.993+0000] {processor.py:925} INFO - DAG(s) 'example_external_task_marker_child', 'example_external_task_marker_parent' retrieved from /home/airflow/.local/lib/python3.12/site-packages/airflow/example_dags/example_external_task_marker_dag.py
[2025-09-16T23:42:49.004+0000] {logging_mixin.py:190} INFO - [2025-09-16T23:42:49.004+0000] {dag.py:3239} INFO - Sync 2 DAGs
[2025-09-16T23:42:49.011+0000] {logging_mixin.py:190} INFO - [2025-09-16T23:42:49.011+0000] {dag.py:4180} INFO - Setting next_dagrun for example_external_task_marker_child to None, run_after=None
[2025-09-16T23:42:49.013+0000] {logging_mixin.py:190} INFO - [2025-09-16T23:42:49.013+0000] {dag.py:4180} INFO - Setting next_dagrun for example_external_task_marker_parent to None, run_after=None
[2025-09-16T23:42:49.019+0000] {processor.py:208} INFO - Processing /home/airflow/.local/lib/python3.12/site-packages/airflow/example_dags/example_external_task_marker_dag.py took 0.037 seconds
[2025-09-16T23:43:19.790+0000] {processor.py:186} INFO - Started process (PID=326) to work on /home/airflow/.local/lib/python3.12/site-packages/airflow/example_dags/example_external_task_marker_dag.py
[2025-09-16T23:43:19.792+0000] {processor.py:914} INFO - Processing file /home/airflow/.local/lib/python3.12/site-packages/airflow/example_dags/example_external_task_marker_dag.py for tasks to queue
[2025-09-16T23:43:19.794+0000] {logging_mixin.py:190} INFO - [2025-09-16T23:43:19.794+0000] {dagbag.py:588} INFO - Filling up the DagBag from /home/airflow/.local/lib/python3.12/site-packages/airflow/example_dags/example_external_task_marker_dag.py
[2025-09-16T23:43:19.798+0000] {processor.py:925} INFO - DAG(s) 'example_external_task_marker_parent', 'example_external_task_marker_child' retrieved from /home/airflow/.local/lib/python3.12/site-packages/airflow/example_dags/example_external_task_marker_dag.py
[2025-09-16T23:43:19.813+0000] {logging_mixin.py:190} INFO - [2025-09-16T23:43:19.813+0000] {dag.py:3239} INFO - Sync 2 DAGs
[2025-09-16T23:43:19.822+0000] {logging_mixin.py:190} INFO - [2025-09-16T23:43:19.822+0000] {dag.py:4180} INFO - Setting next_dagrun for example_external_task_marker_child to None, run_after=None
[2025-09-16T23:43:19.825+0000] {logging_mixin.py:190} INFO - [2025-09-16T23:43:19.825+0000] {dag.py:4180} INFO - Setting next_dagrun for example_external_task_marker_parent to None, run_after=None
[2025-09-16T23:43:19.834+0000] {processor.py:208} INFO - Processing /home/airflow/.local/lib/python3.12/site-packages/airflow/example_dags/example_external_task_marker_dag.py took 0.047 seconds
[2025-09-16T23:43:50.403+0000] {processor.py:186} INFO - Started process (PID=389) to work on /home/airflow/.local/lib/python3.12/site-packages/airflow/example_dags/example_external_task_marker_dag.py
[2025-09-16T23:43:50.404+0000] {processor.py:914} INFO - Processing file /home/airflow/.local/lib/python3.12/site-packages/airflow/example_dags/example_external_task_marker_dag.py for tasks to queue
[2025-09-16T23:43:50.405+0000] {logging_mixin.py:190} INFO - [2025-09-16T23:43:50.405+0000] {dagbag.py:588} INFO - Filling up the DagBag from /home/airflow/.local/lib/python3.12/site-packages/airflow/example_dags/example_external_task_marker_dag.py
[2025-09-16T23:43:50.410+0000] {processor.py:925} INFO - DAG(s) 'example_external_task_marker_parent', 'example_external_task_marker_child' retrieved from /home/airflow/.local/lib/python3.12/site-packages/airflow/example_dags/example_external_task_marker_dag.py
[2025-09-16T23:43:50.429+0000] {logging_mixin.py:190} INFO - [2025-09-16T23:43:50.428+0000] {dag.py:3239} INFO - Sync 2 DAGs
[2025-09-16T23:43:50.445+0000] {logging_mixin.py:190} INFO - [2025-09-16T23:43:50.445+0000] {dag.py:4180} INFO - Setting next_dagrun for example_external_task_marker_child to None, run_after=None
[2025-09-16T23:43:50.449+0000] {logging_mixin.py:190} INFO - [2025-09-16T23:43:50.448+0000] {dag.py:4180} INFO - Setting next_dagrun for example_external_task_marker_parent to None, run_after=None
[2025-09-16T23:43:50.468+0000] {processor.py:208} INFO - Processing /home/airflow/.local/lib/python3.12/site-packages/airflow/example_dags/example_external_task_marker_dag.py took 0.070 seconds
[2025-09-16T23:44:21.242+0000] {processor.py:186} INFO - Started process (PID=452) to work on /home/airflow/.local/lib/python3.12/site-packages/airflow/example_dags/example_external_task_marker_dag.py
[2025-09-16T23:44:21.243+0000] {processor.py:914} INFO - Processing file /home/airflow/.local/lib/python3.12/site-packages/airflow/example_dags/example_external_task_marker_dag.py for tasks to queue
[2025-09-16T23:44:21.244+0000] {logging_mixin.py:190} INFO - [2025-09-16T23:44:21.244+0000] {dagbag.py:588} INFO - Filling up the DagBag from /home/airflow/.local/lib/python3.12/site-packages/airflow/example_dags/example_external_task_marker_dag.py
[2025-09-16T23:44:21.249+0000] {processor.py:925} INFO - DAG(s) 'example_external_task_marker_child', 'example_external_task_marker_parent' retrieved from /home/airflow/.local/lib/python3.12/site-packages/airflow/example_dags/example_external_task_marker_dag.py
[2025-09-16T23:44:21.260+0000] {logging_mixin.py:190} INFO - [2025-09-16T23:44:21.260+0000] {dag.py:3239} INFO - Sync 2 DAGs
[2025-09-16T23:44:21.267+0000] {logging_mixin.py:190} INFO - [2025-09-16T23:44:21.267+0000] {dag.py:4180} INFO - Setting next_dagrun for example_external_task_marker_child to None, run_after=None
[2025-09-16T23:44:21.268+0000] {logging_mixin.py:190} INFO - [2025-09-16T23:44:21.268+0000] {dag.py:4180} INFO - Setting next_dagrun for example_external_task_marker_parent to None, run_after=None
[2025-09-16T23:44:21.275+0000] {processor.py:208} INFO - Processing /home/airflow/.local/lib/python3.12/site-packages/airflow/example_dags/example_external_task_marker_dag.py took 0.036 seconds
[2025-09-16T23:44:51.923+0000] {processor.py:186} INFO - Started process (PID=515) to work on /home/airflow/.local/lib/python3.12/site-packages/airflow/example_dags/example_external_task_marker_dag.py
[2025-09-16T23:44:51.923+0000] {processor.py:914} INFO - Processing file /home/airflow/.local/lib/python3.12/site-packages/airflow/example_dags/example_external_task_marker_dag.py for tasks to queue
[2025-09-16T23:44:51.924+0000] {logging_mixin.py:190} INFO - [2025-09-16T23:44:51.924+0000] {dagbag.py:588} INFO - Filling up the DagBag from /home/airflow/.local/lib/python3.12/site-packages/airflow/example_dags/example_external_task_marker_dag.py
[2025-09-16T23:44:51.929+0000] {processor.py:925} INFO - DAG(s) 'example_external_task_marker_child', 'example_external_task_marker_parent' retrieved from /home/airflow/.local/lib/python3.12/site-packages/airflow/example_dags/example_external_task_marker_dag.py
[2025-09-16T23:44:51.939+0000] {logging_mixin.py:190} INFO - [2025-09-16T23:44:51.939+0000] {dag.py:3239} INFO - Sync 2 DAGs
[2025-09-16T23:44:51.946+0000] {logging_mixin.py:190} INFO - [2025-09-16T23:44:51.946+0000] {dag.py:4180} INFO - Setting next_dagrun for example_external_task_marker_child to None, run_after=None
[2025-09-16T23:44:51.948+0000] {logging_mixin.py:190} INFO - [2025-09-16T23:44:51.948+0000] {dag.py:4180} INFO - Setting next_dagrun for example_external_task_marker_parent to None, run_after=None
[2025-09-16T23:44:51.956+0000] {processor.py:208} INFO - Processing /home/airflow/.local/lib/python3.12/site-packages/airflow/example_dags/example_external_task_marker_dag.py took 0.036 seconds
[2025-09-16T23:45:22.185+0000] {processor.py:186} INFO - Started process (PID=578) to work on /home/airflow/.local/lib/python3.12/site-packages/airflow/example_dags/example_external_task_marker_dag.py
[2025-09-16T23:45:22.186+0000] {processor.py:914} INFO - Processing file /home/airflow/.local/lib/python3.12/site-packages/airflow/example_dags/example_external_task_marker_dag.py for tasks to queue
[2025-09-16T23:45:22.187+0000] {logging_mixin.py:190} INFO - [2025-09-16T23:45:22.187+0000] {dagbag.py:588} INFO - Filling up the DagBag from /home/airflow/.local/lib/python3.12/site-packages/airflow/example_dags/example_external_task_marker_dag.py
[2025-09-16T23:45:22.191+0000] {processor.py:925} INFO - DAG(s) 'example_external_task_marker_child', 'example_external_task_marker_parent' retrieved from /home/airflow/.local/lib/python3.12/site-packages/airflow/example_dags/example_external_task_marker_dag.py
[2025-09-16T23:45:22.202+0000] {logging_mixin.py:190} INFO - [2025-09-16T23:45:22.202+0000] {dag.py:3239} INFO - Sync 2 DAGs
[2025-09-16T23:45:22.209+0000] {logging_mixin.py:190} INFO - [2025-09-16T23:45:22.208+0000] {dag.py:4180} INFO - Setting next_dagrun for example_external_task_marker_child to None, run_after=None
[2025-09-16T23:45:22.210+0000] {logging_mixin.py:190} INFO - [2025-09-16T23:45:22.210+0000] {dag.py:4180} INFO - Setting next_dagrun for example_external_task_marker_parent to None, run_after=None
[2025-09-16T23:45:22.217+0000] {processor.py:208} INFO - Processing /home/airflow/.local/lib/python3.12/site-packages/airflow/example_dags/example_external_task_marker_dag.py took 0.035 seconds
[2025-09-16T23:45:52.912+0000] {processor.py:186} INFO - Started process (PID=641) to work on /home/airflow/.local/lib/python3.12/site-packages/airflow/example_dags/example_external_task_marker_dag.py
[2025-09-16T23:45:52.912+0000] {processor.py:914} INFO - Processing file /home/airflow/.local/lib/python3.12/site-packages/airflow/example_dags/example_external_task_marker_dag.py for tasks to queue
[2025-09-16T23:45:52.913+0000] {logging_mixin.py:190} INFO - [2025-09-16T23:45:52.913+0000] {dagbag.py:588} INFO - Filling up the DagBag from /home/airflow/.local/lib/python3.12/site-packages/airflow/example_dags/example_external_task_marker_dag.py
[2025-09-16T23:45:52.918+0000] {processor.py:925} INFO - DAG(s) 'example_external_task_marker_child', 'example_external_task_marker_parent' retrieved from /home/airflow/.local/lib/python3.12/site-packages/airflow/example_dags/example_external_task_marker_dag.py
[2025-09-16T23:45:52.928+0000] {logging_mixin.py:190} INFO - [2025-09-16T23:45:52.928+0000] {dag.py:3239} INFO - Sync 2 DAGs
[2025-09-16T23:45:52.935+0000] {logging_mixin.py:190} INFO - [2025-09-16T23:45:52.935+0000] {dag.py:4180} INFO - Setting next_dagrun for example_external_task_marker_child to None, run_after=None
[2025-09-16T23:45:52.936+0000] {logging_mixin.py:190} INFO - [2025-09-16T23:45:52.936+0000] {dag.py:4180} INFO - Setting next_dagrun for example_external_task_marker_parent to None, run_after=None
[2025-09-16T23:45:52.943+0000] {processor.py:208} INFO - Processing /home/airflow/.local/lib/python3.12/site-packages/airflow/example_dags/example_external_task_marker_dag.py took 0.034 seconds
[2025-09-16T23:46:23.507+0000] {processor.py:186} INFO - Started process (PID=704) to work on /home/airflow/.local/lib/python3.12/site-packages/airflow/example_dags/example_external_task_marker_dag.py
[2025-09-16T23:46:23.508+0000] {processor.py:914} INFO - Processing file /home/airflow/.local/lib/python3.12/site-packages/airflow/example_dags/example_external_task_marker_dag.py for tasks to queue
[2025-09-16T23:46:23.510+0000] {logging_mixin.py:190} INFO - [2025-09-16T23:46:23.510+0000] {dagbag.py:588} INFO - Filling up the DagBag from /home/airflow/.local/lib/python3.12/site-packages/airflow/example_dags/example_external_task_marker_dag.py
[2025-09-16T23:46:23.519+0000] {processor.py:925} INFO - DAG(s) 'example_external_task_marker_child', 'example_external_task_marker_parent' retrieved from /home/airflow/.local/lib/python3.12/site-packages/airflow/example_dags/example_external_task_marker_dag.py
[2025-09-16T23:46:23.533+0000] {logging_mixin.py:190} INFO - [2025-09-16T23:46:23.533+0000] {dag.py:3239} INFO - Sync 2 DAGs
[2025-09-16T23:46:23.542+0000] {logging_mixin.py:190} INFO - [2025-09-16T23:46:23.541+0000] {dag.py:4180} INFO - Setting next_dagrun for example_external_task_marker_child to None, run_after=None
[2025-09-16T23:46:23.545+0000] {logging_mixin.py:190} INFO - [2025-09-16T23:46:23.545+0000] {dag.py:4180} INFO - Setting next_dagrun for example_external_task_marker_parent to None, run_after=None
[2025-09-16T23:46:23.552+0000] {processor.py:208} INFO - Processing /home/airflow/.local/lib/python3.12/site-packages/airflow/example_dags/example_external_task_marker_dag.py took 0.052 seconds
[2025-09-16T23:46:54.100+0000] {processor.py:186} INFO - Started process (PID=767) to work on /home/airflow/.local/lib/python3.12/site-packages/airflow/example_dags/example_external_task_marker_dag.py
[2025-09-16T23:46:54.100+0000] {processor.py:914} INFO - Processing file /home/airflow/.local/lib/python3.12/site-packages/airflow/example_dags/example_external_task_marker_dag.py for tasks to queue
[2025-09-16T23:46:54.102+0000] {logging_mixin.py:190} INFO - [2025-09-16T23:46:54.101+0000] {dagbag.py:588} INFO - Filling up the DagBag from /home/airflow/.local/lib/python3.12/site-packages/airflow/example_dags/example_external_task_marker_dag.py
[2025-09-16T23:46:54.106+0000] {processor.py:925} INFO - DAG(s) 'example_external_task_marker_child', 'example_external_task_marker_parent' retrieved from /home/airflow/.local/lib/python3.12/site-packages/airflow/example_dags/example_external_task_marker_dag.py
[2025-09-16T23:46:54.118+0000] {logging_mixin.py:190} INFO - [2025-09-16T23:46:54.118+0000] {dag.py:3239} INFO - Sync 2 DAGs
[2025-09-16T23:46:54.125+0000] {logging_mixin.py:190} INFO - [2025-09-16T23:46:54.125+0000] {dag.py:4180} INFO - Setting next_dagrun for example_external_task_marker_child to None, run_after=None
[2025-09-16T23:46:54.127+0000] {logging_mixin.py:190} INFO - [2025-09-16T23:46:54.127+0000] {dag.py:4180} INFO - Setting next_dagrun for example_external_task_marker_parent to None, run_after=None
[2025-09-16T23:46:54.135+0000] {processor.py:208} INFO - Processing /home/airflow/.local/lib/python3.12/site-packages/airflow/example_dags/example_external_task_marker_dag.py took 0.038 seconds
[2025-09-16T23:47:24.837+0000] {processor.py:186} INFO - Started process (PID=830) to work on /home/airflow/.local/lib/python3.12/site-packages/airflow/example_dags/example_external_task_marker_dag.py
[2025-09-16T23:47:24.838+0000] {processor.py:914} INFO - Processing file /home/airflow/.local/lib/python3.12/site-packages/airflow/example_dags/example_external_task_marker_dag.py for tasks to queue
[2025-09-16T23:47:24.839+0000] {logging_mixin.py:190} INFO - [2025-09-16T23:47:24.839+0000] {dagbag.py:588} INFO - Filling up the DagBag from /home/airflow/.local/lib/python3.12/site-packages/airflow/example_dags/example_external_task_marker_dag.py
[2025-09-16T23:47:24.849+0000] {processor.py:925} INFO - DAG(s) 'example_external_task_marker_parent', 'example_external_task_marker_child' retrieved from /home/airflow/.local/lib/python3.12/site-packages/airflow/example_dags/example_external_task_marker_dag.py
[2025-09-16T23:47:24.866+0000] {logging_mixin.py:190} INFO - [2025-09-16T23:47:24.865+0000] {dag.py:3239} INFO - Sync 2 DAGs
[2025-09-16T23:47:24.875+0000] {logging_mixin.py:190} INFO - [2025-09-16T23:47:24.874+0000] {dag.py:4180} INFO - Setting next_dagrun for example_external_task_marker_child to None, run_after=None
[2025-09-16T23:47:24.876+0000] {logging_mixin.py:190} INFO - [2025-09-16T23:47:24.876+0000] {dag.py:4180} INFO - Setting next_dagrun for example_external_task_marker_parent to None, run_after=None
[2025-09-16T23:47:24.883+0000] {processor.py:208} INFO - Processing /home/airflow/.local/lib/python3.12/site-packages/airflow/example_dags/example_external_task_marker_dag.py took 0.049 seconds
[2025-09-16T23:47:55.469+0000] {processor.py:186} INFO - Started process (PID=893) to work on /home/airflow/.local/lib/python3.12/site-packages/airflow/example_dags/example_external_task_marker_dag.py
[2025-09-16T23:47:55.470+0000] {processor.py:914} INFO - Processing file /home/airflow/.local/lib/python3.12/site-packages/airflow/example_dags/example_external_task_marker_dag.py for tasks to queue
[2025-09-16T23:47:55.474+0000] {logging_mixin.py:190} INFO - [2025-09-16T23:47:55.474+0000] {dagbag.py:588} INFO - Filling up the DagBag from /home/airflow/.local/lib/python3.12/site-packages/airflow/example_dags/example_external_task_marker_dag.py
[2025-09-16T23:47:55.479+0000] {processor.py:925} INFO - DAG(s) 'example_external_task_marker_parent', 'example_external_task_marker_child' retrieved from /home/airflow/.local/lib/python3.12/site-packages/airflow/example_dags/example_external_task_marker_dag.py
[2025-09-16T23:47:55.492+0000] {logging_mixin.py:190} INFO - [2025-09-16T23:47:55.492+0000] {dag.py:3239} INFO - Sync 2 DAGs
[2025-09-16T23:47:55.500+0000] {logging_mixin.py:190} INFO - [2025-09-16T23:47:55.499+0000] {dag.py:4180} INFO - Setting next_dagrun for example_external_task_marker_child to None, run_after=None
[2025-09-16T23:47:55.501+0000] {logging_mixin.py:190} INFO - [2025-09-16T23:47:55.501+0000] {dag.py:4180} INFO - Setting next_dagrun for example_external_task_marker_parent to None, run_after=None
[2025-09-16T23:47:55.508+0000] {processor.py:208} INFO - Processing /home/airflow/.local/lib/python3.12/site-packages/airflow/example_dags/example_external_task_marker_dag.py took 0.042 seconds
[2025-09-16T23:48:26.383+0000] {processor.py:186} INFO - Started process (PID=956) to work on /home/airflow/.local/lib/python3.12/site-packages/airflow/example_dags/example_external_task_marker_dag.py
[2025-09-16T23:48:26.384+0000] {processor.py:914} INFO - Processing file /home/airflow/.local/lib/python3.12/site-packages/airflow/example_dags/example_external_task_marker_dag.py for tasks to queue
[2025-09-16T23:48:26.385+0000] {logging_mixin.py:190} INFO - [2025-09-16T23:48:26.385+0000] {dagbag.py:588} INFO - Filling up the DagBag from /home/airflow/.local/lib/python3.12/site-packages/airflow/example_dags/example_external_task_marker_dag.py
[2025-09-16T23:48:26.389+0000] {processor.py:925} INFO - DAG(s) 'example_external_task_marker_child', 'example_external_task_marker_parent' retrieved from /home/airflow/.local/lib/python3.12/site-packages/airflow/example_dags/example_external_task_marker_dag.py
[2025-09-16T23:48:26.400+0000] {logging_mixin.py:190} INFO - [2025-09-16T23:48:26.400+0000] {dag.py:3239} INFO - Sync 2 DAGs
[2025-09-16T23:48:26.407+0000] {logging_mixin.py:190} INFO - [2025-09-16T23:48:26.407+0000] {dag.py:4180} INFO - Setting next_dagrun for example_external_task_marker_child to None, run_after=None
[2025-09-16T23:48:26.408+0000] {logging_mixin.py:190} INFO - [2025-09-16T23:48:26.408+0000] {dag.py:4180} INFO - Setting next_dagrun for example_external_task_marker_parent to None, run_after=None
[2025-09-16T23:48:26.415+0000] {processor.py:208} INFO - Processing /home/airflow/.local/lib/python3.12/site-packages/airflow/example_dags/example_external_task_marker_dag.py took 0.037 seconds
[2025-09-16T23:48:57.259+0000] {processor.py:186} INFO - Started process (PID=1019) to work on /home/airflow/.local/lib/python3.12/site-packages/airflow/example_dags/example_external_task_marker_dag.py
[2025-09-16T23:48:57.260+0000] {processor.py:914} INFO - Processing file /home/airflow/.local/lib/python3.12/site-packages/airflow/example_dags/example_external_task_marker_dag.py for tasks to queue
[2025-09-16T23:48:57.261+0000] {logging_mixin.py:190} INFO - [2025-09-16T23:48:57.261+0000] {dagbag.py:588} INFO - Filling up the DagBag from /home/airflow/.local/lib/python3.12/site-packages/airflow/example_dags/example_external_task_marker_dag.py
[2025-09-16T23:48:57.265+0000] {processor.py:925} INFO - DAG(s) 'example_external_task_marker_child', 'example_external_task_marker_parent' retrieved from /home/airflow/.local/lib/python3.12/site-packages/airflow/example_dags/example_external_task_marker_dag.py
[2025-09-16T23:48:57.277+0000] {logging_mixin.py:190} INFO - [2025-09-16T23:48:57.277+0000] {dag.py:3239} INFO - Sync 2 DAGs
[2025-09-16T23:48:57.285+0000] {logging_mixin.py:190} INFO - [2025-09-16T23:48:57.285+0000] {dag.py:4180} INFO - Setting next_dagrun for example_external_task_marker_child to None, run_after=None
[2025-09-16T23:48:57.287+0000] {logging_mixin.py:190} INFO - [2025-09-16T23:48:57.287+0000] {dag.py:4180} INFO - Setting next_dagrun for example_external_task_marker_parent to None, run_after=None
[2025-09-16T23:48:57.293+0000] {processor.py:208} INFO - Processing /home/airflow/.local/lib/python3.12/site-packages/airflow/example_dags/example_external_task_marker_dag.py took 0.037 seconds
[2025-09-16T23:49:28.147+0000] {processor.py:186} INFO - Started process (PID=1082) to work on /home/airflow/.local/lib/python3.12/site-packages/airflow/example_dags/example_external_task_marker_dag.py
[2025-09-16T23:49:28.147+0000] {processor.py:914} INFO - Processing file /home/airflow/.local/lib/python3.12/site-packages/airflow/example_dags/example_external_task_marker_dag.py for tasks to queue
[2025-09-16T23:49:28.148+0000] {logging_mixin.py:190} INFO - [2025-09-16T23:49:28.148+0000] {dagbag.py:588} INFO - Filling up the DagBag from /home/airflow/.local/lib/python3.12/site-packages/airflow/example_dags/example_external_task_marker_dag.py
[2025-09-16T23:49:28.153+0000] {processor.py:925} INFO - DAG(s) 'example_external_task_marker_child', 'example_external_task_marker_parent' retrieved from /home/airflow/.local/lib/python3.12/site-packages/airflow/example_dags/example_external_task_marker_dag.py
[2025-09-16T23:49:28.163+0000] {logging_mixin.py:190} INFO - [2025-09-16T23:49:28.163+0000] {dag.py:3239} INFO - Sync 2 DAGs
[2025-09-16T23:49:28.170+0000] {logging_mixin.py:190} INFO - [2025-09-16T23:49:28.170+0000] {dag.py:4180} INFO - Setting next_dagrun for example_external_task_marker_child to None, run_after=None
[2025-09-16T23:49:28.172+0000] {logging_mixin.py:190} INFO - [2025-09-16T23:49:28.172+0000] {dag.py:4180} INFO - Setting next_dagrun for example_external_task_marker_parent to None, run_after=None
[2025-09-16T23:49:28.178+0000] {processor.py:208} INFO - Processing /home/airflow/.local/lib/python3.12/site-packages/airflow/example_dags/example_external_task_marker_dag.py took 0.034 seconds
[2025-09-16T23:49:58.594+0000] {processor.py:186} INFO - Started process (PID=1145) to work on /home/airflow/.local/lib/python3.12/site-packages/airflow/example_dags/example_external_task_marker_dag.py
[2025-09-16T23:49:58.595+0000] {processor.py:914} INFO - Processing file /home/airflow/.local/lib/python3.12/site-packages/airflow/example_dags/example_external_task_marker_dag.py for tasks to queue
[2025-09-16T23:49:58.596+0000] {logging_mixin.py:190} INFO - [2025-09-16T23:49:58.596+0000] {dagbag.py:588} INFO - Filling up the DagBag from /home/airflow/.local/lib/python3.12/site-packages/airflow/example_dags/example_external_task_marker_dag.py
[2025-09-16T23:49:58.601+0000] {processor.py:925} INFO - DAG(s) 'example_external_task_marker_child', 'example_external_task_marker_parent' retrieved from /home/airflow/.local/lib/python3.12/site-packages/airflow/example_dags/example_external_task_marker_dag.py
[2025-09-16T23:49:58.612+0000] {logging_mixin.py:190} INFO - [2025-09-16T23:49:58.612+0000] {dag.py:3239} INFO - Sync 2 DAGs
[2025-09-16T23:49:58.619+0000] {logging_mixin.py:190} INFO - [2025-09-16T23:49:58.619+0000] {dag.py:4180} INFO - Setting next_dagrun for example_external_task_marker_child to None, run_after=None
[2025-09-16T23:49:58.621+0000] {logging_mixin.py:190} INFO - [2025-09-16T23:49:58.621+0000] {dag.py:4180} INFO - Setting next_dagrun for example_external_task_marker_parent to None, run_after=None
[2025-09-16T23:49:58.630+0000] {processor.py:208} INFO - Processing /home/airflow/.local/lib/python3.12/site-packages/airflow/example_dags/example_external_task_marker_dag.py took 0.039 seconds
[2025-09-16T23:50:29.091+0000] {processor.py:186} INFO - Started process (PID=1208) to work on /home/airflow/.local/lib/python3.12/site-packages/airflow/example_dags/example_external_task_marker_dag.py
[2025-09-16T23:50:29.092+0000] {processor.py:914} INFO - Processing file /home/airflow/.local/lib/python3.12/site-packages/airflow/example_dags/example_external_task_marker_dag.py for tasks to queue
[2025-09-16T23:50:29.093+0000] {logging_mixin.py:190} INFO - [2025-09-16T23:50:29.093+0000] {dagbag.py:588} INFO - Filling up the DagBag from /home/airflow/.local/lib/python3.12/site-packages/airflow/example_dags/example_external_task_marker_dag.py
[2025-09-16T23:50:29.098+0000] {processor.py:925} INFO - DAG(s) 'example_external_task_marker_child', 'example_external_task_marker_parent' retrieved from /home/airflow/.local/lib/python3.12/site-packages/airflow/example_dags/example_external_task_marker_dag.py
[2025-09-16T23:50:29.109+0000] {logging_mixin.py:190} INFO - [2025-09-16T23:50:29.109+0000] {dag.py:3239} INFO - Sync 2 DAGs
[2025-09-16T23:50:29.118+0000] {logging_mixin.py:190} INFO - [2025-09-16T23:50:29.118+0000] {dag.py:4180} INFO - Setting next_dagrun for example_external_task_marker_child to None, run_after=None
[2025-09-16T23:50:29.120+0000] {logging_mixin.py:190} INFO - [2025-09-16T23:50:29.120+0000] {dag.py:4180} INFO - Setting next_dagrun for example_external_task_marker_parent to None, run_after=None
[2025-09-16T23:50:29.128+0000] {processor.py:208} INFO - Processing /home/airflow/.local/lib/python3.12/site-packages/airflow/example_dags/example_external_task_marker_dag.py took 0.042 seconds
[2025-09-16T23:50:59.194+0000] {processor.py:186} INFO - Started process (PID=1271) to work on /home/airflow/.local/lib/python3.12/site-packages/airflow/example_dags/example_external_task_marker_dag.py
[2025-09-16T23:50:59.195+0000] {processor.py:914} INFO - Processing file /home/airflow/.local/lib/python3.12/site-packages/airflow/example_dags/example_external_task_marker_dag.py for tasks to queue
[2025-09-16T23:50:59.196+0000] {logging_mixin.py:190} INFO - [2025-09-16T23:50:59.196+0000] {dagbag.py:588} INFO - Filling up the DagBag from /home/airflow/.local/lib/python3.12/site-packages/airflow/example_dags/example_external_task_marker_dag.py
[2025-09-16T23:50:59.201+0000] {processor.py:925} INFO - DAG(s) 'example_external_task_marker_parent', 'example_external_task_marker_child' retrieved from /home/airflow/.local/lib/python3.12/site-packages/airflow/example_dags/example_external_task_marker_dag.py
[2025-09-16T23:50:59.212+0000] {logging_mixin.py:190} INFO - [2025-09-16T23:50:59.212+0000] {dag.py:3239} INFO - Sync 2 DAGs
[2025-09-16T23:50:59.223+0000] {logging_mixin.py:190} INFO - [2025-09-16T23:50:59.222+0000] {dag.py:4180} INFO - Setting next_dagrun for example_external_task_marker_child to None, run_after=None
[2025-09-16T23:50:59.225+0000] {logging_mixin.py:190} INFO - [2025-09-16T23:50:59.225+0000] {dag.py:4180} INFO - Setting next_dagrun for example_external_task_marker_parent to None, run_after=None
[2025-09-16T23:50:59.235+0000] {processor.py:208} INFO - Processing /home/airflow/.local/lib/python3.12/site-packages/airflow/example_dags/example_external_task_marker_dag.py took 0.044 seconds
[2025-09-16T23:51:29.545+0000] {processor.py:186} INFO - Started process (PID=1334) to work on /home/airflow/.local/lib/python3.12/site-packages/airflow/example_dags/example_external_task_marker_dag.py
[2025-09-16T23:51:29.546+0000] {processor.py:914} INFO - Processing file /home/airflow/.local/lib/python3.12/site-packages/airflow/example_dags/example_external_task_marker_dag.py for tasks to queue
[2025-09-16T23:51:29.547+0000] {logging_mixin.py:190} INFO - [2025-09-16T23:51:29.547+0000] {dagbag.py:588} INFO - Filling up the DagBag from /home/airflow/.local/lib/python3.12/site-packages/airflow/example_dags/example_external_task_marker_dag.py
[2025-09-16T23:51:29.552+0000] {processor.py:925} INFO - DAG(s) 'example_external_task_marker_child', 'example_external_task_marker_parent' retrieved from /home/airflow/.local/lib/python3.12/site-packages/airflow/example_dags/example_external_task_marker_dag.py
[2025-09-16T23:51:29.566+0000] {logging_mixin.py:190} INFO - [2025-09-16T23:51:29.566+0000] {dag.py:3239} INFO - Sync 2 DAGs
[2025-09-16T23:51:29.573+0000] {logging_mixin.py:190} INFO - [2025-09-16T23:51:29.573+0000] {dag.py:4180} INFO - Setting next_dagrun for example_external_task_marker_child to None, run_after=None
[2025-09-16T23:51:29.576+0000] {logging_mixin.py:190} INFO - [2025-09-16T23:51:29.576+0000] {dag.py:4180} INFO - Setting next_dagrun for example_external_task_marker_parent to None, run_after=None
[2025-09-16T23:51:29.584+0000] {processor.py:208} INFO - Processing /home/airflow/.local/lib/python3.12/site-packages/airflow/example_dags/example_external_task_marker_dag.py took 0.042 seconds
[2025-09-16T23:52:00.038+0000] {processor.py:186} INFO - Started process (PID=1397) to work on /home/airflow/.local/lib/python3.12/site-packages/airflow/example_dags/example_external_task_marker_dag.py
[2025-09-16T23:52:00.039+0000] {processor.py:914} INFO - Processing file /home/airflow/.local/lib/python3.12/site-packages/airflow/example_dags/example_external_task_marker_dag.py for tasks to queue
[2025-09-16T23:52:00.040+0000] {logging_mixin.py:190} INFO - [2025-09-16T23:52:00.040+0000] {dagbag.py:588} INFO - Filling up the DagBag from /home/airflow/.local/lib/python3.12/site-packages/airflow/example_dags/example_external_task_marker_dag.py
[2025-09-16T23:52:00.045+0000] {processor.py:925} INFO - DAG(s) 'example_external_task_marker_child', 'example_external_task_marker_parent' retrieved from /home/airflow/.local/lib/python3.12/site-packages/airflow/example_dags/example_external_task_marker_dag.py
[2025-09-16T23:52:00.061+0000] {logging_mixin.py:190} INFO - [2025-09-16T23:52:00.060+0000] {dag.py:3239} INFO - Sync 2 DAGs
[2025-09-16T23:52:00.070+0000] {logging_mixin.py:190} INFO - [2025-09-16T23:52:00.070+0000] {dag.py:4180} INFO - Setting next_dagrun for example_external_task_marker_child to None, run_after=None
[2025-09-16T23:52:00.072+0000] {logging_mixin.py:190} INFO - [2025-09-16T23:52:00.072+0000] {dag.py:4180} INFO - Setting next_dagrun for example_external_task_marker_parent to None, run_after=None
[2025-09-16T23:52:00.084+0000] {processor.py:208} INFO - Processing /home/airflow/.local/lib/python3.12/site-packages/airflow/example_dags/example_external_task_marker_dag.py took 0.049 seconds
[2025-09-16T23:52:30.292+0000] {processor.py:186} INFO - Started process (PID=1460) to work on /home/airflow/.local/lib/python3.12/site-packages/airflow/example_dags/example_external_task_marker_dag.py
[2025-09-16T23:52:30.292+0000] {processor.py:914} INFO - Processing file /home/airflow/.local/lib/python3.12/site-packages/airflow/example_dags/example_external_task_marker_dag.py for tasks to queue
[2025-09-16T23:52:30.293+0000] {logging_mixin.py:190} INFO - [2025-09-16T23:52:30.293+0000] {dagbag.py:588} INFO - Filling up the DagBag from /home/airflow/.local/lib/python3.12/site-packages/airflow/example_dags/example_external_task_marker_dag.py
[2025-09-16T23:52:30.297+0000] {processor.py:925} INFO - DAG(s) 'example_external_task_marker_parent', 'example_external_task_marker_child' retrieved from /home/airflow/.local/lib/python3.12/site-packages/airflow/example_dags/example_external_task_marker_dag.py
[2025-09-16T23:52:30.310+0000] {logging_mixin.py:190} INFO - [2025-09-16T23:52:30.310+0000] {dag.py:3239} INFO - Sync 2 DAGs
[2025-09-16T23:52:30.318+0000] {logging_mixin.py:190} INFO - [2025-09-16T23:52:30.318+0000] {dag.py:4180} INFO - Setting next_dagrun for example_external_task_marker_child to None, run_after=None
[2025-09-16T23:52:30.320+0000] {logging_mixin.py:190} INFO - [2025-09-16T23:52:30.320+0000] {dag.py:4180} INFO - Setting next_dagrun for example_external_task_marker_parent to None, run_after=None
[2025-09-16T23:52:30.328+0000] {processor.py:208} INFO - Processing /home/airflow/.local/lib/python3.12/site-packages/airflow/example_dags/example_external_task_marker_dag.py took 0.040 seconds
[2025-09-16T23:53:00.758+0000] {processor.py:186} INFO - Started process (PID=1523) to work on /home/airflow/.local/lib/python3.12/site-packages/airflow/example_dags/example_external_task_marker_dag.py
[2025-09-16T23:53:00.760+0000] {processor.py:914} INFO - Processing file /home/airflow/.local/lib/python3.12/site-packages/airflow/example_dags/example_external_task_marker_dag.py for tasks to queue
[2025-09-16T23:53:00.762+0000] {logging_mixin.py:190} INFO - [2025-09-16T23:53:00.762+0000] {dagbag.py:588} INFO - Filling up the DagBag from /home/airflow/.local/lib/python3.12/site-packages/airflow/example_dags/example_external_task_marker_dag.py
[2025-09-16T23:53:00.768+0000] {processor.py:925} INFO - DAG(s) 'example_external_task_marker_child', 'example_external_task_marker_parent' retrieved from /home/airflow/.local/lib/python3.12/site-packages/airflow/example_dags/example_external_task_marker_dag.py
[2025-09-16T23:53:00.782+0000] {logging_mixin.py:190} INFO - [2025-09-16T23:53:00.781+0000] {dag.py:3239} INFO - Sync 2 DAGs
[2025-09-16T23:53:00.790+0000] {logging_mixin.py:190} INFO - [2025-09-16T23:53:00.790+0000] {dag.py:4180} INFO - Setting next_dagrun for example_external_task_marker_child to None, run_after=None
[2025-09-16T23:53:00.792+0000] {logging_mixin.py:190} INFO - [2025-09-16T23:53:00.792+0000] {dag.py:4180} INFO - Setting next_dagrun for example_external_task_marker_parent to None, run_after=None
[2025-09-16T23:53:00.804+0000] {processor.py:208} INFO - Processing /home/airflow/.local/lib/python3.12/site-packages/airflow/example_dags/example_external_task_marker_dag.py took 0.049 seconds
[2025-09-16T23:53:31.191+0000] {processor.py:186} INFO - Started process (PID=1586) to work on /home/airflow/.local/lib/python3.12/site-packages/airflow/example_dags/example_external_task_marker_dag.py
[2025-09-16T23:53:31.191+0000] {processor.py:914} INFO - Processing file /home/airflow/.local/lib/python3.12/site-packages/airflow/example_dags/example_external_task_marker_dag.py for tasks to queue
[2025-09-16T23:53:31.192+0000] {logging_mixin.py:190} INFO - [2025-09-16T23:53:31.192+0000] {dagbag.py:588} INFO - Filling up the DagBag from /home/airflow/.local/lib/python3.12/site-packages/airflow/example_dags/example_external_task_marker_dag.py
[2025-09-16T23:53:31.198+0000] {processor.py:925} INFO - DAG(s) 'example_external_task_marker_parent', 'example_external_task_marker_child' retrieved from /home/airflow/.local/lib/python3.12/site-packages/airflow/example_dags/example_external_task_marker_dag.py
[2025-09-16T23:53:31.214+0000] {logging_mixin.py:190} INFO - [2025-09-16T23:53:31.213+0000] {dag.py:3239} INFO - Sync 2 DAGs
[2025-09-16T23:53:31.221+0000] {logging_mixin.py:190} INFO - [2025-09-16T23:53:31.221+0000] {dag.py:4180} INFO - Setting next_dagrun for example_external_task_marker_child to None, run_after=None
[2025-09-16T23:53:31.224+0000] {logging_mixin.py:190} INFO - [2025-09-16T23:53:31.223+0000] {dag.py:4180} INFO - Setting next_dagrun for example_external_task_marker_parent to None, run_after=None
[2025-09-16T23:53:31.233+0000] {processor.py:208} INFO - Processing /home/airflow/.local/lib/python3.12/site-packages/airflow/example_dags/example_external_task_marker_dag.py took 0.046 seconds
[2025-09-16T23:54:01.582+0000] {processor.py:186} INFO - Started process (PID=1649) to work on /home/airflow/.local/lib/python3.12/site-packages/airflow/example_dags/example_external_task_marker_dag.py
[2025-09-16T23:54:01.584+0000] {processor.py:914} INFO - Processing file /home/airflow/.local/lib/python3.12/site-packages/airflow/example_dags/example_external_task_marker_dag.py for tasks to queue
[2025-09-16T23:54:01.588+0000] {logging_mixin.py:190} INFO - [2025-09-16T23:54:01.587+0000] {dagbag.py:588} INFO - Filling up the DagBag from /home/airflow/.local/lib/python3.12/site-packages/airflow/example_dags/example_external_task_marker_dag.py
[2025-09-16T23:54:01.594+0000] {processor.py:925} INFO - DAG(s) 'example_external_task_marker_child', 'example_external_task_marker_parent' retrieved from /home/airflow/.local/lib/python3.12/site-packages/airflow/example_dags/example_external_task_marker_dag.py
[2025-09-16T23:54:01.612+0000] {logging_mixin.py:190} INFO - [2025-09-16T23:54:01.612+0000] {dag.py:3239} INFO - Sync 2 DAGs
[2025-09-16T23:54:01.621+0000] {logging_mixin.py:190} INFO - [2025-09-16T23:54:01.621+0000] {dag.py:4180} INFO - Setting next_dagrun for example_external_task_marker_child to None, run_after=None
[2025-09-16T23:54:01.624+0000] {logging_mixin.py:190} INFO - [2025-09-16T23:54:01.624+0000] {dag.py:4180} INFO - Setting next_dagrun for example_external_task_marker_parent to None, run_after=None
[2025-09-16T23:54:01.636+0000] {processor.py:208} INFO - Processing /home/airflow/.local/lib/python3.12/site-packages/airflow/example_dags/example_external_task_marker_dag.py took 0.058 seconds
[2025-09-16T23:54:32.053+0000] {processor.py:186} INFO - Started process (PID=1712) to work on /home/airflow/.local/lib/python3.12/site-packages/airflow/example_dags/example_external_task_marker_dag.py
[2025-09-16T23:54:32.054+0000] {processor.py:914} INFO - Processing file /home/airflow/.local/lib/python3.12/site-packages/airflow/example_dags/example_external_task_marker_dag.py for tasks to queue
[2025-09-16T23:54:32.056+0000] {logging_mixin.py:190} INFO - [2025-09-16T23:54:32.056+0000] {dagbag.py:588} INFO - Filling up the DagBag from /home/airflow/.local/lib/python3.12/site-packages/airflow/example_dags/example_external_task_marker_dag.py
[2025-09-16T23:54:32.061+0000] {processor.py:925} INFO - DAG(s) 'example_external_task_marker_parent', 'example_external_task_marker_child' retrieved from /home/airflow/.local/lib/python3.12/site-packages/airflow/example_dags/example_external_task_marker_dag.py
[2025-09-16T23:54:32.080+0000] {logging_mixin.py:190} INFO - [2025-09-16T23:54:32.080+0000] {dag.py:3239} INFO - Sync 2 DAGs
[2025-09-16T23:54:32.096+0000] {logging_mixin.py:190} INFO - [2025-09-16T23:54:32.095+0000] {dag.py:4180} INFO - Setting next_dagrun for example_external_task_marker_child to None, run_after=None
[2025-09-16T23:54:32.099+0000] {logging_mixin.py:190} INFO - [2025-09-16T23:54:32.099+0000] {dag.py:4180} INFO - Setting next_dagrun for example_external_task_marker_parent to None, run_after=None
[2025-09-16T23:54:32.120+0000] {processor.py:208} INFO - Processing /home/airflow/.local/lib/python3.12/site-packages/airflow/example_dags/example_external_task_marker_dag.py took 0.075 seconds
[2025-09-16T23:55:02.826+0000] {processor.py:186} INFO - Started process (PID=1775) to work on /home/airflow/.local/lib/python3.12/site-packages/airflow/example_dags/example_external_task_marker_dag.py
[2025-09-16T23:55:02.827+0000] {processor.py:914} INFO - Processing file /home/airflow/.local/lib/python3.12/site-packages/airflow/example_dags/example_external_task_marker_dag.py for tasks to queue
[2025-09-16T23:55:02.828+0000] {logging_mixin.py:190} INFO - [2025-09-16T23:55:02.828+0000] {dagbag.py:588} INFO - Filling up the DagBag from /home/airflow/.local/lib/python3.12/site-packages/airflow/example_dags/example_external_task_marker_dag.py
[2025-09-16T23:55:02.833+0000] {processor.py:925} INFO - DAG(s) 'example_external_task_marker_child', 'example_external_task_marker_parent' retrieved from /home/airflow/.local/lib/python3.12/site-packages/airflow/example_dags/example_external_task_marker_dag.py
[2025-09-16T23:55:02.844+0000] {logging_mixin.py:190} INFO - [2025-09-16T23:55:02.844+0000] {dag.py:3239} INFO - Sync 2 DAGs
[2025-09-16T23:55:02.851+0000] {logging_mixin.py:190} INFO - [2025-09-16T23:55:02.851+0000] {dag.py:4180} INFO - Setting next_dagrun for example_external_task_marker_child to None, run_after=None
[2025-09-16T23:55:02.853+0000] {logging_mixin.py:190} INFO - [2025-09-16T23:55:02.853+0000] {dag.py:4180} INFO - Setting next_dagrun for example_external_task_marker_parent to None, run_after=None
[2025-09-16T23:55:02.860+0000] {processor.py:208} INFO - Processing /home/airflow/.local/lib/python3.12/site-packages/airflow/example_dags/example_external_task_marker_dag.py took 0.037 seconds
[2025-09-16T23:55:33.005+0000] {processor.py:186} INFO - Started process (PID=1838) to work on /home/airflow/.local/lib/python3.12/site-packages/airflow/example_dags/example_external_task_marker_dag.py
[2025-09-16T23:55:33.006+0000] {processor.py:914} INFO - Processing file /home/airflow/.local/lib/python3.12/site-packages/airflow/example_dags/example_external_task_marker_dag.py for tasks to queue
[2025-09-16T23:55:33.007+0000] {logging_mixin.py:190} INFO - [2025-09-16T23:55:33.006+0000] {dagbag.py:588} INFO - Filling up the DagBag from /home/airflow/.local/lib/python3.12/site-packages/airflow/example_dags/example_external_task_marker_dag.py
[2025-09-16T23:55:33.011+0000] {processor.py:925} INFO - DAG(s) 'example_external_task_marker_parent', 'example_external_task_marker_child' retrieved from /home/airflow/.local/lib/python3.12/site-packages/airflow/example_dags/example_external_task_marker_dag.py
[2025-09-16T23:55:33.024+0000] {logging_mixin.py:190} INFO - [2025-09-16T23:55:33.024+0000] {dag.py:3239} INFO - Sync 2 DAGs
[2025-09-16T23:55:33.031+0000] {logging_mixin.py:190} INFO - [2025-09-16T23:55:33.031+0000] {dag.py:4180} INFO - Setting next_dagrun for example_external_task_marker_child to None, run_after=None
[2025-09-16T23:55:33.033+0000] {logging_mixin.py:190} INFO - [2025-09-16T23:55:33.033+0000] {dag.py:4180} INFO - Setting next_dagrun for example_external_task_marker_parent to None, run_after=None
[2025-09-16T23:55:33.041+0000] {processor.py:208} INFO - Processing /home/airflow/.local/lib/python3.12/site-packages/airflow/example_dags/example_external_task_marker_dag.py took 0.039 seconds
[2025-09-16T23:56:03.141+0000] {processor.py:186} INFO - Started process (PID=1901) to work on /home/airflow/.local/lib/python3.12/site-packages/airflow/example_dags/example_external_task_marker_dag.py
[2025-09-16T23:56:03.142+0000] {processor.py:914} INFO - Processing file /home/airflow/.local/lib/python3.12/site-packages/airflow/example_dags/example_external_task_marker_dag.py for tasks to queue
[2025-09-16T23:56:03.143+0000] {logging_mixin.py:190} INFO - [2025-09-16T23:56:03.143+0000] {dagbag.py:588} INFO - Filling up the DagBag from /home/airflow/.local/lib/python3.12/site-packages/airflow/example_dags/example_external_task_marker_dag.py
[2025-09-16T23:56:03.148+0000] {processor.py:925} INFO - DAG(s) 'example_external_task_marker_child', 'example_external_task_marker_parent' retrieved from /home/airflow/.local/lib/python3.12/site-packages/airflow/example_dags/example_external_task_marker_dag.py
[2025-09-16T23:56:03.158+0000] {logging_mixin.py:190} INFO - [2025-09-16T23:56:03.158+0000] {dag.py:3239} INFO - Sync 2 DAGs
[2025-09-16T23:56:03.166+0000] {logging_mixin.py:190} INFO - [2025-09-16T23:56:03.166+0000] {dag.py:4180} INFO - Setting next_dagrun for example_external_task_marker_child to None, run_after=None
[2025-09-16T23:56:03.168+0000] {logging_mixin.py:190} INFO - [2025-09-16T23:56:03.168+0000] {dag.py:4180} INFO - Setting next_dagrun for example_external_task_marker_parent to None, run_after=None
[2025-09-16T23:56:03.176+0000] {processor.py:208} INFO - Processing /home/airflow/.local/lib/python3.12/site-packages/airflow/example_dags/example_external_task_marker_dag.py took 0.038 seconds
[2025-09-16T23:56:33.392+0000] {processor.py:186} INFO - Started process (PID=1964) to work on /home/airflow/.local/lib/python3.12/site-packages/airflow/example_dags/example_external_task_marker_dag.py
[2025-09-16T23:56:33.393+0000] {processor.py:914} INFO - Processing file /home/airflow/.local/lib/python3.12/site-packages/airflow/example_dags/example_external_task_marker_dag.py for tasks to queue
[2025-09-16T23:56:33.394+0000] {logging_mixin.py:190} INFO - [2025-09-16T23:56:33.394+0000] {dagbag.py:588} INFO - Filling up the DagBag from /home/airflow/.local/lib/python3.12/site-packages/airflow/example_dags/example_external_task_marker_dag.py
[2025-09-16T23:56:33.399+0000] {processor.py:925} INFO - DAG(s) 'example_external_task_marker_parent', 'example_external_task_marker_child' retrieved from /home/airflow/.local/lib/python3.12/site-packages/airflow/example_dags/example_external_task_marker_dag.py
[2025-09-16T23:56:33.412+0000] {logging_mixin.py:190} INFO - [2025-09-16T23:56:33.411+0000] {dag.py:3239} INFO - Sync 2 DAGs
[2025-09-16T23:56:33.418+0000] {logging_mixin.py:190} INFO - [2025-09-16T23:56:33.418+0000] {dag.py:4180} INFO - Setting next_dagrun for example_external_task_marker_child to None, run_after=None
[2025-09-16T23:56:33.420+0000] {logging_mixin.py:190} INFO - [2025-09-16T23:56:33.420+0000] {dag.py:4180} INFO - Setting next_dagrun for example_external_task_marker_parent to None, run_after=None
[2025-09-16T23:56:33.427+0000] {processor.py:208} INFO - Processing /home/airflow/.local/lib/python3.12/site-packages/airflow/example_dags/example_external_task_marker_dag.py took 0.038 seconds
[2025-09-16T23:57:03.524+0000] {processor.py:186} INFO - Started process (PID=2027) to work on /home/airflow/.local/lib/python3.12/site-packages/airflow/example_dags/example_external_task_marker_dag.py
[2025-09-16T23:57:03.525+0000] {processor.py:914} INFO - Processing file /home/airflow/.local/lib/python3.12/site-packages/airflow/example_dags/example_external_task_marker_dag.py for tasks to queue
[2025-09-16T23:57:03.526+0000] {logging_mixin.py:190} INFO - [2025-09-16T23:57:03.526+0000] {dagbag.py:588} INFO - Filling up the DagBag from /home/airflow/.local/lib/python3.12/site-packages/airflow/example_dags/example_external_task_marker_dag.py
[2025-09-16T23:57:03.530+0000] {processor.py:925} INFO - DAG(s) 'example_external_task_marker_child', 'example_external_task_marker_parent' retrieved from /home/airflow/.local/lib/python3.12/site-packages/airflow/example_dags/example_external_task_marker_dag.py
[2025-09-16T23:57:03.543+0000] {logging_mixin.py:190} INFO - [2025-09-16T23:57:03.543+0000] {dag.py:3239} INFO - Sync 2 DAGs
[2025-09-16T23:57:03.550+0000] {logging_mixin.py:190} INFO - [2025-09-16T23:57:03.550+0000] {dag.py:4180} INFO - Setting next_dagrun for example_external_task_marker_child to None, run_after=None
[2025-09-16T23:57:03.552+0000] {logging_mixin.py:190} INFO - [2025-09-16T23:57:03.552+0000] {dag.py:4180} INFO - Setting next_dagrun for example_external_task_marker_parent to None, run_after=None
[2025-09-16T23:57:03.558+0000] {processor.py:208} INFO - Processing /home/airflow/.local/lib/python3.12/site-packages/airflow/example_dags/example_external_task_marker_dag.py took 0.037 seconds
[2025-09-16T23:57:33.613+0000] {processor.py:186} INFO - Started process (PID=2090) to work on /home/airflow/.local/lib/python3.12/site-packages/airflow/example_dags/example_external_task_marker_dag.py
[2025-09-16T23:57:33.615+0000] {processor.py:914} INFO - Processing file /home/airflow/.local/lib/python3.12/site-packages/airflow/example_dags/example_external_task_marker_dag.py for tasks to queue
[2025-09-16T23:57:33.616+0000] {logging_mixin.py:190} INFO - [2025-09-16T23:57:33.616+0000] {dagbag.py:588} INFO - Filling up the DagBag from /home/airflow/.local/lib/python3.12/site-packages/airflow/example_dags/example_external_task_marker_dag.py
[2025-09-16T23:57:33.622+0000] {processor.py:925} INFO - DAG(s) 'example_external_task_marker_child', 'example_external_task_marker_parent' retrieved from /home/airflow/.local/lib/python3.12/site-packages/airflow/example_dags/example_external_task_marker_dag.py
[2025-09-16T23:57:33.635+0000] {logging_mixin.py:190} INFO - [2025-09-16T23:57:33.635+0000] {dag.py:3239} INFO - Sync 2 DAGs
[2025-09-16T23:57:33.642+0000] {logging_mixin.py:190} INFO - [2025-09-16T23:57:33.642+0000] {dag.py:4180} INFO - Setting next_dagrun for example_external_task_marker_child to None, run_after=None
[2025-09-16T23:57:33.644+0000] {logging_mixin.py:190} INFO - [2025-09-16T23:57:33.644+0000] {dag.py:4180} INFO - Setting next_dagrun for example_external_task_marker_parent to None, run_after=None
[2025-09-16T23:57:33.650+0000] {processor.py:208} INFO - Processing /home/airflow/.local/lib/python3.12/site-packages/airflow/example_dags/example_external_task_marker_dag.py took 0.040 seconds
[2025-09-16T23:58:03.705+0000] {processor.py:186} INFO - Started process (PID=2153) to work on /home/airflow/.local/lib/python3.12/site-packages/airflow/example_dags/example_external_task_marker_dag.py
[2025-09-16T23:58:03.706+0000] {processor.py:914} INFO - Processing file /home/airflow/.local/lib/python3.12/site-packages/airflow/example_dags/example_external_task_marker_dag.py for tasks to queue
[2025-09-16T23:58:03.708+0000] {logging_mixin.py:190} INFO - [2025-09-16T23:58:03.708+0000] {dagbag.py:588} INFO - Filling up the DagBag from /home/airflow/.local/lib/python3.12/site-packages/airflow/example_dags/example_external_task_marker_dag.py
[2025-09-16T23:58:03.712+0000] {processor.py:925} INFO - DAG(s) 'example_external_task_marker_parent', 'example_external_task_marker_child' retrieved from /home/airflow/.local/lib/python3.12/site-packages/airflow/example_dags/example_external_task_marker_dag.py
[2025-09-16T23:58:03.730+0000] {logging_mixin.py:190} INFO - [2025-09-16T23:58:03.730+0000] {dag.py:3239} INFO - Sync 2 DAGs
[2025-09-16T23:58:03.740+0000] {logging_mixin.py:190} INFO - [2025-09-16T23:58:03.739+0000] {dag.py:4180} INFO - Setting next_dagrun for example_external_task_marker_child to None, run_after=None
[2025-09-16T23:58:03.742+0000] {logging_mixin.py:190} INFO - [2025-09-16T23:58:03.742+0000] {dag.py:4180} INFO - Setting next_dagrun for example_external_task_marker_parent to None, run_after=None
[2025-09-16T23:58:03.753+0000] {processor.py:208} INFO - Processing /home/airflow/.local/lib/python3.12/site-packages/airflow/example_dags/example_external_task_marker_dag.py took 0.051 seconds
[2025-09-16T23:58:34.806+0000] {processor.py:186} INFO - Started process (PID=2216) to work on /home/airflow/.local/lib/python3.12/site-packages/airflow/example_dags/example_external_task_marker_dag.py
[2025-09-16T23:58:34.808+0000] {processor.py:914} INFO - Processing file /home/airflow/.local/lib/python3.12/site-packages/airflow/example_dags/example_external_task_marker_dag.py for tasks to queue
[2025-09-16T23:58:34.809+0000] {logging_mixin.py:190} INFO - [2025-09-16T23:58:34.809+0000] {dagbag.py:588} INFO - Filling up the DagBag from /home/airflow/.local/lib/python3.12/site-packages/airflow/example_dags/example_external_task_marker_dag.py
[2025-09-16T23:58:34.813+0000] {processor.py:925} INFO - DAG(s) 'example_external_task_marker_child', 'example_external_task_marker_parent' retrieved from /home/airflow/.local/lib/python3.12/site-packages/airflow/example_dags/example_external_task_marker_dag.py
[2025-09-16T23:58:34.826+0000] {logging_mixin.py:190} INFO - [2025-09-16T23:58:34.826+0000] {dag.py:3239} INFO - Sync 2 DAGs
[2025-09-16T23:58:34.833+0000] {logging_mixin.py:190} INFO - [2025-09-16T23:58:34.833+0000] {dag.py:4180} INFO - Setting next_dagrun for example_external_task_marker_child to None, run_after=None
[2025-09-16T23:58:34.835+0000] {logging_mixin.py:190} INFO - [2025-09-16T23:58:34.835+0000] {dag.py:4180} INFO - Setting next_dagrun for example_external_task_marker_parent to None, run_after=None
[2025-09-16T23:58:34.843+0000] {processor.py:208} INFO - Processing /home/airflow/.local/lib/python3.12/site-packages/airflow/example_dags/example_external_task_marker_dag.py took 0.040 seconds
[2025-09-16T23:59:05.880+0000] {processor.py:186} INFO - Started process (PID=2279) to work on /home/airflow/.local/lib/python3.12/site-packages/airflow/example_dags/example_external_task_marker_dag.py
[2025-09-16T23:59:05.881+0000] {processor.py:914} INFO - Processing file /home/airflow/.local/lib/python3.12/site-packages/airflow/example_dags/example_external_task_marker_dag.py for tasks to queue
[2025-09-16T23:59:05.882+0000] {logging_mixin.py:190} INFO - [2025-09-16T23:59:05.882+0000] {dagbag.py:588} INFO - Filling up the DagBag from /home/airflow/.local/lib/python3.12/site-packages/airflow/example_dags/example_external_task_marker_dag.py
[2025-09-16T23:59:05.887+0000] {processor.py:925} INFO - DAG(s) 'example_external_task_marker_parent', 'example_external_task_marker_child' retrieved from /home/airflow/.local/lib/python3.12/site-packages/airflow/example_dags/example_external_task_marker_dag.py
[2025-09-16T23:59:05.899+0000] {logging_mixin.py:190} INFO - [2025-09-16T23:59:05.899+0000] {dag.py:3239} INFO - Sync 2 DAGs
[2025-09-16T23:59:05.908+0000] {logging_mixin.py:190} INFO - [2025-09-16T23:59:05.908+0000] {dag.py:4180} INFO - Setting next_dagrun for example_external_task_marker_child to None, run_after=None
[2025-09-16T23:59:05.912+0000] {logging_mixin.py:190} INFO - [2025-09-16T23:59:05.912+0000] {dag.py:4180} INFO - Setting next_dagrun for example_external_task_marker_parent to None, run_after=None
[2025-09-16T23:59:05.923+0000] {processor.py:208} INFO - Processing /home/airflow/.local/lib/python3.12/site-packages/airflow/example_dags/example_external_task_marker_dag.py took 0.046 seconds
[2025-09-16T23:59:37.025+0000] {processor.py:186} INFO - Started process (PID=2342) to work on /home/airflow/.local/lib/python3.12/site-packages/airflow/example_dags/example_external_task_marker_dag.py
[2025-09-16T23:59:37.026+0000] {processor.py:914} INFO - Processing file /home/airflow/.local/lib/python3.12/site-packages/airflow/example_dags/example_external_task_marker_dag.py for tasks to queue
[2025-09-16T23:59:37.028+0000] {logging_mixin.py:190} INFO - [2025-09-16T23:59:37.027+0000] {dagbag.py:588} INFO - Filling up the DagBag from /home/airflow/.local/lib/python3.12/site-packages/airflow/example_dags/example_external_task_marker_dag.py
[2025-09-16T23:59:37.034+0000] {processor.py:925} INFO - DAG(s) 'example_external_task_marker_parent', 'example_external_task_marker_child' retrieved from /home/airflow/.local/lib/python3.12/site-packages/airflow/example_dags/example_external_task_marker_dag.py
[2025-09-16T23:59:37.056+0000] {logging_mixin.py:190} INFO - [2025-09-16T23:59:37.056+0000] {dag.py:3239} INFO - Sync 2 DAGs
[2025-09-16T23:59:37.067+0000] {logging_mixin.py:190} INFO - [2025-09-16T23:59:37.067+0000] {dag.py:4180} INFO - Setting next_dagrun for example_external_task_marker_child to None, run_after=None
[2025-09-16T23:59:37.069+0000] {logging_mixin.py:190} INFO - [2025-09-16T23:59:37.069+0000] {dag.py:4180} INFO - Setting next_dagrun for example_external_task_marker_parent to None, run_after=None
[2025-09-16T23:59:37.078+0000] {processor.py:208} INFO - Processing /home/airflow/.local/lib/python3.12/site-packages/airflow/example_dags/example_external_task_marker_dag.py took 0.056 seconds
