[2025-09-16T23:41:19.976+0000] {processor.py:186} INFO - Started process (PID=100) to work on /home/airflow/.local/lib/python3.12/site-packages/airflow/example_dags/example_display_name.py
[2025-09-16T23:41:19.977+0000] {processor.py:914} INFO - Processing file /home/airflow/.local/lib/python3.12/site-packages/airflow/example_dags/example_display_name.py for tasks to queue
[2025-09-16T23:41:19.978+0000] {logging_mixin.py:190} INFO - [2025-09-16T23:41:19.978+0000] {dagbag.py:588} INFO - Filling up the DagBag from /home/airflow/.local/lib/python3.12/site-packages/airflow/example_dags/example_display_name.py
[2025-09-16T23:41:19.983+0000] {processor.py:925} INFO - DAG(s) 'example_display_name' retrieved from /home/airflow/.local/lib/python3.12/site-packages/airflow/example_dags/example_display_name.py
[2025-09-16T23:41:20.043+0000] {logging_mixin.py:190} INFO - [2025-09-16T23:41:20.042+0000] {override.py:1911} INFO - Created Permission View: can edit on DAG:example_display_name
[2025-09-16T23:41:20.050+0000] {logging_mixin.py:190} INFO - [2025-09-16T23:41:20.050+0000] {override.py:1911} INFO - Created Permission View: can delete on DAG:example_display_name
[2025-09-16T23:41:20.054+0000] {logging_mixin.py:190} INFO - [2025-09-16T23:41:20.053+0000] {override.py:1911} INFO - Created Permission View: can read on DAG:example_display_name
[2025-09-16T23:41:20.057+0000] {logging_mixin.py:190} INFO - [2025-09-16T23:41:20.057+0000] {override.py:1911} INFO - Created Permission View: menu access on DAG Run:example_display_name
[2025-09-16T23:41:20.061+0000] {logging_mixin.py:190} INFO - [2025-09-16T23:41:20.061+0000] {override.py:1911} INFO - Created Permission View: can create on DAG Run:example_display_name
[2025-09-16T23:41:20.065+0000] {logging_mixin.py:190} INFO - [2025-09-16T23:41:20.065+0000] {override.py:1911} INFO - Created Permission View: can delete on DAG Run:example_display_name
[2025-09-16T23:41:20.069+0000] {logging_mixin.py:190} INFO - [2025-09-16T23:41:20.068+0000] {override.py:1911} INFO - Created Permission View: can read on DAG Run:example_display_name
[2025-09-16T23:41:20.069+0000] {logging_mixin.py:190} INFO - [2025-09-16T23:41:20.069+0000] {dag.py:3239} INFO - Sync 1 DAGs
[2025-09-16T23:41:20.077+0000] {logging_mixin.py:190} INFO - [2025-09-16T23:41:20.076+0000] {dag.py:3262} INFO - Creating ORM DAG for example_display_name
[2025-09-16T23:41:20.077+0000] {logging_mixin.py:190} INFO - [2025-09-16T23:41:20.077+0000] {dag.py:4180} INFO - Setting next_dagrun for example_display_name to None, run_after=None
[2025-09-16T23:41:20.089+0000] {processor.py:208} INFO - Processing /home/airflow/.local/lib/python3.12/site-packages/airflow/example_dags/example_display_name.py took 0.117 seconds
[2025-09-16T23:41:50.194+0000] {processor.py:186} INFO - Started process (PID=163) to work on /home/airflow/.local/lib/python3.12/site-packages/airflow/example_dags/example_display_name.py
[2025-09-16T23:41:50.195+0000] {processor.py:914} INFO - Processing file /home/airflow/.local/lib/python3.12/site-packages/airflow/example_dags/example_display_name.py for tasks to queue
[2025-09-16T23:41:50.197+0000] {logging_mixin.py:190} INFO - [2025-09-16T23:41:50.196+0000] {dagbag.py:588} INFO - Filling up the DagBag from /home/airflow/.local/lib/python3.12/site-packages/airflow/example_dags/example_display_name.py
[2025-09-16T23:41:50.202+0000] {processor.py:925} INFO - DAG(s) 'example_display_name' retrieved from /home/airflow/.local/lib/python3.12/site-packages/airflow/example_dags/example_display_name.py
[2025-09-16T23:41:50.212+0000] {logging_mixin.py:190} INFO - [2025-09-16T23:41:50.212+0000] {dag.py:3239} INFO - Sync 1 DAGs
[2025-09-16T23:41:50.220+0000] {logging_mixin.py:190} INFO - [2025-09-16T23:41:50.220+0000] {dag.py:4180} INFO - Setting next_dagrun for example_display_name to None, run_after=None
[2025-09-16T23:41:50.234+0000] {processor.py:208} INFO - Processing /home/airflow/.local/lib/python3.12/site-packages/airflow/example_dags/example_display_name.py took 0.044 seconds
[2025-09-16T23:42:21.216+0000] {processor.py:186} INFO - Started process (PID=226) to work on /home/airflow/.local/lib/python3.12/site-packages/airflow/example_dags/example_display_name.py
[2025-09-16T23:42:21.218+0000] {processor.py:914} INFO - Processing file /home/airflow/.local/lib/python3.12/site-packages/airflow/example_dags/example_display_name.py for tasks to queue
[2025-09-16T23:42:21.220+0000] {logging_mixin.py:190} INFO - [2025-09-16T23:42:21.220+0000] {dagbag.py:588} INFO - Filling up the DagBag from /home/airflow/.local/lib/python3.12/site-packages/airflow/example_dags/example_display_name.py
[2025-09-16T23:42:21.225+0000] {processor.py:925} INFO - DAG(s) 'example_display_name' retrieved from /home/airflow/.local/lib/python3.12/site-packages/airflow/example_dags/example_display_name.py
[2025-09-16T23:42:21.235+0000] {logging_mixin.py:190} INFO - [2025-09-16T23:42:21.235+0000] {dag.py:3239} INFO - Sync 1 DAGs
[2025-09-16T23:42:21.247+0000] {logging_mixin.py:190} INFO - [2025-09-16T23:42:21.247+0000] {dag.py:4180} INFO - Setting next_dagrun for example_display_name to None, run_after=None
[2025-09-16T23:42:21.260+0000] {processor.py:208} INFO - Processing /home/airflow/.local/lib/python3.12/site-packages/airflow/example_dags/example_display_name.py took 0.049 seconds
[2025-09-16T23:42:51.752+0000] {processor.py:186} INFO - Started process (PID=288) to work on /home/airflow/.local/lib/python3.12/site-packages/airflow/example_dags/example_display_name.py
[2025-09-16T23:42:51.755+0000] {processor.py:914} INFO - Processing file /home/airflow/.local/lib/python3.12/site-packages/airflow/example_dags/example_display_name.py for tasks to queue
[2025-09-16T23:42:51.757+0000] {logging_mixin.py:190} INFO - [2025-09-16T23:42:51.757+0000] {dagbag.py:588} INFO - Filling up the DagBag from /home/airflow/.local/lib/python3.12/site-packages/airflow/example_dags/example_display_name.py
[2025-09-16T23:42:51.761+0000] {processor.py:925} INFO - DAG(s) 'example_display_name' retrieved from /home/airflow/.local/lib/python3.12/site-packages/airflow/example_dags/example_display_name.py
[2025-09-16T23:42:51.773+0000] {logging_mixin.py:190} INFO - [2025-09-16T23:42:51.773+0000] {dag.py:3239} INFO - Sync 1 DAGs
[2025-09-16T23:42:51.780+0000] {logging_mixin.py:190} INFO - [2025-09-16T23:42:51.780+0000] {dag.py:4180} INFO - Setting next_dagrun for example_display_name to None, run_after=None
[2025-09-16T23:42:51.792+0000] {processor.py:208} INFO - Processing /home/airflow/.local/lib/python3.12/site-packages/airflow/example_dags/example_display_name.py took 0.044 seconds
[2025-09-16T23:43:22.419+0000] {processor.py:186} INFO - Started process (PID=351) to work on /home/airflow/.local/lib/python3.12/site-packages/airflow/example_dags/example_display_name.py
[2025-09-16T23:43:22.423+0000] {processor.py:914} INFO - Processing file /home/airflow/.local/lib/python3.12/site-packages/airflow/example_dags/example_display_name.py for tasks to queue
[2025-09-16T23:43:22.425+0000] {logging_mixin.py:190} INFO - [2025-09-16T23:43:22.425+0000] {dagbag.py:588} INFO - Filling up the DagBag from /home/airflow/.local/lib/python3.12/site-packages/airflow/example_dags/example_display_name.py
[2025-09-16T23:43:22.432+0000] {processor.py:925} INFO - DAG(s) 'example_display_name' retrieved from /home/airflow/.local/lib/python3.12/site-packages/airflow/example_dags/example_display_name.py
[2025-09-16T23:43:22.446+0000] {logging_mixin.py:190} INFO - [2025-09-16T23:43:22.446+0000] {dag.py:3239} INFO - Sync 1 DAGs
[2025-09-16T23:43:22.454+0000] {logging_mixin.py:190} INFO - [2025-09-16T23:43:22.454+0000] {dag.py:4180} INFO - Setting next_dagrun for example_display_name to None, run_after=None
[2025-09-16T23:43:22.469+0000] {processor.py:208} INFO - Processing /home/airflow/.local/lib/python3.12/site-packages/airflow/example_dags/example_display_name.py took 0.053 seconds
[2025-09-16T23:43:53.216+0000] {processor.py:186} INFO - Started process (PID=414) to work on /home/airflow/.local/lib/python3.12/site-packages/airflow/example_dags/example_display_name.py
[2025-09-16T23:43:53.217+0000] {processor.py:914} INFO - Processing file /home/airflow/.local/lib/python3.12/site-packages/airflow/example_dags/example_display_name.py for tasks to queue
[2025-09-16T23:43:53.219+0000] {logging_mixin.py:190} INFO - [2025-09-16T23:43:53.219+0000] {dagbag.py:588} INFO - Filling up the DagBag from /home/airflow/.local/lib/python3.12/site-packages/airflow/example_dags/example_display_name.py
[2025-09-16T23:43:53.225+0000] {processor.py:925} INFO - DAG(s) 'example_display_name' retrieved from /home/airflow/.local/lib/python3.12/site-packages/airflow/example_dags/example_display_name.py
[2025-09-16T23:43:53.235+0000] {logging_mixin.py:190} INFO - [2025-09-16T23:43:53.235+0000] {dag.py:3239} INFO - Sync 1 DAGs
[2025-09-16T23:43:53.243+0000] {logging_mixin.py:190} INFO - [2025-09-16T23:43:53.243+0000] {dag.py:4180} INFO - Setting next_dagrun for example_display_name to None, run_after=None
[2025-09-16T23:43:53.256+0000] {processor.py:208} INFO - Processing /home/airflow/.local/lib/python3.12/site-packages/airflow/example_dags/example_display_name.py took 0.044 seconds
[2025-09-16T23:44:23.755+0000] {processor.py:186} INFO - Started process (PID=477) to work on /home/airflow/.local/lib/python3.12/site-packages/airflow/example_dags/example_display_name.py
[2025-09-16T23:44:23.756+0000] {processor.py:914} INFO - Processing file /home/airflow/.local/lib/python3.12/site-packages/airflow/example_dags/example_display_name.py for tasks to queue
[2025-09-16T23:44:23.758+0000] {logging_mixin.py:190} INFO - [2025-09-16T23:44:23.758+0000] {dagbag.py:588} INFO - Filling up the DagBag from /home/airflow/.local/lib/python3.12/site-packages/airflow/example_dags/example_display_name.py
[2025-09-16T23:44:23.762+0000] {processor.py:925} INFO - DAG(s) 'example_display_name' retrieved from /home/airflow/.local/lib/python3.12/site-packages/airflow/example_dags/example_display_name.py
[2025-09-16T23:44:23.772+0000] {logging_mixin.py:190} INFO - [2025-09-16T23:44:23.772+0000] {dag.py:3239} INFO - Sync 1 DAGs
[2025-09-16T23:44:23.779+0000] {logging_mixin.py:190} INFO - [2025-09-16T23:44:23.779+0000] {dag.py:4180} INFO - Setting next_dagrun for example_display_name to None, run_after=None
[2025-09-16T23:44:23.788+0000] {processor.py:208} INFO - Processing /home/airflow/.local/lib/python3.12/site-packages/airflow/example_dags/example_display_name.py took 0.037 seconds
[2025-09-16T23:44:54.193+0000] {processor.py:186} INFO - Started process (PID=540) to work on /home/airflow/.local/lib/python3.12/site-packages/airflow/example_dags/example_display_name.py
[2025-09-16T23:44:54.194+0000] {processor.py:914} INFO - Processing file /home/airflow/.local/lib/python3.12/site-packages/airflow/example_dags/example_display_name.py for tasks to queue
[2025-09-16T23:44:54.195+0000] {logging_mixin.py:190} INFO - [2025-09-16T23:44:54.195+0000] {dagbag.py:588} INFO - Filling up the DagBag from /home/airflow/.local/lib/python3.12/site-packages/airflow/example_dags/example_display_name.py
[2025-09-16T23:44:54.199+0000] {processor.py:925} INFO - DAG(s) 'example_display_name' retrieved from /home/airflow/.local/lib/python3.12/site-packages/airflow/example_dags/example_display_name.py
[2025-09-16T23:44:54.208+0000] {logging_mixin.py:190} INFO - [2025-09-16T23:44:54.207+0000] {dag.py:3239} INFO - Sync 1 DAGs
[2025-09-16T23:44:54.214+0000] {logging_mixin.py:190} INFO - [2025-09-16T23:44:54.213+0000] {dag.py:4180} INFO - Setting next_dagrun for example_display_name to None, run_after=None
[2025-09-16T23:44:54.221+0000] {processor.py:208} INFO - Processing /home/airflow/.local/lib/python3.12/site-packages/airflow/example_dags/example_display_name.py took 0.030 seconds
[2025-09-16T23:45:24.793+0000] {processor.py:186} INFO - Started process (PID=603) to work on /home/airflow/.local/lib/python3.12/site-packages/airflow/example_dags/example_display_name.py
[2025-09-16T23:45:24.793+0000] {processor.py:914} INFO - Processing file /home/airflow/.local/lib/python3.12/site-packages/airflow/example_dags/example_display_name.py for tasks to queue
[2025-09-16T23:45:24.794+0000] {logging_mixin.py:190} INFO - [2025-09-16T23:45:24.794+0000] {dagbag.py:588} INFO - Filling up the DagBag from /home/airflow/.local/lib/python3.12/site-packages/airflow/example_dags/example_display_name.py
[2025-09-16T23:45:24.798+0000] {processor.py:925} INFO - DAG(s) 'example_display_name' retrieved from /home/airflow/.local/lib/python3.12/site-packages/airflow/example_dags/example_display_name.py
[2025-09-16T23:45:24.807+0000] {logging_mixin.py:190} INFO - [2025-09-16T23:45:24.807+0000] {dag.py:3239} INFO - Sync 1 DAGs
[2025-09-16T23:45:24.813+0000] {logging_mixin.py:190} INFO - [2025-09-16T23:45:24.813+0000] {dag.py:4180} INFO - Setting next_dagrun for example_display_name to None, run_after=None
[2025-09-16T23:45:24.820+0000] {processor.py:208} INFO - Processing /home/airflow/.local/lib/python3.12/site-packages/airflow/example_dags/example_display_name.py took 0.031 seconds
[2025-09-16T23:45:55.649+0000] {processor.py:186} INFO - Started process (PID=666) to work on /home/airflow/.local/lib/python3.12/site-packages/airflow/example_dags/example_display_name.py
[2025-09-16T23:45:55.651+0000] {processor.py:914} INFO - Processing file /home/airflow/.local/lib/python3.12/site-packages/airflow/example_dags/example_display_name.py for tasks to queue
[2025-09-16T23:45:55.652+0000] {logging_mixin.py:190} INFO - [2025-09-16T23:45:55.652+0000] {dagbag.py:588} INFO - Filling up the DagBag from /home/airflow/.local/lib/python3.12/site-packages/airflow/example_dags/example_display_name.py
[2025-09-16T23:45:55.656+0000] {processor.py:925} INFO - DAG(s) 'example_display_name' retrieved from /home/airflow/.local/lib/python3.12/site-packages/airflow/example_dags/example_display_name.py
[2025-09-16T23:45:55.667+0000] {logging_mixin.py:190} INFO - [2025-09-16T23:45:55.667+0000] {dag.py:3239} INFO - Sync 1 DAGs
[2025-09-16T23:45:55.674+0000] {logging_mixin.py:190} INFO - [2025-09-16T23:45:55.673+0000] {dag.py:4180} INFO - Setting next_dagrun for example_display_name to None, run_after=None
[2025-09-16T23:45:55.682+0000] {processor.py:208} INFO - Processing /home/airflow/.local/lib/python3.12/site-packages/airflow/example_dags/example_display_name.py took 0.037 seconds
[2025-09-16T23:46:26.242+0000] {processor.py:186} INFO - Started process (PID=729) to work on /home/airflow/.local/lib/python3.12/site-packages/airflow/example_dags/example_display_name.py
[2025-09-16T23:46:26.243+0000] {processor.py:914} INFO - Processing file /home/airflow/.local/lib/python3.12/site-packages/airflow/example_dags/example_display_name.py for tasks to queue
[2025-09-16T23:46:26.245+0000] {logging_mixin.py:190} INFO - [2025-09-16T23:46:26.245+0000] {dagbag.py:588} INFO - Filling up the DagBag from /home/airflow/.local/lib/python3.12/site-packages/airflow/example_dags/example_display_name.py
[2025-09-16T23:46:26.252+0000] {processor.py:925} INFO - DAG(s) 'example_display_name' retrieved from /home/airflow/.local/lib/python3.12/site-packages/airflow/example_dags/example_display_name.py
[2025-09-16T23:46:26.267+0000] {logging_mixin.py:190} INFO - [2025-09-16T23:46:26.266+0000] {dag.py:3239} INFO - Sync 1 DAGs
[2025-09-16T23:46:26.279+0000] {logging_mixin.py:190} INFO - [2025-09-16T23:46:26.279+0000] {dag.py:4180} INFO - Setting next_dagrun for example_display_name to None, run_after=None
[2025-09-16T23:46:26.288+0000] {processor.py:208} INFO - Processing /home/airflow/.local/lib/python3.12/site-packages/airflow/example_dags/example_display_name.py took 0.051 seconds
[2025-09-16T23:46:56.882+0000] {processor.py:186} INFO - Started process (PID=792) to work on /home/airflow/.local/lib/python3.12/site-packages/airflow/example_dags/example_display_name.py
[2025-09-16T23:46:56.883+0000] {processor.py:914} INFO - Processing file /home/airflow/.local/lib/python3.12/site-packages/airflow/example_dags/example_display_name.py for tasks to queue
[2025-09-16T23:46:56.886+0000] {logging_mixin.py:190} INFO - [2025-09-16T23:46:56.886+0000] {dagbag.py:588} INFO - Filling up the DagBag from /home/airflow/.local/lib/python3.12/site-packages/airflow/example_dags/example_display_name.py
[2025-09-16T23:46:56.890+0000] {processor.py:925} INFO - DAG(s) 'example_display_name' retrieved from /home/airflow/.local/lib/python3.12/site-packages/airflow/example_dags/example_display_name.py
[2025-09-16T23:46:56.902+0000] {logging_mixin.py:190} INFO - [2025-09-16T23:46:56.901+0000] {dag.py:3239} INFO - Sync 1 DAGs
[2025-09-16T23:46:56.909+0000] {logging_mixin.py:190} INFO - [2025-09-16T23:46:56.909+0000] {dag.py:4180} INFO - Setting next_dagrun for example_display_name to None, run_after=None
[2025-09-16T23:46:56.919+0000] {processor.py:208} INFO - Processing /home/airflow/.local/lib/python3.12/site-packages/airflow/example_dags/example_display_name.py took 0.040 seconds
[2025-09-16T23:47:27.504+0000] {processor.py:186} INFO - Started process (PID=855) to work on /home/airflow/.local/lib/python3.12/site-packages/airflow/example_dags/example_display_name.py
[2025-09-16T23:47:27.507+0000] {processor.py:914} INFO - Processing file /home/airflow/.local/lib/python3.12/site-packages/airflow/example_dags/example_display_name.py for tasks to queue
[2025-09-16T23:47:27.508+0000] {logging_mixin.py:190} INFO - [2025-09-16T23:47:27.508+0000] {dagbag.py:588} INFO - Filling up the DagBag from /home/airflow/.local/lib/python3.12/site-packages/airflow/example_dags/example_display_name.py
[2025-09-16T23:47:27.512+0000] {processor.py:925} INFO - DAG(s) 'example_display_name' retrieved from /home/airflow/.local/lib/python3.12/site-packages/airflow/example_dags/example_display_name.py
[2025-09-16T23:47:27.524+0000] {logging_mixin.py:190} INFO - [2025-09-16T23:47:27.524+0000] {dag.py:3239} INFO - Sync 1 DAGs
[2025-09-16T23:47:27.531+0000] {logging_mixin.py:190} INFO - [2025-09-16T23:47:27.531+0000] {dag.py:4180} INFO - Setting next_dagrun for example_display_name to None, run_after=None
[2025-09-16T23:47:27.542+0000] {processor.py:208} INFO - Processing /home/airflow/.local/lib/python3.12/site-packages/airflow/example_dags/example_display_name.py took 0.041 seconds
[2025-09-16T23:47:58.357+0000] {processor.py:186} INFO - Started process (PID=918) to work on /home/airflow/.local/lib/python3.12/site-packages/airflow/example_dags/example_display_name.py
[2025-09-16T23:47:58.358+0000] {processor.py:914} INFO - Processing file /home/airflow/.local/lib/python3.12/site-packages/airflow/example_dags/example_display_name.py for tasks to queue
[2025-09-16T23:47:58.359+0000] {logging_mixin.py:190} INFO - [2025-09-16T23:47:58.359+0000] {dagbag.py:588} INFO - Filling up the DagBag from /home/airflow/.local/lib/python3.12/site-packages/airflow/example_dags/example_display_name.py
[2025-09-16T23:47:58.363+0000] {processor.py:925} INFO - DAG(s) 'example_display_name' retrieved from /home/airflow/.local/lib/python3.12/site-packages/airflow/example_dags/example_display_name.py
[2025-09-16T23:47:58.372+0000] {logging_mixin.py:190} INFO - [2025-09-16T23:47:58.372+0000] {dag.py:3239} INFO - Sync 1 DAGs
[2025-09-16T23:47:58.378+0000] {logging_mixin.py:190} INFO - [2025-09-16T23:47:58.378+0000] {dag.py:4180} INFO - Setting next_dagrun for example_display_name to None, run_after=None
[2025-09-16T23:47:58.386+0000] {processor.py:208} INFO - Processing /home/airflow/.local/lib/python3.12/site-packages/airflow/example_dags/example_display_name.py took 0.031 seconds
[2025-09-16T23:48:29.132+0000] {processor.py:186} INFO - Started process (PID=981) to work on /home/airflow/.local/lib/python3.12/site-packages/airflow/example_dags/example_display_name.py
[2025-09-16T23:48:29.134+0000] {processor.py:914} INFO - Processing file /home/airflow/.local/lib/python3.12/site-packages/airflow/example_dags/example_display_name.py for tasks to queue
[2025-09-16T23:48:29.135+0000] {logging_mixin.py:190} INFO - [2025-09-16T23:48:29.135+0000] {dagbag.py:588} INFO - Filling up the DagBag from /home/airflow/.local/lib/python3.12/site-packages/airflow/example_dags/example_display_name.py
[2025-09-16T23:48:29.140+0000] {processor.py:925} INFO - DAG(s) 'example_display_name' retrieved from /home/airflow/.local/lib/python3.12/site-packages/airflow/example_dags/example_display_name.py
[2025-09-16T23:48:29.153+0000] {logging_mixin.py:190} INFO - [2025-09-16T23:48:29.153+0000] {dag.py:3239} INFO - Sync 1 DAGs
[2025-09-16T23:48:29.160+0000] {logging_mixin.py:190} INFO - [2025-09-16T23:48:29.160+0000] {dag.py:4180} INFO - Setting next_dagrun for example_display_name to None, run_after=None
[2025-09-16T23:48:29.169+0000] {processor.py:208} INFO - Processing /home/airflow/.local/lib/python3.12/site-packages/airflow/example_dags/example_display_name.py took 0.040 seconds
[2025-09-16T23:48:59.914+0000] {processor.py:186} INFO - Started process (PID=1044) to work on /home/airflow/.local/lib/python3.12/site-packages/airflow/example_dags/example_display_name.py
[2025-09-16T23:48:59.915+0000] {processor.py:914} INFO - Processing file /home/airflow/.local/lib/python3.12/site-packages/airflow/example_dags/example_display_name.py for tasks to queue
[2025-09-16T23:48:59.916+0000] {logging_mixin.py:190} INFO - [2025-09-16T23:48:59.916+0000] {dagbag.py:588} INFO - Filling up the DagBag from /home/airflow/.local/lib/python3.12/site-packages/airflow/example_dags/example_display_name.py
[2025-09-16T23:48:59.921+0000] {processor.py:925} INFO - DAG(s) 'example_display_name' retrieved from /home/airflow/.local/lib/python3.12/site-packages/airflow/example_dags/example_display_name.py
[2025-09-16T23:48:59.932+0000] {logging_mixin.py:190} INFO - [2025-09-16T23:48:59.931+0000] {dag.py:3239} INFO - Sync 1 DAGs
[2025-09-16T23:48:59.939+0000] {logging_mixin.py:190} INFO - [2025-09-16T23:48:59.939+0000] {dag.py:4180} INFO - Setting next_dagrun for example_display_name to None, run_after=None
[2025-09-16T23:48:59.948+0000] {processor.py:208} INFO - Processing /home/airflow/.local/lib/python3.12/site-packages/airflow/example_dags/example_display_name.py took 0.037 seconds
[2025-09-16T23:49:30.691+0000] {processor.py:186} INFO - Started process (PID=1107) to work on /home/airflow/.local/lib/python3.12/site-packages/airflow/example_dags/example_display_name.py
[2025-09-16T23:49:30.692+0000] {processor.py:914} INFO - Processing file /home/airflow/.local/lib/python3.12/site-packages/airflow/example_dags/example_display_name.py for tasks to queue
[2025-09-16T23:49:30.697+0000] {logging_mixin.py:190} INFO - [2025-09-16T23:49:30.697+0000] {dagbag.py:588} INFO - Filling up the DagBag from /home/airflow/.local/lib/python3.12/site-packages/airflow/example_dags/example_display_name.py
[2025-09-16T23:49:30.702+0000] {processor.py:925} INFO - DAG(s) 'example_display_name' retrieved from /home/airflow/.local/lib/python3.12/site-packages/airflow/example_dags/example_display_name.py
[2025-09-16T23:49:30.714+0000] {logging_mixin.py:190} INFO - [2025-09-16T23:49:30.714+0000] {dag.py:3239} INFO - Sync 1 DAGs
[2025-09-16T23:49:30.721+0000] {logging_mixin.py:190} INFO - [2025-09-16T23:49:30.721+0000] {dag.py:4180} INFO - Setting next_dagrun for example_display_name to None, run_after=None
[2025-09-16T23:49:30.731+0000] {processor.py:208} INFO - Processing /home/airflow/.local/lib/python3.12/site-packages/airflow/example_dags/example_display_name.py took 0.043 seconds
[2025-09-16T23:50:01.312+0000] {processor.py:186} INFO - Started process (PID=1170) to work on /home/airflow/.local/lib/python3.12/site-packages/airflow/example_dags/example_display_name.py
[2025-09-16T23:50:01.313+0000] {processor.py:914} INFO - Processing file /home/airflow/.local/lib/python3.12/site-packages/airflow/example_dags/example_display_name.py for tasks to queue
[2025-09-16T23:50:01.315+0000] {logging_mixin.py:190} INFO - [2025-09-16T23:50:01.315+0000] {dagbag.py:588} INFO - Filling up the DagBag from /home/airflow/.local/lib/python3.12/site-packages/airflow/example_dags/example_display_name.py
[2025-09-16T23:50:01.322+0000] {processor.py:925} INFO - DAG(s) 'example_display_name' retrieved from /home/airflow/.local/lib/python3.12/site-packages/airflow/example_dags/example_display_name.py
[2025-09-16T23:50:01.333+0000] {logging_mixin.py:190} INFO - [2025-09-16T23:50:01.333+0000] {dag.py:3239} INFO - Sync 1 DAGs
[2025-09-16T23:50:01.341+0000] {logging_mixin.py:190} INFO - [2025-09-16T23:50:01.341+0000] {dag.py:4180} INFO - Setting next_dagrun for example_display_name to None, run_after=None
[2025-09-16T23:50:01.351+0000] {processor.py:208} INFO - Processing /home/airflow/.local/lib/python3.12/site-packages/airflow/example_dags/example_display_name.py took 0.042 seconds
[2025-09-16T23:50:32.527+0000] {processor.py:186} INFO - Started process (PID=1233) to work on /home/airflow/.local/lib/python3.12/site-packages/airflow/example_dags/example_display_name.py
[2025-09-16T23:50:32.527+0000] {processor.py:914} INFO - Processing file /home/airflow/.local/lib/python3.12/site-packages/airflow/example_dags/example_display_name.py for tasks to queue
[2025-09-16T23:50:32.529+0000] {logging_mixin.py:190} INFO - [2025-09-16T23:50:32.529+0000] {dagbag.py:588} INFO - Filling up the DagBag from /home/airflow/.local/lib/python3.12/site-packages/airflow/example_dags/example_display_name.py
[2025-09-16T23:50:32.533+0000] {processor.py:925} INFO - DAG(s) 'example_display_name' retrieved from /home/airflow/.local/lib/python3.12/site-packages/airflow/example_dags/example_display_name.py
[2025-09-16T23:50:32.543+0000] {logging_mixin.py:190} INFO - [2025-09-16T23:50:32.543+0000] {dag.py:3239} INFO - Sync 1 DAGs
[2025-09-16T23:50:32.550+0000] {logging_mixin.py:190} INFO - [2025-09-16T23:50:32.550+0000] {dag.py:4180} INFO - Setting next_dagrun for example_display_name to None, run_after=None
[2025-09-16T23:50:32.559+0000] {processor.py:208} INFO - Processing /home/airflow/.local/lib/python3.12/site-packages/airflow/example_dags/example_display_name.py took 0.036 seconds
[2025-09-16T23:51:03.734+0000] {processor.py:186} INFO - Started process (PID=1296) to work on /home/airflow/.local/lib/python3.12/site-packages/airflow/example_dags/example_display_name.py
[2025-09-16T23:51:03.735+0000] {processor.py:914} INFO - Processing file /home/airflow/.local/lib/python3.12/site-packages/airflow/example_dags/example_display_name.py for tasks to queue
[2025-09-16T23:51:03.737+0000] {logging_mixin.py:190} INFO - [2025-09-16T23:51:03.737+0000] {dagbag.py:588} INFO - Filling up the DagBag from /home/airflow/.local/lib/python3.12/site-packages/airflow/example_dags/example_display_name.py
[2025-09-16T23:51:03.742+0000] {processor.py:925} INFO - DAG(s) 'example_display_name' retrieved from /home/airflow/.local/lib/python3.12/site-packages/airflow/example_dags/example_display_name.py
[2025-09-16T23:51:03.753+0000] {logging_mixin.py:190} INFO - [2025-09-16T23:51:03.753+0000] {dag.py:3239} INFO - Sync 1 DAGs
[2025-09-16T23:51:03.762+0000] {logging_mixin.py:190} INFO - [2025-09-16T23:51:03.762+0000] {dag.py:4180} INFO - Setting next_dagrun for example_display_name to None, run_after=None
[2025-09-16T23:51:03.771+0000] {processor.py:208} INFO - Processing /home/airflow/.local/lib/python3.12/site-packages/airflow/example_dags/example_display_name.py took 0.040 seconds
[2025-09-16T23:51:35.152+0000] {processor.py:186} INFO - Started process (PID=1359) to work on /home/airflow/.local/lib/python3.12/site-packages/airflow/example_dags/example_display_name.py
[2025-09-16T23:51:35.154+0000] {processor.py:914} INFO - Processing file /home/airflow/.local/lib/python3.12/site-packages/airflow/example_dags/example_display_name.py for tasks to queue
[2025-09-16T23:51:35.156+0000] {logging_mixin.py:190} INFO - [2025-09-16T23:51:35.155+0000] {dagbag.py:588} INFO - Filling up the DagBag from /home/airflow/.local/lib/python3.12/site-packages/airflow/example_dags/example_display_name.py
[2025-09-16T23:51:35.160+0000] {processor.py:925} INFO - DAG(s) 'example_display_name' retrieved from /home/airflow/.local/lib/python3.12/site-packages/airflow/example_dags/example_display_name.py
[2025-09-16T23:51:35.170+0000] {logging_mixin.py:190} INFO - [2025-09-16T23:51:35.169+0000] {dag.py:3239} INFO - Sync 1 DAGs
[2025-09-16T23:51:35.178+0000] {logging_mixin.py:190} INFO - [2025-09-16T23:51:35.178+0000] {dag.py:4180} INFO - Setting next_dagrun for example_display_name to None, run_after=None
[2025-09-16T23:51:35.187+0000] {processor.py:208} INFO - Processing /home/airflow/.local/lib/python3.12/site-packages/airflow/example_dags/example_display_name.py took 0.038 seconds
[2025-09-16T23:52:06.601+0000] {processor.py:186} INFO - Started process (PID=1422) to work on /home/airflow/.local/lib/python3.12/site-packages/airflow/example_dags/example_display_name.py
[2025-09-16T23:52:06.602+0000] {processor.py:914} INFO - Processing file /home/airflow/.local/lib/python3.12/site-packages/airflow/example_dags/example_display_name.py for tasks to queue
[2025-09-16T23:52:06.604+0000] {logging_mixin.py:190} INFO - [2025-09-16T23:52:06.604+0000] {dagbag.py:588} INFO - Filling up the DagBag from /home/airflow/.local/lib/python3.12/site-packages/airflow/example_dags/example_display_name.py
[2025-09-16T23:52:06.609+0000] {processor.py:925} INFO - DAG(s) 'example_display_name' retrieved from /home/airflow/.local/lib/python3.12/site-packages/airflow/example_dags/example_display_name.py
[2025-09-16T23:52:06.621+0000] {logging_mixin.py:190} INFO - [2025-09-16T23:52:06.620+0000] {dag.py:3239} INFO - Sync 1 DAGs
[2025-09-16T23:52:06.628+0000] {logging_mixin.py:190} INFO - [2025-09-16T23:52:06.627+0000] {dag.py:4180} INFO - Setting next_dagrun for example_display_name to None, run_after=None
[2025-09-16T23:52:06.636+0000] {processor.py:208} INFO - Processing /home/airflow/.local/lib/python3.12/site-packages/airflow/example_dags/example_display_name.py took 0.038 seconds
[2025-09-16T23:52:38.123+0000] {processor.py:186} INFO - Started process (PID=1485) to work on /home/airflow/.local/lib/python3.12/site-packages/airflow/example_dags/example_display_name.py
[2025-09-16T23:52:38.126+0000] {processor.py:914} INFO - Processing file /home/airflow/.local/lib/python3.12/site-packages/airflow/example_dags/example_display_name.py for tasks to queue
[2025-09-16T23:52:38.127+0000] {logging_mixin.py:190} INFO - [2025-09-16T23:52:38.127+0000] {dagbag.py:588} INFO - Filling up the DagBag from /home/airflow/.local/lib/python3.12/site-packages/airflow/example_dags/example_display_name.py
[2025-09-16T23:52:38.135+0000] {processor.py:925} INFO - DAG(s) 'example_display_name' retrieved from /home/airflow/.local/lib/python3.12/site-packages/airflow/example_dags/example_display_name.py
[2025-09-16T23:52:38.146+0000] {logging_mixin.py:190} INFO - [2025-09-16T23:52:38.146+0000] {dag.py:3239} INFO - Sync 1 DAGs
[2025-09-16T23:52:38.158+0000] {logging_mixin.py:190} INFO - [2025-09-16T23:52:38.157+0000] {dag.py:4180} INFO - Setting next_dagrun for example_display_name to None, run_after=None
[2025-09-16T23:52:38.167+0000] {processor.py:208} INFO - Processing /home/airflow/.local/lib/python3.12/site-packages/airflow/example_dags/example_display_name.py took 0.048 seconds
[2025-09-16T23:53:09.453+0000] {processor.py:186} INFO - Started process (PID=1548) to work on /home/airflow/.local/lib/python3.12/site-packages/airflow/example_dags/example_display_name.py
[2025-09-16T23:53:09.454+0000] {processor.py:914} INFO - Processing file /home/airflow/.local/lib/python3.12/site-packages/airflow/example_dags/example_display_name.py for tasks to queue
[2025-09-16T23:53:09.456+0000] {logging_mixin.py:190} INFO - [2025-09-16T23:53:09.456+0000] {dagbag.py:588} INFO - Filling up the DagBag from /home/airflow/.local/lib/python3.12/site-packages/airflow/example_dags/example_display_name.py
[2025-09-16T23:53:09.462+0000] {processor.py:925} INFO - DAG(s) 'example_display_name' retrieved from /home/airflow/.local/lib/python3.12/site-packages/airflow/example_dags/example_display_name.py
[2025-09-16T23:53:09.478+0000] {logging_mixin.py:190} INFO - [2025-09-16T23:53:09.478+0000] {dag.py:3239} INFO - Sync 1 DAGs
[2025-09-16T23:53:09.489+0000] {logging_mixin.py:190} INFO - [2025-09-16T23:53:09.488+0000] {dag.py:4180} INFO - Setting next_dagrun for example_display_name to None, run_after=None
[2025-09-16T23:53:09.501+0000] {processor.py:208} INFO - Processing /home/airflow/.local/lib/python3.12/site-packages/airflow/example_dags/example_display_name.py took 0.054 seconds
[2025-09-16T23:53:40.799+0000] {processor.py:186} INFO - Started process (PID=1611) to work on /home/airflow/.local/lib/python3.12/site-packages/airflow/example_dags/example_display_name.py
[2025-09-16T23:53:40.800+0000] {processor.py:914} INFO - Processing file /home/airflow/.local/lib/python3.12/site-packages/airflow/example_dags/example_display_name.py for tasks to queue
[2025-09-16T23:53:40.801+0000] {logging_mixin.py:190} INFO - [2025-09-16T23:53:40.801+0000] {dagbag.py:588} INFO - Filling up the DagBag from /home/airflow/.local/lib/python3.12/site-packages/airflow/example_dags/example_display_name.py
[2025-09-16T23:53:40.805+0000] {processor.py:925} INFO - DAG(s) 'example_display_name' retrieved from /home/airflow/.local/lib/python3.12/site-packages/airflow/example_dags/example_display_name.py
[2025-09-16T23:53:40.815+0000] {logging_mixin.py:190} INFO - [2025-09-16T23:53:40.815+0000] {dag.py:3239} INFO - Sync 1 DAGs
[2025-09-16T23:53:40.821+0000] {logging_mixin.py:190} INFO - [2025-09-16T23:53:40.821+0000] {dag.py:4180} INFO - Setting next_dagrun for example_display_name to None, run_after=None
[2025-09-16T23:53:40.830+0000] {processor.py:208} INFO - Processing /home/airflow/.local/lib/python3.12/site-packages/airflow/example_dags/example_display_name.py took 0.035 seconds
[2025-09-16T23:54:12.417+0000] {processor.py:186} INFO - Started process (PID=1674) to work on /home/airflow/.local/lib/python3.12/site-packages/airflow/example_dags/example_display_name.py
[2025-09-16T23:54:12.418+0000] {processor.py:914} INFO - Processing file /home/airflow/.local/lib/python3.12/site-packages/airflow/example_dags/example_display_name.py for tasks to queue
[2025-09-16T23:54:12.419+0000] {logging_mixin.py:190} INFO - [2025-09-16T23:54:12.419+0000] {dagbag.py:588} INFO - Filling up the DagBag from /home/airflow/.local/lib/python3.12/site-packages/airflow/example_dags/example_display_name.py
[2025-09-16T23:54:12.423+0000] {processor.py:925} INFO - DAG(s) 'example_display_name' retrieved from /home/airflow/.local/lib/python3.12/site-packages/airflow/example_dags/example_display_name.py
[2025-09-16T23:54:12.434+0000] {logging_mixin.py:190} INFO - [2025-09-16T23:54:12.434+0000] {dag.py:3239} INFO - Sync 1 DAGs
[2025-09-16T23:54:12.441+0000] {logging_mixin.py:190} INFO - [2025-09-16T23:54:12.441+0000] {dag.py:4180} INFO - Setting next_dagrun for example_display_name to None, run_after=None
[2025-09-16T23:54:12.452+0000] {processor.py:208} INFO - Processing /home/airflow/.local/lib/python3.12/site-packages/airflow/example_dags/example_display_name.py took 0.039 seconds
[2025-09-16T23:54:44.509+0000] {processor.py:186} INFO - Started process (PID=1737) to work on /home/airflow/.local/lib/python3.12/site-packages/airflow/example_dags/example_display_name.py
[2025-09-16T23:54:44.510+0000] {processor.py:914} INFO - Processing file /home/airflow/.local/lib/python3.12/site-packages/airflow/example_dags/example_display_name.py for tasks to queue
[2025-09-16T23:54:44.513+0000] {logging_mixin.py:190} INFO - [2025-09-16T23:54:44.513+0000] {dagbag.py:588} INFO - Filling up the DagBag from /home/airflow/.local/lib/python3.12/site-packages/airflow/example_dags/example_display_name.py
[2025-09-16T23:54:44.519+0000] {processor.py:925} INFO - DAG(s) 'example_display_name' retrieved from /home/airflow/.local/lib/python3.12/site-packages/airflow/example_dags/example_display_name.py
[2025-09-16T23:54:44.534+0000] {logging_mixin.py:190} INFO - [2025-09-16T23:54:44.534+0000] {dag.py:3239} INFO - Sync 1 DAGs
[2025-09-16T23:54:44.550+0000] {logging_mixin.py:190} INFO - [2025-09-16T23:54:44.550+0000] {dag.py:4180} INFO - Setting next_dagrun for example_display_name to None, run_after=None
[2025-09-16T23:54:44.565+0000] {processor.py:208} INFO - Processing /home/airflow/.local/lib/python3.12/site-packages/airflow/example_dags/example_display_name.py took 0.060 seconds
[2025-09-16T23:55:15.452+0000] {processor.py:186} INFO - Started process (PID=1800) to work on /home/airflow/.local/lib/python3.12/site-packages/airflow/example_dags/example_display_name.py
[2025-09-16T23:55:15.453+0000] {processor.py:914} INFO - Processing file /home/airflow/.local/lib/python3.12/site-packages/airflow/example_dags/example_display_name.py for tasks to queue
[2025-09-16T23:55:15.454+0000] {logging_mixin.py:190} INFO - [2025-09-16T23:55:15.454+0000] {dagbag.py:588} INFO - Filling up the DagBag from /home/airflow/.local/lib/python3.12/site-packages/airflow/example_dags/example_display_name.py
[2025-09-16T23:55:15.459+0000] {processor.py:925} INFO - DAG(s) 'example_display_name' retrieved from /home/airflow/.local/lib/python3.12/site-packages/airflow/example_dags/example_display_name.py
[2025-09-16T23:55:15.468+0000] {logging_mixin.py:190} INFO - [2025-09-16T23:55:15.468+0000] {dag.py:3239} INFO - Sync 1 DAGs
[2025-09-16T23:55:15.475+0000] {logging_mixin.py:190} INFO - [2025-09-16T23:55:15.475+0000] {dag.py:4180} INFO - Setting next_dagrun for example_display_name to None, run_after=None
[2025-09-16T23:55:15.483+0000] {processor.py:208} INFO - Processing /home/airflow/.local/lib/python3.12/site-packages/airflow/example_dags/example_display_name.py took 0.035 seconds
[2025-09-16T23:55:46.631+0000] {processor.py:186} INFO - Started process (PID=1863) to work on /home/airflow/.local/lib/python3.12/site-packages/airflow/example_dags/example_display_name.py
[2025-09-16T23:55:46.633+0000] {processor.py:914} INFO - Processing file /home/airflow/.local/lib/python3.12/site-packages/airflow/example_dags/example_display_name.py for tasks to queue
[2025-09-16T23:55:46.635+0000] {logging_mixin.py:190} INFO - [2025-09-16T23:55:46.634+0000] {dagbag.py:588} INFO - Filling up the DagBag from /home/airflow/.local/lib/python3.12/site-packages/airflow/example_dags/example_display_name.py
[2025-09-16T23:55:46.639+0000] {processor.py:925} INFO - DAG(s) 'example_display_name' retrieved from /home/airflow/.local/lib/python3.12/site-packages/airflow/example_dags/example_display_name.py
[2025-09-16T23:55:46.650+0000] {logging_mixin.py:190} INFO - [2025-09-16T23:55:46.650+0000] {dag.py:3239} INFO - Sync 1 DAGs
[2025-09-16T23:55:46.657+0000] {logging_mixin.py:190} INFO - [2025-09-16T23:55:46.657+0000] {dag.py:4180} INFO - Setting next_dagrun for example_display_name to None, run_after=None
[2025-09-16T23:55:46.665+0000] {processor.py:208} INFO - Processing /home/airflow/.local/lib/python3.12/site-packages/airflow/example_dags/example_display_name.py took 0.038 seconds
[2025-09-16T23:56:17.854+0000] {processor.py:186} INFO - Started process (PID=1926) to work on /home/airflow/.local/lib/python3.12/site-packages/airflow/example_dags/example_display_name.py
[2025-09-16T23:56:17.855+0000] {processor.py:914} INFO - Processing file /home/airflow/.local/lib/python3.12/site-packages/airflow/example_dags/example_display_name.py for tasks to queue
[2025-09-16T23:56:17.856+0000] {logging_mixin.py:190} INFO - [2025-09-16T23:56:17.856+0000] {dagbag.py:588} INFO - Filling up the DagBag from /home/airflow/.local/lib/python3.12/site-packages/airflow/example_dags/example_display_name.py
[2025-09-16T23:56:17.861+0000] {processor.py:925} INFO - DAG(s) 'example_display_name' retrieved from /home/airflow/.local/lib/python3.12/site-packages/airflow/example_dags/example_display_name.py
[2025-09-16T23:56:17.871+0000] {logging_mixin.py:190} INFO - [2025-09-16T23:56:17.870+0000] {dag.py:3239} INFO - Sync 1 DAGs
[2025-09-16T23:56:17.880+0000] {logging_mixin.py:190} INFO - [2025-09-16T23:56:17.880+0000] {dag.py:4180} INFO - Setting next_dagrun for example_display_name to None, run_after=None
[2025-09-16T23:56:17.892+0000] {processor.py:208} INFO - Processing /home/airflow/.local/lib/python3.12/site-packages/airflow/example_dags/example_display_name.py took 0.041 seconds
[2025-09-16T23:56:48.976+0000] {processor.py:186} INFO - Started process (PID=1989) to work on /home/airflow/.local/lib/python3.12/site-packages/airflow/example_dags/example_display_name.py
[2025-09-16T23:56:48.977+0000] {processor.py:914} INFO - Processing file /home/airflow/.local/lib/python3.12/site-packages/airflow/example_dags/example_display_name.py for tasks to queue
[2025-09-16T23:56:48.978+0000] {logging_mixin.py:190} INFO - [2025-09-16T23:56:48.978+0000] {dagbag.py:588} INFO - Filling up the DagBag from /home/airflow/.local/lib/python3.12/site-packages/airflow/example_dags/example_display_name.py
[2025-09-16T23:56:48.983+0000] {processor.py:925} INFO - DAG(s) 'example_display_name' retrieved from /home/airflow/.local/lib/python3.12/site-packages/airflow/example_dags/example_display_name.py
[2025-09-16T23:56:48.993+0000] {logging_mixin.py:190} INFO - [2025-09-16T23:56:48.993+0000] {dag.py:3239} INFO - Sync 1 DAGs
[2025-09-16T23:56:49.000+0000] {logging_mixin.py:190} INFO - [2025-09-16T23:56:49.000+0000] {dag.py:4180} INFO - Setting next_dagrun for example_display_name to None, run_after=None
[2025-09-16T23:56:49.008+0000] {processor.py:208} INFO - Processing /home/airflow/.local/lib/python3.12/site-packages/airflow/example_dags/example_display_name.py took 0.036 seconds
[2025-09-16T23:57:20.083+0000] {processor.py:186} INFO - Started process (PID=2052) to work on /home/airflow/.local/lib/python3.12/site-packages/airflow/example_dags/example_display_name.py
[2025-09-16T23:57:20.084+0000] {processor.py:914} INFO - Processing file /home/airflow/.local/lib/python3.12/site-packages/airflow/example_dags/example_display_name.py for tasks to queue
[2025-09-16T23:57:20.085+0000] {logging_mixin.py:190} INFO - [2025-09-16T23:57:20.085+0000] {dagbag.py:588} INFO - Filling up the DagBag from /home/airflow/.local/lib/python3.12/site-packages/airflow/example_dags/example_display_name.py
[2025-09-16T23:57:20.090+0000] {processor.py:925} INFO - DAG(s) 'example_display_name' retrieved from /home/airflow/.local/lib/python3.12/site-packages/airflow/example_dags/example_display_name.py
[2025-09-16T23:57:20.100+0000] {logging_mixin.py:190} INFO - [2025-09-16T23:57:20.100+0000] {dag.py:3239} INFO - Sync 1 DAGs
[2025-09-16T23:57:20.106+0000] {logging_mixin.py:190} INFO - [2025-09-16T23:57:20.106+0000] {dag.py:4180} INFO - Setting next_dagrun for example_display_name to None, run_after=None
[2025-09-16T23:57:20.120+0000] {processor.py:208} INFO - Processing /home/airflow/.local/lib/python3.12/site-packages/airflow/example_dags/example_display_name.py took 0.040 seconds
[2025-09-16T23:57:51.223+0000] {processor.py:186} INFO - Started process (PID=2115) to work on /home/airflow/.local/lib/python3.12/site-packages/airflow/example_dags/example_display_name.py
[2025-09-16T23:57:51.224+0000] {processor.py:914} INFO - Processing file /home/airflow/.local/lib/python3.12/site-packages/airflow/example_dags/example_display_name.py for tasks to queue
[2025-09-16T23:57:51.225+0000] {logging_mixin.py:190} INFO - [2025-09-16T23:57:51.225+0000] {dagbag.py:588} INFO - Filling up the DagBag from /home/airflow/.local/lib/python3.12/site-packages/airflow/example_dags/example_display_name.py
[2025-09-16T23:57:51.229+0000] {processor.py:925} INFO - DAG(s) 'example_display_name' retrieved from /home/airflow/.local/lib/python3.12/site-packages/airflow/example_dags/example_display_name.py
[2025-09-16T23:57:51.240+0000] {logging_mixin.py:190} INFO - [2025-09-16T23:57:51.240+0000] {dag.py:3239} INFO - Sync 1 DAGs
[2025-09-16T23:57:51.247+0000] {logging_mixin.py:190} INFO - [2025-09-16T23:57:51.247+0000] {dag.py:4180} INFO - Setting next_dagrun for example_display_name to None, run_after=None
[2025-09-16T23:57:51.256+0000] {processor.py:208} INFO - Processing /home/airflow/.local/lib/python3.12/site-packages/airflow/example_dags/example_display_name.py took 0.037 seconds
[2025-09-16T23:58:22.324+0000] {processor.py:186} INFO - Started process (PID=2178) to work on /home/airflow/.local/lib/python3.12/site-packages/airflow/example_dags/example_display_name.py
[2025-09-16T23:58:22.326+0000] {processor.py:914} INFO - Processing file /home/airflow/.local/lib/python3.12/site-packages/airflow/example_dags/example_display_name.py for tasks to queue
[2025-09-16T23:58:22.327+0000] {logging_mixin.py:190} INFO - [2025-09-16T23:58:22.327+0000] {dagbag.py:588} INFO - Filling up the DagBag from /home/airflow/.local/lib/python3.12/site-packages/airflow/example_dags/example_display_name.py
[2025-09-16T23:58:22.335+0000] {processor.py:925} INFO - DAG(s) 'example_display_name' retrieved from /home/airflow/.local/lib/python3.12/site-packages/airflow/example_dags/example_display_name.py
[2025-09-16T23:58:22.346+0000] {logging_mixin.py:190} INFO - [2025-09-16T23:58:22.346+0000] {dag.py:3239} INFO - Sync 1 DAGs
[2025-09-16T23:58:22.355+0000] {logging_mixin.py:190} INFO - [2025-09-16T23:58:22.355+0000] {dag.py:4180} INFO - Setting next_dagrun for example_display_name to None, run_after=None
[2025-09-16T23:58:22.366+0000] {processor.py:208} INFO - Processing /home/airflow/.local/lib/python3.12/site-packages/airflow/example_dags/example_display_name.py took 0.045 seconds
[2025-09-16T23:58:53.378+0000] {processor.py:186} INFO - Started process (PID=2247) to work on /home/airflow/.local/lib/python3.12/site-packages/airflow/example_dags/example_display_name.py
[2025-09-16T23:58:53.379+0000] {processor.py:914} INFO - Processing file /home/airflow/.local/lib/python3.12/site-packages/airflow/example_dags/example_display_name.py for tasks to queue
[2025-09-16T23:58:53.382+0000] {logging_mixin.py:190} INFO - [2025-09-16T23:58:53.381+0000] {dagbag.py:588} INFO - Filling up the DagBag from /home/airflow/.local/lib/python3.12/site-packages/airflow/example_dags/example_display_name.py
[2025-09-16T23:58:53.387+0000] {processor.py:925} INFO - DAG(s) 'example_display_name' retrieved from /home/airflow/.local/lib/python3.12/site-packages/airflow/example_dags/example_display_name.py
[2025-09-16T23:58:53.397+0000] {logging_mixin.py:190} INFO - [2025-09-16T23:58:53.396+0000] {dag.py:3239} INFO - Sync 1 DAGs
[2025-09-16T23:58:53.404+0000] {logging_mixin.py:190} INFO - [2025-09-16T23:58:53.404+0000] {dag.py:4180} INFO - Setting next_dagrun for example_display_name to None, run_after=None
[2025-09-16T23:58:53.414+0000] {processor.py:208} INFO - Processing /home/airflow/.local/lib/python3.12/site-packages/airflow/example_dags/example_display_name.py took 0.039 seconds
[2025-09-16T23:59:24.436+0000] {processor.py:186} INFO - Started process (PID=2310) to work on /home/airflow/.local/lib/python3.12/site-packages/airflow/example_dags/example_display_name.py
[2025-09-16T23:59:24.437+0000] {processor.py:914} INFO - Processing file /home/airflow/.local/lib/python3.12/site-packages/airflow/example_dags/example_display_name.py for tasks to queue
[2025-09-16T23:59:24.439+0000] {logging_mixin.py:190} INFO - [2025-09-16T23:59:24.439+0000] {dagbag.py:588} INFO - Filling up the DagBag from /home/airflow/.local/lib/python3.12/site-packages/airflow/example_dags/example_display_name.py
[2025-09-16T23:59:24.443+0000] {processor.py:925} INFO - DAG(s) 'example_display_name' retrieved from /home/airflow/.local/lib/python3.12/site-packages/airflow/example_dags/example_display_name.py
[2025-09-16T23:59:24.454+0000] {logging_mixin.py:190} INFO - [2025-09-16T23:59:24.454+0000] {dag.py:3239} INFO - Sync 1 DAGs
[2025-09-16T23:59:24.461+0000] {logging_mixin.py:190} INFO - [2025-09-16T23:59:24.461+0000] {dag.py:4180} INFO - Setting next_dagrun for example_display_name to None, run_after=None
[2025-09-16T23:59:24.474+0000] {processor.py:208} INFO - Processing /home/airflow/.local/lib/python3.12/site-packages/airflow/example_dags/example_display_name.py took 0.042 seconds
[2025-09-16T23:59:55.832+0000] {processor.py:186} INFO - Started process (PID=2373) to work on /home/airflow/.local/lib/python3.12/site-packages/airflow/example_dags/example_display_name.py
[2025-09-16T23:59:55.834+0000] {processor.py:914} INFO - Processing file /home/airflow/.local/lib/python3.12/site-packages/airflow/example_dags/example_display_name.py for tasks to queue
[2025-09-16T23:59:55.836+0000] {logging_mixin.py:190} INFO - [2025-09-16T23:59:55.836+0000] {dagbag.py:588} INFO - Filling up the DagBag from /home/airflow/.local/lib/python3.12/site-packages/airflow/example_dags/example_display_name.py
[2025-09-16T23:59:55.841+0000] {processor.py:925} INFO - DAG(s) 'example_display_name' retrieved from /home/airflow/.local/lib/python3.12/site-packages/airflow/example_dags/example_display_name.py
[2025-09-16T23:59:55.854+0000] {logging_mixin.py:190} INFO - [2025-09-16T23:59:55.854+0000] {dag.py:3239} INFO - Sync 1 DAGs
[2025-09-16T23:59:55.863+0000] {logging_mixin.py:190} INFO - [2025-09-16T23:59:55.863+0000] {dag.py:4180} INFO - Setting next_dagrun for example_display_name to None, run_after=None
[2025-09-16T23:59:55.875+0000] {processor.py:208} INFO - Processing /home/airflow/.local/lib/python3.12/site-packages/airflow/example_dags/example_display_name.py took 0.048 seconds
