[2025-09-16T23:41:17.685+0000] {processor.py:186} INFO - Started process (PID=75) to work on /home/airflow/.local/lib/python3.12/site-packages/airflow/example_dags/example_latest_only_with_trigger.py
[2025-09-16T23:41:17.686+0000] {processor.py:914} INFO - Processing file /home/airflow/.local/lib/python3.12/site-packages/airflow/example_dags/example_latest_only_with_trigger.py for tasks to queue
[2025-09-16T23:41:17.688+0000] {logging_mixin.py:190} INFO - [2025-09-16T23:41:17.688+0000] {dagbag.py:588} INFO - Filling up the DagBag from /home/airflow/.local/lib/python3.12/site-packages/airflow/example_dags/example_latest_only_with_trigger.py
[2025-09-16T23:41:17.692+0000] {processor.py:925} INFO - DAG(s) 'latest_only_with_trigger' retrieved from /home/airflow/.local/lib/python3.12/site-packages/airflow/example_dags/example_latest_only_with_trigger.py
[2025-09-16T23:41:17.761+0000] {logging_mixin.py:190} INFO - [2025-09-16T23:41:17.760+0000] {override.py:1911} INFO - Created Permission View: can edit on DAG:latest_only_with_trigger
[2025-09-16T23:41:17.768+0000] {logging_mixin.py:190} INFO - [2025-09-16T23:41:17.768+0000] {override.py:1911} INFO - Created Permission View: can delete on DAG:latest_only_with_trigger
[2025-09-16T23:41:17.773+0000] {logging_mixin.py:190} INFO - [2025-09-16T23:41:17.772+0000] {override.py:1911} INFO - Created Permission View: can read on DAG:latest_only_with_trigger
[2025-09-16T23:41:17.779+0000] {logging_mixin.py:190} INFO - [2025-09-16T23:41:17.778+0000] {override.py:1911} INFO - Created Permission View: menu access on DAG Run:latest_only_with_trigger
[2025-09-16T23:41:17.786+0000] {logging_mixin.py:190} INFO - [2025-09-16T23:41:17.786+0000] {override.py:1911} INFO - Created Permission View: can create on DAG Run:latest_only_with_trigger
[2025-09-16T23:41:17.791+0000] {logging_mixin.py:190} INFO - [2025-09-16T23:41:17.791+0000] {override.py:1911} INFO - Created Permission View: can delete on DAG Run:latest_only_with_trigger
[2025-09-16T23:41:17.799+0000] {logging_mixin.py:190} INFO - [2025-09-16T23:41:17.799+0000] {override.py:1911} INFO - Created Permission View: can read on DAG Run:latest_only_with_trigger
[2025-09-16T23:41:17.800+0000] {logging_mixin.py:190} INFO - [2025-09-16T23:41:17.800+0000] {dag.py:3239} INFO - Sync 1 DAGs
[2025-09-16T23:41:17.810+0000] {logging_mixin.py:190} INFO - [2025-09-16T23:41:17.809+0000] {dag.py:3262} INFO - Creating ORM DAG for latest_only_with_trigger
[2025-09-16T23:41:17.815+0000] {logging_mixin.py:190} INFO - [2025-09-16T23:41:17.815+0000] {dag.py:4180} INFO - Setting next_dagrun for latest_only_with_trigger to 2025-09-16 16:00:00+00:00, run_after=2025-09-16 20:00:00+00:00
[2025-09-16T23:41:17.825+0000] {processor.py:208} INFO - Processing /home/airflow/.local/lib/python3.12/site-packages/airflow/example_dags/example_latest_only_with_trigger.py took 0.143 seconds
[2025-09-16T23:41:47.991+0000] {processor.py:186} INFO - Started process (PID=138) to work on /home/airflow/.local/lib/python3.12/site-packages/airflow/example_dags/example_latest_only_with_trigger.py
[2025-09-16T23:41:47.994+0000] {processor.py:914} INFO - Processing file /home/airflow/.local/lib/python3.12/site-packages/airflow/example_dags/example_latest_only_with_trigger.py for tasks to queue
[2025-09-16T23:41:47.996+0000] {logging_mixin.py:190} INFO - [2025-09-16T23:41:47.996+0000] {dagbag.py:588} INFO - Filling up the DagBag from /home/airflow/.local/lib/python3.12/site-packages/airflow/example_dags/example_latest_only_with_trigger.py
[2025-09-16T23:41:48.000+0000] {processor.py:925} INFO - DAG(s) 'latest_only_with_trigger' retrieved from /home/airflow/.local/lib/python3.12/site-packages/airflow/example_dags/example_latest_only_with_trigger.py
[2025-09-16T23:41:48.011+0000] {logging_mixin.py:190} INFO - [2025-09-16T23:41:48.010+0000] {dag.py:3239} INFO - Sync 1 DAGs
[2025-09-16T23:41:48.023+0000] {logging_mixin.py:190} INFO - [2025-09-16T23:41:48.022+0000] {dag.py:4180} INFO - Setting next_dagrun for latest_only_with_trigger to 2025-09-16 16:00:00+00:00, run_after=2025-09-16 20:00:00+00:00
[2025-09-16T23:41:48.033+0000] {processor.py:208} INFO - Processing /home/airflow/.local/lib/python3.12/site-packages/airflow/example_dags/example_latest_only_with_trigger.py took 0.046 seconds
[2025-09-16T23:42:19.092+0000] {processor.py:186} INFO - Started process (PID=201) to work on /home/airflow/.local/lib/python3.12/site-packages/airflow/example_dags/example_latest_only_with_trigger.py
[2025-09-16T23:42:19.093+0000] {processor.py:914} INFO - Processing file /home/airflow/.local/lib/python3.12/site-packages/airflow/example_dags/example_latest_only_with_trigger.py for tasks to queue
[2025-09-16T23:42:19.094+0000] {logging_mixin.py:190} INFO - [2025-09-16T23:42:19.093+0000] {dagbag.py:588} INFO - Filling up the DagBag from /home/airflow/.local/lib/python3.12/site-packages/airflow/example_dags/example_latest_only_with_trigger.py
[2025-09-16T23:42:19.097+0000] {processor.py:925} INFO - DAG(s) 'latest_only_with_trigger' retrieved from /home/airflow/.local/lib/python3.12/site-packages/airflow/example_dags/example_latest_only_with_trigger.py
[2025-09-16T23:42:19.108+0000] {logging_mixin.py:190} INFO - [2025-09-16T23:42:19.108+0000] {dag.py:3239} INFO - Sync 1 DAGs
[2025-09-16T23:42:19.120+0000] {logging_mixin.py:190} INFO - [2025-09-16T23:42:19.120+0000] {dag.py:4180} INFO - Setting next_dagrun for latest_only_with_trigger to 2025-09-16 16:00:00+00:00, run_after=2025-09-16 20:00:00+00:00
[2025-09-16T23:42:19.130+0000] {processor.py:208} INFO - Processing /home/airflow/.local/lib/python3.12/site-packages/airflow/example_dags/example_latest_only_with_trigger.py took 0.041 seconds
[2025-09-16T23:42:49.753+0000] {processor.py:186} INFO - Started process (PID=269) to work on /home/airflow/.local/lib/python3.12/site-packages/airflow/example_dags/example_latest_only_with_trigger.py
[2025-09-16T23:42:49.754+0000] {processor.py:914} INFO - Processing file /home/airflow/.local/lib/python3.12/site-packages/airflow/example_dags/example_latest_only_with_trigger.py for tasks to queue
[2025-09-16T23:42:49.756+0000] {logging_mixin.py:190} INFO - [2025-09-16T23:42:49.756+0000] {dagbag.py:588} INFO - Filling up the DagBag from /home/airflow/.local/lib/python3.12/site-packages/airflow/example_dags/example_latest_only_with_trigger.py
[2025-09-16T23:42:49.762+0000] {processor.py:925} INFO - DAG(s) 'latest_only_with_trigger' retrieved from /home/airflow/.local/lib/python3.12/site-packages/airflow/example_dags/example_latest_only_with_trigger.py
[2025-09-16T23:42:49.779+0000] {logging_mixin.py:190} INFO - [2025-09-16T23:42:49.779+0000] {dag.py:3239} INFO - Sync 1 DAGs
[2025-09-16T23:42:49.798+0000] {logging_mixin.py:190} INFO - [2025-09-16T23:42:49.798+0000] {dag.py:4180} INFO - Setting next_dagrun for latest_only_with_trigger to 2025-09-16 16:00:00+00:00, run_after=2025-09-16 20:00:00+00:00
[2025-09-16T23:42:49.811+0000] {processor.py:208} INFO - Processing /home/airflow/.local/lib/python3.12/site-packages/airflow/example_dags/example_latest_only_with_trigger.py took 0.063 seconds
[2025-09-16T23:43:20.010+0000] {processor.py:186} INFO - Started process (PID=332) to work on /home/airflow/.local/lib/python3.12/site-packages/airflow/example_dags/example_latest_only_with_trigger.py
[2025-09-16T23:43:20.011+0000] {processor.py:914} INFO - Processing file /home/airflow/.local/lib/python3.12/site-packages/airflow/example_dags/example_latest_only_with_trigger.py for tasks to queue
[2025-09-16T23:43:20.013+0000] {logging_mixin.py:190} INFO - [2025-09-16T23:43:20.013+0000] {dagbag.py:588} INFO - Filling up the DagBag from /home/airflow/.local/lib/python3.12/site-packages/airflow/example_dags/example_latest_only_with_trigger.py
[2025-09-16T23:43:20.017+0000] {processor.py:925} INFO - DAG(s) 'latest_only_with_trigger' retrieved from /home/airflow/.local/lib/python3.12/site-packages/airflow/example_dags/example_latest_only_with_trigger.py
[2025-09-16T23:43:20.030+0000] {logging_mixin.py:190} INFO - [2025-09-16T23:43:20.030+0000] {dag.py:3239} INFO - Sync 1 DAGs
[2025-09-16T23:43:20.041+0000] {logging_mixin.py:190} INFO - [2025-09-16T23:43:20.041+0000] {dag.py:4180} INFO - Setting next_dagrun for latest_only_with_trigger to 2025-09-16 16:00:00+00:00, run_after=2025-09-16 20:00:00+00:00
[2025-09-16T23:43:20.050+0000] {processor.py:208} INFO - Processing /home/airflow/.local/lib/python3.12/site-packages/airflow/example_dags/example_latest_only_with_trigger.py took 0.042 seconds
[2025-09-16T23:43:50.644+0000] {processor.py:186} INFO - Started process (PID=394) to work on /home/airflow/.local/lib/python3.12/site-packages/airflow/example_dags/example_latest_only_with_trigger.py
[2025-09-16T23:43:50.645+0000] {processor.py:914} INFO - Processing file /home/airflow/.local/lib/python3.12/site-packages/airflow/example_dags/example_latest_only_with_trigger.py for tasks to queue
[2025-09-16T23:43:50.646+0000] {logging_mixin.py:190} INFO - [2025-09-16T23:43:50.646+0000] {dagbag.py:588} INFO - Filling up the DagBag from /home/airflow/.local/lib/python3.12/site-packages/airflow/example_dags/example_latest_only_with_trigger.py
[2025-09-16T23:43:50.654+0000] {processor.py:925} INFO - DAG(s) 'latest_only_with_trigger' retrieved from /home/airflow/.local/lib/python3.12/site-packages/airflow/example_dags/example_latest_only_with_trigger.py
[2025-09-16T23:43:50.669+0000] {logging_mixin.py:190} INFO - [2025-09-16T23:43:50.669+0000] {dag.py:3239} INFO - Sync 1 DAGs
[2025-09-16T23:43:50.684+0000] {logging_mixin.py:190} INFO - [2025-09-16T23:43:50.684+0000] {dag.py:4180} INFO - Setting next_dagrun for latest_only_with_trigger to 2025-09-16 16:00:00+00:00, run_after=2025-09-16 20:00:00+00:00
[2025-09-16T23:43:50.696+0000] {processor.py:208} INFO - Processing /home/airflow/.local/lib/python3.12/site-packages/airflow/example_dags/example_latest_only_with_trigger.py took 0.056 seconds
[2025-09-16T23:44:21.426+0000] {processor.py:186} INFO - Started process (PID=457) to work on /home/airflow/.local/lib/python3.12/site-packages/airflow/example_dags/example_latest_only_with_trigger.py
[2025-09-16T23:44:21.429+0000] {processor.py:914} INFO - Processing file /home/airflow/.local/lib/python3.12/site-packages/airflow/example_dags/example_latest_only_with_trigger.py for tasks to queue
[2025-09-16T23:44:21.431+0000] {logging_mixin.py:190} INFO - [2025-09-16T23:44:21.431+0000] {dagbag.py:588} INFO - Filling up the DagBag from /home/airflow/.local/lib/python3.12/site-packages/airflow/example_dags/example_latest_only_with_trigger.py
[2025-09-16T23:44:21.436+0000] {processor.py:925} INFO - DAG(s) 'latest_only_with_trigger' retrieved from /home/airflow/.local/lib/python3.12/site-packages/airflow/example_dags/example_latest_only_with_trigger.py
[2025-09-16T23:44:21.446+0000] {logging_mixin.py:190} INFO - [2025-09-16T23:44:21.446+0000] {dag.py:3239} INFO - Sync 1 DAGs
[2025-09-16T23:44:21.460+0000] {logging_mixin.py:190} INFO - [2025-09-16T23:44:21.459+0000] {dag.py:4180} INFO - Setting next_dagrun for latest_only_with_trigger to 2025-09-16 16:00:00+00:00, run_after=2025-09-16 20:00:00+00:00
[2025-09-16T23:44:21.469+0000] {processor.py:208} INFO - Processing /home/airflow/.local/lib/python3.12/site-packages/airflow/example_dags/example_latest_only_with_trigger.py took 0.048 seconds
[2025-09-16T23:44:52.082+0000] {processor.py:186} INFO - Started process (PID=520) to work on /home/airflow/.local/lib/python3.12/site-packages/airflow/example_dags/example_latest_only_with_trigger.py
[2025-09-16T23:44:52.083+0000] {processor.py:914} INFO - Processing file /home/airflow/.local/lib/python3.12/site-packages/airflow/example_dags/example_latest_only_with_trigger.py for tasks to queue
[2025-09-16T23:44:52.084+0000] {logging_mixin.py:190} INFO - [2025-09-16T23:44:52.084+0000] {dagbag.py:588} INFO - Filling up the DagBag from /home/airflow/.local/lib/python3.12/site-packages/airflow/example_dags/example_latest_only_with_trigger.py
[2025-09-16T23:44:52.089+0000] {processor.py:925} INFO - DAG(s) 'latest_only_with_trigger' retrieved from /home/airflow/.local/lib/python3.12/site-packages/airflow/example_dags/example_latest_only_with_trigger.py
[2025-09-16T23:44:52.103+0000] {logging_mixin.py:190} INFO - [2025-09-16T23:44:52.103+0000] {dag.py:3239} INFO - Sync 1 DAGs
[2025-09-16T23:44:52.114+0000] {logging_mixin.py:190} INFO - [2025-09-16T23:44:52.114+0000] {dag.py:4180} INFO - Setting next_dagrun for latest_only_with_trigger to 2025-09-16 16:00:00+00:00, run_after=2025-09-16 20:00:00+00:00
[2025-09-16T23:44:52.125+0000] {processor.py:208} INFO - Processing /home/airflow/.local/lib/python3.12/site-packages/airflow/example_dags/example_latest_only_with_trigger.py took 0.046 seconds
[2025-09-16T23:45:22.351+0000] {processor.py:186} INFO - Started process (PID=583) to work on /home/airflow/.local/lib/python3.12/site-packages/airflow/example_dags/example_latest_only_with_trigger.py
[2025-09-16T23:45:22.352+0000] {processor.py:914} INFO - Processing file /home/airflow/.local/lib/python3.12/site-packages/airflow/example_dags/example_latest_only_with_trigger.py for tasks to queue
[2025-09-16T23:45:22.353+0000] {logging_mixin.py:190} INFO - [2025-09-16T23:45:22.353+0000] {dagbag.py:588} INFO - Filling up the DagBag from /home/airflow/.local/lib/python3.12/site-packages/airflow/example_dags/example_latest_only_with_trigger.py
[2025-09-16T23:45:22.357+0000] {processor.py:925} INFO - DAG(s) 'latest_only_with_trigger' retrieved from /home/airflow/.local/lib/python3.12/site-packages/airflow/example_dags/example_latest_only_with_trigger.py
[2025-09-16T23:45:22.367+0000] {logging_mixin.py:190} INFO - [2025-09-16T23:45:22.367+0000] {dag.py:3239} INFO - Sync 1 DAGs
[2025-09-16T23:45:22.377+0000] {logging_mixin.py:190} INFO - [2025-09-16T23:45:22.377+0000] {dag.py:4180} INFO - Setting next_dagrun for latest_only_with_trigger to 2025-09-16 16:00:00+00:00, run_after=2025-09-16 20:00:00+00:00
[2025-09-16T23:45:22.384+0000] {processor.py:208} INFO - Processing /home/airflow/.local/lib/python3.12/site-packages/airflow/example_dags/example_latest_only_with_trigger.py took 0.035 seconds
[2025-09-16T23:45:53.086+0000] {processor.py:186} INFO - Started process (PID=646) to work on /home/airflow/.local/lib/python3.12/site-packages/airflow/example_dags/example_latest_only_with_trigger.py
[2025-09-16T23:45:53.087+0000] {processor.py:914} INFO - Processing file /home/airflow/.local/lib/python3.12/site-packages/airflow/example_dags/example_latest_only_with_trigger.py for tasks to queue
[2025-09-16T23:45:53.088+0000] {logging_mixin.py:190} INFO - [2025-09-16T23:45:53.088+0000] {dagbag.py:588} INFO - Filling up the DagBag from /home/airflow/.local/lib/python3.12/site-packages/airflow/example_dags/example_latest_only_with_trigger.py
[2025-09-16T23:45:53.092+0000] {processor.py:925} INFO - DAG(s) 'latest_only_with_trigger' retrieved from /home/airflow/.local/lib/python3.12/site-packages/airflow/example_dags/example_latest_only_with_trigger.py
[2025-09-16T23:45:53.104+0000] {logging_mixin.py:190} INFO - [2025-09-16T23:45:53.104+0000] {dag.py:3239} INFO - Sync 1 DAGs
[2025-09-16T23:45:53.117+0000] {logging_mixin.py:190} INFO - [2025-09-16T23:45:53.117+0000] {dag.py:4180} INFO - Setting next_dagrun for latest_only_with_trigger to 2025-09-16 16:00:00+00:00, run_after=2025-09-16 20:00:00+00:00
[2025-09-16T23:45:53.131+0000] {processor.py:208} INFO - Processing /home/airflow/.local/lib/python3.12/site-packages/airflow/example_dags/example_latest_only_with_trigger.py took 0.049 seconds
[2025-09-16T23:46:23.684+0000] {processor.py:186} INFO - Started process (PID=709) to work on /home/airflow/.local/lib/python3.12/site-packages/airflow/example_dags/example_latest_only_with_trigger.py
[2025-09-16T23:46:23.687+0000] {processor.py:914} INFO - Processing file /home/airflow/.local/lib/python3.12/site-packages/airflow/example_dags/example_latest_only_with_trigger.py for tasks to queue
[2025-09-16T23:46:23.689+0000] {logging_mixin.py:190} INFO - [2025-09-16T23:46:23.689+0000] {dagbag.py:588} INFO - Filling up the DagBag from /home/airflow/.local/lib/python3.12/site-packages/airflow/example_dags/example_latest_only_with_trigger.py
[2025-09-16T23:46:23.693+0000] {processor.py:925} INFO - DAG(s) 'latest_only_with_trigger' retrieved from /home/airflow/.local/lib/python3.12/site-packages/airflow/example_dags/example_latest_only_with_trigger.py
[2025-09-16T23:46:23.704+0000] {logging_mixin.py:190} INFO - [2025-09-16T23:46:23.704+0000] {dag.py:3239} INFO - Sync 1 DAGs
[2025-09-16T23:46:23.715+0000] {logging_mixin.py:190} INFO - [2025-09-16T23:46:23.714+0000] {dag.py:4180} INFO - Setting next_dagrun for latest_only_with_trigger to 2025-09-16 16:00:00+00:00, run_after=2025-09-16 20:00:00+00:00
[2025-09-16T23:46:23.722+0000] {processor.py:208} INFO - Processing /home/airflow/.local/lib/python3.12/site-packages/airflow/example_dags/example_latest_only_with_trigger.py took 0.041 seconds
[2025-09-16T23:46:54.253+0000] {processor.py:186} INFO - Started process (PID=772) to work on /home/airflow/.local/lib/python3.12/site-packages/airflow/example_dags/example_latest_only_with_trigger.py
[2025-09-16T23:46:54.254+0000] {processor.py:914} INFO - Processing file /home/airflow/.local/lib/python3.12/site-packages/airflow/example_dags/example_latest_only_with_trigger.py for tasks to queue
[2025-09-16T23:46:54.255+0000] {logging_mixin.py:190} INFO - [2025-09-16T23:46:54.255+0000] {dagbag.py:588} INFO - Filling up the DagBag from /home/airflow/.local/lib/python3.12/site-packages/airflow/example_dags/example_latest_only_with_trigger.py
[2025-09-16T23:46:54.259+0000] {processor.py:925} INFO - DAG(s) 'latest_only_with_trigger' retrieved from /home/airflow/.local/lib/python3.12/site-packages/airflow/example_dags/example_latest_only_with_trigger.py
[2025-09-16T23:46:54.270+0000] {logging_mixin.py:190} INFO - [2025-09-16T23:46:54.270+0000] {dag.py:3239} INFO - Sync 1 DAGs
[2025-09-16T23:46:54.281+0000] {logging_mixin.py:190} INFO - [2025-09-16T23:46:54.281+0000] {dag.py:4180} INFO - Setting next_dagrun for latest_only_with_trigger to 2025-09-16 16:00:00+00:00, run_after=2025-09-16 20:00:00+00:00
[2025-09-16T23:46:54.289+0000] {processor.py:208} INFO - Processing /home/airflow/.local/lib/python3.12/site-packages/airflow/example_dags/example_latest_only_with_trigger.py took 0.040 seconds
[2025-09-16T23:47:25.008+0000] {processor.py:186} INFO - Started process (PID=835) to work on /home/airflow/.local/lib/python3.12/site-packages/airflow/example_dags/example_latest_only_with_trigger.py
[2025-09-16T23:47:25.009+0000] {processor.py:914} INFO - Processing file /home/airflow/.local/lib/python3.12/site-packages/airflow/example_dags/example_latest_only_with_trigger.py for tasks to queue
[2025-09-16T23:47:25.011+0000] {logging_mixin.py:190} INFO - [2025-09-16T23:47:25.011+0000] {dagbag.py:588} INFO - Filling up the DagBag from /home/airflow/.local/lib/python3.12/site-packages/airflow/example_dags/example_latest_only_with_trigger.py
[2025-09-16T23:47:25.015+0000] {processor.py:925} INFO - DAG(s) 'latest_only_with_trigger' retrieved from /home/airflow/.local/lib/python3.12/site-packages/airflow/example_dags/example_latest_only_with_trigger.py
[2025-09-16T23:47:25.028+0000] {logging_mixin.py:190} INFO - [2025-09-16T23:47:25.028+0000] {dag.py:3239} INFO - Sync 1 DAGs
[2025-09-16T23:47:25.040+0000] {logging_mixin.py:190} INFO - [2025-09-16T23:47:25.040+0000] {dag.py:4180} INFO - Setting next_dagrun for latest_only_with_trigger to 2025-09-16 16:00:00+00:00, run_after=2025-09-16 20:00:00+00:00
[2025-09-16T23:47:25.050+0000] {processor.py:208} INFO - Processing /home/airflow/.local/lib/python3.12/site-packages/airflow/example_dags/example_latest_only_with_trigger.py took 0.045 seconds
[2025-09-16T23:47:55.651+0000] {processor.py:186} INFO - Started process (PID=898) to work on /home/airflow/.local/lib/python3.12/site-packages/airflow/example_dags/example_latest_only_with_trigger.py
[2025-09-16T23:47:55.653+0000] {processor.py:914} INFO - Processing file /home/airflow/.local/lib/python3.12/site-packages/airflow/example_dags/example_latest_only_with_trigger.py for tasks to queue
[2025-09-16T23:47:55.654+0000] {logging_mixin.py:190} INFO - [2025-09-16T23:47:55.654+0000] {dagbag.py:588} INFO - Filling up the DagBag from /home/airflow/.local/lib/python3.12/site-packages/airflow/example_dags/example_latest_only_with_trigger.py
[2025-09-16T23:47:55.659+0000] {processor.py:925} INFO - DAG(s) 'latest_only_with_trigger' retrieved from /home/airflow/.local/lib/python3.12/site-packages/airflow/example_dags/example_latest_only_with_trigger.py
[2025-09-16T23:47:55.669+0000] {logging_mixin.py:190} INFO - [2025-09-16T23:47:55.668+0000] {dag.py:3239} INFO - Sync 1 DAGs
[2025-09-16T23:47:55.679+0000] {logging_mixin.py:190} INFO - [2025-09-16T23:47:55.679+0000] {dag.py:4180} INFO - Setting next_dagrun for latest_only_with_trigger to 2025-09-16 16:00:00+00:00, run_after=2025-09-16 20:00:00+00:00
[2025-09-16T23:47:55.687+0000] {processor.py:208} INFO - Processing /home/airflow/.local/lib/python3.12/site-packages/airflow/example_dags/example_latest_only_with_trigger.py took 0.039 seconds
[2025-09-16T23:48:26.534+0000] {processor.py:186} INFO - Started process (PID=961) to work on /home/airflow/.local/lib/python3.12/site-packages/airflow/example_dags/example_latest_only_with_trigger.py
[2025-09-16T23:48:26.535+0000] {processor.py:914} INFO - Processing file /home/airflow/.local/lib/python3.12/site-packages/airflow/example_dags/example_latest_only_with_trigger.py for tasks to queue
[2025-09-16T23:48:26.539+0000] {logging_mixin.py:190} INFO - [2025-09-16T23:48:26.539+0000] {dagbag.py:588} INFO - Filling up the DagBag from /home/airflow/.local/lib/python3.12/site-packages/airflow/example_dags/example_latest_only_with_trigger.py
[2025-09-16T23:48:26.543+0000] {processor.py:925} INFO - DAG(s) 'latest_only_with_trigger' retrieved from /home/airflow/.local/lib/python3.12/site-packages/airflow/example_dags/example_latest_only_with_trigger.py
[2025-09-16T23:48:26.556+0000] {logging_mixin.py:190} INFO - [2025-09-16T23:48:26.556+0000] {dag.py:3239} INFO - Sync 1 DAGs
[2025-09-16T23:48:26.572+0000] {logging_mixin.py:190} INFO - [2025-09-16T23:48:26.572+0000] {dag.py:4180} INFO - Setting next_dagrun for latest_only_with_trigger to 2025-09-16 16:00:00+00:00, run_after=2025-09-16 20:00:00+00:00
[2025-09-16T23:48:26.584+0000] {processor.py:208} INFO - Processing /home/airflow/.local/lib/python3.12/site-packages/airflow/example_dags/example_latest_only_with_trigger.py took 0.054 seconds
[2025-09-16T23:48:57.416+0000] {processor.py:186} INFO - Started process (PID=1024) to work on /home/airflow/.local/lib/python3.12/site-packages/airflow/example_dags/example_latest_only_with_trigger.py
[2025-09-16T23:48:57.417+0000] {processor.py:914} INFO - Processing file /home/airflow/.local/lib/python3.12/site-packages/airflow/example_dags/example_latest_only_with_trigger.py for tasks to queue
[2025-09-16T23:48:57.419+0000] {logging_mixin.py:190} INFO - [2025-09-16T23:48:57.419+0000] {dagbag.py:588} INFO - Filling up the DagBag from /home/airflow/.local/lib/python3.12/site-packages/airflow/example_dags/example_latest_only_with_trigger.py
[2025-09-16T23:48:57.423+0000] {processor.py:925} INFO - DAG(s) 'latest_only_with_trigger' retrieved from /home/airflow/.local/lib/python3.12/site-packages/airflow/example_dags/example_latest_only_with_trigger.py
[2025-09-16T23:48:57.435+0000] {logging_mixin.py:190} INFO - [2025-09-16T23:48:57.435+0000] {dag.py:3239} INFO - Sync 1 DAGs
[2025-09-16T23:48:57.450+0000] {logging_mixin.py:190} INFO - [2025-09-16T23:48:57.450+0000] {dag.py:4180} INFO - Setting next_dagrun for latest_only_with_trigger to 2025-09-16 16:00:00+00:00, run_after=2025-09-16 20:00:00+00:00
[2025-09-16T23:48:57.460+0000] {processor.py:208} INFO - Processing /home/airflow/.local/lib/python3.12/site-packages/airflow/example_dags/example_latest_only_with_trigger.py took 0.048 seconds
[2025-09-16T23:49:28.303+0000] {processor.py:186} INFO - Started process (PID=1087) to work on /home/airflow/.local/lib/python3.12/site-packages/airflow/example_dags/example_latest_only_with_trigger.py
[2025-09-16T23:49:28.304+0000] {processor.py:914} INFO - Processing file /home/airflow/.local/lib/python3.12/site-packages/airflow/example_dags/example_latest_only_with_trigger.py for tasks to queue
[2025-09-16T23:49:28.306+0000] {logging_mixin.py:190} INFO - [2025-09-16T23:49:28.305+0000] {dagbag.py:588} INFO - Filling up the DagBag from /home/airflow/.local/lib/python3.12/site-packages/airflow/example_dags/example_latest_only_with_trigger.py
[2025-09-16T23:49:28.310+0000] {processor.py:925} INFO - DAG(s) 'latest_only_with_trigger' retrieved from /home/airflow/.local/lib/python3.12/site-packages/airflow/example_dags/example_latest_only_with_trigger.py
[2025-09-16T23:49:28.323+0000] {logging_mixin.py:190} INFO - [2025-09-16T23:49:28.323+0000] {dag.py:3239} INFO - Sync 1 DAGs
[2025-09-16T23:49:28.336+0000] {logging_mixin.py:190} INFO - [2025-09-16T23:49:28.336+0000] {dag.py:4180} INFO - Setting next_dagrun for latest_only_with_trigger to 2025-09-16 16:00:00+00:00, run_after=2025-09-16 20:00:00+00:00
[2025-09-16T23:49:28.344+0000] {processor.py:208} INFO - Processing /home/airflow/.local/lib/python3.12/site-packages/airflow/example_dags/example_latest_only_with_trigger.py took 0.044 seconds
[2025-09-16T23:49:58.772+0000] {processor.py:186} INFO - Started process (PID=1150) to work on /home/airflow/.local/lib/python3.12/site-packages/airflow/example_dags/example_latest_only_with_trigger.py
[2025-09-16T23:49:58.773+0000] {processor.py:914} INFO - Processing file /home/airflow/.local/lib/python3.12/site-packages/airflow/example_dags/example_latest_only_with_trigger.py for tasks to queue
[2025-09-16T23:49:58.774+0000] {logging_mixin.py:190} INFO - [2025-09-16T23:49:58.774+0000] {dagbag.py:588} INFO - Filling up the DagBag from /home/airflow/.local/lib/python3.12/site-packages/airflow/example_dags/example_latest_only_with_trigger.py
[2025-09-16T23:49:58.781+0000] {processor.py:925} INFO - DAG(s) 'latest_only_with_trigger' retrieved from /home/airflow/.local/lib/python3.12/site-packages/airflow/example_dags/example_latest_only_with_trigger.py
[2025-09-16T23:49:58.796+0000] {logging_mixin.py:190} INFO - [2025-09-16T23:49:58.796+0000] {dag.py:3239} INFO - Sync 1 DAGs
[2025-09-16T23:49:58.809+0000] {logging_mixin.py:190} INFO - [2025-09-16T23:49:58.809+0000] {dag.py:4180} INFO - Setting next_dagrun for latest_only_with_trigger to 2025-09-16 16:00:00+00:00, run_after=2025-09-16 20:00:00+00:00
[2025-09-16T23:49:58.818+0000] {processor.py:208} INFO - Processing /home/airflow/.local/lib/python3.12/site-packages/airflow/example_dags/example_latest_only_with_trigger.py took 0.050 seconds
[2025-09-16T23:50:29.236+0000] {processor.py:186} INFO - Started process (PID=1213) to work on /home/airflow/.local/lib/python3.12/site-packages/airflow/example_dags/example_latest_only_with_trigger.py
[2025-09-16T23:50:29.236+0000] {processor.py:914} INFO - Processing file /home/airflow/.local/lib/python3.12/site-packages/airflow/example_dags/example_latest_only_with_trigger.py for tasks to queue
[2025-09-16T23:50:29.238+0000] {logging_mixin.py:190} INFO - [2025-09-16T23:50:29.238+0000] {dagbag.py:588} INFO - Filling up the DagBag from /home/airflow/.local/lib/python3.12/site-packages/airflow/example_dags/example_latest_only_with_trigger.py
[2025-09-16T23:50:29.243+0000] {processor.py:925} INFO - DAG(s) 'latest_only_with_trigger' retrieved from /home/airflow/.local/lib/python3.12/site-packages/airflow/example_dags/example_latest_only_with_trigger.py
[2025-09-16T23:50:29.259+0000] {logging_mixin.py:190} INFO - [2025-09-16T23:50:29.259+0000] {dag.py:3239} INFO - Sync 1 DAGs
[2025-09-16T23:50:29.272+0000] {logging_mixin.py:190} INFO - [2025-09-16T23:50:29.271+0000] {dag.py:4180} INFO - Setting next_dagrun for latest_only_with_trigger to 2025-09-16 16:00:00+00:00, run_after=2025-09-16 20:00:00+00:00
[2025-09-16T23:50:29.284+0000] {processor.py:208} INFO - Processing /home/airflow/.local/lib/python3.12/site-packages/airflow/example_dags/example_latest_only_with_trigger.py took 0.052 seconds
[2025-09-16T23:50:59.391+0000] {processor.py:186} INFO - Started process (PID=1276) to work on /home/airflow/.local/lib/python3.12/site-packages/airflow/example_dags/example_latest_only_with_trigger.py
[2025-09-16T23:50:59.392+0000] {processor.py:914} INFO - Processing file /home/airflow/.local/lib/python3.12/site-packages/airflow/example_dags/example_latest_only_with_trigger.py for tasks to queue
[2025-09-16T23:50:59.393+0000] {logging_mixin.py:190} INFO - [2025-09-16T23:50:59.393+0000] {dagbag.py:588} INFO - Filling up the DagBag from /home/airflow/.local/lib/python3.12/site-packages/airflow/example_dags/example_latest_only_with_trigger.py
[2025-09-16T23:50:59.397+0000] {processor.py:925} INFO - DAG(s) 'latest_only_with_trigger' retrieved from /home/airflow/.local/lib/python3.12/site-packages/airflow/example_dags/example_latest_only_with_trigger.py
[2025-09-16T23:50:59.409+0000] {logging_mixin.py:190} INFO - [2025-09-16T23:50:59.409+0000] {dag.py:3239} INFO - Sync 1 DAGs
[2025-09-16T23:50:59.421+0000] {logging_mixin.py:190} INFO - [2025-09-16T23:50:59.421+0000] {dag.py:4180} INFO - Setting next_dagrun for latest_only_with_trigger to 2025-09-16 16:00:00+00:00, run_after=2025-09-16 20:00:00+00:00
[2025-09-16T23:50:59.431+0000] {processor.py:208} INFO - Processing /home/airflow/.local/lib/python3.12/site-packages/airflow/example_dags/example_latest_only_with_trigger.py took 0.044 seconds
[2025-09-16T23:51:29.689+0000] {processor.py:186} INFO - Started process (PID=1339) to work on /home/airflow/.local/lib/python3.12/site-packages/airflow/example_dags/example_latest_only_with_trigger.py
[2025-09-16T23:51:29.690+0000] {processor.py:914} INFO - Processing file /home/airflow/.local/lib/python3.12/site-packages/airflow/example_dags/example_latest_only_with_trigger.py for tasks to queue
[2025-09-16T23:51:29.691+0000] {logging_mixin.py:190} INFO - [2025-09-16T23:51:29.691+0000] {dagbag.py:588} INFO - Filling up the DagBag from /home/airflow/.local/lib/python3.12/site-packages/airflow/example_dags/example_latest_only_with_trigger.py
[2025-09-16T23:51:29.696+0000] {processor.py:925} INFO - DAG(s) 'latest_only_with_trigger' retrieved from /home/airflow/.local/lib/python3.12/site-packages/airflow/example_dags/example_latest_only_with_trigger.py
[2025-09-16T23:51:29.707+0000] {logging_mixin.py:190} INFO - [2025-09-16T23:51:29.706+0000] {dag.py:3239} INFO - Sync 1 DAGs
[2025-09-16T23:51:29.718+0000] {logging_mixin.py:190} INFO - [2025-09-16T23:51:29.718+0000] {dag.py:4180} INFO - Setting next_dagrun for latest_only_with_trigger to 2025-09-16 16:00:00+00:00, run_after=2025-09-16 20:00:00+00:00
[2025-09-16T23:51:29.727+0000] {processor.py:208} INFO - Processing /home/airflow/.local/lib/python3.12/site-packages/airflow/example_dags/example_latest_only_with_trigger.py took 0.041 seconds
[2025-09-16T23:52:00.236+0000] {processor.py:186} INFO - Started process (PID=1402) to work on /home/airflow/.local/lib/python3.12/site-packages/airflow/example_dags/example_latest_only_with_trigger.py
[2025-09-16T23:52:00.237+0000] {processor.py:914} INFO - Processing file /home/airflow/.local/lib/python3.12/site-packages/airflow/example_dags/example_latest_only_with_trigger.py for tasks to queue
[2025-09-16T23:52:00.238+0000] {logging_mixin.py:190} INFO - [2025-09-16T23:52:00.238+0000] {dagbag.py:588} INFO - Filling up the DagBag from /home/airflow/.local/lib/python3.12/site-packages/airflow/example_dags/example_latest_only_with_trigger.py
[2025-09-16T23:52:00.242+0000] {processor.py:925} INFO - DAG(s) 'latest_only_with_trigger' retrieved from /home/airflow/.local/lib/python3.12/site-packages/airflow/example_dags/example_latest_only_with_trigger.py
[2025-09-16T23:52:00.253+0000] {logging_mixin.py:190} INFO - [2025-09-16T23:52:00.253+0000] {dag.py:3239} INFO - Sync 1 DAGs
[2025-09-16T23:52:00.269+0000] {logging_mixin.py:190} INFO - [2025-09-16T23:52:00.269+0000] {dag.py:4180} INFO - Setting next_dagrun for latest_only_with_trigger to 2025-09-16 16:00:00+00:00, run_after=2025-09-16 20:00:00+00:00
[2025-09-16T23:52:00.277+0000] {processor.py:208} INFO - Processing /home/airflow/.local/lib/python3.12/site-packages/airflow/example_dags/example_latest_only_with_trigger.py took 0.045 seconds
[2025-09-16T23:52:30.506+0000] {processor.py:186} INFO - Started process (PID=1465) to work on /home/airflow/.local/lib/python3.12/site-packages/airflow/example_dags/example_latest_only_with_trigger.py
[2025-09-16T23:52:30.508+0000] {processor.py:914} INFO - Processing file /home/airflow/.local/lib/python3.12/site-packages/airflow/example_dags/example_latest_only_with_trigger.py for tasks to queue
[2025-09-16T23:52:30.512+0000] {logging_mixin.py:190} INFO - [2025-09-16T23:52:30.512+0000] {dagbag.py:588} INFO - Filling up the DagBag from /home/airflow/.local/lib/python3.12/site-packages/airflow/example_dags/example_latest_only_with_trigger.py
[2025-09-16T23:52:30.519+0000] {processor.py:925} INFO - DAG(s) 'latest_only_with_trigger' retrieved from /home/airflow/.local/lib/python3.12/site-packages/airflow/example_dags/example_latest_only_with_trigger.py
[2025-09-16T23:52:30.532+0000] {logging_mixin.py:190} INFO - [2025-09-16T23:52:30.532+0000] {dag.py:3239} INFO - Sync 1 DAGs
[2025-09-16T23:52:30.545+0000] {logging_mixin.py:190} INFO - [2025-09-16T23:52:30.545+0000] {dag.py:4180} INFO - Setting next_dagrun for latest_only_with_trigger to 2025-09-16 16:00:00+00:00, run_after=2025-09-16 20:00:00+00:00
[2025-09-16T23:52:30.555+0000] {processor.py:208} INFO - Processing /home/airflow/.local/lib/python3.12/site-packages/airflow/example_dags/example_latest_only_with_trigger.py took 0.052 seconds
[2025-09-16T23:53:00.931+0000] {processor.py:186} INFO - Started process (PID=1528) to work on /home/airflow/.local/lib/python3.12/site-packages/airflow/example_dags/example_latest_only_with_trigger.py
[2025-09-16T23:53:00.932+0000] {processor.py:914} INFO - Processing file /home/airflow/.local/lib/python3.12/site-packages/airflow/example_dags/example_latest_only_with_trigger.py for tasks to queue
[2025-09-16T23:53:00.933+0000] {logging_mixin.py:190} INFO - [2025-09-16T23:53:00.933+0000] {dagbag.py:588} INFO - Filling up the DagBag from /home/airflow/.local/lib/python3.12/site-packages/airflow/example_dags/example_latest_only_with_trigger.py
[2025-09-16T23:53:00.937+0000] {processor.py:925} INFO - DAG(s) 'latest_only_with_trigger' retrieved from /home/airflow/.local/lib/python3.12/site-packages/airflow/example_dags/example_latest_only_with_trigger.py
[2025-09-16T23:53:00.947+0000] {logging_mixin.py:190} INFO - [2025-09-16T23:53:00.947+0000] {dag.py:3239} INFO - Sync 1 DAGs
[2025-09-16T23:53:00.960+0000] {logging_mixin.py:190} INFO - [2025-09-16T23:53:00.959+0000] {dag.py:4180} INFO - Setting next_dagrun for latest_only_with_trigger to 2025-09-16 16:00:00+00:00, run_after=2025-09-16 20:00:00+00:00
[2025-09-16T23:53:00.974+0000] {processor.py:208} INFO - Processing /home/airflow/.local/lib/python3.12/site-packages/airflow/example_dags/example_latest_only_with_trigger.py took 0.046 seconds
[2025-09-16T23:53:31.385+0000] {processor.py:186} INFO - Started process (PID=1591) to work on /home/airflow/.local/lib/python3.12/site-packages/airflow/example_dags/example_latest_only_with_trigger.py
[2025-09-16T23:53:31.388+0000] {processor.py:914} INFO - Processing file /home/airflow/.local/lib/python3.12/site-packages/airflow/example_dags/example_latest_only_with_trigger.py for tasks to queue
[2025-09-16T23:53:31.390+0000] {logging_mixin.py:190} INFO - [2025-09-16T23:53:31.390+0000] {dagbag.py:588} INFO - Filling up the DagBag from /home/airflow/.local/lib/python3.12/site-packages/airflow/example_dags/example_latest_only_with_trigger.py
[2025-09-16T23:53:31.395+0000] {processor.py:925} INFO - DAG(s) 'latest_only_with_trigger' retrieved from /home/airflow/.local/lib/python3.12/site-packages/airflow/example_dags/example_latest_only_with_trigger.py
[2025-09-16T23:53:31.406+0000] {logging_mixin.py:190} INFO - [2025-09-16T23:53:31.406+0000] {dag.py:3239} INFO - Sync 1 DAGs
[2025-09-16T23:53:31.421+0000] {logging_mixin.py:190} INFO - [2025-09-16T23:53:31.421+0000] {dag.py:4180} INFO - Setting next_dagrun for latest_only_with_trigger to 2025-09-16 16:00:00+00:00, run_after=2025-09-16 20:00:00+00:00
[2025-09-16T23:53:31.431+0000] {processor.py:208} INFO - Processing /home/airflow/.local/lib/python3.12/site-packages/airflow/example_dags/example_latest_only_with_trigger.py took 0.049 seconds
[2025-09-16T23:54:01.759+0000] {processor.py:186} INFO - Started process (PID=1654) to work on /home/airflow/.local/lib/python3.12/site-packages/airflow/example_dags/example_latest_only_with_trigger.py
[2025-09-16T23:54:01.762+0000] {processor.py:914} INFO - Processing file /home/airflow/.local/lib/python3.12/site-packages/airflow/example_dags/example_latest_only_with_trigger.py for tasks to queue
[2025-09-16T23:54:01.763+0000] {logging_mixin.py:190} INFO - [2025-09-16T23:54:01.763+0000] {dagbag.py:588} INFO - Filling up the DagBag from /home/airflow/.local/lib/python3.12/site-packages/airflow/example_dags/example_latest_only_with_trigger.py
[2025-09-16T23:54:01.769+0000] {processor.py:925} INFO - DAG(s) 'latest_only_with_trigger' retrieved from /home/airflow/.local/lib/python3.12/site-packages/airflow/example_dags/example_latest_only_with_trigger.py
[2025-09-16T23:54:01.782+0000] {logging_mixin.py:190} INFO - [2025-09-16T23:54:01.782+0000] {dag.py:3239} INFO - Sync 1 DAGs
[2025-09-16T23:54:01.795+0000] {logging_mixin.py:190} INFO - [2025-09-16T23:54:01.795+0000] {dag.py:4180} INFO - Setting next_dagrun for latest_only_with_trigger to 2025-09-16 16:00:00+00:00, run_after=2025-09-16 20:00:00+00:00
[2025-09-16T23:54:01.804+0000] {processor.py:208} INFO - Processing /home/airflow/.local/lib/python3.12/site-packages/airflow/example_dags/example_latest_only_with_trigger.py took 0.050 seconds
[2025-09-16T23:54:32.300+0000] {processor.py:186} INFO - Started process (PID=1717) to work on /home/airflow/.local/lib/python3.12/site-packages/airflow/example_dags/example_latest_only_with_trigger.py
[2025-09-16T23:54:32.303+0000] {processor.py:914} INFO - Processing file /home/airflow/.local/lib/python3.12/site-packages/airflow/example_dags/example_latest_only_with_trigger.py for tasks to queue
[2025-09-16T23:54:32.305+0000] {logging_mixin.py:190} INFO - [2025-09-16T23:54:32.305+0000] {dagbag.py:588} INFO - Filling up the DagBag from /home/airflow/.local/lib/python3.12/site-packages/airflow/example_dags/example_latest_only_with_trigger.py
[2025-09-16T23:54:32.313+0000] {processor.py:925} INFO - DAG(s) 'latest_only_with_trigger' retrieved from /home/airflow/.local/lib/python3.12/site-packages/airflow/example_dags/example_latest_only_with_trigger.py
[2025-09-16T23:54:32.326+0000] {logging_mixin.py:190} INFO - [2025-09-16T23:54:32.325+0000] {dag.py:3239} INFO - Sync 1 DAGs
[2025-09-16T23:54:32.338+0000] {logging_mixin.py:190} INFO - [2025-09-16T23:54:32.338+0000] {dag.py:4180} INFO - Setting next_dagrun for latest_only_with_trigger to 2025-09-16 16:00:00+00:00, run_after=2025-09-16 20:00:00+00:00
[2025-09-16T23:54:32.348+0000] {processor.py:208} INFO - Processing /home/airflow/.local/lib/python3.12/site-packages/airflow/example_dags/example_latest_only_with_trigger.py took 0.052 seconds
[2025-09-16T23:55:02.995+0000] {processor.py:186} INFO - Started process (PID=1780) to work on /home/airflow/.local/lib/python3.12/site-packages/airflow/example_dags/example_latest_only_with_trigger.py
[2025-09-16T23:55:02.998+0000] {processor.py:914} INFO - Processing file /home/airflow/.local/lib/python3.12/site-packages/airflow/example_dags/example_latest_only_with_trigger.py for tasks to queue
[2025-09-16T23:55:03.001+0000] {logging_mixin.py:190} INFO - [2025-09-16T23:55:03.001+0000] {dagbag.py:588} INFO - Filling up the DagBag from /home/airflow/.local/lib/python3.12/site-packages/airflow/example_dags/example_latest_only_with_trigger.py
[2025-09-16T23:55:03.006+0000] {processor.py:925} INFO - DAG(s) 'latest_only_with_trigger' retrieved from /home/airflow/.local/lib/python3.12/site-packages/airflow/example_dags/example_latest_only_with_trigger.py
[2025-09-16T23:55:03.018+0000] {logging_mixin.py:190} INFO - [2025-09-16T23:55:03.018+0000] {dag.py:3239} INFO - Sync 1 DAGs
[2025-09-16T23:55:03.031+0000] {logging_mixin.py:190} INFO - [2025-09-16T23:55:03.031+0000] {dag.py:4180} INFO - Setting next_dagrun for latest_only_with_trigger to 2025-09-16 16:00:00+00:00, run_after=2025-09-16 20:00:00+00:00
[2025-09-16T23:55:03.040+0000] {processor.py:208} INFO - Processing /home/airflow/.local/lib/python3.12/site-packages/airflow/example_dags/example_latest_only_with_trigger.py took 0.050 seconds
[2025-09-16T23:55:33.219+0000] {processor.py:186} INFO - Started process (PID=1843) to work on /home/airflow/.local/lib/python3.12/site-packages/airflow/example_dags/example_latest_only_with_trigger.py
[2025-09-16T23:55:33.220+0000] {processor.py:914} INFO - Processing file /home/airflow/.local/lib/python3.12/site-packages/airflow/example_dags/example_latest_only_with_trigger.py for tasks to queue
[2025-09-16T23:55:33.222+0000] {logging_mixin.py:190} INFO - [2025-09-16T23:55:33.222+0000] {dagbag.py:588} INFO - Filling up the DagBag from /home/airflow/.local/lib/python3.12/site-packages/airflow/example_dags/example_latest_only_with_trigger.py
[2025-09-16T23:55:33.228+0000] {processor.py:925} INFO - DAG(s) 'latest_only_with_trigger' retrieved from /home/airflow/.local/lib/python3.12/site-packages/airflow/example_dags/example_latest_only_with_trigger.py
[2025-09-16T23:55:33.240+0000] {logging_mixin.py:190} INFO - [2025-09-16T23:55:33.240+0000] {dag.py:3239} INFO - Sync 1 DAGs
[2025-09-16T23:55:33.253+0000] {logging_mixin.py:190} INFO - [2025-09-16T23:55:33.253+0000] {dag.py:4180} INFO - Setting next_dagrun for latest_only_with_trigger to 2025-09-16 16:00:00+00:00, run_after=2025-09-16 20:00:00+00:00
[2025-09-16T23:55:33.262+0000] {processor.py:208} INFO - Processing /home/airflow/.local/lib/python3.12/site-packages/airflow/example_dags/example_latest_only_with_trigger.py took 0.048 seconds
[2025-09-16T23:56:03.333+0000] {processor.py:186} INFO - Started process (PID=1906) to work on /home/airflow/.local/lib/python3.12/site-packages/airflow/example_dags/example_latest_only_with_trigger.py
[2025-09-16T23:56:03.334+0000] {processor.py:914} INFO - Processing file /home/airflow/.local/lib/python3.12/site-packages/airflow/example_dags/example_latest_only_with_trigger.py for tasks to queue
[2025-09-16T23:56:03.335+0000] {logging_mixin.py:190} INFO - [2025-09-16T23:56:03.335+0000] {dagbag.py:588} INFO - Filling up the DagBag from /home/airflow/.local/lib/python3.12/site-packages/airflow/example_dags/example_latest_only_with_trigger.py
[2025-09-16T23:56:03.342+0000] {processor.py:925} INFO - DAG(s) 'latest_only_with_trigger' retrieved from /home/airflow/.local/lib/python3.12/site-packages/airflow/example_dags/example_latest_only_with_trigger.py
[2025-09-16T23:56:03.364+0000] {logging_mixin.py:190} INFO - [2025-09-16T23:56:03.364+0000] {dag.py:3239} INFO - Sync 1 DAGs
[2025-09-16T23:56:03.377+0000] {logging_mixin.py:190} INFO - [2025-09-16T23:56:03.377+0000] {dag.py:4180} INFO - Setting next_dagrun for latest_only_with_trigger to 2025-09-16 16:00:00+00:00, run_after=2025-09-16 20:00:00+00:00
[2025-09-16T23:56:03.387+0000] {processor.py:208} INFO - Processing /home/airflow/.local/lib/python3.12/site-packages/airflow/example_dags/example_latest_only_with_trigger.py took 0.058 seconds
[2025-09-16T23:56:33.593+0000] {processor.py:186} INFO - Started process (PID=1969) to work on /home/airflow/.local/lib/python3.12/site-packages/airflow/example_dags/example_latest_only_with_trigger.py
[2025-09-16T23:56:33.594+0000] {processor.py:914} INFO - Processing file /home/airflow/.local/lib/python3.12/site-packages/airflow/example_dags/example_latest_only_with_trigger.py for tasks to queue
[2025-09-16T23:56:33.595+0000] {logging_mixin.py:190} INFO - [2025-09-16T23:56:33.595+0000] {dagbag.py:588} INFO - Filling up the DagBag from /home/airflow/.local/lib/python3.12/site-packages/airflow/example_dags/example_latest_only_with_trigger.py
[2025-09-16T23:56:33.599+0000] {processor.py:925} INFO - DAG(s) 'latest_only_with_trigger' retrieved from /home/airflow/.local/lib/python3.12/site-packages/airflow/example_dags/example_latest_only_with_trigger.py
[2025-09-16T23:56:33.613+0000] {logging_mixin.py:190} INFO - [2025-09-16T23:56:33.613+0000] {dag.py:3239} INFO - Sync 1 DAGs
[2025-09-16T23:56:33.625+0000] {logging_mixin.py:190} INFO - [2025-09-16T23:56:33.625+0000] {dag.py:4180} INFO - Setting next_dagrun for latest_only_with_trigger to 2025-09-16 16:00:00+00:00, run_after=2025-09-16 20:00:00+00:00
[2025-09-16T23:56:33.638+0000] {processor.py:208} INFO - Processing /home/airflow/.local/lib/python3.12/site-packages/airflow/example_dags/example_latest_only_with_trigger.py took 0.048 seconds
[2025-09-16T23:57:03.717+0000] {processor.py:186} INFO - Started process (PID=2032) to work on /home/airflow/.local/lib/python3.12/site-packages/airflow/example_dags/example_latest_only_with_trigger.py
[2025-09-16T23:57:03.717+0000] {processor.py:914} INFO - Processing file /home/airflow/.local/lib/python3.12/site-packages/airflow/example_dags/example_latest_only_with_trigger.py for tasks to queue
[2025-09-16T23:57:03.718+0000] {logging_mixin.py:190} INFO - [2025-09-16T23:57:03.718+0000] {dagbag.py:588} INFO - Filling up the DagBag from /home/airflow/.local/lib/python3.12/site-packages/airflow/example_dags/example_latest_only_with_trigger.py
[2025-09-16T23:57:03.722+0000] {processor.py:925} INFO - DAG(s) 'latest_only_with_trigger' retrieved from /home/airflow/.local/lib/python3.12/site-packages/airflow/example_dags/example_latest_only_with_trigger.py
[2025-09-16T23:57:03.736+0000] {logging_mixin.py:190} INFO - [2025-09-16T23:57:03.736+0000] {dag.py:3239} INFO - Sync 1 DAGs
[2025-09-16T23:57:03.746+0000] {logging_mixin.py:190} INFO - [2025-09-16T23:57:03.746+0000] {dag.py:4180} INFO - Setting next_dagrun for latest_only_with_trigger to 2025-09-16 16:00:00+00:00, run_after=2025-09-16 20:00:00+00:00
[2025-09-16T23:57:03.754+0000] {processor.py:208} INFO - Processing /home/airflow/.local/lib/python3.12/site-packages/airflow/example_dags/example_latest_only_with_trigger.py took 0.040 seconds
[2025-09-16T23:57:33.779+0000] {processor.py:186} INFO - Started process (PID=2095) to work on /home/airflow/.local/lib/python3.12/site-packages/airflow/example_dags/example_latest_only_with_trigger.py
[2025-09-16T23:57:33.781+0000] {processor.py:914} INFO - Processing file /home/airflow/.local/lib/python3.12/site-packages/airflow/example_dags/example_latest_only_with_trigger.py for tasks to queue
[2025-09-16T23:57:33.782+0000] {logging_mixin.py:190} INFO - [2025-09-16T23:57:33.782+0000] {dagbag.py:588} INFO - Filling up the DagBag from /home/airflow/.local/lib/python3.12/site-packages/airflow/example_dags/example_latest_only_with_trigger.py
[2025-09-16T23:57:33.786+0000] {processor.py:925} INFO - DAG(s) 'latest_only_with_trigger' retrieved from /home/airflow/.local/lib/python3.12/site-packages/airflow/example_dags/example_latest_only_with_trigger.py
[2025-09-16T23:57:33.798+0000] {logging_mixin.py:190} INFO - [2025-09-16T23:57:33.798+0000] {dag.py:3239} INFO - Sync 1 DAGs
[2025-09-16T23:57:33.812+0000] {logging_mixin.py:190} INFO - [2025-09-16T23:57:33.812+0000] {dag.py:4180} INFO - Setting next_dagrun for latest_only_with_trigger to 2025-09-16 16:00:00+00:00, run_after=2025-09-16 20:00:00+00:00
[2025-09-16T23:57:33.823+0000] {processor.py:208} INFO - Processing /home/airflow/.local/lib/python3.12/site-packages/airflow/example_dags/example_latest_only_with_trigger.py took 0.048 seconds
[2025-09-16T23:58:03.850+0000] {processor.py:186} INFO - Started process (PID=2158) to work on /home/airflow/.local/lib/python3.12/site-packages/airflow/example_dags/example_latest_only_with_trigger.py
[2025-09-16T23:58:03.852+0000] {processor.py:914} INFO - Processing file /home/airflow/.local/lib/python3.12/site-packages/airflow/example_dags/example_latest_only_with_trigger.py for tasks to queue
[2025-09-16T23:58:03.854+0000] {logging_mixin.py:190} INFO - [2025-09-16T23:58:03.853+0000] {dagbag.py:588} INFO - Filling up the DagBag from /home/airflow/.local/lib/python3.12/site-packages/airflow/example_dags/example_latest_only_with_trigger.py
[2025-09-16T23:58:03.858+0000] {processor.py:925} INFO - DAG(s) 'latest_only_with_trigger' retrieved from /home/airflow/.local/lib/python3.12/site-packages/airflow/example_dags/example_latest_only_with_trigger.py
[2025-09-16T23:58:03.869+0000] {logging_mixin.py:190} INFO - [2025-09-16T23:58:03.869+0000] {dag.py:3239} INFO - Sync 1 DAGs
[2025-09-16T23:58:03.881+0000] {logging_mixin.py:190} INFO - [2025-09-16T23:58:03.881+0000] {dag.py:4180} INFO - Setting next_dagrun for latest_only_with_trigger to 2025-09-16 16:00:00+00:00, run_after=2025-09-16 20:00:00+00:00
[2025-09-16T23:58:03.893+0000] {processor.py:208} INFO - Processing /home/airflow/.local/lib/python3.12/site-packages/airflow/example_dags/example_latest_only_with_trigger.py took 0.046 seconds
[2025-09-16T23:58:34.954+0000] {processor.py:186} INFO - Started process (PID=2221) to work on /home/airflow/.local/lib/python3.12/site-packages/airflow/example_dags/example_latest_only_with_trigger.py
[2025-09-16T23:58:34.956+0000] {processor.py:914} INFO - Processing file /home/airflow/.local/lib/python3.12/site-packages/airflow/example_dags/example_latest_only_with_trigger.py for tasks to queue
[2025-09-16T23:58:34.957+0000] {logging_mixin.py:190} INFO - [2025-09-16T23:58:34.957+0000] {dagbag.py:588} INFO - Filling up the DagBag from /home/airflow/.local/lib/python3.12/site-packages/airflow/example_dags/example_latest_only_with_trigger.py
[2025-09-16T23:58:34.961+0000] {processor.py:925} INFO - DAG(s) 'latest_only_with_trigger' retrieved from /home/airflow/.local/lib/python3.12/site-packages/airflow/example_dags/example_latest_only_with_trigger.py
[2025-09-16T23:58:34.976+0000] {logging_mixin.py:190} INFO - [2025-09-16T23:58:34.976+0000] {dag.py:3239} INFO - Sync 1 DAGs
[2025-09-16T23:58:34.988+0000] {logging_mixin.py:190} INFO - [2025-09-16T23:58:34.988+0000] {dag.py:4180} INFO - Setting next_dagrun for latest_only_with_trigger to 2025-09-16 16:00:00+00:00, run_after=2025-09-16 20:00:00+00:00
[2025-09-16T23:58:34.999+0000] {processor.py:208} INFO - Processing /home/airflow/.local/lib/python3.12/site-packages/airflow/example_dags/example_latest_only_with_trigger.py took 0.048 seconds
[2025-09-16T23:59:06.003+0000] {processor.py:186} INFO - Started process (PID=2284) to work on /home/airflow/.local/lib/python3.12/site-packages/airflow/example_dags/example_latest_only_with_trigger.py
[2025-09-16T23:59:06.004+0000] {processor.py:914} INFO - Processing file /home/airflow/.local/lib/python3.12/site-packages/airflow/example_dags/example_latest_only_with_trigger.py for tasks to queue
[2025-09-16T23:59:06.005+0000] {logging_mixin.py:190} INFO - [2025-09-16T23:59:06.005+0000] {dagbag.py:588} INFO - Filling up the DagBag from /home/airflow/.local/lib/python3.12/site-packages/airflow/example_dags/example_latest_only_with_trigger.py
[2025-09-16T23:59:06.009+0000] {processor.py:925} INFO - DAG(s) 'latest_only_with_trigger' retrieved from /home/airflow/.local/lib/python3.12/site-packages/airflow/example_dags/example_latest_only_with_trigger.py
[2025-09-16T23:59:06.020+0000] {logging_mixin.py:190} INFO - [2025-09-16T23:59:06.020+0000] {dag.py:3239} INFO - Sync 1 DAGs
[2025-09-16T23:59:06.032+0000] {logging_mixin.py:190} INFO - [2025-09-16T23:59:06.032+0000] {dag.py:4180} INFO - Setting next_dagrun for latest_only_with_trigger to 2025-09-16 16:00:00+00:00, run_after=2025-09-16 20:00:00+00:00
[2025-09-16T23:59:06.041+0000] {processor.py:208} INFO - Processing /home/airflow/.local/lib/python3.12/site-packages/airflow/example_dags/example_latest_only_with_trigger.py took 0.041 seconds
[2025-09-16T23:59:37.213+0000] {processor.py:186} INFO - Started process (PID=2347) to work on /home/airflow/.local/lib/python3.12/site-packages/airflow/example_dags/example_latest_only_with_trigger.py
[2025-09-16T23:59:37.214+0000] {processor.py:914} INFO - Processing file /home/airflow/.local/lib/python3.12/site-packages/airflow/example_dags/example_latest_only_with_trigger.py for tasks to queue
[2025-09-16T23:59:37.215+0000] {logging_mixin.py:190} INFO - [2025-09-16T23:59:37.215+0000] {dagbag.py:588} INFO - Filling up the DagBag from /home/airflow/.local/lib/python3.12/site-packages/airflow/example_dags/example_latest_only_with_trigger.py
[2025-09-16T23:59:37.219+0000] {processor.py:925} INFO - DAG(s) 'latest_only_with_trigger' retrieved from /home/airflow/.local/lib/python3.12/site-packages/airflow/example_dags/example_latest_only_with_trigger.py
[2025-09-16T23:59:37.229+0000] {logging_mixin.py:190} INFO - [2025-09-16T23:59:37.229+0000] {dag.py:3239} INFO - Sync 1 DAGs
[2025-09-16T23:59:37.239+0000] {logging_mixin.py:190} INFO - [2025-09-16T23:59:37.238+0000] {dag.py:4180} INFO - Setting next_dagrun for latest_only_with_trigger to 2025-09-16 16:00:00+00:00, run_after=2025-09-16 20:00:00+00:00
[2025-09-16T23:59:37.246+0000] {processor.py:208} INFO - Processing /home/airflow/.local/lib/python3.12/site-packages/airflow/example_dags/example_latest_only_with_trigger.py took 0.036 seconds
