[2025-09-16T23:41:17.228+0000] {processor.py:186} INFO - Started process (PID=69) to work on /home/airflow/.local/lib/python3.12/site-packages/airflow/example_dags/example_task_group.py
[2025-09-16T23:41:17.228+0000] {processor.py:914} INFO - Processing file /home/airflow/.local/lib/python3.12/site-packages/airflow/example_dags/example_task_group.py for tasks to queue
[2025-09-16T23:41:17.229+0000] {logging_mixin.py:190} INFO - [2025-09-16T23:41:17.229+0000] {dagbag.py:588} INFO - Filling up the DagBag from /home/airflow/.local/lib/python3.12/site-packages/airflow/example_dags/example_task_group.py
[2025-09-16T23:41:17.236+0000] {processor.py:925} INFO - DAG(s) 'example_task_group' retrieved from /home/airflow/.local/lib/python3.12/site-packages/airflow/example_dags/example_task_group.py
[2025-09-16T23:41:17.306+0000] {logging_mixin.py:190} INFO - [2025-09-16T23:41:17.305+0000] {override.py:1911} INFO - Created Permission View: can edit on DAG:example_task_group
[2025-09-16T23:41:17.315+0000] {logging_mixin.py:190} INFO - [2025-09-16T23:41:17.314+0000] {override.py:1911} INFO - Created Permission View: can delete on DAG:example_task_group
[2025-09-16T23:41:17.319+0000] {logging_mixin.py:190} INFO - [2025-09-16T23:41:17.319+0000] {override.py:1911} INFO - Created Permission View: can read on DAG:example_task_group
[2025-09-16T23:41:17.324+0000] {logging_mixin.py:190} INFO - [2025-09-16T23:41:17.323+0000] {override.py:1911} INFO - Created Permission View: menu access on DAG Run:example_task_group
[2025-09-16T23:41:17.328+0000] {logging_mixin.py:190} INFO - [2025-09-16T23:41:17.327+0000] {override.py:1911} INFO - Created Permission View: can create on DAG Run:example_task_group
[2025-09-16T23:41:17.332+0000] {logging_mixin.py:190} INFO - [2025-09-16T23:41:17.332+0000] {override.py:1911} INFO - Created Permission View: can delete on DAG Run:example_task_group
[2025-09-16T23:41:17.336+0000] {logging_mixin.py:190} INFO - [2025-09-16T23:41:17.335+0000] {override.py:1911} INFO - Created Permission View: can read on DAG Run:example_task_group
[2025-09-16T23:41:17.336+0000] {logging_mixin.py:190} INFO - [2025-09-16T23:41:17.336+0000] {dag.py:3239} INFO - Sync 1 DAGs
[2025-09-16T23:41:17.343+0000] {logging_mixin.py:190} INFO - [2025-09-16T23:41:17.343+0000] {dag.py:3262} INFO - Creating ORM DAG for example_task_group
[2025-09-16T23:41:17.344+0000] {logging_mixin.py:190} INFO - [2025-09-16T23:41:17.343+0000] {dag.py:4180} INFO - Setting next_dagrun for example_task_group to None, run_after=None
[2025-09-16T23:41:17.354+0000] {processor.py:208} INFO - Processing /home/airflow/.local/lib/python3.12/site-packages/airflow/example_dags/example_task_group.py took 0.131 seconds
[2025-09-16T23:41:47.808+0000] {processor.py:186} INFO - Started process (PID=132) to work on /home/airflow/.local/lib/python3.12/site-packages/airflow/example_dags/example_task_group.py
[2025-09-16T23:41:47.808+0000] {processor.py:914} INFO - Processing file /home/airflow/.local/lib/python3.12/site-packages/airflow/example_dags/example_task_group.py for tasks to queue
[2025-09-16T23:41:47.810+0000] {logging_mixin.py:190} INFO - [2025-09-16T23:41:47.810+0000] {dagbag.py:588} INFO - Filling up the DagBag from /home/airflow/.local/lib/python3.12/site-packages/airflow/example_dags/example_task_group.py
[2025-09-16T23:41:47.816+0000] {processor.py:925} INFO - DAG(s) 'example_task_group' retrieved from /home/airflow/.local/lib/python3.12/site-packages/airflow/example_dags/example_task_group.py
[2025-09-16T23:41:47.829+0000] {logging_mixin.py:190} INFO - [2025-09-16T23:41:47.829+0000] {dag.py:3239} INFO - Sync 1 DAGs
[2025-09-16T23:41:47.837+0000] {logging_mixin.py:190} INFO - [2025-09-16T23:41:47.837+0000] {dag.py:4180} INFO - Setting next_dagrun for example_task_group to None, run_after=None
[2025-09-16T23:41:47.849+0000] {processor.py:208} INFO - Processing /home/airflow/.local/lib/python3.12/site-packages/airflow/example_dags/example_task_group.py took 0.045 seconds
[2025-09-16T23:42:18.748+0000] {processor.py:186} INFO - Started process (PID=195) to work on /home/airflow/.local/lib/python3.12/site-packages/airflow/example_dags/example_task_group.py
[2025-09-16T23:42:18.749+0000] {processor.py:914} INFO - Processing file /home/airflow/.local/lib/python3.12/site-packages/airflow/example_dags/example_task_group.py for tasks to queue
[2025-09-16T23:42:18.750+0000] {logging_mixin.py:190} INFO - [2025-09-16T23:42:18.750+0000] {dagbag.py:588} INFO - Filling up the DagBag from /home/airflow/.local/lib/python3.12/site-packages/airflow/example_dags/example_task_group.py
[2025-09-16T23:42:18.755+0000] {processor.py:925} INFO - DAG(s) 'example_task_group' retrieved from /home/airflow/.local/lib/python3.12/site-packages/airflow/example_dags/example_task_group.py
[2025-09-16T23:42:18.766+0000] {logging_mixin.py:190} INFO - [2025-09-16T23:42:18.766+0000] {dag.py:3239} INFO - Sync 1 DAGs
[2025-09-16T23:42:18.773+0000] {logging_mixin.py:190} INFO - [2025-09-16T23:42:18.773+0000] {dag.py:4180} INFO - Setting next_dagrun for example_task_group to None, run_after=None
[2025-09-16T23:42:18.781+0000] {processor.py:208} INFO - Processing /home/airflow/.local/lib/python3.12/site-packages/airflow/example_dags/example_task_group.py took 0.036 seconds
[2025-09-16T23:42:48.920+0000] {processor.py:186} INFO - Started process (PID=257) to work on /home/airflow/.local/lib/python3.12/site-packages/airflow/example_dags/example_task_group.py
[2025-09-16T23:42:48.925+0000] {processor.py:914} INFO - Processing file /home/airflow/.local/lib/python3.12/site-packages/airflow/example_dags/example_task_group.py for tasks to queue
[2025-09-16T23:42:48.926+0000] {logging_mixin.py:190} INFO - [2025-09-16T23:42:48.926+0000] {dagbag.py:588} INFO - Filling up the DagBag from /home/airflow/.local/lib/python3.12/site-packages/airflow/example_dags/example_task_group.py
[2025-09-16T23:42:48.932+0000] {processor.py:925} INFO - DAG(s) 'example_task_group' retrieved from /home/airflow/.local/lib/python3.12/site-packages/airflow/example_dags/example_task_group.py
[2025-09-16T23:42:48.946+0000] {logging_mixin.py:190} INFO - [2025-09-16T23:42:48.946+0000] {dag.py:3239} INFO - Sync 1 DAGs
[2025-09-16T23:42:48.957+0000] {logging_mixin.py:190} INFO - [2025-09-16T23:42:48.956+0000] {dag.py:4180} INFO - Setting next_dagrun for example_task_group to None, run_after=None
[2025-09-16T23:42:48.971+0000] {processor.py:208} INFO - Processing /home/airflow/.local/lib/python3.12/site-packages/airflow/example_dags/example_task_group.py took 0.056 seconds
[2025-09-16T23:43:19.728+0000] {processor.py:186} INFO - Started process (PID=325) to work on /home/airflow/.local/lib/python3.12/site-packages/airflow/example_dags/example_task_group.py
[2025-09-16T23:43:19.728+0000] {processor.py:914} INFO - Processing file /home/airflow/.local/lib/python3.12/site-packages/airflow/example_dags/example_task_group.py for tasks to queue
[2025-09-16T23:43:19.731+0000] {logging_mixin.py:190} INFO - [2025-09-16T23:43:19.731+0000] {dagbag.py:588} INFO - Filling up the DagBag from /home/airflow/.local/lib/python3.12/site-packages/airflow/example_dags/example_task_group.py
[2025-09-16T23:43:19.741+0000] {processor.py:925} INFO - DAG(s) 'example_task_group' retrieved from /home/airflow/.local/lib/python3.12/site-packages/airflow/example_dags/example_task_group.py
[2025-09-16T23:43:19.756+0000] {logging_mixin.py:190} INFO - [2025-09-16T23:43:19.756+0000] {dag.py:3239} INFO - Sync 1 DAGs
[2025-09-16T23:43:19.765+0000] {logging_mixin.py:190} INFO - [2025-09-16T23:43:19.765+0000] {dag.py:4180} INFO - Setting next_dagrun for example_task_group to None, run_after=None
[2025-09-16T23:43:19.777+0000] {processor.py:208} INFO - Processing /home/airflow/.local/lib/python3.12/site-packages/airflow/example_dags/example_task_group.py took 0.054 seconds
[2025-09-16T23:43:50.335+0000] {processor.py:186} INFO - Started process (PID=388) to work on /home/airflow/.local/lib/python3.12/site-packages/airflow/example_dags/example_task_group.py
[2025-09-16T23:43:50.335+0000] {processor.py:914} INFO - Processing file /home/airflow/.local/lib/python3.12/site-packages/airflow/example_dags/example_task_group.py for tasks to queue
[2025-09-16T23:43:50.338+0000] {logging_mixin.py:190} INFO - [2025-09-16T23:43:50.338+0000] {dagbag.py:588} INFO - Filling up the DagBag from /home/airflow/.local/lib/python3.12/site-packages/airflow/example_dags/example_task_group.py
[2025-09-16T23:43:50.348+0000] {processor.py:925} INFO - DAG(s) 'example_task_group' retrieved from /home/airflow/.local/lib/python3.12/site-packages/airflow/example_dags/example_task_group.py
[2025-09-16T23:43:50.365+0000] {logging_mixin.py:190} INFO - [2025-09-16T23:43:50.365+0000] {dag.py:3239} INFO - Sync 1 DAGs
[2025-09-16T23:43:50.374+0000] {logging_mixin.py:190} INFO - [2025-09-16T23:43:50.374+0000] {dag.py:4180} INFO - Setting next_dagrun for example_task_group to None, run_after=None
[2025-09-16T23:43:50.386+0000] {processor.py:208} INFO - Processing /home/airflow/.local/lib/python3.12/site-packages/airflow/example_dags/example_task_group.py took 0.054 seconds
[2025-09-16T23:44:21.179+0000] {processor.py:186} INFO - Started process (PID=451) to work on /home/airflow/.local/lib/python3.12/site-packages/airflow/example_dags/example_task_group.py
[2025-09-16T23:44:21.182+0000] {processor.py:914} INFO - Processing file /home/airflow/.local/lib/python3.12/site-packages/airflow/example_dags/example_task_group.py for tasks to queue
[2025-09-16T23:44:21.185+0000] {logging_mixin.py:190} INFO - [2025-09-16T23:44:21.185+0000] {dagbag.py:588} INFO - Filling up the DagBag from /home/airflow/.local/lib/python3.12/site-packages/airflow/example_dags/example_task_group.py
[2025-09-16T23:44:21.193+0000] {processor.py:925} INFO - DAG(s) 'example_task_group' retrieved from /home/airflow/.local/lib/python3.12/site-packages/airflow/example_dags/example_task_group.py
[2025-09-16T23:44:21.207+0000] {logging_mixin.py:190} INFO - [2025-09-16T23:44:21.207+0000] {dag.py:3239} INFO - Sync 1 DAGs
[2025-09-16T23:44:21.215+0000] {logging_mixin.py:190} INFO - [2025-09-16T23:44:21.215+0000] {dag.py:4180} INFO - Setting next_dagrun for example_task_group to None, run_after=None
[2025-09-16T23:44:21.229+0000] {processor.py:208} INFO - Processing /home/airflow/.local/lib/python3.12/site-packages/airflow/example_dags/example_task_group.py took 0.055 seconds
[2025-09-16T23:44:51.857+0000] {processor.py:186} INFO - Started process (PID=514) to work on /home/airflow/.local/lib/python3.12/site-packages/airflow/example_dags/example_task_group.py
[2025-09-16T23:44:51.859+0000] {processor.py:914} INFO - Processing file /home/airflow/.local/lib/python3.12/site-packages/airflow/example_dags/example_task_group.py for tasks to queue
[2025-09-16T23:44:51.863+0000] {logging_mixin.py:190} INFO - [2025-09-16T23:44:51.863+0000] {dagbag.py:588} INFO - Filling up the DagBag from /home/airflow/.local/lib/python3.12/site-packages/airflow/example_dags/example_task_group.py
[2025-09-16T23:44:51.873+0000] {processor.py:925} INFO - DAG(s) 'example_task_group' retrieved from /home/airflow/.local/lib/python3.12/site-packages/airflow/example_dags/example_task_group.py
[2025-09-16T23:44:51.888+0000] {logging_mixin.py:190} INFO - [2025-09-16T23:44:51.888+0000] {dag.py:3239} INFO - Sync 1 DAGs
[2025-09-16T23:44:51.897+0000] {logging_mixin.py:190} INFO - [2025-09-16T23:44:51.897+0000] {dag.py:4180} INFO - Setting next_dagrun for example_task_group to None, run_after=None
[2025-09-16T23:44:51.909+0000] {processor.py:208} INFO - Processing /home/airflow/.local/lib/python3.12/site-packages/airflow/example_dags/example_task_group.py took 0.061 seconds
[2025-09-16T23:45:22.117+0000] {processor.py:186} INFO - Started process (PID=577) to work on /home/airflow/.local/lib/python3.12/site-packages/airflow/example_dags/example_task_group.py
[2025-09-16T23:45:22.125+0000] {processor.py:914} INFO - Processing file /home/airflow/.local/lib/python3.12/site-packages/airflow/example_dags/example_task_group.py for tasks to queue
[2025-09-16T23:45:22.127+0000] {logging_mixin.py:190} INFO - [2025-09-16T23:45:22.127+0000] {dagbag.py:588} INFO - Filling up the DagBag from /home/airflow/.local/lib/python3.12/site-packages/airflow/example_dags/example_task_group.py
[2025-09-16T23:45:22.137+0000] {processor.py:925} INFO - DAG(s) 'example_task_group' retrieved from /home/airflow/.local/lib/python3.12/site-packages/airflow/example_dags/example_task_group.py
[2025-09-16T23:45:22.151+0000] {logging_mixin.py:190} INFO - [2025-09-16T23:45:22.151+0000] {dag.py:3239} INFO - Sync 1 DAGs
[2025-09-16T23:45:22.160+0000] {logging_mixin.py:190} INFO - [2025-09-16T23:45:22.160+0000] {dag.py:4180} INFO - Setting next_dagrun for example_task_group to None, run_after=None
[2025-09-16T23:45:22.171+0000] {processor.py:208} INFO - Processing /home/airflow/.local/lib/python3.12/site-packages/airflow/example_dags/example_task_group.py took 0.061 seconds
[2025-09-16T23:45:52.844+0000] {processor.py:186} INFO - Started process (PID=640) to work on /home/airflow/.local/lib/python3.12/site-packages/airflow/example_dags/example_task_group.py
[2025-09-16T23:45:52.848+0000] {processor.py:914} INFO - Processing file /home/airflow/.local/lib/python3.12/site-packages/airflow/example_dags/example_task_group.py for tasks to queue
[2025-09-16T23:45:52.851+0000] {logging_mixin.py:190} INFO - [2025-09-16T23:45:52.850+0000] {dagbag.py:588} INFO - Filling up the DagBag from /home/airflow/.local/lib/python3.12/site-packages/airflow/example_dags/example_task_group.py
[2025-09-16T23:45:52.859+0000] {processor.py:925} INFO - DAG(s) 'example_task_group' retrieved from /home/airflow/.local/lib/python3.12/site-packages/airflow/example_dags/example_task_group.py
[2025-09-16T23:45:52.875+0000] {logging_mixin.py:190} INFO - [2025-09-16T23:45:52.875+0000] {dag.py:3239} INFO - Sync 1 DAGs
[2025-09-16T23:45:52.884+0000] {logging_mixin.py:190} INFO - [2025-09-16T23:45:52.884+0000] {dag.py:4180} INFO - Setting next_dagrun for example_task_group to None, run_after=None
[2025-09-16T23:45:52.899+0000] {processor.py:208} INFO - Processing /home/airflow/.local/lib/python3.12/site-packages/airflow/example_dags/example_task_group.py took 0.062 seconds
[2025-09-16T23:46:23.416+0000] {processor.py:186} INFO - Started process (PID=703) to work on /home/airflow/.local/lib/python3.12/site-packages/airflow/example_dags/example_task_group.py
[2025-09-16T23:46:23.418+0000] {processor.py:914} INFO - Processing file /home/airflow/.local/lib/python3.12/site-packages/airflow/example_dags/example_task_group.py for tasks to queue
[2025-09-16T23:46:23.424+0000] {logging_mixin.py:190} INFO - [2025-09-16T23:46:23.423+0000] {dagbag.py:588} INFO - Filling up the DagBag from /home/airflow/.local/lib/python3.12/site-packages/airflow/example_dags/example_task_group.py
[2025-09-16T23:46:23.432+0000] {processor.py:925} INFO - DAG(s) 'example_task_group' retrieved from /home/airflow/.local/lib/python3.12/site-packages/airflow/example_dags/example_task_group.py
[2025-09-16T23:46:23.451+0000] {logging_mixin.py:190} INFO - [2025-09-16T23:46:23.450+0000] {dag.py:3239} INFO - Sync 1 DAGs
[2025-09-16T23:46:23.470+0000] {logging_mixin.py:190} INFO - [2025-09-16T23:46:23.470+0000] {dag.py:4180} INFO - Setting next_dagrun for example_task_group to None, run_after=None
[2025-09-16T23:46:23.487+0000] {processor.py:208} INFO - Processing /home/airflow/.local/lib/python3.12/site-packages/airflow/example_dags/example_task_group.py took 0.079 seconds
[2025-09-16T23:46:54.039+0000] {processor.py:186} INFO - Started process (PID=766) to work on /home/airflow/.local/lib/python3.12/site-packages/airflow/example_dags/example_task_group.py
[2025-09-16T23:46:54.041+0000] {processor.py:914} INFO - Processing file /home/airflow/.local/lib/python3.12/site-packages/airflow/example_dags/example_task_group.py for tasks to queue
[2025-09-16T23:46:54.046+0000] {logging_mixin.py:190} INFO - [2025-09-16T23:46:54.046+0000] {dagbag.py:588} INFO - Filling up the DagBag from /home/airflow/.local/lib/python3.12/site-packages/airflow/example_dags/example_task_group.py
[2025-09-16T23:46:54.053+0000] {processor.py:925} INFO - DAG(s) 'example_task_group' retrieved from /home/airflow/.local/lib/python3.12/site-packages/airflow/example_dags/example_task_group.py
[2025-09-16T23:46:54.067+0000] {logging_mixin.py:190} INFO - [2025-09-16T23:46:54.067+0000] {dag.py:3239} INFO - Sync 1 DAGs
[2025-09-16T23:46:54.077+0000] {logging_mixin.py:190} INFO - [2025-09-16T23:46:54.077+0000] {dag.py:4180} INFO - Setting next_dagrun for example_task_group to None, run_after=None
[2025-09-16T23:46:54.087+0000] {processor.py:208} INFO - Processing /home/airflow/.local/lib/python3.12/site-packages/airflow/example_dags/example_task_group.py took 0.054 seconds
[2025-09-16T23:47:24.776+0000] {processor.py:186} INFO - Started process (PID=829) to work on /home/airflow/.local/lib/python3.12/site-packages/airflow/example_dags/example_task_group.py
[2025-09-16T23:47:24.777+0000] {processor.py:914} INFO - Processing file /home/airflow/.local/lib/python3.12/site-packages/airflow/example_dags/example_task_group.py for tasks to queue
[2025-09-16T23:47:24.780+0000] {logging_mixin.py:190} INFO - [2025-09-16T23:47:24.779+0000] {dagbag.py:588} INFO - Filling up the DagBag from /home/airflow/.local/lib/python3.12/site-packages/airflow/example_dags/example_task_group.py
[2025-09-16T23:47:24.787+0000] {processor.py:925} INFO - DAG(s) 'example_task_group' retrieved from /home/airflow/.local/lib/python3.12/site-packages/airflow/example_dags/example_task_group.py
[2025-09-16T23:47:24.806+0000] {logging_mixin.py:190} INFO - [2025-09-16T23:47:24.805+0000] {dag.py:3239} INFO - Sync 1 DAGs
[2025-09-16T23:47:24.815+0000] {logging_mixin.py:190} INFO - [2025-09-16T23:47:24.814+0000] {dag.py:4180} INFO - Setting next_dagrun for example_task_group to None, run_after=None
[2025-09-16T23:47:24.824+0000] {processor.py:208} INFO - Processing /home/airflow/.local/lib/python3.12/site-packages/airflow/example_dags/example_task_group.py took 0.055 seconds
[2025-09-16T23:47:55.346+0000] {processor.py:186} INFO - Started process (PID=892) to work on /home/airflow/.local/lib/python3.12/site-packages/airflow/example_dags/example_task_group.py
[2025-09-16T23:47:55.350+0000] {processor.py:914} INFO - Processing file /home/airflow/.local/lib/python3.12/site-packages/airflow/example_dags/example_task_group.py for tasks to queue
[2025-09-16T23:47:55.358+0000] {logging_mixin.py:190} INFO - [2025-09-16T23:47:55.358+0000] {dagbag.py:588} INFO - Filling up the DagBag from /home/airflow/.local/lib/python3.12/site-packages/airflow/example_dags/example_task_group.py
[2025-09-16T23:47:55.385+0000] {processor.py:925} INFO - DAG(s) 'example_task_group' retrieved from /home/airflow/.local/lib/python3.12/site-packages/airflow/example_dags/example_task_group.py
[2025-09-16T23:47:55.415+0000] {logging_mixin.py:190} INFO - [2025-09-16T23:47:55.415+0000] {dag.py:3239} INFO - Sync 1 DAGs
[2025-09-16T23:47:55.439+0000] {logging_mixin.py:190} INFO - [2025-09-16T23:47:55.439+0000] {dag.py:4180} INFO - Setting next_dagrun for example_task_group to None, run_after=None
[2025-09-16T23:47:55.454+0000] {processor.py:208} INFO - Processing /home/airflow/.local/lib/python3.12/site-packages/airflow/example_dags/example_task_group.py took 0.122 seconds
[2025-09-16T23:48:26.319+0000] {processor.py:186} INFO - Started process (PID=955) to work on /home/airflow/.local/lib/python3.12/site-packages/airflow/example_dags/example_task_group.py
[2025-09-16T23:48:26.320+0000] {processor.py:914} INFO - Processing file /home/airflow/.local/lib/python3.12/site-packages/airflow/example_dags/example_task_group.py for tasks to queue
[2025-09-16T23:48:26.325+0000] {logging_mixin.py:190} INFO - [2025-09-16T23:48:26.325+0000] {dagbag.py:588} INFO - Filling up the DagBag from /home/airflow/.local/lib/python3.12/site-packages/airflow/example_dags/example_task_group.py
[2025-09-16T23:48:26.333+0000] {processor.py:925} INFO - DAG(s) 'example_task_group' retrieved from /home/airflow/.local/lib/python3.12/site-packages/airflow/example_dags/example_task_group.py
[2025-09-16T23:48:26.349+0000] {logging_mixin.py:190} INFO - [2025-09-16T23:48:26.349+0000] {dag.py:3239} INFO - Sync 1 DAGs
[2025-09-16T23:48:26.357+0000] {logging_mixin.py:190} INFO - [2025-09-16T23:48:26.357+0000] {dag.py:4180} INFO - Setting next_dagrun for example_task_group to None, run_after=None
[2025-09-16T23:48:26.367+0000] {processor.py:208} INFO - Processing /home/airflow/.local/lib/python3.12/site-packages/airflow/example_dags/example_task_group.py took 0.054 seconds
[2025-09-16T23:48:57.198+0000] {processor.py:186} INFO - Started process (PID=1018) to work on /home/airflow/.local/lib/python3.12/site-packages/airflow/example_dags/example_task_group.py
[2025-09-16T23:48:57.199+0000] {processor.py:914} INFO - Processing file /home/airflow/.local/lib/python3.12/site-packages/airflow/example_dags/example_task_group.py for tasks to queue
[2025-09-16T23:48:57.201+0000] {logging_mixin.py:190} INFO - [2025-09-16T23:48:57.201+0000] {dagbag.py:588} INFO - Filling up the DagBag from /home/airflow/.local/lib/python3.12/site-packages/airflow/example_dags/example_task_group.py
[2025-09-16T23:48:57.210+0000] {processor.py:925} INFO - DAG(s) 'example_task_group' retrieved from /home/airflow/.local/lib/python3.12/site-packages/airflow/example_dags/example_task_group.py
[2025-09-16T23:48:57.226+0000] {logging_mixin.py:190} INFO - [2025-09-16T23:48:57.226+0000] {dag.py:3239} INFO - Sync 1 DAGs
[2025-09-16T23:48:57.236+0000] {logging_mixin.py:190} INFO - [2025-09-16T23:48:57.236+0000] {dag.py:4180} INFO - Setting next_dagrun for example_task_group to None, run_after=None
[2025-09-16T23:48:57.246+0000] {processor.py:208} INFO - Processing /home/airflow/.local/lib/python3.12/site-packages/airflow/example_dags/example_task_group.py took 0.054 seconds
[2025-09-16T23:49:28.083+0000] {processor.py:186} INFO - Started process (PID=1081) to work on /home/airflow/.local/lib/python3.12/site-packages/airflow/example_dags/example_task_group.py
[2025-09-16T23:49:28.087+0000] {processor.py:914} INFO - Processing file /home/airflow/.local/lib/python3.12/site-packages/airflow/example_dags/example_task_group.py for tasks to queue
[2025-09-16T23:49:28.089+0000] {logging_mixin.py:190} INFO - [2025-09-16T23:49:28.089+0000] {dagbag.py:588} INFO - Filling up the DagBag from /home/airflow/.local/lib/python3.12/site-packages/airflow/example_dags/example_task_group.py
[2025-09-16T23:49:28.097+0000] {processor.py:925} INFO - DAG(s) 'example_task_group' retrieved from /home/airflow/.local/lib/python3.12/site-packages/airflow/example_dags/example_task_group.py
[2025-09-16T23:49:28.118+0000] {logging_mixin.py:190} INFO - [2025-09-16T23:49:28.117+0000] {dag.py:3239} INFO - Sync 1 DAGs
[2025-09-16T23:49:28.127+0000] {logging_mixin.py:190} INFO - [2025-09-16T23:49:28.127+0000] {dag.py:4180} INFO - Setting next_dagrun for example_task_group to None, run_after=None
[2025-09-16T23:49:28.138+0000] {processor.py:208} INFO - Processing /home/airflow/.local/lib/python3.12/site-packages/airflow/example_dags/example_task_group.py took 0.062 seconds
[2025-09-16T23:49:58.532+0000] {processor.py:186} INFO - Started process (PID=1144) to work on /home/airflow/.local/lib/python3.12/site-packages/airflow/example_dags/example_task_group.py
[2025-09-16T23:49:58.534+0000] {processor.py:914} INFO - Processing file /home/airflow/.local/lib/python3.12/site-packages/airflow/example_dags/example_task_group.py for tasks to queue
[2025-09-16T23:49:58.536+0000] {logging_mixin.py:190} INFO - [2025-09-16T23:49:58.536+0000] {dagbag.py:588} INFO - Filling up the DagBag from /home/airflow/.local/lib/python3.12/site-packages/airflow/example_dags/example_task_group.py
[2025-09-16T23:49:58.544+0000] {processor.py:925} INFO - DAG(s) 'example_task_group' retrieved from /home/airflow/.local/lib/python3.12/site-packages/airflow/example_dags/example_task_group.py
[2025-09-16T23:49:58.560+0000] {logging_mixin.py:190} INFO - [2025-09-16T23:49:58.560+0000] {dag.py:3239} INFO - Sync 1 DAGs
[2025-09-16T23:49:58.569+0000] {logging_mixin.py:190} INFO - [2025-09-16T23:49:58.569+0000] {dag.py:4180} INFO - Setting next_dagrun for example_task_group to None, run_after=None
[2025-09-16T23:49:58.579+0000] {processor.py:208} INFO - Processing /home/airflow/.local/lib/python3.12/site-packages/airflow/example_dags/example_task_group.py took 0.054 seconds
[2025-09-16T23:50:29.025+0000] {processor.py:186} INFO - Started process (PID=1207) to work on /home/airflow/.local/lib/python3.12/site-packages/airflow/example_dags/example_task_group.py
[2025-09-16T23:50:29.029+0000] {processor.py:914} INFO - Processing file /home/airflow/.local/lib/python3.12/site-packages/airflow/example_dags/example_task_group.py for tasks to queue
[2025-09-16T23:50:29.034+0000] {logging_mixin.py:190} INFO - [2025-09-16T23:50:29.034+0000] {dagbag.py:588} INFO - Filling up the DagBag from /home/airflow/.local/lib/python3.12/site-packages/airflow/example_dags/example_task_group.py
[2025-09-16T23:50:29.042+0000] {processor.py:925} INFO - DAG(s) 'example_task_group' retrieved from /home/airflow/.local/lib/python3.12/site-packages/airflow/example_dags/example_task_group.py
[2025-09-16T23:50:29.056+0000] {logging_mixin.py:190} INFO - [2025-09-16T23:50:29.056+0000] {dag.py:3239} INFO - Sync 1 DAGs
[2025-09-16T23:50:29.066+0000] {logging_mixin.py:190} INFO - [2025-09-16T23:50:29.066+0000] {dag.py:4180} INFO - Setting next_dagrun for example_task_group to None, run_after=None
[2025-09-16T23:50:29.076+0000] {processor.py:208} INFO - Processing /home/airflow/.local/lib/python3.12/site-packages/airflow/example_dags/example_task_group.py took 0.063 seconds
[2025-09-16T23:50:59.132+0000] {processor.py:186} INFO - Started process (PID=1270) to work on /home/airflow/.local/lib/python3.12/site-packages/airflow/example_dags/example_task_group.py
[2025-09-16T23:50:59.133+0000] {processor.py:914} INFO - Processing file /home/airflow/.local/lib/python3.12/site-packages/airflow/example_dags/example_task_group.py for tasks to queue
[2025-09-16T23:50:59.135+0000] {logging_mixin.py:190} INFO - [2025-09-16T23:50:59.135+0000] {dagbag.py:588} INFO - Filling up the DagBag from /home/airflow/.local/lib/python3.12/site-packages/airflow/example_dags/example_task_group.py
[2025-09-16T23:50:59.144+0000] {processor.py:925} INFO - DAG(s) 'example_task_group' retrieved from /home/airflow/.local/lib/python3.12/site-packages/airflow/example_dags/example_task_group.py
[2025-09-16T23:50:59.161+0000] {logging_mixin.py:190} INFO - [2025-09-16T23:50:59.160+0000] {dag.py:3239} INFO - Sync 1 DAGs
[2025-09-16T23:50:59.170+0000] {logging_mixin.py:190} INFO - [2025-09-16T23:50:59.170+0000] {dag.py:4180} INFO - Setting next_dagrun for example_task_group to None, run_after=None
[2025-09-16T23:50:59.181+0000] {processor.py:208} INFO - Processing /home/airflow/.local/lib/python3.12/site-packages/airflow/example_dags/example_task_group.py took 0.057 seconds
[2025-09-16T23:51:29.482+0000] {processor.py:186} INFO - Started process (PID=1333) to work on /home/airflow/.local/lib/python3.12/site-packages/airflow/example_dags/example_task_group.py
[2025-09-16T23:51:29.484+0000] {processor.py:914} INFO - Processing file /home/airflow/.local/lib/python3.12/site-packages/airflow/example_dags/example_task_group.py for tasks to queue
[2025-09-16T23:51:29.486+0000] {logging_mixin.py:190} INFO - [2025-09-16T23:51:29.486+0000] {dagbag.py:588} INFO - Filling up the DagBag from /home/airflow/.local/lib/python3.12/site-packages/airflow/example_dags/example_task_group.py
[2025-09-16T23:51:29.495+0000] {processor.py:925} INFO - DAG(s) 'example_task_group' retrieved from /home/airflow/.local/lib/python3.12/site-packages/airflow/example_dags/example_task_group.py
[2025-09-16T23:51:29.510+0000] {logging_mixin.py:190} INFO - [2025-09-16T23:51:29.510+0000] {dag.py:3239} INFO - Sync 1 DAGs
[2025-09-16T23:51:29.519+0000] {logging_mixin.py:190} INFO - [2025-09-16T23:51:29.519+0000] {dag.py:4180} INFO - Setting next_dagrun for example_task_group to None, run_after=None
[2025-09-16T23:51:29.530+0000] {processor.py:208} INFO - Processing /home/airflow/.local/lib/python3.12/site-packages/airflow/example_dags/example_task_group.py took 0.055 seconds
[2025-09-16T23:51:59.971+0000] {processor.py:186} INFO - Started process (PID=1396) to work on /home/airflow/.local/lib/python3.12/site-packages/airflow/example_dags/example_task_group.py
[2025-09-16T23:51:59.974+0000] {processor.py:914} INFO - Processing file /home/airflow/.local/lib/python3.12/site-packages/airflow/example_dags/example_task_group.py for tasks to queue
[2025-09-16T23:51:59.977+0000] {logging_mixin.py:190} INFO - [2025-09-16T23:51:59.976+0000] {dagbag.py:588} INFO - Filling up the DagBag from /home/airflow/.local/lib/python3.12/site-packages/airflow/example_dags/example_task_group.py
[2025-09-16T23:51:59.985+0000] {processor.py:925} INFO - DAG(s) 'example_task_group' retrieved from /home/airflow/.local/lib/python3.12/site-packages/airflow/example_dags/example_task_group.py
[2025-09-16T23:52:00.002+0000] {logging_mixin.py:190} INFO - [2025-09-16T23:52:00.002+0000] {dag.py:3239} INFO - Sync 1 DAGs
[2025-09-16T23:52:00.013+0000] {logging_mixin.py:190} INFO - [2025-09-16T23:52:00.012+0000] {dag.py:4180} INFO - Setting next_dagrun for example_task_group to None, run_after=None
[2025-09-16T23:52:00.022+0000] {processor.py:208} INFO - Processing /home/airflow/.local/lib/python3.12/site-packages/airflow/example_dags/example_task_group.py took 0.057 seconds
[2025-09-16T23:52:30.225+0000] {processor.py:186} INFO - Started process (PID=1459) to work on /home/airflow/.local/lib/python3.12/site-packages/airflow/example_dags/example_task_group.py
[2025-09-16T23:52:30.227+0000] {processor.py:914} INFO - Processing file /home/airflow/.local/lib/python3.12/site-packages/airflow/example_dags/example_task_group.py for tasks to queue
[2025-09-16T23:52:30.229+0000] {logging_mixin.py:190} INFO - [2025-09-16T23:52:30.229+0000] {dagbag.py:588} INFO - Filling up the DagBag from /home/airflow/.local/lib/python3.12/site-packages/airflow/example_dags/example_task_group.py
[2025-09-16T23:52:30.237+0000] {processor.py:925} INFO - DAG(s) 'example_task_group' retrieved from /home/airflow/.local/lib/python3.12/site-packages/airflow/example_dags/example_task_group.py
[2025-09-16T23:52:30.254+0000] {logging_mixin.py:190} INFO - [2025-09-16T23:52:30.253+0000] {dag.py:3239} INFO - Sync 1 DAGs
[2025-09-16T23:52:30.264+0000] {logging_mixin.py:190} INFO - [2025-09-16T23:52:30.264+0000] {dag.py:4180} INFO - Setting next_dagrun for example_task_group to None, run_after=None
[2025-09-16T23:52:30.276+0000] {processor.py:208} INFO - Processing /home/airflow/.local/lib/python3.12/site-packages/airflow/example_dags/example_task_group.py took 0.058 seconds
[2025-09-16T23:53:00.697+0000] {processor.py:186} INFO - Started process (PID=1522) to work on /home/airflow/.local/lib/python3.12/site-packages/airflow/example_dags/example_task_group.py
[2025-09-16T23:53:00.698+0000] {processor.py:914} INFO - Processing file /home/airflow/.local/lib/python3.12/site-packages/airflow/example_dags/example_task_group.py for tasks to queue
[2025-09-16T23:53:00.700+0000] {logging_mixin.py:190} INFO - [2025-09-16T23:53:00.700+0000] {dagbag.py:588} INFO - Filling up the DagBag from /home/airflow/.local/lib/python3.12/site-packages/airflow/example_dags/example_task_group.py
[2025-09-16T23:53:00.708+0000] {processor.py:925} INFO - DAG(s) 'example_task_group' retrieved from /home/airflow/.local/lib/python3.12/site-packages/airflow/example_dags/example_task_group.py
[2025-09-16T23:53:00.725+0000] {logging_mixin.py:190} INFO - [2025-09-16T23:53:00.724+0000] {dag.py:3239} INFO - Sync 1 DAGs
[2025-09-16T23:53:00.733+0000] {logging_mixin.py:190} INFO - [2025-09-16T23:53:00.733+0000] {dag.py:4180} INFO - Setting next_dagrun for example_task_group to None, run_after=None
[2025-09-16T23:53:00.745+0000] {processor.py:208} INFO - Processing /home/airflow/.local/lib/python3.12/site-packages/airflow/example_dags/example_task_group.py took 0.054 seconds
[2025-09-16T23:53:31.126+0000] {processor.py:186} INFO - Started process (PID=1585) to work on /home/airflow/.local/lib/python3.12/site-packages/airflow/example_dags/example_task_group.py
[2025-09-16T23:53:31.128+0000] {processor.py:914} INFO - Processing file /home/airflow/.local/lib/python3.12/site-packages/airflow/example_dags/example_task_group.py for tasks to queue
[2025-09-16T23:53:31.133+0000] {logging_mixin.py:190} INFO - [2025-09-16T23:53:31.133+0000] {dagbag.py:588} INFO - Filling up the DagBag from /home/airflow/.local/lib/python3.12/site-packages/airflow/example_dags/example_task_group.py
[2025-09-16T23:53:31.141+0000] {processor.py:925} INFO - DAG(s) 'example_task_group' retrieved from /home/airflow/.local/lib/python3.12/site-packages/airflow/example_dags/example_task_group.py
[2025-09-16T23:53:31.158+0000] {logging_mixin.py:190} INFO - [2025-09-16T23:53:31.157+0000] {dag.py:3239} INFO - Sync 1 DAGs
[2025-09-16T23:53:31.168+0000] {logging_mixin.py:190} INFO - [2025-09-16T23:53:31.167+0000] {dag.py:4180} INFO - Setting next_dagrun for example_task_group to None, run_after=None
[2025-09-16T23:53:31.178+0000] {processor.py:208} INFO - Processing /home/airflow/.local/lib/python3.12/site-packages/airflow/example_dags/example_task_group.py took 0.057 seconds
[2025-09-16T23:54:01.525+0000] {processor.py:186} INFO - Started process (PID=1648) to work on /home/airflow/.local/lib/python3.12/site-packages/airflow/example_dags/example_task_group.py
[2025-09-16T23:54:01.526+0000] {processor.py:914} INFO - Processing file /home/airflow/.local/lib/python3.12/site-packages/airflow/example_dags/example_task_group.py for tasks to queue
[2025-09-16T23:54:01.527+0000] {logging_mixin.py:190} INFO - [2025-09-16T23:54:01.527+0000] {dagbag.py:588} INFO - Filling up the DagBag from /home/airflow/.local/lib/python3.12/site-packages/airflow/example_dags/example_task_group.py
[2025-09-16T23:54:01.533+0000] {processor.py:925} INFO - DAG(s) 'example_task_group' retrieved from /home/airflow/.local/lib/python3.12/site-packages/airflow/example_dags/example_task_group.py
[2025-09-16T23:54:01.547+0000] {logging_mixin.py:190} INFO - [2025-09-16T23:54:01.546+0000] {dag.py:3239} INFO - Sync 1 DAGs
[2025-09-16T23:54:01.555+0000] {logging_mixin.py:190} INFO - [2025-09-16T23:54:01.555+0000] {dag.py:4180} INFO - Setting next_dagrun for example_task_group to None, run_after=None
[2025-09-16T23:54:01.567+0000] {processor.py:208} INFO - Processing /home/airflow/.local/lib/python3.12/site-packages/airflow/example_dags/example_task_group.py took 0.048 seconds
[2025-09-16T23:54:31.966+0000] {processor.py:186} INFO - Started process (PID=1711) to work on /home/airflow/.local/lib/python3.12/site-packages/airflow/example_dags/example_task_group.py
[2025-09-16T23:54:31.967+0000] {processor.py:914} INFO - Processing file /home/airflow/.local/lib/python3.12/site-packages/airflow/example_dags/example_task_group.py for tasks to queue
[2025-09-16T23:54:31.971+0000] {logging_mixin.py:190} INFO - [2025-09-16T23:54:31.971+0000] {dagbag.py:588} INFO - Filling up the DagBag from /home/airflow/.local/lib/python3.12/site-packages/airflow/example_dags/example_task_group.py
[2025-09-16T23:54:31.979+0000] {processor.py:925} INFO - DAG(s) 'example_task_group' retrieved from /home/airflow/.local/lib/python3.12/site-packages/airflow/example_dags/example_task_group.py
[2025-09-16T23:54:32.001+0000] {logging_mixin.py:190} INFO - [2025-09-16T23:54:32.001+0000] {dag.py:3239} INFO - Sync 1 DAGs
[2025-09-16T23:54:32.016+0000] {logging_mixin.py:190} INFO - [2025-09-16T23:54:32.016+0000] {dag.py:4180} INFO - Setting next_dagrun for example_task_group to None, run_after=None
[2025-09-16T23:54:32.031+0000] {processor.py:208} INFO - Processing /home/airflow/.local/lib/python3.12/site-packages/airflow/example_dags/example_task_group.py took 0.074 seconds
[2025-09-16T23:55:02.766+0000] {processor.py:186} INFO - Started process (PID=1774) to work on /home/airflow/.local/lib/python3.12/site-packages/airflow/example_dags/example_task_group.py
[2025-09-16T23:55:02.770+0000] {processor.py:914} INFO - Processing file /home/airflow/.local/lib/python3.12/site-packages/airflow/example_dags/example_task_group.py for tasks to queue
[2025-09-16T23:55:02.772+0000] {logging_mixin.py:190} INFO - [2025-09-16T23:55:02.772+0000] {dagbag.py:588} INFO - Filling up the DagBag from /home/airflow/.local/lib/python3.12/site-packages/airflow/example_dags/example_task_group.py
[2025-09-16T23:55:02.779+0000] {processor.py:925} INFO - DAG(s) 'example_task_group' retrieved from /home/airflow/.local/lib/python3.12/site-packages/airflow/example_dags/example_task_group.py
[2025-09-16T23:55:02.793+0000] {logging_mixin.py:190} INFO - [2025-09-16T23:55:02.793+0000] {dag.py:3239} INFO - Sync 1 DAGs
[2025-09-16T23:55:02.804+0000] {logging_mixin.py:190} INFO - [2025-09-16T23:55:02.804+0000] {dag.py:4180} INFO - Setting next_dagrun for example_task_group to None, run_after=None
[2025-09-16T23:55:02.814+0000] {processor.py:208} INFO - Processing /home/airflow/.local/lib/python3.12/site-packages/airflow/example_dags/example_task_group.py took 0.054 seconds
[2025-09-16T23:55:32.941+0000] {processor.py:186} INFO - Started process (PID=1837) to work on /home/airflow/.local/lib/python3.12/site-packages/airflow/example_dags/example_task_group.py
[2025-09-16T23:55:32.942+0000] {processor.py:914} INFO - Processing file /home/airflow/.local/lib/python3.12/site-packages/airflow/example_dags/example_task_group.py for tasks to queue
[2025-09-16T23:55:32.948+0000] {logging_mixin.py:190} INFO - [2025-09-16T23:55:32.947+0000] {dagbag.py:588} INFO - Filling up the DagBag from /home/airflow/.local/lib/python3.12/site-packages/airflow/example_dags/example_task_group.py
[2025-09-16T23:55:32.955+0000] {processor.py:925} INFO - DAG(s) 'example_task_group' retrieved from /home/airflow/.local/lib/python3.12/site-packages/airflow/example_dags/example_task_group.py
[2025-09-16T23:55:32.972+0000] {logging_mixin.py:190} INFO - [2025-09-16T23:55:32.971+0000] {dag.py:3239} INFO - Sync 1 DAGs
[2025-09-16T23:55:32.983+0000] {logging_mixin.py:190} INFO - [2025-09-16T23:55:32.983+0000] {dag.py:4180} INFO - Setting next_dagrun for example_task_group to None, run_after=None
[2025-09-16T23:55:32.993+0000] {processor.py:208} INFO - Processing /home/airflow/.local/lib/python3.12/site-packages/airflow/example_dags/example_task_group.py took 0.057 seconds
[2025-09-16T23:56:03.081+0000] {processor.py:186} INFO - Started process (PID=1900) to work on /home/airflow/.local/lib/python3.12/site-packages/airflow/example_dags/example_task_group.py
[2025-09-16T23:56:03.082+0000] {processor.py:914} INFO - Processing file /home/airflow/.local/lib/python3.12/site-packages/airflow/example_dags/example_task_group.py for tasks to queue
[2025-09-16T23:56:03.084+0000] {logging_mixin.py:190} INFO - [2025-09-16T23:56:03.083+0000] {dagbag.py:588} INFO - Filling up the DagBag from /home/airflow/.local/lib/python3.12/site-packages/airflow/example_dags/example_task_group.py
[2025-09-16T23:56:03.092+0000] {processor.py:925} INFO - DAG(s) 'example_task_group' retrieved from /home/airflow/.local/lib/python3.12/site-packages/airflow/example_dags/example_task_group.py
[2025-09-16T23:56:03.108+0000] {logging_mixin.py:190} INFO - [2025-09-16T23:56:03.108+0000] {dag.py:3239} INFO - Sync 1 DAGs
[2025-09-16T23:56:03.118+0000] {logging_mixin.py:190} INFO - [2025-09-16T23:56:03.118+0000] {dag.py:4180} INFO - Setting next_dagrun for example_task_group to None, run_after=None
[2025-09-16T23:56:03.129+0000] {processor.py:208} INFO - Processing /home/airflow/.local/lib/python3.12/site-packages/airflow/example_dags/example_task_group.py took 0.054 seconds
[2025-09-16T23:56:33.321+0000] {processor.py:186} INFO - Started process (PID=1963) to work on /home/airflow/.local/lib/python3.12/site-packages/airflow/example_dags/example_task_group.py
[2025-09-16T23:56:33.324+0000] {processor.py:914} INFO - Processing file /home/airflow/.local/lib/python3.12/site-packages/airflow/example_dags/example_task_group.py for tasks to queue
[2025-09-16T23:56:33.330+0000] {logging_mixin.py:190} INFO - [2025-09-16T23:56:33.329+0000] {dagbag.py:588} INFO - Filling up the DagBag from /home/airflow/.local/lib/python3.12/site-packages/airflow/example_dags/example_task_group.py
[2025-09-16T23:56:33.337+0000] {processor.py:925} INFO - DAG(s) 'example_task_group' retrieved from /home/airflow/.local/lib/python3.12/site-packages/airflow/example_dags/example_task_group.py
[2025-09-16T23:56:33.356+0000] {logging_mixin.py:190} INFO - [2025-09-16T23:56:33.356+0000] {dag.py:3239} INFO - Sync 1 DAGs
[2025-09-16T23:56:33.367+0000] {logging_mixin.py:190} INFO - [2025-09-16T23:56:33.367+0000] {dag.py:4180} INFO - Setting next_dagrun for example_task_group to None, run_after=None
[2025-09-16T23:56:33.378+0000] {processor.py:208} INFO - Processing /home/airflow/.local/lib/python3.12/site-packages/airflow/example_dags/example_task_group.py took 0.063 seconds
[2025-09-16T23:57:03.462+0000] {processor.py:186} INFO - Started process (PID=2026) to work on /home/airflow/.local/lib/python3.12/site-packages/airflow/example_dags/example_task_group.py
[2025-09-16T23:57:03.468+0000] {processor.py:914} INFO - Processing file /home/airflow/.local/lib/python3.12/site-packages/airflow/example_dags/example_task_group.py for tasks to queue
[2025-09-16T23:57:03.470+0000] {logging_mixin.py:190} INFO - [2025-09-16T23:57:03.470+0000] {dagbag.py:588} INFO - Filling up the DagBag from /home/airflow/.local/lib/python3.12/site-packages/airflow/example_dags/example_task_group.py
[2025-09-16T23:57:03.478+0000] {processor.py:925} INFO - DAG(s) 'example_task_group' retrieved from /home/airflow/.local/lib/python3.12/site-packages/airflow/example_dags/example_task_group.py
[2025-09-16T23:57:03.493+0000] {logging_mixin.py:190} INFO - [2025-09-16T23:57:03.493+0000] {dag.py:3239} INFO - Sync 1 DAGs
[2025-09-16T23:57:03.500+0000] {logging_mixin.py:190} INFO - [2025-09-16T23:57:03.500+0000] {dag.py:4180} INFO - Setting next_dagrun for example_task_group to None, run_after=None
[2025-09-16T23:57:03.513+0000] {processor.py:208} INFO - Processing /home/airflow/.local/lib/python3.12/site-packages/airflow/example_dags/example_task_group.py took 0.058 seconds
[2025-09-16T23:57:33.592+0000] {processor.py:186} INFO - Started process (PID=2089) to work on /home/airflow/.local/lib/python3.12/site-packages/airflow/example_dags/example_task_group.py
[2025-09-16T23:57:33.593+0000] {processor.py:914} INFO - Processing file /home/airflow/.local/lib/python3.12/site-packages/airflow/example_dags/example_task_group.py for tasks to queue
[2025-09-16T23:57:33.595+0000] {logging_mixin.py:190} INFO - [2025-09-16T23:57:33.595+0000] {dagbag.py:588} INFO - Filling up the DagBag from /home/airflow/.local/lib/python3.12/site-packages/airflow/example_dags/example_task_group.py
[2025-09-16T23:57:33.599+0000] {processor.py:925} INFO - DAG(s) 'example_task_group' retrieved from /home/airflow/.local/lib/python3.12/site-packages/airflow/example_dags/example_task_group.py
[2025-09-16T23:57:33.610+0000] {logging_mixin.py:190} INFO - [2025-09-16T23:57:33.610+0000] {dag.py:3239} INFO - Sync 1 DAGs
[2025-09-16T23:57:33.618+0000] {logging_mixin.py:190} INFO - [2025-09-16T23:57:33.618+0000] {dag.py:4180} INFO - Setting next_dagrun for example_task_group to None, run_after=None
[2025-09-16T23:57:33.628+0000] {processor.py:208} INFO - Processing /home/airflow/.local/lib/python3.12/site-packages/airflow/example_dags/example_task_group.py took 0.039 seconds
[2025-09-16T23:58:03.659+0000] {processor.py:186} INFO - Started process (PID=2152) to work on /home/airflow/.local/lib/python3.12/site-packages/airflow/example_dags/example_task_group.py
[2025-09-16T23:58:03.662+0000] {processor.py:914} INFO - Processing file /home/airflow/.local/lib/python3.12/site-packages/airflow/example_dags/example_task_group.py for tasks to queue
[2025-09-16T23:58:03.663+0000] {logging_mixin.py:190} INFO - [2025-09-16T23:58:03.663+0000] {dagbag.py:588} INFO - Filling up the DagBag from /home/airflow/.local/lib/python3.12/site-packages/airflow/example_dags/example_task_group.py
[2025-09-16T23:58:03.668+0000] {processor.py:925} INFO - DAG(s) 'example_task_group' retrieved from /home/airflow/.local/lib/python3.12/site-packages/airflow/example_dags/example_task_group.py
[2025-09-16T23:58:03.679+0000] {logging_mixin.py:190} INFO - [2025-09-16T23:58:03.679+0000] {dag.py:3239} INFO - Sync 1 DAGs
[2025-09-16T23:58:03.685+0000] {logging_mixin.py:190} INFO - [2025-09-16T23:58:03.685+0000] {dag.py:4180} INFO - Setting next_dagrun for example_task_group to None, run_after=None
[2025-09-16T23:58:03.696+0000] {processor.py:208} INFO - Processing /home/airflow/.local/lib/python3.12/site-packages/airflow/example_dags/example_task_group.py took 0.040 seconds
[2025-09-16T23:58:34.786+0000] {processor.py:186} INFO - Started process (PID=2215) to work on /home/airflow/.local/lib/python3.12/site-packages/airflow/example_dags/example_task_group.py
[2025-09-16T23:58:34.786+0000] {processor.py:914} INFO - Processing file /home/airflow/.local/lib/python3.12/site-packages/airflow/example_dags/example_task_group.py for tasks to queue
[2025-09-16T23:58:34.788+0000] {logging_mixin.py:190} INFO - [2025-09-16T23:58:34.788+0000] {dagbag.py:588} INFO - Filling up the DagBag from /home/airflow/.local/lib/python3.12/site-packages/airflow/example_dags/example_task_group.py
[2025-09-16T23:58:34.793+0000] {processor.py:925} INFO - DAG(s) 'example_task_group' retrieved from /home/airflow/.local/lib/python3.12/site-packages/airflow/example_dags/example_task_group.py
[2025-09-16T23:58:34.803+0000] {logging_mixin.py:190} INFO - [2025-09-16T23:58:34.803+0000] {dag.py:3239} INFO - Sync 1 DAGs
[2025-09-16T23:58:34.810+0000] {logging_mixin.py:190} INFO - [2025-09-16T23:58:34.810+0000] {dag.py:4180} INFO - Setting next_dagrun for example_task_group to None, run_after=None
[2025-09-16T23:58:34.826+0000] {processor.py:208} INFO - Processing /home/airflow/.local/lib/python3.12/site-packages/airflow/example_dags/example_task_group.py took 0.044 seconds
[2025-09-16T23:59:05.839+0000] {processor.py:186} INFO - Started process (PID=2278) to work on /home/airflow/.local/lib/python3.12/site-packages/airflow/example_dags/example_task_group.py
[2025-09-16T23:59:05.840+0000] {processor.py:914} INFO - Processing file /home/airflow/.local/lib/python3.12/site-packages/airflow/example_dags/example_task_group.py for tasks to queue
[2025-09-16T23:59:05.841+0000] {logging_mixin.py:190} INFO - [2025-09-16T23:59:05.841+0000] {dagbag.py:588} INFO - Filling up the DagBag from /home/airflow/.local/lib/python3.12/site-packages/airflow/example_dags/example_task_group.py
[2025-09-16T23:59:05.845+0000] {processor.py:925} INFO - DAG(s) 'example_task_group' retrieved from /home/airflow/.local/lib/python3.12/site-packages/airflow/example_dags/example_task_group.py
[2025-09-16T23:59:05.855+0000] {logging_mixin.py:190} INFO - [2025-09-16T23:59:05.854+0000] {dag.py:3239} INFO - Sync 1 DAGs
[2025-09-16T23:59:05.861+0000] {logging_mixin.py:190} INFO - [2025-09-16T23:59:05.860+0000] {dag.py:4180} INFO - Setting next_dagrun for example_task_group to None, run_after=None
[2025-09-16T23:59:05.868+0000] {processor.py:208} INFO - Processing /home/airflow/.local/lib/python3.12/site-packages/airflow/example_dags/example_task_group.py took 0.032 seconds
[2025-09-16T23:59:36.976+0000] {processor.py:186} INFO - Started process (PID=2341) to work on /home/airflow/.local/lib/python3.12/site-packages/airflow/example_dags/example_task_group.py
[2025-09-16T23:59:36.976+0000] {processor.py:914} INFO - Processing file /home/airflow/.local/lib/python3.12/site-packages/airflow/example_dags/example_task_group.py for tasks to queue
[2025-09-16T23:59:36.978+0000] {logging_mixin.py:190} INFO - [2025-09-16T23:59:36.977+0000] {dagbag.py:588} INFO - Filling up the DagBag from /home/airflow/.local/lib/python3.12/site-packages/airflow/example_dags/example_task_group.py
[2025-09-16T23:59:36.982+0000] {processor.py:925} INFO - DAG(s) 'example_task_group' retrieved from /home/airflow/.local/lib/python3.12/site-packages/airflow/example_dags/example_task_group.py
[2025-09-16T23:59:36.993+0000] {logging_mixin.py:190} INFO - [2025-09-16T23:59:36.993+0000] {dag.py:3239} INFO - Sync 1 DAGs
[2025-09-16T23:59:37.000+0000] {logging_mixin.py:190} INFO - [2025-09-16T23:59:37.000+0000] {dag.py:4180} INFO - Setting next_dagrun for example_task_group to None, run_after=None
[2025-09-16T23:59:37.011+0000] {processor.py:208} INFO - Processing /home/airflow/.local/lib/python3.12/site-packages/airflow/example_dags/example_task_group.py took 0.039 seconds
