[2025-09-16T23:41:15.859+0000] {processor.py:186} INFO - Started process (PID=61) to work on /home/airflow/.local/lib/python3.12/site-packages/airflow/example_dags/example_workday_timetable.py
[2025-09-16T23:41:15.859+0000] {processor.py:914} INFO - Processing file /home/airflow/.local/lib/python3.12/site-packages/airflow/example_dags/example_workday_timetable.py for tasks to queue
[2025-09-16T23:41:15.861+0000] {logging_mixin.py:190} INFO - [2025-09-16T23:41:15.861+0000] {dagbag.py:588} INFO - Filling up the DagBag from /home/airflow/.local/lib/python3.12/site-packages/airflow/example_dags/example_workday_timetable.py
[2025-09-16T23:41:15.864+0000] {processor.py:925} INFO - DAG(s) 'example_workday_timetable' retrieved from /home/airflow/.local/lib/python3.12/site-packages/airflow/example_dags/example_workday_timetable.py
[2025-09-16T23:41:15.924+0000] {logging_mixin.py:190} INFO - [2025-09-16T23:41:15.924+0000] {override.py:1911} INFO - Created Permission View: can edit on DAG:example_workday_timetable
[2025-09-16T23:41:15.929+0000] {logging_mixin.py:190} INFO - [2025-09-16T23:41:15.929+0000] {override.py:1911} INFO - Created Permission View: can delete on DAG:example_workday_timetable
[2025-09-16T23:41:15.931+0000] {logging_mixin.py:190} INFO - [2025-09-16T23:41:15.931+0000] {override.py:1911} INFO - Created Permission View: can read on DAG:example_workday_timetable
[2025-09-16T23:41:15.934+0000] {logging_mixin.py:190} INFO - [2025-09-16T23:41:15.934+0000] {override.py:1911} INFO - Created Permission View: menu access on DAG Run:example_workday_timetable
[2025-09-16T23:41:15.937+0000] {logging_mixin.py:190} INFO - [2025-09-16T23:41:15.937+0000] {override.py:1911} INFO - Created Permission View: can create on DAG Run:example_workday_timetable
[2025-09-16T23:41:15.941+0000] {logging_mixin.py:190} INFO - [2025-09-16T23:41:15.941+0000] {override.py:1911} INFO - Created Permission View: can delete on DAG Run:example_workday_timetable
[2025-09-16T23:41:15.945+0000] {logging_mixin.py:190} INFO - [2025-09-16T23:41:15.945+0000] {override.py:1911} INFO - Created Permission View: can read on DAG Run:example_workday_timetable
[2025-09-16T23:41:15.945+0000] {logging_mixin.py:190} INFO - [2025-09-16T23:41:15.945+0000] {dag.py:3239} INFO - Sync 1 DAGs
[2025-09-16T23:41:15.953+0000] {logging_mixin.py:190} INFO - [2025-09-16T23:41:15.952+0000] {dag.py:3262} INFO - Creating ORM DAG for example_workday_timetable
[2025-09-16T23:41:15.988+0000] {logging_mixin.py:190} INFO - [2025-09-16T23:41:15.987+0000] {dag.py:4180} INFO - Setting next_dagrun for example_workday_timetable to 2021-01-04 00:00:00+00:00, run_after=2021-01-05 00:00:00+00:00
[2025-09-16T23:41:15.997+0000] {processor.py:208} INFO - Processing /home/airflow/.local/lib/python3.12/site-packages/airflow/example_dags/example_workday_timetable.py took 0.142 seconds
[2025-09-16T23:41:46.043+0000] {processor.py:186} INFO - Started process (PID=123) to work on /home/airflow/.local/lib/python3.12/site-packages/airflow/example_dags/example_workday_timetable.py
[2025-09-16T23:41:46.044+0000] {processor.py:914} INFO - Processing file /home/airflow/.local/lib/python3.12/site-packages/airflow/example_dags/example_workday_timetable.py for tasks to queue
[2025-09-16T23:41:46.045+0000] {logging_mixin.py:190} INFO - [2025-09-16T23:41:46.045+0000] {dagbag.py:588} INFO - Filling up the DagBag from /home/airflow/.local/lib/python3.12/site-packages/airflow/example_dags/example_workday_timetable.py
[2025-09-16T23:41:46.049+0000] {processor.py:925} INFO - DAG(s) 'example_workday_timetable' retrieved from /home/airflow/.local/lib/python3.12/site-packages/airflow/example_dags/example_workday_timetable.py
[2025-09-16T23:41:46.060+0000] {logging_mixin.py:190} INFO - [2025-09-16T23:41:46.060+0000] {dag.py:3239} INFO - Sync 1 DAGs
[2025-09-16T23:41:46.119+0000] {logging_mixin.py:190} INFO - [2025-09-16T23:41:46.118+0000] {dag.py:4180} INFO - Setting next_dagrun for example_workday_timetable to 2021-01-04 00:00:00+00:00, run_after=2021-01-05 00:00:00+00:00
[2025-09-16T23:41:46.134+0000] {processor.py:208} INFO - Processing /home/airflow/.local/lib/python3.12/site-packages/airflow/example_dags/example_workday_timetable.py took 0.094 seconds
[2025-09-16T23:42:16.463+0000] {processor.py:186} INFO - Started process (PID=186) to work on /home/airflow/.local/lib/python3.12/site-packages/airflow/example_dags/example_workday_timetable.py
[2025-09-16T23:42:16.464+0000] {processor.py:914} INFO - Processing file /home/airflow/.local/lib/python3.12/site-packages/airflow/example_dags/example_workday_timetable.py for tasks to queue
[2025-09-16T23:42:16.464+0000] {logging_mixin.py:190} INFO - [2025-09-16T23:42:16.464+0000] {dagbag.py:588} INFO - Filling up the DagBag from /home/airflow/.local/lib/python3.12/site-packages/airflow/example_dags/example_workday_timetable.py
[2025-09-16T23:42:16.468+0000] {processor.py:925} INFO - DAG(s) 'example_workday_timetable' retrieved from /home/airflow/.local/lib/python3.12/site-packages/airflow/example_dags/example_workday_timetable.py
[2025-09-16T23:42:16.477+0000] {logging_mixin.py:190} INFO - [2025-09-16T23:42:16.476+0000] {dag.py:3239} INFO - Sync 1 DAGs
[2025-09-16T23:42:16.505+0000] {logging_mixin.py:190} INFO - [2025-09-16T23:42:16.505+0000] {dag.py:4180} INFO - Setting next_dagrun for example_workday_timetable to 2021-01-04 00:00:00+00:00, run_after=2021-01-05 00:00:00+00:00
[2025-09-16T23:42:16.513+0000] {processor.py:208} INFO - Processing /home/airflow/.local/lib/python3.12/site-packages/airflow/example_dags/example_workday_timetable.py took 0.053 seconds
[2025-09-16T23:42:46.627+0000] {processor.py:186} INFO - Started process (PID=249) to work on /home/airflow/.local/lib/python3.12/site-packages/airflow/example_dags/example_workday_timetable.py
[2025-09-16T23:42:46.629+0000] {processor.py:914} INFO - Processing file /home/airflow/.local/lib/python3.12/site-packages/airflow/example_dags/example_workday_timetable.py for tasks to queue
[2025-09-16T23:42:46.631+0000] {logging_mixin.py:190} INFO - [2025-09-16T23:42:46.631+0000] {dagbag.py:588} INFO - Filling up the DagBag from /home/airflow/.local/lib/python3.12/site-packages/airflow/example_dags/example_workday_timetable.py
[2025-09-16T23:42:46.634+0000] {processor.py:925} INFO - DAG(s) 'example_workday_timetable' retrieved from /home/airflow/.local/lib/python3.12/site-packages/airflow/example_dags/example_workday_timetable.py
[2025-09-16T23:42:46.649+0000] {logging_mixin.py:190} INFO - [2025-09-16T23:42:46.649+0000] {dag.py:3239} INFO - Sync 1 DAGs
[2025-09-16T23:42:46.690+0000] {logging_mixin.py:190} INFO - [2025-09-16T23:42:46.690+0000] {dag.py:4180} INFO - Setting next_dagrun for example_workday_timetable to 2021-01-04 00:00:00+00:00, run_after=2021-01-05 00:00:00+00:00
[2025-09-16T23:42:46.698+0000] {processor.py:208} INFO - Processing /home/airflow/.local/lib/python3.12/site-packages/airflow/example_dags/example_workday_timetable.py took 0.074 seconds
[2025-09-16T23:43:17.474+0000] {processor.py:186} INFO - Started process (PID=311) to work on /home/airflow/.local/lib/python3.12/site-packages/airflow/example_dags/example_workday_timetable.py
[2025-09-16T23:43:17.475+0000] {processor.py:914} INFO - Processing file /home/airflow/.local/lib/python3.12/site-packages/airflow/example_dags/example_workday_timetable.py for tasks to queue
[2025-09-16T23:43:17.477+0000] {logging_mixin.py:190} INFO - [2025-09-16T23:43:17.477+0000] {dagbag.py:588} INFO - Filling up the DagBag from /home/airflow/.local/lib/python3.12/site-packages/airflow/example_dags/example_workday_timetable.py
[2025-09-16T23:43:17.480+0000] {processor.py:925} INFO - DAG(s) 'example_workday_timetable' retrieved from /home/airflow/.local/lib/python3.12/site-packages/airflow/example_dags/example_workday_timetable.py
[2025-09-16T23:43:17.489+0000] {logging_mixin.py:190} INFO - [2025-09-16T23:43:17.489+0000] {dag.py:3239} INFO - Sync 1 DAGs
[2025-09-16T23:43:17.524+0000] {logging_mixin.py:190} INFO - [2025-09-16T23:43:17.524+0000] {dag.py:4180} INFO - Setting next_dagrun for example_workday_timetable to 2021-01-04 00:00:00+00:00, run_after=2021-01-05 00:00:00+00:00
[2025-09-16T23:43:17.533+0000] {processor.py:208} INFO - Processing /home/airflow/.local/lib/python3.12/site-packages/airflow/example_dags/example_workday_timetable.py took 0.062 seconds
[2025-09-16T23:43:48.021+0000] {processor.py:186} INFO - Started process (PID=374) to work on /home/airflow/.local/lib/python3.12/site-packages/airflow/example_dags/example_workday_timetable.py
[2025-09-16T23:43:48.023+0000] {processor.py:914} INFO - Processing file /home/airflow/.local/lib/python3.12/site-packages/airflow/example_dags/example_workday_timetable.py for tasks to queue
[2025-09-16T23:43:48.025+0000] {logging_mixin.py:190} INFO - [2025-09-16T23:43:48.025+0000] {dagbag.py:588} INFO - Filling up the DagBag from /home/airflow/.local/lib/python3.12/site-packages/airflow/example_dags/example_workday_timetable.py
[2025-09-16T23:43:48.031+0000] {processor.py:925} INFO - DAG(s) 'example_workday_timetable' retrieved from /home/airflow/.local/lib/python3.12/site-packages/airflow/example_dags/example_workday_timetable.py
[2025-09-16T23:43:48.042+0000] {logging_mixin.py:190} INFO - [2025-09-16T23:43:48.042+0000] {dag.py:3239} INFO - Sync 1 DAGs
[2025-09-16T23:43:48.080+0000] {logging_mixin.py:190} INFO - [2025-09-16T23:43:48.080+0000] {dag.py:4180} INFO - Setting next_dagrun for example_workday_timetable to 2021-01-04 00:00:00+00:00, run_after=2021-01-05 00:00:00+00:00
[2025-09-16T23:43:48.088+0000] {processor.py:208} INFO - Processing /home/airflow/.local/lib/python3.12/site-packages/airflow/example_dags/example_workday_timetable.py took 0.070 seconds
[2025-09-16T23:44:18.905+0000] {processor.py:186} INFO - Started process (PID=437) to work on /home/airflow/.local/lib/python3.12/site-packages/airflow/example_dags/example_workday_timetable.py
[2025-09-16T23:44:18.905+0000] {processor.py:914} INFO - Processing file /home/airflow/.local/lib/python3.12/site-packages/airflow/example_dags/example_workday_timetable.py for tasks to queue
[2025-09-16T23:44:18.907+0000] {logging_mixin.py:190} INFO - [2025-09-16T23:44:18.907+0000] {dagbag.py:588} INFO - Filling up the DagBag from /home/airflow/.local/lib/python3.12/site-packages/airflow/example_dags/example_workday_timetable.py
[2025-09-16T23:44:18.911+0000] {processor.py:925} INFO - DAG(s) 'example_workday_timetable' retrieved from /home/airflow/.local/lib/python3.12/site-packages/airflow/example_dags/example_workday_timetable.py
[2025-09-16T23:44:18.920+0000] {logging_mixin.py:190} INFO - [2025-09-16T23:44:18.920+0000] {dag.py:3239} INFO - Sync 1 DAGs
[2025-09-16T23:44:18.952+0000] {logging_mixin.py:190} INFO - [2025-09-16T23:44:18.952+0000] {dag.py:4180} INFO - Setting next_dagrun for example_workday_timetable to 2021-01-04 00:00:00+00:00, run_after=2021-01-05 00:00:00+00:00
[2025-09-16T23:44:18.961+0000] {processor.py:208} INFO - Processing /home/airflow/.local/lib/python3.12/site-packages/airflow/example_dags/example_workday_timetable.py took 0.060 seconds
[2025-09-16T23:44:49.535+0000] {processor.py:186} INFO - Started process (PID=500) to work on /home/airflow/.local/lib/python3.12/site-packages/airflow/example_dags/example_workday_timetable.py
[2025-09-16T23:44:49.536+0000] {processor.py:914} INFO - Processing file /home/airflow/.local/lib/python3.12/site-packages/airflow/example_dags/example_workday_timetable.py for tasks to queue
[2025-09-16T23:44:49.537+0000] {logging_mixin.py:190} INFO - [2025-09-16T23:44:49.537+0000] {dagbag.py:588} INFO - Filling up the DagBag from /home/airflow/.local/lib/python3.12/site-packages/airflow/example_dags/example_workday_timetable.py
[2025-09-16T23:44:49.542+0000] {processor.py:925} INFO - DAG(s) 'example_workday_timetable' retrieved from /home/airflow/.local/lib/python3.12/site-packages/airflow/example_dags/example_workday_timetable.py
[2025-09-16T23:44:49.555+0000] {logging_mixin.py:190} INFO - [2025-09-16T23:44:49.555+0000] {dag.py:3239} INFO - Sync 1 DAGs
[2025-09-16T23:44:49.592+0000] {logging_mixin.py:190} INFO - [2025-09-16T23:44:49.592+0000] {dag.py:4180} INFO - Setting next_dagrun for example_workday_timetable to 2021-01-04 00:00:00+00:00, run_after=2021-01-05 00:00:00+00:00
[2025-09-16T23:44:49.599+0000] {processor.py:208} INFO - Processing /home/airflow/.local/lib/python3.12/site-packages/airflow/example_dags/example_workday_timetable.py took 0.068 seconds
[2025-09-16T23:45:19.779+0000] {processor.py:186} INFO - Started process (PID=563) to work on /home/airflow/.local/lib/python3.12/site-packages/airflow/example_dags/example_workday_timetable.py
[2025-09-16T23:45:19.780+0000] {processor.py:914} INFO - Processing file /home/airflow/.local/lib/python3.12/site-packages/airflow/example_dags/example_workday_timetable.py for tasks to queue
[2025-09-16T23:45:19.782+0000] {logging_mixin.py:190} INFO - [2025-09-16T23:45:19.781+0000] {dagbag.py:588} INFO - Filling up the DagBag from /home/airflow/.local/lib/python3.12/site-packages/airflow/example_dags/example_workday_timetable.py
[2025-09-16T23:45:19.786+0000] {processor.py:925} INFO - DAG(s) 'example_workday_timetable' retrieved from /home/airflow/.local/lib/python3.12/site-packages/airflow/example_dags/example_workday_timetable.py
[2025-09-16T23:45:19.797+0000] {logging_mixin.py:190} INFO - [2025-09-16T23:45:19.797+0000] {dag.py:3239} INFO - Sync 1 DAGs
[2025-09-16T23:45:19.830+0000] {logging_mixin.py:190} INFO - [2025-09-16T23:45:19.830+0000] {dag.py:4180} INFO - Setting next_dagrun for example_workday_timetable to 2021-01-04 00:00:00+00:00, run_after=2021-01-05 00:00:00+00:00
[2025-09-16T23:45:19.839+0000] {processor.py:208} INFO - Processing /home/airflow/.local/lib/python3.12/site-packages/airflow/example_dags/example_workday_timetable.py took 0.064 seconds
[2025-09-16T23:45:50.519+0000] {processor.py:186} INFO - Started process (PID=632) to work on /home/airflow/.local/lib/python3.12/site-packages/airflow/example_dags/example_workday_timetable.py
[2025-09-16T23:45:50.520+0000] {processor.py:914} INFO - Processing file /home/airflow/.local/lib/python3.12/site-packages/airflow/example_dags/example_workday_timetable.py for tasks to queue
[2025-09-16T23:45:50.521+0000] {logging_mixin.py:190} INFO - [2025-09-16T23:45:50.521+0000] {dagbag.py:588} INFO - Filling up the DagBag from /home/airflow/.local/lib/python3.12/site-packages/airflow/example_dags/example_workday_timetable.py
[2025-09-16T23:45:50.524+0000] {processor.py:925} INFO - DAG(s) 'example_workday_timetable' retrieved from /home/airflow/.local/lib/python3.12/site-packages/airflow/example_dags/example_workday_timetable.py
[2025-09-16T23:45:50.535+0000] {logging_mixin.py:190} INFO - [2025-09-16T23:45:50.535+0000] {dag.py:3239} INFO - Sync 1 DAGs
[2025-09-16T23:45:50.581+0000] {logging_mixin.py:190} INFO - [2025-09-16T23:45:50.581+0000] {dag.py:4180} INFO - Setting next_dagrun for example_workday_timetable to 2021-01-04 00:00:00+00:00, run_after=2021-01-05 00:00:00+00:00
[2025-09-16T23:45:50.589+0000] {processor.py:208} INFO - Processing /home/airflow/.local/lib/python3.12/site-packages/airflow/example_dags/example_workday_timetable.py took 0.073 seconds
[2025-09-16T23:46:21.113+0000] {processor.py:186} INFO - Started process (PID=695) to work on /home/airflow/.local/lib/python3.12/site-packages/airflow/example_dags/example_workday_timetable.py
[2025-09-16T23:46:21.115+0000] {processor.py:914} INFO - Processing file /home/airflow/.local/lib/python3.12/site-packages/airflow/example_dags/example_workday_timetable.py for tasks to queue
[2025-09-16T23:46:21.116+0000] {logging_mixin.py:190} INFO - [2025-09-16T23:46:21.116+0000] {dagbag.py:588} INFO - Filling up the DagBag from /home/airflow/.local/lib/python3.12/site-packages/airflow/example_dags/example_workday_timetable.py
[2025-09-16T23:46:21.120+0000] {processor.py:925} INFO - DAG(s) 'example_workday_timetable' retrieved from /home/airflow/.local/lib/python3.12/site-packages/airflow/example_dags/example_workday_timetable.py
[2025-09-16T23:46:21.131+0000] {logging_mixin.py:190} INFO - [2025-09-16T23:46:21.130+0000] {dag.py:3239} INFO - Sync 1 DAGs
[2025-09-16T23:46:21.168+0000] {logging_mixin.py:190} INFO - [2025-09-16T23:46:21.168+0000] {dag.py:4180} INFO - Setting next_dagrun for example_workday_timetable to 2021-01-04 00:00:00+00:00, run_after=2021-01-05 00:00:00+00:00
[2025-09-16T23:46:21.177+0000] {processor.py:208} INFO - Processing /home/airflow/.local/lib/python3.12/site-packages/airflow/example_dags/example_workday_timetable.py took 0.068 seconds
[2025-09-16T23:46:51.719+0000] {processor.py:186} INFO - Started process (PID=758) to work on /home/airflow/.local/lib/python3.12/site-packages/airflow/example_dags/example_workday_timetable.py
[2025-09-16T23:46:51.721+0000] {processor.py:914} INFO - Processing file /home/airflow/.local/lib/python3.12/site-packages/airflow/example_dags/example_workday_timetable.py for tasks to queue
[2025-09-16T23:46:51.724+0000] {logging_mixin.py:190} INFO - [2025-09-16T23:46:51.723+0000] {dagbag.py:588} INFO - Filling up the DagBag from /home/airflow/.local/lib/python3.12/site-packages/airflow/example_dags/example_workday_timetable.py
[2025-09-16T23:46:51.729+0000] {processor.py:925} INFO - DAG(s) 'example_workday_timetable' retrieved from /home/airflow/.local/lib/python3.12/site-packages/airflow/example_dags/example_workday_timetable.py
[2025-09-16T23:46:51.737+0000] {logging_mixin.py:190} INFO - [2025-09-16T23:46:51.737+0000] {dag.py:3239} INFO - Sync 1 DAGs
[2025-09-16T23:46:51.773+0000] {logging_mixin.py:190} INFO - [2025-09-16T23:46:51.773+0000] {dag.py:4180} INFO - Setting next_dagrun for example_workday_timetable to 2021-01-04 00:00:00+00:00, run_after=2021-01-05 00:00:00+00:00
[2025-09-16T23:46:51.782+0000] {processor.py:208} INFO - Processing /home/airflow/.local/lib/python3.12/site-packages/airflow/example_dags/example_workday_timetable.py took 0.067 seconds
[2025-09-16T23:47:22.490+0000] {processor.py:186} INFO - Started process (PID=821) to work on /home/airflow/.local/lib/python3.12/site-packages/airflow/example_dags/example_workday_timetable.py
[2025-09-16T23:47:22.492+0000] {processor.py:914} INFO - Processing file /home/airflow/.local/lib/python3.12/site-packages/airflow/example_dags/example_workday_timetable.py for tasks to queue
[2025-09-16T23:47:22.494+0000] {logging_mixin.py:190} INFO - [2025-09-16T23:47:22.494+0000] {dagbag.py:588} INFO - Filling up the DagBag from /home/airflow/.local/lib/python3.12/site-packages/airflow/example_dags/example_workday_timetable.py
[2025-09-16T23:47:22.498+0000] {processor.py:925} INFO - DAG(s) 'example_workday_timetable' retrieved from /home/airflow/.local/lib/python3.12/site-packages/airflow/example_dags/example_workday_timetable.py
[2025-09-16T23:47:22.510+0000] {logging_mixin.py:190} INFO - [2025-09-16T23:47:22.510+0000] {dag.py:3239} INFO - Sync 1 DAGs
[2025-09-16T23:47:22.546+0000] {logging_mixin.py:190} INFO - [2025-09-16T23:47:22.545+0000] {dag.py:4180} INFO - Setting next_dagrun for example_workday_timetable to 2021-01-04 00:00:00+00:00, run_after=2021-01-05 00:00:00+00:00
[2025-09-16T23:47:22.553+0000] {processor.py:208} INFO - Processing /home/airflow/.local/lib/python3.12/site-packages/airflow/example_dags/example_workday_timetable.py took 0.066 seconds
[2025-09-16T23:47:52.998+0000] {processor.py:186} INFO - Started process (PID=884) to work on /home/airflow/.local/lib/python3.12/site-packages/airflow/example_dags/example_workday_timetable.py
[2025-09-16T23:47:52.999+0000] {processor.py:914} INFO - Processing file /home/airflow/.local/lib/python3.12/site-packages/airflow/example_dags/example_workday_timetable.py for tasks to queue
[2025-09-16T23:47:53.000+0000] {logging_mixin.py:190} INFO - [2025-09-16T23:47:53.000+0000] {dagbag.py:588} INFO - Filling up the DagBag from /home/airflow/.local/lib/python3.12/site-packages/airflow/example_dags/example_workday_timetable.py
[2025-09-16T23:47:53.004+0000] {processor.py:925} INFO - DAG(s) 'example_workday_timetable' retrieved from /home/airflow/.local/lib/python3.12/site-packages/airflow/example_dags/example_workday_timetable.py
[2025-09-16T23:47:53.022+0000] {logging_mixin.py:190} INFO - [2025-09-16T23:47:53.022+0000] {dag.py:3239} INFO - Sync 1 DAGs
[2025-09-16T23:47:53.093+0000] {logging_mixin.py:190} INFO - [2025-09-16T23:47:53.093+0000] {dag.py:4180} INFO - Setting next_dagrun for example_workday_timetable to 2021-01-04 00:00:00+00:00, run_after=2021-01-05 00:00:00+00:00
[2025-09-16T23:47:53.102+0000] {processor.py:208} INFO - Processing /home/airflow/.local/lib/python3.12/site-packages/airflow/example_dags/example_workday_timetable.py took 0.108 seconds
[2025-09-16T23:48:24.089+0000] {processor.py:186} INFO - Started process (PID=947) to work on /home/airflow/.local/lib/python3.12/site-packages/airflow/example_dags/example_workday_timetable.py
[2025-09-16T23:48:24.090+0000] {processor.py:914} INFO - Processing file /home/airflow/.local/lib/python3.12/site-packages/airflow/example_dags/example_workday_timetable.py for tasks to queue
[2025-09-16T23:48:24.091+0000] {logging_mixin.py:190} INFO - [2025-09-16T23:48:24.091+0000] {dagbag.py:588} INFO - Filling up the DagBag from /home/airflow/.local/lib/python3.12/site-packages/airflow/example_dags/example_workday_timetable.py
[2025-09-16T23:48:24.095+0000] {processor.py:925} INFO - DAG(s) 'example_workday_timetable' retrieved from /home/airflow/.local/lib/python3.12/site-packages/airflow/example_dags/example_workday_timetable.py
[2025-09-16T23:48:24.105+0000] {logging_mixin.py:190} INFO - [2025-09-16T23:48:24.105+0000] {dag.py:3239} INFO - Sync 1 DAGs
[2025-09-16T23:48:24.144+0000] {logging_mixin.py:190} INFO - [2025-09-16T23:48:24.144+0000] {dag.py:4180} INFO - Setting next_dagrun for example_workday_timetable to 2021-01-04 00:00:00+00:00, run_after=2021-01-05 00:00:00+00:00
[2025-09-16T23:48:24.158+0000] {processor.py:208} INFO - Processing /home/airflow/.local/lib/python3.12/site-packages/airflow/example_dags/example_workday_timetable.py took 0.072 seconds
[2025-09-16T23:48:54.894+0000] {processor.py:186} INFO - Started process (PID=1010) to work on /home/airflow/.local/lib/python3.12/site-packages/airflow/example_dags/example_workday_timetable.py
[2025-09-16T23:48:54.897+0000] {processor.py:914} INFO - Processing file /home/airflow/.local/lib/python3.12/site-packages/airflow/example_dags/example_workday_timetable.py for tasks to queue
[2025-09-16T23:48:54.898+0000] {logging_mixin.py:190} INFO - [2025-09-16T23:48:54.898+0000] {dagbag.py:588} INFO - Filling up the DagBag from /home/airflow/.local/lib/python3.12/site-packages/airflow/example_dags/example_workday_timetable.py
[2025-09-16T23:48:54.902+0000] {processor.py:925} INFO - DAG(s) 'example_workday_timetable' retrieved from /home/airflow/.local/lib/python3.12/site-packages/airflow/example_dags/example_workday_timetable.py
[2025-09-16T23:48:54.922+0000] {logging_mixin.py:190} INFO - [2025-09-16T23:48:54.922+0000] {dag.py:3239} INFO - Sync 1 DAGs
[2025-09-16T23:48:54.974+0000] {logging_mixin.py:190} INFO - [2025-09-16T23:48:54.973+0000] {dag.py:4180} INFO - Setting next_dagrun for example_workday_timetable to 2021-01-04 00:00:00+00:00, run_after=2021-01-05 00:00:00+00:00
[2025-09-16T23:48:54.988+0000] {processor.py:208} INFO - Processing /home/airflow/.local/lib/python3.12/site-packages/airflow/example_dags/example_workday_timetable.py took 0.097 seconds
[2025-09-16T23:49:25.789+0000] {processor.py:186} INFO - Started process (PID=1073) to work on /home/airflow/.local/lib/python3.12/site-packages/airflow/example_dags/example_workday_timetable.py
[2025-09-16T23:49:25.790+0000] {processor.py:914} INFO - Processing file /home/airflow/.local/lib/python3.12/site-packages/airflow/example_dags/example_workday_timetable.py for tasks to queue
[2025-09-16T23:49:25.791+0000] {logging_mixin.py:190} INFO - [2025-09-16T23:49:25.791+0000] {dagbag.py:588} INFO - Filling up the DagBag from /home/airflow/.local/lib/python3.12/site-packages/airflow/example_dags/example_workday_timetable.py
[2025-09-16T23:49:25.795+0000] {processor.py:925} INFO - DAG(s) 'example_workday_timetable' retrieved from /home/airflow/.local/lib/python3.12/site-packages/airflow/example_dags/example_workday_timetable.py
[2025-09-16T23:49:25.805+0000] {logging_mixin.py:190} INFO - [2025-09-16T23:49:25.805+0000] {dag.py:3239} INFO - Sync 1 DAGs
[2025-09-16T23:49:25.844+0000] {logging_mixin.py:190} INFO - [2025-09-16T23:49:25.844+0000] {dag.py:4180} INFO - Setting next_dagrun for example_workday_timetable to 2021-01-04 00:00:00+00:00, run_after=2021-01-05 00:00:00+00:00
[2025-09-16T23:49:25.853+0000] {processor.py:208} INFO - Processing /home/airflow/.local/lib/python3.12/site-packages/airflow/example_dags/example_workday_timetable.py took 0.068 seconds
[2025-09-16T23:49:56.184+0000] {processor.py:186} INFO - Started process (PID=1136) to work on /home/airflow/.local/lib/python3.12/site-packages/airflow/example_dags/example_workday_timetable.py
[2025-09-16T23:49:56.184+0000] {processor.py:914} INFO - Processing file /home/airflow/.local/lib/python3.12/site-packages/airflow/example_dags/example_workday_timetable.py for tasks to queue
[2025-09-16T23:49:56.186+0000] {logging_mixin.py:190} INFO - [2025-09-16T23:49:56.186+0000] {dagbag.py:588} INFO - Filling up the DagBag from /home/airflow/.local/lib/python3.12/site-packages/airflow/example_dags/example_workday_timetable.py
[2025-09-16T23:49:56.189+0000] {processor.py:925} INFO - DAG(s) 'example_workday_timetable' retrieved from /home/airflow/.local/lib/python3.12/site-packages/airflow/example_dags/example_workday_timetable.py
[2025-09-16T23:49:56.201+0000] {logging_mixin.py:190} INFO - [2025-09-16T23:49:56.201+0000] {dag.py:3239} INFO - Sync 1 DAGs
[2025-09-16T23:49:56.250+0000] {logging_mixin.py:190} INFO - [2025-09-16T23:49:56.249+0000] {dag.py:4180} INFO - Setting next_dagrun for example_workday_timetable to 2021-01-04 00:00:00+00:00, run_after=2021-01-05 00:00:00+00:00
[2025-09-16T23:49:56.264+0000] {processor.py:208} INFO - Processing /home/airflow/.local/lib/python3.12/site-packages/airflow/example_dags/example_workday_timetable.py took 0.084 seconds
[2025-09-16T23:50:26.741+0000] {processor.py:186} INFO - Started process (PID=1199) to work on /home/airflow/.local/lib/python3.12/site-packages/airflow/example_dags/example_workday_timetable.py
[2025-09-16T23:50:26.742+0000] {processor.py:914} INFO - Processing file /home/airflow/.local/lib/python3.12/site-packages/airflow/example_dags/example_workday_timetable.py for tasks to queue
[2025-09-16T23:50:26.743+0000] {logging_mixin.py:190} INFO - [2025-09-16T23:50:26.743+0000] {dagbag.py:588} INFO - Filling up the DagBag from /home/airflow/.local/lib/python3.12/site-packages/airflow/example_dags/example_workday_timetable.py
[2025-09-16T23:50:26.747+0000] {processor.py:925} INFO - DAG(s) 'example_workday_timetable' retrieved from /home/airflow/.local/lib/python3.12/site-packages/airflow/example_dags/example_workday_timetable.py
[2025-09-16T23:50:26.757+0000] {logging_mixin.py:190} INFO - [2025-09-16T23:50:26.756+0000] {dag.py:3239} INFO - Sync 1 DAGs
[2025-09-16T23:50:26.798+0000] {logging_mixin.py:190} INFO - [2025-09-16T23:50:26.798+0000] {dag.py:4180} INFO - Setting next_dagrun for example_workday_timetable to 2021-01-04 00:00:00+00:00, run_after=2021-01-05 00:00:00+00:00
[2025-09-16T23:50:26.810+0000] {processor.py:208} INFO - Processing /home/airflow/.local/lib/python3.12/site-packages/airflow/example_dags/example_workday_timetable.py took 0.073 seconds
[2025-09-16T23:50:57.837+0000] {processor.py:186} INFO - Started process (PID=1262) to work on /home/airflow/.local/lib/python3.12/site-packages/airflow/example_dags/example_workday_timetable.py
[2025-09-16T23:50:57.838+0000] {processor.py:914} INFO - Processing file /home/airflow/.local/lib/python3.12/site-packages/airflow/example_dags/example_workday_timetable.py for tasks to queue
[2025-09-16T23:50:57.840+0000] {logging_mixin.py:190} INFO - [2025-09-16T23:50:57.840+0000] {dagbag.py:588} INFO - Filling up the DagBag from /home/airflow/.local/lib/python3.12/site-packages/airflow/example_dags/example_workday_timetable.py
[2025-09-16T23:50:57.844+0000] {processor.py:925} INFO - DAG(s) 'example_workday_timetable' retrieved from /home/airflow/.local/lib/python3.12/site-packages/airflow/example_dags/example_workday_timetable.py
[2025-09-16T23:50:57.855+0000] {logging_mixin.py:190} INFO - [2025-09-16T23:50:57.855+0000] {dag.py:3239} INFO - Sync 1 DAGs
[2025-09-16T23:50:57.899+0000] {logging_mixin.py:190} INFO - [2025-09-16T23:50:57.899+0000] {dag.py:4180} INFO - Setting next_dagrun for example_workday_timetable to 2021-01-04 00:00:00+00:00, run_after=2021-01-05 00:00:00+00:00
[2025-09-16T23:50:57.913+0000] {processor.py:208} INFO - Processing /home/airflow/.local/lib/python3.12/site-packages/airflow/example_dags/example_workday_timetable.py took 0.083 seconds
[2025-09-16T23:51:28.188+0000] {processor.py:186} INFO - Started process (PID=1325) to work on /home/airflow/.local/lib/python3.12/site-packages/airflow/example_dags/example_workday_timetable.py
[2025-09-16T23:51:28.191+0000] {processor.py:914} INFO - Processing file /home/airflow/.local/lib/python3.12/site-packages/airflow/example_dags/example_workday_timetable.py for tasks to queue
[2025-09-16T23:51:28.192+0000] {logging_mixin.py:190} INFO - [2025-09-16T23:51:28.192+0000] {dagbag.py:588} INFO - Filling up the DagBag from /home/airflow/.local/lib/python3.12/site-packages/airflow/example_dags/example_workday_timetable.py
[2025-09-16T23:51:28.196+0000] {processor.py:925} INFO - DAG(s) 'example_workday_timetable' retrieved from /home/airflow/.local/lib/python3.12/site-packages/airflow/example_dags/example_workday_timetable.py
[2025-09-16T23:51:28.214+0000] {logging_mixin.py:190} INFO - [2025-09-16T23:51:28.214+0000] {dag.py:3239} INFO - Sync 1 DAGs
[2025-09-16T23:51:28.266+0000] {logging_mixin.py:190} INFO - [2025-09-16T23:51:28.266+0000] {dag.py:4180} INFO - Setting next_dagrun for example_workday_timetable to 2021-01-04 00:00:00+00:00, run_after=2021-01-05 00:00:00+00:00
[2025-09-16T23:51:28.276+0000] {processor.py:208} INFO - Processing /home/airflow/.local/lib/python3.12/site-packages/airflow/example_dags/example_workday_timetable.py took 0.091 seconds
[2025-09-16T23:51:58.706+0000] {processor.py:186} INFO - Started process (PID=1388) to work on /home/airflow/.local/lib/python3.12/site-packages/airflow/example_dags/example_workday_timetable.py
[2025-09-16T23:51:58.707+0000] {processor.py:914} INFO - Processing file /home/airflow/.local/lib/python3.12/site-packages/airflow/example_dags/example_workday_timetable.py for tasks to queue
[2025-09-16T23:51:58.708+0000] {logging_mixin.py:190} INFO - [2025-09-16T23:51:58.708+0000] {dagbag.py:588} INFO - Filling up the DagBag from /home/airflow/.local/lib/python3.12/site-packages/airflow/example_dags/example_workday_timetable.py
[2025-09-16T23:51:58.712+0000] {processor.py:925} INFO - DAG(s) 'example_workday_timetable' retrieved from /home/airflow/.local/lib/python3.12/site-packages/airflow/example_dags/example_workday_timetable.py
[2025-09-16T23:51:58.723+0000] {logging_mixin.py:190} INFO - [2025-09-16T23:51:58.722+0000] {dag.py:3239} INFO - Sync 1 DAGs
[2025-09-16T23:51:58.763+0000] {logging_mixin.py:190} INFO - [2025-09-16T23:51:58.762+0000] {dag.py:4180} INFO - Setting next_dagrun for example_workday_timetable to 2021-01-04 00:00:00+00:00, run_after=2021-01-05 00:00:00+00:00
[2025-09-16T23:51:58.772+0000] {processor.py:208} INFO - Processing /home/airflow/.local/lib/python3.12/site-packages/airflow/example_dags/example_workday_timetable.py took 0.069 seconds
[2025-09-16T23:52:28.963+0000] {processor.py:186} INFO - Started process (PID=1451) to work on /home/airflow/.local/lib/python3.12/site-packages/airflow/example_dags/example_workday_timetable.py
[2025-09-16T23:52:28.963+0000] {processor.py:914} INFO - Processing file /home/airflow/.local/lib/python3.12/site-packages/airflow/example_dags/example_workday_timetable.py for tasks to queue
[2025-09-16T23:52:28.965+0000] {logging_mixin.py:190} INFO - [2025-09-16T23:52:28.965+0000] {dagbag.py:588} INFO - Filling up the DagBag from /home/airflow/.local/lib/python3.12/site-packages/airflow/example_dags/example_workday_timetable.py
[2025-09-16T23:52:28.969+0000] {processor.py:925} INFO - DAG(s) 'example_workday_timetable' retrieved from /home/airflow/.local/lib/python3.12/site-packages/airflow/example_dags/example_workday_timetable.py
[2025-09-16T23:52:28.979+0000] {logging_mixin.py:190} INFO - [2025-09-16T23:52:28.979+0000] {dag.py:3239} INFO - Sync 1 DAGs
[2025-09-16T23:52:29.014+0000] {logging_mixin.py:190} INFO - [2025-09-16T23:52:29.014+0000] {dag.py:4180} INFO - Setting next_dagrun for example_workday_timetable to 2021-01-04 00:00:00+00:00, run_after=2021-01-05 00:00:00+00:00
[2025-09-16T23:52:29.029+0000] {processor.py:208} INFO - Processing /home/airflow/.local/lib/python3.12/site-packages/airflow/example_dags/example_workday_timetable.py took 0.069 seconds
[2025-09-16T23:52:59.439+0000] {processor.py:186} INFO - Started process (PID=1514) to work on /home/airflow/.local/lib/python3.12/site-packages/airflow/example_dags/example_workday_timetable.py
[2025-09-16T23:52:59.440+0000] {processor.py:914} INFO - Processing file /home/airflow/.local/lib/python3.12/site-packages/airflow/example_dags/example_workday_timetable.py for tasks to queue
[2025-09-16T23:52:59.441+0000] {logging_mixin.py:190} INFO - [2025-09-16T23:52:59.441+0000] {dagbag.py:588} INFO - Filling up the DagBag from /home/airflow/.local/lib/python3.12/site-packages/airflow/example_dags/example_workday_timetable.py
[2025-09-16T23:52:59.444+0000] {processor.py:925} INFO - DAG(s) 'example_workday_timetable' retrieved from /home/airflow/.local/lib/python3.12/site-packages/airflow/example_dags/example_workday_timetable.py
[2025-09-16T23:52:59.455+0000] {logging_mixin.py:190} INFO - [2025-09-16T23:52:59.455+0000] {dag.py:3239} INFO - Sync 1 DAGs
[2025-09-16T23:52:59.494+0000] {logging_mixin.py:190} INFO - [2025-09-16T23:52:59.494+0000] {dag.py:4180} INFO - Setting next_dagrun for example_workday_timetable to 2021-01-04 00:00:00+00:00, run_after=2021-01-05 00:00:00+00:00
[2025-09-16T23:52:59.503+0000] {processor.py:208} INFO - Processing /home/airflow/.local/lib/python3.12/site-packages/airflow/example_dags/example_workday_timetable.py took 0.067 seconds
[2025-09-16T23:53:29.856+0000] {processor.py:186} INFO - Started process (PID=1577) to work on /home/airflow/.local/lib/python3.12/site-packages/airflow/example_dags/example_workday_timetable.py
[2025-09-16T23:53:29.859+0000] {processor.py:914} INFO - Processing file /home/airflow/.local/lib/python3.12/site-packages/airflow/example_dags/example_workday_timetable.py for tasks to queue
[2025-09-16T23:53:29.861+0000] {logging_mixin.py:190} INFO - [2025-09-16T23:53:29.861+0000] {dagbag.py:588} INFO - Filling up the DagBag from /home/airflow/.local/lib/python3.12/site-packages/airflow/example_dags/example_workday_timetable.py
[2025-09-16T23:53:29.864+0000] {processor.py:925} INFO - DAG(s) 'example_workday_timetable' retrieved from /home/airflow/.local/lib/python3.12/site-packages/airflow/example_dags/example_workday_timetable.py
[2025-09-16T23:53:29.874+0000] {logging_mixin.py:190} INFO - [2025-09-16T23:53:29.873+0000] {dag.py:3239} INFO - Sync 1 DAGs
[2025-09-16T23:53:29.919+0000] {logging_mixin.py:190} INFO - [2025-09-16T23:53:29.919+0000] {dag.py:4180} INFO - Setting next_dagrun for example_workday_timetable to 2021-01-04 00:00:00+00:00, run_after=2021-01-05 00:00:00+00:00
[2025-09-16T23:53:29.930+0000] {processor.py:208} INFO - Processing /home/airflow/.local/lib/python3.12/site-packages/airflow/example_dags/example_workday_timetable.py took 0.077 seconds
[2025-09-16T23:54:00.200+0000] {processor.py:186} INFO - Started process (PID=1640) to work on /home/airflow/.local/lib/python3.12/site-packages/airflow/example_dags/example_workday_timetable.py
[2025-09-16T23:54:00.202+0000] {processor.py:914} INFO - Processing file /home/airflow/.local/lib/python3.12/site-packages/airflow/example_dags/example_workday_timetable.py for tasks to queue
[2025-09-16T23:54:00.205+0000] {logging_mixin.py:190} INFO - [2025-09-16T23:54:00.204+0000] {dagbag.py:588} INFO - Filling up the DagBag from /home/airflow/.local/lib/python3.12/site-packages/airflow/example_dags/example_workday_timetable.py
[2025-09-16T23:54:00.211+0000] {processor.py:925} INFO - DAG(s) 'example_workday_timetable' retrieved from /home/airflow/.local/lib/python3.12/site-packages/airflow/example_dags/example_workday_timetable.py
[2025-09-16T23:54:00.228+0000] {logging_mixin.py:190} INFO - [2025-09-16T23:54:00.227+0000] {dag.py:3239} INFO - Sync 1 DAGs
[2025-09-16T23:54:00.279+0000] {logging_mixin.py:190} INFO - [2025-09-16T23:54:00.279+0000] {dag.py:4180} INFO - Setting next_dagrun for example_workday_timetable to 2021-01-04 00:00:00+00:00, run_after=2021-01-05 00:00:00+00:00
[2025-09-16T23:54:00.291+0000] {processor.py:208} INFO - Processing /home/airflow/.local/lib/python3.12/site-packages/airflow/example_dags/example_workday_timetable.py took 0.096 seconds
[2025-09-16T23:54:30.744+0000] {processor.py:186} INFO - Started process (PID=1703) to work on /home/airflow/.local/lib/python3.12/site-packages/airflow/example_dags/example_workday_timetable.py
[2025-09-16T23:54:30.745+0000] {processor.py:914} INFO - Processing file /home/airflow/.local/lib/python3.12/site-packages/airflow/example_dags/example_workday_timetable.py for tasks to queue
[2025-09-16T23:54:30.746+0000] {logging_mixin.py:190} INFO - [2025-09-16T23:54:30.746+0000] {dagbag.py:588} INFO - Filling up the DagBag from /home/airflow/.local/lib/python3.12/site-packages/airflow/example_dags/example_workday_timetable.py
[2025-09-16T23:54:30.749+0000] {processor.py:925} INFO - DAG(s) 'example_workday_timetable' retrieved from /home/airflow/.local/lib/python3.12/site-packages/airflow/example_dags/example_workday_timetable.py
[2025-09-16T23:54:30.759+0000] {logging_mixin.py:190} INFO - [2025-09-16T23:54:30.759+0000] {dag.py:3239} INFO - Sync 1 DAGs
[2025-09-16T23:54:30.806+0000] {logging_mixin.py:190} INFO - [2025-09-16T23:54:30.806+0000] {dag.py:4180} INFO - Setting next_dagrun for example_workday_timetable to 2021-01-04 00:00:00+00:00, run_after=2021-01-05 00:00:00+00:00
[2025-09-16T23:54:30.817+0000] {processor.py:208} INFO - Processing /home/airflow/.local/lib/python3.12/site-packages/airflow/example_dags/example_workday_timetable.py took 0.077 seconds
[2025-09-16T23:55:01.502+0000] {processor.py:186} INFO - Started process (PID=1766) to work on /home/airflow/.local/lib/python3.12/site-packages/airflow/example_dags/example_workday_timetable.py
[2025-09-16T23:55:01.506+0000] {processor.py:914} INFO - Processing file /home/airflow/.local/lib/python3.12/site-packages/airflow/example_dags/example_workday_timetable.py for tasks to queue
[2025-09-16T23:55:01.507+0000] {logging_mixin.py:190} INFO - [2025-09-16T23:55:01.507+0000] {dagbag.py:588} INFO - Filling up the DagBag from /home/airflow/.local/lib/python3.12/site-packages/airflow/example_dags/example_workday_timetable.py
[2025-09-16T23:55:01.510+0000] {processor.py:925} INFO - DAG(s) 'example_workday_timetable' retrieved from /home/airflow/.local/lib/python3.12/site-packages/airflow/example_dags/example_workday_timetable.py
[2025-09-16T23:55:01.520+0000] {logging_mixin.py:190} INFO - [2025-09-16T23:55:01.520+0000] {dag.py:3239} INFO - Sync 1 DAGs
[2025-09-16T23:55:01.563+0000] {logging_mixin.py:190} INFO - [2025-09-16T23:55:01.562+0000] {dag.py:4180} INFO - Setting next_dagrun for example_workday_timetable to 2021-01-04 00:00:00+00:00, run_after=2021-01-05 00:00:00+00:00
[2025-09-16T23:55:01.573+0000] {processor.py:208} INFO - Processing /home/airflow/.local/lib/python3.12/site-packages/airflow/example_dags/example_workday_timetable.py took 0.074 seconds
[2025-09-16T23:55:31.678+0000] {processor.py:186} INFO - Started process (PID=1829) to work on /home/airflow/.local/lib/python3.12/site-packages/airflow/example_dags/example_workday_timetable.py
[2025-09-16T23:55:31.680+0000] {processor.py:914} INFO - Processing file /home/airflow/.local/lib/python3.12/site-packages/airflow/example_dags/example_workday_timetable.py for tasks to queue
[2025-09-16T23:55:31.681+0000] {logging_mixin.py:190} INFO - [2025-09-16T23:55:31.681+0000] {dagbag.py:588} INFO - Filling up the DagBag from /home/airflow/.local/lib/python3.12/site-packages/airflow/example_dags/example_workday_timetable.py
[2025-09-16T23:55:31.685+0000] {processor.py:925} INFO - DAG(s) 'example_workday_timetable' retrieved from /home/airflow/.local/lib/python3.12/site-packages/airflow/example_dags/example_workday_timetable.py
[2025-09-16T23:55:31.697+0000] {logging_mixin.py:190} INFO - [2025-09-16T23:55:31.697+0000] {dag.py:3239} INFO - Sync 1 DAGs
[2025-09-16T23:55:31.736+0000] {logging_mixin.py:190} INFO - [2025-09-16T23:55:31.736+0000] {dag.py:4180} INFO - Setting next_dagrun for example_workday_timetable to 2021-01-04 00:00:00+00:00, run_after=2021-01-05 00:00:00+00:00
[2025-09-16T23:55:31.746+0000] {processor.py:208} INFO - Processing /home/airflow/.local/lib/python3.12/site-packages/airflow/example_dags/example_workday_timetable.py took 0.071 seconds
[2025-09-16T23:56:01.821+0000] {processor.py:186} INFO - Started process (PID=1892) to work on /home/airflow/.local/lib/python3.12/site-packages/airflow/example_dags/example_workday_timetable.py
[2025-09-16T23:56:01.822+0000] {processor.py:914} INFO - Processing file /home/airflow/.local/lib/python3.12/site-packages/airflow/example_dags/example_workday_timetable.py for tasks to queue
[2025-09-16T23:56:01.823+0000] {logging_mixin.py:190} INFO - [2025-09-16T23:56:01.823+0000] {dagbag.py:588} INFO - Filling up the DagBag from /home/airflow/.local/lib/python3.12/site-packages/airflow/example_dags/example_workday_timetable.py
[2025-09-16T23:56:01.826+0000] {processor.py:925} INFO - DAG(s) 'example_workday_timetable' retrieved from /home/airflow/.local/lib/python3.12/site-packages/airflow/example_dags/example_workday_timetable.py
[2025-09-16T23:56:01.836+0000] {logging_mixin.py:190} INFO - [2025-09-16T23:56:01.836+0000] {dag.py:3239} INFO - Sync 1 DAGs
[2025-09-16T23:56:01.871+0000] {logging_mixin.py:190} INFO - [2025-09-16T23:56:01.871+0000] {dag.py:4180} INFO - Setting next_dagrun for example_workday_timetable to 2021-01-04 00:00:00+00:00, run_after=2021-01-05 00:00:00+00:00
[2025-09-16T23:56:01.881+0000] {processor.py:208} INFO - Processing /home/airflow/.local/lib/python3.12/site-packages/airflow/example_dags/example_workday_timetable.py took 0.063 seconds
[2025-09-16T23:56:32.069+0000] {processor.py:186} INFO - Started process (PID=1955) to work on /home/airflow/.local/lib/python3.12/site-packages/airflow/example_dags/example_workday_timetable.py
[2025-09-16T23:56:32.070+0000] {processor.py:914} INFO - Processing file /home/airflow/.local/lib/python3.12/site-packages/airflow/example_dags/example_workday_timetable.py for tasks to queue
[2025-09-16T23:56:32.072+0000] {logging_mixin.py:190} INFO - [2025-09-16T23:56:32.072+0000] {dagbag.py:588} INFO - Filling up the DagBag from /home/airflow/.local/lib/python3.12/site-packages/airflow/example_dags/example_workday_timetable.py
[2025-09-16T23:56:32.076+0000] {processor.py:925} INFO - DAG(s) 'example_workday_timetable' retrieved from /home/airflow/.local/lib/python3.12/site-packages/airflow/example_dags/example_workday_timetable.py
[2025-09-16T23:56:32.087+0000] {logging_mixin.py:190} INFO - [2025-09-16T23:56:32.087+0000] {dag.py:3239} INFO - Sync 1 DAGs
[2025-09-16T23:56:32.118+0000] {logging_mixin.py:190} INFO - [2025-09-16T23:56:32.118+0000] {dag.py:4180} INFO - Setting next_dagrun for example_workday_timetable to 2021-01-04 00:00:00+00:00, run_after=2021-01-05 00:00:00+00:00
[2025-09-16T23:56:32.130+0000] {processor.py:208} INFO - Processing /home/airflow/.local/lib/python3.12/site-packages/airflow/example_dags/example_workday_timetable.py took 0.064 seconds
[2025-09-16T23:57:02.214+0000] {processor.py:186} INFO - Started process (PID=2018) to work on /home/airflow/.local/lib/python3.12/site-packages/airflow/example_dags/example_workday_timetable.py
[2025-09-16T23:57:02.214+0000] {processor.py:914} INFO - Processing file /home/airflow/.local/lib/python3.12/site-packages/airflow/example_dags/example_workday_timetable.py for tasks to queue
[2025-09-16T23:57:02.216+0000] {logging_mixin.py:190} INFO - [2025-09-16T23:57:02.215+0000] {dagbag.py:588} INFO - Filling up the DagBag from /home/airflow/.local/lib/python3.12/site-packages/airflow/example_dags/example_workday_timetable.py
[2025-09-16T23:57:02.219+0000] {processor.py:925} INFO - DAG(s) 'example_workday_timetable' retrieved from /home/airflow/.local/lib/python3.12/site-packages/airflow/example_dags/example_workday_timetable.py
[2025-09-16T23:57:02.231+0000] {logging_mixin.py:190} INFO - [2025-09-16T23:57:02.231+0000] {dag.py:3239} INFO - Sync 1 DAGs
[2025-09-16T23:57:02.263+0000] {logging_mixin.py:190} INFO - [2025-09-16T23:57:02.263+0000] {dag.py:4180} INFO - Setting next_dagrun for example_workday_timetable to 2021-01-04 00:00:00+00:00, run_after=2021-01-05 00:00:00+00:00
[2025-09-16T23:57:02.274+0000] {processor.py:208} INFO - Processing /home/airflow/.local/lib/python3.12/site-packages/airflow/example_dags/example_workday_timetable.py took 0.064 seconds
[2025-09-16T23:57:33.313+0000] {processor.py:186} INFO - Started process (PID=2081) to work on /home/airflow/.local/lib/python3.12/site-packages/airflow/example_dags/example_workday_timetable.py
[2025-09-16T23:57:33.313+0000] {processor.py:914} INFO - Processing file /home/airflow/.local/lib/python3.12/site-packages/airflow/example_dags/example_workday_timetable.py for tasks to queue
[2025-09-16T23:57:33.314+0000] {logging_mixin.py:190} INFO - [2025-09-16T23:57:33.314+0000] {dagbag.py:588} INFO - Filling up the DagBag from /home/airflow/.local/lib/python3.12/site-packages/airflow/example_dags/example_workday_timetable.py
[2025-09-16T23:57:33.317+0000] {processor.py:925} INFO - DAG(s) 'example_workday_timetable' retrieved from /home/airflow/.local/lib/python3.12/site-packages/airflow/example_dags/example_workday_timetable.py
[2025-09-16T23:57:33.326+0000] {logging_mixin.py:190} INFO - [2025-09-16T23:57:33.326+0000] {dag.py:3239} INFO - Sync 1 DAGs
[2025-09-16T23:57:33.354+0000] {logging_mixin.py:190} INFO - [2025-09-16T23:57:33.354+0000] {dag.py:4180} INFO - Setting next_dagrun for example_workday_timetable to 2021-01-04 00:00:00+00:00, run_after=2021-01-05 00:00:00+00:00
[2025-09-16T23:57:33.362+0000] {processor.py:208} INFO - Processing /home/airflow/.local/lib/python3.12/site-packages/airflow/example_dags/example_workday_timetable.py took 0.052 seconds
[2025-09-16T23:58:03.430+0000] {processor.py:186} INFO - Started process (PID=2144) to work on /home/airflow/.local/lib/python3.12/site-packages/airflow/example_dags/example_workday_timetable.py
[2025-09-16T23:58:03.431+0000] {processor.py:914} INFO - Processing file /home/airflow/.local/lib/python3.12/site-packages/airflow/example_dags/example_workday_timetable.py for tasks to queue
[2025-09-16T23:58:03.432+0000] {logging_mixin.py:190} INFO - [2025-09-16T23:58:03.432+0000] {dagbag.py:588} INFO - Filling up the DagBag from /home/airflow/.local/lib/python3.12/site-packages/airflow/example_dags/example_workday_timetable.py
[2025-09-16T23:58:03.435+0000] {processor.py:925} INFO - DAG(s) 'example_workday_timetable' retrieved from /home/airflow/.local/lib/python3.12/site-packages/airflow/example_dags/example_workday_timetable.py
[2025-09-16T23:58:03.446+0000] {logging_mixin.py:190} INFO - [2025-09-16T23:58:03.445+0000] {dag.py:3239} INFO - Sync 1 DAGs
[2025-09-16T23:58:03.479+0000] {logging_mixin.py:190} INFO - [2025-09-16T23:58:03.479+0000] {dag.py:4180} INFO - Setting next_dagrun for example_workday_timetable to 2021-01-04 00:00:00+00:00, run_after=2021-01-05 00:00:00+00:00
[2025-09-16T23:58:03.488+0000] {processor.py:208} INFO - Processing /home/airflow/.local/lib/python3.12/site-packages/airflow/example_dags/example_workday_timetable.py took 0.062 seconds
[2025-09-16T23:58:34.507+0000] {processor.py:186} INFO - Started process (PID=2207) to work on /home/airflow/.local/lib/python3.12/site-packages/airflow/example_dags/example_workday_timetable.py
[2025-09-16T23:58:34.507+0000] {processor.py:914} INFO - Processing file /home/airflow/.local/lib/python3.12/site-packages/airflow/example_dags/example_workday_timetable.py for tasks to queue
[2025-09-16T23:58:34.509+0000] {logging_mixin.py:190} INFO - [2025-09-16T23:58:34.508+0000] {dagbag.py:588} INFO - Filling up the DagBag from /home/airflow/.local/lib/python3.12/site-packages/airflow/example_dags/example_workday_timetable.py
[2025-09-16T23:58:34.512+0000] {processor.py:925} INFO - DAG(s) 'example_workday_timetable' retrieved from /home/airflow/.local/lib/python3.12/site-packages/airflow/example_dags/example_workday_timetable.py
[2025-09-16T23:58:34.521+0000] {logging_mixin.py:190} INFO - [2025-09-16T23:58:34.521+0000] {dag.py:3239} INFO - Sync 1 DAGs
[2025-09-16T23:58:34.547+0000] {logging_mixin.py:190} INFO - [2025-09-16T23:58:34.547+0000] {dag.py:4180} INFO - Setting next_dagrun for example_workday_timetable to 2021-01-04 00:00:00+00:00, run_after=2021-01-05 00:00:00+00:00
[2025-09-16T23:58:34.555+0000] {processor.py:208} INFO - Processing /home/airflow/.local/lib/python3.12/site-packages/airflow/example_dags/example_workday_timetable.py took 0.051 seconds
[2025-09-16T23:59:05.554+0000] {processor.py:186} INFO - Started process (PID=2270) to work on /home/airflow/.local/lib/python3.12/site-packages/airflow/example_dags/example_workday_timetable.py
[2025-09-16T23:59:05.554+0000] {processor.py:914} INFO - Processing file /home/airflow/.local/lib/python3.12/site-packages/airflow/example_dags/example_workday_timetable.py for tasks to queue
[2025-09-16T23:59:05.556+0000] {logging_mixin.py:190} INFO - [2025-09-16T23:59:05.555+0000] {dagbag.py:588} INFO - Filling up the DagBag from /home/airflow/.local/lib/python3.12/site-packages/airflow/example_dags/example_workday_timetable.py
[2025-09-16T23:59:05.559+0000] {processor.py:925} INFO - DAG(s) 'example_workday_timetable' retrieved from /home/airflow/.local/lib/python3.12/site-packages/airflow/example_dags/example_workday_timetable.py
[2025-09-16T23:59:05.569+0000] {logging_mixin.py:190} INFO - [2025-09-16T23:59:05.569+0000] {dag.py:3239} INFO - Sync 1 DAGs
[2025-09-16T23:59:05.603+0000] {logging_mixin.py:190} INFO - [2025-09-16T23:59:05.603+0000] {dag.py:4180} INFO - Setting next_dagrun for example_workday_timetable to 2021-01-04 00:00:00+00:00, run_after=2021-01-05 00:00:00+00:00
[2025-09-16T23:59:05.614+0000] {processor.py:208} INFO - Processing /home/airflow/.local/lib/python3.12/site-packages/airflow/example_dags/example_workday_timetable.py took 0.063 seconds
[2025-09-16T23:59:36.684+0000] {processor.py:186} INFO - Started process (PID=2333) to work on /home/airflow/.local/lib/python3.12/site-packages/airflow/example_dags/example_workday_timetable.py
[2025-09-16T23:59:36.685+0000] {processor.py:914} INFO - Processing file /home/airflow/.local/lib/python3.12/site-packages/airflow/example_dags/example_workday_timetable.py for tasks to queue
[2025-09-16T23:59:36.687+0000] {logging_mixin.py:190} INFO - [2025-09-16T23:59:36.687+0000] {dagbag.py:588} INFO - Filling up the DagBag from /home/airflow/.local/lib/python3.12/site-packages/airflow/example_dags/example_workday_timetable.py
[2025-09-16T23:59:36.690+0000] {processor.py:925} INFO - DAG(s) 'example_workday_timetable' retrieved from /home/airflow/.local/lib/python3.12/site-packages/airflow/example_dags/example_workday_timetable.py
[2025-09-16T23:59:36.701+0000] {logging_mixin.py:190} INFO - [2025-09-16T23:59:36.701+0000] {dag.py:3239} INFO - Sync 1 DAGs
[2025-09-16T23:59:36.736+0000] {logging_mixin.py:190} INFO - [2025-09-16T23:59:36.736+0000] {dag.py:4180} INFO - Setting next_dagrun for example_workday_timetable to 2021-01-04 00:00:00+00:00, run_after=2021-01-05 00:00:00+00:00
[2025-09-16T23:59:36.748+0000] {processor.py:208} INFO - Processing /home/airflow/.local/lib/python3.12/site-packages/airflow/example_dags/example_workday_timetable.py took 0.068 seconds
