[2025-09-16T23:41:20.540+0000] {processor.py:186} INFO - Started process (PID=103) to work on /home/airflow/.local/lib/python3.12/site-packages/airflow/example_dags/example_complex.py
[2025-09-16T23:41:20.541+0000] {processor.py:914} INFO - Processing file /home/airflow/.local/lib/python3.12/site-packages/airflow/example_dags/example_complex.py for tasks to queue
[2025-09-16T23:41:20.543+0000] {logging_mixin.py:190} INFO - [2025-09-16T23:41:20.543+0000] {dagbag.py:588} INFO - Filling up the DagBag from /home/airflow/.local/lib/python3.12/site-packages/airflow/example_dags/example_complex.py
[2025-09-16T23:41:20.551+0000] {processor.py:925} INFO - DAG(s) 'example_complex' retrieved from /home/airflow/.local/lib/python3.12/site-packages/airflow/example_dags/example_complex.py
[2025-09-16T23:41:20.619+0000] {logging_mixin.py:190} INFO - [2025-09-16T23:41:20.619+0000] {override.py:1911} INFO - Created Permission View: can edit on DAG:example_complex
[2025-09-16T23:41:20.625+0000] {logging_mixin.py:190} INFO - [2025-09-16T23:41:20.625+0000] {override.py:1911} INFO - Created Permission View: can delete on DAG:example_complex
[2025-09-16T23:41:20.630+0000] {logging_mixin.py:190} INFO - [2025-09-16T23:41:20.630+0000] {override.py:1911} INFO - Created Permission View: can read on DAG:example_complex
[2025-09-16T23:41:20.633+0000] {logging_mixin.py:190} INFO - [2025-09-16T23:41:20.633+0000] {override.py:1911} INFO - Created Permission View: menu access on DAG Run:example_complex
[2025-09-16T23:41:20.637+0000] {logging_mixin.py:190} INFO - [2025-09-16T23:41:20.637+0000] {override.py:1911} INFO - Created Permission View: can create on DAG Run:example_complex
[2025-09-16T23:41:20.642+0000] {logging_mixin.py:190} INFO - [2025-09-16T23:41:20.642+0000] {override.py:1911} INFO - Created Permission View: can delete on DAG Run:example_complex
[2025-09-16T23:41:20.647+0000] {logging_mixin.py:190} INFO - [2025-09-16T23:41:20.646+0000] {override.py:1911} INFO - Created Permission View: can read on DAG Run:example_complex
[2025-09-16T23:41:20.647+0000] {logging_mixin.py:190} INFO - [2025-09-16T23:41:20.647+0000] {dag.py:3239} INFO - Sync 1 DAGs
[2025-09-16T23:41:20.655+0000] {logging_mixin.py:190} INFO - [2025-09-16T23:41:20.654+0000] {dag.py:3262} INFO - Creating ORM DAG for example_complex
[2025-09-16T23:41:20.656+0000] {logging_mixin.py:190} INFO - [2025-09-16T23:41:20.656+0000] {dag.py:4180} INFO - Setting next_dagrun for example_complex to None, run_after=None
[2025-09-16T23:41:20.666+0000] {processor.py:208} INFO - Processing /home/airflow/.local/lib/python3.12/site-packages/airflow/example_dags/example_complex.py took 0.129 seconds
[2025-09-16T23:41:51.292+0000] {processor.py:186} INFO - Started process (PID=166) to work on /home/airflow/.local/lib/python3.12/site-packages/airflow/example_dags/example_complex.py
[2025-09-16T23:41:51.294+0000] {processor.py:914} INFO - Processing file /home/airflow/.local/lib/python3.12/site-packages/airflow/example_dags/example_complex.py for tasks to queue
[2025-09-16T23:41:51.299+0000] {logging_mixin.py:190} INFO - [2025-09-16T23:41:51.298+0000] {dagbag.py:588} INFO - Filling up the DagBag from /home/airflow/.local/lib/python3.12/site-packages/airflow/example_dags/example_complex.py
[2025-09-16T23:41:51.309+0000] {processor.py:925} INFO - DAG(s) 'example_complex' retrieved from /home/airflow/.local/lib/python3.12/site-packages/airflow/example_dags/example_complex.py
[2025-09-16T23:41:51.330+0000] {logging_mixin.py:190} INFO - [2025-09-16T23:41:51.330+0000] {dag.py:3239} INFO - Sync 1 DAGs
[2025-09-16T23:41:51.339+0000] {logging_mixin.py:190} INFO - [2025-09-16T23:41:51.338+0000] {dag.py:4180} INFO - Setting next_dagrun for example_complex to None, run_after=None
[2025-09-16T23:41:51.347+0000] {processor.py:208} INFO - Processing /home/airflow/.local/lib/python3.12/site-packages/airflow/example_dags/example_complex.py took 0.062 seconds
[2025-09-16T23:42:22.295+0000] {processor.py:186} INFO - Started process (PID=229) to work on /home/airflow/.local/lib/python3.12/site-packages/airflow/example_dags/example_complex.py
[2025-09-16T23:42:22.300+0000] {processor.py:914} INFO - Processing file /home/airflow/.local/lib/python3.12/site-packages/airflow/example_dags/example_complex.py for tasks to queue
[2025-09-16T23:42:22.302+0000] {logging_mixin.py:190} INFO - [2025-09-16T23:42:22.302+0000] {dagbag.py:588} INFO - Filling up the DagBag from /home/airflow/.local/lib/python3.12/site-packages/airflow/example_dags/example_complex.py
[2025-09-16T23:42:22.310+0000] {processor.py:925} INFO - DAG(s) 'example_complex' retrieved from /home/airflow/.local/lib/python3.12/site-packages/airflow/example_dags/example_complex.py
[2025-09-16T23:42:22.330+0000] {logging_mixin.py:190} INFO - [2025-09-16T23:42:22.330+0000] {dag.py:3239} INFO - Sync 1 DAGs
[2025-09-16T23:42:22.341+0000] {logging_mixin.py:190} INFO - [2025-09-16T23:42:22.341+0000] {dag.py:4180} INFO - Setting next_dagrun for example_complex to None, run_after=None
[2025-09-16T23:42:22.351+0000] {processor.py:208} INFO - Processing /home/airflow/.local/lib/python3.12/site-packages/airflow/example_dags/example_complex.py took 0.060 seconds
[2025-09-16T23:42:52.821+0000] {processor.py:186} INFO - Started process (PID=291) to work on /home/airflow/.local/lib/python3.12/site-packages/airflow/example_dags/example_complex.py
[2025-09-16T23:42:52.823+0000] {processor.py:914} INFO - Processing file /home/airflow/.local/lib/python3.12/site-packages/airflow/example_dags/example_complex.py for tasks to queue
[2025-09-16T23:42:52.824+0000] {logging_mixin.py:190} INFO - [2025-09-16T23:42:52.824+0000] {dagbag.py:588} INFO - Filling up the DagBag from /home/airflow/.local/lib/python3.12/site-packages/airflow/example_dags/example_complex.py
[2025-09-16T23:42:52.834+0000] {processor.py:925} INFO - DAG(s) 'example_complex' retrieved from /home/airflow/.local/lib/python3.12/site-packages/airflow/example_dags/example_complex.py
[2025-09-16T23:42:52.854+0000] {logging_mixin.py:190} INFO - [2025-09-16T23:42:52.854+0000] {dag.py:3239} INFO - Sync 1 DAGs
[2025-09-16T23:42:52.863+0000] {logging_mixin.py:190} INFO - [2025-09-16T23:42:52.863+0000] {dag.py:4180} INFO - Setting next_dagrun for example_complex to None, run_after=None
[2025-09-16T23:42:52.876+0000] {processor.py:208} INFO - Processing /home/airflow/.local/lib/python3.12/site-packages/airflow/example_dags/example_complex.py took 0.058 seconds
[2025-09-16T23:43:23.521+0000] {processor.py:186} INFO - Started process (PID=353) to work on /home/airflow/.local/lib/python3.12/site-packages/airflow/example_dags/example_complex.py
[2025-09-16T23:43:23.522+0000] {processor.py:914} INFO - Processing file /home/airflow/.local/lib/python3.12/site-packages/airflow/example_dags/example_complex.py for tasks to queue
[2025-09-16T23:43:23.524+0000] {logging_mixin.py:190} INFO - [2025-09-16T23:43:23.524+0000] {dagbag.py:588} INFO - Filling up the DagBag from /home/airflow/.local/lib/python3.12/site-packages/airflow/example_dags/example_complex.py
[2025-09-16T23:43:23.534+0000] {processor.py:925} INFO - DAG(s) 'example_complex' retrieved from /home/airflow/.local/lib/python3.12/site-packages/airflow/example_dags/example_complex.py
[2025-09-16T23:43:23.568+0000] {logging_mixin.py:190} INFO - [2025-09-16T23:43:23.567+0000] {dag.py:3239} INFO - Sync 1 DAGs
[2025-09-16T23:43:23.582+0000] {logging_mixin.py:190} INFO - [2025-09-16T23:43:23.582+0000] {dag.py:4180} INFO - Setting next_dagrun for example_complex to None, run_after=None
[2025-09-16T23:43:23.606+0000] {processor.py:208} INFO - Processing /home/airflow/.local/lib/python3.12/site-packages/airflow/example_dags/example_complex.py took 0.094 seconds
[2025-09-16T23:43:54.290+0000] {processor.py:186} INFO - Started process (PID=417) to work on /home/airflow/.local/lib/python3.12/site-packages/airflow/example_dags/example_complex.py
[2025-09-16T23:43:54.292+0000] {processor.py:914} INFO - Processing file /home/airflow/.local/lib/python3.12/site-packages/airflow/example_dags/example_complex.py for tasks to queue
[2025-09-16T23:43:54.294+0000] {logging_mixin.py:190} INFO - [2025-09-16T23:43:54.294+0000] {dagbag.py:588} INFO - Filling up the DagBag from /home/airflow/.local/lib/python3.12/site-packages/airflow/example_dags/example_complex.py
[2025-09-16T23:43:54.306+0000] {processor.py:925} INFO - DAG(s) 'example_complex' retrieved from /home/airflow/.local/lib/python3.12/site-packages/airflow/example_dags/example_complex.py
[2025-09-16T23:43:54.327+0000] {logging_mixin.py:190} INFO - [2025-09-16T23:43:54.327+0000] {dag.py:3239} INFO - Sync 1 DAGs
[2025-09-16T23:43:54.337+0000] {logging_mixin.py:190} INFO - [2025-09-16T23:43:54.337+0000] {dag.py:4180} INFO - Setting next_dagrun for example_complex to None, run_after=None
[2025-09-16T23:43:54.348+0000] {processor.py:208} INFO - Processing /home/airflow/.local/lib/python3.12/site-packages/airflow/example_dags/example_complex.py took 0.062 seconds
[2025-09-16T23:44:24.815+0000] {processor.py:186} INFO - Started process (PID=479) to work on /home/airflow/.local/lib/python3.12/site-packages/airflow/example_dags/example_complex.py
[2025-09-16T23:44:24.816+0000] {processor.py:914} INFO - Processing file /home/airflow/.local/lib/python3.12/site-packages/airflow/example_dags/example_complex.py for tasks to queue
[2025-09-16T23:44:24.818+0000] {logging_mixin.py:190} INFO - [2025-09-16T23:44:24.818+0000] {dagbag.py:588} INFO - Filling up the DagBag from /home/airflow/.local/lib/python3.12/site-packages/airflow/example_dags/example_complex.py
[2025-09-16T23:44:24.825+0000] {processor.py:925} INFO - DAG(s) 'example_complex' retrieved from /home/airflow/.local/lib/python3.12/site-packages/airflow/example_dags/example_complex.py
[2025-09-16T23:44:24.843+0000] {logging_mixin.py:190} INFO - [2025-09-16T23:44:24.843+0000] {dag.py:3239} INFO - Sync 1 DAGs
[2025-09-16T23:44:24.853+0000] {logging_mixin.py:190} INFO - [2025-09-16T23:44:24.853+0000] {dag.py:4180} INFO - Setting next_dagrun for example_complex to None, run_after=None
[2025-09-16T23:44:24.865+0000] {processor.py:208} INFO - Processing /home/airflow/.local/lib/python3.12/site-packages/airflow/example_dags/example_complex.py took 0.054 seconds
[2025-09-16T23:44:55.253+0000] {processor.py:186} INFO - Started process (PID=542) to work on /home/airflow/.local/lib/python3.12/site-packages/airflow/example_dags/example_complex.py
[2025-09-16T23:44:55.254+0000] {processor.py:914} INFO - Processing file /home/airflow/.local/lib/python3.12/site-packages/airflow/example_dags/example_complex.py for tasks to queue
[2025-09-16T23:44:55.256+0000] {logging_mixin.py:190} INFO - [2025-09-16T23:44:55.256+0000] {dagbag.py:588} INFO - Filling up the DagBag from /home/airflow/.local/lib/python3.12/site-packages/airflow/example_dags/example_complex.py
[2025-09-16T23:44:55.267+0000] {processor.py:925} INFO - DAG(s) 'example_complex' retrieved from /home/airflow/.local/lib/python3.12/site-packages/airflow/example_dags/example_complex.py
[2025-09-16T23:44:55.300+0000] {logging_mixin.py:190} INFO - [2025-09-16T23:44:55.300+0000] {dag.py:3239} INFO - Sync 1 DAGs
[2025-09-16T23:44:55.315+0000] {logging_mixin.py:190} INFO - [2025-09-16T23:44:55.314+0000] {dag.py:4180} INFO - Setting next_dagrun for example_complex to None, run_after=None
[2025-09-16T23:44:55.334+0000] {processor.py:208} INFO - Processing /home/airflow/.local/lib/python3.12/site-packages/airflow/example_dags/example_complex.py took 0.086 seconds
[2025-09-16T23:45:25.874+0000] {processor.py:186} INFO - Started process (PID=605) to work on /home/airflow/.local/lib/python3.12/site-packages/airflow/example_dags/example_complex.py
[2025-09-16T23:45:25.877+0000] {processor.py:914} INFO - Processing file /home/airflow/.local/lib/python3.12/site-packages/airflow/example_dags/example_complex.py for tasks to queue
[2025-09-16T23:45:25.880+0000] {logging_mixin.py:190} INFO - [2025-09-16T23:45:25.879+0000] {dagbag.py:588} INFO - Filling up the DagBag from /home/airflow/.local/lib/python3.12/site-packages/airflow/example_dags/example_complex.py
[2025-09-16T23:45:25.893+0000] {processor.py:925} INFO - DAG(s) 'example_complex' retrieved from /home/airflow/.local/lib/python3.12/site-packages/airflow/example_dags/example_complex.py
[2025-09-16T23:45:25.916+0000] {logging_mixin.py:190} INFO - [2025-09-16T23:45:25.916+0000] {dag.py:3239} INFO - Sync 1 DAGs
[2025-09-16T23:45:25.924+0000] {logging_mixin.py:190} INFO - [2025-09-16T23:45:25.924+0000] {dag.py:4180} INFO - Setting next_dagrun for example_complex to None, run_after=None
[2025-09-16T23:45:25.936+0000] {processor.py:208} INFO - Processing /home/airflow/.local/lib/python3.12/site-packages/airflow/example_dags/example_complex.py took 0.071 seconds
[2025-09-16T23:45:56.731+0000] {processor.py:186} INFO - Started process (PID=668) to work on /home/airflow/.local/lib/python3.12/site-packages/airflow/example_dags/example_complex.py
[2025-09-16T23:45:56.733+0000] {processor.py:914} INFO - Processing file /home/airflow/.local/lib/python3.12/site-packages/airflow/example_dags/example_complex.py for tasks to queue
[2025-09-16T23:45:56.736+0000] {logging_mixin.py:190} INFO - [2025-09-16T23:45:56.735+0000] {dagbag.py:588} INFO - Filling up the DagBag from /home/airflow/.local/lib/python3.12/site-packages/airflow/example_dags/example_complex.py
[2025-09-16T23:45:56.747+0000] {processor.py:925} INFO - DAG(s) 'example_complex' retrieved from /home/airflow/.local/lib/python3.12/site-packages/airflow/example_dags/example_complex.py
[2025-09-16T23:45:56.775+0000] {logging_mixin.py:190} INFO - [2025-09-16T23:45:56.775+0000] {dag.py:3239} INFO - Sync 1 DAGs
[2025-09-16T23:45:56.784+0000] {logging_mixin.py:190} INFO - [2025-09-16T23:45:56.784+0000] {dag.py:4180} INFO - Setting next_dagrun for example_complex to None, run_after=None
[2025-09-16T23:45:56.797+0000] {processor.py:208} INFO - Processing /home/airflow/.local/lib/python3.12/site-packages/airflow/example_dags/example_complex.py took 0.074 seconds
[2025-09-16T23:46:27.324+0000] {processor.py:186} INFO - Started process (PID=731) to work on /home/airflow/.local/lib/python3.12/site-packages/airflow/example_dags/example_complex.py
[2025-09-16T23:46:27.325+0000] {processor.py:914} INFO - Processing file /home/airflow/.local/lib/python3.12/site-packages/airflow/example_dags/example_complex.py for tasks to queue
[2025-09-16T23:46:27.327+0000] {logging_mixin.py:190} INFO - [2025-09-16T23:46:27.326+0000] {dagbag.py:588} INFO - Filling up the DagBag from /home/airflow/.local/lib/python3.12/site-packages/airflow/example_dags/example_complex.py
[2025-09-16T23:46:27.335+0000] {processor.py:925} INFO - DAG(s) 'example_complex' retrieved from /home/airflow/.local/lib/python3.12/site-packages/airflow/example_dags/example_complex.py
[2025-09-16T23:46:27.355+0000] {logging_mixin.py:190} INFO - [2025-09-16T23:46:27.355+0000] {dag.py:3239} INFO - Sync 1 DAGs
[2025-09-16T23:46:27.363+0000] {logging_mixin.py:190} INFO - [2025-09-16T23:46:27.362+0000] {dag.py:4180} INFO - Setting next_dagrun for example_complex to None, run_after=None
[2025-09-16T23:46:27.372+0000] {processor.py:208} INFO - Processing /home/airflow/.local/lib/python3.12/site-packages/airflow/example_dags/example_complex.py took 0.055 seconds
[2025-09-16T23:46:57.969+0000] {processor.py:186} INFO - Started process (PID=794) to work on /home/airflow/.local/lib/python3.12/site-packages/airflow/example_dags/example_complex.py
[2025-09-16T23:46:57.971+0000] {processor.py:914} INFO - Processing file /home/airflow/.local/lib/python3.12/site-packages/airflow/example_dags/example_complex.py for tasks to queue
[2025-09-16T23:46:57.974+0000] {logging_mixin.py:190} INFO - [2025-09-16T23:46:57.974+0000] {dagbag.py:588} INFO - Filling up the DagBag from /home/airflow/.local/lib/python3.12/site-packages/airflow/example_dags/example_complex.py
[2025-09-16T23:46:57.990+0000] {processor.py:925} INFO - DAG(s) 'example_complex' retrieved from /home/airflow/.local/lib/python3.12/site-packages/airflow/example_dags/example_complex.py
[2025-09-16T23:46:58.013+0000] {logging_mixin.py:190} INFO - [2025-09-16T23:46:58.013+0000] {dag.py:3239} INFO - Sync 1 DAGs
[2025-09-16T23:46:58.023+0000] {logging_mixin.py:190} INFO - [2025-09-16T23:46:58.023+0000] {dag.py:4180} INFO - Setting next_dagrun for example_complex to None, run_after=None
[2025-09-16T23:46:58.033+0000] {processor.py:208} INFO - Processing /home/airflow/.local/lib/python3.12/site-packages/airflow/example_dags/example_complex.py took 0.073 seconds
[2025-09-16T23:47:28.584+0000] {processor.py:186} INFO - Started process (PID=857) to work on /home/airflow/.local/lib/python3.12/site-packages/airflow/example_dags/example_complex.py
[2025-09-16T23:47:28.586+0000] {processor.py:914} INFO - Processing file /home/airflow/.local/lib/python3.12/site-packages/airflow/example_dags/example_complex.py for tasks to queue
[2025-09-16T23:47:28.588+0000] {logging_mixin.py:190} INFO - [2025-09-16T23:47:28.587+0000] {dagbag.py:588} INFO - Filling up the DagBag from /home/airflow/.local/lib/python3.12/site-packages/airflow/example_dags/example_complex.py
[2025-09-16T23:47:28.597+0000] {processor.py:925} INFO - DAG(s) 'example_complex' retrieved from /home/airflow/.local/lib/python3.12/site-packages/airflow/example_dags/example_complex.py
[2025-09-16T23:47:28.618+0000] {logging_mixin.py:190} INFO - [2025-09-16T23:47:28.618+0000] {dag.py:3239} INFO - Sync 1 DAGs
[2025-09-16T23:47:28.626+0000] {logging_mixin.py:190} INFO - [2025-09-16T23:47:28.626+0000] {dag.py:4180} INFO - Setting next_dagrun for example_complex to None, run_after=None
[2025-09-16T23:47:28.635+0000] {processor.py:208} INFO - Processing /home/airflow/.local/lib/python3.12/site-packages/airflow/example_dags/example_complex.py took 0.058 seconds
[2025-09-16T23:47:59.433+0000] {processor.py:186} INFO - Started process (PID=920) to work on /home/airflow/.local/lib/python3.12/site-packages/airflow/example_dags/example_complex.py
[2025-09-16T23:47:59.434+0000] {processor.py:914} INFO - Processing file /home/airflow/.local/lib/python3.12/site-packages/airflow/example_dags/example_complex.py for tasks to queue
[2025-09-16T23:47:59.437+0000] {logging_mixin.py:190} INFO - [2025-09-16T23:47:59.436+0000] {dagbag.py:588} INFO - Filling up the DagBag from /home/airflow/.local/lib/python3.12/site-packages/airflow/example_dags/example_complex.py
[2025-09-16T23:47:59.448+0000] {processor.py:925} INFO - DAG(s) 'example_complex' retrieved from /home/airflow/.local/lib/python3.12/site-packages/airflow/example_dags/example_complex.py
[2025-09-16T23:47:59.469+0000] {logging_mixin.py:190} INFO - [2025-09-16T23:47:59.469+0000] {dag.py:3239} INFO - Sync 1 DAGs
[2025-09-16T23:47:59.477+0000] {logging_mixin.py:190} INFO - [2025-09-16T23:47:59.477+0000] {dag.py:4180} INFO - Setting next_dagrun for example_complex to None, run_after=None
[2025-09-16T23:47:59.487+0000] {processor.py:208} INFO - Processing /home/airflow/.local/lib/python3.12/site-packages/airflow/example_dags/example_complex.py took 0.062 seconds
[2025-09-16T23:48:30.294+0000] {processor.py:186} INFO - Started process (PID=983) to work on /home/airflow/.local/lib/python3.12/site-packages/airflow/example_dags/example_complex.py
[2025-09-16T23:48:30.295+0000] {processor.py:914} INFO - Processing file /home/airflow/.local/lib/python3.12/site-packages/airflow/example_dags/example_complex.py for tasks to queue
[2025-09-16T23:48:30.300+0000] {logging_mixin.py:190} INFO - [2025-09-16T23:48:30.300+0000] {dagbag.py:588} INFO - Filling up the DagBag from /home/airflow/.local/lib/python3.12/site-packages/airflow/example_dags/example_complex.py
[2025-09-16T23:48:30.320+0000] {processor.py:925} INFO - DAG(s) 'example_complex' retrieved from /home/airflow/.local/lib/python3.12/site-packages/airflow/example_dags/example_complex.py
[2025-09-16T23:48:30.346+0000] {logging_mixin.py:190} INFO - [2025-09-16T23:48:30.346+0000] {dag.py:3239} INFO - Sync 1 DAGs
[2025-09-16T23:48:30.359+0000] {logging_mixin.py:190} INFO - [2025-09-16T23:48:30.359+0000] {dag.py:4180} INFO - Setting next_dagrun for example_complex to None, run_after=None
[2025-09-16T23:48:30.370+0000] {processor.py:208} INFO - Processing /home/airflow/.local/lib/python3.12/site-packages/airflow/example_dags/example_complex.py took 0.102 seconds
[2025-09-16T23:49:01.001+0000] {processor.py:186} INFO - Started process (PID=1046) to work on /home/airflow/.local/lib/python3.12/site-packages/airflow/example_dags/example_complex.py
[2025-09-16T23:49:01.003+0000] {processor.py:914} INFO - Processing file /home/airflow/.local/lib/python3.12/site-packages/airflow/example_dags/example_complex.py for tasks to queue
[2025-09-16T23:49:01.005+0000] {logging_mixin.py:190} INFO - [2025-09-16T23:49:01.005+0000] {dagbag.py:588} INFO - Filling up the DagBag from /home/airflow/.local/lib/python3.12/site-packages/airflow/example_dags/example_complex.py
[2025-09-16T23:49:01.016+0000] {processor.py:925} INFO - DAG(s) 'example_complex' retrieved from /home/airflow/.local/lib/python3.12/site-packages/airflow/example_dags/example_complex.py
[2025-09-16T23:49:01.091+0000] {logging_mixin.py:190} INFO - [2025-09-16T23:49:01.090+0000] {dag.py:3239} INFO - Sync 1 DAGs
[2025-09-16T23:49:01.123+0000] {logging_mixin.py:190} INFO - [2025-09-16T23:49:01.123+0000] {dag.py:4180} INFO - Setting next_dagrun for example_complex to None, run_after=None
[2025-09-16T23:49:01.149+0000] {processor.py:208} INFO - Processing /home/airflow/.local/lib/python3.12/site-packages/airflow/example_dags/example_complex.py took 0.156 seconds
[2025-09-16T23:49:31.770+0000] {processor.py:186} INFO - Started process (PID=1109) to work on /home/airflow/.local/lib/python3.12/site-packages/airflow/example_dags/example_complex.py
[2025-09-16T23:49:31.771+0000] {processor.py:914} INFO - Processing file /home/airflow/.local/lib/python3.12/site-packages/airflow/example_dags/example_complex.py for tasks to queue
[2025-09-16T23:49:31.773+0000] {logging_mixin.py:190} INFO - [2025-09-16T23:49:31.773+0000] {dagbag.py:588} INFO - Filling up the DagBag from /home/airflow/.local/lib/python3.12/site-packages/airflow/example_dags/example_complex.py
[2025-09-16T23:49:31.783+0000] {processor.py:925} INFO - DAG(s) 'example_complex' retrieved from /home/airflow/.local/lib/python3.12/site-packages/airflow/example_dags/example_complex.py
[2025-09-16T23:49:31.805+0000] {logging_mixin.py:190} INFO - [2025-09-16T23:49:31.805+0000] {dag.py:3239} INFO - Sync 1 DAGs
[2025-09-16T23:49:31.814+0000] {logging_mixin.py:190} INFO - [2025-09-16T23:49:31.814+0000] {dag.py:4180} INFO - Setting next_dagrun for example_complex to None, run_after=None
[2025-09-16T23:49:31.823+0000] {processor.py:208} INFO - Processing /home/airflow/.local/lib/python3.12/site-packages/airflow/example_dags/example_complex.py took 0.060 seconds
[2025-09-16T23:50:02.398+0000] {processor.py:186} INFO - Started process (PID=1172) to work on /home/airflow/.local/lib/python3.12/site-packages/airflow/example_dags/example_complex.py
[2025-09-16T23:50:02.399+0000] {processor.py:914} INFO - Processing file /home/airflow/.local/lib/python3.12/site-packages/airflow/example_dags/example_complex.py for tasks to queue
[2025-09-16T23:50:02.402+0000] {logging_mixin.py:190} INFO - [2025-09-16T23:50:02.401+0000] {dagbag.py:588} INFO - Filling up the DagBag from /home/airflow/.local/lib/python3.12/site-packages/airflow/example_dags/example_complex.py
[2025-09-16T23:50:02.412+0000] {processor.py:925} INFO - DAG(s) 'example_complex' retrieved from /home/airflow/.local/lib/python3.12/site-packages/airflow/example_dags/example_complex.py
[2025-09-16T23:50:02.439+0000] {logging_mixin.py:190} INFO - [2025-09-16T23:50:02.438+0000] {dag.py:3239} INFO - Sync 1 DAGs
[2025-09-16T23:50:02.448+0000] {logging_mixin.py:190} INFO - [2025-09-16T23:50:02.448+0000] {dag.py:4180} INFO - Setting next_dagrun for example_complex to None, run_after=None
[2025-09-16T23:50:02.459+0000] {processor.py:208} INFO - Processing /home/airflow/.local/lib/python3.12/site-packages/airflow/example_dags/example_complex.py took 0.069 seconds
[2025-09-16T23:50:32.574+0000] {processor.py:186} INFO - Started process (PID=1235) to work on /home/airflow/.local/lib/python3.12/site-packages/airflow/example_dags/example_complex.py
[2025-09-16T23:50:32.576+0000] {processor.py:914} INFO - Processing file /home/airflow/.local/lib/python3.12/site-packages/airflow/example_dags/example_complex.py for tasks to queue
[2025-09-16T23:50:32.577+0000] {logging_mixin.py:190} INFO - [2025-09-16T23:50:32.577+0000] {dagbag.py:588} INFO - Filling up the DagBag from /home/airflow/.local/lib/python3.12/site-packages/airflow/example_dags/example_complex.py
[2025-09-16T23:50:32.584+0000] {processor.py:925} INFO - DAG(s) 'example_complex' retrieved from /home/airflow/.local/lib/python3.12/site-packages/airflow/example_dags/example_complex.py
[2025-09-16T23:50:32.600+0000] {logging_mixin.py:190} INFO - [2025-09-16T23:50:32.600+0000] {dag.py:3239} INFO - Sync 1 DAGs
[2025-09-16T23:50:32.608+0000] {logging_mixin.py:190} INFO - [2025-09-16T23:50:32.608+0000] {dag.py:4180} INFO - Setting next_dagrun for example_complex to None, run_after=None
[2025-09-16T23:50:32.619+0000] {processor.py:208} INFO - Processing /home/airflow/.local/lib/python3.12/site-packages/airflow/example_dags/example_complex.py took 0.048 seconds
[2025-09-16T23:51:03.786+0000] {processor.py:186} INFO - Started process (PID=1298) to work on /home/airflow/.local/lib/python3.12/site-packages/airflow/example_dags/example_complex.py
[2025-09-16T23:51:03.788+0000] {processor.py:914} INFO - Processing file /home/airflow/.local/lib/python3.12/site-packages/airflow/example_dags/example_complex.py for tasks to queue
[2025-09-16T23:51:03.789+0000] {logging_mixin.py:190} INFO - [2025-09-16T23:51:03.789+0000] {dagbag.py:588} INFO - Filling up the DagBag from /home/airflow/.local/lib/python3.12/site-packages/airflow/example_dags/example_complex.py
[2025-09-16T23:51:03.795+0000] {processor.py:925} INFO - DAG(s) 'example_complex' retrieved from /home/airflow/.local/lib/python3.12/site-packages/airflow/example_dags/example_complex.py
[2025-09-16T23:51:03.812+0000] {logging_mixin.py:190} INFO - [2025-09-16T23:51:03.812+0000] {dag.py:3239} INFO - Sync 1 DAGs
[2025-09-16T23:51:03.819+0000] {logging_mixin.py:190} INFO - [2025-09-16T23:51:03.819+0000] {dag.py:4180} INFO - Setting next_dagrun for example_complex to None, run_after=None
[2025-09-16T23:51:03.828+0000] {processor.py:208} INFO - Processing /home/airflow/.local/lib/python3.12/site-packages/airflow/example_dags/example_complex.py took 0.046 seconds
[2025-09-16T23:51:35.203+0000] {processor.py:186} INFO - Started process (PID=1361) to work on /home/airflow/.local/lib/python3.12/site-packages/airflow/example_dags/example_complex.py
[2025-09-16T23:51:35.203+0000] {processor.py:914} INFO - Processing file /home/airflow/.local/lib/python3.12/site-packages/airflow/example_dags/example_complex.py for tasks to queue
[2025-09-16T23:51:35.204+0000] {logging_mixin.py:190} INFO - [2025-09-16T23:51:35.204+0000] {dagbag.py:588} INFO - Filling up the DagBag from /home/airflow/.local/lib/python3.12/site-packages/airflow/example_dags/example_complex.py
[2025-09-16T23:51:35.211+0000] {processor.py:925} INFO - DAG(s) 'example_complex' retrieved from /home/airflow/.local/lib/python3.12/site-packages/airflow/example_dags/example_complex.py
[2025-09-16T23:51:35.226+0000] {logging_mixin.py:190} INFO - [2025-09-16T23:51:35.226+0000] {dag.py:3239} INFO - Sync 1 DAGs
[2025-09-16T23:51:35.234+0000] {logging_mixin.py:190} INFO - [2025-09-16T23:51:35.234+0000] {dag.py:4180} INFO - Setting next_dagrun for example_complex to None, run_after=None
[2025-09-16T23:51:35.243+0000] {processor.py:208} INFO - Processing /home/airflow/.local/lib/python3.12/site-packages/airflow/example_dags/example_complex.py took 0.044 seconds
[2025-09-16T23:52:06.650+0000] {processor.py:186} INFO - Started process (PID=1424) to work on /home/airflow/.local/lib/python3.12/site-packages/airflow/example_dags/example_complex.py
[2025-09-16T23:52:06.651+0000] {processor.py:914} INFO - Processing file /home/airflow/.local/lib/python3.12/site-packages/airflow/example_dags/example_complex.py for tasks to queue
[2025-09-16T23:52:06.652+0000] {logging_mixin.py:190} INFO - [2025-09-16T23:52:06.652+0000] {dagbag.py:588} INFO - Filling up the DagBag from /home/airflow/.local/lib/python3.12/site-packages/airflow/example_dags/example_complex.py
[2025-09-16T23:52:06.658+0000] {processor.py:925} INFO - DAG(s) 'example_complex' retrieved from /home/airflow/.local/lib/python3.12/site-packages/airflow/example_dags/example_complex.py
[2025-09-16T23:52:06.673+0000] {logging_mixin.py:190} INFO - [2025-09-16T23:52:06.673+0000] {dag.py:3239} INFO - Sync 1 DAGs
[2025-09-16T23:52:06.682+0000] {logging_mixin.py:190} INFO - [2025-09-16T23:52:06.682+0000] {dag.py:4180} INFO - Setting next_dagrun for example_complex to None, run_after=None
[2025-09-16T23:52:06.691+0000] {processor.py:208} INFO - Processing /home/airflow/.local/lib/python3.12/site-packages/airflow/example_dags/example_complex.py took 0.044 seconds
[2025-09-16T23:52:38.182+0000] {processor.py:186} INFO - Started process (PID=1487) to work on /home/airflow/.local/lib/python3.12/site-packages/airflow/example_dags/example_complex.py
[2025-09-16T23:52:38.186+0000] {processor.py:914} INFO - Processing file /home/airflow/.local/lib/python3.12/site-packages/airflow/example_dags/example_complex.py for tasks to queue
[2025-09-16T23:52:38.187+0000] {logging_mixin.py:190} INFO - [2025-09-16T23:52:38.187+0000] {dagbag.py:588} INFO - Filling up the DagBag from /home/airflow/.local/lib/python3.12/site-packages/airflow/example_dags/example_complex.py
[2025-09-16T23:52:38.193+0000] {processor.py:925} INFO - DAG(s) 'example_complex' retrieved from /home/airflow/.local/lib/python3.12/site-packages/airflow/example_dags/example_complex.py
[2025-09-16T23:52:38.207+0000] {logging_mixin.py:190} INFO - [2025-09-16T23:52:38.207+0000] {dag.py:3239} INFO - Sync 1 DAGs
[2025-09-16T23:52:38.216+0000] {logging_mixin.py:190} INFO - [2025-09-16T23:52:38.216+0000] {dag.py:4180} INFO - Setting next_dagrun for example_complex to None, run_after=None
[2025-09-16T23:52:38.225+0000] {processor.py:208} INFO - Processing /home/airflow/.local/lib/python3.12/site-packages/airflow/example_dags/example_complex.py took 0.047 seconds
[2025-09-16T23:53:09.518+0000] {processor.py:186} INFO - Started process (PID=1550) to work on /home/airflow/.local/lib/python3.12/site-packages/airflow/example_dags/example_complex.py
[2025-09-16T23:53:09.520+0000] {processor.py:914} INFO - Processing file /home/airflow/.local/lib/python3.12/site-packages/airflow/example_dags/example_complex.py for tasks to queue
[2025-09-16T23:53:09.525+0000] {logging_mixin.py:190} INFO - [2025-09-16T23:53:09.524+0000] {dagbag.py:588} INFO - Filling up the DagBag from /home/airflow/.local/lib/python3.12/site-packages/airflow/example_dags/example_complex.py
[2025-09-16T23:53:09.531+0000] {processor.py:925} INFO - DAG(s) 'example_complex' retrieved from /home/airflow/.local/lib/python3.12/site-packages/airflow/example_dags/example_complex.py
[2025-09-16T23:53:09.552+0000] {logging_mixin.py:190} INFO - [2025-09-16T23:53:09.552+0000] {dag.py:3239} INFO - Sync 1 DAGs
[2025-09-16T23:53:09.560+0000] {logging_mixin.py:190} INFO - [2025-09-16T23:53:09.560+0000] {dag.py:4180} INFO - Setting next_dagrun for example_complex to None, run_after=None
[2025-09-16T23:53:09.569+0000] {processor.py:208} INFO - Processing /home/airflow/.local/lib/python3.12/site-packages/airflow/example_dags/example_complex.py took 0.054 seconds
[2025-09-16T23:53:40.844+0000] {processor.py:186} INFO - Started process (PID=1613) to work on /home/airflow/.local/lib/python3.12/site-packages/airflow/example_dags/example_complex.py
[2025-09-16T23:53:40.847+0000] {processor.py:914} INFO - Processing file /home/airflow/.local/lib/python3.12/site-packages/airflow/example_dags/example_complex.py for tasks to queue
[2025-09-16T23:53:40.848+0000] {logging_mixin.py:190} INFO - [2025-09-16T23:53:40.848+0000] {dagbag.py:588} INFO - Filling up the DagBag from /home/airflow/.local/lib/python3.12/site-packages/airflow/example_dags/example_complex.py
[2025-09-16T23:53:40.855+0000] {processor.py:925} INFO - DAG(s) 'example_complex' retrieved from /home/airflow/.local/lib/python3.12/site-packages/airflow/example_dags/example_complex.py
[2025-09-16T23:53:40.873+0000] {logging_mixin.py:190} INFO - [2025-09-16T23:53:40.873+0000] {dag.py:3239} INFO - Sync 1 DAGs
[2025-09-16T23:53:40.881+0000] {logging_mixin.py:190} INFO - [2025-09-16T23:53:40.881+0000] {dag.py:4180} INFO - Setting next_dagrun for example_complex to None, run_after=None
[2025-09-16T23:53:40.890+0000] {processor.py:208} INFO - Processing /home/airflow/.local/lib/python3.12/site-packages/airflow/example_dags/example_complex.py took 0.049 seconds
[2025-09-16T23:54:12.478+0000] {processor.py:186} INFO - Started process (PID=1676) to work on /home/airflow/.local/lib/python3.12/site-packages/airflow/example_dags/example_complex.py
[2025-09-16T23:54:12.479+0000] {processor.py:914} INFO - Processing file /home/airflow/.local/lib/python3.12/site-packages/airflow/example_dags/example_complex.py for tasks to queue
[2025-09-16T23:54:12.481+0000] {logging_mixin.py:190} INFO - [2025-09-16T23:54:12.481+0000] {dagbag.py:588} INFO - Filling up the DagBag from /home/airflow/.local/lib/python3.12/site-packages/airflow/example_dags/example_complex.py
[2025-09-16T23:54:12.489+0000] {processor.py:925} INFO - DAG(s) 'example_complex' retrieved from /home/airflow/.local/lib/python3.12/site-packages/airflow/example_dags/example_complex.py
[2025-09-16T23:54:12.510+0000] {logging_mixin.py:190} INFO - [2025-09-16T23:54:12.510+0000] {dag.py:3239} INFO - Sync 1 DAGs
[2025-09-16T23:54:12.519+0000] {logging_mixin.py:190} INFO - [2025-09-16T23:54:12.519+0000] {dag.py:4180} INFO - Setting next_dagrun for example_complex to None, run_after=None
[2025-09-16T23:54:12.535+0000] {processor.py:208} INFO - Processing /home/airflow/.local/lib/python3.12/site-packages/airflow/example_dags/example_complex.py took 0.061 seconds
[2025-09-16T23:54:44.585+0000] {processor.py:186} INFO - Started process (PID=1739) to work on /home/airflow/.local/lib/python3.12/site-packages/airflow/example_dags/example_complex.py
[2025-09-16T23:54:44.586+0000] {processor.py:914} INFO - Processing file /home/airflow/.local/lib/python3.12/site-packages/airflow/example_dags/example_complex.py for tasks to queue
[2025-09-16T23:54:44.587+0000] {logging_mixin.py:190} INFO - [2025-09-16T23:54:44.587+0000] {dagbag.py:588} INFO - Filling up the DagBag from /home/airflow/.local/lib/python3.12/site-packages/airflow/example_dags/example_complex.py
[2025-09-16T23:54:44.594+0000] {processor.py:925} INFO - DAG(s) 'example_complex' retrieved from /home/airflow/.local/lib/python3.12/site-packages/airflow/example_dags/example_complex.py
[2025-09-16T23:54:44.616+0000] {logging_mixin.py:190} INFO - [2025-09-16T23:54:44.615+0000] {dag.py:3239} INFO - Sync 1 DAGs
[2025-09-16T23:54:44.631+0000] {logging_mixin.py:190} INFO - [2025-09-16T23:54:44.631+0000] {dag.py:4180} INFO - Setting next_dagrun for example_complex to None, run_after=None
[2025-09-16T23:54:44.647+0000] {processor.py:208} INFO - Processing /home/airflow/.local/lib/python3.12/site-packages/airflow/example_dags/example_complex.py took 0.067 seconds
[2025-09-16T23:55:15.499+0000] {processor.py:186} INFO - Started process (PID=1802) to work on /home/airflow/.local/lib/python3.12/site-packages/airflow/example_dags/example_complex.py
[2025-09-16T23:55:15.502+0000] {processor.py:914} INFO - Processing file /home/airflow/.local/lib/python3.12/site-packages/airflow/example_dags/example_complex.py for tasks to queue
[2025-09-16T23:55:15.503+0000] {logging_mixin.py:190} INFO - [2025-09-16T23:55:15.503+0000] {dagbag.py:588} INFO - Filling up the DagBag from /home/airflow/.local/lib/python3.12/site-packages/airflow/example_dags/example_complex.py
[2025-09-16T23:55:15.510+0000] {processor.py:925} INFO - DAG(s) 'example_complex' retrieved from /home/airflow/.local/lib/python3.12/site-packages/airflow/example_dags/example_complex.py
[2025-09-16T23:55:15.525+0000] {logging_mixin.py:190} INFO - [2025-09-16T23:55:15.525+0000] {dag.py:3239} INFO - Sync 1 DAGs
[2025-09-16T23:55:15.531+0000] {logging_mixin.py:190} INFO - [2025-09-16T23:55:15.531+0000] {dag.py:4180} INFO - Setting next_dagrun for example_complex to None, run_after=None
[2025-09-16T23:55:15.539+0000] {processor.py:208} INFO - Processing /home/airflow/.local/lib/python3.12/site-packages/airflow/example_dags/example_complex.py took 0.044 seconds
[2025-09-16T23:55:46.680+0000] {processor.py:186} INFO - Started process (PID=1865) to work on /home/airflow/.local/lib/python3.12/site-packages/airflow/example_dags/example_complex.py
[2025-09-16T23:55:46.683+0000] {processor.py:914} INFO - Processing file /home/airflow/.local/lib/python3.12/site-packages/airflow/example_dags/example_complex.py for tasks to queue
[2025-09-16T23:55:46.684+0000] {logging_mixin.py:190} INFO - [2025-09-16T23:55:46.684+0000] {dagbag.py:588} INFO - Filling up the DagBag from /home/airflow/.local/lib/python3.12/site-packages/airflow/example_dags/example_complex.py
[2025-09-16T23:55:46.692+0000] {processor.py:925} INFO - DAG(s) 'example_complex' retrieved from /home/airflow/.local/lib/python3.12/site-packages/airflow/example_dags/example_complex.py
[2025-09-16T23:55:46.707+0000] {logging_mixin.py:190} INFO - [2025-09-16T23:55:46.707+0000] {dag.py:3239} INFO - Sync 1 DAGs
[2025-09-16T23:55:46.713+0000] {logging_mixin.py:190} INFO - [2025-09-16T23:55:46.713+0000] {dag.py:4180} INFO - Setting next_dagrun for example_complex to None, run_after=None
[2025-09-16T23:55:46.722+0000] {processor.py:208} INFO - Processing /home/airflow/.local/lib/python3.12/site-packages/airflow/example_dags/example_complex.py took 0.045 seconds
[2025-09-16T23:56:17.907+0000] {processor.py:186} INFO - Started process (PID=1928) to work on /home/airflow/.local/lib/python3.12/site-packages/airflow/example_dags/example_complex.py
[2025-09-16T23:56:17.908+0000] {processor.py:914} INFO - Processing file /home/airflow/.local/lib/python3.12/site-packages/airflow/example_dags/example_complex.py for tasks to queue
[2025-09-16T23:56:17.909+0000] {logging_mixin.py:190} INFO - [2025-09-16T23:56:17.909+0000] {dagbag.py:588} INFO - Filling up the DagBag from /home/airflow/.local/lib/python3.12/site-packages/airflow/example_dags/example_complex.py
[2025-09-16T23:56:17.915+0000] {processor.py:925} INFO - DAG(s) 'example_complex' retrieved from /home/airflow/.local/lib/python3.12/site-packages/airflow/example_dags/example_complex.py
[2025-09-16T23:56:17.932+0000] {logging_mixin.py:190} INFO - [2025-09-16T23:56:17.932+0000] {dag.py:3239} INFO - Sync 1 DAGs
[2025-09-16T23:56:17.939+0000] {logging_mixin.py:190} INFO - [2025-09-16T23:56:17.939+0000] {dag.py:4180} INFO - Setting next_dagrun for example_complex to None, run_after=None
[2025-09-16T23:56:17.951+0000] {processor.py:208} INFO - Processing /home/airflow/.local/lib/python3.12/site-packages/airflow/example_dags/example_complex.py took 0.047 seconds
[2025-09-16T23:56:49.024+0000] {processor.py:186} INFO - Started process (PID=1991) to work on /home/airflow/.local/lib/python3.12/site-packages/airflow/example_dags/example_complex.py
[2025-09-16T23:56:49.027+0000] {processor.py:914} INFO - Processing file /home/airflow/.local/lib/python3.12/site-packages/airflow/example_dags/example_complex.py for tasks to queue
[2025-09-16T23:56:49.029+0000] {logging_mixin.py:190} INFO - [2025-09-16T23:56:49.029+0000] {dagbag.py:588} INFO - Filling up the DagBag from /home/airflow/.local/lib/python3.12/site-packages/airflow/example_dags/example_complex.py
[2025-09-16T23:56:49.035+0000] {processor.py:925} INFO - DAG(s) 'example_complex' retrieved from /home/airflow/.local/lib/python3.12/site-packages/airflow/example_dags/example_complex.py
[2025-09-16T23:56:49.053+0000] {logging_mixin.py:190} INFO - [2025-09-16T23:56:49.052+0000] {dag.py:3239} INFO - Sync 1 DAGs
[2025-09-16T23:56:49.061+0000] {logging_mixin.py:190} INFO - [2025-09-16T23:56:49.061+0000] {dag.py:4180} INFO - Setting next_dagrun for example_complex to None, run_after=None
[2025-09-16T23:56:49.080+0000] {processor.py:208} INFO - Processing /home/airflow/.local/lib/python3.12/site-packages/airflow/example_dags/example_complex.py took 0.059 seconds
[2025-09-16T23:57:20.136+0000] {processor.py:186} INFO - Started process (PID=2054) to work on /home/airflow/.local/lib/python3.12/site-packages/airflow/example_dags/example_complex.py
[2025-09-16T23:57:20.137+0000] {processor.py:914} INFO - Processing file /home/airflow/.local/lib/python3.12/site-packages/airflow/example_dags/example_complex.py for tasks to queue
[2025-09-16T23:57:20.138+0000] {logging_mixin.py:190} INFO - [2025-09-16T23:57:20.138+0000] {dagbag.py:588} INFO - Filling up the DagBag from /home/airflow/.local/lib/python3.12/site-packages/airflow/example_dags/example_complex.py
[2025-09-16T23:57:20.145+0000] {processor.py:925} INFO - DAG(s) 'example_complex' retrieved from /home/airflow/.local/lib/python3.12/site-packages/airflow/example_dags/example_complex.py
[2025-09-16T23:57:20.160+0000] {logging_mixin.py:190} INFO - [2025-09-16T23:57:20.160+0000] {dag.py:3239} INFO - Sync 1 DAGs
[2025-09-16T23:57:20.167+0000] {logging_mixin.py:190} INFO - [2025-09-16T23:57:20.167+0000] {dag.py:4180} INFO - Setting next_dagrun for example_complex to None, run_after=None
[2025-09-16T23:57:20.180+0000] {processor.py:208} INFO - Processing /home/airflow/.local/lib/python3.12/site-packages/airflow/example_dags/example_complex.py took 0.047 seconds
[2025-09-16T23:57:51.272+0000] {processor.py:186} INFO - Started process (PID=2117) to work on /home/airflow/.local/lib/python3.12/site-packages/airflow/example_dags/example_complex.py
[2025-09-16T23:57:51.272+0000] {processor.py:914} INFO - Processing file /home/airflow/.local/lib/python3.12/site-packages/airflow/example_dags/example_complex.py for tasks to queue
[2025-09-16T23:57:51.274+0000] {logging_mixin.py:190} INFO - [2025-09-16T23:57:51.273+0000] {dagbag.py:588} INFO - Filling up the DagBag from /home/airflow/.local/lib/python3.12/site-packages/airflow/example_dags/example_complex.py
[2025-09-16T23:57:51.280+0000] {processor.py:925} INFO - DAG(s) 'example_complex' retrieved from /home/airflow/.local/lib/python3.12/site-packages/airflow/example_dags/example_complex.py
[2025-09-16T23:57:51.298+0000] {logging_mixin.py:190} INFO - [2025-09-16T23:57:51.298+0000] {dag.py:3239} INFO - Sync 1 DAGs
[2025-09-16T23:57:51.306+0000] {logging_mixin.py:190} INFO - [2025-09-16T23:57:51.306+0000] {dag.py:4180} INFO - Setting next_dagrun for example_complex to None, run_after=None
[2025-09-16T23:57:51.317+0000] {processor.py:208} INFO - Processing /home/airflow/.local/lib/python3.12/site-packages/airflow/example_dags/example_complex.py took 0.049 seconds
[2025-09-16T23:58:22.382+0000] {processor.py:186} INFO - Started process (PID=2180) to work on /home/airflow/.local/lib/python3.12/site-packages/airflow/example_dags/example_complex.py
[2025-09-16T23:58:22.383+0000] {processor.py:914} INFO - Processing file /home/airflow/.local/lib/python3.12/site-packages/airflow/example_dags/example_complex.py for tasks to queue
[2025-09-16T23:58:22.385+0000] {logging_mixin.py:190} INFO - [2025-09-16T23:58:22.384+0000] {dagbag.py:588} INFO - Filling up the DagBag from /home/airflow/.local/lib/python3.12/site-packages/airflow/example_dags/example_complex.py
[2025-09-16T23:58:22.390+0000] {processor.py:925} INFO - DAG(s) 'example_complex' retrieved from /home/airflow/.local/lib/python3.12/site-packages/airflow/example_dags/example_complex.py
[2025-09-16T23:58:22.407+0000] {logging_mixin.py:190} INFO - [2025-09-16T23:58:22.407+0000] {dag.py:3239} INFO - Sync 1 DAGs
[2025-09-16T23:58:22.414+0000] {logging_mixin.py:190} INFO - [2025-09-16T23:58:22.414+0000] {dag.py:4180} INFO - Setting next_dagrun for example_complex to None, run_after=None
[2025-09-16T23:58:22.424+0000] {processor.py:208} INFO - Processing /home/airflow/.local/lib/python3.12/site-packages/airflow/example_dags/example_complex.py took 0.045 seconds
[2025-09-16T23:58:53.430+0000] {processor.py:186} INFO - Started process (PID=2249) to work on /home/airflow/.local/lib/python3.12/site-packages/airflow/example_dags/example_complex.py
[2025-09-16T23:58:53.431+0000] {processor.py:914} INFO - Processing file /home/airflow/.local/lib/python3.12/site-packages/airflow/example_dags/example_complex.py for tasks to queue
[2025-09-16T23:58:53.433+0000] {logging_mixin.py:190} INFO - [2025-09-16T23:58:53.432+0000] {dagbag.py:588} INFO - Filling up the DagBag from /home/airflow/.local/lib/python3.12/site-packages/airflow/example_dags/example_complex.py
[2025-09-16T23:58:53.439+0000] {processor.py:925} INFO - DAG(s) 'example_complex' retrieved from /home/airflow/.local/lib/python3.12/site-packages/airflow/example_dags/example_complex.py
[2025-09-16T23:58:53.454+0000] {logging_mixin.py:190} INFO - [2025-09-16T23:58:53.454+0000] {dag.py:3239} INFO - Sync 1 DAGs
[2025-09-16T23:58:53.462+0000] {logging_mixin.py:190} INFO - [2025-09-16T23:58:53.462+0000] {dag.py:4180} INFO - Setting next_dagrun for example_complex to None, run_after=None
[2025-09-16T23:58:53.471+0000] {processor.py:208} INFO - Processing /home/airflow/.local/lib/python3.12/site-packages/airflow/example_dags/example_complex.py took 0.044 seconds
[2025-09-16T23:59:24.493+0000] {processor.py:186} INFO - Started process (PID=2312) to work on /home/airflow/.local/lib/python3.12/site-packages/airflow/example_dags/example_complex.py
[2025-09-16T23:59:24.496+0000] {processor.py:914} INFO - Processing file /home/airflow/.local/lib/python3.12/site-packages/airflow/example_dags/example_complex.py for tasks to queue
[2025-09-16T23:59:24.497+0000] {logging_mixin.py:190} INFO - [2025-09-16T23:59:24.497+0000] {dagbag.py:588} INFO - Filling up the DagBag from /home/airflow/.local/lib/python3.12/site-packages/airflow/example_dags/example_complex.py
[2025-09-16T23:59:24.504+0000] {processor.py:925} INFO - DAG(s) 'example_complex' retrieved from /home/airflow/.local/lib/python3.12/site-packages/airflow/example_dags/example_complex.py
[2025-09-16T23:59:24.520+0000] {logging_mixin.py:190} INFO - [2025-09-16T23:59:24.520+0000] {dag.py:3239} INFO - Sync 1 DAGs
[2025-09-16T23:59:24.527+0000] {logging_mixin.py:190} INFO - [2025-09-16T23:59:24.527+0000] {dag.py:4180} INFO - Setting next_dagrun for example_complex to None, run_after=None
[2025-09-16T23:59:24.536+0000] {processor.py:208} INFO - Processing /home/airflow/.local/lib/python3.12/site-packages/airflow/example_dags/example_complex.py took 0.046 seconds
[2025-09-16T23:59:55.891+0000] {processor.py:186} INFO - Started process (PID=2375) to work on /home/airflow/.local/lib/python3.12/site-packages/airflow/example_dags/example_complex.py
[2025-09-16T23:59:55.893+0000] {processor.py:914} INFO - Processing file /home/airflow/.local/lib/python3.12/site-packages/airflow/example_dags/example_complex.py for tasks to queue
[2025-09-16T23:59:55.894+0000] {logging_mixin.py:190} INFO - [2025-09-16T23:59:55.894+0000] {dagbag.py:588} INFO - Filling up the DagBag from /home/airflow/.local/lib/python3.12/site-packages/airflow/example_dags/example_complex.py
[2025-09-16T23:59:55.900+0000] {processor.py:925} INFO - DAG(s) 'example_complex' retrieved from /home/airflow/.local/lib/python3.12/site-packages/airflow/example_dags/example_complex.py
[2025-09-16T23:59:55.916+0000] {logging_mixin.py:190} INFO - [2025-09-16T23:59:55.916+0000] {dag.py:3239} INFO - Sync 1 DAGs
[2025-09-16T23:59:55.926+0000] {logging_mixin.py:190} INFO - [2025-09-16T23:59:55.926+0000] {dag.py:4180} INFO - Setting next_dagrun for example_complex to None, run_after=None
[2025-09-16T23:59:55.941+0000] {processor.py:208} INFO - Processing /home/airflow/.local/lib/python3.12/site-packages/airflow/example_dags/example_complex.py took 0.053 seconds
