[2025-09-16T23:41:16.204+0000] {processor.py:186} INFO - Started process (PID=63) to work on /home/airflow/.local/lib/python3.12/site-packages/airflow/example_dags/example_sensors.py
[2025-09-16T23:41:16.205+0000] {processor.py:914} INFO - Processing file /home/airflow/.local/lib/python3.12/site-packages/airflow/example_dags/example_sensors.py for tasks to queue
[2025-09-16T23:41:16.206+0000] {logging_mixin.py:190} INFO - [2025-09-16T23:41:16.206+0000] {dagbag.py:588} INFO - Filling up the DagBag from /home/airflow/.local/lib/python3.12/site-packages/airflow/example_dags/example_sensors.py
[2025-09-16T23:41:16.217+0000] {processor.py:925} INFO - DAG(s) 'example_sensors' retrieved from /home/airflow/.local/lib/python3.12/site-packages/airflow/example_dags/example_sensors.py
[2025-09-16T23:41:16.305+0000] {logging_mixin.py:190} INFO - [2025-09-16T23:41:16.304+0000] {override.py:1911} INFO - Created Permission View: can edit on DAG:example_sensors
[2025-09-16T23:41:16.309+0000] {logging_mixin.py:190} INFO - [2025-09-16T23:41:16.309+0000] {override.py:1911} INFO - Created Permission View: can delete on DAG:example_sensors
[2025-09-16T23:41:16.312+0000] {logging_mixin.py:190} INFO - [2025-09-16T23:41:16.312+0000] {override.py:1911} INFO - Created Permission View: can read on DAG:example_sensors
[2025-09-16T23:41:16.315+0000] {logging_mixin.py:190} INFO - [2025-09-16T23:41:16.315+0000] {override.py:1911} INFO - Created Permission View: menu access on DAG Run:example_sensors
[2025-09-16T23:41:16.317+0000] {logging_mixin.py:190} INFO - [2025-09-16T23:41:16.317+0000] {override.py:1911} INFO - Created Permission View: can create on DAG Run:example_sensors
[2025-09-16T23:41:16.320+0000] {logging_mixin.py:190} INFO - [2025-09-16T23:41:16.319+0000] {override.py:1911} INFO - Created Permission View: can delete on DAG Run:example_sensors
[2025-09-16T23:41:16.322+0000] {logging_mixin.py:190} INFO - [2025-09-16T23:41:16.322+0000] {override.py:1911} INFO - Created Permission View: can read on DAG Run:example_sensors
[2025-09-16T23:41:16.322+0000] {logging_mixin.py:190} INFO - [2025-09-16T23:41:16.322+0000] {dag.py:3239} INFO - Sync 1 DAGs
[2025-09-16T23:41:16.333+0000] {logging_mixin.py:190} INFO - [2025-09-16T23:41:16.332+0000] {dag.py:3262} INFO - Creating ORM DAG for example_sensors
[2025-09-16T23:41:16.333+0000] {logging_mixin.py:190} INFO - [2025-09-16T23:41:16.333+0000] {dag.py:4180} INFO - Setting next_dagrun for example_sensors to None, run_after=None
[2025-09-16T23:41:16.344+0000] {processor.py:208} INFO - Processing /home/airflow/.local/lib/python3.12/site-packages/airflow/example_dags/example_sensors.py took 0.146 seconds
[2025-09-16T23:41:47.080+0000] {processor.py:186} INFO - Started process (PID=125) to work on /home/airflow/.local/lib/python3.12/site-packages/airflow/example_dags/example_sensors.py
[2025-09-16T23:41:47.084+0000] {processor.py:914} INFO - Processing file /home/airflow/.local/lib/python3.12/site-packages/airflow/example_dags/example_sensors.py for tasks to queue
[2025-09-16T23:41:47.088+0000] {logging_mixin.py:190} INFO - [2025-09-16T23:41:47.088+0000] {dagbag.py:588} INFO - Filling up the DagBag from /home/airflow/.local/lib/python3.12/site-packages/airflow/example_dags/example_sensors.py
[2025-09-16T23:41:47.098+0000] {processor.py:925} INFO - DAG(s) 'example_sensors' retrieved from /home/airflow/.local/lib/python3.12/site-packages/airflow/example_dags/example_sensors.py
[2025-09-16T23:41:47.116+0000] {logging_mixin.py:190} INFO - [2025-09-16T23:41:47.116+0000] {dag.py:3239} INFO - Sync 1 DAGs
[2025-09-16T23:41:47.125+0000] {logging_mixin.py:190} INFO - [2025-09-16T23:41:47.125+0000] {dag.py:4180} INFO - Setting next_dagrun for example_sensors to None, run_after=None
[2025-09-16T23:41:47.139+0000] {processor.py:208} INFO - Processing /home/airflow/.local/lib/python3.12/site-packages/airflow/example_dags/example_sensors.py took 0.066 seconds
[2025-09-16T23:42:17.482+0000] {processor.py:186} INFO - Started process (PID=188) to work on /home/airflow/.local/lib/python3.12/site-packages/airflow/example_dags/example_sensors.py
[2025-09-16T23:42:17.485+0000] {processor.py:914} INFO - Processing file /home/airflow/.local/lib/python3.12/site-packages/airflow/example_dags/example_sensors.py for tasks to queue
[2025-09-16T23:42:17.488+0000] {logging_mixin.py:190} INFO - [2025-09-16T23:42:17.488+0000] {dagbag.py:588} INFO - Filling up the DagBag from /home/airflow/.local/lib/python3.12/site-packages/airflow/example_dags/example_sensors.py
[2025-09-16T23:42:17.497+0000] {processor.py:925} INFO - DAG(s) 'example_sensors' retrieved from /home/airflow/.local/lib/python3.12/site-packages/airflow/example_dags/example_sensors.py
[2025-09-16T23:42:17.514+0000] {logging_mixin.py:190} INFO - [2025-09-16T23:42:17.514+0000] {dag.py:3239} INFO - Sync 1 DAGs
[2025-09-16T23:42:17.524+0000] {logging_mixin.py:190} INFO - [2025-09-16T23:42:17.524+0000] {dag.py:4180} INFO - Setting next_dagrun for example_sensors to None, run_after=None
[2025-09-16T23:42:17.537+0000] {processor.py:208} INFO - Processing /home/airflow/.local/lib/python3.12/site-packages/airflow/example_dags/example_sensors.py took 0.059 seconds
[2025-09-16T23:42:47.706+0000] {processor.py:186} INFO - Started process (PID=251) to work on /home/airflow/.local/lib/python3.12/site-packages/airflow/example_dags/example_sensors.py
[2025-09-16T23:42:47.710+0000] {processor.py:914} INFO - Processing file /home/airflow/.local/lib/python3.12/site-packages/airflow/example_dags/example_sensors.py for tasks to queue
[2025-09-16T23:42:47.713+0000] {logging_mixin.py:190} INFO - [2025-09-16T23:42:47.713+0000] {dagbag.py:588} INFO - Filling up the DagBag from /home/airflow/.local/lib/python3.12/site-packages/airflow/example_dags/example_sensors.py
[2025-09-16T23:42:47.721+0000] {processor.py:925} INFO - DAG(s) 'example_sensors' retrieved from /home/airflow/.local/lib/python3.12/site-packages/airflow/example_dags/example_sensors.py
[2025-09-16T23:42:47.744+0000] {logging_mixin.py:190} INFO - [2025-09-16T23:42:47.744+0000] {dag.py:3239} INFO - Sync 1 DAGs
[2025-09-16T23:42:47.752+0000] {logging_mixin.py:190} INFO - [2025-09-16T23:42:47.751+0000] {dag.py:4180} INFO - Setting next_dagrun for example_sensors to None, run_after=None
[2025-09-16T23:42:47.764+0000] {processor.py:208} INFO - Processing /home/airflow/.local/lib/python3.12/site-packages/airflow/example_dags/example_sensors.py took 0.064 seconds
[2025-09-16T23:43:18.514+0000] {processor.py:186} INFO - Started process (PID=313) to work on /home/airflow/.local/lib/python3.12/site-packages/airflow/example_dags/example_sensors.py
[2025-09-16T23:43:18.520+0000] {processor.py:914} INFO - Processing file /home/airflow/.local/lib/python3.12/site-packages/airflow/example_dags/example_sensors.py for tasks to queue
[2025-09-16T23:43:18.522+0000] {logging_mixin.py:190} INFO - [2025-09-16T23:43:18.522+0000] {dagbag.py:588} INFO - Filling up the DagBag from /home/airflow/.local/lib/python3.12/site-packages/airflow/example_dags/example_sensors.py
[2025-09-16T23:43:18.530+0000] {processor.py:925} INFO - DAG(s) 'example_sensors' retrieved from /home/airflow/.local/lib/python3.12/site-packages/airflow/example_dags/example_sensors.py
[2025-09-16T23:43:18.545+0000] {logging_mixin.py:190} INFO - [2025-09-16T23:43:18.544+0000] {dag.py:3239} INFO - Sync 1 DAGs
[2025-09-16T23:43:18.552+0000] {logging_mixin.py:190} INFO - [2025-09-16T23:43:18.552+0000] {dag.py:4180} INFO - Setting next_dagrun for example_sensors to None, run_after=None
[2025-09-16T23:43:18.563+0000] {processor.py:208} INFO - Processing /home/airflow/.local/lib/python3.12/site-packages/airflow/example_dags/example_sensors.py took 0.055 seconds
[2025-09-16T23:43:49.105+0000] {processor.py:186} INFO - Started process (PID=376) to work on /home/airflow/.local/lib/python3.12/site-packages/airflow/example_dags/example_sensors.py
[2025-09-16T23:43:49.112+0000] {processor.py:914} INFO - Processing file /home/airflow/.local/lib/python3.12/site-packages/airflow/example_dags/example_sensors.py for tasks to queue
[2025-09-16T23:43:49.114+0000] {logging_mixin.py:190} INFO - [2025-09-16T23:43:49.113+0000] {dagbag.py:588} INFO - Filling up the DagBag from /home/airflow/.local/lib/python3.12/site-packages/airflow/example_dags/example_sensors.py
[2025-09-16T23:43:49.123+0000] {processor.py:925} INFO - DAG(s) 'example_sensors' retrieved from /home/airflow/.local/lib/python3.12/site-packages/airflow/example_dags/example_sensors.py
[2025-09-16T23:43:49.145+0000] {logging_mixin.py:190} INFO - [2025-09-16T23:43:49.145+0000] {dag.py:3239} INFO - Sync 1 DAGs
[2025-09-16T23:43:49.159+0000] {logging_mixin.py:190} INFO - [2025-09-16T23:43:49.159+0000] {dag.py:4180} INFO - Setting next_dagrun for example_sensors to None, run_after=None
[2025-09-16T23:43:49.170+0000] {processor.py:208} INFO - Processing /home/airflow/.local/lib/python3.12/site-packages/airflow/example_dags/example_sensors.py took 0.073 seconds
[2025-09-16T23:44:19.934+0000] {processor.py:186} INFO - Started process (PID=445) to work on /home/airflow/.local/lib/python3.12/site-packages/airflow/example_dags/example_sensors.py
[2025-09-16T23:44:19.936+0000] {processor.py:914} INFO - Processing file /home/airflow/.local/lib/python3.12/site-packages/airflow/example_dags/example_sensors.py for tasks to queue
[2025-09-16T23:44:19.940+0000] {logging_mixin.py:190} INFO - [2025-09-16T23:44:19.940+0000] {dagbag.py:588} INFO - Filling up the DagBag from /home/airflow/.local/lib/python3.12/site-packages/airflow/example_dags/example_sensors.py
[2025-09-16T23:44:19.949+0000] {processor.py:925} INFO - DAG(s) 'example_sensors' retrieved from /home/airflow/.local/lib/python3.12/site-packages/airflow/example_dags/example_sensors.py
[2025-09-16T23:44:19.966+0000] {logging_mixin.py:190} INFO - [2025-09-16T23:44:19.966+0000] {dag.py:3239} INFO - Sync 1 DAGs
[2025-09-16T23:44:19.974+0000] {logging_mixin.py:190} INFO - [2025-09-16T23:44:19.974+0000] {dag.py:4180} INFO - Setting next_dagrun for example_sensors to None, run_after=None
[2025-09-16T23:44:19.987+0000] {processor.py:208} INFO - Processing /home/airflow/.local/lib/python3.12/site-packages/airflow/example_dags/example_sensors.py took 0.059 seconds
[2025-09-16T23:44:50.619+0000] {processor.py:186} INFO - Started process (PID=508) to work on /home/airflow/.local/lib/python3.12/site-packages/airflow/example_dags/example_sensors.py
[2025-09-16T23:44:50.623+0000] {processor.py:914} INFO - Processing file /home/airflow/.local/lib/python3.12/site-packages/airflow/example_dags/example_sensors.py for tasks to queue
[2025-09-16T23:44:50.627+0000] {logging_mixin.py:190} INFO - [2025-09-16T23:44:50.626+0000] {dagbag.py:588} INFO - Filling up the DagBag from /home/airflow/.local/lib/python3.12/site-packages/airflow/example_dags/example_sensors.py
[2025-09-16T23:44:50.635+0000] {processor.py:925} INFO - DAG(s) 'example_sensors' retrieved from /home/airflow/.local/lib/python3.12/site-packages/airflow/example_dags/example_sensors.py
[2025-09-16T23:44:50.654+0000] {logging_mixin.py:190} INFO - [2025-09-16T23:44:50.654+0000] {dag.py:3239} INFO - Sync 1 DAGs
[2025-09-16T23:44:50.662+0000] {logging_mixin.py:190} INFO - [2025-09-16T23:44:50.662+0000] {dag.py:4180} INFO - Setting next_dagrun for example_sensors to None, run_after=None
[2025-09-16T23:44:50.675+0000] {processor.py:208} INFO - Processing /home/airflow/.local/lib/python3.12/site-packages/airflow/example_dags/example_sensors.py took 0.062 seconds
[2025-09-16T23:45:20.874+0000] {processor.py:186} INFO - Started process (PID=571) to work on /home/airflow/.local/lib/python3.12/site-packages/airflow/example_dags/example_sensors.py
[2025-09-16T23:45:20.875+0000] {processor.py:914} INFO - Processing file /home/airflow/.local/lib/python3.12/site-packages/airflow/example_dags/example_sensors.py for tasks to queue
[2025-09-16T23:45:20.884+0000] {logging_mixin.py:190} INFO - [2025-09-16T23:45:20.884+0000] {dagbag.py:588} INFO - Filling up the DagBag from /home/airflow/.local/lib/python3.12/site-packages/airflow/example_dags/example_sensors.py
[2025-09-16T23:45:20.892+0000] {processor.py:925} INFO - DAG(s) 'example_sensors' retrieved from /home/airflow/.local/lib/python3.12/site-packages/airflow/example_dags/example_sensors.py
[2025-09-16T23:45:20.911+0000] {logging_mixin.py:190} INFO - [2025-09-16T23:45:20.911+0000] {dag.py:3239} INFO - Sync 1 DAGs
[2025-09-16T23:45:20.919+0000] {logging_mixin.py:190} INFO - [2025-09-16T23:45:20.919+0000] {dag.py:4180} INFO - Setting next_dagrun for example_sensors to None, run_after=None
[2025-09-16T23:45:20.930+0000] {processor.py:208} INFO - Processing /home/airflow/.local/lib/python3.12/site-packages/airflow/example_dags/example_sensors.py took 0.064 seconds
[2025-09-16T23:45:51.616+0000] {processor.py:186} INFO - Started process (PID=634) to work on /home/airflow/.local/lib/python3.12/site-packages/airflow/example_dags/example_sensors.py
[2025-09-16T23:45:51.623+0000] {processor.py:914} INFO - Processing file /home/airflow/.local/lib/python3.12/site-packages/airflow/example_dags/example_sensors.py for tasks to queue
[2025-09-16T23:45:51.625+0000] {logging_mixin.py:190} INFO - [2025-09-16T23:45:51.624+0000] {dagbag.py:588} INFO - Filling up the DagBag from /home/airflow/.local/lib/python3.12/site-packages/airflow/example_dags/example_sensors.py
[2025-09-16T23:45:51.633+0000] {processor.py:925} INFO - DAG(s) 'example_sensors' retrieved from /home/airflow/.local/lib/python3.12/site-packages/airflow/example_dags/example_sensors.py
[2025-09-16T23:45:51.650+0000] {logging_mixin.py:190} INFO - [2025-09-16T23:45:51.650+0000] {dag.py:3239} INFO - Sync 1 DAGs
[2025-09-16T23:45:51.658+0000] {logging_mixin.py:190} INFO - [2025-09-16T23:45:51.658+0000] {dag.py:4180} INFO - Setting next_dagrun for example_sensors to None, run_after=None
[2025-09-16T23:45:51.671+0000] {processor.py:208} INFO - Processing /home/airflow/.local/lib/python3.12/site-packages/airflow/example_dags/example_sensors.py took 0.061 seconds
[2025-09-16T23:46:22.176+0000] {processor.py:186} INFO - Started process (PID=697) to work on /home/airflow/.local/lib/python3.12/site-packages/airflow/example_dags/example_sensors.py
[2025-09-16T23:46:22.177+0000] {processor.py:914} INFO - Processing file /home/airflow/.local/lib/python3.12/site-packages/airflow/example_dags/example_sensors.py for tasks to queue
[2025-09-16T23:46:22.179+0000] {logging_mixin.py:190} INFO - [2025-09-16T23:46:22.179+0000] {dagbag.py:588} INFO - Filling up the DagBag from /home/airflow/.local/lib/python3.12/site-packages/airflow/example_dags/example_sensors.py
[2025-09-16T23:46:22.189+0000] {processor.py:925} INFO - DAG(s) 'example_sensors' retrieved from /home/airflow/.local/lib/python3.12/site-packages/airflow/example_dags/example_sensors.py
[2025-09-16T23:46:22.208+0000] {logging_mixin.py:190} INFO - [2025-09-16T23:46:22.208+0000] {dag.py:3239} INFO - Sync 1 DAGs
[2025-09-16T23:46:22.223+0000] {logging_mixin.py:190} INFO - [2025-09-16T23:46:22.223+0000] {dag.py:4180} INFO - Setting next_dagrun for example_sensors to None, run_after=None
[2025-09-16T23:46:22.237+0000] {processor.py:208} INFO - Processing /home/airflow/.local/lib/python3.12/site-packages/airflow/example_dags/example_sensors.py took 0.067 seconds
[2025-09-16T23:46:52.786+0000] {processor.py:186} INFO - Started process (PID=760) to work on /home/airflow/.local/lib/python3.12/site-packages/airflow/example_dags/example_sensors.py
[2025-09-16T23:46:52.787+0000] {processor.py:914} INFO - Processing file /home/airflow/.local/lib/python3.12/site-packages/airflow/example_dags/example_sensors.py for tasks to queue
[2025-09-16T23:46:52.791+0000] {logging_mixin.py:190} INFO - [2025-09-16T23:46:52.791+0000] {dagbag.py:588} INFO - Filling up the DagBag from /home/airflow/.local/lib/python3.12/site-packages/airflow/example_dags/example_sensors.py
[2025-09-16T23:46:52.810+0000] {processor.py:925} INFO - DAG(s) 'example_sensors' retrieved from /home/airflow/.local/lib/python3.12/site-packages/airflow/example_dags/example_sensors.py
[2025-09-16T23:46:52.835+0000] {logging_mixin.py:190} INFO - [2025-09-16T23:46:52.835+0000] {dag.py:3239} INFO - Sync 1 DAGs
[2025-09-16T23:46:52.843+0000] {logging_mixin.py:190} INFO - [2025-09-16T23:46:52.843+0000] {dag.py:4180} INFO - Setting next_dagrun for example_sensors to None, run_after=None
[2025-09-16T23:46:52.853+0000] {processor.py:208} INFO - Processing /home/airflow/.local/lib/python3.12/site-packages/airflow/example_dags/example_sensors.py took 0.076 seconds
[2025-09-16T23:47:23.539+0000] {processor.py:186} INFO - Started process (PID=823) to work on /home/airflow/.local/lib/python3.12/site-packages/airflow/example_dags/example_sensors.py
[2025-09-16T23:47:23.541+0000] {processor.py:914} INFO - Processing file /home/airflow/.local/lib/python3.12/site-packages/airflow/example_dags/example_sensors.py for tasks to queue
[2025-09-16T23:47:23.543+0000] {logging_mixin.py:190} INFO - [2025-09-16T23:47:23.543+0000] {dagbag.py:588} INFO - Filling up the DagBag from /home/airflow/.local/lib/python3.12/site-packages/airflow/example_dags/example_sensors.py
[2025-09-16T23:47:23.553+0000] {processor.py:925} INFO - DAG(s) 'example_sensors' retrieved from /home/airflow/.local/lib/python3.12/site-packages/airflow/example_dags/example_sensors.py
[2025-09-16T23:47:23.572+0000] {logging_mixin.py:190} INFO - [2025-09-16T23:47:23.572+0000] {dag.py:3239} INFO - Sync 1 DAGs
[2025-09-16T23:47:23.582+0000] {logging_mixin.py:190} INFO - [2025-09-16T23:47:23.581+0000] {dag.py:4180} INFO - Setting next_dagrun for example_sensors to None, run_after=None
[2025-09-16T23:47:23.596+0000] {processor.py:208} INFO - Processing /home/airflow/.local/lib/python3.12/site-packages/airflow/example_dags/example_sensors.py took 0.063 seconds
[2025-09-16T23:47:54.054+0000] {processor.py:186} INFO - Started process (PID=886) to work on /home/airflow/.local/lib/python3.12/site-packages/airflow/example_dags/example_sensors.py
[2025-09-16T23:47:54.055+0000] {processor.py:914} INFO - Processing file /home/airflow/.local/lib/python3.12/site-packages/airflow/example_dags/example_sensors.py for tasks to queue
[2025-09-16T23:47:54.057+0000] {logging_mixin.py:190} INFO - [2025-09-16T23:47:54.057+0000] {dagbag.py:588} INFO - Filling up the DagBag from /home/airflow/.local/lib/python3.12/site-packages/airflow/example_dags/example_sensors.py
[2025-09-16T23:47:54.067+0000] {processor.py:925} INFO - DAG(s) 'example_sensors' retrieved from /home/airflow/.local/lib/python3.12/site-packages/airflow/example_dags/example_sensors.py
[2025-09-16T23:47:54.086+0000] {logging_mixin.py:190} INFO - [2025-09-16T23:47:54.086+0000] {dag.py:3239} INFO - Sync 1 DAGs
[2025-09-16T23:47:54.098+0000] {logging_mixin.py:190} INFO - [2025-09-16T23:47:54.097+0000] {dag.py:4180} INFO - Setting next_dagrun for example_sensors to None, run_after=None
[2025-09-16T23:47:54.108+0000] {processor.py:208} INFO - Processing /home/airflow/.local/lib/python3.12/site-packages/airflow/example_dags/example_sensors.py took 0.060 seconds
[2025-09-16T23:48:24.179+0000] {processor.py:186} INFO - Started process (PID=949) to work on /home/airflow/.local/lib/python3.12/site-packages/airflow/example_dags/example_sensors.py
[2025-09-16T23:48:24.180+0000] {processor.py:914} INFO - Processing file /home/airflow/.local/lib/python3.12/site-packages/airflow/example_dags/example_sensors.py for tasks to queue
[2025-09-16T23:48:24.182+0000] {logging_mixin.py:190} INFO - [2025-09-16T23:48:24.181+0000] {dagbag.py:588} INFO - Filling up the DagBag from /home/airflow/.local/lib/python3.12/site-packages/airflow/example_dags/example_sensors.py
[2025-09-16T23:48:24.187+0000] {processor.py:925} INFO - DAG(s) 'example_sensors' retrieved from /home/airflow/.local/lib/python3.12/site-packages/airflow/example_dags/example_sensors.py
[2025-09-16T23:48:24.201+0000] {logging_mixin.py:190} INFO - [2025-09-16T23:48:24.201+0000] {dag.py:3239} INFO - Sync 1 DAGs
[2025-09-16T23:48:24.208+0000] {logging_mixin.py:190} INFO - [2025-09-16T23:48:24.208+0000] {dag.py:4180} INFO - Setting next_dagrun for example_sensors to None, run_after=None
[2025-09-16T23:48:24.217+0000] {processor.py:208} INFO - Processing /home/airflow/.local/lib/python3.12/site-packages/airflow/example_dags/example_sensors.py took 0.041 seconds
[2025-09-16T23:48:55.008+0000] {processor.py:186} INFO - Started process (PID=1012) to work on /home/airflow/.local/lib/python3.12/site-packages/airflow/example_dags/example_sensors.py
[2025-09-16T23:48:55.009+0000] {processor.py:914} INFO - Processing file /home/airflow/.local/lib/python3.12/site-packages/airflow/example_dags/example_sensors.py for tasks to queue
[2025-09-16T23:48:55.010+0000] {logging_mixin.py:190} INFO - [2025-09-16T23:48:55.010+0000] {dagbag.py:588} INFO - Filling up the DagBag from /home/airflow/.local/lib/python3.12/site-packages/airflow/example_dags/example_sensors.py
[2025-09-16T23:48:55.016+0000] {processor.py:925} INFO - DAG(s) 'example_sensors' retrieved from /home/airflow/.local/lib/python3.12/site-packages/airflow/example_dags/example_sensors.py
[2025-09-16T23:48:55.032+0000] {logging_mixin.py:190} INFO - [2025-09-16T23:48:55.032+0000] {dag.py:3239} INFO - Sync 1 DAGs
[2025-09-16T23:48:55.039+0000] {logging_mixin.py:190} INFO - [2025-09-16T23:48:55.039+0000] {dag.py:4180} INFO - Setting next_dagrun for example_sensors to None, run_after=None
[2025-09-16T23:48:55.048+0000] {processor.py:208} INFO - Processing /home/airflow/.local/lib/python3.12/site-packages/airflow/example_dags/example_sensors.py took 0.043 seconds
[2025-09-16T23:49:25.868+0000] {processor.py:186} INFO - Started process (PID=1075) to work on /home/airflow/.local/lib/python3.12/site-packages/airflow/example_dags/example_sensors.py
[2025-09-16T23:49:25.869+0000] {processor.py:914} INFO - Processing file /home/airflow/.local/lib/python3.12/site-packages/airflow/example_dags/example_sensors.py for tasks to queue
[2025-09-16T23:49:25.871+0000] {logging_mixin.py:190} INFO - [2025-09-16T23:49:25.871+0000] {dagbag.py:588} INFO - Filling up the DagBag from /home/airflow/.local/lib/python3.12/site-packages/airflow/example_dags/example_sensors.py
[2025-09-16T23:49:25.878+0000] {processor.py:925} INFO - DAG(s) 'example_sensors' retrieved from /home/airflow/.local/lib/python3.12/site-packages/airflow/example_dags/example_sensors.py
[2025-09-16T23:49:25.894+0000] {logging_mixin.py:190} INFO - [2025-09-16T23:49:25.894+0000] {dag.py:3239} INFO - Sync 1 DAGs
[2025-09-16T23:49:25.901+0000] {logging_mixin.py:190} INFO - [2025-09-16T23:49:25.901+0000] {dag.py:4180} INFO - Setting next_dagrun for example_sensors to None, run_after=None
[2025-09-16T23:49:25.912+0000] {processor.py:208} INFO - Processing /home/airflow/.local/lib/python3.12/site-packages/airflow/example_dags/example_sensors.py took 0.048 seconds
[2025-09-16T23:49:56.290+0000] {processor.py:186} INFO - Started process (PID=1138) to work on /home/airflow/.local/lib/python3.12/site-packages/airflow/example_dags/example_sensors.py
[2025-09-16T23:49:56.292+0000] {processor.py:914} INFO - Processing file /home/airflow/.local/lib/python3.12/site-packages/airflow/example_dags/example_sensors.py for tasks to queue
[2025-09-16T23:49:56.294+0000] {logging_mixin.py:190} INFO - [2025-09-16T23:49:56.294+0000] {dagbag.py:588} INFO - Filling up the DagBag from /home/airflow/.local/lib/python3.12/site-packages/airflow/example_dags/example_sensors.py
[2025-09-16T23:49:56.308+0000] {processor.py:925} INFO - DAG(s) 'example_sensors' retrieved from /home/airflow/.local/lib/python3.12/site-packages/airflow/example_dags/example_sensors.py
[2025-09-16T23:49:56.334+0000] {logging_mixin.py:190} INFO - [2025-09-16T23:49:56.334+0000] {dag.py:3239} INFO - Sync 1 DAGs
[2025-09-16T23:49:56.348+0000] {logging_mixin.py:190} INFO - [2025-09-16T23:49:56.348+0000] {dag.py:4180} INFO - Setting next_dagrun for example_sensors to None, run_after=None
[2025-09-16T23:49:56.364+0000] {processor.py:208} INFO - Processing /home/airflow/.local/lib/python3.12/site-packages/airflow/example_dags/example_sensors.py took 0.080 seconds
[2025-09-16T23:50:26.827+0000] {processor.py:186} INFO - Started process (PID=1201) to work on /home/airflow/.local/lib/python3.12/site-packages/airflow/example_dags/example_sensors.py
[2025-09-16T23:50:26.828+0000] {processor.py:914} INFO - Processing file /home/airflow/.local/lib/python3.12/site-packages/airflow/example_dags/example_sensors.py for tasks to queue
[2025-09-16T23:50:26.830+0000] {logging_mixin.py:190} INFO - [2025-09-16T23:50:26.830+0000] {dagbag.py:588} INFO - Filling up the DagBag from /home/airflow/.local/lib/python3.12/site-packages/airflow/example_dags/example_sensors.py
[2025-09-16T23:50:26.836+0000] {processor.py:925} INFO - DAG(s) 'example_sensors' retrieved from /home/airflow/.local/lib/python3.12/site-packages/airflow/example_dags/example_sensors.py
[2025-09-16T23:50:26.849+0000] {logging_mixin.py:190} INFO - [2025-09-16T23:50:26.848+0000] {dag.py:3239} INFO - Sync 1 DAGs
[2025-09-16T23:50:26.856+0000] {logging_mixin.py:190} INFO - [2025-09-16T23:50:26.855+0000] {dag.py:4180} INFO - Setting next_dagrun for example_sensors to None, run_after=None
[2025-09-16T23:50:26.864+0000] {processor.py:208} INFO - Processing /home/airflow/.local/lib/python3.12/site-packages/airflow/example_dags/example_sensors.py took 0.041 seconds
[2025-09-16T23:50:57.930+0000] {processor.py:186} INFO - Started process (PID=1264) to work on /home/airflow/.local/lib/python3.12/site-packages/airflow/example_dags/example_sensors.py
[2025-09-16T23:50:57.930+0000] {processor.py:914} INFO - Processing file /home/airflow/.local/lib/python3.12/site-packages/airflow/example_dags/example_sensors.py for tasks to queue
[2025-09-16T23:50:57.932+0000] {logging_mixin.py:190} INFO - [2025-09-16T23:50:57.932+0000] {dagbag.py:588} INFO - Filling up the DagBag from /home/airflow/.local/lib/python3.12/site-packages/airflow/example_dags/example_sensors.py
[2025-09-16T23:50:57.938+0000] {processor.py:925} INFO - DAG(s) 'example_sensors' retrieved from /home/airflow/.local/lib/python3.12/site-packages/airflow/example_dags/example_sensors.py
[2025-09-16T23:50:57.962+0000] {logging_mixin.py:190} INFO - [2025-09-16T23:50:57.961+0000] {dag.py:3239} INFO - Sync 1 DAGs
[2025-09-16T23:50:57.970+0000] {logging_mixin.py:190} INFO - [2025-09-16T23:50:57.970+0000] {dag.py:4180} INFO - Setting next_dagrun for example_sensors to None, run_after=None
[2025-09-16T23:50:57.981+0000] {processor.py:208} INFO - Processing /home/airflow/.local/lib/python3.12/site-packages/airflow/example_dags/example_sensors.py took 0.055 seconds
[2025-09-16T23:51:28.293+0000] {processor.py:186} INFO - Started process (PID=1327) to work on /home/airflow/.local/lib/python3.12/site-packages/airflow/example_dags/example_sensors.py
[2025-09-16T23:51:28.294+0000] {processor.py:914} INFO - Processing file /home/airflow/.local/lib/python3.12/site-packages/airflow/example_dags/example_sensors.py for tasks to queue
[2025-09-16T23:51:28.295+0000] {logging_mixin.py:190} INFO - [2025-09-16T23:51:28.295+0000] {dagbag.py:588} INFO - Filling up the DagBag from /home/airflow/.local/lib/python3.12/site-packages/airflow/example_dags/example_sensors.py
[2025-09-16T23:51:28.301+0000] {processor.py:925} INFO - DAG(s) 'example_sensors' retrieved from /home/airflow/.local/lib/python3.12/site-packages/airflow/example_dags/example_sensors.py
[2025-09-16T23:51:28.314+0000] {logging_mixin.py:190} INFO - [2025-09-16T23:51:28.314+0000] {dag.py:3239} INFO - Sync 1 DAGs
[2025-09-16T23:51:28.321+0000] {logging_mixin.py:190} INFO - [2025-09-16T23:51:28.321+0000] {dag.py:4180} INFO - Setting next_dagrun for example_sensors to None, run_after=None
[2025-09-16T23:51:28.332+0000] {processor.py:208} INFO - Processing /home/airflow/.local/lib/python3.12/site-packages/airflow/example_dags/example_sensors.py took 0.043 seconds
[2025-09-16T23:51:58.789+0000] {processor.py:186} INFO - Started process (PID=1390) to work on /home/airflow/.local/lib/python3.12/site-packages/airflow/example_dags/example_sensors.py
[2025-09-16T23:51:58.790+0000] {processor.py:914} INFO - Processing file /home/airflow/.local/lib/python3.12/site-packages/airflow/example_dags/example_sensors.py for tasks to queue
[2025-09-16T23:51:58.792+0000] {logging_mixin.py:190} INFO - [2025-09-16T23:51:58.792+0000] {dagbag.py:588} INFO - Filling up the DagBag from /home/airflow/.local/lib/python3.12/site-packages/airflow/example_dags/example_sensors.py
[2025-09-16T23:51:58.797+0000] {processor.py:925} INFO - DAG(s) 'example_sensors' retrieved from /home/airflow/.local/lib/python3.12/site-packages/airflow/example_dags/example_sensors.py
[2025-09-16T23:51:58.810+0000] {logging_mixin.py:190} INFO - [2025-09-16T23:51:58.810+0000] {dag.py:3239} INFO - Sync 1 DAGs
[2025-09-16T23:51:58.818+0000] {logging_mixin.py:190} INFO - [2025-09-16T23:51:58.818+0000] {dag.py:4180} INFO - Setting next_dagrun for example_sensors to None, run_after=None
[2025-09-16T23:51:58.835+0000] {processor.py:208} INFO - Processing /home/airflow/.local/lib/python3.12/site-packages/airflow/example_dags/example_sensors.py took 0.049 seconds
[2025-09-16T23:52:29.047+0000] {processor.py:186} INFO - Started process (PID=1453) to work on /home/airflow/.local/lib/python3.12/site-packages/airflow/example_dags/example_sensors.py
[2025-09-16T23:52:29.048+0000] {processor.py:914} INFO - Processing file /home/airflow/.local/lib/python3.12/site-packages/airflow/example_dags/example_sensors.py for tasks to queue
[2025-09-16T23:52:29.050+0000] {logging_mixin.py:190} INFO - [2025-09-16T23:52:29.049+0000] {dagbag.py:588} INFO - Filling up the DagBag from /home/airflow/.local/lib/python3.12/site-packages/airflow/example_dags/example_sensors.py
[2025-09-16T23:52:29.056+0000] {processor.py:925} INFO - DAG(s) 'example_sensors' retrieved from /home/airflow/.local/lib/python3.12/site-packages/airflow/example_dags/example_sensors.py
[2025-09-16T23:52:29.069+0000] {logging_mixin.py:190} INFO - [2025-09-16T23:52:29.069+0000] {dag.py:3239} INFO - Sync 1 DAGs
[2025-09-16T23:52:29.076+0000] {logging_mixin.py:190} INFO - [2025-09-16T23:52:29.076+0000] {dag.py:4180} INFO - Setting next_dagrun for example_sensors to None, run_after=None
[2025-09-16T23:52:29.086+0000] {processor.py:208} INFO - Processing /home/airflow/.local/lib/python3.12/site-packages/airflow/example_dags/example_sensors.py took 0.042 seconds
[2025-09-16T23:52:59.517+0000] {processor.py:186} INFO - Started process (PID=1516) to work on /home/airflow/.local/lib/python3.12/site-packages/airflow/example_dags/example_sensors.py
[2025-09-16T23:52:59.520+0000] {processor.py:914} INFO - Processing file /home/airflow/.local/lib/python3.12/site-packages/airflow/example_dags/example_sensors.py for tasks to queue
[2025-09-16T23:52:59.522+0000] {logging_mixin.py:190} INFO - [2025-09-16T23:52:59.522+0000] {dagbag.py:588} INFO - Filling up the DagBag from /home/airflow/.local/lib/python3.12/site-packages/airflow/example_dags/example_sensors.py
[2025-09-16T23:52:59.529+0000] {processor.py:925} INFO - DAG(s) 'example_sensors' retrieved from /home/airflow/.local/lib/python3.12/site-packages/airflow/example_dags/example_sensors.py
[2025-09-16T23:52:59.543+0000] {logging_mixin.py:190} INFO - [2025-09-16T23:52:59.542+0000] {dag.py:3239} INFO - Sync 1 DAGs
[2025-09-16T23:52:59.549+0000] {logging_mixin.py:190} INFO - [2025-09-16T23:52:59.549+0000] {dag.py:4180} INFO - Setting next_dagrun for example_sensors to None, run_after=None
[2025-09-16T23:52:59.559+0000] {processor.py:208} INFO - Processing /home/airflow/.local/lib/python3.12/site-packages/airflow/example_dags/example_sensors.py took 0.046 seconds
[2025-09-16T23:53:29.944+0000] {processor.py:186} INFO - Started process (PID=1579) to work on /home/airflow/.local/lib/python3.12/site-packages/airflow/example_dags/example_sensors.py
[2025-09-16T23:53:29.946+0000] {processor.py:914} INFO - Processing file /home/airflow/.local/lib/python3.12/site-packages/airflow/example_dags/example_sensors.py for tasks to queue
[2025-09-16T23:53:29.948+0000] {logging_mixin.py:190} INFO - [2025-09-16T23:53:29.948+0000] {dagbag.py:588} INFO - Filling up the DagBag from /home/airflow/.local/lib/python3.12/site-packages/airflow/example_dags/example_sensors.py
[2025-09-16T23:53:29.955+0000] {processor.py:925} INFO - DAG(s) 'example_sensors' retrieved from /home/airflow/.local/lib/python3.12/site-packages/airflow/example_dags/example_sensors.py
[2025-09-16T23:53:29.969+0000] {logging_mixin.py:190} INFO - [2025-09-16T23:53:29.969+0000] {dag.py:3239} INFO - Sync 1 DAGs
[2025-09-16T23:53:29.976+0000] {logging_mixin.py:190} INFO - [2025-09-16T23:53:29.976+0000] {dag.py:4180} INFO - Setting next_dagrun for example_sensors to None, run_after=None
[2025-09-16T23:53:29.984+0000] {processor.py:208} INFO - Processing /home/airflow/.local/lib/python3.12/site-packages/airflow/example_dags/example_sensors.py took 0.044 seconds
[2025-09-16T23:54:00.313+0000] {processor.py:186} INFO - Started process (PID=1642) to work on /home/airflow/.local/lib/python3.12/site-packages/airflow/example_dags/example_sensors.py
[2025-09-16T23:54:00.316+0000] {processor.py:914} INFO - Processing file /home/airflow/.local/lib/python3.12/site-packages/airflow/example_dags/example_sensors.py for tasks to queue
[2025-09-16T23:54:00.320+0000] {logging_mixin.py:190} INFO - [2025-09-16T23:54:00.320+0000] {dagbag.py:588} INFO - Filling up the DagBag from /home/airflow/.local/lib/python3.12/site-packages/airflow/example_dags/example_sensors.py
[2025-09-16T23:54:00.328+0000] {processor.py:925} INFO - DAG(s) 'example_sensors' retrieved from /home/airflow/.local/lib/python3.12/site-packages/airflow/example_dags/example_sensors.py
[2025-09-16T23:54:00.346+0000] {logging_mixin.py:190} INFO - [2025-09-16T23:54:00.346+0000] {dag.py:3239} INFO - Sync 1 DAGs
[2025-09-16T23:54:00.353+0000] {logging_mixin.py:190} INFO - [2025-09-16T23:54:00.353+0000] {dag.py:4180} INFO - Setting next_dagrun for example_sensors to None, run_after=None
[2025-09-16T23:54:00.367+0000] {processor.py:208} INFO - Processing /home/airflow/.local/lib/python3.12/site-packages/airflow/example_dags/example_sensors.py took 0.058 seconds
[2025-09-16T23:54:30.833+0000] {processor.py:186} INFO - Started process (PID=1705) to work on /home/airflow/.local/lib/python3.12/site-packages/airflow/example_dags/example_sensors.py
[2025-09-16T23:54:30.834+0000] {processor.py:914} INFO - Processing file /home/airflow/.local/lib/python3.12/site-packages/airflow/example_dags/example_sensors.py for tasks to queue
[2025-09-16T23:54:30.836+0000] {logging_mixin.py:190} INFO - [2025-09-16T23:54:30.836+0000] {dagbag.py:588} INFO - Filling up the DagBag from /home/airflow/.local/lib/python3.12/site-packages/airflow/example_dags/example_sensors.py
[2025-09-16T23:54:30.842+0000] {processor.py:925} INFO - DAG(s) 'example_sensors' retrieved from /home/airflow/.local/lib/python3.12/site-packages/airflow/example_dags/example_sensors.py
[2025-09-16T23:54:30.856+0000] {logging_mixin.py:190} INFO - [2025-09-16T23:54:30.856+0000] {dag.py:3239} INFO - Sync 1 DAGs
[2025-09-16T23:54:30.866+0000] {logging_mixin.py:190} INFO - [2025-09-16T23:54:30.866+0000] {dag.py:4180} INFO - Setting next_dagrun for example_sensors to None, run_after=None
[2025-09-16T23:54:30.875+0000] {processor.py:208} INFO - Processing /home/airflow/.local/lib/python3.12/site-packages/airflow/example_dags/example_sensors.py took 0.045 seconds
[2025-09-16T23:55:01.590+0000] {processor.py:186} INFO - Started process (PID=1768) to work on /home/airflow/.local/lib/python3.12/site-packages/airflow/example_dags/example_sensors.py
[2025-09-16T23:55:01.592+0000] {processor.py:914} INFO - Processing file /home/airflow/.local/lib/python3.12/site-packages/airflow/example_dags/example_sensors.py for tasks to queue
[2025-09-16T23:55:01.594+0000] {logging_mixin.py:190} INFO - [2025-09-16T23:55:01.594+0000] {dagbag.py:588} INFO - Filling up the DagBag from /home/airflow/.local/lib/python3.12/site-packages/airflow/example_dags/example_sensors.py
[2025-09-16T23:55:01.600+0000] {processor.py:925} INFO - DAG(s) 'example_sensors' retrieved from /home/airflow/.local/lib/python3.12/site-packages/airflow/example_dags/example_sensors.py
[2025-09-16T23:55:01.613+0000] {logging_mixin.py:190} INFO - [2025-09-16T23:55:01.613+0000] {dag.py:3239} INFO - Sync 1 DAGs
[2025-09-16T23:55:01.620+0000] {logging_mixin.py:190} INFO - [2025-09-16T23:55:01.620+0000] {dag.py:4180} INFO - Setting next_dagrun for example_sensors to None, run_after=None
[2025-09-16T23:55:01.629+0000] {processor.py:208} INFO - Processing /home/airflow/.local/lib/python3.12/site-packages/airflow/example_dags/example_sensors.py took 0.042 seconds
[2025-09-16T23:55:31.761+0000] {processor.py:186} INFO - Started process (PID=1831) to work on /home/airflow/.local/lib/python3.12/site-packages/airflow/example_dags/example_sensors.py
[2025-09-16T23:55:31.763+0000] {processor.py:914} INFO - Processing file /home/airflow/.local/lib/python3.12/site-packages/airflow/example_dags/example_sensors.py for tasks to queue
[2025-09-16T23:55:31.764+0000] {logging_mixin.py:190} INFO - [2025-09-16T23:55:31.764+0000] {dagbag.py:588} INFO - Filling up the DagBag from /home/airflow/.local/lib/python3.12/site-packages/airflow/example_dags/example_sensors.py
[2025-09-16T23:55:31.771+0000] {processor.py:925} INFO - DAG(s) 'example_sensors' retrieved from /home/airflow/.local/lib/python3.12/site-packages/airflow/example_dags/example_sensors.py
[2025-09-16T23:55:31.785+0000] {logging_mixin.py:190} INFO - [2025-09-16T23:55:31.785+0000] {dag.py:3239} INFO - Sync 1 DAGs
[2025-09-16T23:55:31.792+0000] {logging_mixin.py:190} INFO - [2025-09-16T23:55:31.792+0000] {dag.py:4180} INFO - Setting next_dagrun for example_sensors to None, run_after=None
[2025-09-16T23:55:31.801+0000] {processor.py:208} INFO - Processing /home/airflow/.local/lib/python3.12/site-packages/airflow/example_dags/example_sensors.py took 0.044 seconds
[2025-09-16T23:56:01.899+0000] {processor.py:186} INFO - Started process (PID=1894) to work on /home/airflow/.local/lib/python3.12/site-packages/airflow/example_dags/example_sensors.py
[2025-09-16T23:56:01.899+0000] {processor.py:914} INFO - Processing file /home/airflow/.local/lib/python3.12/site-packages/airflow/example_dags/example_sensors.py for tasks to queue
[2025-09-16T23:56:01.901+0000] {logging_mixin.py:190} INFO - [2025-09-16T23:56:01.901+0000] {dagbag.py:588} INFO - Filling up the DagBag from /home/airflow/.local/lib/python3.12/site-packages/airflow/example_dags/example_sensors.py
[2025-09-16T23:56:01.906+0000] {processor.py:925} INFO - DAG(s) 'example_sensors' retrieved from /home/airflow/.local/lib/python3.12/site-packages/airflow/example_dags/example_sensors.py
[2025-09-16T23:56:01.922+0000] {logging_mixin.py:190} INFO - [2025-09-16T23:56:01.922+0000] {dag.py:3239} INFO - Sync 1 DAGs
[2025-09-16T23:56:01.930+0000] {logging_mixin.py:190} INFO - [2025-09-16T23:56:01.930+0000] {dag.py:4180} INFO - Setting next_dagrun for example_sensors to None, run_after=None
[2025-09-16T23:56:01.939+0000] {processor.py:208} INFO - Processing /home/airflow/.local/lib/python3.12/site-packages/airflow/example_dags/example_sensors.py took 0.044 seconds
[2025-09-16T23:56:32.147+0000] {processor.py:186} INFO - Started process (PID=1957) to work on /home/airflow/.local/lib/python3.12/site-packages/airflow/example_dags/example_sensors.py
[2025-09-16T23:56:32.148+0000] {processor.py:914} INFO - Processing file /home/airflow/.local/lib/python3.12/site-packages/airflow/example_dags/example_sensors.py for tasks to queue
[2025-09-16T23:56:32.149+0000] {logging_mixin.py:190} INFO - [2025-09-16T23:56:32.149+0000] {dagbag.py:588} INFO - Filling up the DagBag from /home/airflow/.local/lib/python3.12/site-packages/airflow/example_dags/example_sensors.py
[2025-09-16T23:56:32.155+0000] {processor.py:925} INFO - DAG(s) 'example_sensors' retrieved from /home/airflow/.local/lib/python3.12/site-packages/airflow/example_dags/example_sensors.py
[2025-09-16T23:56:32.170+0000] {logging_mixin.py:190} INFO - [2025-09-16T23:56:32.170+0000] {dag.py:3239} INFO - Sync 1 DAGs
[2025-09-16T23:56:32.178+0000] {logging_mixin.py:190} INFO - [2025-09-16T23:56:32.178+0000] {dag.py:4180} INFO - Setting next_dagrun for example_sensors to None, run_after=None
[2025-09-16T23:56:32.188+0000] {processor.py:208} INFO - Processing /home/airflow/.local/lib/python3.12/site-packages/airflow/example_dags/example_sensors.py took 0.044 seconds
[2025-09-16T23:57:02.283+0000] {processor.py:186} INFO - Started process (PID=2020) to work on /home/airflow/.local/lib/python3.12/site-packages/airflow/example_dags/example_sensors.py
[2025-09-16T23:57:02.283+0000] {processor.py:914} INFO - Processing file /home/airflow/.local/lib/python3.12/site-packages/airflow/example_dags/example_sensors.py for tasks to queue
[2025-09-16T23:57:02.285+0000] {logging_mixin.py:190} INFO - [2025-09-16T23:57:02.285+0000] {dagbag.py:588} INFO - Filling up the DagBag from /home/airflow/.local/lib/python3.12/site-packages/airflow/example_dags/example_sensors.py
[2025-09-16T23:57:02.290+0000] {processor.py:925} INFO - DAG(s) 'example_sensors' retrieved from /home/airflow/.local/lib/python3.12/site-packages/airflow/example_dags/example_sensors.py
[2025-09-16T23:57:02.305+0000] {logging_mixin.py:190} INFO - [2025-09-16T23:57:02.305+0000] {dag.py:3239} INFO - Sync 1 DAGs
[2025-09-16T23:57:02.314+0000] {logging_mixin.py:190} INFO - [2025-09-16T23:57:02.314+0000] {dag.py:4180} INFO - Setting next_dagrun for example_sensors to None, run_after=None
[2025-09-16T23:57:02.326+0000] {processor.py:208} INFO - Processing /home/airflow/.local/lib/python3.12/site-packages/airflow/example_dags/example_sensors.py took 0.046 seconds
[2025-09-16T23:57:33.382+0000] {processor.py:186} INFO - Started process (PID=2083) to work on /home/airflow/.local/lib/python3.12/site-packages/airflow/example_dags/example_sensors.py
[2025-09-16T23:57:33.383+0000] {processor.py:914} INFO - Processing file /home/airflow/.local/lib/python3.12/site-packages/airflow/example_dags/example_sensors.py for tasks to queue
[2025-09-16T23:57:33.385+0000] {logging_mixin.py:190} INFO - [2025-09-16T23:57:33.385+0000] {dagbag.py:588} INFO - Filling up the DagBag from /home/airflow/.local/lib/python3.12/site-packages/airflow/example_dags/example_sensors.py
[2025-09-16T23:57:33.391+0000] {processor.py:925} INFO - DAG(s) 'example_sensors' retrieved from /home/airflow/.local/lib/python3.12/site-packages/airflow/example_dags/example_sensors.py
[2025-09-16T23:57:33.406+0000] {logging_mixin.py:190} INFO - [2025-09-16T23:57:33.406+0000] {dag.py:3239} INFO - Sync 1 DAGs
[2025-09-16T23:57:33.414+0000] {logging_mixin.py:190} INFO - [2025-09-16T23:57:33.413+0000] {dag.py:4180} INFO - Setting next_dagrun for example_sensors to None, run_after=None
[2025-09-16T23:57:33.426+0000] {processor.py:208} INFO - Processing /home/airflow/.local/lib/python3.12/site-packages/airflow/example_dags/example_sensors.py took 0.048 seconds
[2025-09-16T23:58:03.503+0000] {processor.py:186} INFO - Started process (PID=2146) to work on /home/airflow/.local/lib/python3.12/site-packages/airflow/example_dags/example_sensors.py
[2025-09-16T23:58:03.504+0000] {processor.py:914} INFO - Processing file /home/airflow/.local/lib/python3.12/site-packages/airflow/example_dags/example_sensors.py for tasks to queue
[2025-09-16T23:58:03.506+0000] {logging_mixin.py:190} INFO - [2025-09-16T23:58:03.505+0000] {dagbag.py:588} INFO - Filling up the DagBag from /home/airflow/.local/lib/python3.12/site-packages/airflow/example_dags/example_sensors.py
[2025-09-16T23:58:03.511+0000] {processor.py:925} INFO - DAG(s) 'example_sensors' retrieved from /home/airflow/.local/lib/python3.12/site-packages/airflow/example_dags/example_sensors.py
[2025-09-16T23:58:03.523+0000] {logging_mixin.py:190} INFO - [2025-09-16T23:58:03.523+0000] {dag.py:3239} INFO - Sync 1 DAGs
[2025-09-16T23:58:03.530+0000] {logging_mixin.py:190} INFO - [2025-09-16T23:58:03.530+0000] {dag.py:4180} INFO - Setting next_dagrun for example_sensors to None, run_after=None
[2025-09-16T23:58:03.539+0000] {processor.py:208} INFO - Processing /home/airflow/.local/lib/python3.12/site-packages/airflow/example_dags/example_sensors.py took 0.038 seconds
[2025-09-16T23:58:34.572+0000] {processor.py:186} INFO - Started process (PID=2209) to work on /home/airflow/.local/lib/python3.12/site-packages/airflow/example_dags/example_sensors.py
[2025-09-16T23:58:34.574+0000] {processor.py:914} INFO - Processing file /home/airflow/.local/lib/python3.12/site-packages/airflow/example_dags/example_sensors.py for tasks to queue
[2025-09-16T23:58:34.576+0000] {logging_mixin.py:190} INFO - [2025-09-16T23:58:34.576+0000] {dagbag.py:588} INFO - Filling up the DagBag from /home/airflow/.local/lib/python3.12/site-packages/airflow/example_dags/example_sensors.py
[2025-09-16T23:58:34.582+0000] {processor.py:925} INFO - DAG(s) 'example_sensors' retrieved from /home/airflow/.local/lib/python3.12/site-packages/airflow/example_dags/example_sensors.py
[2025-09-16T23:58:34.597+0000] {logging_mixin.py:190} INFO - [2025-09-16T23:58:34.597+0000] {dag.py:3239} INFO - Sync 1 DAGs
[2025-09-16T23:58:34.614+0000] {logging_mixin.py:190} INFO - [2025-09-16T23:58:34.614+0000] {dag.py:4180} INFO - Setting next_dagrun for example_sensors to None, run_after=None
[2025-09-16T23:58:34.625+0000] {processor.py:208} INFO - Processing /home/airflow/.local/lib/python3.12/site-packages/airflow/example_dags/example_sensors.py took 0.056 seconds
[2025-09-16T23:59:05.630+0000] {processor.py:186} INFO - Started process (PID=2272) to work on /home/airflow/.local/lib/python3.12/site-packages/airflow/example_dags/example_sensors.py
[2025-09-16T23:59:05.630+0000] {processor.py:914} INFO - Processing file /home/airflow/.local/lib/python3.12/site-packages/airflow/example_dags/example_sensors.py for tasks to queue
[2025-09-16T23:59:05.631+0000] {logging_mixin.py:190} INFO - [2025-09-16T23:59:05.631+0000] {dagbag.py:588} INFO - Filling up the DagBag from /home/airflow/.local/lib/python3.12/site-packages/airflow/example_dags/example_sensors.py
[2025-09-16T23:59:05.637+0000] {processor.py:925} INFO - DAG(s) 'example_sensors' retrieved from /home/airflow/.local/lib/python3.12/site-packages/airflow/example_dags/example_sensors.py
[2025-09-16T23:59:05.649+0000] {logging_mixin.py:190} INFO - [2025-09-16T23:59:05.649+0000] {dag.py:3239} INFO - Sync 1 DAGs
[2025-09-16T23:59:05.655+0000] {logging_mixin.py:190} INFO - [2025-09-16T23:59:05.655+0000] {dag.py:4180} INFO - Setting next_dagrun for example_sensors to None, run_after=None
[2025-09-16T23:59:05.663+0000] {processor.py:208} INFO - Processing /home/airflow/.local/lib/python3.12/site-packages/airflow/example_dags/example_sensors.py took 0.036 seconds
[2025-09-16T23:59:36.764+0000] {processor.py:186} INFO - Started process (PID=2335) to work on /home/airflow/.local/lib/python3.12/site-packages/airflow/example_dags/example_sensors.py
[2025-09-16T23:59:36.765+0000] {processor.py:914} INFO - Processing file /home/airflow/.local/lib/python3.12/site-packages/airflow/example_dags/example_sensors.py for tasks to queue
[2025-09-16T23:59:36.766+0000] {logging_mixin.py:190} INFO - [2025-09-16T23:59:36.766+0000] {dagbag.py:588} INFO - Filling up the DagBag from /home/airflow/.local/lib/python3.12/site-packages/airflow/example_dags/example_sensors.py
[2025-09-16T23:59:36.772+0000] {processor.py:925} INFO - DAG(s) 'example_sensors' retrieved from /home/airflow/.local/lib/python3.12/site-packages/airflow/example_dags/example_sensors.py
[2025-09-16T23:59:36.788+0000] {logging_mixin.py:190} INFO - [2025-09-16T23:59:36.788+0000] {dag.py:3239} INFO - Sync 1 DAGs
[2025-09-16T23:59:36.796+0000] {logging_mixin.py:190} INFO - [2025-09-16T23:59:36.796+0000] {dag.py:4180} INFO - Setting next_dagrun for example_sensors to None, run_after=None
[2025-09-16T23:59:36.805+0000] {processor.py:208} INFO - Processing /home/airflow/.local/lib/python3.12/site-packages/airflow/example_dags/example_sensors.py took 0.045 seconds
