[2025-09-16T23:41:18.643+0000] {processor.py:186} INFO - Started process (PID=85) to work on /home/airflow/.local/lib/python3.12/site-packages/airflow/example_dags/example_subdag_operator.py
[2025-09-16T23:41:18.644+0000] {processor.py:914} INFO - Processing file /home/airflow/.local/lib/python3.12/site-packages/airflow/example_dags/example_subdag_operator.py for tasks to queue
[2025-09-16T23:41:18.646+0000] {logging_mixin.py:190} INFO - [2025-09-16T23:41:18.646+0000] {dagbag.py:588} INFO - Filling up the DagBag from /home/airflow/.local/lib/python3.12/site-packages/airflow/example_dags/example_subdag_operator.py
[2025-09-16T23:41:18.730+0000] {processor.py:925} INFO - DAG(s) 'example_subdag_operator.section-1', 'example_subdag_operator.section-2', 'example_subdag_operator' retrieved from /home/airflow/.local/lib/python3.12/site-packages/airflow/example_dags/example_subdag_operator.py
[2025-09-16T23:41:18.829+0000] {logging_mixin.py:190} INFO - [2025-09-16T23:41:18.828+0000] {override.py:1911} INFO - Created Permission View: can edit on DAG:example_subdag_operator
[2025-09-16T23:41:18.837+0000] {logging_mixin.py:190} INFO - [2025-09-16T23:41:18.836+0000] {override.py:1911} INFO - Created Permission View: can delete on DAG:example_subdag_operator
[2025-09-16T23:41:18.842+0000] {logging_mixin.py:190} INFO - [2025-09-16T23:41:18.841+0000] {override.py:1911} INFO - Created Permission View: can read on DAG:example_subdag_operator
[2025-09-16T23:41:18.846+0000] {logging_mixin.py:190} INFO - [2025-09-16T23:41:18.846+0000] {override.py:1911} INFO - Created Permission View: menu access on DAG Run:example_subdag_operator
[2025-09-16T23:41:18.850+0000] {logging_mixin.py:190} INFO - [2025-09-16T23:41:18.850+0000] {override.py:1911} INFO - Created Permission View: can create on DAG Run:example_subdag_operator
[2025-09-16T23:41:18.854+0000] {logging_mixin.py:190} INFO - [2025-09-16T23:41:18.854+0000] {override.py:1911} INFO - Created Permission View: can delete on DAG Run:example_subdag_operator
[2025-09-16T23:41:18.858+0000] {logging_mixin.py:190} INFO - [2025-09-16T23:41:18.858+0000] {override.py:1911} INFO - Created Permission View: can read on DAG Run:example_subdag_operator
[2025-09-16T23:41:18.859+0000] {logging_mixin.py:190} INFO - [2025-09-16T23:41:18.859+0000] {dag.py:3239} INFO - Sync 3 DAGs
[2025-09-16T23:41:18.868+0000] {logging_mixin.py:190} INFO - [2025-09-16T23:41:18.868+0000] {dag.py:3262} INFO - Creating ORM DAG for example_subdag_operator.section-1
[2025-09-16T23:41:18.868+0000] {logging_mixin.py:190} INFO - [2025-09-16T23:41:18.868+0000] {dag.py:3262} INFO - Creating ORM DAG for example_subdag_operator.section-2
[2025-09-16T23:41:18.869+0000] {logging_mixin.py:190} INFO - [2025-09-16T23:41:18.869+0000] {dag.py:3262} INFO - Creating ORM DAG for example_subdag_operator
[2025-09-16T23:41:18.875+0000] {logging_mixin.py:190} INFO - [2025-09-16T23:41:18.875+0000] {dag.py:4180} INFO - Setting next_dagrun for example_subdag_operator to 2022-01-01 00:00:00+00:00, run_after=2022-01-01 00:00:00+00:00
[2025-09-16T23:41:18.876+0000] {logging_mixin.py:190} INFO - [2025-09-16T23:41:18.876+0000] {dag.py:4180} INFO - Setting next_dagrun for example_subdag_operator.section-1 to None, run_after=None
[2025-09-16T23:41:18.876+0000] {logging_mixin.py:190} INFO - [2025-09-16T23:41:18.876+0000] {dag.py:4180} INFO - Setting next_dagrun for example_subdag_operator.section-2 to None, run_after=None
[2025-09-16T23:41:18.883+0000] {logging_mixin.py:190} INFO - [2025-09-16T23:41:18.882+0000] {dag.py:3239} INFO - Sync 2 DAGs
[2025-09-16T23:41:18.887+0000] {logging_mixin.py:190} INFO - [2025-09-16T23:41:18.886+0000] {dag.py:4180} INFO - Setting next_dagrun for example_subdag_operator.section-1 to None, run_after=None
[2025-09-16T23:41:18.889+0000] {logging_mixin.py:190} INFO - [2025-09-16T23:41:18.889+0000] {dag.py:4180} INFO - Setting next_dagrun for example_subdag_operator.section-2 to None, run_after=None
[2025-09-16T23:41:18.920+0000] {processor.py:208} INFO - Processing /home/airflow/.local/lib/python3.12/site-packages/airflow/example_dags/example_subdag_operator.py took 0.282 seconds
[2025-09-16T23:41:49.314+0000] {processor.py:186} INFO - Started process (PID=148) to work on /home/airflow/.local/lib/python3.12/site-packages/airflow/example_dags/example_subdag_operator.py
[2025-09-16T23:41:49.315+0000] {processor.py:914} INFO - Processing file /home/airflow/.local/lib/python3.12/site-packages/airflow/example_dags/example_subdag_operator.py for tasks to queue
[2025-09-16T23:41:49.316+0000] {logging_mixin.py:190} INFO - [2025-09-16T23:41:49.316+0000] {dagbag.py:588} INFO - Filling up the DagBag from /home/airflow/.local/lib/python3.12/site-packages/airflow/example_dags/example_subdag_operator.py
[2025-09-16T23:41:49.329+0000] {processor.py:925} INFO - DAG(s) 'example_subdag_operator.section-1', 'example_subdag_operator.section-2', 'example_subdag_operator' retrieved from /home/airflow/.local/lib/python3.12/site-packages/airflow/example_dags/example_subdag_operator.py
[2025-09-16T23:41:49.337+0000] {logging_mixin.py:190} INFO - [2025-09-16T23:41:49.337+0000] {dag.py:3239} INFO - Sync 3 DAGs
[2025-09-16T23:41:49.349+0000] {logging_mixin.py:190} INFO - [2025-09-16T23:41:49.349+0000] {dag.py:4180} INFO - Setting next_dagrun for example_subdag_operator to 2022-01-01 00:00:00+00:00, run_after=2022-01-01 00:00:00+00:00
[2025-09-16T23:41:49.351+0000] {logging_mixin.py:190} INFO - [2025-09-16T23:41:49.351+0000] {dag.py:4180} INFO - Setting next_dagrun for example_subdag_operator.section-1 to None, run_after=None
[2025-09-16T23:41:49.351+0000] {logging_mixin.py:190} INFO - [2025-09-16T23:41:49.351+0000] {dag.py:4180} INFO - Setting next_dagrun for example_subdag_operator.section-2 to None, run_after=None
[2025-09-16T23:41:49.355+0000] {logging_mixin.py:190} INFO - [2025-09-16T23:41:49.355+0000] {dag.py:3239} INFO - Sync 2 DAGs
[2025-09-16T23:41:49.358+0000] {logging_mixin.py:190} INFO - [2025-09-16T23:41:49.358+0000] {dag.py:4180} INFO - Setting next_dagrun for example_subdag_operator.section-1 to None, run_after=None
[2025-09-16T23:41:49.358+0000] {logging_mixin.py:190} INFO - [2025-09-16T23:41:49.358+0000] {dag.py:4180} INFO - Setting next_dagrun for example_subdag_operator.section-2 to None, run_after=None
[2025-09-16T23:41:49.363+0000] {processor.py:208} INFO - Processing /home/airflow/.local/lib/python3.12/site-packages/airflow/example_dags/example_subdag_operator.py took 0.052 seconds
[2025-09-16T23:42:19.381+0000] {processor.py:186} INFO - Started process (PID=210) to work on /home/airflow/.local/lib/python3.12/site-packages/airflow/example_dags/example_subdag_operator.py
[2025-09-16T23:42:19.382+0000] {processor.py:914} INFO - Processing file /home/airflow/.local/lib/python3.12/site-packages/airflow/example_dags/example_subdag_operator.py for tasks to queue
[2025-09-16T23:42:19.383+0000] {logging_mixin.py:190} INFO - [2025-09-16T23:42:19.383+0000] {dagbag.py:588} INFO - Filling up the DagBag from /home/airflow/.local/lib/python3.12/site-packages/airflow/example_dags/example_subdag_operator.py
[2025-09-16T23:42:19.395+0000] {processor.py:925} INFO - DAG(s) 'example_subdag_operator.section-1', 'example_subdag_operator.section-2', 'example_subdag_operator' retrieved from /home/airflow/.local/lib/python3.12/site-packages/airflow/example_dags/example_subdag_operator.py
[2025-09-16T23:42:19.401+0000] {logging_mixin.py:190} INFO - [2025-09-16T23:42:19.401+0000] {dag.py:3239} INFO - Sync 3 DAGs
[2025-09-16T23:42:19.411+0000] {logging_mixin.py:190} INFO - [2025-09-16T23:42:19.411+0000] {dag.py:4180} INFO - Setting next_dagrun for example_subdag_operator to 2022-01-01 00:00:00+00:00, run_after=2022-01-01 00:00:00+00:00
[2025-09-16T23:42:19.413+0000] {logging_mixin.py:190} INFO - [2025-09-16T23:42:19.413+0000] {dag.py:4180} INFO - Setting next_dagrun for example_subdag_operator.section-1 to None, run_after=None
[2025-09-16T23:42:19.413+0000] {logging_mixin.py:190} INFO - [2025-09-16T23:42:19.413+0000] {dag.py:4180} INFO - Setting next_dagrun for example_subdag_operator.section-2 to None, run_after=None
[2025-09-16T23:42:19.416+0000] {logging_mixin.py:190} INFO - [2025-09-16T23:42:19.416+0000] {dag.py:3239} INFO - Sync 2 DAGs
[2025-09-16T23:42:19.418+0000] {logging_mixin.py:190} INFO - [2025-09-16T23:42:19.418+0000] {dag.py:4180} INFO - Setting next_dagrun for example_subdag_operator.section-1 to None, run_after=None
[2025-09-16T23:42:19.419+0000] {logging_mixin.py:190} INFO - [2025-09-16T23:42:19.419+0000] {dag.py:4180} INFO - Setting next_dagrun for example_subdag_operator.section-2 to None, run_after=None
[2025-09-16T23:42:19.423+0000] {processor.py:208} INFO - Processing /home/airflow/.local/lib/python3.12/site-packages/airflow/example_dags/example_subdag_operator.py took 0.044 seconds
[2025-09-16T23:42:50.109+0000] {processor.py:186} INFO - Started process (PID=278) to work on /home/airflow/.local/lib/python3.12/site-packages/airflow/example_dags/example_subdag_operator.py
[2025-09-16T23:42:50.110+0000] {processor.py:914} INFO - Processing file /home/airflow/.local/lib/python3.12/site-packages/airflow/example_dags/example_subdag_operator.py for tasks to queue
[2025-09-16T23:42:50.111+0000] {logging_mixin.py:190} INFO - [2025-09-16T23:42:50.111+0000] {dagbag.py:588} INFO - Filling up the DagBag from /home/airflow/.local/lib/python3.12/site-packages/airflow/example_dags/example_subdag_operator.py
[2025-09-16T23:42:50.129+0000] {processor.py:925} INFO - DAG(s) 'example_subdag_operator.section-1', 'example_subdag_operator.section-2', 'example_subdag_operator' retrieved from /home/airflow/.local/lib/python3.12/site-packages/airflow/example_dags/example_subdag_operator.py
[2025-09-16T23:42:50.137+0000] {logging_mixin.py:190} INFO - [2025-09-16T23:42:50.137+0000] {dag.py:3239} INFO - Sync 3 DAGs
[2025-09-16T23:42:50.153+0000] {logging_mixin.py:190} INFO - [2025-09-16T23:42:50.153+0000] {dag.py:4180} INFO - Setting next_dagrun for example_subdag_operator to 2022-01-01 00:00:00+00:00, run_after=2022-01-01 00:00:00+00:00
[2025-09-16T23:42:50.155+0000] {logging_mixin.py:190} INFO - [2025-09-16T23:42:50.155+0000] {dag.py:4180} INFO - Setting next_dagrun for example_subdag_operator.section-1 to None, run_after=None
[2025-09-16T23:42:50.156+0000] {logging_mixin.py:190} INFO - [2025-09-16T23:42:50.156+0000] {dag.py:4180} INFO - Setting next_dagrun for example_subdag_operator.section-2 to None, run_after=None
[2025-09-16T23:42:50.160+0000] {logging_mixin.py:190} INFO - [2025-09-16T23:42:50.160+0000] {dag.py:3239} INFO - Sync 2 DAGs
[2025-09-16T23:42:50.162+0000] {logging_mixin.py:190} INFO - [2025-09-16T23:42:50.162+0000] {dag.py:4180} INFO - Setting next_dagrun for example_subdag_operator.section-1 to None, run_after=None
[2025-09-16T23:42:50.163+0000] {logging_mixin.py:190} INFO - [2025-09-16T23:42:50.162+0000] {dag.py:4180} INFO - Setting next_dagrun for example_subdag_operator.section-2 to None, run_after=None
[2025-09-16T23:42:50.167+0000] {processor.py:208} INFO - Processing /home/airflow/.local/lib/python3.12/site-packages/airflow/example_dags/example_subdag_operator.py took 0.064 seconds
[2025-09-16T23:43:20.500+0000] {processor.py:186} INFO - Started process (PID=341) to work on /home/airflow/.local/lib/python3.12/site-packages/airflow/example_dags/example_subdag_operator.py
[2025-09-16T23:43:20.501+0000] {processor.py:914} INFO - Processing file /home/airflow/.local/lib/python3.12/site-packages/airflow/example_dags/example_subdag_operator.py for tasks to queue
[2025-09-16T23:43:20.502+0000] {logging_mixin.py:190} INFO - [2025-09-16T23:43:20.502+0000] {dagbag.py:588} INFO - Filling up the DagBag from /home/airflow/.local/lib/python3.12/site-packages/airflow/example_dags/example_subdag_operator.py
[2025-09-16T23:43:20.515+0000] {processor.py:925} INFO - DAG(s) 'example_subdag_operator.section-1', 'example_subdag_operator.section-2', 'example_subdag_operator' retrieved from /home/airflow/.local/lib/python3.12/site-packages/airflow/example_dags/example_subdag_operator.py
[2025-09-16T23:43:20.526+0000] {logging_mixin.py:190} INFO - [2025-09-16T23:43:20.526+0000] {dag.py:3239} INFO - Sync 3 DAGs
[2025-09-16T23:43:20.537+0000] {logging_mixin.py:190} INFO - [2025-09-16T23:43:20.537+0000] {dag.py:4180} INFO - Setting next_dagrun for example_subdag_operator to 2022-01-01 00:00:00+00:00, run_after=2022-01-01 00:00:00+00:00
[2025-09-16T23:43:20.539+0000] {logging_mixin.py:190} INFO - [2025-09-16T23:43:20.539+0000] {dag.py:4180} INFO - Setting next_dagrun for example_subdag_operator.section-1 to None, run_after=None
[2025-09-16T23:43:20.540+0000] {logging_mixin.py:190} INFO - [2025-09-16T23:43:20.540+0000] {dag.py:4180} INFO - Setting next_dagrun for example_subdag_operator.section-2 to None, run_after=None
[2025-09-16T23:43:20.543+0000] {logging_mixin.py:190} INFO - [2025-09-16T23:43:20.543+0000] {dag.py:3239} INFO - Sync 2 DAGs
[2025-09-16T23:43:20.545+0000] {logging_mixin.py:190} INFO - [2025-09-16T23:43:20.545+0000] {dag.py:4180} INFO - Setting next_dagrun for example_subdag_operator.section-1 to None, run_after=None
[2025-09-16T23:43:20.545+0000] {logging_mixin.py:190} INFO - [2025-09-16T23:43:20.545+0000] {dag.py:4180} INFO - Setting next_dagrun for example_subdag_operator.section-2 to None, run_after=None
[2025-09-16T23:43:20.549+0000] {processor.py:208} INFO - Processing /home/airflow/.local/lib/python3.12/site-packages/airflow/example_dags/example_subdag_operator.py took 0.053 seconds
[2025-09-16T23:43:51.437+0000] {processor.py:186} INFO - Started process (PID=404) to work on /home/airflow/.local/lib/python3.12/site-packages/airflow/example_dags/example_subdag_operator.py
[2025-09-16T23:43:51.438+0000] {processor.py:914} INFO - Processing file /home/airflow/.local/lib/python3.12/site-packages/airflow/example_dags/example_subdag_operator.py for tasks to queue
[2025-09-16T23:43:51.439+0000] {logging_mixin.py:190} INFO - [2025-09-16T23:43:51.439+0000] {dagbag.py:588} INFO - Filling up the DagBag from /home/airflow/.local/lib/python3.12/site-packages/airflow/example_dags/example_subdag_operator.py
[2025-09-16T23:43:51.451+0000] {processor.py:925} INFO - DAG(s) 'example_subdag_operator.section-1', 'example_subdag_operator.section-2', 'example_subdag_operator' retrieved from /home/airflow/.local/lib/python3.12/site-packages/airflow/example_dags/example_subdag_operator.py
[2025-09-16T23:43:51.457+0000] {logging_mixin.py:190} INFO - [2025-09-16T23:43:51.457+0000] {dag.py:3239} INFO - Sync 3 DAGs
[2025-09-16T23:43:51.467+0000] {logging_mixin.py:190} INFO - [2025-09-16T23:43:51.467+0000] {dag.py:4180} INFO - Setting next_dagrun for example_subdag_operator to 2022-01-01 00:00:00+00:00, run_after=2022-01-01 00:00:00+00:00
[2025-09-16T23:43:51.468+0000] {logging_mixin.py:190} INFO - [2025-09-16T23:43:51.468+0000] {dag.py:4180} INFO - Setting next_dagrun for example_subdag_operator.section-1 to None, run_after=None
[2025-09-16T23:43:51.469+0000] {logging_mixin.py:190} INFO - [2025-09-16T23:43:51.469+0000] {dag.py:4180} INFO - Setting next_dagrun for example_subdag_operator.section-2 to None, run_after=None
[2025-09-16T23:43:51.472+0000] {logging_mixin.py:190} INFO - [2025-09-16T23:43:51.472+0000] {dag.py:3239} INFO - Sync 2 DAGs
[2025-09-16T23:43:51.474+0000] {logging_mixin.py:190} INFO - [2025-09-16T23:43:51.474+0000] {dag.py:4180} INFO - Setting next_dagrun for example_subdag_operator.section-1 to None, run_after=None
[2025-09-16T23:43:51.474+0000] {logging_mixin.py:190} INFO - [2025-09-16T23:43:51.474+0000] {dag.py:4180} INFO - Setting next_dagrun for example_subdag_operator.section-2 to None, run_after=None
[2025-09-16T23:43:51.478+0000] {processor.py:208} INFO - Processing /home/airflow/.local/lib/python3.12/site-packages/airflow/example_dags/example_subdag_operator.py took 0.044 seconds
[2025-09-16T23:44:21.878+0000] {processor.py:186} INFO - Started process (PID=467) to work on /home/airflow/.local/lib/python3.12/site-packages/airflow/example_dags/example_subdag_operator.py
[2025-09-16T23:44:21.880+0000] {processor.py:914} INFO - Processing file /home/airflow/.local/lib/python3.12/site-packages/airflow/example_dags/example_subdag_operator.py for tasks to queue
[2025-09-16T23:44:21.883+0000] {logging_mixin.py:190} INFO - [2025-09-16T23:44:21.882+0000] {dagbag.py:588} INFO - Filling up the DagBag from /home/airflow/.local/lib/python3.12/site-packages/airflow/example_dags/example_subdag_operator.py
[2025-09-16T23:44:21.910+0000] {processor.py:925} INFO - DAG(s) 'example_subdag_operator.section-1', 'example_subdag_operator.section-2', 'example_subdag_operator' retrieved from /home/airflow/.local/lib/python3.12/site-packages/airflow/example_dags/example_subdag_operator.py
[2025-09-16T23:44:21.921+0000] {logging_mixin.py:190} INFO - [2025-09-16T23:44:21.920+0000] {dag.py:3239} INFO - Sync 3 DAGs
[2025-09-16T23:44:21.940+0000] {logging_mixin.py:190} INFO - [2025-09-16T23:44:21.940+0000] {dag.py:4180} INFO - Setting next_dagrun for example_subdag_operator to 2022-01-01 00:00:00+00:00, run_after=2022-01-01 00:00:00+00:00
[2025-09-16T23:44:21.943+0000] {logging_mixin.py:190} INFO - [2025-09-16T23:44:21.942+0000] {dag.py:4180} INFO - Setting next_dagrun for example_subdag_operator.section-1 to None, run_after=None
[2025-09-16T23:44:21.943+0000] {logging_mixin.py:190} INFO - [2025-09-16T23:44:21.943+0000] {dag.py:4180} INFO - Setting next_dagrun for example_subdag_operator.section-2 to None, run_after=None
[2025-09-16T23:44:21.951+0000] {logging_mixin.py:190} INFO - [2025-09-16T23:44:21.950+0000] {dag.py:3239} INFO - Sync 2 DAGs
[2025-09-16T23:44:21.954+0000] {logging_mixin.py:190} INFO - [2025-09-16T23:44:21.954+0000] {dag.py:4180} INFO - Setting next_dagrun for example_subdag_operator.section-1 to None, run_after=None
[2025-09-16T23:44:21.954+0000] {logging_mixin.py:190} INFO - [2025-09-16T23:44:21.954+0000] {dag.py:4180} INFO - Setting next_dagrun for example_subdag_operator.section-2 to None, run_after=None
[2025-09-16T23:44:21.961+0000] {processor.py:208} INFO - Processing /home/airflow/.local/lib/python3.12/site-packages/airflow/example_dags/example_subdag_operator.py took 0.090 seconds
[2025-09-16T23:44:52.398+0000] {processor.py:186} INFO - Started process (PID=530) to work on /home/airflow/.local/lib/python3.12/site-packages/airflow/example_dags/example_subdag_operator.py
[2025-09-16T23:44:52.399+0000] {processor.py:914} INFO - Processing file /home/airflow/.local/lib/python3.12/site-packages/airflow/example_dags/example_subdag_operator.py for tasks to queue
[2025-09-16T23:44:52.400+0000] {logging_mixin.py:190} INFO - [2025-09-16T23:44:52.400+0000] {dagbag.py:588} INFO - Filling up the DagBag from /home/airflow/.local/lib/python3.12/site-packages/airflow/example_dags/example_subdag_operator.py
[2025-09-16T23:44:52.413+0000] {processor.py:925} INFO - DAG(s) 'example_subdag_operator.section-1', 'example_subdag_operator.section-2', 'example_subdag_operator' retrieved from /home/airflow/.local/lib/python3.12/site-packages/airflow/example_dags/example_subdag_operator.py
[2025-09-16T23:44:52.421+0000] {logging_mixin.py:190} INFO - [2025-09-16T23:44:52.421+0000] {dag.py:3239} INFO - Sync 3 DAGs
[2025-09-16T23:44:52.434+0000] {logging_mixin.py:190} INFO - [2025-09-16T23:44:52.434+0000] {dag.py:4180} INFO - Setting next_dagrun for example_subdag_operator to 2022-01-01 00:00:00+00:00, run_after=2022-01-01 00:00:00+00:00
[2025-09-16T23:44:52.437+0000] {logging_mixin.py:190} INFO - [2025-09-16T23:44:52.436+0000] {dag.py:4180} INFO - Setting next_dagrun for example_subdag_operator.section-1 to None, run_after=None
[2025-09-16T23:44:52.438+0000] {logging_mixin.py:190} INFO - [2025-09-16T23:44:52.438+0000] {dag.py:4180} INFO - Setting next_dagrun for example_subdag_operator.section-2 to None, run_after=None
[2025-09-16T23:44:52.443+0000] {logging_mixin.py:190} INFO - [2025-09-16T23:44:52.443+0000] {dag.py:3239} INFO - Sync 2 DAGs
[2025-09-16T23:44:52.446+0000] {logging_mixin.py:190} INFO - [2025-09-16T23:44:52.446+0000] {dag.py:4180} INFO - Setting next_dagrun for example_subdag_operator.section-1 to None, run_after=None
[2025-09-16T23:44:52.447+0000] {logging_mixin.py:190} INFO - [2025-09-16T23:44:52.446+0000] {dag.py:4180} INFO - Setting next_dagrun for example_subdag_operator.section-2 to None, run_after=None
[2025-09-16T23:44:52.456+0000] {processor.py:208} INFO - Processing /home/airflow/.local/lib/python3.12/site-packages/airflow/example_dags/example_subdag_operator.py took 0.061 seconds
[2025-09-16T23:45:22.621+0000] {processor.py:186} INFO - Started process (PID=592) to work on /home/airflow/.local/lib/python3.12/site-packages/airflow/example_dags/example_subdag_operator.py
[2025-09-16T23:45:22.622+0000] {processor.py:914} INFO - Processing file /home/airflow/.local/lib/python3.12/site-packages/airflow/example_dags/example_subdag_operator.py for tasks to queue
[2025-09-16T23:45:22.624+0000] {logging_mixin.py:190} INFO - [2025-09-16T23:45:22.624+0000] {dagbag.py:588} INFO - Filling up the DagBag from /home/airflow/.local/lib/python3.12/site-packages/airflow/example_dags/example_subdag_operator.py
[2025-09-16T23:45:22.636+0000] {processor.py:925} INFO - DAG(s) 'example_subdag_operator.section-1', 'example_subdag_operator.section-2', 'example_subdag_operator' retrieved from /home/airflow/.local/lib/python3.12/site-packages/airflow/example_dags/example_subdag_operator.py
[2025-09-16T23:45:22.643+0000] {logging_mixin.py:190} INFO - [2025-09-16T23:45:22.642+0000] {dag.py:3239} INFO - Sync 3 DAGs
[2025-09-16T23:45:22.652+0000] {logging_mixin.py:190} INFO - [2025-09-16T23:45:22.652+0000] {dag.py:4180} INFO - Setting next_dagrun for example_subdag_operator to 2022-01-01 00:00:00+00:00, run_after=2022-01-01 00:00:00+00:00
[2025-09-16T23:45:22.654+0000] {logging_mixin.py:190} INFO - [2025-09-16T23:45:22.654+0000] {dag.py:4180} INFO - Setting next_dagrun for example_subdag_operator.section-1 to None, run_after=None
[2025-09-16T23:45:22.654+0000] {logging_mixin.py:190} INFO - [2025-09-16T23:45:22.654+0000] {dag.py:4180} INFO - Setting next_dagrun for example_subdag_operator.section-2 to None, run_after=None
[2025-09-16T23:45:22.657+0000] {logging_mixin.py:190} INFO - [2025-09-16T23:45:22.657+0000] {dag.py:3239} INFO - Sync 2 DAGs
[2025-09-16T23:45:22.659+0000] {logging_mixin.py:190} INFO - [2025-09-16T23:45:22.659+0000] {dag.py:4180} INFO - Setting next_dagrun for example_subdag_operator.section-1 to None, run_after=None
[2025-09-16T23:45:22.659+0000] {logging_mixin.py:190} INFO - [2025-09-16T23:45:22.659+0000] {dag.py:4180} INFO - Setting next_dagrun for example_subdag_operator.section-2 to None, run_after=None
[2025-09-16T23:45:22.663+0000] {processor.py:208} INFO - Processing /home/airflow/.local/lib/python3.12/site-packages/airflow/example_dags/example_subdag_operator.py took 0.046 seconds
[2025-09-16T23:45:53.363+0000] {processor.py:186} INFO - Started process (PID=655) to work on /home/airflow/.local/lib/python3.12/site-packages/airflow/example_dags/example_subdag_operator.py
[2025-09-16T23:45:53.364+0000] {processor.py:914} INFO - Processing file /home/airflow/.local/lib/python3.12/site-packages/airflow/example_dags/example_subdag_operator.py for tasks to queue
[2025-09-16T23:45:53.366+0000] {logging_mixin.py:190} INFO - [2025-09-16T23:45:53.365+0000] {dagbag.py:588} INFO - Filling up the DagBag from /home/airflow/.local/lib/python3.12/site-packages/airflow/example_dags/example_subdag_operator.py
[2025-09-16T23:45:53.379+0000] {processor.py:925} INFO - DAG(s) 'example_subdag_operator.section-1', 'example_subdag_operator.section-2', 'example_subdag_operator' retrieved from /home/airflow/.local/lib/python3.12/site-packages/airflow/example_dags/example_subdag_operator.py
[2025-09-16T23:45:53.387+0000] {logging_mixin.py:190} INFO - [2025-09-16T23:45:53.387+0000] {dag.py:3239} INFO - Sync 3 DAGs
[2025-09-16T23:45:53.398+0000] {logging_mixin.py:190} INFO - [2025-09-16T23:45:53.398+0000] {dag.py:4180} INFO - Setting next_dagrun for example_subdag_operator to 2022-01-01 00:00:00+00:00, run_after=2022-01-01 00:00:00+00:00
[2025-09-16T23:45:53.400+0000] {logging_mixin.py:190} INFO - [2025-09-16T23:45:53.400+0000] {dag.py:4180} INFO - Setting next_dagrun for example_subdag_operator.section-1 to None, run_after=None
[2025-09-16T23:45:53.400+0000] {logging_mixin.py:190} INFO - [2025-09-16T23:45:53.400+0000] {dag.py:4180} INFO - Setting next_dagrun for example_subdag_operator.section-2 to None, run_after=None
[2025-09-16T23:45:53.403+0000] {logging_mixin.py:190} INFO - [2025-09-16T23:45:53.403+0000] {dag.py:3239} INFO - Sync 2 DAGs
[2025-09-16T23:45:53.405+0000] {logging_mixin.py:190} INFO - [2025-09-16T23:45:53.405+0000] {dag.py:4180} INFO - Setting next_dagrun for example_subdag_operator.section-1 to None, run_after=None
[2025-09-16T23:45:53.405+0000] {logging_mixin.py:190} INFO - [2025-09-16T23:45:53.405+0000] {dag.py:4180} INFO - Setting next_dagrun for example_subdag_operator.section-2 to None, run_after=None
[2025-09-16T23:45:53.409+0000] {processor.py:208} INFO - Processing /home/airflow/.local/lib/python3.12/site-packages/airflow/example_dags/example_subdag_operator.py took 0.050 seconds
[2025-09-16T23:46:23.926+0000] {processor.py:186} INFO - Started process (PID=718) to work on /home/airflow/.local/lib/python3.12/site-packages/airflow/example_dags/example_subdag_operator.py
[2025-09-16T23:46:23.927+0000] {processor.py:914} INFO - Processing file /home/airflow/.local/lib/python3.12/site-packages/airflow/example_dags/example_subdag_operator.py for tasks to queue
[2025-09-16T23:46:23.928+0000] {logging_mixin.py:190} INFO - [2025-09-16T23:46:23.928+0000] {dagbag.py:588} INFO - Filling up the DagBag from /home/airflow/.local/lib/python3.12/site-packages/airflow/example_dags/example_subdag_operator.py
[2025-09-16T23:46:23.940+0000] {processor.py:925} INFO - DAG(s) 'example_subdag_operator.section-1', 'example_subdag_operator.section-2', 'example_subdag_operator' retrieved from /home/airflow/.local/lib/python3.12/site-packages/airflow/example_dags/example_subdag_operator.py
[2025-09-16T23:46:23.947+0000] {logging_mixin.py:190} INFO - [2025-09-16T23:46:23.947+0000] {dag.py:3239} INFO - Sync 3 DAGs
[2025-09-16T23:46:23.957+0000] {logging_mixin.py:190} INFO - [2025-09-16T23:46:23.957+0000] {dag.py:4180} INFO - Setting next_dagrun for example_subdag_operator to 2022-01-01 00:00:00+00:00, run_after=2022-01-01 00:00:00+00:00
[2025-09-16T23:46:23.958+0000] {logging_mixin.py:190} INFO - [2025-09-16T23:46:23.958+0000] {dag.py:4180} INFO - Setting next_dagrun for example_subdag_operator.section-1 to None, run_after=None
[2025-09-16T23:46:23.959+0000] {logging_mixin.py:190} INFO - [2025-09-16T23:46:23.959+0000] {dag.py:4180} INFO - Setting next_dagrun for example_subdag_operator.section-2 to None, run_after=None
[2025-09-16T23:46:23.962+0000] {logging_mixin.py:190} INFO - [2025-09-16T23:46:23.961+0000] {dag.py:3239} INFO - Sync 2 DAGs
[2025-09-16T23:46:23.964+0000] {logging_mixin.py:190} INFO - [2025-09-16T23:46:23.964+0000] {dag.py:4180} INFO - Setting next_dagrun for example_subdag_operator.section-1 to None, run_after=None
[2025-09-16T23:46:23.964+0000] {logging_mixin.py:190} INFO - [2025-09-16T23:46:23.964+0000] {dag.py:4180} INFO - Setting next_dagrun for example_subdag_operator.section-2 to None, run_after=None
[2025-09-16T23:46:23.968+0000] {processor.py:208} INFO - Processing /home/airflow/.local/lib/python3.12/site-packages/airflow/example_dags/example_subdag_operator.py took 0.045 seconds
[2025-09-16T23:46:54.543+0000] {processor.py:186} INFO - Started process (PID=781) to work on /home/airflow/.local/lib/python3.12/site-packages/airflow/example_dags/example_subdag_operator.py
[2025-09-16T23:46:54.543+0000] {processor.py:914} INFO - Processing file /home/airflow/.local/lib/python3.12/site-packages/airflow/example_dags/example_subdag_operator.py for tasks to queue
[2025-09-16T23:46:54.544+0000] {logging_mixin.py:190} INFO - [2025-09-16T23:46:54.544+0000] {dagbag.py:588} INFO - Filling up the DagBag from /home/airflow/.local/lib/python3.12/site-packages/airflow/example_dags/example_subdag_operator.py
[2025-09-16T23:46:54.557+0000] {processor.py:925} INFO - DAG(s) 'example_subdag_operator.section-1', 'example_subdag_operator.section-2', 'example_subdag_operator' retrieved from /home/airflow/.local/lib/python3.12/site-packages/airflow/example_dags/example_subdag_operator.py
[2025-09-16T23:46:54.564+0000] {logging_mixin.py:190} INFO - [2025-09-16T23:46:54.564+0000] {dag.py:3239} INFO - Sync 3 DAGs
[2025-09-16T23:46:54.574+0000] {logging_mixin.py:190} INFO - [2025-09-16T23:46:54.574+0000] {dag.py:4180} INFO - Setting next_dagrun for example_subdag_operator to 2022-01-01 00:00:00+00:00, run_after=2022-01-01 00:00:00+00:00
[2025-09-16T23:46:54.576+0000] {logging_mixin.py:190} INFO - [2025-09-16T23:46:54.576+0000] {dag.py:4180} INFO - Setting next_dagrun for example_subdag_operator.section-1 to None, run_after=None
[2025-09-16T23:46:54.576+0000] {logging_mixin.py:190} INFO - [2025-09-16T23:46:54.576+0000] {dag.py:4180} INFO - Setting next_dagrun for example_subdag_operator.section-2 to None, run_after=None
[2025-09-16T23:46:54.580+0000] {logging_mixin.py:190} INFO - [2025-09-16T23:46:54.579+0000] {dag.py:3239} INFO - Sync 2 DAGs
[2025-09-16T23:46:54.582+0000] {logging_mixin.py:190} INFO - [2025-09-16T23:46:54.582+0000] {dag.py:4180} INFO - Setting next_dagrun for example_subdag_operator.section-1 to None, run_after=None
[2025-09-16T23:46:54.582+0000] {logging_mixin.py:190} INFO - [2025-09-16T23:46:54.582+0000] {dag.py:4180} INFO - Setting next_dagrun for example_subdag_operator.section-2 to None, run_after=None
[2025-09-16T23:46:54.586+0000] {processor.py:208} INFO - Processing /home/airflow/.local/lib/python3.12/site-packages/airflow/example_dags/example_subdag_operator.py took 0.047 seconds
[2025-09-16T23:47:25.252+0000] {processor.py:186} INFO - Started process (PID=844) to work on /home/airflow/.local/lib/python3.12/site-packages/airflow/example_dags/example_subdag_operator.py
[2025-09-16T23:47:25.253+0000] {processor.py:914} INFO - Processing file /home/airflow/.local/lib/python3.12/site-packages/airflow/example_dags/example_subdag_operator.py for tasks to queue
[2025-09-16T23:47:25.254+0000] {logging_mixin.py:190} INFO - [2025-09-16T23:47:25.254+0000] {dagbag.py:588} INFO - Filling up the DagBag from /home/airflow/.local/lib/python3.12/site-packages/airflow/example_dags/example_subdag_operator.py
[2025-09-16T23:47:25.280+0000] {processor.py:925} INFO - DAG(s) 'example_subdag_operator.section-1', 'example_subdag_operator.section-2', 'example_subdag_operator' retrieved from /home/airflow/.local/lib/python3.12/site-packages/airflow/example_dags/example_subdag_operator.py
[2025-09-16T23:47:25.289+0000] {logging_mixin.py:190} INFO - [2025-09-16T23:47:25.289+0000] {dag.py:3239} INFO - Sync 3 DAGs
[2025-09-16T23:47:25.299+0000] {logging_mixin.py:190} INFO - [2025-09-16T23:47:25.299+0000] {dag.py:4180} INFO - Setting next_dagrun for example_subdag_operator to 2022-01-01 00:00:00+00:00, run_after=2022-01-01 00:00:00+00:00
[2025-09-16T23:47:25.300+0000] {logging_mixin.py:190} INFO - [2025-09-16T23:47:25.300+0000] {dag.py:4180} INFO - Setting next_dagrun for example_subdag_operator.section-1 to None, run_after=None
[2025-09-16T23:47:25.302+0000] {logging_mixin.py:190} INFO - [2025-09-16T23:47:25.301+0000] {dag.py:4180} INFO - Setting next_dagrun for example_subdag_operator.section-2 to None, run_after=None
[2025-09-16T23:47:25.305+0000] {logging_mixin.py:190} INFO - [2025-09-16T23:47:25.305+0000] {dag.py:3239} INFO - Sync 2 DAGs
[2025-09-16T23:47:25.307+0000] {logging_mixin.py:190} INFO - [2025-09-16T23:47:25.307+0000] {dag.py:4180} INFO - Setting next_dagrun for example_subdag_operator.section-1 to None, run_after=None
[2025-09-16T23:47:25.308+0000] {logging_mixin.py:190} INFO - [2025-09-16T23:47:25.308+0000] {dag.py:4180} INFO - Setting next_dagrun for example_subdag_operator.section-2 to None, run_after=None
[2025-09-16T23:47:25.311+0000] {processor.py:208} INFO - Processing /home/airflow/.local/lib/python3.12/site-packages/airflow/example_dags/example_subdag_operator.py took 0.063 seconds
[2025-09-16T23:47:56.040+0000] {processor.py:186} INFO - Started process (PID=907) to work on /home/airflow/.local/lib/python3.12/site-packages/airflow/example_dags/example_subdag_operator.py
[2025-09-16T23:47:56.042+0000] {processor.py:914} INFO - Processing file /home/airflow/.local/lib/python3.12/site-packages/airflow/example_dags/example_subdag_operator.py for tasks to queue
[2025-09-16T23:47:56.045+0000] {logging_mixin.py:190} INFO - [2025-09-16T23:47:56.045+0000] {dagbag.py:588} INFO - Filling up the DagBag from /home/airflow/.local/lib/python3.12/site-packages/airflow/example_dags/example_subdag_operator.py
[2025-09-16T23:47:56.060+0000] {processor.py:925} INFO - DAG(s) 'example_subdag_operator.section-1', 'example_subdag_operator.section-2', 'example_subdag_operator' retrieved from /home/airflow/.local/lib/python3.12/site-packages/airflow/example_dags/example_subdag_operator.py
[2025-09-16T23:47:56.068+0000] {logging_mixin.py:190} INFO - [2025-09-16T23:47:56.068+0000] {dag.py:3239} INFO - Sync 3 DAGs
[2025-09-16T23:47:56.079+0000] {logging_mixin.py:190} INFO - [2025-09-16T23:47:56.079+0000] {dag.py:4180} INFO - Setting next_dagrun for example_subdag_operator to 2022-01-01 00:00:00+00:00, run_after=2022-01-01 00:00:00+00:00
[2025-09-16T23:47:56.081+0000] {logging_mixin.py:190} INFO - [2025-09-16T23:47:56.081+0000] {dag.py:4180} INFO - Setting next_dagrun for example_subdag_operator.section-1 to None, run_after=None
[2025-09-16T23:47:56.082+0000] {logging_mixin.py:190} INFO - [2025-09-16T23:47:56.082+0000] {dag.py:4180} INFO - Setting next_dagrun for example_subdag_operator.section-2 to None, run_after=None
[2025-09-16T23:47:56.085+0000] {logging_mixin.py:190} INFO - [2025-09-16T23:47:56.085+0000] {dag.py:3239} INFO - Sync 2 DAGs
[2025-09-16T23:47:56.087+0000] {logging_mixin.py:190} INFO - [2025-09-16T23:47:56.087+0000] {dag.py:4180} INFO - Setting next_dagrun for example_subdag_operator.section-1 to None, run_after=None
[2025-09-16T23:47:56.087+0000] {logging_mixin.py:190} INFO - [2025-09-16T23:47:56.087+0000] {dag.py:4180} INFO - Setting next_dagrun for example_subdag_operator.section-2 to None, run_after=None
[2025-09-16T23:47:56.092+0000] {processor.py:208} INFO - Processing /home/airflow/.local/lib/python3.12/site-packages/airflow/example_dags/example_subdag_operator.py took 0.056 seconds
[2025-09-16T23:48:26.784+0000] {processor.py:186} INFO - Started process (PID=970) to work on /home/airflow/.local/lib/python3.12/site-packages/airflow/example_dags/example_subdag_operator.py
[2025-09-16T23:48:26.786+0000] {processor.py:914} INFO - Processing file /home/airflow/.local/lib/python3.12/site-packages/airflow/example_dags/example_subdag_operator.py for tasks to queue
[2025-09-16T23:48:26.789+0000] {logging_mixin.py:190} INFO - [2025-09-16T23:48:26.789+0000] {dagbag.py:588} INFO - Filling up the DagBag from /home/airflow/.local/lib/python3.12/site-packages/airflow/example_dags/example_subdag_operator.py
[2025-09-16T23:48:26.804+0000] {processor.py:925} INFO - DAG(s) 'example_subdag_operator.section-1', 'example_subdag_operator.section-2', 'example_subdag_operator' retrieved from /home/airflow/.local/lib/python3.12/site-packages/airflow/example_dags/example_subdag_operator.py
[2025-09-16T23:48:26.812+0000] {logging_mixin.py:190} INFO - [2025-09-16T23:48:26.812+0000] {dag.py:3239} INFO - Sync 3 DAGs
[2025-09-16T23:48:26.822+0000] {logging_mixin.py:190} INFO - [2025-09-16T23:48:26.822+0000] {dag.py:4180} INFO - Setting next_dagrun for example_subdag_operator to 2022-01-01 00:00:00+00:00, run_after=2022-01-01 00:00:00+00:00
[2025-09-16T23:48:26.824+0000] {logging_mixin.py:190} INFO - [2025-09-16T23:48:26.824+0000] {dag.py:4180} INFO - Setting next_dagrun for example_subdag_operator.section-1 to None, run_after=None
[2025-09-16T23:48:26.825+0000] {logging_mixin.py:190} INFO - [2025-09-16T23:48:26.825+0000] {dag.py:4180} INFO - Setting next_dagrun for example_subdag_operator.section-2 to None, run_after=None
[2025-09-16T23:48:26.828+0000] {logging_mixin.py:190} INFO - [2025-09-16T23:48:26.828+0000] {dag.py:3239} INFO - Sync 2 DAGs
[2025-09-16T23:48:26.830+0000] {logging_mixin.py:190} INFO - [2025-09-16T23:48:26.830+0000] {dag.py:4180} INFO - Setting next_dagrun for example_subdag_operator.section-1 to None, run_after=None
[2025-09-16T23:48:26.830+0000] {logging_mixin.py:190} INFO - [2025-09-16T23:48:26.830+0000] {dag.py:4180} INFO - Setting next_dagrun for example_subdag_operator.section-2 to None, run_after=None
[2025-09-16T23:48:26.834+0000] {processor.py:208} INFO - Processing /home/airflow/.local/lib/python3.12/site-packages/airflow/example_dags/example_subdag_operator.py took 0.054 seconds
[2025-09-16T23:48:57.658+0000] {processor.py:186} INFO - Started process (PID=1033) to work on /home/airflow/.local/lib/python3.12/site-packages/airflow/example_dags/example_subdag_operator.py
[2025-09-16T23:48:57.660+0000] {processor.py:914} INFO - Processing file /home/airflow/.local/lib/python3.12/site-packages/airflow/example_dags/example_subdag_operator.py for tasks to queue
[2025-09-16T23:48:57.661+0000] {logging_mixin.py:190} INFO - [2025-09-16T23:48:57.661+0000] {dagbag.py:588} INFO - Filling up the DagBag from /home/airflow/.local/lib/python3.12/site-packages/airflow/example_dags/example_subdag_operator.py
[2025-09-16T23:48:57.675+0000] {processor.py:925} INFO - DAG(s) 'example_subdag_operator.section-1', 'example_subdag_operator.section-2', 'example_subdag_operator' retrieved from /home/airflow/.local/lib/python3.12/site-packages/airflow/example_dags/example_subdag_operator.py
[2025-09-16T23:48:57.683+0000] {logging_mixin.py:190} INFO - [2025-09-16T23:48:57.683+0000] {dag.py:3239} INFO - Sync 3 DAGs
[2025-09-16T23:48:57.694+0000] {logging_mixin.py:190} INFO - [2025-09-16T23:48:57.694+0000] {dag.py:4180} INFO - Setting next_dagrun for example_subdag_operator to 2022-01-01 00:00:00+00:00, run_after=2022-01-01 00:00:00+00:00
[2025-09-16T23:48:57.696+0000] {logging_mixin.py:190} INFO - [2025-09-16T23:48:57.696+0000] {dag.py:4180} INFO - Setting next_dagrun for example_subdag_operator.section-1 to None, run_after=None
[2025-09-16T23:48:57.696+0000] {logging_mixin.py:190} INFO - [2025-09-16T23:48:57.696+0000] {dag.py:4180} INFO - Setting next_dagrun for example_subdag_operator.section-2 to None, run_after=None
[2025-09-16T23:48:57.699+0000] {logging_mixin.py:190} INFO - [2025-09-16T23:48:57.699+0000] {dag.py:3239} INFO - Sync 2 DAGs
[2025-09-16T23:48:57.701+0000] {logging_mixin.py:190} INFO - [2025-09-16T23:48:57.701+0000] {dag.py:4180} INFO - Setting next_dagrun for example_subdag_operator.section-1 to None, run_after=None
[2025-09-16T23:48:57.702+0000] {logging_mixin.py:190} INFO - [2025-09-16T23:48:57.702+0000] {dag.py:4180} INFO - Setting next_dagrun for example_subdag_operator.section-2 to None, run_after=None
[2025-09-16T23:48:57.706+0000] {processor.py:208} INFO - Processing /home/airflow/.local/lib/python3.12/site-packages/airflow/example_dags/example_subdag_operator.py took 0.051 seconds
[2025-09-16T23:49:28.550+0000] {processor.py:186} INFO - Started process (PID=1096) to work on /home/airflow/.local/lib/python3.12/site-packages/airflow/example_dags/example_subdag_operator.py
[2025-09-16T23:49:28.552+0000] {processor.py:914} INFO - Processing file /home/airflow/.local/lib/python3.12/site-packages/airflow/example_dags/example_subdag_operator.py for tasks to queue
[2025-09-16T23:49:28.554+0000] {logging_mixin.py:190} INFO - [2025-09-16T23:49:28.554+0000] {dagbag.py:588} INFO - Filling up the DagBag from /home/airflow/.local/lib/python3.12/site-packages/airflow/example_dags/example_subdag_operator.py
[2025-09-16T23:49:28.566+0000] {processor.py:925} INFO - DAG(s) 'example_subdag_operator.section-1', 'example_subdag_operator.section-2', 'example_subdag_operator' retrieved from /home/airflow/.local/lib/python3.12/site-packages/airflow/example_dags/example_subdag_operator.py
[2025-09-16T23:49:28.573+0000] {logging_mixin.py:190} INFO - [2025-09-16T23:49:28.572+0000] {dag.py:3239} INFO - Sync 3 DAGs
[2025-09-16T23:49:28.582+0000] {logging_mixin.py:190} INFO - [2025-09-16T23:49:28.582+0000] {dag.py:4180} INFO - Setting next_dagrun for example_subdag_operator to 2022-01-01 00:00:00+00:00, run_after=2022-01-01 00:00:00+00:00
[2025-09-16T23:49:28.584+0000] {logging_mixin.py:190} INFO - [2025-09-16T23:49:28.584+0000] {dag.py:4180} INFO - Setting next_dagrun for example_subdag_operator.section-1 to None, run_after=None
[2025-09-16T23:49:28.584+0000] {logging_mixin.py:190} INFO - [2025-09-16T23:49:28.584+0000] {dag.py:4180} INFO - Setting next_dagrun for example_subdag_operator.section-2 to None, run_after=None
[2025-09-16T23:49:28.587+0000] {logging_mixin.py:190} INFO - [2025-09-16T23:49:28.587+0000] {dag.py:3239} INFO - Sync 2 DAGs
[2025-09-16T23:49:28.590+0000] {logging_mixin.py:190} INFO - [2025-09-16T23:49:28.590+0000] {dag.py:4180} INFO - Setting next_dagrun for example_subdag_operator.section-1 to None, run_after=None
[2025-09-16T23:49:28.590+0000] {logging_mixin.py:190} INFO - [2025-09-16T23:49:28.590+0000] {dag.py:4180} INFO - Setting next_dagrun for example_subdag_operator.section-2 to None, run_after=None
[2025-09-16T23:49:28.594+0000] {processor.py:208} INFO - Processing /home/airflow/.local/lib/python3.12/site-packages/airflow/example_dags/example_subdag_operator.py took 0.047 seconds
[2025-09-16T23:49:59.054+0000] {processor.py:186} INFO - Started process (PID=1159) to work on /home/airflow/.local/lib/python3.12/site-packages/airflow/example_dags/example_subdag_operator.py
[2025-09-16T23:49:59.055+0000] {processor.py:914} INFO - Processing file /home/airflow/.local/lib/python3.12/site-packages/airflow/example_dags/example_subdag_operator.py for tasks to queue
[2025-09-16T23:49:59.056+0000] {logging_mixin.py:190} INFO - [2025-09-16T23:49:59.056+0000] {dagbag.py:588} INFO - Filling up the DagBag from /home/airflow/.local/lib/python3.12/site-packages/airflow/example_dags/example_subdag_operator.py
[2025-09-16T23:49:59.070+0000] {processor.py:925} INFO - DAG(s) 'example_subdag_operator.section-1', 'example_subdag_operator.section-2', 'example_subdag_operator' retrieved from /home/airflow/.local/lib/python3.12/site-packages/airflow/example_dags/example_subdag_operator.py
[2025-09-16T23:49:59.078+0000] {logging_mixin.py:190} INFO - [2025-09-16T23:49:59.078+0000] {dag.py:3239} INFO - Sync 3 DAGs
[2025-09-16T23:49:59.089+0000] {logging_mixin.py:190} INFO - [2025-09-16T23:49:59.088+0000] {dag.py:4180} INFO - Setting next_dagrun for example_subdag_operator to 2022-01-01 00:00:00+00:00, run_after=2022-01-01 00:00:00+00:00
[2025-09-16T23:49:59.090+0000] {logging_mixin.py:190} INFO - [2025-09-16T23:49:59.090+0000] {dag.py:4180} INFO - Setting next_dagrun for example_subdag_operator.section-1 to None, run_after=None
[2025-09-16T23:49:59.091+0000] {logging_mixin.py:190} INFO - [2025-09-16T23:49:59.091+0000] {dag.py:4180} INFO - Setting next_dagrun for example_subdag_operator.section-2 to None, run_after=None
[2025-09-16T23:49:59.094+0000] {logging_mixin.py:190} INFO - [2025-09-16T23:49:59.094+0000] {dag.py:3239} INFO - Sync 2 DAGs
[2025-09-16T23:49:59.096+0000] {logging_mixin.py:190} INFO - [2025-09-16T23:49:59.096+0000] {dag.py:4180} INFO - Setting next_dagrun for example_subdag_operator.section-1 to None, run_after=None
[2025-09-16T23:49:59.096+0000] {logging_mixin.py:190} INFO - [2025-09-16T23:49:59.096+0000] {dag.py:4180} INFO - Setting next_dagrun for example_subdag_operator.section-2 to None, run_after=None
[2025-09-16T23:49:59.100+0000] {processor.py:208} INFO - Processing /home/airflow/.local/lib/python3.12/site-packages/airflow/example_dags/example_subdag_operator.py took 0.049 seconds
[2025-09-16T23:50:29.479+0000] {processor.py:186} INFO - Started process (PID=1222) to work on /home/airflow/.local/lib/python3.12/site-packages/airflow/example_dags/example_subdag_operator.py
[2025-09-16T23:50:29.480+0000] {processor.py:914} INFO - Processing file /home/airflow/.local/lib/python3.12/site-packages/airflow/example_dags/example_subdag_operator.py for tasks to queue
[2025-09-16T23:50:29.481+0000] {logging_mixin.py:190} INFO - [2025-09-16T23:50:29.481+0000] {dagbag.py:588} INFO - Filling up the DagBag from /home/airflow/.local/lib/python3.12/site-packages/airflow/example_dags/example_subdag_operator.py
[2025-09-16T23:50:29.494+0000] {processor.py:925} INFO - DAG(s) 'example_subdag_operator.section-1', 'example_subdag_operator.section-2', 'example_subdag_operator' retrieved from /home/airflow/.local/lib/python3.12/site-packages/airflow/example_dags/example_subdag_operator.py
[2025-09-16T23:50:29.501+0000] {logging_mixin.py:190} INFO - [2025-09-16T23:50:29.501+0000] {dag.py:3239} INFO - Sync 3 DAGs
[2025-09-16T23:50:29.513+0000] {logging_mixin.py:190} INFO - [2025-09-16T23:50:29.513+0000] {dag.py:4180} INFO - Setting next_dagrun for example_subdag_operator to 2022-01-01 00:00:00+00:00, run_after=2022-01-01 00:00:00+00:00
[2025-09-16T23:50:29.515+0000] {logging_mixin.py:190} INFO - [2025-09-16T23:50:29.514+0000] {dag.py:4180} INFO - Setting next_dagrun for example_subdag_operator.section-1 to None, run_after=None
[2025-09-16T23:50:29.516+0000] {logging_mixin.py:190} INFO - [2025-09-16T23:50:29.516+0000] {dag.py:4180} INFO - Setting next_dagrun for example_subdag_operator.section-2 to None, run_after=None
[2025-09-16T23:50:29.519+0000] {logging_mixin.py:190} INFO - [2025-09-16T23:50:29.518+0000] {dag.py:3239} INFO - Sync 2 DAGs
[2025-09-16T23:50:29.521+0000] {logging_mixin.py:190} INFO - [2025-09-16T23:50:29.521+0000] {dag.py:4180} INFO - Setting next_dagrun for example_subdag_operator.section-1 to None, run_after=None
[2025-09-16T23:50:29.521+0000] {logging_mixin.py:190} INFO - [2025-09-16T23:50:29.521+0000] {dag.py:4180} INFO - Setting next_dagrun for example_subdag_operator.section-2 to None, run_after=None
[2025-09-16T23:50:29.525+0000] {processor.py:208} INFO - Processing /home/airflow/.local/lib/python3.12/site-packages/airflow/example_dags/example_subdag_operator.py took 0.049 seconds
[2025-09-16T23:50:59.630+0000] {processor.py:186} INFO - Started process (PID=1285) to work on /home/airflow/.local/lib/python3.12/site-packages/airflow/example_dags/example_subdag_operator.py
[2025-09-16T23:50:59.631+0000] {processor.py:914} INFO - Processing file /home/airflow/.local/lib/python3.12/site-packages/airflow/example_dags/example_subdag_operator.py for tasks to queue
[2025-09-16T23:50:59.633+0000] {logging_mixin.py:190} INFO - [2025-09-16T23:50:59.633+0000] {dagbag.py:588} INFO - Filling up the DagBag from /home/airflow/.local/lib/python3.12/site-packages/airflow/example_dags/example_subdag_operator.py
[2025-09-16T23:50:59.647+0000] {processor.py:925} INFO - DAG(s) 'example_subdag_operator.section-1', 'example_subdag_operator.section-2', 'example_subdag_operator' retrieved from /home/airflow/.local/lib/python3.12/site-packages/airflow/example_dags/example_subdag_operator.py
[2025-09-16T23:50:59.655+0000] {logging_mixin.py:190} INFO - [2025-09-16T23:50:59.655+0000] {dag.py:3239} INFO - Sync 3 DAGs
[2025-09-16T23:50:59.665+0000] {logging_mixin.py:190} INFO - [2025-09-16T23:50:59.665+0000] {dag.py:4180} INFO - Setting next_dagrun for example_subdag_operator to 2022-01-01 00:00:00+00:00, run_after=2022-01-01 00:00:00+00:00
[2025-09-16T23:50:59.667+0000] {logging_mixin.py:190} INFO - [2025-09-16T23:50:59.667+0000] {dag.py:4180} INFO - Setting next_dagrun for example_subdag_operator.section-1 to None, run_after=None
[2025-09-16T23:50:59.668+0000] {logging_mixin.py:190} INFO - [2025-09-16T23:50:59.668+0000] {dag.py:4180} INFO - Setting next_dagrun for example_subdag_operator.section-2 to None, run_after=None
[2025-09-16T23:50:59.671+0000] {logging_mixin.py:190} INFO - [2025-09-16T23:50:59.671+0000] {dag.py:3239} INFO - Sync 2 DAGs
[2025-09-16T23:50:59.674+0000] {logging_mixin.py:190} INFO - [2025-09-16T23:50:59.674+0000] {dag.py:4180} INFO - Setting next_dagrun for example_subdag_operator.section-1 to None, run_after=None
[2025-09-16T23:50:59.674+0000] {logging_mixin.py:190} INFO - [2025-09-16T23:50:59.674+0000] {dag.py:4180} INFO - Setting next_dagrun for example_subdag_operator.section-2 to None, run_after=None
[2025-09-16T23:50:59.678+0000] {processor.py:208} INFO - Processing /home/airflow/.local/lib/python3.12/site-packages/airflow/example_dags/example_subdag_operator.py took 0.051 seconds
[2025-09-16T23:51:29.929+0000] {processor.py:186} INFO - Started process (PID=1348) to work on /home/airflow/.local/lib/python3.12/site-packages/airflow/example_dags/example_subdag_operator.py
[2025-09-16T23:51:29.931+0000] {processor.py:914} INFO - Processing file /home/airflow/.local/lib/python3.12/site-packages/airflow/example_dags/example_subdag_operator.py for tasks to queue
[2025-09-16T23:51:29.933+0000] {logging_mixin.py:190} INFO - [2025-09-16T23:51:29.932+0000] {dagbag.py:588} INFO - Filling up the DagBag from /home/airflow/.local/lib/python3.12/site-packages/airflow/example_dags/example_subdag_operator.py
[2025-09-16T23:51:29.947+0000] {processor.py:925} INFO - DAG(s) 'example_subdag_operator.section-1', 'example_subdag_operator.section-2', 'example_subdag_operator' retrieved from /home/airflow/.local/lib/python3.12/site-packages/airflow/example_dags/example_subdag_operator.py
[2025-09-16T23:51:29.954+0000] {logging_mixin.py:190} INFO - [2025-09-16T23:51:29.954+0000] {dag.py:3239} INFO - Sync 3 DAGs
[2025-09-16T23:51:29.964+0000] {logging_mixin.py:190} INFO - [2025-09-16T23:51:29.964+0000] {dag.py:4180} INFO - Setting next_dagrun for example_subdag_operator to 2022-01-01 00:00:00+00:00, run_after=2022-01-01 00:00:00+00:00
[2025-09-16T23:51:29.965+0000] {logging_mixin.py:190} INFO - [2025-09-16T23:51:29.965+0000] {dag.py:4180} INFO - Setting next_dagrun for example_subdag_operator.section-1 to None, run_after=None
[2025-09-16T23:51:29.966+0000] {logging_mixin.py:190} INFO - [2025-09-16T23:51:29.966+0000] {dag.py:4180} INFO - Setting next_dagrun for example_subdag_operator.section-2 to None, run_after=None
[2025-09-16T23:51:29.969+0000] {logging_mixin.py:190} INFO - [2025-09-16T23:51:29.969+0000] {dag.py:3239} INFO - Sync 2 DAGs
[2025-09-16T23:51:29.971+0000] {logging_mixin.py:190} INFO - [2025-09-16T23:51:29.971+0000] {dag.py:4180} INFO - Setting next_dagrun for example_subdag_operator.section-1 to None, run_after=None
[2025-09-16T23:51:29.971+0000] {logging_mixin.py:190} INFO - [2025-09-16T23:51:29.971+0000] {dag.py:4180} INFO - Setting next_dagrun for example_subdag_operator.section-2 to None, run_after=None
[2025-09-16T23:51:29.975+0000] {processor.py:208} INFO - Processing /home/airflow/.local/lib/python3.12/site-packages/airflow/example_dags/example_subdag_operator.py took 0.049 seconds
[2025-09-16T23:52:00.496+0000] {processor.py:186} INFO - Started process (PID=1411) to work on /home/airflow/.local/lib/python3.12/site-packages/airflow/example_dags/example_subdag_operator.py
[2025-09-16T23:52:00.497+0000] {processor.py:914} INFO - Processing file /home/airflow/.local/lib/python3.12/site-packages/airflow/example_dags/example_subdag_operator.py for tasks to queue
[2025-09-16T23:52:00.499+0000] {logging_mixin.py:190} INFO - [2025-09-16T23:52:00.498+0000] {dagbag.py:588} INFO - Filling up the DagBag from /home/airflow/.local/lib/python3.12/site-packages/airflow/example_dags/example_subdag_operator.py
[2025-09-16T23:52:00.512+0000] {processor.py:925} INFO - DAG(s) 'example_subdag_operator.section-1', 'example_subdag_operator.section-2', 'example_subdag_operator' retrieved from /home/airflow/.local/lib/python3.12/site-packages/airflow/example_dags/example_subdag_operator.py
[2025-09-16T23:52:00.521+0000] {logging_mixin.py:190} INFO - [2025-09-16T23:52:00.520+0000] {dag.py:3239} INFO - Sync 3 DAGs
[2025-09-16T23:52:00.531+0000] {logging_mixin.py:190} INFO - [2025-09-16T23:52:00.531+0000] {dag.py:4180} INFO - Setting next_dagrun for example_subdag_operator to 2022-01-01 00:00:00+00:00, run_after=2022-01-01 00:00:00+00:00
[2025-09-16T23:52:00.533+0000] {logging_mixin.py:190} INFO - [2025-09-16T23:52:00.532+0000] {dag.py:4180} INFO - Setting next_dagrun for example_subdag_operator.section-1 to None, run_after=None
[2025-09-16T23:52:00.533+0000] {logging_mixin.py:190} INFO - [2025-09-16T23:52:00.533+0000] {dag.py:4180} INFO - Setting next_dagrun for example_subdag_operator.section-2 to None, run_after=None
[2025-09-16T23:52:00.536+0000] {logging_mixin.py:190} INFO - [2025-09-16T23:52:00.536+0000] {dag.py:3239} INFO - Sync 2 DAGs
[2025-09-16T23:52:00.539+0000] {logging_mixin.py:190} INFO - [2025-09-16T23:52:00.538+0000] {dag.py:4180} INFO - Setting next_dagrun for example_subdag_operator.section-1 to None, run_after=None
[2025-09-16T23:52:00.539+0000] {logging_mixin.py:190} INFO - [2025-09-16T23:52:00.539+0000] {dag.py:4180} INFO - Setting next_dagrun for example_subdag_operator.section-2 to None, run_after=None
[2025-09-16T23:52:00.543+0000] {processor.py:208} INFO - Processing /home/airflow/.local/lib/python3.12/site-packages/airflow/example_dags/example_subdag_operator.py took 0.050 seconds
[2025-09-16T23:52:30.773+0000] {processor.py:186} INFO - Started process (PID=1474) to work on /home/airflow/.local/lib/python3.12/site-packages/airflow/example_dags/example_subdag_operator.py
[2025-09-16T23:52:30.774+0000] {processor.py:914} INFO - Processing file /home/airflow/.local/lib/python3.12/site-packages/airflow/example_dags/example_subdag_operator.py for tasks to queue
[2025-09-16T23:52:30.775+0000] {logging_mixin.py:190} INFO - [2025-09-16T23:52:30.775+0000] {dagbag.py:588} INFO - Filling up the DagBag from /home/airflow/.local/lib/python3.12/site-packages/airflow/example_dags/example_subdag_operator.py
[2025-09-16T23:52:30.788+0000] {processor.py:925} INFO - DAG(s) 'example_subdag_operator.section-1', 'example_subdag_operator.section-2', 'example_subdag_operator' retrieved from /home/airflow/.local/lib/python3.12/site-packages/airflow/example_dags/example_subdag_operator.py
[2025-09-16T23:52:30.795+0000] {logging_mixin.py:190} INFO - [2025-09-16T23:52:30.795+0000] {dag.py:3239} INFO - Sync 3 DAGs
[2025-09-16T23:52:30.805+0000] {logging_mixin.py:190} INFO - [2025-09-16T23:52:30.805+0000] {dag.py:4180} INFO - Setting next_dagrun for example_subdag_operator to 2022-01-01 00:00:00+00:00, run_after=2022-01-01 00:00:00+00:00
[2025-09-16T23:52:30.806+0000] {logging_mixin.py:190} INFO - [2025-09-16T23:52:30.806+0000] {dag.py:4180} INFO - Setting next_dagrun for example_subdag_operator.section-1 to None, run_after=None
[2025-09-16T23:52:30.807+0000] {logging_mixin.py:190} INFO - [2025-09-16T23:52:30.807+0000] {dag.py:4180} INFO - Setting next_dagrun for example_subdag_operator.section-2 to None, run_after=None
[2025-09-16T23:52:30.810+0000] {logging_mixin.py:190} INFO - [2025-09-16T23:52:30.810+0000] {dag.py:3239} INFO - Sync 2 DAGs
[2025-09-16T23:52:30.812+0000] {logging_mixin.py:190} INFO - [2025-09-16T23:52:30.812+0000] {dag.py:4180} INFO - Setting next_dagrun for example_subdag_operator.section-1 to None, run_after=None
[2025-09-16T23:52:30.812+0000] {logging_mixin.py:190} INFO - [2025-09-16T23:52:30.812+0000] {dag.py:4180} INFO - Setting next_dagrun for example_subdag_operator.section-2 to None, run_after=None
[2025-09-16T23:52:30.816+0000] {processor.py:208} INFO - Processing /home/airflow/.local/lib/python3.12/site-packages/airflow/example_dags/example_subdag_operator.py took 0.047 seconds
[2025-09-16T23:53:01.198+0000] {processor.py:186} INFO - Started process (PID=1537) to work on /home/airflow/.local/lib/python3.12/site-packages/airflow/example_dags/example_subdag_operator.py
[2025-09-16T23:53:01.200+0000] {processor.py:914} INFO - Processing file /home/airflow/.local/lib/python3.12/site-packages/airflow/example_dags/example_subdag_operator.py for tasks to queue
[2025-09-16T23:53:01.201+0000] {logging_mixin.py:190} INFO - [2025-09-16T23:53:01.201+0000] {dagbag.py:588} INFO - Filling up the DagBag from /home/airflow/.local/lib/python3.12/site-packages/airflow/example_dags/example_subdag_operator.py
[2025-09-16T23:53:01.217+0000] {processor.py:925} INFO - DAG(s) 'example_subdag_operator.section-1', 'example_subdag_operator.section-2', 'example_subdag_operator' retrieved from /home/airflow/.local/lib/python3.12/site-packages/airflow/example_dags/example_subdag_operator.py
[2025-09-16T23:53:01.224+0000] {logging_mixin.py:190} INFO - [2025-09-16T23:53:01.224+0000] {dag.py:3239} INFO - Sync 3 DAGs
[2025-09-16T23:53:01.235+0000] {logging_mixin.py:190} INFO - [2025-09-16T23:53:01.235+0000] {dag.py:4180} INFO - Setting next_dagrun for example_subdag_operator to 2022-01-01 00:00:00+00:00, run_after=2022-01-01 00:00:00+00:00
[2025-09-16T23:53:01.236+0000] {logging_mixin.py:190} INFO - [2025-09-16T23:53:01.236+0000] {dag.py:4180} INFO - Setting next_dagrun for example_subdag_operator.section-1 to None, run_after=None
[2025-09-16T23:53:01.237+0000] {logging_mixin.py:190} INFO - [2025-09-16T23:53:01.237+0000] {dag.py:4180} INFO - Setting next_dagrun for example_subdag_operator.section-2 to None, run_after=None
[2025-09-16T23:53:01.240+0000] {logging_mixin.py:190} INFO - [2025-09-16T23:53:01.240+0000] {dag.py:3239} INFO - Sync 2 DAGs
[2025-09-16T23:53:01.244+0000] {logging_mixin.py:190} INFO - [2025-09-16T23:53:01.244+0000] {dag.py:4180} INFO - Setting next_dagrun for example_subdag_operator.section-1 to None, run_after=None
[2025-09-16T23:53:01.244+0000] {logging_mixin.py:190} INFO - [2025-09-16T23:53:01.244+0000] {dag.py:4180} INFO - Setting next_dagrun for example_subdag_operator.section-2 to None, run_after=None
[2025-09-16T23:53:01.249+0000] {processor.py:208} INFO - Processing /home/airflow/.local/lib/python3.12/site-packages/airflow/example_dags/example_subdag_operator.py took 0.055 seconds
[2025-09-16T23:53:31.660+0000] {processor.py:186} INFO - Started process (PID=1600) to work on /home/airflow/.local/lib/python3.12/site-packages/airflow/example_dags/example_subdag_operator.py
[2025-09-16T23:53:31.662+0000] {processor.py:914} INFO - Processing file /home/airflow/.local/lib/python3.12/site-packages/airflow/example_dags/example_subdag_operator.py for tasks to queue
[2025-09-16T23:53:31.663+0000] {logging_mixin.py:190} INFO - [2025-09-16T23:53:31.663+0000] {dagbag.py:588} INFO - Filling up the DagBag from /home/airflow/.local/lib/python3.12/site-packages/airflow/example_dags/example_subdag_operator.py
[2025-09-16T23:53:31.678+0000] {processor.py:925} INFO - DAG(s) 'example_subdag_operator.section-1', 'example_subdag_operator.section-2', 'example_subdag_operator' retrieved from /home/airflow/.local/lib/python3.12/site-packages/airflow/example_dags/example_subdag_operator.py
[2025-09-16T23:53:31.684+0000] {logging_mixin.py:190} INFO - [2025-09-16T23:53:31.684+0000] {dag.py:3239} INFO - Sync 3 DAGs
[2025-09-16T23:53:31.695+0000] {logging_mixin.py:190} INFO - [2025-09-16T23:53:31.695+0000] {dag.py:4180} INFO - Setting next_dagrun for example_subdag_operator to 2022-01-01 00:00:00+00:00, run_after=2022-01-01 00:00:00+00:00
[2025-09-16T23:53:31.696+0000] {logging_mixin.py:190} INFO - [2025-09-16T23:53:31.696+0000] {dag.py:4180} INFO - Setting next_dagrun for example_subdag_operator.section-1 to None, run_after=None
[2025-09-16T23:53:31.697+0000] {logging_mixin.py:190} INFO - [2025-09-16T23:53:31.697+0000] {dag.py:4180} INFO - Setting next_dagrun for example_subdag_operator.section-2 to None, run_after=None
[2025-09-16T23:53:31.700+0000] {logging_mixin.py:190} INFO - [2025-09-16T23:53:31.700+0000] {dag.py:3239} INFO - Sync 2 DAGs
[2025-09-16T23:53:31.702+0000] {logging_mixin.py:190} INFO - [2025-09-16T23:53:31.702+0000] {dag.py:4180} INFO - Setting next_dagrun for example_subdag_operator.section-1 to None, run_after=None
[2025-09-16T23:53:31.702+0000] {logging_mixin.py:190} INFO - [2025-09-16T23:53:31.702+0000] {dag.py:4180} INFO - Setting next_dagrun for example_subdag_operator.section-2 to None, run_after=None
[2025-09-16T23:53:31.707+0000] {processor.py:208} INFO - Processing /home/airflow/.local/lib/python3.12/site-packages/airflow/example_dags/example_subdag_operator.py took 0.050 seconds
[2025-09-16T23:54:02.032+0000] {processor.py:186} INFO - Started process (PID=1663) to work on /home/airflow/.local/lib/python3.12/site-packages/airflow/example_dags/example_subdag_operator.py
[2025-09-16T23:54:02.033+0000] {processor.py:914} INFO - Processing file /home/airflow/.local/lib/python3.12/site-packages/airflow/example_dags/example_subdag_operator.py for tasks to queue
[2025-09-16T23:54:02.034+0000] {logging_mixin.py:190} INFO - [2025-09-16T23:54:02.034+0000] {dagbag.py:588} INFO - Filling up the DagBag from /home/airflow/.local/lib/python3.12/site-packages/airflow/example_dags/example_subdag_operator.py
[2025-09-16T23:54:02.048+0000] {processor.py:925} INFO - DAG(s) 'example_subdag_operator.section-1', 'example_subdag_operator.section-2', 'example_subdag_operator' retrieved from /home/airflow/.local/lib/python3.12/site-packages/airflow/example_dags/example_subdag_operator.py
[2025-09-16T23:54:02.056+0000] {logging_mixin.py:190} INFO - [2025-09-16T23:54:02.056+0000] {dag.py:3239} INFO - Sync 3 DAGs
[2025-09-16T23:54:02.067+0000] {logging_mixin.py:190} INFO - [2025-09-16T23:54:02.067+0000] {dag.py:4180} INFO - Setting next_dagrun for example_subdag_operator to 2022-01-01 00:00:00+00:00, run_after=2022-01-01 00:00:00+00:00
[2025-09-16T23:54:02.069+0000] {logging_mixin.py:190} INFO - [2025-09-16T23:54:02.069+0000] {dag.py:4180} INFO - Setting next_dagrun for example_subdag_operator.section-1 to None, run_after=None
[2025-09-16T23:54:02.070+0000] {logging_mixin.py:190} INFO - [2025-09-16T23:54:02.070+0000] {dag.py:4180} INFO - Setting next_dagrun for example_subdag_operator.section-2 to None, run_after=None
[2025-09-16T23:54:02.074+0000] {logging_mixin.py:190} INFO - [2025-09-16T23:54:02.074+0000] {dag.py:3239} INFO - Sync 2 DAGs
[2025-09-16T23:54:02.076+0000] {logging_mixin.py:190} INFO - [2025-09-16T23:54:02.076+0000] {dag.py:4180} INFO - Setting next_dagrun for example_subdag_operator.section-1 to None, run_after=None
[2025-09-16T23:54:02.076+0000] {logging_mixin.py:190} INFO - [2025-09-16T23:54:02.076+0000] {dag.py:4180} INFO - Setting next_dagrun for example_subdag_operator.section-2 to None, run_after=None
[2025-09-16T23:54:02.080+0000] {processor.py:208} INFO - Processing /home/airflow/.local/lib/python3.12/site-packages/airflow/example_dags/example_subdag_operator.py took 0.052 seconds
[2025-09-16T23:54:32.629+0000] {processor.py:186} INFO - Started process (PID=1726) to work on /home/airflow/.local/lib/python3.12/site-packages/airflow/example_dags/example_subdag_operator.py
[2025-09-16T23:54:32.633+0000] {processor.py:914} INFO - Processing file /home/airflow/.local/lib/python3.12/site-packages/airflow/example_dags/example_subdag_operator.py for tasks to queue
[2025-09-16T23:54:32.635+0000] {logging_mixin.py:190} INFO - [2025-09-16T23:54:32.635+0000] {dagbag.py:588} INFO - Filling up the DagBag from /home/airflow/.local/lib/python3.12/site-packages/airflow/example_dags/example_subdag_operator.py
[2025-09-16T23:54:32.651+0000] {processor.py:925} INFO - DAG(s) 'example_subdag_operator.section-1', 'example_subdag_operator.section-2', 'example_subdag_operator' retrieved from /home/airflow/.local/lib/python3.12/site-packages/airflow/example_dags/example_subdag_operator.py
[2025-09-16T23:54:32.659+0000] {logging_mixin.py:190} INFO - [2025-09-16T23:54:32.659+0000] {dag.py:3239} INFO - Sync 3 DAGs
[2025-09-16T23:54:32.672+0000] {logging_mixin.py:190} INFO - [2025-09-16T23:54:32.671+0000] {dag.py:4180} INFO - Setting next_dagrun for example_subdag_operator to 2022-01-01 00:00:00+00:00, run_after=2022-01-01 00:00:00+00:00
[2025-09-16T23:54:32.674+0000] {logging_mixin.py:190} INFO - [2025-09-16T23:54:32.674+0000] {dag.py:4180} INFO - Setting next_dagrun for example_subdag_operator.section-1 to None, run_after=None
[2025-09-16T23:54:32.674+0000] {logging_mixin.py:190} INFO - [2025-09-16T23:54:32.674+0000] {dag.py:4180} INFO - Setting next_dagrun for example_subdag_operator.section-2 to None, run_after=None
[2025-09-16T23:54:32.678+0000] {logging_mixin.py:190} INFO - [2025-09-16T23:54:32.678+0000] {dag.py:3239} INFO - Sync 2 DAGs
[2025-09-16T23:54:32.681+0000] {logging_mixin.py:190} INFO - [2025-09-16T23:54:32.681+0000] {dag.py:4180} INFO - Setting next_dagrun for example_subdag_operator.section-1 to None, run_after=None
[2025-09-16T23:54:32.681+0000] {logging_mixin.py:190} INFO - [2025-09-16T23:54:32.681+0000] {dag.py:4180} INFO - Setting next_dagrun for example_subdag_operator.section-2 to None, run_after=None
[2025-09-16T23:54:32.686+0000] {processor.py:208} INFO - Processing /home/airflow/.local/lib/python3.12/site-packages/airflow/example_dags/example_subdag_operator.py took 0.061 seconds
[2025-09-16T23:55:03.269+0000] {processor.py:186} INFO - Started process (PID=1789) to work on /home/airflow/.local/lib/python3.12/site-packages/airflow/example_dags/example_subdag_operator.py
[2025-09-16T23:55:03.270+0000] {processor.py:914} INFO - Processing file /home/airflow/.local/lib/python3.12/site-packages/airflow/example_dags/example_subdag_operator.py for tasks to queue
[2025-09-16T23:55:03.272+0000] {logging_mixin.py:190} INFO - [2025-09-16T23:55:03.272+0000] {dagbag.py:588} INFO - Filling up the DagBag from /home/airflow/.local/lib/python3.12/site-packages/airflow/example_dags/example_subdag_operator.py
[2025-09-16T23:55:03.292+0000] {processor.py:925} INFO - DAG(s) 'example_subdag_operator.section-1', 'example_subdag_operator.section-2', 'example_subdag_operator' retrieved from /home/airflow/.local/lib/python3.12/site-packages/airflow/example_dags/example_subdag_operator.py
[2025-09-16T23:55:03.302+0000] {logging_mixin.py:190} INFO - [2025-09-16T23:55:03.302+0000] {dag.py:3239} INFO - Sync 3 DAGs
[2025-09-16T23:55:03.314+0000] {logging_mixin.py:190} INFO - [2025-09-16T23:55:03.314+0000] {dag.py:4180} INFO - Setting next_dagrun for example_subdag_operator to 2022-01-01 00:00:00+00:00, run_after=2022-01-01 00:00:00+00:00
[2025-09-16T23:55:03.316+0000] {logging_mixin.py:190} INFO - [2025-09-16T23:55:03.316+0000] {dag.py:4180} INFO - Setting next_dagrun for example_subdag_operator.section-1 to None, run_after=None
[2025-09-16T23:55:03.317+0000] {logging_mixin.py:190} INFO - [2025-09-16T23:55:03.317+0000] {dag.py:4180} INFO - Setting next_dagrun for example_subdag_operator.section-2 to None, run_after=None
[2025-09-16T23:55:03.321+0000] {logging_mixin.py:190} INFO - [2025-09-16T23:55:03.321+0000] {dag.py:3239} INFO - Sync 2 DAGs
[2025-09-16T23:55:03.324+0000] {logging_mixin.py:190} INFO - [2025-09-16T23:55:03.324+0000] {dag.py:4180} INFO - Setting next_dagrun for example_subdag_operator.section-1 to None, run_after=None
[2025-09-16T23:55:03.324+0000] {logging_mixin.py:190} INFO - [2025-09-16T23:55:03.324+0000] {dag.py:4180} INFO - Setting next_dagrun for example_subdag_operator.section-2 to None, run_after=None
[2025-09-16T23:55:03.329+0000] {processor.py:208} INFO - Processing /home/airflow/.local/lib/python3.12/site-packages/airflow/example_dags/example_subdag_operator.py took 0.064 seconds
[2025-09-16T23:55:33.477+0000] {processor.py:186} INFO - Started process (PID=1852) to work on /home/airflow/.local/lib/python3.12/site-packages/airflow/example_dags/example_subdag_operator.py
[2025-09-16T23:55:33.478+0000] {processor.py:914} INFO - Processing file /home/airflow/.local/lib/python3.12/site-packages/airflow/example_dags/example_subdag_operator.py for tasks to queue
[2025-09-16T23:55:33.479+0000] {logging_mixin.py:190} INFO - [2025-09-16T23:55:33.479+0000] {dagbag.py:588} INFO - Filling up the DagBag from /home/airflow/.local/lib/python3.12/site-packages/airflow/example_dags/example_subdag_operator.py
[2025-09-16T23:55:33.492+0000] {processor.py:925} INFO - DAG(s) 'example_subdag_operator.section-1', 'example_subdag_operator.section-2', 'example_subdag_operator' retrieved from /home/airflow/.local/lib/python3.12/site-packages/airflow/example_dags/example_subdag_operator.py
[2025-09-16T23:55:33.500+0000] {logging_mixin.py:190} INFO - [2025-09-16T23:55:33.499+0000] {dag.py:3239} INFO - Sync 3 DAGs
[2025-09-16T23:55:33.510+0000] {logging_mixin.py:190} INFO - [2025-09-16T23:55:33.509+0000] {dag.py:4180} INFO - Setting next_dagrun for example_subdag_operator to 2022-01-01 00:00:00+00:00, run_after=2022-01-01 00:00:00+00:00
[2025-09-16T23:55:33.511+0000] {logging_mixin.py:190} INFO - [2025-09-16T23:55:33.511+0000] {dag.py:4180} INFO - Setting next_dagrun for example_subdag_operator.section-1 to None, run_after=None
[2025-09-16T23:55:33.512+0000] {logging_mixin.py:190} INFO - [2025-09-16T23:55:33.512+0000] {dag.py:4180} INFO - Setting next_dagrun for example_subdag_operator.section-2 to None, run_after=None
[2025-09-16T23:55:33.515+0000] {logging_mixin.py:190} INFO - [2025-09-16T23:55:33.514+0000] {dag.py:3239} INFO - Sync 2 DAGs
[2025-09-16T23:55:33.517+0000] {logging_mixin.py:190} INFO - [2025-09-16T23:55:33.517+0000] {dag.py:4180} INFO - Setting next_dagrun for example_subdag_operator.section-1 to None, run_after=None
[2025-09-16T23:55:33.517+0000] {logging_mixin.py:190} INFO - [2025-09-16T23:55:33.517+0000] {dag.py:4180} INFO - Setting next_dagrun for example_subdag_operator.section-2 to None, run_after=None
[2025-09-16T23:55:33.521+0000] {processor.py:208} INFO - Processing /home/airflow/.local/lib/python3.12/site-packages/airflow/example_dags/example_subdag_operator.py took 0.047 seconds
[2025-09-16T23:56:03.614+0000] {processor.py:186} INFO - Started process (PID=1915) to work on /home/airflow/.local/lib/python3.12/site-packages/airflow/example_dags/example_subdag_operator.py
[2025-09-16T23:56:03.615+0000] {processor.py:914} INFO - Processing file /home/airflow/.local/lib/python3.12/site-packages/airflow/example_dags/example_subdag_operator.py for tasks to queue
[2025-09-16T23:56:03.616+0000] {logging_mixin.py:190} INFO - [2025-09-16T23:56:03.616+0000] {dagbag.py:588} INFO - Filling up the DagBag from /home/airflow/.local/lib/python3.12/site-packages/airflow/example_dags/example_subdag_operator.py
[2025-09-16T23:56:03.631+0000] {processor.py:925} INFO - DAG(s) 'example_subdag_operator.section-1', 'example_subdag_operator.section-2', 'example_subdag_operator' retrieved from /home/airflow/.local/lib/python3.12/site-packages/airflow/example_dags/example_subdag_operator.py
[2025-09-16T23:56:03.639+0000] {logging_mixin.py:190} INFO - [2025-09-16T23:56:03.639+0000] {dag.py:3239} INFO - Sync 3 DAGs
[2025-09-16T23:56:03.650+0000] {logging_mixin.py:190} INFO - [2025-09-16T23:56:03.649+0000] {dag.py:4180} INFO - Setting next_dagrun for example_subdag_operator to 2022-01-01 00:00:00+00:00, run_after=2022-01-01 00:00:00+00:00
[2025-09-16T23:56:03.651+0000] {logging_mixin.py:190} INFO - [2025-09-16T23:56:03.651+0000] {dag.py:4180} INFO - Setting next_dagrun for example_subdag_operator.section-1 to None, run_after=None
[2025-09-16T23:56:03.652+0000] {logging_mixin.py:190} INFO - [2025-09-16T23:56:03.652+0000] {dag.py:4180} INFO - Setting next_dagrun for example_subdag_operator.section-2 to None, run_after=None
[2025-09-16T23:56:03.655+0000] {logging_mixin.py:190} INFO - [2025-09-16T23:56:03.655+0000] {dag.py:3239} INFO - Sync 2 DAGs
[2025-09-16T23:56:03.658+0000] {logging_mixin.py:190} INFO - [2025-09-16T23:56:03.657+0000] {dag.py:4180} INFO - Setting next_dagrun for example_subdag_operator.section-1 to None, run_after=None
[2025-09-16T23:56:03.658+0000] {logging_mixin.py:190} INFO - [2025-09-16T23:56:03.658+0000] {dag.py:4180} INFO - Setting next_dagrun for example_subdag_operator.section-2 to None, run_after=None
[2025-09-16T23:56:03.662+0000] {processor.py:208} INFO - Processing /home/airflow/.local/lib/python3.12/site-packages/airflow/example_dags/example_subdag_operator.py took 0.051 seconds
[2025-09-16T23:56:33.834+0000] {processor.py:186} INFO - Started process (PID=1978) to work on /home/airflow/.local/lib/python3.12/site-packages/airflow/example_dags/example_subdag_operator.py
[2025-09-16T23:56:33.835+0000] {processor.py:914} INFO - Processing file /home/airflow/.local/lib/python3.12/site-packages/airflow/example_dags/example_subdag_operator.py for tasks to queue
[2025-09-16T23:56:33.836+0000] {logging_mixin.py:190} INFO - [2025-09-16T23:56:33.836+0000] {dagbag.py:588} INFO - Filling up the DagBag from /home/airflow/.local/lib/python3.12/site-packages/airflow/example_dags/example_subdag_operator.py
[2025-09-16T23:56:33.854+0000] {processor.py:925} INFO - DAG(s) 'example_subdag_operator.section-1', 'example_subdag_operator.section-2', 'example_subdag_operator' retrieved from /home/airflow/.local/lib/python3.12/site-packages/airflow/example_dags/example_subdag_operator.py
[2025-09-16T23:56:33.862+0000] {logging_mixin.py:190} INFO - [2025-09-16T23:56:33.862+0000] {dag.py:3239} INFO - Sync 3 DAGs
[2025-09-16T23:56:33.874+0000] {logging_mixin.py:190} INFO - [2025-09-16T23:56:33.874+0000] {dag.py:4180} INFO - Setting next_dagrun for example_subdag_operator to 2022-01-01 00:00:00+00:00, run_after=2022-01-01 00:00:00+00:00
[2025-09-16T23:56:33.875+0000] {logging_mixin.py:190} INFO - [2025-09-16T23:56:33.875+0000] {dag.py:4180} INFO - Setting next_dagrun for example_subdag_operator.section-1 to None, run_after=None
[2025-09-16T23:56:33.876+0000] {logging_mixin.py:190} INFO - [2025-09-16T23:56:33.876+0000] {dag.py:4180} INFO - Setting next_dagrun for example_subdag_operator.section-2 to None, run_after=None
[2025-09-16T23:56:33.879+0000] {logging_mixin.py:190} INFO - [2025-09-16T23:56:33.879+0000] {dag.py:3239} INFO - Sync 2 DAGs
[2025-09-16T23:56:33.881+0000] {logging_mixin.py:190} INFO - [2025-09-16T23:56:33.881+0000] {dag.py:4180} INFO - Setting next_dagrun for example_subdag_operator.section-1 to None, run_after=None
[2025-09-16T23:56:33.881+0000] {logging_mixin.py:190} INFO - [2025-09-16T23:56:33.881+0000] {dag.py:4180} INFO - Setting next_dagrun for example_subdag_operator.section-2 to None, run_after=None
[2025-09-16T23:56:33.886+0000] {processor.py:208} INFO - Processing /home/airflow/.local/lib/python3.12/site-packages/airflow/example_dags/example_subdag_operator.py took 0.055 seconds
[2025-09-16T23:57:04.000+0000] {processor.py:186} INFO - Started process (PID=2041) to work on /home/airflow/.local/lib/python3.12/site-packages/airflow/example_dags/example_subdag_operator.py
[2025-09-16T23:57:04.001+0000] {processor.py:914} INFO - Processing file /home/airflow/.local/lib/python3.12/site-packages/airflow/example_dags/example_subdag_operator.py for tasks to queue
[2025-09-16T23:57:04.002+0000] {logging_mixin.py:190} INFO - [2025-09-16T23:57:04.002+0000] {dagbag.py:588} INFO - Filling up the DagBag from /home/airflow/.local/lib/python3.12/site-packages/airflow/example_dags/example_subdag_operator.py
[2025-09-16T23:57:04.013+0000] {processor.py:925} INFO - DAG(s) 'example_subdag_operator.section-1', 'example_subdag_operator.section-2', 'example_subdag_operator' retrieved from /home/airflow/.local/lib/python3.12/site-packages/airflow/example_dags/example_subdag_operator.py
[2025-09-16T23:57:04.019+0000] {logging_mixin.py:190} INFO - [2025-09-16T23:57:04.019+0000] {dag.py:3239} INFO - Sync 3 DAGs
[2025-09-16T23:57:04.029+0000] {logging_mixin.py:190} INFO - [2025-09-16T23:57:04.029+0000] {dag.py:4180} INFO - Setting next_dagrun for example_subdag_operator to 2022-01-01 00:00:00+00:00, run_after=2022-01-01 00:00:00+00:00
[2025-09-16T23:57:04.031+0000] {logging_mixin.py:190} INFO - [2025-09-16T23:57:04.031+0000] {dag.py:4180} INFO - Setting next_dagrun for example_subdag_operator.section-1 to None, run_after=None
[2025-09-16T23:57:04.031+0000] {logging_mixin.py:190} INFO - [2025-09-16T23:57:04.031+0000] {dag.py:4180} INFO - Setting next_dagrun for example_subdag_operator.section-2 to None, run_after=None
[2025-09-16T23:57:04.034+0000] {logging_mixin.py:190} INFO - [2025-09-16T23:57:04.034+0000] {dag.py:3239} INFO - Sync 2 DAGs
[2025-09-16T23:57:04.036+0000] {logging_mixin.py:190} INFO - [2025-09-16T23:57:04.036+0000] {dag.py:4180} INFO - Setting next_dagrun for example_subdag_operator.section-1 to None, run_after=None
[2025-09-16T23:57:04.036+0000] {logging_mixin.py:190} INFO - [2025-09-16T23:57:04.036+0000] {dag.py:4180} INFO - Setting next_dagrun for example_subdag_operator.section-2 to None, run_after=None
[2025-09-16T23:57:04.041+0000] {processor.py:208} INFO - Processing /home/airflow/.local/lib/python3.12/site-packages/airflow/example_dags/example_subdag_operator.py took 0.044 seconds
[2025-09-16T23:57:34.112+0000] {processor.py:186} INFO - Started process (PID=2104) to work on /home/airflow/.local/lib/python3.12/site-packages/airflow/example_dags/example_subdag_operator.py
[2025-09-16T23:57:34.113+0000] {processor.py:914} INFO - Processing file /home/airflow/.local/lib/python3.12/site-packages/airflow/example_dags/example_subdag_operator.py for tasks to queue
[2025-09-16T23:57:34.114+0000] {logging_mixin.py:190} INFO - [2025-09-16T23:57:34.113+0000] {dagbag.py:588} INFO - Filling up the DagBag from /home/airflow/.local/lib/python3.12/site-packages/airflow/example_dags/example_subdag_operator.py
[2025-09-16T23:57:34.126+0000] {processor.py:925} INFO - DAG(s) 'example_subdag_operator.section-1', 'example_subdag_operator.section-2', 'example_subdag_operator' retrieved from /home/airflow/.local/lib/python3.12/site-packages/airflow/example_dags/example_subdag_operator.py
[2025-09-16T23:57:34.132+0000] {logging_mixin.py:190} INFO - [2025-09-16T23:57:34.132+0000] {dag.py:3239} INFO - Sync 3 DAGs
[2025-09-16T23:57:34.142+0000] {logging_mixin.py:190} INFO - [2025-09-16T23:57:34.142+0000] {dag.py:4180} INFO - Setting next_dagrun for example_subdag_operator to 2022-01-01 00:00:00+00:00, run_after=2022-01-01 00:00:00+00:00
[2025-09-16T23:57:34.144+0000] {logging_mixin.py:190} INFO - [2025-09-16T23:57:34.144+0000] {dag.py:4180} INFO - Setting next_dagrun for example_subdag_operator.section-1 to None, run_after=None
[2025-09-16T23:57:34.145+0000] {logging_mixin.py:190} INFO - [2025-09-16T23:57:34.145+0000] {dag.py:4180} INFO - Setting next_dagrun for example_subdag_operator.section-2 to None, run_after=None
[2025-09-16T23:57:34.147+0000] {logging_mixin.py:190} INFO - [2025-09-16T23:57:34.147+0000] {dag.py:3239} INFO - Sync 2 DAGs
[2025-09-16T23:57:34.150+0000] {logging_mixin.py:190} INFO - [2025-09-16T23:57:34.149+0000] {dag.py:4180} INFO - Setting next_dagrun for example_subdag_operator.section-1 to None, run_after=None
[2025-09-16T23:57:34.150+0000] {logging_mixin.py:190} INFO - [2025-09-16T23:57:34.150+0000] {dag.py:4180} INFO - Setting next_dagrun for example_subdag_operator.section-2 to None, run_after=None
[2025-09-16T23:57:34.154+0000] {processor.py:208} INFO - Processing /home/airflow/.local/lib/python3.12/site-packages/airflow/example_dags/example_subdag_operator.py took 0.045 seconds
[2025-09-16T23:58:04.180+0000] {processor.py:186} INFO - Started process (PID=2167) to work on /home/airflow/.local/lib/python3.12/site-packages/airflow/example_dags/example_subdag_operator.py
[2025-09-16T23:58:04.180+0000] {processor.py:914} INFO - Processing file /home/airflow/.local/lib/python3.12/site-packages/airflow/example_dags/example_subdag_operator.py for tasks to queue
[2025-09-16T23:58:04.181+0000] {logging_mixin.py:190} INFO - [2025-09-16T23:58:04.181+0000] {dagbag.py:588} INFO - Filling up the DagBag from /home/airflow/.local/lib/python3.12/site-packages/airflow/example_dags/example_subdag_operator.py
[2025-09-16T23:58:04.194+0000] {processor.py:925} INFO - DAG(s) 'example_subdag_operator.section-1', 'example_subdag_operator.section-2', 'example_subdag_operator' retrieved from /home/airflow/.local/lib/python3.12/site-packages/airflow/example_dags/example_subdag_operator.py
[2025-09-16T23:58:04.200+0000] {logging_mixin.py:190} INFO - [2025-09-16T23:58:04.200+0000] {dag.py:3239} INFO - Sync 3 DAGs
[2025-09-16T23:58:04.210+0000] {logging_mixin.py:190} INFO - [2025-09-16T23:58:04.210+0000] {dag.py:4180} INFO - Setting next_dagrun for example_subdag_operator to 2022-01-01 00:00:00+00:00, run_after=2022-01-01 00:00:00+00:00
[2025-09-16T23:58:04.212+0000] {logging_mixin.py:190} INFO - [2025-09-16T23:58:04.211+0000] {dag.py:4180} INFO - Setting next_dagrun for example_subdag_operator.section-1 to None, run_after=None
[2025-09-16T23:58:04.212+0000] {logging_mixin.py:190} INFO - [2025-09-16T23:58:04.212+0000] {dag.py:4180} INFO - Setting next_dagrun for example_subdag_operator.section-2 to None, run_after=None
[2025-09-16T23:58:04.215+0000] {logging_mixin.py:190} INFO - [2025-09-16T23:58:04.215+0000] {dag.py:3239} INFO - Sync 2 DAGs
[2025-09-16T23:58:04.218+0000] {logging_mixin.py:190} INFO - [2025-09-16T23:58:04.218+0000] {dag.py:4180} INFO - Setting next_dagrun for example_subdag_operator.section-1 to None, run_after=None
[2025-09-16T23:58:04.218+0000] {logging_mixin.py:190} INFO - [2025-09-16T23:58:04.218+0000] {dag.py:4180} INFO - Setting next_dagrun for example_subdag_operator.section-2 to None, run_after=None
[2025-09-16T23:58:04.222+0000] {processor.py:208} INFO - Processing /home/airflow/.local/lib/python3.12/site-packages/airflow/example_dags/example_subdag_operator.py took 0.045 seconds
[2025-09-16T23:58:35.195+0000] {processor.py:186} INFO - Started process (PID=2230) to work on /home/airflow/.local/lib/python3.12/site-packages/airflow/example_dags/example_subdag_operator.py
[2025-09-16T23:58:35.196+0000] {processor.py:914} INFO - Processing file /home/airflow/.local/lib/python3.12/site-packages/airflow/example_dags/example_subdag_operator.py for tasks to queue
[2025-09-16T23:58:35.197+0000] {logging_mixin.py:190} INFO - [2025-09-16T23:58:35.197+0000] {dagbag.py:588} INFO - Filling up the DagBag from /home/airflow/.local/lib/python3.12/site-packages/airflow/example_dags/example_subdag_operator.py
[2025-09-16T23:58:35.210+0000] {processor.py:925} INFO - DAG(s) 'example_subdag_operator.section-1', 'example_subdag_operator.section-2', 'example_subdag_operator' retrieved from /home/airflow/.local/lib/python3.12/site-packages/airflow/example_dags/example_subdag_operator.py
[2025-09-16T23:58:35.218+0000] {logging_mixin.py:190} INFO - [2025-09-16T23:58:35.218+0000] {dag.py:3239} INFO - Sync 3 DAGs
[2025-09-16T23:58:35.229+0000] {logging_mixin.py:190} INFO - [2025-09-16T23:58:35.229+0000] {dag.py:4180} INFO - Setting next_dagrun for example_subdag_operator to 2022-01-01 00:00:00+00:00, run_after=2022-01-01 00:00:00+00:00
[2025-09-16T23:58:35.230+0000] {logging_mixin.py:190} INFO - [2025-09-16T23:58:35.230+0000] {dag.py:4180} INFO - Setting next_dagrun for example_subdag_operator.section-1 to None, run_after=None
[2025-09-16T23:58:35.231+0000] {logging_mixin.py:190} INFO - [2025-09-16T23:58:35.231+0000] {dag.py:4180} INFO - Setting next_dagrun for example_subdag_operator.section-2 to None, run_after=None
[2025-09-16T23:58:35.234+0000] {logging_mixin.py:190} INFO - [2025-09-16T23:58:35.234+0000] {dag.py:3239} INFO - Sync 2 DAGs
[2025-09-16T23:58:35.236+0000] {logging_mixin.py:190} INFO - [2025-09-16T23:58:35.236+0000] {dag.py:4180} INFO - Setting next_dagrun for example_subdag_operator.section-1 to None, run_after=None
[2025-09-16T23:58:35.236+0000] {logging_mixin.py:190} INFO - [2025-09-16T23:58:35.236+0000] {dag.py:4180} INFO - Setting next_dagrun for example_subdag_operator.section-2 to None, run_after=None
[2025-09-16T23:58:35.241+0000] {processor.py:208} INFO - Processing /home/airflow/.local/lib/python3.12/site-packages/airflow/example_dags/example_subdag_operator.py took 0.049 seconds
[2025-09-16T23:59:06.263+0000] {processor.py:186} INFO - Started process (PID=2293) to work on /home/airflow/.local/lib/python3.12/site-packages/airflow/example_dags/example_subdag_operator.py
[2025-09-16T23:59:06.267+0000] {processor.py:914} INFO - Processing file /home/airflow/.local/lib/python3.12/site-packages/airflow/example_dags/example_subdag_operator.py for tasks to queue
[2025-09-16T23:59:06.268+0000] {logging_mixin.py:190} INFO - [2025-09-16T23:59:06.268+0000] {dagbag.py:588} INFO - Filling up the DagBag from /home/airflow/.local/lib/python3.12/site-packages/airflow/example_dags/example_subdag_operator.py
[2025-09-16T23:59:06.280+0000] {processor.py:925} INFO - DAG(s) 'example_subdag_operator.section-1', 'example_subdag_operator.section-2', 'example_subdag_operator' retrieved from /home/airflow/.local/lib/python3.12/site-packages/airflow/example_dags/example_subdag_operator.py
[2025-09-16T23:59:06.286+0000] {logging_mixin.py:190} INFO - [2025-09-16T23:59:06.286+0000] {dag.py:3239} INFO - Sync 3 DAGs
[2025-09-16T23:59:06.296+0000] {logging_mixin.py:190} INFO - [2025-09-16T23:59:06.296+0000] {dag.py:4180} INFO - Setting next_dagrun for example_subdag_operator to 2022-01-01 00:00:00+00:00, run_after=2022-01-01 00:00:00+00:00
[2025-09-16T23:59:06.297+0000] {logging_mixin.py:190} INFO - [2025-09-16T23:59:06.297+0000] {dag.py:4180} INFO - Setting next_dagrun for example_subdag_operator.section-1 to None, run_after=None
[2025-09-16T23:59:06.298+0000] {logging_mixin.py:190} INFO - [2025-09-16T23:59:06.298+0000] {dag.py:4180} INFO - Setting next_dagrun for example_subdag_operator.section-2 to None, run_after=None
[2025-09-16T23:59:06.301+0000] {logging_mixin.py:190} INFO - [2025-09-16T23:59:06.301+0000] {dag.py:3239} INFO - Sync 2 DAGs
[2025-09-16T23:59:06.303+0000] {logging_mixin.py:190} INFO - [2025-09-16T23:59:06.303+0000] {dag.py:4180} INFO - Setting next_dagrun for example_subdag_operator.section-1 to None, run_after=None
[2025-09-16T23:59:06.303+0000] {logging_mixin.py:190} INFO - [2025-09-16T23:59:06.303+0000] {dag.py:4180} INFO - Setting next_dagrun for example_subdag_operator.section-2 to None, run_after=None
[2025-09-16T23:59:06.307+0000] {processor.py:208} INFO - Processing /home/airflow/.local/lib/python3.12/site-packages/airflow/example_dags/example_subdag_operator.py took 0.047 seconds
[2025-09-16T23:59:37.483+0000] {processor.py:186} INFO - Started process (PID=2356) to work on /home/airflow/.local/lib/python3.12/site-packages/airflow/example_dags/example_subdag_operator.py
[2025-09-16T23:59:37.483+0000] {processor.py:914} INFO - Processing file /home/airflow/.local/lib/python3.12/site-packages/airflow/example_dags/example_subdag_operator.py for tasks to queue
[2025-09-16T23:59:37.484+0000] {logging_mixin.py:190} INFO - [2025-09-16T23:59:37.484+0000] {dagbag.py:588} INFO - Filling up the DagBag from /home/airflow/.local/lib/python3.12/site-packages/airflow/example_dags/example_subdag_operator.py
[2025-09-16T23:59:37.496+0000] {processor.py:925} INFO - DAG(s) 'example_subdag_operator.section-1', 'example_subdag_operator.section-2', 'example_subdag_operator' retrieved from /home/airflow/.local/lib/python3.12/site-packages/airflow/example_dags/example_subdag_operator.py
[2025-09-16T23:59:37.503+0000] {logging_mixin.py:190} INFO - [2025-09-16T23:59:37.502+0000] {dag.py:3239} INFO - Sync 3 DAGs
[2025-09-16T23:59:37.512+0000] {logging_mixin.py:190} INFO - [2025-09-16T23:59:37.512+0000] {dag.py:4180} INFO - Setting next_dagrun for example_subdag_operator to 2022-01-01 00:00:00+00:00, run_after=2022-01-01 00:00:00+00:00
[2025-09-16T23:59:37.514+0000] {logging_mixin.py:190} INFO - [2025-09-16T23:59:37.514+0000] {dag.py:4180} INFO - Setting next_dagrun for example_subdag_operator.section-1 to None, run_after=None
[2025-09-16T23:59:37.514+0000] {logging_mixin.py:190} INFO - [2025-09-16T23:59:37.514+0000] {dag.py:4180} INFO - Setting next_dagrun for example_subdag_operator.section-2 to None, run_after=None
[2025-09-16T23:59:37.517+0000] {logging_mixin.py:190} INFO - [2025-09-16T23:59:37.517+0000] {dag.py:3239} INFO - Sync 2 DAGs
[2025-09-16T23:59:37.519+0000] {logging_mixin.py:190} INFO - [2025-09-16T23:59:37.519+0000] {dag.py:4180} INFO - Setting next_dagrun for example_subdag_operator.section-1 to None, run_after=None
[2025-09-16T23:59:37.519+0000] {logging_mixin.py:190} INFO - [2025-09-16T23:59:37.519+0000] {dag.py:4180} INFO - Setting next_dagrun for example_subdag_operator.section-2 to None, run_after=None
[2025-09-16T23:59:37.524+0000] {processor.py:208} INFO - Processing /home/airflow/.local/lib/python3.12/site-packages/airflow/example_dags/example_subdag_operator.py took 0.045 seconds
