[2025-09-16T23:41:18.944+0000] {processor.py:186} INFO - Started process (PID=86) to work on /home/airflow/.local/lib/python3.12/site-packages/airflow/example_dags/example_dataset_alias.py
[2025-09-16T23:41:18.945+0000] {processor.py:914} INFO - Processing file /home/airflow/.local/lib/python3.12/site-packages/airflow/example_dags/example_dataset_alias.py for tasks to queue
[2025-09-16T23:41:18.946+0000] {logging_mixin.py:190} INFO - [2025-09-16T23:41:18.946+0000] {dagbag.py:588} INFO - Filling up the DagBag from /home/airflow/.local/lib/python3.12/site-packages/airflow/example_dags/example_dataset_alias.py
[2025-09-16T23:41:19.383+0000] {processor.py:925} INFO - DAG(s) 'dataset_s3_bucket_consumer', 'dataset_alias_example_alias_consumer', 'dataset_s3_bucket_producer', 'dataset_alias_example_alias_producer' retrieved from /home/airflow/.local/lib/python3.12/site-packages/airflow/example_dags/example_dataset_alias.py
[2025-09-16T23:41:19.435+0000] {logging_mixin.py:190} INFO - [2025-09-16T23:41:19.435+0000] {override.py:1911} INFO - Created Permission View: can edit on DAG:dataset_s3_bucket_consumer
[2025-09-16T23:41:19.439+0000] {logging_mixin.py:190} INFO - [2025-09-16T23:41:19.439+0000] {override.py:1911} INFO - Created Permission View: can delete on DAG:dataset_s3_bucket_consumer
[2025-09-16T23:41:19.446+0000] {logging_mixin.py:190} INFO - [2025-09-16T23:41:19.446+0000] {override.py:1911} INFO - Created Permission View: can read on DAG:dataset_s3_bucket_consumer
[2025-09-16T23:41:19.453+0000] {logging_mixin.py:190} INFO - [2025-09-16T23:41:19.453+0000] {override.py:1911} INFO - Created Permission View: menu access on DAG Run:dataset_s3_bucket_consumer
[2025-09-16T23:41:19.459+0000] {logging_mixin.py:190} INFO - [2025-09-16T23:41:19.458+0000] {override.py:1911} INFO - Created Permission View: can create on DAG Run:dataset_s3_bucket_consumer
[2025-09-16T23:41:19.464+0000] {logging_mixin.py:190} INFO - [2025-09-16T23:41:19.464+0000] {override.py:1911} INFO - Created Permission View: can delete on DAG Run:dataset_s3_bucket_consumer
[2025-09-16T23:41:19.467+0000] {logging_mixin.py:190} INFO - [2025-09-16T23:41:19.467+0000] {override.py:1911} INFO - Created Permission View: can read on DAG Run:dataset_s3_bucket_consumer
[2025-09-16T23:41:19.475+0000] {logging_mixin.py:190} INFO - [2025-09-16T23:41:19.474+0000] {override.py:1911} INFO - Created Permission View: can edit on DAG:dataset_alias_example_alias_consumer
[2025-09-16T23:41:19.478+0000] {logging_mixin.py:190} INFO - [2025-09-16T23:41:19.478+0000] {override.py:1911} INFO - Created Permission View: can delete on DAG:dataset_alias_example_alias_consumer
[2025-09-16T23:41:19.488+0000] {logging_mixin.py:190} INFO - [2025-09-16T23:41:19.488+0000] {override.py:1911} INFO - Created Permission View: can read on DAG:dataset_alias_example_alias_consumer
[2025-09-16T23:41:19.500+0000] {logging_mixin.py:190} INFO - [2025-09-16T23:41:19.500+0000] {override.py:1911} INFO - Created Permission View: menu access on DAG Run:dataset_alias_example_alias_consumer
[2025-09-16T23:41:19.505+0000] {logging_mixin.py:190} INFO - [2025-09-16T23:41:19.505+0000] {override.py:1911} INFO - Created Permission View: can create on DAG Run:dataset_alias_example_alias_consumer
[2025-09-16T23:41:19.510+0000] {logging_mixin.py:190} INFO - [2025-09-16T23:41:19.509+0000] {override.py:1911} INFO - Created Permission View: can delete on DAG Run:dataset_alias_example_alias_consumer
[2025-09-16T23:41:19.514+0000] {logging_mixin.py:190} INFO - [2025-09-16T23:41:19.513+0000] {override.py:1911} INFO - Created Permission View: can read on DAG Run:dataset_alias_example_alias_consumer
[2025-09-16T23:41:19.521+0000] {logging_mixin.py:190} INFO - [2025-09-16T23:41:19.521+0000] {override.py:1911} INFO - Created Permission View: can edit on DAG:dataset_s3_bucket_producer
[2025-09-16T23:41:19.524+0000] {logging_mixin.py:190} INFO - [2025-09-16T23:41:19.524+0000] {override.py:1911} INFO - Created Permission View: can delete on DAG:dataset_s3_bucket_producer
[2025-09-16T23:41:19.528+0000] {logging_mixin.py:190} INFO - [2025-09-16T23:41:19.528+0000] {override.py:1911} INFO - Created Permission View: can read on DAG:dataset_s3_bucket_producer
[2025-09-16T23:41:19.532+0000] {logging_mixin.py:190} INFO - [2025-09-16T23:41:19.532+0000] {override.py:1911} INFO - Created Permission View: menu access on DAG Run:dataset_s3_bucket_producer
[2025-09-16T23:41:19.536+0000] {logging_mixin.py:190} INFO - [2025-09-16T23:41:19.536+0000] {override.py:1911} INFO - Created Permission View: can create on DAG Run:dataset_s3_bucket_producer
[2025-09-16T23:41:19.540+0000] {logging_mixin.py:190} INFO - [2025-09-16T23:41:19.539+0000] {override.py:1911} INFO - Created Permission View: can delete on DAG Run:dataset_s3_bucket_producer
[2025-09-16T23:41:19.544+0000] {logging_mixin.py:190} INFO - [2025-09-16T23:41:19.543+0000] {override.py:1911} INFO - Created Permission View: can read on DAG Run:dataset_s3_bucket_producer
[2025-09-16T23:41:19.551+0000] {logging_mixin.py:190} INFO - [2025-09-16T23:41:19.551+0000] {override.py:1911} INFO - Created Permission View: can edit on DAG:dataset_alias_example_alias_producer
[2025-09-16T23:41:19.555+0000] {logging_mixin.py:190} INFO - [2025-09-16T23:41:19.554+0000] {override.py:1911} INFO - Created Permission View: can delete on DAG:dataset_alias_example_alias_producer
[2025-09-16T23:41:19.558+0000] {logging_mixin.py:190} INFO - [2025-09-16T23:41:19.558+0000] {override.py:1911} INFO - Created Permission View: can read on DAG:dataset_alias_example_alias_producer
[2025-09-16T23:41:19.561+0000] {logging_mixin.py:190} INFO - [2025-09-16T23:41:19.561+0000] {override.py:1911} INFO - Created Permission View: menu access on DAG Run:dataset_alias_example_alias_producer
[2025-09-16T23:41:19.565+0000] {logging_mixin.py:190} INFO - [2025-09-16T23:41:19.565+0000] {override.py:1911} INFO - Created Permission View: can create on DAG Run:dataset_alias_example_alias_producer
[2025-09-16T23:41:19.570+0000] {logging_mixin.py:190} INFO - [2025-09-16T23:41:19.570+0000] {override.py:1911} INFO - Created Permission View: can delete on DAG Run:dataset_alias_example_alias_producer
[2025-09-16T23:41:19.575+0000] {logging_mixin.py:190} INFO - [2025-09-16T23:41:19.574+0000] {override.py:1911} INFO - Created Permission View: can read on DAG Run:dataset_alias_example_alias_producer
[2025-09-16T23:41:19.575+0000] {logging_mixin.py:190} INFO - [2025-09-16T23:41:19.575+0000] {dag.py:3239} INFO - Sync 4 DAGs
[2025-09-16T23:41:19.585+0000] {logging_mixin.py:190} INFO - [2025-09-16T23:41:19.585+0000] {dag.py:3262} INFO - Creating ORM DAG for dataset_s3_bucket_consumer
[2025-09-16T23:41:19.586+0000] {logging_mixin.py:190} INFO - [2025-09-16T23:41:19.586+0000] {dag.py:3262} INFO - Creating ORM DAG for dataset_s3_bucket_producer
[2025-09-16T23:41:19.586+0000] {logging_mixin.py:190} INFO - [2025-09-16T23:41:19.586+0000] {dag.py:3262} INFO - Creating ORM DAG for dataset_alias_example_alias_producer
[2025-09-16T23:41:19.586+0000] {logging_mixin.py:190} INFO - [2025-09-16T23:41:19.586+0000] {dag.py:3262} INFO - Creating ORM DAG for dataset_alias_example_alias_consumer
[2025-09-16T23:41:19.591+0000] {logging_mixin.py:190} INFO - [2025-09-16T23:41:19.591+0000] {dag.py:4180} INFO - Setting next_dagrun for dataset_alias_example_alias_consumer to None, run_after=None
[2025-09-16T23:41:19.592+0000] {logging_mixin.py:190} INFO - [2025-09-16T23:41:19.592+0000] {dag.py:4180} INFO - Setting next_dagrun for dataset_alias_example_alias_producer to None, run_after=None
[2025-09-16T23:41:19.593+0000] {logging_mixin.py:190} INFO - [2025-09-16T23:41:19.593+0000] {dag.py:4180} INFO - Setting next_dagrun for dataset_s3_bucket_consumer to None, run_after=None
[2025-09-16T23:41:19.593+0000] {logging_mixin.py:190} INFO - [2025-09-16T23:41:19.593+0000] {dag.py:4180} INFO - Setting next_dagrun for dataset_s3_bucket_producer to None, run_after=None
[2025-09-16T23:41:19.614+0000] {processor.py:208} INFO - Processing /home/airflow/.local/lib/python3.12/site-packages/airflow/example_dags/example_dataset_alias.py took 0.674 seconds
[2025-09-16T23:41:49.669+0000] {processor.py:186} INFO - Started process (PID=157) to work on /home/airflow/.local/lib/python3.12/site-packages/airflow/example_dags/example_dataset_alias.py
[2025-09-16T23:41:49.670+0000] {processor.py:914} INFO - Processing file /home/airflow/.local/lib/python3.12/site-packages/airflow/example_dags/example_dataset_alias.py for tasks to queue
[2025-09-16T23:41:49.671+0000] {logging_mixin.py:190} INFO - [2025-09-16T23:41:49.671+0000] {dagbag.py:588} INFO - Filling up the DagBag from /home/airflow/.local/lib/python3.12/site-packages/airflow/example_dags/example_dataset_alias.py
[2025-09-16T23:41:50.011+0000] {processor.py:925} INFO - DAG(s) 'dataset_s3_bucket_producer', 'dataset_alias_example_alias_consumer', 'dataset_alias_example_alias_producer', 'dataset_s3_bucket_consumer' retrieved from /home/airflow/.local/lib/python3.12/site-packages/airflow/example_dags/example_dataset_alias.py
[2025-09-16T23:41:50.025+0000] {logging_mixin.py:190} INFO - [2025-09-16T23:41:50.025+0000] {dag.py:3239} INFO - Sync 4 DAGs
[2025-09-16T23:41:50.038+0000] {logging_mixin.py:190} INFO - [2025-09-16T23:41:50.038+0000] {dag.py:4180} INFO - Setting next_dagrun for dataset_alias_example_alias_consumer to None, run_after=None
[2025-09-16T23:41:50.039+0000] {logging_mixin.py:190} INFO - [2025-09-16T23:41:50.039+0000] {dag.py:4180} INFO - Setting next_dagrun for dataset_alias_example_alias_producer to None, run_after=None
[2025-09-16T23:41:50.040+0000] {logging_mixin.py:190} INFO - [2025-09-16T23:41:50.040+0000] {dag.py:4180} INFO - Setting next_dagrun for dataset_s3_bucket_consumer to None, run_after=None
[2025-09-16T23:41:50.040+0000] {logging_mixin.py:190} INFO - [2025-09-16T23:41:50.040+0000] {dag.py:4180} INFO - Setting next_dagrun for dataset_s3_bucket_producer to None, run_after=None
[2025-09-16T23:41:50.051+0000] {processor.py:208} INFO - Processing /home/airflow/.local/lib/python3.12/site-packages/airflow/example_dags/example_dataset_alias.py took 0.385 seconds
[2025-09-16T23:42:20.410+0000] {processor.py:186} INFO - Started process (PID=218) to work on /home/airflow/.local/lib/python3.12/site-packages/airflow/example_dags/example_dataset_alias.py
[2025-09-16T23:42:20.417+0000] {processor.py:914} INFO - Processing file /home/airflow/.local/lib/python3.12/site-packages/airflow/example_dags/example_dataset_alias.py for tasks to queue
[2025-09-16T23:42:20.419+0000] {logging_mixin.py:190} INFO - [2025-09-16T23:42:20.419+0000] {dagbag.py:588} INFO - Filling up the DagBag from /home/airflow/.local/lib/python3.12/site-packages/airflow/example_dags/example_dataset_alias.py
[2025-09-16T23:42:20.816+0000] {processor.py:925} INFO - DAG(s) 'dataset_s3_bucket_producer', 'dataset_alias_example_alias_producer', 'dataset_alias_example_alias_consumer', 'dataset_s3_bucket_consumer' retrieved from /home/airflow/.local/lib/python3.12/site-packages/airflow/example_dags/example_dataset_alias.py
[2025-09-16T23:42:20.832+0000] {logging_mixin.py:190} INFO - [2025-09-16T23:42:20.832+0000] {dag.py:3239} INFO - Sync 4 DAGs
[2025-09-16T23:42:20.846+0000] {logging_mixin.py:190} INFO - [2025-09-16T23:42:20.846+0000] {dag.py:4180} INFO - Setting next_dagrun for dataset_alias_example_alias_consumer to None, run_after=None
[2025-09-16T23:42:20.848+0000] {logging_mixin.py:190} INFO - [2025-09-16T23:42:20.848+0000] {dag.py:4180} INFO - Setting next_dagrun for dataset_alias_example_alias_producer to None, run_after=None
[2025-09-16T23:42:20.850+0000] {logging_mixin.py:190} INFO - [2025-09-16T23:42:20.850+0000] {dag.py:4180} INFO - Setting next_dagrun for dataset_s3_bucket_consumer to None, run_after=None
[2025-09-16T23:42:20.852+0000] {logging_mixin.py:190} INFO - [2025-09-16T23:42:20.852+0000] {dag.py:4180} INFO - Setting next_dagrun for dataset_s3_bucket_producer to None, run_after=None
[2025-09-16T23:42:20.924+0000] {processor.py:208} INFO - Processing /home/airflow/.local/lib/python3.12/site-packages/airflow/example_dags/example_dataset_alias.py took 0.519 seconds
[2025-09-16T23:42:51.157+0000] {processor.py:186} INFO - Started process (PID=280) to work on /home/airflow/.local/lib/python3.12/site-packages/airflow/example_dags/example_dataset_alias.py
[2025-09-16T23:42:51.160+0000] {processor.py:914} INFO - Processing file /home/airflow/.local/lib/python3.12/site-packages/airflow/example_dags/example_dataset_alias.py for tasks to queue
[2025-09-16T23:42:51.163+0000] {logging_mixin.py:190} INFO - [2025-09-16T23:42:51.163+0000] {dagbag.py:588} INFO - Filling up the DagBag from /home/airflow/.local/lib/python3.12/site-packages/airflow/example_dags/example_dataset_alias.py
[2025-09-16T23:42:51.511+0000] {processor.py:925} INFO - DAG(s) 'dataset_alias_example_alias_consumer', 'dataset_s3_bucket_producer', 'dataset_s3_bucket_consumer', 'dataset_alias_example_alias_producer' retrieved from /home/airflow/.local/lib/python3.12/site-packages/airflow/example_dags/example_dataset_alias.py
[2025-09-16T23:42:51.523+0000] {logging_mixin.py:190} INFO - [2025-09-16T23:42:51.522+0000] {dag.py:3239} INFO - Sync 4 DAGs
[2025-09-16T23:42:51.534+0000] {logging_mixin.py:190} INFO - [2025-09-16T23:42:51.534+0000] {dag.py:4180} INFO - Setting next_dagrun for dataset_alias_example_alias_consumer to None, run_after=None
[2025-09-16T23:42:51.536+0000] {logging_mixin.py:190} INFO - [2025-09-16T23:42:51.536+0000] {dag.py:4180} INFO - Setting next_dagrun for dataset_alias_example_alias_producer to None, run_after=None
[2025-09-16T23:42:51.538+0000] {logging_mixin.py:190} INFO - [2025-09-16T23:42:51.538+0000] {dag.py:4180} INFO - Setting next_dagrun for dataset_s3_bucket_consumer to None, run_after=None
[2025-09-16T23:42:51.539+0000] {logging_mixin.py:190} INFO - [2025-09-16T23:42:51.539+0000] {dag.py:4180} INFO - Setting next_dagrun for dataset_s3_bucket_producer to None, run_after=None
[2025-09-16T23:42:51.554+0000] {processor.py:208} INFO - Processing /home/airflow/.local/lib/python3.12/site-packages/airflow/example_dags/example_dataset_alias.py took 0.404 seconds
[2025-09-16T23:43:21.988+0000] {processor.py:186} INFO - Started process (PID=343) to work on /home/airflow/.local/lib/python3.12/site-packages/airflow/example_dags/example_dataset_alias.py
[2025-09-16T23:43:21.989+0000] {processor.py:914} INFO - Processing file /home/airflow/.local/lib/python3.12/site-packages/airflow/example_dags/example_dataset_alias.py for tasks to queue
[2025-09-16T23:43:21.990+0000] {logging_mixin.py:190} INFO - [2025-09-16T23:43:21.990+0000] {dagbag.py:588} INFO - Filling up the DagBag from /home/airflow/.local/lib/python3.12/site-packages/airflow/example_dags/example_dataset_alias.py
[2025-09-16T23:43:22.349+0000] {processor.py:925} INFO - DAG(s) 'dataset_s3_bucket_consumer', 'dataset_alias_example_alias_consumer', 'dataset_s3_bucket_producer', 'dataset_alias_example_alias_producer' retrieved from /home/airflow/.local/lib/python3.12/site-packages/airflow/example_dags/example_dataset_alias.py
[2025-09-16T23:43:22.364+0000] {logging_mixin.py:190} INFO - [2025-09-16T23:43:22.363+0000] {dag.py:3239} INFO - Sync 4 DAGs
[2025-09-16T23:43:22.375+0000] {logging_mixin.py:190} INFO - [2025-09-16T23:43:22.375+0000] {dag.py:4180} INFO - Setting next_dagrun for dataset_alias_example_alias_consumer to None, run_after=None
[2025-09-16T23:43:22.379+0000] {logging_mixin.py:190} INFO - [2025-09-16T23:43:22.379+0000] {dag.py:4180} INFO - Setting next_dagrun for dataset_alias_example_alias_producer to None, run_after=None
[2025-09-16T23:43:22.380+0000] {logging_mixin.py:190} INFO - [2025-09-16T23:43:22.380+0000] {dag.py:4180} INFO - Setting next_dagrun for dataset_s3_bucket_consumer to None, run_after=None
[2025-09-16T23:43:22.381+0000] {logging_mixin.py:190} INFO - [2025-09-16T23:43:22.381+0000] {dag.py:4180} INFO - Setting next_dagrun for dataset_s3_bucket_producer to None, run_after=None
[2025-09-16T23:43:22.392+0000] {processor.py:208} INFO - Processing /home/airflow/.local/lib/python3.12/site-packages/airflow/example_dags/example_dataset_alias.py took 0.409 seconds
[2025-09-16T23:43:52.481+0000] {processor.py:186} INFO - Started process (PID=406) to work on /home/airflow/.local/lib/python3.12/site-packages/airflow/example_dags/example_dataset_alias.py
[2025-09-16T23:43:52.482+0000] {processor.py:914} INFO - Processing file /home/airflow/.local/lib/python3.12/site-packages/airflow/example_dags/example_dataset_alias.py for tasks to queue
[2025-09-16T23:43:52.485+0000] {logging_mixin.py:190} INFO - [2025-09-16T23:43:52.485+0000] {dagbag.py:588} INFO - Filling up the DagBag from /home/airflow/.local/lib/python3.12/site-packages/airflow/example_dags/example_dataset_alias.py
[2025-09-16T23:43:52.888+0000] {processor.py:925} INFO - DAG(s) 'dataset_s3_bucket_consumer', 'dataset_alias_example_alias_consumer', 'dataset_s3_bucket_producer', 'dataset_alias_example_alias_producer' retrieved from /home/airflow/.local/lib/python3.12/site-packages/airflow/example_dags/example_dataset_alias.py
[2025-09-16T23:43:52.899+0000] {logging_mixin.py:190} INFO - [2025-09-16T23:43:52.899+0000] {dag.py:3239} INFO - Sync 4 DAGs
[2025-09-16T23:43:52.913+0000] {logging_mixin.py:190} INFO - [2025-09-16T23:43:52.912+0000] {dag.py:4180} INFO - Setting next_dagrun for dataset_alias_example_alias_consumer to None, run_after=None
[2025-09-16T23:43:52.914+0000] {logging_mixin.py:190} INFO - [2025-09-16T23:43:52.914+0000] {dag.py:4180} INFO - Setting next_dagrun for dataset_alias_example_alias_producer to None, run_after=None
[2025-09-16T23:43:52.916+0000] {logging_mixin.py:190} INFO - [2025-09-16T23:43:52.916+0000] {dag.py:4180} INFO - Setting next_dagrun for dataset_s3_bucket_consumer to None, run_after=None
[2025-09-16T23:43:52.918+0000] {logging_mixin.py:190} INFO - [2025-09-16T23:43:52.918+0000] {dag.py:4180} INFO - Setting next_dagrun for dataset_s3_bucket_producer to None, run_after=None
[2025-09-16T23:43:52.930+0000] {processor.py:208} INFO - Processing /home/airflow/.local/lib/python3.12/site-packages/airflow/example_dags/example_dataset_alias.py took 0.455 seconds
[2025-09-16T23:44:23.024+0000] {processor.py:186} INFO - Started process (PID=469) to work on /home/airflow/.local/lib/python3.12/site-packages/airflow/example_dags/example_dataset_alias.py
[2025-09-16T23:44:23.027+0000] {processor.py:914} INFO - Processing file /home/airflow/.local/lib/python3.12/site-packages/airflow/example_dags/example_dataset_alias.py for tasks to queue
[2025-09-16T23:44:23.029+0000] {logging_mixin.py:190} INFO - [2025-09-16T23:44:23.029+0000] {dagbag.py:588} INFO - Filling up the DagBag from /home/airflow/.local/lib/python3.12/site-packages/airflow/example_dags/example_dataset_alias.py
[2025-09-16T23:44:23.413+0000] {processor.py:925} INFO - DAG(s) 'dataset_s3_bucket_producer', 'dataset_alias_example_alias_producer', 'dataset_alias_example_alias_consumer', 'dataset_s3_bucket_consumer' retrieved from /home/airflow/.local/lib/python3.12/site-packages/airflow/example_dags/example_dataset_alias.py
[2025-09-16T23:44:23.424+0000] {logging_mixin.py:190} INFO - [2025-09-16T23:44:23.424+0000] {dag.py:3239} INFO - Sync 4 DAGs
[2025-09-16T23:44:23.437+0000] {logging_mixin.py:190} INFO - [2025-09-16T23:44:23.437+0000] {dag.py:4180} INFO - Setting next_dagrun for dataset_alias_example_alias_consumer to None, run_after=None
[2025-09-16T23:44:23.439+0000] {logging_mixin.py:190} INFO - [2025-09-16T23:44:23.439+0000] {dag.py:4180} INFO - Setting next_dagrun for dataset_alias_example_alias_producer to None, run_after=None
[2025-09-16T23:44:23.440+0000] {logging_mixin.py:190} INFO - [2025-09-16T23:44:23.440+0000] {dag.py:4180} INFO - Setting next_dagrun for dataset_s3_bucket_consumer to None, run_after=None
[2025-09-16T23:44:23.441+0000] {logging_mixin.py:190} INFO - [2025-09-16T23:44:23.441+0000] {dag.py:4180} INFO - Setting next_dagrun for dataset_s3_bucket_producer to None, run_after=None
[2025-09-16T23:44:23.452+0000] {processor.py:208} INFO - Processing /home/airflow/.local/lib/python3.12/site-packages/airflow/example_dags/example_dataset_alias.py took 0.436 seconds
[2025-09-16T23:44:53.507+0000] {processor.py:186} INFO - Started process (PID=532) to work on /home/airflow/.local/lib/python3.12/site-packages/airflow/example_dags/example_dataset_alias.py
[2025-09-16T23:44:53.512+0000] {processor.py:914} INFO - Processing file /home/airflow/.local/lib/python3.12/site-packages/airflow/example_dags/example_dataset_alias.py for tasks to queue
[2025-09-16T23:44:53.516+0000] {logging_mixin.py:190} INFO - [2025-09-16T23:44:53.515+0000] {dagbag.py:588} INFO - Filling up the DagBag from /home/airflow/.local/lib/python3.12/site-packages/airflow/example_dags/example_dataset_alias.py
[2025-09-16T23:44:53.873+0000] {processor.py:925} INFO - DAG(s) 'dataset_s3_bucket_producer', 'dataset_s3_bucket_consumer', 'dataset_alias_example_alias_consumer', 'dataset_alias_example_alias_producer' retrieved from /home/airflow/.local/lib/python3.12/site-packages/airflow/example_dags/example_dataset_alias.py
[2025-09-16T23:44:53.883+0000] {logging_mixin.py:190} INFO - [2025-09-16T23:44:53.883+0000] {dag.py:3239} INFO - Sync 4 DAGs
[2025-09-16T23:44:53.897+0000] {logging_mixin.py:190} INFO - [2025-09-16T23:44:53.897+0000] {dag.py:4180} INFO - Setting next_dagrun for dataset_alias_example_alias_consumer to None, run_after=None
[2025-09-16T23:44:53.900+0000] {logging_mixin.py:190} INFO - [2025-09-16T23:44:53.899+0000] {dag.py:4180} INFO - Setting next_dagrun for dataset_alias_example_alias_producer to None, run_after=None
[2025-09-16T23:44:53.900+0000] {logging_mixin.py:190} INFO - [2025-09-16T23:44:53.900+0000] {dag.py:4180} INFO - Setting next_dagrun for dataset_s3_bucket_consumer to None, run_after=None
[2025-09-16T23:44:53.902+0000] {logging_mixin.py:190} INFO - [2025-09-16T23:44:53.902+0000] {dag.py:4180} INFO - Setting next_dagrun for dataset_s3_bucket_producer to None, run_after=None
[2025-09-16T23:44:53.916+0000] {processor.py:208} INFO - Processing /home/airflow/.local/lib/python3.12/site-packages/airflow/example_dags/example_dataset_alias.py took 0.416 seconds
[2025-09-16T23:45:24.170+0000] {processor.py:186} INFO - Started process (PID=595) to work on /home/airflow/.local/lib/python3.12/site-packages/airflow/example_dags/example_dataset_alias.py
[2025-09-16T23:45:24.171+0000] {processor.py:914} INFO - Processing file /home/airflow/.local/lib/python3.12/site-packages/airflow/example_dags/example_dataset_alias.py for tasks to queue
[2025-09-16T23:45:24.173+0000] {logging_mixin.py:190} INFO - [2025-09-16T23:45:24.172+0000] {dagbag.py:588} INFO - Filling up the DagBag from /home/airflow/.local/lib/python3.12/site-packages/airflow/example_dags/example_dataset_alias.py
[2025-09-16T23:45:24.522+0000] {processor.py:925} INFO - DAG(s) 'dataset_alias_example_alias_consumer', 'dataset_s3_bucket_consumer', 'dataset_s3_bucket_producer', 'dataset_alias_example_alias_producer' retrieved from /home/airflow/.local/lib/python3.12/site-packages/airflow/example_dags/example_dataset_alias.py
[2025-09-16T23:45:24.534+0000] {logging_mixin.py:190} INFO - [2025-09-16T23:45:24.533+0000] {dag.py:3239} INFO - Sync 4 DAGs
[2025-09-16T23:45:24.544+0000] {logging_mixin.py:190} INFO - [2025-09-16T23:45:24.544+0000] {dag.py:4180} INFO - Setting next_dagrun for dataset_alias_example_alias_consumer to None, run_after=None
[2025-09-16T23:45:24.546+0000] {logging_mixin.py:190} INFO - [2025-09-16T23:45:24.546+0000] {dag.py:4180} INFO - Setting next_dagrun for dataset_alias_example_alias_producer to None, run_after=None
[2025-09-16T23:45:24.547+0000] {logging_mixin.py:190} INFO - [2025-09-16T23:45:24.547+0000] {dag.py:4180} INFO - Setting next_dagrun for dataset_s3_bucket_consumer to None, run_after=None
[2025-09-16T23:45:24.548+0000] {logging_mixin.py:190} INFO - [2025-09-16T23:45:24.548+0000] {dag.py:4180} INFO - Setting next_dagrun for dataset_s3_bucket_producer to None, run_after=None
[2025-09-16T23:45:24.559+0000] {processor.py:208} INFO - Processing /home/airflow/.local/lib/python3.12/site-packages/airflow/example_dags/example_dataset_alias.py took 0.393 seconds
[2025-09-16T23:45:54.942+0000] {processor.py:186} INFO - Started process (PID=658) to work on /home/airflow/.local/lib/python3.12/site-packages/airflow/example_dags/example_dataset_alias.py
[2025-09-16T23:45:54.943+0000] {processor.py:914} INFO - Processing file /home/airflow/.local/lib/python3.12/site-packages/airflow/example_dags/example_dataset_alias.py for tasks to queue
[2025-09-16T23:45:54.947+0000] {logging_mixin.py:190} INFO - [2025-09-16T23:45:54.947+0000] {dagbag.py:588} INFO - Filling up the DagBag from /home/airflow/.local/lib/python3.12/site-packages/airflow/example_dags/example_dataset_alias.py
[2025-09-16T23:45:55.315+0000] {processor.py:925} INFO - DAG(s) 'dataset_alias_example_alias_consumer', 'dataset_s3_bucket_producer', 'dataset_s3_bucket_consumer', 'dataset_alias_example_alias_producer' retrieved from /home/airflow/.local/lib/python3.12/site-packages/airflow/example_dags/example_dataset_alias.py
[2025-09-16T23:45:55.335+0000] {logging_mixin.py:190} INFO - [2025-09-16T23:45:55.334+0000] {dag.py:3239} INFO - Sync 4 DAGs
[2025-09-16T23:45:55.350+0000] {logging_mixin.py:190} INFO - [2025-09-16T23:45:55.350+0000] {dag.py:4180} INFO - Setting next_dagrun for dataset_alias_example_alias_consumer to None, run_after=None
[2025-09-16T23:45:55.352+0000] {logging_mixin.py:190} INFO - [2025-09-16T23:45:55.352+0000] {dag.py:4180} INFO - Setting next_dagrun for dataset_alias_example_alias_producer to None, run_after=None
[2025-09-16T23:45:55.354+0000] {logging_mixin.py:190} INFO - [2025-09-16T23:45:55.353+0000] {dag.py:4180} INFO - Setting next_dagrun for dataset_s3_bucket_consumer to None, run_after=None
[2025-09-16T23:45:55.354+0000] {logging_mixin.py:190} INFO - [2025-09-16T23:45:55.354+0000] {dag.py:4180} INFO - Setting next_dagrun for dataset_s3_bucket_producer to None, run_after=None
[2025-09-16T23:45:55.369+0000] {processor.py:208} INFO - Processing /home/airflow/.local/lib/python3.12/site-packages/airflow/example_dags/example_dataset_alias.py took 0.430 seconds
[2025-09-16T23:46:25.488+0000] {processor.py:186} INFO - Started process (PID=721) to work on /home/airflow/.local/lib/python3.12/site-packages/airflow/example_dags/example_dataset_alias.py
[2025-09-16T23:46:25.489+0000] {processor.py:914} INFO - Processing file /home/airflow/.local/lib/python3.12/site-packages/airflow/example_dags/example_dataset_alias.py for tasks to queue
[2025-09-16T23:46:25.491+0000] {logging_mixin.py:190} INFO - [2025-09-16T23:46:25.490+0000] {dagbag.py:588} INFO - Filling up the DagBag from /home/airflow/.local/lib/python3.12/site-packages/airflow/example_dags/example_dataset_alias.py
[2025-09-16T23:46:25.922+0000] {processor.py:925} INFO - DAG(s) 'dataset_s3_bucket_producer', 'dataset_alias_example_alias_producer', 'dataset_alias_example_alias_consumer', 'dataset_s3_bucket_consumer' retrieved from /home/airflow/.local/lib/python3.12/site-packages/airflow/example_dags/example_dataset_alias.py
[2025-09-16T23:46:25.931+0000] {logging_mixin.py:190} INFO - [2025-09-16T23:46:25.931+0000] {dag.py:3239} INFO - Sync 4 DAGs
[2025-09-16T23:46:25.947+0000] {logging_mixin.py:190} INFO - [2025-09-16T23:46:25.947+0000] {dag.py:4180} INFO - Setting next_dagrun for dataset_alias_example_alias_consumer to None, run_after=None
[2025-09-16T23:46:25.949+0000] {logging_mixin.py:190} INFO - [2025-09-16T23:46:25.949+0000] {dag.py:4180} INFO - Setting next_dagrun for dataset_alias_example_alias_producer to None, run_after=None
[2025-09-16T23:46:25.950+0000] {logging_mixin.py:190} INFO - [2025-09-16T23:46:25.950+0000] {dag.py:4180} INFO - Setting next_dagrun for dataset_s3_bucket_consumer to None, run_after=None
[2025-09-16T23:46:25.951+0000] {logging_mixin.py:190} INFO - [2025-09-16T23:46:25.951+0000] {dag.py:4180} INFO - Setting next_dagrun for dataset_s3_bucket_producer to None, run_after=None
[2025-09-16T23:46:25.962+0000] {processor.py:208} INFO - Processing /home/airflow/.local/lib/python3.12/site-packages/airflow/example_dags/example_dataset_alias.py took 0.477 seconds
[2025-09-16T23:46:56.223+0000] {processor.py:186} INFO - Started process (PID=784) to work on /home/airflow/.local/lib/python3.12/site-packages/airflow/example_dags/example_dataset_alias.py
[2025-09-16T23:46:56.228+0000] {processor.py:914} INFO - Processing file /home/airflow/.local/lib/python3.12/site-packages/airflow/example_dags/example_dataset_alias.py for tasks to queue
[2025-09-16T23:46:56.230+0000] {logging_mixin.py:190} INFO - [2025-09-16T23:46:56.230+0000] {dagbag.py:588} INFO - Filling up the DagBag from /home/airflow/.local/lib/python3.12/site-packages/airflow/example_dags/example_dataset_alias.py
[2025-09-16T23:46:56.611+0000] {processor.py:925} INFO - DAG(s) 'dataset_alias_example_alias_producer', 'dataset_s3_bucket_producer', 'dataset_s3_bucket_consumer', 'dataset_alias_example_alias_consumer' retrieved from /home/airflow/.local/lib/python3.12/site-packages/airflow/example_dags/example_dataset_alias.py
[2025-09-16T23:46:56.620+0000] {logging_mixin.py:190} INFO - [2025-09-16T23:46:56.620+0000] {dag.py:3239} INFO - Sync 4 DAGs
[2025-09-16T23:46:56.631+0000] {logging_mixin.py:190} INFO - [2025-09-16T23:46:56.631+0000] {dag.py:4180} INFO - Setting next_dagrun for dataset_alias_example_alias_consumer to None, run_after=None
[2025-09-16T23:46:56.632+0000] {logging_mixin.py:190} INFO - [2025-09-16T23:46:56.632+0000] {dag.py:4180} INFO - Setting next_dagrun for dataset_alias_example_alias_producer to None, run_after=None
[2025-09-16T23:46:56.633+0000] {logging_mixin.py:190} INFO - [2025-09-16T23:46:56.633+0000] {dag.py:4180} INFO - Setting next_dagrun for dataset_s3_bucket_consumer to None, run_after=None
[2025-09-16T23:46:56.633+0000] {logging_mixin.py:190} INFO - [2025-09-16T23:46:56.633+0000] {dag.py:4180} INFO - Setting next_dagrun for dataset_s3_bucket_producer to None, run_after=None
[2025-09-16T23:46:56.643+0000] {processor.py:208} INFO - Processing /home/airflow/.local/lib/python3.12/site-packages/airflow/example_dags/example_dataset_alias.py took 0.425 seconds
[2025-09-16T23:47:26.914+0000] {processor.py:186} INFO - Started process (PID=847) to work on /home/airflow/.local/lib/python3.12/site-packages/airflow/example_dags/example_dataset_alias.py
[2025-09-16T23:47:26.918+0000] {processor.py:914} INFO - Processing file /home/airflow/.local/lib/python3.12/site-packages/airflow/example_dags/example_dataset_alias.py for tasks to queue
[2025-09-16T23:47:26.919+0000] {logging_mixin.py:190} INFO - [2025-09-16T23:47:26.919+0000] {dagbag.py:588} INFO - Filling up the DagBag from /home/airflow/.local/lib/python3.12/site-packages/airflow/example_dags/example_dataset_alias.py
[2025-09-16T23:47:27.255+0000] {processor.py:925} INFO - DAG(s) 'dataset_s3_bucket_consumer', 'dataset_alias_example_alias_consumer', 'dataset_s3_bucket_producer', 'dataset_alias_example_alias_producer' retrieved from /home/airflow/.local/lib/python3.12/site-packages/airflow/example_dags/example_dataset_alias.py
[2025-09-16T23:47:27.264+0000] {logging_mixin.py:190} INFO - [2025-09-16T23:47:27.264+0000] {dag.py:3239} INFO - Sync 4 DAGs
[2025-09-16T23:47:27.274+0000] {logging_mixin.py:190} INFO - [2025-09-16T23:47:27.274+0000] {dag.py:4180} INFO - Setting next_dagrun for dataset_alias_example_alias_consumer to None, run_after=None
[2025-09-16T23:47:27.276+0000] {logging_mixin.py:190} INFO - [2025-09-16T23:47:27.275+0000] {dag.py:4180} INFO - Setting next_dagrun for dataset_alias_example_alias_producer to None, run_after=None
[2025-09-16T23:47:27.276+0000] {logging_mixin.py:190} INFO - [2025-09-16T23:47:27.276+0000] {dag.py:4180} INFO - Setting next_dagrun for dataset_s3_bucket_consumer to None, run_after=None
[2025-09-16T23:47:27.277+0000] {logging_mixin.py:190} INFO - [2025-09-16T23:47:27.277+0000] {dag.py:4180} INFO - Setting next_dagrun for dataset_s3_bucket_producer to None, run_after=None
[2025-09-16T23:47:27.288+0000] {processor.py:208} INFO - Processing /home/airflow/.local/lib/python3.12/site-packages/airflow/example_dags/example_dataset_alias.py took 0.378 seconds
[2025-09-16T23:47:57.667+0000] {processor.py:186} INFO - Started process (PID=910) to work on /home/airflow/.local/lib/python3.12/site-packages/airflow/example_dags/example_dataset_alias.py
[2025-09-16T23:47:57.668+0000] {processor.py:914} INFO - Processing file /home/airflow/.local/lib/python3.12/site-packages/airflow/example_dags/example_dataset_alias.py for tasks to queue
[2025-09-16T23:47:57.670+0000] {logging_mixin.py:190} INFO - [2025-09-16T23:47:57.670+0000] {dagbag.py:588} INFO - Filling up the DagBag from /home/airflow/.local/lib/python3.12/site-packages/airflow/example_dags/example_dataset_alias.py
[2025-09-16T23:47:58.088+0000] {processor.py:925} INFO - DAG(s) 'dataset_s3_bucket_producer', 'dataset_alias_example_alias_consumer', 'dataset_s3_bucket_consumer', 'dataset_alias_example_alias_producer' retrieved from /home/airflow/.local/lib/python3.12/site-packages/airflow/example_dags/example_dataset_alias.py
[2025-09-16T23:47:58.100+0000] {logging_mixin.py:190} INFO - [2025-09-16T23:47:58.099+0000] {dag.py:3239} INFO - Sync 4 DAGs
[2025-09-16T23:47:58.112+0000] {logging_mixin.py:190} INFO - [2025-09-16T23:47:58.111+0000] {dag.py:4180} INFO - Setting next_dagrun for dataset_alias_example_alias_consumer to None, run_after=None
[2025-09-16T23:47:58.113+0000] {logging_mixin.py:190} INFO - [2025-09-16T23:47:58.113+0000] {dag.py:4180} INFO - Setting next_dagrun for dataset_alias_example_alias_producer to None, run_after=None
[2025-09-16T23:47:58.114+0000] {logging_mixin.py:190} INFO - [2025-09-16T23:47:58.114+0000] {dag.py:4180} INFO - Setting next_dagrun for dataset_s3_bucket_consumer to None, run_after=None
[2025-09-16T23:47:58.115+0000] {logging_mixin.py:190} INFO - [2025-09-16T23:47:58.115+0000] {dag.py:4180} INFO - Setting next_dagrun for dataset_s3_bucket_producer to None, run_after=None
[2025-09-16T23:47:58.125+0000] {processor.py:208} INFO - Processing /home/airflow/.local/lib/python3.12/site-packages/airflow/example_dags/example_dataset_alias.py took 0.461 seconds
[2025-09-16T23:48:28.491+0000] {processor.py:186} INFO - Started process (PID=973) to work on /home/airflow/.local/lib/python3.12/site-packages/airflow/example_dags/example_dataset_alias.py
[2025-09-16T23:48:28.493+0000] {processor.py:914} INFO - Processing file /home/airflow/.local/lib/python3.12/site-packages/airflow/example_dags/example_dataset_alias.py for tasks to queue
[2025-09-16T23:48:28.495+0000] {logging_mixin.py:190} INFO - [2025-09-16T23:48:28.495+0000] {dagbag.py:588} INFO - Filling up the DagBag from /home/airflow/.local/lib/python3.12/site-packages/airflow/example_dags/example_dataset_alias.py
[2025-09-16T23:48:28.865+0000] {processor.py:925} INFO - DAG(s) 'dataset_alias_example_alias_producer', 'dataset_s3_bucket_producer', 'dataset_alias_example_alias_consumer', 'dataset_s3_bucket_consumer' retrieved from /home/airflow/.local/lib/python3.12/site-packages/airflow/example_dags/example_dataset_alias.py
[2025-09-16T23:48:28.880+0000] {logging_mixin.py:190} INFO - [2025-09-16T23:48:28.880+0000] {dag.py:3239} INFO - Sync 4 DAGs
[2025-09-16T23:48:28.898+0000] {logging_mixin.py:190} INFO - [2025-09-16T23:48:28.898+0000] {dag.py:4180} INFO - Setting next_dagrun for dataset_alias_example_alias_consumer to None, run_after=None
[2025-09-16T23:48:28.900+0000] {logging_mixin.py:190} INFO - [2025-09-16T23:48:28.900+0000] {dag.py:4180} INFO - Setting next_dagrun for dataset_alias_example_alias_producer to None, run_after=None
[2025-09-16T23:48:28.902+0000] {logging_mixin.py:190} INFO - [2025-09-16T23:48:28.901+0000] {dag.py:4180} INFO - Setting next_dagrun for dataset_s3_bucket_consumer to None, run_after=None
[2025-09-16T23:48:28.902+0000] {logging_mixin.py:190} INFO - [2025-09-16T23:48:28.902+0000] {dag.py:4180} INFO - Setting next_dagrun for dataset_s3_bucket_producer to None, run_after=None
[2025-09-16T23:48:28.915+0000] {processor.py:208} INFO - Processing /home/airflow/.local/lib/python3.12/site-packages/airflow/example_dags/example_dataset_alias.py took 0.427 seconds
[2025-09-16T23:48:59.276+0000] {processor.py:186} INFO - Started process (PID=1036) to work on /home/airflow/.local/lib/python3.12/site-packages/airflow/example_dags/example_dataset_alias.py
[2025-09-16T23:48:59.279+0000] {processor.py:914} INFO - Processing file /home/airflow/.local/lib/python3.12/site-packages/airflow/example_dags/example_dataset_alias.py for tasks to queue
[2025-09-16T23:48:59.280+0000] {logging_mixin.py:190} INFO - [2025-09-16T23:48:59.280+0000] {dagbag.py:588} INFO - Filling up the DagBag from /home/airflow/.local/lib/python3.12/site-packages/airflow/example_dags/example_dataset_alias.py
[2025-09-16T23:48:59.631+0000] {processor.py:925} INFO - DAG(s) 'dataset_s3_bucket_consumer', 'dataset_alias_example_alias_producer', 'dataset_alias_example_alias_consumer', 'dataset_s3_bucket_producer' retrieved from /home/airflow/.local/lib/python3.12/site-packages/airflow/example_dags/example_dataset_alias.py
[2025-09-16T23:48:59.640+0000] {logging_mixin.py:190} INFO - [2025-09-16T23:48:59.640+0000] {dag.py:3239} INFO - Sync 4 DAGs
[2025-09-16T23:48:59.652+0000] {logging_mixin.py:190} INFO - [2025-09-16T23:48:59.652+0000] {dag.py:4180} INFO - Setting next_dagrun for dataset_alias_example_alias_consumer to None, run_after=None
[2025-09-16T23:48:59.654+0000] {logging_mixin.py:190} INFO - [2025-09-16T23:48:59.654+0000] {dag.py:4180} INFO - Setting next_dagrun for dataset_alias_example_alias_producer to None, run_after=None
[2025-09-16T23:48:59.655+0000] {logging_mixin.py:190} INFO - [2025-09-16T23:48:59.655+0000] {dag.py:4180} INFO - Setting next_dagrun for dataset_s3_bucket_consumer to None, run_after=None
[2025-09-16T23:48:59.656+0000] {logging_mixin.py:190} INFO - [2025-09-16T23:48:59.656+0000] {dag.py:4180} INFO - Setting next_dagrun for dataset_s3_bucket_producer to None, run_after=None
[2025-09-16T23:48:59.684+0000] {processor.py:208} INFO - Processing /home/airflow/.local/lib/python3.12/site-packages/airflow/example_dags/example_dataset_alias.py took 0.412 seconds
[2025-09-16T23:49:30.122+0000] {processor.py:186} INFO - Started process (PID=1099) to work on /home/airflow/.local/lib/python3.12/site-packages/airflow/example_dags/example_dataset_alias.py
[2025-09-16T23:49:30.126+0000] {processor.py:914} INFO - Processing file /home/airflow/.local/lib/python3.12/site-packages/airflow/example_dags/example_dataset_alias.py for tasks to queue
[2025-09-16T23:49:30.127+0000] {logging_mixin.py:190} INFO - [2025-09-16T23:49:30.127+0000] {dagbag.py:588} INFO - Filling up the DagBag from /home/airflow/.local/lib/python3.12/site-packages/airflow/example_dags/example_dataset_alias.py
[2025-09-16T23:49:30.461+0000] {processor.py:925} INFO - DAG(s) 'dataset_alias_example_alias_consumer', 'dataset_s3_bucket_producer', 'dataset_alias_example_alias_producer', 'dataset_s3_bucket_consumer' retrieved from /home/airflow/.local/lib/python3.12/site-packages/airflow/example_dags/example_dataset_alias.py
[2025-09-16T23:49:30.471+0000] {logging_mixin.py:190} INFO - [2025-09-16T23:49:30.471+0000] {dag.py:3239} INFO - Sync 4 DAGs
[2025-09-16T23:49:30.483+0000] {logging_mixin.py:190} INFO - [2025-09-16T23:49:30.483+0000] {dag.py:4180} INFO - Setting next_dagrun for dataset_alias_example_alias_consumer to None, run_after=None
[2025-09-16T23:49:30.485+0000] {logging_mixin.py:190} INFO - [2025-09-16T23:49:30.485+0000] {dag.py:4180} INFO - Setting next_dagrun for dataset_alias_example_alias_producer to None, run_after=None
[2025-09-16T23:49:30.486+0000] {logging_mixin.py:190} INFO - [2025-09-16T23:49:30.486+0000] {dag.py:4180} INFO - Setting next_dagrun for dataset_s3_bucket_consumer to None, run_after=None
[2025-09-16T23:49:30.487+0000] {logging_mixin.py:190} INFO - [2025-09-16T23:49:30.487+0000] {dag.py:4180} INFO - Setting next_dagrun for dataset_s3_bucket_producer to None, run_after=None
[2025-09-16T23:49:30.498+0000] {processor.py:208} INFO - Processing /home/airflow/.local/lib/python3.12/site-packages/airflow/example_dags/example_dataset_alias.py took 0.380 seconds
[2025-09-16T23:50:00.726+0000] {processor.py:186} INFO - Started process (PID=1162) to work on /home/airflow/.local/lib/python3.12/site-packages/airflow/example_dags/example_dataset_alias.py
[2025-09-16T23:50:00.728+0000] {processor.py:914} INFO - Processing file /home/airflow/.local/lib/python3.12/site-packages/airflow/example_dags/example_dataset_alias.py for tasks to queue
[2025-09-16T23:50:00.730+0000] {logging_mixin.py:190} INFO - [2025-09-16T23:50:00.730+0000] {dagbag.py:588} INFO - Filling up the DagBag from /home/airflow/.local/lib/python3.12/site-packages/airflow/example_dags/example_dataset_alias.py
[2025-09-16T23:50:01.085+0000] {processor.py:925} INFO - DAG(s) 'dataset_alias_example_alias_consumer', 'dataset_s3_bucket_consumer', 'dataset_alias_example_alias_producer', 'dataset_s3_bucket_producer' retrieved from /home/airflow/.local/lib/python3.12/site-packages/airflow/example_dags/example_dataset_alias.py
[2025-09-16T23:50:01.095+0000] {logging_mixin.py:190} INFO - [2025-09-16T23:50:01.095+0000] {dag.py:3239} INFO - Sync 4 DAGs
[2025-09-16T23:50:01.106+0000] {logging_mixin.py:190} INFO - [2025-09-16T23:50:01.105+0000] {dag.py:4180} INFO - Setting next_dagrun for dataset_alias_example_alias_consumer to None, run_after=None
[2025-09-16T23:50:01.107+0000] {logging_mixin.py:190} INFO - [2025-09-16T23:50:01.107+0000] {dag.py:4180} INFO - Setting next_dagrun for dataset_alias_example_alias_producer to None, run_after=None
[2025-09-16T23:50:01.109+0000] {logging_mixin.py:190} INFO - [2025-09-16T23:50:01.109+0000] {dag.py:4180} INFO - Setting next_dagrun for dataset_s3_bucket_consumer to None, run_after=None
[2025-09-16T23:50:01.110+0000] {logging_mixin.py:190} INFO - [2025-09-16T23:50:01.110+0000] {dag.py:4180} INFO - Setting next_dagrun for dataset_s3_bucket_producer to None, run_after=None
[2025-09-16T23:50:01.120+0000] {processor.py:208} INFO - Processing /home/airflow/.local/lib/python3.12/site-packages/airflow/example_dags/example_dataset_alias.py took 0.397 seconds
[2025-09-16T23:50:32.158+0000] {processor.py:186} INFO - Started process (PID=1225) to work on /home/airflow/.local/lib/python3.12/site-packages/airflow/example_dags/example_dataset_alias.py
[2025-09-16T23:50:32.160+0000] {processor.py:914} INFO - Processing file /home/airflow/.local/lib/python3.12/site-packages/airflow/example_dags/example_dataset_alias.py for tasks to queue
[2025-09-16T23:50:32.162+0000] {logging_mixin.py:190} INFO - [2025-09-16T23:50:32.162+0000] {dagbag.py:588} INFO - Filling up the DagBag from /home/airflow/.local/lib/python3.12/site-packages/airflow/example_dags/example_dataset_alias.py
[2025-09-16T23:50:32.477+0000] {processor.py:925} INFO - DAG(s) 'dataset_alias_example_alias_consumer', 'dataset_s3_bucket_consumer', 'dataset_s3_bucket_producer', 'dataset_alias_example_alias_producer' retrieved from /home/airflow/.local/lib/python3.12/site-packages/airflow/example_dags/example_dataset_alias.py
[2025-09-16T23:50:32.486+0000] {logging_mixin.py:190} INFO - [2025-09-16T23:50:32.486+0000] {dag.py:3239} INFO - Sync 4 DAGs
[2025-09-16T23:50:32.496+0000] {logging_mixin.py:190} INFO - [2025-09-16T23:50:32.496+0000] {dag.py:4180} INFO - Setting next_dagrun for dataset_alias_example_alias_consumer to None, run_after=None
[2025-09-16T23:50:32.498+0000] {logging_mixin.py:190} INFO - [2025-09-16T23:50:32.497+0000] {dag.py:4180} INFO - Setting next_dagrun for dataset_alias_example_alias_producer to None, run_after=None
[2025-09-16T23:50:32.498+0000] {logging_mixin.py:190} INFO - [2025-09-16T23:50:32.498+0000] {dag.py:4180} INFO - Setting next_dagrun for dataset_s3_bucket_consumer to None, run_after=None
[2025-09-16T23:50:32.499+0000] {logging_mixin.py:190} INFO - [2025-09-16T23:50:32.499+0000] {dag.py:4180} INFO - Setting next_dagrun for dataset_s3_bucket_producer to None, run_after=None
[2025-09-16T23:50:32.508+0000] {processor.py:208} INFO - Processing /home/airflow/.local/lib/python3.12/site-packages/airflow/example_dags/example_dataset_alias.py took 0.353 seconds
[2025-09-16T23:51:03.288+0000] {processor.py:186} INFO - Started process (PID=1288) to work on /home/airflow/.local/lib/python3.12/site-packages/airflow/example_dags/example_dataset_alias.py
[2025-09-16T23:51:03.289+0000] {processor.py:914} INFO - Processing file /home/airflow/.local/lib/python3.12/site-packages/airflow/example_dags/example_dataset_alias.py for tasks to queue
[2025-09-16T23:51:03.291+0000] {logging_mixin.py:190} INFO - [2025-09-16T23:51:03.291+0000] {dagbag.py:588} INFO - Filling up the DagBag from /home/airflow/.local/lib/python3.12/site-packages/airflow/example_dags/example_dataset_alias.py
[2025-09-16T23:51:03.680+0000] {processor.py:925} INFO - DAG(s) 'dataset_s3_bucket_producer', 'dataset_s3_bucket_consumer', 'dataset_alias_example_alias_producer', 'dataset_alias_example_alias_consumer' retrieved from /home/airflow/.local/lib/python3.12/site-packages/airflow/example_dags/example_dataset_alias.py
[2025-09-16T23:51:03.690+0000] {logging_mixin.py:190} INFO - [2025-09-16T23:51:03.689+0000] {dag.py:3239} INFO - Sync 4 DAGs
[2025-09-16T23:51:03.700+0000] {logging_mixin.py:190} INFO - [2025-09-16T23:51:03.700+0000] {dag.py:4180} INFO - Setting next_dagrun for dataset_alias_example_alias_consumer to None, run_after=None
[2025-09-16T23:51:03.704+0000] {logging_mixin.py:190} INFO - [2025-09-16T23:51:03.704+0000] {dag.py:4180} INFO - Setting next_dagrun for dataset_alias_example_alias_producer to None, run_after=None
[2025-09-16T23:51:03.705+0000] {logging_mixin.py:190} INFO - [2025-09-16T23:51:03.705+0000] {dag.py:4180} INFO - Setting next_dagrun for dataset_s3_bucket_consumer to None, run_after=None
[2025-09-16T23:51:03.705+0000] {logging_mixin.py:190} INFO - [2025-09-16T23:51:03.705+0000] {dag.py:4180} INFO - Setting next_dagrun for dataset_s3_bucket_producer to None, run_after=None
[2025-09-16T23:51:03.715+0000] {processor.py:208} INFO - Processing /home/airflow/.local/lib/python3.12/site-packages/airflow/example_dags/example_dataset_alias.py took 0.433 seconds
[2025-09-16T23:51:34.622+0000] {processor.py:186} INFO - Started process (PID=1351) to work on /home/airflow/.local/lib/python3.12/site-packages/airflow/example_dags/example_dataset_alias.py
[2025-09-16T23:51:34.623+0000] {processor.py:914} INFO - Processing file /home/airflow/.local/lib/python3.12/site-packages/airflow/example_dags/example_dataset_alias.py for tasks to queue
[2025-09-16T23:51:34.625+0000] {logging_mixin.py:190} INFO - [2025-09-16T23:51:34.625+0000] {dagbag.py:588} INFO - Filling up the DagBag from /home/airflow/.local/lib/python3.12/site-packages/airflow/example_dags/example_dataset_alias.py
[2025-09-16T23:51:34.925+0000] {processor.py:925} INFO - DAG(s) 'dataset_alias_example_alias_producer', 'dataset_s3_bucket_producer', 'dataset_s3_bucket_consumer', 'dataset_alias_example_alias_consumer' retrieved from /home/airflow/.local/lib/python3.12/site-packages/airflow/example_dags/example_dataset_alias.py
[2025-09-16T23:51:34.933+0000] {logging_mixin.py:190} INFO - [2025-09-16T23:51:34.933+0000] {dag.py:3239} INFO - Sync 4 DAGs
[2025-09-16T23:51:34.942+0000] {logging_mixin.py:190} INFO - [2025-09-16T23:51:34.942+0000] {dag.py:4180} INFO - Setting next_dagrun for dataset_alias_example_alias_consumer to None, run_after=None
[2025-09-16T23:51:34.944+0000] {logging_mixin.py:190} INFO - [2025-09-16T23:51:34.943+0000] {dag.py:4180} INFO - Setting next_dagrun for dataset_alias_example_alias_producer to None, run_after=None
[2025-09-16T23:51:34.944+0000] {logging_mixin.py:190} INFO - [2025-09-16T23:51:34.944+0000] {dag.py:4180} INFO - Setting next_dagrun for dataset_s3_bucket_consumer to None, run_after=None
[2025-09-16T23:51:34.945+0000] {logging_mixin.py:190} INFO - [2025-09-16T23:51:34.945+0000] {dag.py:4180} INFO - Setting next_dagrun for dataset_s3_bucket_producer to None, run_after=None
[2025-09-16T23:51:34.952+0000] {processor.py:208} INFO - Processing /home/airflow/.local/lib/python3.12/site-packages/airflow/example_dags/example_dataset_alias.py took 0.335 seconds
[2025-09-16T23:52:06.167+0000] {processor.py:186} INFO - Started process (PID=1414) to work on /home/airflow/.local/lib/python3.12/site-packages/airflow/example_dags/example_dataset_alias.py
[2025-09-16T23:52:06.169+0000] {processor.py:914} INFO - Processing file /home/airflow/.local/lib/python3.12/site-packages/airflow/example_dags/example_dataset_alias.py for tasks to queue
[2025-09-16T23:52:06.171+0000] {logging_mixin.py:190} INFO - [2025-09-16T23:52:06.171+0000] {dagbag.py:588} INFO - Filling up the DagBag from /home/airflow/.local/lib/python3.12/site-packages/airflow/example_dags/example_dataset_alias.py
[2025-09-16T23:52:06.544+0000] {processor.py:925} INFO - DAG(s) 'dataset_alias_example_alias_producer', 'dataset_alias_example_alias_consumer', 'dataset_s3_bucket_consumer', 'dataset_s3_bucket_producer' retrieved from /home/airflow/.local/lib/python3.12/site-packages/airflow/example_dags/example_dataset_alias.py
[2025-09-16T23:52:06.554+0000] {logging_mixin.py:190} INFO - [2025-09-16T23:52:06.554+0000] {dag.py:3239} INFO - Sync 4 DAGs
[2025-09-16T23:52:06.571+0000] {logging_mixin.py:190} INFO - [2025-09-16T23:52:06.570+0000] {dag.py:4180} INFO - Setting next_dagrun for dataset_alias_example_alias_consumer to None, run_after=None
[2025-09-16T23:52:06.572+0000] {logging_mixin.py:190} INFO - [2025-09-16T23:52:06.572+0000] {dag.py:4180} INFO - Setting next_dagrun for dataset_alias_example_alias_producer to None, run_after=None
[2025-09-16T23:52:06.572+0000] {logging_mixin.py:190} INFO - [2025-09-16T23:52:06.572+0000] {dag.py:4180} INFO - Setting next_dagrun for dataset_s3_bucket_consumer to None, run_after=None
[2025-09-16T23:52:06.573+0000] {logging_mixin.py:190} INFO - [2025-09-16T23:52:06.573+0000] {dag.py:4180} INFO - Setting next_dagrun for dataset_s3_bucket_producer to None, run_after=None
[2025-09-16T23:52:06.582+0000] {processor.py:208} INFO - Processing /home/airflow/.local/lib/python3.12/site-packages/airflow/example_dags/example_dataset_alias.py took 0.419 seconds
[2025-09-16T23:52:37.552+0000] {processor.py:186} INFO - Started process (PID=1477) to work on /home/airflow/.local/lib/python3.12/site-packages/airflow/example_dags/example_dataset_alias.py
[2025-09-16T23:52:37.553+0000] {processor.py:914} INFO - Processing file /home/airflow/.local/lib/python3.12/site-packages/airflow/example_dags/example_dataset_alias.py for tasks to queue
[2025-09-16T23:52:37.554+0000] {logging_mixin.py:190} INFO - [2025-09-16T23:52:37.554+0000] {dagbag.py:588} INFO - Filling up the DagBag from /home/airflow/.local/lib/python3.12/site-packages/airflow/example_dags/example_dataset_alias.py
[2025-09-16T23:52:37.882+0000] {processor.py:925} INFO - DAG(s) 'dataset_s3_bucket_producer', 'dataset_alias_example_alias_producer', 'dataset_s3_bucket_consumer', 'dataset_alias_example_alias_consumer' retrieved from /home/airflow/.local/lib/python3.12/site-packages/airflow/example_dags/example_dataset_alias.py
[2025-09-16T23:52:37.890+0000] {logging_mixin.py:190} INFO - [2025-09-16T23:52:37.890+0000] {dag.py:3239} INFO - Sync 4 DAGs
[2025-09-16T23:52:37.900+0000] {logging_mixin.py:190} INFO - [2025-09-16T23:52:37.899+0000] {dag.py:4180} INFO - Setting next_dagrun for dataset_alias_example_alias_consumer to None, run_after=None
[2025-09-16T23:52:37.901+0000] {logging_mixin.py:190} INFO - [2025-09-16T23:52:37.900+0000] {dag.py:4180} INFO - Setting next_dagrun for dataset_alias_example_alias_producer to None, run_after=None
[2025-09-16T23:52:37.901+0000] {logging_mixin.py:190} INFO - [2025-09-16T23:52:37.901+0000] {dag.py:4180} INFO - Setting next_dagrun for dataset_s3_bucket_consumer to None, run_after=None
[2025-09-16T23:52:37.902+0000] {logging_mixin.py:190} INFO - [2025-09-16T23:52:37.902+0000] {dag.py:4180} INFO - Setting next_dagrun for dataset_s3_bucket_producer to None, run_after=None
[2025-09-16T23:52:37.910+0000] {processor.py:208} INFO - Processing /home/airflow/.local/lib/python3.12/site-packages/airflow/example_dags/example_dataset_alias.py took 0.362 seconds
[2025-09-16T23:53:08.936+0000] {processor.py:186} INFO - Started process (PID=1540) to work on /home/airflow/.local/lib/python3.12/site-packages/airflow/example_dags/example_dataset_alias.py
[2025-09-16T23:53:08.937+0000] {processor.py:914} INFO - Processing file /home/airflow/.local/lib/python3.12/site-packages/airflow/example_dags/example_dataset_alias.py for tasks to queue
[2025-09-16T23:53:08.939+0000] {logging_mixin.py:190} INFO - [2025-09-16T23:53:08.938+0000] {dagbag.py:588} INFO - Filling up the DagBag from /home/airflow/.local/lib/python3.12/site-packages/airflow/example_dags/example_dataset_alias.py
[2025-09-16T23:53:09.223+0000] {processor.py:925} INFO - DAG(s) 'dataset_s3_bucket_producer', 'dataset_alias_example_alias_producer', 'dataset_s3_bucket_consumer', 'dataset_alias_example_alias_consumer' retrieved from /home/airflow/.local/lib/python3.12/site-packages/airflow/example_dags/example_dataset_alias.py
[2025-09-16T23:53:09.232+0000] {logging_mixin.py:190} INFO - [2025-09-16T23:53:09.232+0000] {dag.py:3239} INFO - Sync 4 DAGs
[2025-09-16T23:53:09.242+0000] {logging_mixin.py:190} INFO - [2025-09-16T23:53:09.242+0000] {dag.py:4180} INFO - Setting next_dagrun for dataset_alias_example_alias_consumer to None, run_after=None
[2025-09-16T23:53:09.243+0000] {logging_mixin.py:190} INFO - [2025-09-16T23:53:09.243+0000] {dag.py:4180} INFO - Setting next_dagrun for dataset_alias_example_alias_producer to None, run_after=None
[2025-09-16T23:53:09.243+0000] {logging_mixin.py:190} INFO - [2025-09-16T23:53:09.243+0000] {dag.py:4180} INFO - Setting next_dagrun for dataset_s3_bucket_consumer to None, run_after=None
[2025-09-16T23:53:09.244+0000] {logging_mixin.py:190} INFO - [2025-09-16T23:53:09.244+0000] {dag.py:4180} INFO - Setting next_dagrun for dataset_s3_bucket_producer to None, run_after=None
[2025-09-16T23:53:09.253+0000] {processor.py:208} INFO - Processing /home/airflow/.local/lib/python3.12/site-packages/airflow/example_dags/example_dataset_alias.py took 0.322 seconds
[2025-09-16T23:53:40.421+0000] {processor.py:186} INFO - Started process (PID=1603) to work on /home/airflow/.local/lib/python3.12/site-packages/airflow/example_dags/example_dataset_alias.py
[2025-09-16T23:53:40.422+0000] {processor.py:914} INFO - Processing file /home/airflow/.local/lib/python3.12/site-packages/airflow/example_dags/example_dataset_alias.py for tasks to queue
[2025-09-16T23:53:40.423+0000] {logging_mixin.py:190} INFO - [2025-09-16T23:53:40.423+0000] {dagbag.py:588} INFO - Filling up the DagBag from /home/airflow/.local/lib/python3.12/site-packages/airflow/example_dags/example_dataset_alias.py
[2025-09-16T23:53:40.741+0000] {processor.py:925} INFO - DAG(s) 'dataset_alias_example_alias_producer', 'dataset_s3_bucket_consumer', 'dataset_s3_bucket_producer', 'dataset_alias_example_alias_consumer' retrieved from /home/airflow/.local/lib/python3.12/site-packages/airflow/example_dags/example_dataset_alias.py
[2025-09-16T23:53:40.750+0000] {logging_mixin.py:190} INFO - [2025-09-16T23:53:40.750+0000] {dag.py:3239} INFO - Sync 4 DAGs
[2025-09-16T23:53:40.762+0000] {logging_mixin.py:190} INFO - [2025-09-16T23:53:40.762+0000] {dag.py:4180} INFO - Setting next_dagrun for dataset_alias_example_alias_consumer to None, run_after=None
[2025-09-16T23:53:40.763+0000] {logging_mixin.py:190} INFO - [2025-09-16T23:53:40.763+0000] {dag.py:4180} INFO - Setting next_dagrun for dataset_alias_example_alias_producer to None, run_after=None
[2025-09-16T23:53:40.766+0000] {logging_mixin.py:190} INFO - [2025-09-16T23:53:40.766+0000] {dag.py:4180} INFO - Setting next_dagrun for dataset_s3_bucket_consumer to None, run_after=None
[2025-09-16T23:53:40.766+0000] {logging_mixin.py:190} INFO - [2025-09-16T23:53:40.766+0000] {dag.py:4180} INFO - Setting next_dagrun for dataset_s3_bucket_producer to None, run_after=None
[2025-09-16T23:53:40.775+0000] {processor.py:208} INFO - Processing /home/airflow/.local/lib/python3.12/site-packages/airflow/example_dags/example_dataset_alias.py took 0.359 seconds
[2025-09-16T23:54:11.858+0000] {processor.py:186} INFO - Started process (PID=1666) to work on /home/airflow/.local/lib/python3.12/site-packages/airflow/example_dags/example_dataset_alias.py
[2025-09-16T23:54:11.859+0000] {processor.py:914} INFO - Processing file /home/airflow/.local/lib/python3.12/site-packages/airflow/example_dags/example_dataset_alias.py for tasks to queue
[2025-09-16T23:54:11.860+0000] {logging_mixin.py:190} INFO - [2025-09-16T23:54:11.860+0000] {dagbag.py:588} INFO - Filling up the DagBag from /home/airflow/.local/lib/python3.12/site-packages/airflow/example_dags/example_dataset_alias.py
[2025-09-16T23:54:12.195+0000] {processor.py:925} INFO - DAG(s) 'dataset_s3_bucket_consumer', 'dataset_alias_example_alias_consumer', 'dataset_s3_bucket_producer', 'dataset_alias_example_alias_producer' retrieved from /home/airflow/.local/lib/python3.12/site-packages/airflow/example_dags/example_dataset_alias.py
[2025-09-16T23:54:12.204+0000] {logging_mixin.py:190} INFO - [2025-09-16T23:54:12.204+0000] {dag.py:3239} INFO - Sync 4 DAGs
[2025-09-16T23:54:12.212+0000] {logging_mixin.py:190} INFO - [2025-09-16T23:54:12.212+0000] {dag.py:4180} INFO - Setting next_dagrun for dataset_alias_example_alias_consumer to None, run_after=None
[2025-09-16T23:54:12.213+0000] {logging_mixin.py:190} INFO - [2025-09-16T23:54:12.213+0000] {dag.py:4180} INFO - Setting next_dagrun for dataset_alias_example_alias_producer to None, run_after=None
[2025-09-16T23:54:12.214+0000] {logging_mixin.py:190} INFO - [2025-09-16T23:54:12.214+0000] {dag.py:4180} INFO - Setting next_dagrun for dataset_s3_bucket_consumer to None, run_after=None
[2025-09-16T23:54:12.214+0000] {logging_mixin.py:190} INFO - [2025-09-16T23:54:12.214+0000] {dag.py:4180} INFO - Setting next_dagrun for dataset_s3_bucket_producer to None, run_after=None
[2025-09-16T23:54:12.227+0000] {processor.py:208} INFO - Processing /home/airflow/.local/lib/python3.12/site-packages/airflow/example_dags/example_dataset_alias.py took 0.375 seconds
[2025-09-16T23:54:43.602+0000] {processor.py:186} INFO - Started process (PID=1729) to work on /home/airflow/.local/lib/python3.12/site-packages/airflow/example_dags/example_dataset_alias.py
[2025-09-16T23:54:43.603+0000] {processor.py:914} INFO - Processing file /home/airflow/.local/lib/python3.12/site-packages/airflow/example_dags/example_dataset_alias.py for tasks to queue
[2025-09-16T23:54:43.607+0000] {logging_mixin.py:190} INFO - [2025-09-16T23:54:43.606+0000] {dagbag.py:588} INFO - Filling up the DagBag from /home/airflow/.local/lib/python3.12/site-packages/airflow/example_dags/example_dataset_alias.py
[2025-09-16T23:54:44.296+0000] {processor.py:925} INFO - DAG(s) 'dataset_s3_bucket_consumer', 'dataset_alias_example_alias_consumer', 'dataset_s3_bucket_producer', 'dataset_alias_example_alias_producer' retrieved from /home/airflow/.local/lib/python3.12/site-packages/airflow/example_dags/example_dataset_alias.py
[2025-09-16T23:54:44.342+0000] {logging_mixin.py:190} INFO - [2025-09-16T23:54:44.342+0000] {dag.py:3239} INFO - Sync 4 DAGs
[2025-09-16T23:54:44.369+0000] {logging_mixin.py:190} INFO - [2025-09-16T23:54:44.369+0000] {dag.py:4180} INFO - Setting next_dagrun for dataset_alias_example_alias_consumer to None, run_after=None
[2025-09-16T23:54:44.372+0000] {logging_mixin.py:190} INFO - [2025-09-16T23:54:44.372+0000] {dag.py:4180} INFO - Setting next_dagrun for dataset_alias_example_alias_producer to None, run_after=None
[2025-09-16T23:54:44.373+0000] {logging_mixin.py:190} INFO - [2025-09-16T23:54:44.373+0000] {dag.py:4180} INFO - Setting next_dagrun for dataset_s3_bucket_consumer to None, run_after=None
[2025-09-16T23:54:44.374+0000] {logging_mixin.py:190} INFO - [2025-09-16T23:54:44.374+0000] {dag.py:4180} INFO - Setting next_dagrun for dataset_s3_bucket_producer to None, run_after=None
[2025-09-16T23:54:44.384+0000] {processor.py:208} INFO - Processing /home/airflow/.local/lib/python3.12/site-packages/airflow/example_dags/example_dataset_alias.py took 0.791 seconds
[2025-09-16T23:55:15.078+0000] {processor.py:186} INFO - Started process (PID=1792) to work on /home/airflow/.local/lib/python3.12/site-packages/airflow/example_dags/example_dataset_alias.py
[2025-09-16T23:55:15.079+0000] {processor.py:914} INFO - Processing file /home/airflow/.local/lib/python3.12/site-packages/airflow/example_dags/example_dataset_alias.py for tasks to queue
[2025-09-16T23:55:15.081+0000] {logging_mixin.py:190} INFO - [2025-09-16T23:55:15.080+0000] {dagbag.py:588} INFO - Filling up the DagBag from /home/airflow/.local/lib/python3.12/site-packages/airflow/example_dags/example_dataset_alias.py
[2025-09-16T23:55:15.389+0000] {processor.py:925} INFO - DAG(s) 'dataset_alias_example_alias_producer', 'dataset_s3_bucket_consumer', 'dataset_alias_example_alias_consumer', 'dataset_s3_bucket_producer' retrieved from /home/airflow/.local/lib/python3.12/site-packages/airflow/example_dags/example_dataset_alias.py
[2025-09-16T23:55:15.399+0000] {logging_mixin.py:190} INFO - [2025-09-16T23:55:15.398+0000] {dag.py:3239} INFO - Sync 4 DAGs
[2025-09-16T23:55:15.412+0000] {logging_mixin.py:190} INFO - [2025-09-16T23:55:15.412+0000] {dag.py:4180} INFO - Setting next_dagrun for dataset_alias_example_alias_consumer to None, run_after=None
[2025-09-16T23:55:15.416+0000] {logging_mixin.py:190} INFO - [2025-09-16T23:55:15.416+0000] {dag.py:4180} INFO - Setting next_dagrun for dataset_alias_example_alias_producer to None, run_after=None
[2025-09-16T23:55:15.417+0000] {logging_mixin.py:190} INFO - [2025-09-16T23:55:15.417+0000] {dag.py:4180} INFO - Setting next_dagrun for dataset_s3_bucket_consumer to None, run_after=None
[2025-09-16T23:55:15.417+0000] {logging_mixin.py:190} INFO - [2025-09-16T23:55:15.417+0000] {dag.py:4180} INFO - Setting next_dagrun for dataset_s3_bucket_producer to None, run_after=None
[2025-09-16T23:55:15.427+0000] {processor.py:208} INFO - Processing /home/airflow/.local/lib/python3.12/site-packages/airflow/example_dags/example_dataset_alias.py took 0.353 seconds
[2025-09-16T23:55:46.231+0000] {processor.py:186} INFO - Started process (PID=1855) to work on /home/airflow/.local/lib/python3.12/site-packages/airflow/example_dags/example_dataset_alias.py
[2025-09-16T23:55:46.231+0000] {processor.py:914} INFO - Processing file /home/airflow/.local/lib/python3.12/site-packages/airflow/example_dags/example_dataset_alias.py for tasks to queue
[2025-09-16T23:55:46.234+0000] {logging_mixin.py:190} INFO - [2025-09-16T23:55:46.234+0000] {dagbag.py:588} INFO - Filling up the DagBag from /home/airflow/.local/lib/python3.12/site-packages/airflow/example_dags/example_dataset_alias.py
[2025-09-16T23:55:46.574+0000] {processor.py:925} INFO - DAG(s) 'dataset_s3_bucket_consumer', 'dataset_alias_example_alias_consumer', 'dataset_alias_example_alias_producer', 'dataset_s3_bucket_producer' retrieved from /home/airflow/.local/lib/python3.12/site-packages/airflow/example_dags/example_dataset_alias.py
[2025-09-16T23:55:46.585+0000] {logging_mixin.py:190} INFO - [2025-09-16T23:55:46.585+0000] {dag.py:3239} INFO - Sync 4 DAGs
[2025-09-16T23:55:46.596+0000] {logging_mixin.py:190} INFO - [2025-09-16T23:55:46.596+0000] {dag.py:4180} INFO - Setting next_dagrun for dataset_alias_example_alias_consumer to None, run_after=None
[2025-09-16T23:55:46.598+0000] {logging_mixin.py:190} INFO - [2025-09-16T23:55:46.598+0000] {dag.py:4180} INFO - Setting next_dagrun for dataset_alias_example_alias_producer to None, run_after=None
[2025-09-16T23:55:46.599+0000] {logging_mixin.py:190} INFO - [2025-09-16T23:55:46.599+0000] {dag.py:4180} INFO - Setting next_dagrun for dataset_s3_bucket_consumer to None, run_after=None
[2025-09-16T23:55:46.600+0000] {logging_mixin.py:190} INFO - [2025-09-16T23:55:46.600+0000] {dag.py:4180} INFO - Setting next_dagrun for dataset_s3_bucket_producer to None, run_after=None
[2025-09-16T23:55:46.609+0000] {processor.py:208} INFO - Processing /home/airflow/.local/lib/python3.12/site-packages/airflow/example_dags/example_dataset_alias.py took 0.382 seconds
[2025-09-16T23:56:17.458+0000] {processor.py:186} INFO - Started process (PID=1918) to work on /home/airflow/.local/lib/python3.12/site-packages/airflow/example_dags/example_dataset_alias.py
[2025-09-16T23:56:17.459+0000] {processor.py:914} INFO - Processing file /home/airflow/.local/lib/python3.12/site-packages/airflow/example_dags/example_dataset_alias.py for tasks to queue
[2025-09-16T23:56:17.461+0000] {logging_mixin.py:190} INFO - [2025-09-16T23:56:17.461+0000] {dagbag.py:588} INFO - Filling up the DagBag from /home/airflow/.local/lib/python3.12/site-packages/airflow/example_dags/example_dataset_alias.py
[2025-09-16T23:56:17.797+0000] {processor.py:925} INFO - DAG(s) 'dataset_s3_bucket_producer', 'dataset_alias_example_alias_producer', 'dataset_s3_bucket_consumer', 'dataset_alias_example_alias_consumer' retrieved from /home/airflow/.local/lib/python3.12/site-packages/airflow/example_dags/example_dataset_alias.py
[2025-09-16T23:56:17.809+0000] {logging_mixin.py:190} INFO - [2025-09-16T23:56:17.809+0000] {dag.py:3239} INFO - Sync 4 DAGs
[2025-09-16T23:56:17.819+0000] {logging_mixin.py:190} INFO - [2025-09-16T23:56:17.819+0000] {dag.py:4180} INFO - Setting next_dagrun for dataset_alias_example_alias_consumer to None, run_after=None
[2025-09-16T23:56:17.821+0000] {logging_mixin.py:190} INFO - [2025-09-16T23:56:17.821+0000] {dag.py:4180} INFO - Setting next_dagrun for dataset_alias_example_alias_producer to None, run_after=None
[2025-09-16T23:56:17.821+0000] {logging_mixin.py:190} INFO - [2025-09-16T23:56:17.821+0000] {dag.py:4180} INFO - Setting next_dagrun for dataset_s3_bucket_consumer to None, run_after=None
[2025-09-16T23:56:17.822+0000] {logging_mixin.py:190} INFO - [2025-09-16T23:56:17.822+0000] {dag.py:4180} INFO - Setting next_dagrun for dataset_s3_bucket_producer to None, run_after=None
[2025-09-16T23:56:17.832+0000] {processor.py:208} INFO - Processing /home/airflow/.local/lib/python3.12/site-packages/airflow/example_dags/example_dataset_alias.py took 0.379 seconds
[2025-09-16T23:56:48.596+0000] {processor.py:186} INFO - Started process (PID=1981) to work on /home/airflow/.local/lib/python3.12/site-packages/airflow/example_dags/example_dataset_alias.py
[2025-09-16T23:56:48.601+0000] {processor.py:914} INFO - Processing file /home/airflow/.local/lib/python3.12/site-packages/airflow/example_dags/example_dataset_alias.py for tasks to queue
[2025-09-16T23:56:48.603+0000] {logging_mixin.py:190} INFO - [2025-09-16T23:56:48.603+0000] {dagbag.py:588} INFO - Filling up the DagBag from /home/airflow/.local/lib/python3.12/site-packages/airflow/example_dags/example_dataset_alias.py
[2025-09-16T23:56:48.920+0000] {processor.py:925} INFO - DAG(s) 'dataset_s3_bucket_producer', 'dataset_alias_example_alias_consumer', 'dataset_alias_example_alias_producer', 'dataset_s3_bucket_consumer' retrieved from /home/airflow/.local/lib/python3.12/site-packages/airflow/example_dags/example_dataset_alias.py
[2025-09-16T23:56:48.930+0000] {logging_mixin.py:190} INFO - [2025-09-16T23:56:48.930+0000] {dag.py:3239} INFO - Sync 4 DAGs
[2025-09-16T23:56:48.940+0000] {logging_mixin.py:190} INFO - [2025-09-16T23:56:48.940+0000] {dag.py:4180} INFO - Setting next_dagrun for dataset_alias_example_alias_consumer to None, run_after=None
[2025-09-16T23:56:48.941+0000] {logging_mixin.py:190} INFO - [2025-09-16T23:56:48.941+0000] {dag.py:4180} INFO - Setting next_dagrun for dataset_alias_example_alias_producer to None, run_after=None
[2025-09-16T23:56:48.942+0000] {logging_mixin.py:190} INFO - [2025-09-16T23:56:48.942+0000] {dag.py:4180} INFO - Setting next_dagrun for dataset_s3_bucket_consumer to None, run_after=None
[2025-09-16T23:56:48.942+0000] {logging_mixin.py:190} INFO - [2025-09-16T23:56:48.942+0000] {dag.py:4180} INFO - Setting next_dagrun for dataset_s3_bucket_producer to None, run_after=None
[2025-09-16T23:56:48.951+0000] {processor.py:208} INFO - Processing /home/airflow/.local/lib/python3.12/site-packages/airflow/example_dags/example_dataset_alias.py took 0.360 seconds
[2025-09-16T23:57:19.712+0000] {processor.py:186} INFO - Started process (PID=2044) to work on /home/airflow/.local/lib/python3.12/site-packages/airflow/example_dags/example_dataset_alias.py
[2025-09-16T23:57:19.713+0000] {processor.py:914} INFO - Processing file /home/airflow/.local/lib/python3.12/site-packages/airflow/example_dags/example_dataset_alias.py for tasks to queue
[2025-09-16T23:57:19.715+0000] {logging_mixin.py:190} INFO - [2025-09-16T23:57:19.715+0000] {dagbag.py:588} INFO - Filling up the DagBag from /home/airflow/.local/lib/python3.12/site-packages/airflow/example_dags/example_dataset_alias.py
[2025-09-16T23:57:20.019+0000] {processor.py:925} INFO - DAG(s) 'dataset_alias_example_alias_consumer', 'dataset_s3_bucket_producer', 'dataset_alias_example_alias_producer', 'dataset_s3_bucket_consumer' retrieved from /home/airflow/.local/lib/python3.12/site-packages/airflow/example_dags/example_dataset_alias.py
[2025-09-16T23:57:20.031+0000] {logging_mixin.py:190} INFO - [2025-09-16T23:57:20.030+0000] {dag.py:3239} INFO - Sync 4 DAGs
[2025-09-16T23:57:20.041+0000] {logging_mixin.py:190} INFO - [2025-09-16T23:57:20.041+0000] {dag.py:4180} INFO - Setting next_dagrun for dataset_alias_example_alias_consumer to None, run_after=None
[2025-09-16T23:57:20.046+0000] {logging_mixin.py:190} INFO - [2025-09-16T23:57:20.046+0000] {dag.py:4180} INFO - Setting next_dagrun for dataset_alias_example_alias_producer to None, run_after=None
[2025-09-16T23:57:20.047+0000] {logging_mixin.py:190} INFO - [2025-09-16T23:57:20.047+0000] {dag.py:4180} INFO - Setting next_dagrun for dataset_s3_bucket_consumer to None, run_after=None
[2025-09-16T23:57:20.049+0000] {logging_mixin.py:190} INFO - [2025-09-16T23:57:20.049+0000] {dag.py:4180} INFO - Setting next_dagrun for dataset_s3_bucket_producer to None, run_after=None
[2025-09-16T23:57:20.062+0000] {processor.py:208} INFO - Processing /home/airflow/.local/lib/python3.12/site-packages/airflow/example_dags/example_dataset_alias.py took 0.353 seconds
[2025-09-16T23:57:50.845+0000] {processor.py:186} INFO - Started process (PID=2107) to work on /home/airflow/.local/lib/python3.12/site-packages/airflow/example_dags/example_dataset_alias.py
[2025-09-16T23:57:50.846+0000] {processor.py:914} INFO - Processing file /home/airflow/.local/lib/python3.12/site-packages/airflow/example_dags/example_dataset_alias.py for tasks to queue
[2025-09-16T23:57:50.848+0000] {logging_mixin.py:190} INFO - [2025-09-16T23:57:50.848+0000] {dagbag.py:588} INFO - Filling up the DagBag from /home/airflow/.local/lib/python3.12/site-packages/airflow/example_dags/example_dataset_alias.py
[2025-09-16T23:57:51.165+0000] {processor.py:925} INFO - DAG(s) 'dataset_alias_example_alias_producer', 'dataset_s3_bucket_consumer', 'dataset_s3_bucket_producer', 'dataset_alias_example_alias_consumer' retrieved from /home/airflow/.local/lib/python3.12/site-packages/airflow/example_dags/example_dataset_alias.py
[2025-09-16T23:57:51.177+0000] {logging_mixin.py:190} INFO - [2025-09-16T23:57:51.177+0000] {dag.py:3239} INFO - Sync 4 DAGs
[2025-09-16T23:57:51.188+0000] {logging_mixin.py:190} INFO - [2025-09-16T23:57:51.188+0000] {dag.py:4180} INFO - Setting next_dagrun for dataset_alias_example_alias_consumer to None, run_after=None
[2025-09-16T23:57:51.189+0000] {logging_mixin.py:190} INFO - [2025-09-16T23:57:51.189+0000] {dag.py:4180} INFO - Setting next_dagrun for dataset_alias_example_alias_producer to None, run_after=None
[2025-09-16T23:57:51.191+0000] {logging_mixin.py:190} INFO - [2025-09-16T23:57:51.191+0000] {dag.py:4180} INFO - Setting next_dagrun for dataset_s3_bucket_consumer to None, run_after=None
[2025-09-16T23:57:51.192+0000] {logging_mixin.py:190} INFO - [2025-09-16T23:57:51.192+0000] {dag.py:4180} INFO - Setting next_dagrun for dataset_s3_bucket_producer to None, run_after=None
[2025-09-16T23:57:51.201+0000] {processor.py:208} INFO - Processing /home/airflow/.local/lib/python3.12/site-packages/airflow/example_dags/example_dataset_alias.py took 0.361 seconds
[2025-09-16T23:58:21.963+0000] {processor.py:186} INFO - Started process (PID=2170) to work on /home/airflow/.local/lib/python3.12/site-packages/airflow/example_dags/example_dataset_alias.py
[2025-09-16T23:58:21.965+0000] {processor.py:914} INFO - Processing file /home/airflow/.local/lib/python3.12/site-packages/airflow/example_dags/example_dataset_alias.py for tasks to queue
[2025-09-16T23:58:21.967+0000] {logging_mixin.py:190} INFO - [2025-09-16T23:58:21.966+0000] {dagbag.py:588} INFO - Filling up the DagBag from /home/airflow/.local/lib/python3.12/site-packages/airflow/example_dags/example_dataset_alias.py
[2025-09-16T23:58:22.273+0000] {processor.py:925} INFO - DAG(s) 'dataset_s3_bucket_producer', 'dataset_alias_example_alias_consumer', 'dataset_alias_example_alias_producer', 'dataset_s3_bucket_consumer' retrieved from /home/airflow/.local/lib/python3.12/site-packages/airflow/example_dags/example_dataset_alias.py
[2025-09-16T23:58:22.284+0000] {logging_mixin.py:190} INFO - [2025-09-16T23:58:22.284+0000] {dag.py:3239} INFO - Sync 4 DAGs
[2025-09-16T23:58:22.294+0000] {logging_mixin.py:190} INFO - [2025-09-16T23:58:22.294+0000] {dag.py:4180} INFO - Setting next_dagrun for dataset_alias_example_alias_consumer to None, run_after=None
[2025-09-16T23:58:22.296+0000] {logging_mixin.py:190} INFO - [2025-09-16T23:58:22.295+0000] {dag.py:4180} INFO - Setting next_dagrun for dataset_alias_example_alias_producer to None, run_after=None
[2025-09-16T23:58:22.296+0000] {logging_mixin.py:190} INFO - [2025-09-16T23:58:22.296+0000] {dag.py:4180} INFO - Setting next_dagrun for dataset_s3_bucket_consumer to None, run_after=None
[2025-09-16T23:58:22.297+0000] {logging_mixin.py:190} INFO - [2025-09-16T23:58:22.297+0000] {dag.py:4180} INFO - Setting next_dagrun for dataset_s3_bucket_producer to None, run_after=None
[2025-09-16T23:58:22.305+0000] {processor.py:208} INFO - Processing /home/airflow/.local/lib/python3.12/site-packages/airflow/example_dags/example_dataset_alias.py took 0.347 seconds
[2025-09-16T23:58:52.992+0000] {processor.py:186} INFO - Started process (PID=2239) to work on /home/airflow/.local/lib/python3.12/site-packages/airflow/example_dags/example_dataset_alias.py
[2025-09-16T23:58:52.996+0000] {processor.py:914} INFO - Processing file /home/airflow/.local/lib/python3.12/site-packages/airflow/example_dags/example_dataset_alias.py for tasks to queue
[2025-09-16T23:58:52.997+0000] {logging_mixin.py:190} INFO - [2025-09-16T23:58:52.997+0000] {dagbag.py:588} INFO - Filling up the DagBag from /home/airflow/.local/lib/python3.12/site-packages/airflow/example_dags/example_dataset_alias.py
[2025-09-16T23:58:53.316+0000] {processor.py:925} INFO - DAG(s) 'dataset_alias_example_alias_producer', 'dataset_alias_example_alias_consumer', 'dataset_s3_bucket_consumer', 'dataset_s3_bucket_producer' retrieved from /home/airflow/.local/lib/python3.12/site-packages/airflow/example_dags/example_dataset_alias.py
[2025-09-16T23:58:53.329+0000] {logging_mixin.py:190} INFO - [2025-09-16T23:58:53.329+0000] {dag.py:3239} INFO - Sync 4 DAGs
[2025-09-16T23:58:53.341+0000] {logging_mixin.py:190} INFO - [2025-09-16T23:58:53.341+0000] {dag.py:4180} INFO - Setting next_dagrun for dataset_alias_example_alias_consumer to None, run_after=None
[2025-09-16T23:58:53.343+0000] {logging_mixin.py:190} INFO - [2025-09-16T23:58:53.343+0000] {dag.py:4180} INFO - Setting next_dagrun for dataset_alias_example_alias_producer to None, run_after=None
[2025-09-16T23:58:53.346+0000] {logging_mixin.py:190} INFO - [2025-09-16T23:58:53.346+0000] {dag.py:4180} INFO - Setting next_dagrun for dataset_s3_bucket_consumer to None, run_after=None
[2025-09-16T23:58:53.347+0000] {logging_mixin.py:190} INFO - [2025-09-16T23:58:53.347+0000] {dag.py:4180} INFO - Setting next_dagrun for dataset_s3_bucket_producer to None, run_after=None
[2025-09-16T23:58:53.358+0000] {processor.py:208} INFO - Processing /home/airflow/.local/lib/python3.12/site-packages/airflow/example_dags/example_dataset_alias.py took 0.370 seconds
[2025-09-16T23:59:24.062+0000] {processor.py:186} INFO - Started process (PID=2302) to work on /home/airflow/.local/lib/python3.12/site-packages/airflow/example_dags/example_dataset_alias.py
[2025-09-16T23:59:24.063+0000] {processor.py:914} INFO - Processing file /home/airflow/.local/lib/python3.12/site-packages/airflow/example_dags/example_dataset_alias.py for tasks to queue
[2025-09-16T23:59:24.064+0000] {logging_mixin.py:190} INFO - [2025-09-16T23:59:24.064+0000] {dagbag.py:588} INFO - Filling up the DagBag from /home/airflow/.local/lib/python3.12/site-packages/airflow/example_dags/example_dataset_alias.py
[2025-09-16T23:59:24.378+0000] {processor.py:925} INFO - DAG(s) 'dataset_s3_bucket_consumer', 'dataset_s3_bucket_producer', 'dataset_alias_example_alias_producer', 'dataset_alias_example_alias_consumer' retrieved from /home/airflow/.local/lib/python3.12/site-packages/airflow/example_dags/example_dataset_alias.py
[2025-09-16T23:59:24.390+0000] {logging_mixin.py:190} INFO - [2025-09-16T23:59:24.389+0000] {dag.py:3239} INFO - Sync 4 DAGs
[2025-09-16T23:59:24.400+0000] {logging_mixin.py:190} INFO - [2025-09-16T23:59:24.400+0000] {dag.py:4180} INFO - Setting next_dagrun for dataset_alias_example_alias_consumer to None, run_after=None
[2025-09-16T23:59:24.401+0000] {logging_mixin.py:190} INFO - [2025-09-16T23:59:24.401+0000] {dag.py:4180} INFO - Setting next_dagrun for dataset_alias_example_alias_producer to None, run_after=None
[2025-09-16T23:59:24.402+0000] {logging_mixin.py:190} INFO - [2025-09-16T23:59:24.402+0000] {dag.py:4180} INFO - Setting next_dagrun for dataset_s3_bucket_consumer to None, run_after=None
[2025-09-16T23:59:24.402+0000] {logging_mixin.py:190} INFO - [2025-09-16T23:59:24.402+0000] {dag.py:4180} INFO - Setting next_dagrun for dataset_s3_bucket_producer to None, run_after=None
[2025-09-16T23:59:24.412+0000] {processor.py:208} INFO - Processing /home/airflow/.local/lib/python3.12/site-packages/airflow/example_dags/example_dataset_alias.py took 0.356 seconds
[2025-09-16T23:59:55.348+0000] {processor.py:186} INFO - Started process (PID=2365) to work on /home/airflow/.local/lib/python3.12/site-packages/airflow/example_dags/example_dataset_alias.py
[2025-09-16T23:59:55.349+0000] {processor.py:914} INFO - Processing file /home/airflow/.local/lib/python3.12/site-packages/airflow/example_dags/example_dataset_alias.py for tasks to queue
[2025-09-16T23:59:55.350+0000] {logging_mixin.py:190} INFO - [2025-09-16T23:59:55.350+0000] {dagbag.py:588} INFO - Filling up the DagBag from /home/airflow/.local/lib/python3.12/site-packages/airflow/example_dags/example_dataset_alias.py
[2025-09-16T23:59:55.770+0000] {processor.py:925} INFO - DAG(s) 'dataset_s3_bucket_consumer', 'dataset_alias_example_alias_consumer', 'dataset_alias_example_alias_producer', 'dataset_s3_bucket_producer' retrieved from /home/airflow/.local/lib/python3.12/site-packages/airflow/example_dags/example_dataset_alias.py
[2025-09-16T23:59:55.784+0000] {logging_mixin.py:190} INFO - [2025-09-16T23:59:55.784+0000] {dag.py:3239} INFO - Sync 4 DAGs
[2025-09-16T23:59:55.795+0000] {logging_mixin.py:190} INFO - [2025-09-16T23:59:55.795+0000] {dag.py:4180} INFO - Setting next_dagrun for dataset_alias_example_alias_consumer to None, run_after=None
[2025-09-16T23:59:55.796+0000] {logging_mixin.py:190} INFO - [2025-09-16T23:59:55.796+0000] {dag.py:4180} INFO - Setting next_dagrun for dataset_alias_example_alias_producer to None, run_after=None
[2025-09-16T23:59:55.797+0000] {logging_mixin.py:190} INFO - [2025-09-16T23:59:55.797+0000] {dag.py:4180} INFO - Setting next_dagrun for dataset_s3_bucket_consumer to None, run_after=None
[2025-09-16T23:59:55.798+0000] {logging_mixin.py:190} INFO - [2025-09-16T23:59:55.798+0000] {dag.py:4180} INFO - Setting next_dagrun for dataset_s3_bucket_producer to None, run_after=None
[2025-09-16T23:59:55.807+0000] {processor.py:208} INFO - Processing /home/airflow/.local/lib/python3.12/site-packages/airflow/example_dags/example_dataset_alias.py took 0.463 seconds
