[2025-09-16T23:41:19.318+0000] {processor.py:186} INFO - Started process (PID=94) to work on /home/airflow/.local/lib/python3.12/site-packages/airflow/example_dags/example_branch_python_dop_operator_3.py
[2025-09-16T23:41:19.318+0000] {processor.py:914} INFO - Processing file /home/airflow/.local/lib/python3.12/site-packages/airflow/example_dags/example_branch_python_dop_operator_3.py for tasks to queue
[2025-09-16T23:41:19.321+0000] {logging_mixin.py:190} INFO - [2025-09-16T23:41:19.321+0000] {dagbag.py:588} INFO - Filling up the DagBag from /home/airflow/.local/lib/python3.12/site-packages/airflow/example_dags/example_branch_python_dop_operator_3.py
[2025-09-16T23:41:19.331+0000] {processor.py:925} INFO - DAG(s) 'example_branch_dop_operator_v3' retrieved from /home/airflow/.local/lib/python3.12/site-packages/airflow/example_dags/example_branch_python_dop_operator_3.py
[2025-09-16T23:41:19.405+0000] {logging_mixin.py:190} INFO - [2025-09-16T23:41:19.404+0000] {override.py:1911} INFO - Created Permission View: can edit on DAG:example_branch_dop_operator_v3
[2025-09-16T23:41:19.413+0000] {logging_mixin.py:190} INFO - [2025-09-16T23:41:19.413+0000] {override.py:1911} INFO - Created Permission View: can delete on DAG:example_branch_dop_operator_v3
[2025-09-16T23:41:19.415+0000] {logging_mixin.py:190} INFO - [2025-09-16T23:41:19.415+0000] {override.py:1911} INFO - Created Permission View: can read on DAG:example_branch_dop_operator_v3
[2025-09-16T23:41:19.418+0000] {logging_mixin.py:190} INFO - [2025-09-16T23:41:19.418+0000] {override.py:1911} INFO - Created Permission View: menu access on DAG Run:example_branch_dop_operator_v3
[2025-09-16T23:41:19.421+0000] {logging_mixin.py:190} INFO - [2025-09-16T23:41:19.421+0000] {override.py:1911} INFO - Created Permission View: can create on DAG Run:example_branch_dop_operator_v3
[2025-09-16T23:41:19.424+0000] {logging_mixin.py:190} INFO - [2025-09-16T23:41:19.424+0000] {override.py:1911} INFO - Created Permission View: can delete on DAG Run:example_branch_dop_operator_v3
[2025-09-16T23:41:19.429+0000] {logging_mixin.py:190} INFO - [2025-09-16T23:41:19.429+0000] {override.py:1911} INFO - Created Permission View: can read on DAG Run:example_branch_dop_operator_v3
[2025-09-16T23:41:19.430+0000] {logging_mixin.py:190} INFO - [2025-09-16T23:41:19.429+0000] {dag.py:3239} INFO - Sync 1 DAGs
[2025-09-16T23:41:19.439+0000] {logging_mixin.py:190} INFO - [2025-09-16T23:41:19.439+0000] {dag.py:3262} INFO - Creating ORM DAG for example_branch_dop_operator_v3
[2025-09-16T23:41:19.447+0000] {logging_mixin.py:190} INFO - [2025-09-16T23:41:19.447+0000] {dag.py:4180} INFO - Setting next_dagrun for example_branch_dop_operator_v3 to 2025-09-16 23:40:00+00:00, run_after=2025-09-16 23:41:00+00:00
[2025-09-16T23:41:19.458+0000] {processor.py:208} INFO - Processing /home/airflow/.local/lib/python3.12/site-packages/airflow/example_dags/example_branch_python_dop_operator_3.py took 0.147 seconds
[2025-09-16T23:41:49.616+0000] {processor.py:186} INFO - Started process (PID=156) to work on /home/airflow/.local/lib/python3.12/site-packages/airflow/example_dags/example_branch_python_dop_operator_3.py
[2025-09-16T23:41:49.617+0000] {processor.py:914} INFO - Processing file /home/airflow/.local/lib/python3.12/site-packages/airflow/example_dags/example_branch_python_dop_operator_3.py for tasks to queue
[2025-09-16T23:41:49.618+0000] {logging_mixin.py:190} INFO - [2025-09-16T23:41:49.618+0000] {dagbag.py:588} INFO - Filling up the DagBag from /home/airflow/.local/lib/python3.12/site-packages/airflow/example_dags/example_branch_python_dop_operator_3.py
[2025-09-16T23:41:49.624+0000] {processor.py:925} INFO - DAG(s) 'example_branch_dop_operator_v3' retrieved from /home/airflow/.local/lib/python3.12/site-packages/airflow/example_dags/example_branch_python_dop_operator_3.py
[2025-09-16T23:41:49.634+0000] {logging_mixin.py:190} INFO - [2025-09-16T23:41:49.634+0000] {dag.py:3239} INFO - Sync 1 DAGs
[2025-09-16T23:41:49.646+0000] {logging_mixin.py:190} INFO - [2025-09-16T23:41:49.646+0000] {dag.py:4180} INFO - Setting next_dagrun for example_branch_dop_operator_v3 to 2025-09-16 23:40:00+00:00, run_after=2025-09-16 23:41:00+00:00
[2025-09-16T23:41:49.654+0000] {processor.py:208} INFO - Processing /home/airflow/.local/lib/python3.12/site-packages/airflow/example_dags/example_branch_python_dop_operator_3.py took 0.041 seconds
[2025-09-16T23:42:21.028+0000] {processor.py:186} INFO - Started process (PID=220) to work on /home/airflow/.local/lib/python3.12/site-packages/airflow/example_dags/example_branch_python_dop_operator_3.py
[2025-09-16T23:42:21.029+0000] {processor.py:914} INFO - Processing file /home/airflow/.local/lib/python3.12/site-packages/airflow/example_dags/example_branch_python_dop_operator_3.py for tasks to queue
[2025-09-16T23:42:21.031+0000] {logging_mixin.py:190} INFO - [2025-09-16T23:42:21.030+0000] {dagbag.py:588} INFO - Filling up the DagBag from /home/airflow/.local/lib/python3.12/site-packages/airflow/example_dags/example_branch_python_dop_operator_3.py
[2025-09-16T23:42:21.037+0000] {processor.py:925} INFO - DAG(s) 'example_branch_dop_operator_v3' retrieved from /home/airflow/.local/lib/python3.12/site-packages/airflow/example_dags/example_branch_python_dop_operator_3.py
[2025-09-16T23:42:21.048+0000] {logging_mixin.py:190} INFO - [2025-09-16T23:42:21.048+0000] {dag.py:3239} INFO - Sync 1 DAGs
[2025-09-16T23:42:21.063+0000] {logging_mixin.py:190} INFO - [2025-09-16T23:42:21.063+0000] {dag.py:4180} INFO - Setting next_dagrun for example_branch_dop_operator_v3 to 2025-09-16 23:41:00+00:00, run_after=2025-09-16 23:42:00+00:00
[2025-09-16T23:42:21.074+0000] {processor.py:208} INFO - Processing /home/airflow/.local/lib/python3.12/site-packages/airflow/example_dags/example_branch_python_dop_operator_3.py took 0.050 seconds
[2025-09-16T23:42:51.579+0000] {processor.py:186} INFO - Started process (PID=282) to work on /home/airflow/.local/lib/python3.12/site-packages/airflow/example_dags/example_branch_python_dop_operator_3.py
[2025-09-16T23:42:51.579+0000] {processor.py:914} INFO - Processing file /home/airflow/.local/lib/python3.12/site-packages/airflow/example_dags/example_branch_python_dop_operator_3.py for tasks to queue
[2025-09-16T23:42:51.581+0000] {logging_mixin.py:190} INFO - [2025-09-16T23:42:51.581+0000] {dagbag.py:588} INFO - Filling up the DagBag from /home/airflow/.local/lib/python3.12/site-packages/airflow/example_dags/example_branch_python_dop_operator_3.py
[2025-09-16T23:42:51.586+0000] {processor.py:925} INFO - DAG(s) 'example_branch_dop_operator_v3' retrieved from /home/airflow/.local/lib/python3.12/site-packages/airflow/example_dags/example_branch_python_dop_operator_3.py
[2025-09-16T23:42:51.598+0000] {logging_mixin.py:190} INFO - [2025-09-16T23:42:51.597+0000] {dag.py:3239} INFO - Sync 1 DAGs
[2025-09-16T23:42:51.611+0000] {logging_mixin.py:190} INFO - [2025-09-16T23:42:51.610+0000] {dag.py:4180} INFO - Setting next_dagrun for example_branch_dop_operator_v3 to 2025-09-16 23:41:00+00:00, run_after=2025-09-16 23:42:00+00:00
[2025-09-16T23:42:51.622+0000] {processor.py:208} INFO - Processing /home/airflow/.local/lib/python3.12/site-packages/airflow/example_dags/example_branch_python_dop_operator_3.py took 0.046 seconds
[2025-09-16T23:43:22.044+0000] {processor.py:186} INFO - Started process (PID=345) to work on /home/airflow/.local/lib/python3.12/site-packages/airflow/example_dags/example_branch_python_dop_operator_3.py
[2025-09-16T23:43:22.044+0000] {processor.py:914} INFO - Processing file /home/airflow/.local/lib/python3.12/site-packages/airflow/example_dags/example_branch_python_dop_operator_3.py for tasks to queue
[2025-09-16T23:43:22.046+0000] {logging_mixin.py:190} INFO - [2025-09-16T23:43:22.046+0000] {dagbag.py:588} INFO - Filling up the DagBag from /home/airflow/.local/lib/python3.12/site-packages/airflow/example_dags/example_branch_python_dop_operator_3.py
[2025-09-16T23:43:22.051+0000] {processor.py:925} INFO - DAG(s) 'example_branch_dop_operator_v3' retrieved from /home/airflow/.local/lib/python3.12/site-packages/airflow/example_dags/example_branch_python_dop_operator_3.py
[2025-09-16T23:43:22.062+0000] {logging_mixin.py:190} INFO - [2025-09-16T23:43:22.062+0000] {dag.py:3239} INFO - Sync 1 DAGs
[2025-09-16T23:43:22.074+0000] {logging_mixin.py:190} INFO - [2025-09-16T23:43:22.074+0000] {dag.py:4180} INFO - Setting next_dagrun for example_branch_dop_operator_v3 to 2025-09-16 23:42:00+00:00, run_after=2025-09-16 23:43:00+00:00
[2025-09-16T23:43:22.082+0000] {processor.py:208} INFO - Processing /home/airflow/.local/lib/python3.12/site-packages/airflow/example_dags/example_branch_python_dop_operator_3.py took 0.042 seconds
[2025-09-16T23:43:52.997+0000] {processor.py:186} INFO - Started process (PID=408) to work on /home/airflow/.local/lib/python3.12/site-packages/airflow/example_dags/example_branch_python_dop_operator_3.py
[2025-09-16T23:43:52.998+0000] {processor.py:914} INFO - Processing file /home/airflow/.local/lib/python3.12/site-packages/airflow/example_dags/example_branch_python_dop_operator_3.py for tasks to queue
[2025-09-16T23:43:53.002+0000] {logging_mixin.py:190} INFO - [2025-09-16T23:43:53.001+0000] {dagbag.py:588} INFO - Filling up the DagBag from /home/airflow/.local/lib/python3.12/site-packages/airflow/example_dags/example_branch_python_dop_operator_3.py
[2025-09-16T23:43:53.011+0000] {processor.py:925} INFO - DAG(s) 'example_branch_dop_operator_v3' retrieved from /home/airflow/.local/lib/python3.12/site-packages/airflow/example_dags/example_branch_python_dop_operator_3.py
[2025-09-16T23:43:53.029+0000] {logging_mixin.py:190} INFO - [2025-09-16T23:43:53.029+0000] {dag.py:3239} INFO - Sync 1 DAGs
[2025-09-16T23:43:53.055+0000] {logging_mixin.py:190} INFO - [2025-09-16T23:43:53.055+0000] {dag.py:4180} INFO - Setting next_dagrun for example_branch_dop_operator_v3 to 2025-09-16 23:42:00+00:00, run_after=2025-09-16 23:43:00+00:00
[2025-09-16T23:43:53.073+0000] {processor.py:208} INFO - Processing /home/airflow/.local/lib/python3.12/site-packages/airflow/example_dags/example_branch_python_dop_operator_3.py took 0.082 seconds
[2025-09-16T23:44:23.512+0000] {processor.py:186} INFO - Started process (PID=471) to work on /home/airflow/.local/lib/python3.12/site-packages/airflow/example_dags/example_branch_python_dop_operator_3.py
[2025-09-16T23:44:23.515+0000] {processor.py:914} INFO - Processing file /home/airflow/.local/lib/python3.12/site-packages/airflow/example_dags/example_branch_python_dop_operator_3.py for tasks to queue
[2025-09-16T23:44:23.517+0000] {logging_mixin.py:190} INFO - [2025-09-16T23:44:23.517+0000] {dagbag.py:588} INFO - Filling up the DagBag from /home/airflow/.local/lib/python3.12/site-packages/airflow/example_dags/example_branch_python_dop_operator_3.py
[2025-09-16T23:44:23.523+0000] {processor.py:925} INFO - DAG(s) 'example_branch_dop_operator_v3' retrieved from /home/airflow/.local/lib/python3.12/site-packages/airflow/example_dags/example_branch_python_dop_operator_3.py
[2025-09-16T23:44:23.534+0000] {logging_mixin.py:190} INFO - [2025-09-16T23:44:23.534+0000] {dag.py:3239} INFO - Sync 1 DAGs
[2025-09-16T23:44:23.548+0000] {logging_mixin.py:190} INFO - [2025-09-16T23:44:23.548+0000] {dag.py:4180} INFO - Setting next_dagrun for example_branch_dop_operator_v3 to 2025-09-16 23:43:00+00:00, run_after=2025-09-16 23:44:00+00:00
[2025-09-16T23:44:23.562+0000] {processor.py:208} INFO - Processing /home/airflow/.local/lib/python3.12/site-packages/airflow/example_dags/example_branch_python_dop_operator_3.py took 0.053 seconds
[2025-09-16T23:44:53.985+0000] {processor.py:186} INFO - Started process (PID=534) to work on /home/airflow/.local/lib/python3.12/site-packages/airflow/example_dags/example_branch_python_dop_operator_3.py
[2025-09-16T23:44:53.986+0000] {processor.py:914} INFO - Processing file /home/airflow/.local/lib/python3.12/site-packages/airflow/example_dags/example_branch_python_dop_operator_3.py for tasks to queue
[2025-09-16T23:44:53.987+0000] {logging_mixin.py:190} INFO - [2025-09-16T23:44:53.987+0000] {dagbag.py:588} INFO - Filling up the DagBag from /home/airflow/.local/lib/python3.12/site-packages/airflow/example_dags/example_branch_python_dop_operator_3.py
[2025-09-16T23:44:53.995+0000] {processor.py:925} INFO - DAG(s) 'example_branch_dop_operator_v3' retrieved from /home/airflow/.local/lib/python3.12/site-packages/airflow/example_dags/example_branch_python_dop_operator_3.py
[2025-09-16T23:44:54.011+0000] {logging_mixin.py:190} INFO - [2025-09-16T23:44:54.011+0000] {dag.py:3239} INFO - Sync 1 DAGs
[2025-09-16T23:44:54.028+0000] {logging_mixin.py:190} INFO - [2025-09-16T23:44:54.028+0000] {dag.py:4180} INFO - Setting next_dagrun for example_branch_dop_operator_v3 to 2025-09-16 23:43:00+00:00, run_after=2025-09-16 23:44:00+00:00
[2025-09-16T23:44:54.040+0000] {processor.py:208} INFO - Processing /home/airflow/.local/lib/python3.12/site-packages/airflow/example_dags/example_branch_python_dop_operator_3.py took 0.058 seconds
[2025-09-16T23:45:24.617+0000] {processor.py:186} INFO - Started process (PID=597) to work on /home/airflow/.local/lib/python3.12/site-packages/airflow/example_dags/example_branch_python_dop_operator_3.py
[2025-09-16T23:45:24.618+0000] {processor.py:914} INFO - Processing file /home/airflow/.local/lib/python3.12/site-packages/airflow/example_dags/example_branch_python_dop_operator_3.py for tasks to queue
[2025-09-16T23:45:24.619+0000] {logging_mixin.py:190} INFO - [2025-09-16T23:45:24.619+0000] {dagbag.py:588} INFO - Filling up the DagBag from /home/airflow/.local/lib/python3.12/site-packages/airflow/example_dags/example_branch_python_dop_operator_3.py
[2025-09-16T23:45:24.626+0000] {processor.py:925} INFO - DAG(s) 'example_branch_dop_operator_v3' retrieved from /home/airflow/.local/lib/python3.12/site-packages/airflow/example_dags/example_branch_python_dop_operator_3.py
[2025-09-16T23:45:24.637+0000] {logging_mixin.py:190} INFO - [2025-09-16T23:45:24.637+0000] {dag.py:3239} INFO - Sync 1 DAGs
[2025-09-16T23:45:24.649+0000] {logging_mixin.py:190} INFO - [2025-09-16T23:45:24.649+0000] {dag.py:4180} INFO - Setting next_dagrun for example_branch_dop_operator_v3 to 2025-09-16 23:44:00+00:00, run_after=2025-09-16 23:45:00+00:00
[2025-09-16T23:45:24.661+0000] {processor.py:208} INFO - Processing /home/airflow/.local/lib/python3.12/site-packages/airflow/example_dags/example_branch_python_dop_operator_3.py took 0.047 seconds
[2025-09-16T23:45:55.388+0000] {processor.py:186} INFO - Started process (PID=660) to work on /home/airflow/.local/lib/python3.12/site-packages/airflow/example_dags/example_branch_python_dop_operator_3.py
[2025-09-16T23:45:55.389+0000] {processor.py:914} INFO - Processing file /home/airflow/.local/lib/python3.12/site-packages/airflow/example_dags/example_branch_python_dop_operator_3.py for tasks to queue
[2025-09-16T23:45:55.390+0000] {logging_mixin.py:190} INFO - [2025-09-16T23:45:55.390+0000] {dagbag.py:588} INFO - Filling up the DagBag from /home/airflow/.local/lib/python3.12/site-packages/airflow/example_dags/example_branch_python_dop_operator_3.py
[2025-09-16T23:45:55.397+0000] {processor.py:925} INFO - DAG(s) 'example_branch_dop_operator_v3' retrieved from /home/airflow/.local/lib/python3.12/site-packages/airflow/example_dags/example_branch_python_dop_operator_3.py
[2025-09-16T23:45:55.415+0000] {logging_mixin.py:190} INFO - [2025-09-16T23:45:55.415+0000] {dag.py:3239} INFO - Sync 1 DAGs
[2025-09-16T23:45:55.431+0000] {logging_mixin.py:190} INFO - [2025-09-16T23:45:55.431+0000] {dag.py:4180} INFO - Setting next_dagrun for example_branch_dop_operator_v3 to 2025-09-16 23:44:00+00:00, run_after=2025-09-16 23:45:00+00:00
[2025-09-16T23:45:55.442+0000] {processor.py:208} INFO - Processing /home/airflow/.local/lib/python3.12/site-packages/airflow/example_dags/example_branch_python_dop_operator_3.py took 0.058 seconds
[2025-09-16T23:46:26.033+0000] {processor.py:186} INFO - Started process (PID=723) to work on /home/airflow/.local/lib/python3.12/site-packages/airflow/example_dags/example_branch_python_dop_operator_3.py
[2025-09-16T23:46:26.033+0000] {processor.py:914} INFO - Processing file /home/airflow/.local/lib/python3.12/site-packages/airflow/example_dags/example_branch_python_dop_operator_3.py for tasks to queue
[2025-09-16T23:46:26.034+0000] {logging_mixin.py:190} INFO - [2025-09-16T23:46:26.034+0000] {dagbag.py:588} INFO - Filling up the DagBag from /home/airflow/.local/lib/python3.12/site-packages/airflow/example_dags/example_branch_python_dop_operator_3.py
[2025-09-16T23:46:26.040+0000] {processor.py:925} INFO - DAG(s) 'example_branch_dop_operator_v3' retrieved from /home/airflow/.local/lib/python3.12/site-packages/airflow/example_dags/example_branch_python_dop_operator_3.py
[2025-09-16T23:46:26.049+0000] {logging_mixin.py:190} INFO - [2025-09-16T23:46:26.048+0000] {dag.py:3239} INFO - Sync 1 DAGs
[2025-09-16T23:46:26.060+0000] {logging_mixin.py:190} INFO - [2025-09-16T23:46:26.060+0000] {dag.py:4180} INFO - Setting next_dagrun for example_branch_dop_operator_v3 to 2025-09-16 23:45:00+00:00, run_after=2025-09-16 23:46:00+00:00
[2025-09-16T23:46:26.069+0000] {processor.py:208} INFO - Processing /home/airflow/.local/lib/python3.12/site-packages/airflow/example_dags/example_branch_python_dop_operator_3.py took 0.039 seconds
[2025-09-16T23:46:56.672+0000] {processor.py:186} INFO - Started process (PID=786) to work on /home/airflow/.local/lib/python3.12/site-packages/airflow/example_dags/example_branch_python_dop_operator_3.py
[2025-09-16T23:46:56.673+0000] {processor.py:914} INFO - Processing file /home/airflow/.local/lib/python3.12/site-packages/airflow/example_dags/example_branch_python_dop_operator_3.py for tasks to queue
[2025-09-16T23:46:56.674+0000] {logging_mixin.py:190} INFO - [2025-09-16T23:46:56.674+0000] {dagbag.py:588} INFO - Filling up the DagBag from /home/airflow/.local/lib/python3.12/site-packages/airflow/example_dags/example_branch_python_dop_operator_3.py
[2025-09-16T23:46:56.681+0000] {processor.py:925} INFO - DAG(s) 'example_branch_dop_operator_v3' retrieved from /home/airflow/.local/lib/python3.12/site-packages/airflow/example_dags/example_branch_python_dop_operator_3.py
[2025-09-16T23:46:56.694+0000] {logging_mixin.py:190} INFO - [2025-09-16T23:46:56.694+0000] {dag.py:3239} INFO - Sync 1 DAGs
[2025-09-16T23:46:56.717+0000] {logging_mixin.py:190} INFO - [2025-09-16T23:46:56.716+0000] {dag.py:4180} INFO - Setting next_dagrun for example_branch_dop_operator_v3 to 2025-09-16 23:45:00+00:00, run_after=2025-09-16 23:46:00+00:00
[2025-09-16T23:46:56.733+0000] {processor.py:208} INFO - Processing /home/airflow/.local/lib/python3.12/site-packages/airflow/example_dags/example_branch_python_dop_operator_3.py took 0.064 seconds
[2025-09-16T23:47:27.354+0000] {processor.py:186} INFO - Started process (PID=849) to work on /home/airflow/.local/lib/python3.12/site-packages/airflow/example_dags/example_branch_python_dop_operator_3.py
[2025-09-16T23:47:27.355+0000] {processor.py:914} INFO - Processing file /home/airflow/.local/lib/python3.12/site-packages/airflow/example_dags/example_branch_python_dop_operator_3.py for tasks to queue
[2025-09-16T23:47:27.356+0000] {logging_mixin.py:190} INFO - [2025-09-16T23:47:27.356+0000] {dagbag.py:588} INFO - Filling up the DagBag from /home/airflow/.local/lib/python3.12/site-packages/airflow/example_dags/example_branch_python_dop_operator_3.py
[2025-09-16T23:47:27.362+0000] {processor.py:925} INFO - DAG(s) 'example_branch_dop_operator_v3' retrieved from /home/airflow/.local/lib/python3.12/site-packages/airflow/example_dags/example_branch_python_dop_operator_3.py
[2025-09-16T23:47:27.373+0000] {logging_mixin.py:190} INFO - [2025-09-16T23:47:27.373+0000] {dag.py:3239} INFO - Sync 1 DAGs
[2025-09-16T23:47:27.384+0000] {logging_mixin.py:190} INFO - [2025-09-16T23:47:27.384+0000] {dag.py:4180} INFO - Setting next_dagrun for example_branch_dop_operator_v3 to 2025-09-16 23:46:00+00:00, run_after=2025-09-16 23:47:00+00:00
[2025-09-16T23:47:27.393+0000] {processor.py:208} INFO - Processing /home/airflow/.local/lib/python3.12/site-packages/airflow/example_dags/example_branch_python_dop_operator_3.py took 0.042 seconds
[2025-09-16T23:47:58.148+0000] {processor.py:186} INFO - Started process (PID=912) to work on /home/airflow/.local/lib/python3.12/site-packages/airflow/example_dags/example_branch_python_dop_operator_3.py
[2025-09-16T23:47:58.148+0000] {processor.py:914} INFO - Processing file /home/airflow/.local/lib/python3.12/site-packages/airflow/example_dags/example_branch_python_dop_operator_3.py for tasks to queue
[2025-09-16T23:47:58.150+0000] {logging_mixin.py:190} INFO - [2025-09-16T23:47:58.150+0000] {dagbag.py:588} INFO - Filling up the DagBag from /home/airflow/.local/lib/python3.12/site-packages/airflow/example_dags/example_branch_python_dop_operator_3.py
[2025-09-16T23:47:58.155+0000] {processor.py:925} INFO - DAG(s) 'example_branch_dop_operator_v3' retrieved from /home/airflow/.local/lib/python3.12/site-packages/airflow/example_dags/example_branch_python_dop_operator_3.py
[2025-09-16T23:47:58.166+0000] {logging_mixin.py:190} INFO - [2025-09-16T23:47:58.165+0000] {dag.py:3239} INFO - Sync 1 DAGs
[2025-09-16T23:47:58.179+0000] {logging_mixin.py:190} INFO - [2025-09-16T23:47:58.179+0000] {dag.py:4180} INFO - Setting next_dagrun for example_branch_dop_operator_v3 to 2025-09-16 23:46:00+00:00, run_after=2025-09-16 23:47:00+00:00
[2025-09-16T23:47:58.188+0000] {processor.py:208} INFO - Processing /home/airflow/.local/lib/python3.12/site-packages/airflow/example_dags/example_branch_python_dop_operator_3.py took 0.045 seconds
[2025-09-16T23:48:28.936+0000] {processor.py:186} INFO - Started process (PID=975) to work on /home/airflow/.local/lib/python3.12/site-packages/airflow/example_dags/example_branch_python_dop_operator_3.py
[2025-09-16T23:48:28.937+0000] {processor.py:914} INFO - Processing file /home/airflow/.local/lib/python3.12/site-packages/airflow/example_dags/example_branch_python_dop_operator_3.py for tasks to queue
[2025-09-16T23:48:28.938+0000] {logging_mixin.py:190} INFO - [2025-09-16T23:48:28.938+0000] {dagbag.py:588} INFO - Filling up the DagBag from /home/airflow/.local/lib/python3.12/site-packages/airflow/example_dags/example_branch_python_dop_operator_3.py
[2025-09-16T23:48:28.944+0000] {processor.py:925} INFO - DAG(s) 'example_branch_dop_operator_v3' retrieved from /home/airflow/.local/lib/python3.12/site-packages/airflow/example_dags/example_branch_python_dop_operator_3.py
[2025-09-16T23:48:28.956+0000] {logging_mixin.py:190} INFO - [2025-09-16T23:48:28.956+0000] {dag.py:3239} INFO - Sync 1 DAGs
[2025-09-16T23:48:28.970+0000] {logging_mixin.py:190} INFO - [2025-09-16T23:48:28.970+0000] {dag.py:4180} INFO - Setting next_dagrun for example_branch_dop_operator_v3 to 2025-09-16 23:47:00+00:00, run_after=2025-09-16 23:48:00+00:00
[2025-09-16T23:48:28.979+0000] {processor.py:208} INFO - Processing /home/airflow/.local/lib/python3.12/site-packages/airflow/example_dags/example_branch_python_dop_operator_3.py took 0.046 seconds
[2025-09-16T23:48:59.704+0000] {processor.py:186} INFO - Started process (PID=1038) to work on /home/airflow/.local/lib/python3.12/site-packages/airflow/example_dags/example_branch_python_dop_operator_3.py
[2025-09-16T23:48:59.705+0000] {processor.py:914} INFO - Processing file /home/airflow/.local/lib/python3.12/site-packages/airflow/example_dags/example_branch_python_dop_operator_3.py for tasks to queue
[2025-09-16T23:48:59.706+0000] {logging_mixin.py:190} INFO - [2025-09-16T23:48:59.706+0000] {dagbag.py:588} INFO - Filling up the DagBag from /home/airflow/.local/lib/python3.12/site-packages/airflow/example_dags/example_branch_python_dop_operator_3.py
[2025-09-16T23:48:59.711+0000] {processor.py:925} INFO - DAG(s) 'example_branch_dop_operator_v3' retrieved from /home/airflow/.local/lib/python3.12/site-packages/airflow/example_dags/example_branch_python_dop_operator_3.py
[2025-09-16T23:48:59.722+0000] {logging_mixin.py:190} INFO - [2025-09-16T23:48:59.722+0000] {dag.py:3239} INFO - Sync 1 DAGs
[2025-09-16T23:48:59.735+0000] {logging_mixin.py:190} INFO - [2025-09-16T23:48:59.735+0000] {dag.py:4180} INFO - Setting next_dagrun for example_branch_dop_operator_v3 to 2025-09-16 23:47:00+00:00, run_after=2025-09-16 23:48:00+00:00
[2025-09-16T23:48:59.748+0000] {processor.py:208} INFO - Processing /home/airflow/.local/lib/python3.12/site-packages/airflow/example_dags/example_branch_python_dop_operator_3.py took 0.046 seconds
[2025-09-16T23:49:30.518+0000] {processor.py:186} INFO - Started process (PID=1101) to work on /home/airflow/.local/lib/python3.12/site-packages/airflow/example_dags/example_branch_python_dop_operator_3.py
[2025-09-16T23:49:30.520+0000] {processor.py:914} INFO - Processing file /home/airflow/.local/lib/python3.12/site-packages/airflow/example_dags/example_branch_python_dop_operator_3.py for tasks to queue
[2025-09-16T23:49:30.521+0000] {logging_mixin.py:190} INFO - [2025-09-16T23:49:30.521+0000] {dagbag.py:588} INFO - Filling up the DagBag from /home/airflow/.local/lib/python3.12/site-packages/airflow/example_dags/example_branch_python_dop_operator_3.py
[2025-09-16T23:49:30.528+0000] {processor.py:925} INFO - DAG(s) 'example_branch_dop_operator_v3' retrieved from /home/airflow/.local/lib/python3.12/site-packages/airflow/example_dags/example_branch_python_dop_operator_3.py
[2025-09-16T23:49:30.540+0000] {logging_mixin.py:190} INFO - [2025-09-16T23:49:30.540+0000] {dag.py:3239} INFO - Sync 1 DAGs
[2025-09-16T23:49:30.556+0000] {logging_mixin.py:190} INFO - [2025-09-16T23:49:30.556+0000] {dag.py:4180} INFO - Setting next_dagrun for example_branch_dop_operator_v3 to 2025-09-16 23:48:00+00:00, run_after=2025-09-16 23:49:00+00:00
[2025-09-16T23:49:30.566+0000] {processor.py:208} INFO - Processing /home/airflow/.local/lib/python3.12/site-packages/airflow/example_dags/example_branch_python_dop_operator_3.py took 0.051 seconds
[2025-09-16T23:50:01.139+0000] {processor.py:186} INFO - Started process (PID=1164) to work on /home/airflow/.local/lib/python3.12/site-packages/airflow/example_dags/example_branch_python_dop_operator_3.py
[2025-09-16T23:50:01.142+0000] {processor.py:914} INFO - Processing file /home/airflow/.local/lib/python3.12/site-packages/airflow/example_dags/example_branch_python_dop_operator_3.py for tasks to queue
[2025-09-16T23:50:01.143+0000] {logging_mixin.py:190} INFO - [2025-09-16T23:50:01.143+0000] {dagbag.py:588} INFO - Filling up the DagBag from /home/airflow/.local/lib/python3.12/site-packages/airflow/example_dags/example_branch_python_dop_operator_3.py
[2025-09-16T23:50:01.149+0000] {processor.py:925} INFO - DAG(s) 'example_branch_dop_operator_v3' retrieved from /home/airflow/.local/lib/python3.12/site-packages/airflow/example_dags/example_branch_python_dop_operator_3.py
[2025-09-16T23:50:01.159+0000] {logging_mixin.py:190} INFO - [2025-09-16T23:50:01.159+0000] {dag.py:3239} INFO - Sync 1 DAGs
[2025-09-16T23:50:01.172+0000] {logging_mixin.py:190} INFO - [2025-09-16T23:50:01.172+0000] {dag.py:4180} INFO - Setting next_dagrun for example_branch_dop_operator_v3 to 2025-09-16 23:49:00+00:00, run_after=2025-09-16 23:50:00+00:00
[2025-09-16T23:50:01.184+0000] {processor.py:208} INFO - Processing /home/airflow/.local/lib/python3.12/site-packages/airflow/example_dags/example_branch_python_dop_operator_3.py took 0.048 seconds
[2025-09-16T23:50:32.217+0000] {processor.py:186} INFO - Started process (PID=1227) to work on /home/airflow/.local/lib/python3.12/site-packages/airflow/example_dags/example_branch_python_dop_operator_3.py
[2025-09-16T23:50:32.218+0000] {processor.py:914} INFO - Processing file /home/airflow/.local/lib/python3.12/site-packages/airflow/example_dags/example_branch_python_dop_operator_3.py for tasks to queue
[2025-09-16T23:50:32.219+0000] {logging_mixin.py:190} INFO - [2025-09-16T23:50:32.219+0000] {dagbag.py:588} INFO - Filling up the DagBag from /home/airflow/.local/lib/python3.12/site-packages/airflow/example_dags/example_branch_python_dop_operator_3.py
[2025-09-16T23:50:32.224+0000] {processor.py:925} INFO - DAG(s) 'example_branch_dop_operator_v3' retrieved from /home/airflow/.local/lib/python3.12/site-packages/airflow/example_dags/example_branch_python_dop_operator_3.py
[2025-09-16T23:50:32.236+0000] {logging_mixin.py:190} INFO - [2025-09-16T23:50:32.236+0000] {dag.py:3239} INFO - Sync 1 DAGs
[2025-09-16T23:50:32.250+0000] {logging_mixin.py:190} INFO - [2025-09-16T23:50:32.250+0000] {dag.py:4180} INFO - Setting next_dagrun for example_branch_dop_operator_v3 to 2025-09-16 23:49:00+00:00, run_after=2025-09-16 23:50:00+00:00
[2025-09-16T23:50:32.260+0000] {processor.py:208} INFO - Processing /home/airflow/.local/lib/python3.12/site-packages/airflow/example_dags/example_branch_python_dop_operator_3.py took 0.046 seconds
[2025-09-16T23:51:03.367+0000] {processor.py:186} INFO - Started process (PID=1290) to work on /home/airflow/.local/lib/python3.12/site-packages/airflow/example_dags/example_branch_python_dop_operator_3.py
[2025-09-16T23:51:03.368+0000] {processor.py:914} INFO - Processing file /home/airflow/.local/lib/python3.12/site-packages/airflow/example_dags/example_branch_python_dop_operator_3.py for tasks to queue
[2025-09-16T23:51:03.369+0000] {logging_mixin.py:190} INFO - [2025-09-16T23:51:03.369+0000] {dagbag.py:588} INFO - Filling up the DagBag from /home/airflow/.local/lib/python3.12/site-packages/airflow/example_dags/example_branch_python_dop_operator_3.py
[2025-09-16T23:51:03.376+0000] {processor.py:925} INFO - DAG(s) 'example_branch_dop_operator_v3' retrieved from /home/airflow/.local/lib/python3.12/site-packages/airflow/example_dags/example_branch_python_dop_operator_3.py
[2025-09-16T23:51:03.387+0000] {logging_mixin.py:190} INFO - [2025-09-16T23:51:03.387+0000] {dag.py:3239} INFO - Sync 1 DAGs
[2025-09-16T23:51:03.402+0000] {logging_mixin.py:190} INFO - [2025-09-16T23:51:03.402+0000] {dag.py:4180} INFO - Setting next_dagrun for example_branch_dop_operator_v3 to 2025-09-16 23:50:00+00:00, run_after=2025-09-16 23:51:00+00:00
[2025-09-16T23:51:03.411+0000] {processor.py:208} INFO - Processing /home/airflow/.local/lib/python3.12/site-packages/airflow/example_dags/example_branch_python_dop_operator_3.py took 0.049 seconds
[2025-09-16T23:51:34.972+0000] {processor.py:186} INFO - Started process (PID=1353) to work on /home/airflow/.local/lib/python3.12/site-packages/airflow/example_dags/example_branch_python_dop_operator_3.py
[2025-09-16T23:51:34.976+0000] {processor.py:914} INFO - Processing file /home/airflow/.local/lib/python3.12/site-packages/airflow/example_dags/example_branch_python_dop_operator_3.py for tasks to queue
[2025-09-16T23:51:34.978+0000] {logging_mixin.py:190} INFO - [2025-09-16T23:51:34.977+0000] {dagbag.py:588} INFO - Filling up the DagBag from /home/airflow/.local/lib/python3.12/site-packages/airflow/example_dags/example_branch_python_dop_operator_3.py
[2025-09-16T23:51:34.984+0000] {processor.py:925} INFO - DAG(s) 'example_branch_dop_operator_v3' retrieved from /home/airflow/.local/lib/python3.12/site-packages/airflow/example_dags/example_branch_python_dop_operator_3.py
[2025-09-16T23:51:34.997+0000] {logging_mixin.py:190} INFO - [2025-09-16T23:51:34.997+0000] {dag.py:3239} INFO - Sync 1 DAGs
[2025-09-16T23:51:35.011+0000] {logging_mixin.py:190} INFO - [2025-09-16T23:51:35.011+0000] {dag.py:4180} INFO - Setting next_dagrun for example_branch_dop_operator_v3 to 2025-09-16 23:50:00+00:00, run_after=2025-09-16 23:51:00+00:00
[2025-09-16T23:51:35.020+0000] {processor.py:208} INFO - Processing /home/airflow/.local/lib/python3.12/site-packages/airflow/example_dags/example_branch_python_dop_operator_3.py took 0.051 seconds
[2025-09-16T23:52:06.234+0000] {processor.py:186} INFO - Started process (PID=1416) to work on /home/airflow/.local/lib/python3.12/site-packages/airflow/example_dags/example_branch_python_dop_operator_3.py
[2025-09-16T23:52:06.235+0000] {processor.py:914} INFO - Processing file /home/airflow/.local/lib/python3.12/site-packages/airflow/example_dags/example_branch_python_dop_operator_3.py for tasks to queue
[2025-09-16T23:52:06.237+0000] {logging_mixin.py:190} INFO - [2025-09-16T23:52:06.236+0000] {dagbag.py:588} INFO - Filling up the DagBag from /home/airflow/.local/lib/python3.12/site-packages/airflow/example_dags/example_branch_python_dop_operator_3.py
[2025-09-16T23:52:06.244+0000] {processor.py:925} INFO - DAG(s) 'example_branch_dop_operator_v3' retrieved from /home/airflow/.local/lib/python3.12/site-packages/airflow/example_dags/example_branch_python_dop_operator_3.py
[2025-09-16T23:52:06.255+0000] {logging_mixin.py:190} INFO - [2025-09-16T23:52:06.255+0000] {dag.py:3239} INFO - Sync 1 DAGs
[2025-09-16T23:52:06.267+0000] {logging_mixin.py:190} INFO - [2025-09-16T23:52:06.267+0000] {dag.py:4180} INFO - Setting next_dagrun for example_branch_dop_operator_v3 to 2025-09-16 23:51:00+00:00, run_after=2025-09-16 23:52:00+00:00
[2025-09-16T23:52:06.275+0000] {processor.py:208} INFO - Processing /home/airflow/.local/lib/python3.12/site-packages/airflow/example_dags/example_branch_python_dop_operator_3.py took 0.044 seconds
[2025-09-16T23:52:37.936+0000] {processor.py:186} INFO - Started process (PID=1479) to work on /home/airflow/.local/lib/python3.12/site-packages/airflow/example_dags/example_branch_python_dop_operator_3.py
[2025-09-16T23:52:37.938+0000] {processor.py:914} INFO - Processing file /home/airflow/.local/lib/python3.12/site-packages/airflow/example_dags/example_branch_python_dop_operator_3.py for tasks to queue
[2025-09-16T23:52:37.940+0000] {logging_mixin.py:190} INFO - [2025-09-16T23:52:37.939+0000] {dagbag.py:588} INFO - Filling up the DagBag from /home/airflow/.local/lib/python3.12/site-packages/airflow/example_dags/example_branch_python_dop_operator_3.py
[2025-09-16T23:52:37.946+0000] {processor.py:925} INFO - DAG(s) 'example_branch_dop_operator_v3' retrieved from /home/airflow/.local/lib/python3.12/site-packages/airflow/example_dags/example_branch_python_dop_operator_3.py
[2025-09-16T23:52:37.957+0000] {logging_mixin.py:190} INFO - [2025-09-16T23:52:37.957+0000] {dag.py:3239} INFO - Sync 1 DAGs
[2025-09-16T23:52:37.973+0000] {logging_mixin.py:190} INFO - [2025-09-16T23:52:37.972+0000] {dag.py:4180} INFO - Setting next_dagrun for example_branch_dop_operator_v3 to 2025-09-16 23:51:00+00:00, run_after=2025-09-16 23:52:00+00:00
[2025-09-16T23:52:37.987+0000] {processor.py:208} INFO - Processing /home/airflow/.local/lib/python3.12/site-packages/airflow/example_dags/example_branch_python_dop_operator_3.py took 0.055 seconds
[2025-09-16T23:53:09.272+0000] {processor.py:186} INFO - Started process (PID=1542) to work on /home/airflow/.local/lib/python3.12/site-packages/airflow/example_dags/example_branch_python_dop_operator_3.py
[2025-09-16T23:53:09.275+0000] {processor.py:914} INFO - Processing file /home/airflow/.local/lib/python3.12/site-packages/airflow/example_dags/example_branch_python_dop_operator_3.py for tasks to queue
[2025-09-16T23:53:09.276+0000] {logging_mixin.py:190} INFO - [2025-09-16T23:53:09.276+0000] {dagbag.py:588} INFO - Filling up the DagBag from /home/airflow/.local/lib/python3.12/site-packages/airflow/example_dags/example_branch_python_dop_operator_3.py
[2025-09-16T23:53:09.283+0000] {processor.py:925} INFO - DAG(s) 'example_branch_dop_operator_v3' retrieved from /home/airflow/.local/lib/python3.12/site-packages/airflow/example_dags/example_branch_python_dop_operator_3.py
[2025-09-16T23:53:09.293+0000] {logging_mixin.py:190} INFO - [2025-09-16T23:53:09.293+0000] {dag.py:3239} INFO - Sync 1 DAGs
[2025-09-16T23:53:09.308+0000] {logging_mixin.py:190} INFO - [2025-09-16T23:53:09.308+0000] {dag.py:4180} INFO - Setting next_dagrun for example_branch_dop_operator_v3 to 2025-09-16 23:52:00+00:00, run_after=2025-09-16 23:53:00+00:00
[2025-09-16T23:53:09.319+0000] {processor.py:208} INFO - Processing /home/airflow/.local/lib/python3.12/site-packages/airflow/example_dags/example_branch_python_dop_operator_3.py took 0.050 seconds
[2025-09-16T23:53:40.483+0000] {processor.py:186} INFO - Started process (PID=1605) to work on /home/airflow/.local/lib/python3.12/site-packages/airflow/example_dags/example_branch_python_dop_operator_3.py
[2025-09-16T23:53:40.484+0000] {processor.py:914} INFO - Processing file /home/airflow/.local/lib/python3.12/site-packages/airflow/example_dags/example_branch_python_dop_operator_3.py for tasks to queue
[2025-09-16T23:53:40.485+0000] {logging_mixin.py:190} INFO - [2025-09-16T23:53:40.485+0000] {dagbag.py:588} INFO - Filling up the DagBag from /home/airflow/.local/lib/python3.12/site-packages/airflow/example_dags/example_branch_python_dop_operator_3.py
[2025-09-16T23:53:40.491+0000] {processor.py:925} INFO - DAG(s) 'example_branch_dop_operator_v3' retrieved from /home/airflow/.local/lib/python3.12/site-packages/airflow/example_dags/example_branch_python_dop_operator_3.py
[2025-09-16T23:53:40.501+0000] {logging_mixin.py:190} INFO - [2025-09-16T23:53:40.501+0000] {dag.py:3239} INFO - Sync 1 DAGs
[2025-09-16T23:53:40.513+0000] {logging_mixin.py:190} INFO - [2025-09-16T23:53:40.513+0000] {dag.py:4180} INFO - Setting next_dagrun for example_branch_dop_operator_v3 to 2025-09-16 23:52:00+00:00, run_after=2025-09-16 23:53:00+00:00
[2025-09-16T23:53:40.525+0000] {processor.py:208} INFO - Processing /home/airflow/.local/lib/python3.12/site-packages/airflow/example_dags/example_branch_python_dop_operator_3.py took 0.044 seconds
[2025-09-16T23:54:12.249+0000] {processor.py:186} INFO - Started process (PID=1668) to work on /home/airflow/.local/lib/python3.12/site-packages/airflow/example_dags/example_branch_python_dop_operator_3.py
[2025-09-16T23:54:12.250+0000] {processor.py:914} INFO - Processing file /home/airflow/.local/lib/python3.12/site-packages/airflow/example_dags/example_branch_python_dop_operator_3.py for tasks to queue
[2025-09-16T23:54:12.251+0000] {logging_mixin.py:190} INFO - [2025-09-16T23:54:12.251+0000] {dagbag.py:588} INFO - Filling up the DagBag from /home/airflow/.local/lib/python3.12/site-packages/airflow/example_dags/example_branch_python_dop_operator_3.py
[2025-09-16T23:54:12.260+0000] {processor.py:925} INFO - DAG(s) 'example_branch_dop_operator_v3' retrieved from /home/airflow/.local/lib/python3.12/site-packages/airflow/example_dags/example_branch_python_dop_operator_3.py
[2025-09-16T23:54:12.273+0000] {logging_mixin.py:190} INFO - [2025-09-16T23:54:12.273+0000] {dag.py:3239} INFO - Sync 1 DAGs
[2025-09-16T23:54:12.288+0000] {logging_mixin.py:190} INFO - [2025-09-16T23:54:12.288+0000] {dag.py:4180} INFO - Setting next_dagrun for example_branch_dop_operator_v3 to 2025-09-16 23:53:00+00:00, run_after=2025-09-16 23:54:00+00:00
[2025-09-16T23:54:12.298+0000] {processor.py:208} INFO - Processing /home/airflow/.local/lib/python3.12/site-packages/airflow/example_dags/example_branch_python_dop_operator_3.py took 0.054 seconds
[2025-09-16T23:54:44.001+0000] {processor.py:186} INFO - Started process (PID=1731) to work on /home/airflow/.local/lib/python3.12/site-packages/airflow/example_dags/example_branch_python_dop_operator_3.py
[2025-09-16T23:54:44.002+0000] {processor.py:914} INFO - Processing file /home/airflow/.local/lib/python3.12/site-packages/airflow/example_dags/example_branch_python_dop_operator_3.py for tasks to queue
[2025-09-16T23:54:44.004+0000] {logging_mixin.py:190} INFO - [2025-09-16T23:54:44.004+0000] {dagbag.py:588} INFO - Filling up the DagBag from /home/airflow/.local/lib/python3.12/site-packages/airflow/example_dags/example_branch_python_dop_operator_3.py
[2025-09-16T23:54:44.014+0000] {processor.py:925} INFO - DAG(s) 'example_branch_dop_operator_v3' retrieved from /home/airflow/.local/lib/python3.12/site-packages/airflow/example_dags/example_branch_python_dop_operator_3.py
[2025-09-16T23:54:44.029+0000] {logging_mixin.py:190} INFO - [2025-09-16T23:54:44.028+0000] {dag.py:3239} INFO - Sync 1 DAGs
[2025-09-16T23:54:44.065+0000] {logging_mixin.py:190} INFO - [2025-09-16T23:54:44.065+0000] {dag.py:4180} INFO - Setting next_dagrun for example_branch_dop_operator_v3 to 2025-09-16 23:53:00+00:00, run_after=2025-09-16 23:54:00+00:00
[2025-09-16T23:54:44.078+0000] {processor.py:208} INFO - Processing /home/airflow/.local/lib/python3.12/site-packages/airflow/example_dags/example_branch_python_dop_operator_3.py took 0.082 seconds
[2025-09-16T23:55:15.135+0000] {processor.py:186} INFO - Started process (PID=1794) to work on /home/airflow/.local/lib/python3.12/site-packages/airflow/example_dags/example_branch_python_dop_operator_3.py
[2025-09-16T23:55:15.136+0000] {processor.py:914} INFO - Processing file /home/airflow/.local/lib/python3.12/site-packages/airflow/example_dags/example_branch_python_dop_operator_3.py for tasks to queue
[2025-09-16T23:55:15.138+0000] {logging_mixin.py:190} INFO - [2025-09-16T23:55:15.137+0000] {dagbag.py:588} INFO - Filling up the DagBag from /home/airflow/.local/lib/python3.12/site-packages/airflow/example_dags/example_branch_python_dop_operator_3.py
[2025-09-16T23:55:15.143+0000] {processor.py:925} INFO - DAG(s) 'example_branch_dop_operator_v3' retrieved from /home/airflow/.local/lib/python3.12/site-packages/airflow/example_dags/example_branch_python_dop_operator_3.py
[2025-09-16T23:55:15.154+0000] {logging_mixin.py:190} INFO - [2025-09-16T23:55:15.154+0000] {dag.py:3239} INFO - Sync 1 DAGs
[2025-09-16T23:55:15.166+0000] {logging_mixin.py:190} INFO - [2025-09-16T23:55:15.166+0000] {dag.py:4180} INFO - Setting next_dagrun for example_branch_dop_operator_v3 to 2025-09-16 23:54:00+00:00, run_after=2025-09-16 23:55:00+00:00
[2025-09-16T23:55:15.176+0000] {processor.py:208} INFO - Processing /home/airflow/.local/lib/python3.12/site-packages/airflow/example_dags/example_branch_python_dop_operator_3.py took 0.044 seconds
[2025-09-16T23:55:46.287+0000] {processor.py:186} INFO - Started process (PID=1857) to work on /home/airflow/.local/lib/python3.12/site-packages/airflow/example_dags/example_branch_python_dop_operator_3.py
[2025-09-16T23:55:46.288+0000] {processor.py:914} INFO - Processing file /home/airflow/.local/lib/python3.12/site-packages/airflow/example_dags/example_branch_python_dop_operator_3.py for tasks to queue
[2025-09-16T23:55:46.289+0000] {logging_mixin.py:190} INFO - [2025-09-16T23:55:46.289+0000] {dagbag.py:588} INFO - Filling up the DagBag from /home/airflow/.local/lib/python3.12/site-packages/airflow/example_dags/example_branch_python_dop_operator_3.py
[2025-09-16T23:55:46.295+0000] {processor.py:925} INFO - DAG(s) 'example_branch_dop_operator_v3' retrieved from /home/airflow/.local/lib/python3.12/site-packages/airflow/example_dags/example_branch_python_dop_operator_3.py
[2025-09-16T23:55:46.306+0000] {logging_mixin.py:190} INFO - [2025-09-16T23:55:46.305+0000] {dag.py:3239} INFO - Sync 1 DAGs
[2025-09-16T23:55:46.318+0000] {logging_mixin.py:190} INFO - [2025-09-16T23:55:46.318+0000] {dag.py:4180} INFO - Setting next_dagrun for example_branch_dop_operator_v3 to 2025-09-16 23:54:00+00:00, run_after=2025-09-16 23:55:00+00:00
[2025-09-16T23:55:46.327+0000] {processor.py:208} INFO - Processing /home/airflow/.local/lib/python3.12/site-packages/airflow/example_dags/example_branch_python_dop_operator_3.py took 0.042 seconds
[2025-09-16T23:56:17.563+0000] {processor.py:186} INFO - Started process (PID=1920) to work on /home/airflow/.local/lib/python3.12/site-packages/airflow/example_dags/example_branch_python_dop_operator_3.py
[2025-09-16T23:56:17.564+0000] {processor.py:914} INFO - Processing file /home/airflow/.local/lib/python3.12/site-packages/airflow/example_dags/example_branch_python_dop_operator_3.py for tasks to queue
[2025-09-16T23:56:17.566+0000] {logging_mixin.py:190} INFO - [2025-09-16T23:56:17.565+0000] {dagbag.py:588} INFO - Filling up the DagBag from /home/airflow/.local/lib/python3.12/site-packages/airflow/example_dags/example_branch_python_dop_operator_3.py
[2025-09-16T23:56:17.571+0000] {processor.py:925} INFO - DAG(s) 'example_branch_dop_operator_v3' retrieved from /home/airflow/.local/lib/python3.12/site-packages/airflow/example_dags/example_branch_python_dop_operator_3.py
[2025-09-16T23:56:17.582+0000] {logging_mixin.py:190} INFO - [2025-09-16T23:56:17.582+0000] {dag.py:3239} INFO - Sync 1 DAGs
[2025-09-16T23:56:17.597+0000] {logging_mixin.py:190} INFO - [2025-09-16T23:56:17.596+0000] {dag.py:4180} INFO - Setting next_dagrun for example_branch_dop_operator_v3 to 2025-09-16 23:55:00+00:00, run_after=2025-09-16 23:56:00+00:00
[2025-09-16T23:56:17.607+0000] {processor.py:208} INFO - Processing /home/airflow/.local/lib/python3.12/site-packages/airflow/example_dags/example_branch_python_dop_operator_3.py took 0.047 seconds
[2025-09-16T23:56:48.671+0000] {processor.py:186} INFO - Started process (PID=1983) to work on /home/airflow/.local/lib/python3.12/site-packages/airflow/example_dags/example_branch_python_dop_operator_3.py
[2025-09-16T23:56:48.672+0000] {processor.py:914} INFO - Processing file /home/airflow/.local/lib/python3.12/site-packages/airflow/example_dags/example_branch_python_dop_operator_3.py for tasks to queue
[2025-09-16T23:56:48.673+0000] {logging_mixin.py:190} INFO - [2025-09-16T23:56:48.673+0000] {dagbag.py:588} INFO - Filling up the DagBag from /home/airflow/.local/lib/python3.12/site-packages/airflow/example_dags/example_branch_python_dop_operator_3.py
[2025-09-16T23:56:48.679+0000] {processor.py:925} INFO - DAG(s) 'example_branch_dop_operator_v3' retrieved from /home/airflow/.local/lib/python3.12/site-packages/airflow/example_dags/example_branch_python_dop_operator_3.py
[2025-09-16T23:56:48.690+0000] {logging_mixin.py:190} INFO - [2025-09-16T23:56:48.690+0000] {dag.py:3239} INFO - Sync 1 DAGs
[2025-09-16T23:56:48.706+0000] {logging_mixin.py:190} INFO - [2025-09-16T23:56:48.706+0000] {dag.py:4180} INFO - Setting next_dagrun for example_branch_dop_operator_v3 to 2025-09-16 23:55:00+00:00, run_after=2025-09-16 23:56:00+00:00
[2025-09-16T23:56:48.721+0000] {processor.py:208} INFO - Processing /home/airflow/.local/lib/python3.12/site-packages/airflow/example_dags/example_branch_python_dop_operator_3.py took 0.054 seconds
[2025-09-16T23:57:19.771+0000] {processor.py:186} INFO - Started process (PID=2046) to work on /home/airflow/.local/lib/python3.12/site-packages/airflow/example_dags/example_branch_python_dop_operator_3.py
[2025-09-16T23:57:19.772+0000] {processor.py:914} INFO - Processing file /home/airflow/.local/lib/python3.12/site-packages/airflow/example_dags/example_branch_python_dop_operator_3.py for tasks to queue
[2025-09-16T23:57:19.774+0000] {logging_mixin.py:190} INFO - [2025-09-16T23:57:19.774+0000] {dagbag.py:588} INFO - Filling up the DagBag from /home/airflow/.local/lib/python3.12/site-packages/airflow/example_dags/example_branch_python_dop_operator_3.py
[2025-09-16T23:57:19.779+0000] {processor.py:925} INFO - DAG(s) 'example_branch_dop_operator_v3' retrieved from /home/airflow/.local/lib/python3.12/site-packages/airflow/example_dags/example_branch_python_dop_operator_3.py
[2025-09-16T23:57:19.791+0000] {logging_mixin.py:190} INFO - [2025-09-16T23:57:19.791+0000] {dag.py:3239} INFO - Sync 1 DAGs
[2025-09-16T23:57:19.803+0000] {logging_mixin.py:190} INFO - [2025-09-16T23:57:19.803+0000] {dag.py:4180} INFO - Setting next_dagrun for example_branch_dop_operator_v3 to 2025-09-16 23:56:00+00:00, run_after=2025-09-16 23:57:00+00:00
[2025-09-16T23:57:19.813+0000] {processor.py:208} INFO - Processing /home/airflow/.local/lib/python3.12/site-packages/airflow/example_dags/example_branch_python_dop_operator_3.py took 0.044 seconds
[2025-09-16T23:57:50.909+0000] {processor.py:186} INFO - Started process (PID=2109) to work on /home/airflow/.local/lib/python3.12/site-packages/airflow/example_dags/example_branch_python_dop_operator_3.py
[2025-09-16T23:57:50.910+0000] {processor.py:914} INFO - Processing file /home/airflow/.local/lib/python3.12/site-packages/airflow/example_dags/example_branch_python_dop_operator_3.py for tasks to queue
[2025-09-16T23:57:50.911+0000] {logging_mixin.py:190} INFO - [2025-09-16T23:57:50.911+0000] {dagbag.py:588} INFO - Filling up the DagBag from /home/airflow/.local/lib/python3.12/site-packages/airflow/example_dags/example_branch_python_dop_operator_3.py
[2025-09-16T23:57:50.916+0000] {processor.py:925} INFO - DAG(s) 'example_branch_dop_operator_v3' retrieved from /home/airflow/.local/lib/python3.12/site-packages/airflow/example_dags/example_branch_python_dop_operator_3.py
[2025-09-16T23:57:50.927+0000] {logging_mixin.py:190} INFO - [2025-09-16T23:57:50.927+0000] {dag.py:3239} INFO - Sync 1 DAGs
[2025-09-16T23:57:50.940+0000] {logging_mixin.py:190} INFO - [2025-09-16T23:57:50.940+0000] {dag.py:4180} INFO - Setting next_dagrun for example_branch_dop_operator_v3 to 2025-09-16 23:56:00+00:00, run_after=2025-09-16 23:57:00+00:00
[2025-09-16T23:57:50.953+0000] {processor.py:208} INFO - Processing /home/airflow/.local/lib/python3.12/site-packages/airflow/example_dags/example_branch_python_dop_operator_3.py took 0.047 seconds
[2025-09-16T23:58:22.041+0000] {processor.py:186} INFO - Started process (PID=2172) to work on /home/airflow/.local/lib/python3.12/site-packages/airflow/example_dags/example_branch_python_dop_operator_3.py
[2025-09-16T23:58:22.043+0000] {processor.py:914} INFO - Processing file /home/airflow/.local/lib/python3.12/site-packages/airflow/example_dags/example_branch_python_dop_operator_3.py for tasks to queue
[2025-09-16T23:58:22.044+0000] {logging_mixin.py:190} INFO - [2025-09-16T23:58:22.044+0000] {dagbag.py:588} INFO - Filling up the DagBag from /home/airflow/.local/lib/python3.12/site-packages/airflow/example_dags/example_branch_python_dop_operator_3.py
[2025-09-16T23:58:22.050+0000] {processor.py:925} INFO - DAG(s) 'example_branch_dop_operator_v3' retrieved from /home/airflow/.local/lib/python3.12/site-packages/airflow/example_dags/example_branch_python_dop_operator_3.py
[2025-09-16T23:58:22.060+0000] {logging_mixin.py:190} INFO - [2025-09-16T23:58:22.060+0000] {dag.py:3239} INFO - Sync 1 DAGs
[2025-09-16T23:58:22.074+0000] {logging_mixin.py:190} INFO - [2025-09-16T23:58:22.074+0000] {dag.py:4180} INFO - Setting next_dagrun for example_branch_dop_operator_v3 to 2025-09-16 23:57:00+00:00, run_after=2025-09-16 23:58:00+00:00
[2025-09-16T23:58:22.083+0000] {processor.py:208} INFO - Processing /home/airflow/.local/lib/python3.12/site-packages/airflow/example_dags/example_branch_python_dop_operator_3.py took 0.046 seconds
[2025-09-16T23:58:53.059+0000] {processor.py:186} INFO - Started process (PID=2241) to work on /home/airflow/.local/lib/python3.12/site-packages/airflow/example_dags/example_branch_python_dop_operator_3.py
[2025-09-16T23:58:53.060+0000] {processor.py:914} INFO - Processing file /home/airflow/.local/lib/python3.12/site-packages/airflow/example_dags/example_branch_python_dop_operator_3.py for tasks to queue
[2025-09-16T23:58:53.061+0000] {logging_mixin.py:190} INFO - [2025-09-16T23:58:53.061+0000] {dagbag.py:588} INFO - Filling up the DagBag from /home/airflow/.local/lib/python3.12/site-packages/airflow/example_dags/example_branch_python_dop_operator_3.py
[2025-09-16T23:58:53.067+0000] {processor.py:925} INFO - DAG(s) 'example_branch_dop_operator_v3' retrieved from /home/airflow/.local/lib/python3.12/site-packages/airflow/example_dags/example_branch_python_dop_operator_3.py
[2025-09-16T23:58:53.077+0000] {logging_mixin.py:190} INFO - [2025-09-16T23:58:53.077+0000] {dag.py:3239} INFO - Sync 1 DAGs
[2025-09-16T23:58:53.091+0000] {logging_mixin.py:190} INFO - [2025-09-16T23:58:53.091+0000] {dag.py:4180} INFO - Setting next_dagrun for example_branch_dop_operator_v3 to 2025-09-16 23:57:00+00:00, run_after=2025-09-16 23:58:00+00:00
[2025-09-16T23:58:53.108+0000] {processor.py:208} INFO - Processing /home/airflow/.local/lib/python3.12/site-packages/airflow/example_dags/example_branch_python_dop_operator_3.py took 0.052 seconds
[2025-09-16T23:59:24.126+0000] {processor.py:186} INFO - Started process (PID=2304) to work on /home/airflow/.local/lib/python3.12/site-packages/airflow/example_dags/example_branch_python_dop_operator_3.py
[2025-09-16T23:59:24.127+0000] {processor.py:914} INFO - Processing file /home/airflow/.local/lib/python3.12/site-packages/airflow/example_dags/example_branch_python_dop_operator_3.py for tasks to queue
[2025-09-16T23:59:24.128+0000] {logging_mixin.py:190} INFO - [2025-09-16T23:59:24.128+0000] {dagbag.py:588} INFO - Filling up the DagBag from /home/airflow/.local/lib/python3.12/site-packages/airflow/example_dags/example_branch_python_dop_operator_3.py
[2025-09-16T23:59:24.134+0000] {processor.py:925} INFO - DAG(s) 'example_branch_dop_operator_v3' retrieved from /home/airflow/.local/lib/python3.12/site-packages/airflow/example_dags/example_branch_python_dop_operator_3.py
[2025-09-16T23:59:24.144+0000] {logging_mixin.py:190} INFO - [2025-09-16T23:59:24.144+0000] {dag.py:3239} INFO - Sync 1 DAGs
[2025-09-16T23:59:24.160+0000] {logging_mixin.py:190} INFO - [2025-09-16T23:59:24.160+0000] {dag.py:4180} INFO - Setting next_dagrun for example_branch_dop_operator_v3 to 2025-09-16 23:58:00+00:00, run_after=2025-09-16 23:59:00+00:00
[2025-09-16T23:59:24.171+0000] {processor.py:208} INFO - Processing /home/airflow/.local/lib/python3.12/site-packages/airflow/example_dags/example_branch_python_dop_operator_3.py took 0.048 seconds
[2025-09-16T23:59:55.472+0000] {processor.py:186} INFO - Started process (PID=2367) to work on /home/airflow/.local/lib/python3.12/site-packages/airflow/example_dags/example_branch_python_dop_operator_3.py
[2025-09-16T23:59:55.473+0000] {processor.py:914} INFO - Processing file /home/airflow/.local/lib/python3.12/site-packages/airflow/example_dags/example_branch_python_dop_operator_3.py for tasks to queue
[2025-09-16T23:59:55.475+0000] {logging_mixin.py:190} INFO - [2025-09-16T23:59:55.475+0000] {dagbag.py:588} INFO - Filling up the DagBag from /home/airflow/.local/lib/python3.12/site-packages/airflow/example_dags/example_branch_python_dop_operator_3.py
[2025-09-16T23:59:55.483+0000] {processor.py:925} INFO - DAG(s) 'example_branch_dop_operator_v3' retrieved from /home/airflow/.local/lib/python3.12/site-packages/airflow/example_dags/example_branch_python_dop_operator_3.py
[2025-09-16T23:59:55.502+0000] {logging_mixin.py:190} INFO - [2025-09-16T23:59:55.501+0000] {dag.py:3239} INFO - Sync 1 DAGs
[2025-09-16T23:59:55.525+0000] {logging_mixin.py:190} INFO - [2025-09-16T23:59:55.524+0000] {dag.py:4180} INFO - Setting next_dagrun for example_branch_dop_operator_v3 to 2025-09-16 23:58:00+00:00, run_after=2025-09-16 23:59:00+00:00
[2025-09-16T23:59:55.538+0000] {processor.py:208} INFO - Processing /home/airflow/.local/lib/python3.12/site-packages/airflow/example_dags/example_branch_python_dop_operator_3.py took 0.074 seconds
