[2025-09-16T23:41:20.782+0000] {processor.py:186} INFO - Started process (PID=106) to work on /home/airflow/.local/lib/python3.12/site-packages/airflow/example_dags/tutorial.py
[2025-09-16T23:41:20.785+0000] {processor.py:914} INFO - Processing file /home/airflow/.local/lib/python3.12/site-packages/airflow/example_dags/tutorial.py for tasks to queue
[2025-09-16T23:41:20.790+0000] {logging_mixin.py:190} INFO - [2025-09-16T23:41:20.790+0000] {dagbag.py:588} INFO - Filling up the DagBag from /home/airflow/.local/lib/python3.12/site-packages/airflow/example_dags/tutorial.py
[2025-09-16T23:41:20.797+0000] {processor.py:925} INFO - DAG(s) 'tutorial' retrieved from /home/airflow/.local/lib/python3.12/site-packages/airflow/example_dags/tutorial.py
[2025-09-16T23:41:20.853+0000] {logging_mixin.py:190} INFO - [2025-09-16T23:41:20.852+0000] {override.py:1911} INFO - Created Permission View: can edit on DAG:tutorial
[2025-09-16T23:41:20.857+0000] {logging_mixin.py:190} INFO - [2025-09-16T23:41:20.857+0000] {override.py:1911} INFO - Created Permission View: can delete on DAG:tutorial
[2025-09-16T23:41:20.859+0000] {logging_mixin.py:190} INFO - [2025-09-16T23:41:20.859+0000] {override.py:1911} INFO - Created Permission View: can read on DAG:tutorial
[2025-09-16T23:41:20.862+0000] {logging_mixin.py:190} INFO - [2025-09-16T23:41:20.862+0000] {override.py:1911} INFO - Created Permission View: menu access on DAG Run:tutorial
[2025-09-16T23:41:20.865+0000] {logging_mixin.py:190} INFO - [2025-09-16T23:41:20.865+0000] {override.py:1911} INFO - Created Permission View: can create on DAG Run:tutorial
[2025-09-16T23:41:20.868+0000] {logging_mixin.py:190} INFO - [2025-09-16T23:41:20.867+0000] {override.py:1911} INFO - Created Permission View: can delete on DAG Run:tutorial
[2025-09-16T23:41:20.871+0000] {logging_mixin.py:190} INFO - [2025-09-16T23:41:20.871+0000] {override.py:1911} INFO - Created Permission View: can read on DAG Run:tutorial
[2025-09-16T23:41:20.871+0000] {logging_mixin.py:190} INFO - [2025-09-16T23:41:20.871+0000] {dag.py:3239} INFO - Sync 1 DAGs
[2025-09-16T23:41:20.878+0000] {logging_mixin.py:190} INFO - [2025-09-16T23:41:20.878+0000] {dag.py:3262} INFO - Creating ORM DAG for tutorial
[2025-09-16T23:41:20.884+0000] {logging_mixin.py:190} INFO - [2025-09-16T23:41:20.884+0000] {dag.py:4180} INFO - Setting next_dagrun for tutorial to 2025-09-15 00:00:00+00:00, run_after=2025-09-16 00:00:00+00:00
[2025-09-16T23:41:20.894+0000] {processor.py:208} INFO - Processing /home/airflow/.local/lib/python3.12/site-packages/airflow/example_dags/tutorial.py took 0.115 seconds
[2025-09-16T23:41:51.526+0000] {processor.py:186} INFO - Started process (PID=169) to work on /home/airflow/.local/lib/python3.12/site-packages/airflow/example_dags/tutorial.py
[2025-09-16T23:41:51.526+0000] {processor.py:914} INFO - Processing file /home/airflow/.local/lib/python3.12/site-packages/airflow/example_dags/tutorial.py for tasks to queue
[2025-09-16T23:41:51.528+0000] {logging_mixin.py:190} INFO - [2025-09-16T23:41:51.528+0000] {dagbag.py:588} INFO - Filling up the DagBag from /home/airflow/.local/lib/python3.12/site-packages/airflow/example_dags/tutorial.py
[2025-09-16T23:41:51.533+0000] {processor.py:925} INFO - DAG(s) 'tutorial' retrieved from /home/airflow/.local/lib/python3.12/site-packages/airflow/example_dags/tutorial.py
[2025-09-16T23:41:51.544+0000] {logging_mixin.py:190} INFO - [2025-09-16T23:41:51.544+0000] {dag.py:3239} INFO - Sync 1 DAGs
[2025-09-16T23:41:51.557+0000] {logging_mixin.py:190} INFO - [2025-09-16T23:41:51.557+0000] {dag.py:4180} INFO - Setting next_dagrun for tutorial to 2025-09-15 00:00:00+00:00, run_after=2025-09-16 00:00:00+00:00
[2025-09-16T23:41:51.567+0000] {processor.py:208} INFO - Processing /home/airflow/.local/lib/python3.12/site-packages/airflow/example_dags/tutorial.py took 0.045 seconds
[2025-09-16T23:42:22.525+0000] {processor.py:186} INFO - Started process (PID=232) to work on /home/airflow/.local/lib/python3.12/site-packages/airflow/example_dags/tutorial.py
[2025-09-16T23:42:22.526+0000] {processor.py:914} INFO - Processing file /home/airflow/.local/lib/python3.12/site-packages/airflow/example_dags/tutorial.py for tasks to queue
[2025-09-16T23:42:22.528+0000] {logging_mixin.py:190} INFO - [2025-09-16T23:42:22.527+0000] {dagbag.py:588} INFO - Filling up the DagBag from /home/airflow/.local/lib/python3.12/site-packages/airflow/example_dags/tutorial.py
[2025-09-16T23:42:22.533+0000] {processor.py:925} INFO - DAG(s) 'tutorial' retrieved from /home/airflow/.local/lib/python3.12/site-packages/airflow/example_dags/tutorial.py
[2025-09-16T23:42:22.544+0000] {logging_mixin.py:190} INFO - [2025-09-16T23:42:22.544+0000] {dag.py:3239} INFO - Sync 1 DAGs
[2025-09-16T23:42:22.557+0000] {logging_mixin.py:190} INFO - [2025-09-16T23:42:22.557+0000] {dag.py:4180} INFO - Setting next_dagrun for tutorial to 2025-09-15 00:00:00+00:00, run_after=2025-09-16 00:00:00+00:00
[2025-09-16T23:42:22.566+0000] {processor.py:208} INFO - Processing /home/airflow/.local/lib/python3.12/site-packages/airflow/example_dags/tutorial.py took 0.044 seconds
[2025-09-16T23:42:53.224+0000] {processor.py:186} INFO - Started process (PID=294) to work on /home/airflow/.local/lib/python3.12/site-packages/airflow/example_dags/tutorial.py
[2025-09-16T23:42:53.226+0000] {processor.py:914} INFO - Processing file /home/airflow/.local/lib/python3.12/site-packages/airflow/example_dags/tutorial.py for tasks to queue
[2025-09-16T23:42:53.232+0000] {logging_mixin.py:190} INFO - [2025-09-16T23:42:53.231+0000] {dagbag.py:588} INFO - Filling up the DagBag from /home/airflow/.local/lib/python3.12/site-packages/airflow/example_dags/tutorial.py
[2025-09-16T23:42:53.248+0000] {processor.py:925} INFO - DAG(s) 'tutorial' retrieved from /home/airflow/.local/lib/python3.12/site-packages/airflow/example_dags/tutorial.py
[2025-09-16T23:42:53.289+0000] {logging_mixin.py:190} INFO - [2025-09-16T23:42:53.289+0000] {dag.py:3239} INFO - Sync 1 DAGs
[2025-09-16T23:42:53.312+0000] {logging_mixin.py:190} INFO - [2025-09-16T23:42:53.312+0000] {dag.py:4180} INFO - Setting next_dagrun for tutorial to 2025-09-15 00:00:00+00:00, run_after=2025-09-16 00:00:00+00:00
[2025-09-16T23:42:53.331+0000] {processor.py:208} INFO - Processing /home/airflow/.local/lib/python3.12/site-packages/airflow/example_dags/tutorial.py took 0.115 seconds
[2025-09-16T23:43:23.728+0000] {processor.py:186} INFO - Started process (PID=356) to work on /home/airflow/.local/lib/python3.12/site-packages/airflow/example_dags/tutorial.py
[2025-09-16T23:43:23.733+0000] {processor.py:914} INFO - Processing file /home/airflow/.local/lib/python3.12/site-packages/airflow/example_dags/tutorial.py for tasks to queue
[2025-09-16T23:43:23.735+0000] {logging_mixin.py:190} INFO - [2025-09-16T23:43:23.735+0000] {dagbag.py:588} INFO - Filling up the DagBag from /home/airflow/.local/lib/python3.12/site-packages/airflow/example_dags/tutorial.py
[2025-09-16T23:43:23.740+0000] {processor.py:925} INFO - DAG(s) 'tutorial' retrieved from /home/airflow/.local/lib/python3.12/site-packages/airflow/example_dags/tutorial.py
[2025-09-16T23:43:23.754+0000] {logging_mixin.py:190} INFO - [2025-09-16T23:43:23.753+0000] {dag.py:3239} INFO - Sync 1 DAGs
[2025-09-16T23:43:23.769+0000] {logging_mixin.py:190} INFO - [2025-09-16T23:43:23.769+0000] {dag.py:4180} INFO - Setting next_dagrun for tutorial to 2025-09-15 00:00:00+00:00, run_after=2025-09-16 00:00:00+00:00
[2025-09-16T23:43:23.781+0000] {processor.py:208} INFO - Processing /home/airflow/.local/lib/python3.12/site-packages/airflow/example_dags/tutorial.py took 0.056 seconds
[2025-09-16T23:43:54.596+0000] {processor.py:186} INFO - Started process (PID=420) to work on /home/airflow/.local/lib/python3.12/site-packages/airflow/example_dags/tutorial.py
[2025-09-16T23:43:54.597+0000] {processor.py:914} INFO - Processing file /home/airflow/.local/lib/python3.12/site-packages/airflow/example_dags/tutorial.py for tasks to queue
[2025-09-16T23:43:54.599+0000] {logging_mixin.py:190} INFO - [2025-09-16T23:43:54.599+0000] {dagbag.py:588} INFO - Filling up the DagBag from /home/airflow/.local/lib/python3.12/site-packages/airflow/example_dags/tutorial.py
[2025-09-16T23:43:54.608+0000] {processor.py:925} INFO - DAG(s) 'tutorial' retrieved from /home/airflow/.local/lib/python3.12/site-packages/airflow/example_dags/tutorial.py
[2025-09-16T23:43:54.623+0000] {logging_mixin.py:190} INFO - [2025-09-16T23:43:54.623+0000] {dag.py:3239} INFO - Sync 1 DAGs
[2025-09-16T23:43:54.640+0000] {logging_mixin.py:190} INFO - [2025-09-16T23:43:54.640+0000] {dag.py:4180} INFO - Setting next_dagrun for tutorial to 2025-09-15 00:00:00+00:00, run_after=2025-09-16 00:00:00+00:00
[2025-09-16T23:43:54.651+0000] {processor.py:208} INFO - Processing /home/airflow/.local/lib/python3.12/site-packages/airflow/example_dags/tutorial.py took 0.060 seconds
[2025-09-16T23:44:25.017+0000] {processor.py:186} INFO - Started process (PID=482) to work on /home/airflow/.local/lib/python3.12/site-packages/airflow/example_dags/tutorial.py
[2025-09-16T23:44:25.018+0000] {processor.py:914} INFO - Processing file /home/airflow/.local/lib/python3.12/site-packages/airflow/example_dags/tutorial.py for tasks to queue
[2025-09-16T23:44:25.020+0000] {logging_mixin.py:190} INFO - [2025-09-16T23:44:25.020+0000] {dagbag.py:588} INFO - Filling up the DagBag from /home/airflow/.local/lib/python3.12/site-packages/airflow/example_dags/tutorial.py
[2025-09-16T23:44:25.030+0000] {processor.py:925} INFO - DAG(s) 'tutorial' retrieved from /home/airflow/.local/lib/python3.12/site-packages/airflow/example_dags/tutorial.py
[2025-09-16T23:44:25.049+0000] {logging_mixin.py:190} INFO - [2025-09-16T23:44:25.049+0000] {dag.py:3239} INFO - Sync 1 DAGs
[2025-09-16T23:44:25.066+0000] {logging_mixin.py:190} INFO - [2025-09-16T23:44:25.066+0000] {dag.py:4180} INFO - Setting next_dagrun for tutorial to 2025-09-15 00:00:00+00:00, run_after=2025-09-16 00:00:00+00:00
[2025-09-16T23:44:25.078+0000] {processor.py:208} INFO - Processing /home/airflow/.local/lib/python3.12/site-packages/airflow/example_dags/tutorial.py took 0.066 seconds
[2025-09-16T23:44:55.450+0000] {processor.py:186} INFO - Started process (PID=545) to work on /home/airflow/.local/lib/python3.12/site-packages/airflow/example_dags/tutorial.py
[2025-09-16T23:44:55.450+0000] {processor.py:914} INFO - Processing file /home/airflow/.local/lib/python3.12/site-packages/airflow/example_dags/tutorial.py for tasks to queue
[2025-09-16T23:44:55.452+0000] {logging_mixin.py:190} INFO - [2025-09-16T23:44:55.452+0000] {dagbag.py:588} INFO - Filling up the DagBag from /home/airflow/.local/lib/python3.12/site-packages/airflow/example_dags/tutorial.py
[2025-09-16T23:44:55.458+0000] {processor.py:925} INFO - DAG(s) 'tutorial' retrieved from /home/airflow/.local/lib/python3.12/site-packages/airflow/example_dags/tutorial.py
[2025-09-16T23:44:55.474+0000] {logging_mixin.py:190} INFO - [2025-09-16T23:44:55.474+0000] {dag.py:3239} INFO - Sync 1 DAGs
[2025-09-16T23:44:55.488+0000] {logging_mixin.py:190} INFO - [2025-09-16T23:44:55.488+0000] {dag.py:4180} INFO - Setting next_dagrun for tutorial to 2025-09-15 00:00:00+00:00, run_after=2025-09-16 00:00:00+00:00
[2025-09-16T23:44:55.501+0000] {processor.py:208} INFO - Processing /home/airflow/.local/lib/python3.12/site-packages/airflow/example_dags/tutorial.py took 0.055 seconds
[2025-09-16T23:45:26.041+0000] {processor.py:186} INFO - Started process (PID=608) to work on /home/airflow/.local/lib/python3.12/site-packages/airflow/example_dags/tutorial.py
[2025-09-16T23:45:26.042+0000] {processor.py:914} INFO - Processing file /home/airflow/.local/lib/python3.12/site-packages/airflow/example_dags/tutorial.py for tasks to queue
[2025-09-16T23:45:26.043+0000] {logging_mixin.py:190} INFO - [2025-09-16T23:45:26.043+0000] {dagbag.py:588} INFO - Filling up the DagBag from /home/airflow/.local/lib/python3.12/site-packages/airflow/example_dags/tutorial.py
[2025-09-16T23:45:26.049+0000] {processor.py:925} INFO - DAG(s) 'tutorial' retrieved from /home/airflow/.local/lib/python3.12/site-packages/airflow/example_dags/tutorial.py
[2025-09-16T23:45:26.063+0000] {logging_mixin.py:190} INFO - [2025-09-16T23:45:26.063+0000] {dag.py:3239} INFO - Sync 1 DAGs
[2025-09-16T23:45:26.075+0000] {logging_mixin.py:190} INFO - [2025-09-16T23:45:26.075+0000] {dag.py:4180} INFO - Setting next_dagrun for tutorial to 2025-09-15 00:00:00+00:00, run_after=2025-09-16 00:00:00+00:00
[2025-09-16T23:45:26.085+0000] {processor.py:208} INFO - Processing /home/airflow/.local/lib/python3.12/site-packages/airflow/example_dags/tutorial.py took 0.048 seconds
[2025-09-16T23:45:56.815+0000] {processor.py:186} INFO - Started process (PID=671) to work on /home/airflow/.local/lib/python3.12/site-packages/airflow/example_dags/tutorial.py
[2025-09-16T23:45:56.816+0000] {processor.py:914} INFO - Processing file /home/airflow/.local/lib/python3.12/site-packages/airflow/example_dags/tutorial.py for tasks to queue
[2025-09-16T23:45:56.817+0000] {logging_mixin.py:190} INFO - [2025-09-16T23:45:56.817+0000] {dagbag.py:588} INFO - Filling up the DagBag from /home/airflow/.local/lib/python3.12/site-packages/airflow/example_dags/tutorial.py
[2025-09-16T23:45:56.822+0000] {processor.py:925} INFO - DAG(s) 'tutorial' retrieved from /home/airflow/.local/lib/python3.12/site-packages/airflow/example_dags/tutorial.py
[2025-09-16T23:45:56.835+0000] {logging_mixin.py:190} INFO - [2025-09-16T23:45:56.835+0000] {dag.py:3239} INFO - Sync 1 DAGs
[2025-09-16T23:45:56.849+0000] {logging_mixin.py:190} INFO - [2025-09-16T23:45:56.849+0000] {dag.py:4180} INFO - Setting next_dagrun for tutorial to 2025-09-15 00:00:00+00:00, run_after=2025-09-16 00:00:00+00:00
[2025-09-16T23:45:56.860+0000] {processor.py:208} INFO - Processing /home/airflow/.local/lib/python3.12/site-packages/airflow/example_dags/tutorial.py took 0.048 seconds
[2025-09-16T23:46:27.392+0000] {processor.py:186} INFO - Started process (PID=734) to work on /home/airflow/.local/lib/python3.12/site-packages/airflow/example_dags/tutorial.py
[2025-09-16T23:46:27.395+0000] {processor.py:914} INFO - Processing file /home/airflow/.local/lib/python3.12/site-packages/airflow/example_dags/tutorial.py for tasks to queue
[2025-09-16T23:46:27.397+0000] {logging_mixin.py:190} INFO - [2025-09-16T23:46:27.397+0000] {dagbag.py:588} INFO - Filling up the DagBag from /home/airflow/.local/lib/python3.12/site-packages/airflow/example_dags/tutorial.py
[2025-09-16T23:46:27.403+0000] {processor.py:925} INFO - DAG(s) 'tutorial' retrieved from /home/airflow/.local/lib/python3.12/site-packages/airflow/example_dags/tutorial.py
[2025-09-16T23:46:27.415+0000] {logging_mixin.py:190} INFO - [2025-09-16T23:46:27.415+0000] {dag.py:3239} INFO - Sync 1 DAGs
[2025-09-16T23:46:27.428+0000] {logging_mixin.py:190} INFO - [2025-09-16T23:46:27.428+0000] {dag.py:4180} INFO - Setting next_dagrun for tutorial to 2025-09-15 00:00:00+00:00, run_after=2025-09-16 00:00:00+00:00
[2025-09-16T23:46:27.437+0000] {processor.py:208} INFO - Processing /home/airflow/.local/lib/python3.12/site-packages/airflow/example_dags/tutorial.py took 0.049 seconds
[2025-09-16T23:46:58.104+0000] {processor.py:186} INFO - Started process (PID=797) to work on /home/airflow/.local/lib/python3.12/site-packages/airflow/example_dags/tutorial.py
[2025-09-16T23:46:58.105+0000] {processor.py:914} INFO - Processing file /home/airflow/.local/lib/python3.12/site-packages/airflow/example_dags/tutorial.py for tasks to queue
[2025-09-16T23:46:58.106+0000] {logging_mixin.py:190} INFO - [2025-09-16T23:46:58.106+0000] {dagbag.py:588} INFO - Filling up the DagBag from /home/airflow/.local/lib/python3.12/site-packages/airflow/example_dags/tutorial.py
[2025-09-16T23:46:58.112+0000] {processor.py:925} INFO - DAG(s) 'tutorial' retrieved from /home/airflow/.local/lib/python3.12/site-packages/airflow/example_dags/tutorial.py
[2025-09-16T23:46:58.124+0000] {logging_mixin.py:190} INFO - [2025-09-16T23:46:58.124+0000] {dag.py:3239} INFO - Sync 1 DAGs
[2025-09-16T23:46:58.136+0000] {logging_mixin.py:190} INFO - [2025-09-16T23:46:58.136+0000] {dag.py:4180} INFO - Setting next_dagrun for tutorial to 2025-09-15 00:00:00+00:00, run_after=2025-09-16 00:00:00+00:00
[2025-09-16T23:46:58.145+0000] {processor.py:208} INFO - Processing /home/airflow/.local/lib/python3.12/site-packages/airflow/example_dags/tutorial.py took 0.046 seconds
[2025-09-16T23:47:28.739+0000] {processor.py:186} INFO - Started process (PID=860) to work on /home/airflow/.local/lib/python3.12/site-packages/airflow/example_dags/tutorial.py
[2025-09-16T23:47:28.739+0000] {processor.py:914} INFO - Processing file /home/airflow/.local/lib/python3.12/site-packages/airflow/example_dags/tutorial.py for tasks to queue
[2025-09-16T23:47:28.741+0000] {logging_mixin.py:190} INFO - [2025-09-16T23:47:28.740+0000] {dagbag.py:588} INFO - Filling up the DagBag from /home/airflow/.local/lib/python3.12/site-packages/airflow/example_dags/tutorial.py
[2025-09-16T23:47:28.745+0000] {processor.py:925} INFO - DAG(s) 'tutorial' retrieved from /home/airflow/.local/lib/python3.12/site-packages/airflow/example_dags/tutorial.py
[2025-09-16T23:47:28.755+0000] {logging_mixin.py:190} INFO - [2025-09-16T23:47:28.755+0000] {dag.py:3239} INFO - Sync 1 DAGs
[2025-09-16T23:47:28.766+0000] {logging_mixin.py:190} INFO - [2025-09-16T23:47:28.766+0000] {dag.py:4180} INFO - Setting next_dagrun for tutorial to 2025-09-15 00:00:00+00:00, run_after=2025-09-16 00:00:00+00:00
[2025-09-16T23:47:28.774+0000] {processor.py:208} INFO - Processing /home/airflow/.local/lib/python3.12/site-packages/airflow/example_dags/tutorial.py took 0.039 seconds
[2025-09-16T23:47:59.506+0000] {processor.py:186} INFO - Started process (PID=923) to work on /home/airflow/.local/lib/python3.12/site-packages/airflow/example_dags/tutorial.py
[2025-09-16T23:47:59.509+0000] {processor.py:914} INFO - Processing file /home/airflow/.local/lib/python3.12/site-packages/airflow/example_dags/tutorial.py for tasks to queue
[2025-09-16T23:47:59.511+0000] {logging_mixin.py:190} INFO - [2025-09-16T23:47:59.511+0000] {dagbag.py:588} INFO - Filling up the DagBag from /home/airflow/.local/lib/python3.12/site-packages/airflow/example_dags/tutorial.py
[2025-09-16T23:47:59.516+0000] {processor.py:925} INFO - DAG(s) 'tutorial' retrieved from /home/airflow/.local/lib/python3.12/site-packages/airflow/example_dags/tutorial.py
[2025-09-16T23:47:59.531+0000] {logging_mixin.py:190} INFO - [2025-09-16T23:47:59.530+0000] {dag.py:3239} INFO - Sync 1 DAGs
[2025-09-16T23:47:59.545+0000] {logging_mixin.py:190} INFO - [2025-09-16T23:47:59.544+0000] {dag.py:4180} INFO - Setting next_dagrun for tutorial to 2025-09-15 00:00:00+00:00, run_after=2025-09-16 00:00:00+00:00
[2025-09-16T23:47:59.556+0000] {processor.py:208} INFO - Processing /home/airflow/.local/lib/python3.12/site-packages/airflow/example_dags/tutorial.py took 0.053 seconds
[2025-09-16T23:48:30.487+0000] {processor.py:186} INFO - Started process (PID=986) to work on /home/airflow/.local/lib/python3.12/site-packages/airflow/example_dags/tutorial.py
[2025-09-16T23:48:30.488+0000] {processor.py:914} INFO - Processing file /home/airflow/.local/lib/python3.12/site-packages/airflow/example_dags/tutorial.py for tasks to queue
[2025-09-16T23:48:30.489+0000] {logging_mixin.py:190} INFO - [2025-09-16T23:48:30.489+0000] {dagbag.py:588} INFO - Filling up the DagBag from /home/airflow/.local/lib/python3.12/site-packages/airflow/example_dags/tutorial.py
[2025-09-16T23:48:30.494+0000] {processor.py:925} INFO - DAG(s) 'tutorial' retrieved from /home/airflow/.local/lib/python3.12/site-packages/airflow/example_dags/tutorial.py
[2025-09-16T23:48:30.504+0000] {logging_mixin.py:190} INFO - [2025-09-16T23:48:30.504+0000] {dag.py:3239} INFO - Sync 1 DAGs
[2025-09-16T23:48:30.515+0000] {logging_mixin.py:190} INFO - [2025-09-16T23:48:30.515+0000] {dag.py:4180} INFO - Setting next_dagrun for tutorial to 2025-09-15 00:00:00+00:00, run_after=2025-09-16 00:00:00+00:00
[2025-09-16T23:48:30.523+0000] {processor.py:208} INFO - Processing /home/airflow/.local/lib/python3.12/site-packages/airflow/example_dags/tutorial.py took 0.040 seconds
[2025-09-16T23:49:01.215+0000] {processor.py:186} INFO - Started process (PID=1049) to work on /home/airflow/.local/lib/python3.12/site-packages/airflow/example_dags/tutorial.py
[2025-09-16T23:49:01.216+0000] {processor.py:914} INFO - Processing file /home/airflow/.local/lib/python3.12/site-packages/airflow/example_dags/tutorial.py for tasks to queue
[2025-09-16T23:49:01.217+0000] {logging_mixin.py:190} INFO - [2025-09-16T23:49:01.217+0000] {dagbag.py:588} INFO - Filling up the DagBag from /home/airflow/.local/lib/python3.12/site-packages/airflow/example_dags/tutorial.py
[2025-09-16T23:49:01.223+0000] {processor.py:925} INFO - DAG(s) 'tutorial' retrieved from /home/airflow/.local/lib/python3.12/site-packages/airflow/example_dags/tutorial.py
[2025-09-16T23:49:01.234+0000] {logging_mixin.py:190} INFO - [2025-09-16T23:49:01.234+0000] {dag.py:3239} INFO - Sync 1 DAGs
[2025-09-16T23:49:01.247+0000] {logging_mixin.py:190} INFO - [2025-09-16T23:49:01.247+0000] {dag.py:4180} INFO - Setting next_dagrun for tutorial to 2025-09-15 00:00:00+00:00, run_after=2025-09-16 00:00:00+00:00
[2025-09-16T23:49:01.256+0000] {processor.py:208} INFO - Processing /home/airflow/.local/lib/python3.12/site-packages/airflow/example_dags/tutorial.py took 0.044 seconds
[2025-09-16T23:49:31.949+0000] {processor.py:186} INFO - Started process (PID=1112) to work on /home/airflow/.local/lib/python3.12/site-packages/airflow/example_dags/tutorial.py
[2025-09-16T23:49:31.950+0000] {processor.py:914} INFO - Processing file /home/airflow/.local/lib/python3.12/site-packages/airflow/example_dags/tutorial.py for tasks to queue
[2025-09-16T23:49:31.951+0000] {logging_mixin.py:190} INFO - [2025-09-16T23:49:31.951+0000] {dagbag.py:588} INFO - Filling up the DagBag from /home/airflow/.local/lib/python3.12/site-packages/airflow/example_dags/tutorial.py
[2025-09-16T23:49:31.956+0000] {processor.py:925} INFO - DAG(s) 'tutorial' retrieved from /home/airflow/.local/lib/python3.12/site-packages/airflow/example_dags/tutorial.py
[2025-09-16T23:49:31.970+0000] {logging_mixin.py:190} INFO - [2025-09-16T23:49:31.969+0000] {dag.py:3239} INFO - Sync 1 DAGs
[2025-09-16T23:49:31.980+0000] {logging_mixin.py:190} INFO - [2025-09-16T23:49:31.980+0000] {dag.py:4180} INFO - Setting next_dagrun for tutorial to 2025-09-15 00:00:00+00:00, run_after=2025-09-16 00:00:00+00:00
[2025-09-16T23:49:31.989+0000] {processor.py:208} INFO - Processing /home/airflow/.local/lib/python3.12/site-packages/airflow/example_dags/tutorial.py took 0.044 seconds
[2025-09-16T23:50:02.522+0000] {processor.py:186} INFO - Started process (PID=1175) to work on /home/airflow/.local/lib/python3.12/site-packages/airflow/example_dags/tutorial.py
[2025-09-16T23:50:02.523+0000] {processor.py:914} INFO - Processing file /home/airflow/.local/lib/python3.12/site-packages/airflow/example_dags/tutorial.py for tasks to queue
[2025-09-16T23:50:02.524+0000] {logging_mixin.py:190} INFO - [2025-09-16T23:50:02.524+0000] {dagbag.py:588} INFO - Filling up the DagBag from /home/airflow/.local/lib/python3.12/site-packages/airflow/example_dags/tutorial.py
[2025-09-16T23:50:02.529+0000] {processor.py:925} INFO - DAG(s) 'tutorial' retrieved from /home/airflow/.local/lib/python3.12/site-packages/airflow/example_dags/tutorial.py
[2025-09-16T23:50:02.541+0000] {logging_mixin.py:190} INFO - [2025-09-16T23:50:02.541+0000] {dag.py:3239} INFO - Sync 1 DAGs
[2025-09-16T23:50:02.553+0000] {logging_mixin.py:190} INFO - [2025-09-16T23:50:02.552+0000] {dag.py:4180} INFO - Setting next_dagrun for tutorial to 2025-09-15 00:00:00+00:00, run_after=2025-09-16 00:00:00+00:00
[2025-09-16T23:50:02.561+0000] {processor.py:208} INFO - Processing /home/airflow/.local/lib/python3.12/site-packages/airflow/example_dags/tutorial.py took 0.043 seconds
[2025-09-16T23:50:32.663+0000] {processor.py:186} INFO - Started process (PID=1238) to work on /home/airflow/.local/lib/python3.12/site-packages/airflow/example_dags/tutorial.py
[2025-09-16T23:50:32.664+0000] {processor.py:914} INFO - Processing file /home/airflow/.local/lib/python3.12/site-packages/airflow/example_dags/tutorial.py for tasks to queue
[2025-09-16T23:50:32.666+0000] {logging_mixin.py:190} INFO - [2025-09-16T23:50:32.666+0000] {dagbag.py:588} INFO - Filling up the DagBag from /home/airflow/.local/lib/python3.12/site-packages/airflow/example_dags/tutorial.py
[2025-09-16T23:50:32.671+0000] {processor.py:925} INFO - DAG(s) 'tutorial' retrieved from /home/airflow/.local/lib/python3.12/site-packages/airflow/example_dags/tutorial.py
[2025-09-16T23:50:32.681+0000] {logging_mixin.py:190} INFO - [2025-09-16T23:50:32.681+0000] {dag.py:3239} INFO - Sync 1 DAGs
[2025-09-16T23:50:32.695+0000] {logging_mixin.py:190} INFO - [2025-09-16T23:50:32.695+0000] {dag.py:4180} INFO - Setting next_dagrun for tutorial to 2025-09-15 00:00:00+00:00, run_after=2025-09-16 00:00:00+00:00
[2025-09-16T23:50:32.706+0000] {processor.py:208} INFO - Processing /home/airflow/.local/lib/python3.12/site-packages/airflow/example_dags/tutorial.py took 0.046 seconds
[2025-09-16T23:51:03.869+0000] {processor.py:186} INFO - Started process (PID=1301) to work on /home/airflow/.local/lib/python3.12/site-packages/airflow/example_dags/tutorial.py
[2025-09-16T23:51:03.869+0000] {processor.py:914} INFO - Processing file /home/airflow/.local/lib/python3.12/site-packages/airflow/example_dags/tutorial.py for tasks to queue
[2025-09-16T23:51:03.871+0000] {logging_mixin.py:190} INFO - [2025-09-16T23:51:03.870+0000] {dagbag.py:588} INFO - Filling up the DagBag from /home/airflow/.local/lib/python3.12/site-packages/airflow/example_dags/tutorial.py
[2025-09-16T23:51:03.875+0000] {processor.py:925} INFO - DAG(s) 'tutorial' retrieved from /home/airflow/.local/lib/python3.12/site-packages/airflow/example_dags/tutorial.py
[2025-09-16T23:51:03.887+0000] {logging_mixin.py:190} INFO - [2025-09-16T23:51:03.887+0000] {dag.py:3239} INFO - Sync 1 DAGs
[2025-09-16T23:51:03.898+0000] {logging_mixin.py:190} INFO - [2025-09-16T23:51:03.898+0000] {dag.py:4180} INFO - Setting next_dagrun for tutorial to 2025-09-15 00:00:00+00:00, run_after=2025-09-16 00:00:00+00:00
[2025-09-16T23:51:03.907+0000] {processor.py:208} INFO - Processing /home/airflow/.local/lib/python3.12/site-packages/airflow/example_dags/tutorial.py took 0.042 seconds
[2025-09-16T23:51:35.290+0000] {processor.py:186} INFO - Started process (PID=1364) to work on /home/airflow/.local/lib/python3.12/site-packages/airflow/example_dags/tutorial.py
[2025-09-16T23:51:35.291+0000] {processor.py:914} INFO - Processing file /home/airflow/.local/lib/python3.12/site-packages/airflow/example_dags/tutorial.py for tasks to queue
[2025-09-16T23:51:35.292+0000] {logging_mixin.py:190} INFO - [2025-09-16T23:51:35.292+0000] {dagbag.py:588} INFO - Filling up the DagBag from /home/airflow/.local/lib/python3.12/site-packages/airflow/example_dags/tutorial.py
[2025-09-16T23:51:35.296+0000] {processor.py:925} INFO - DAG(s) 'tutorial' retrieved from /home/airflow/.local/lib/python3.12/site-packages/airflow/example_dags/tutorial.py
[2025-09-16T23:51:35.306+0000] {logging_mixin.py:190} INFO - [2025-09-16T23:51:35.306+0000] {dag.py:3239} INFO - Sync 1 DAGs
[2025-09-16T23:51:35.317+0000] {logging_mixin.py:190} INFO - [2025-09-16T23:51:35.317+0000] {dag.py:4180} INFO - Setting next_dagrun for tutorial to 2025-09-15 00:00:00+00:00, run_after=2025-09-16 00:00:00+00:00
[2025-09-16T23:51:35.325+0000] {processor.py:208} INFO - Processing /home/airflow/.local/lib/python3.12/site-packages/airflow/example_dags/tutorial.py took 0.038 seconds
[2025-09-16T23:52:06.744+0000] {processor.py:186} INFO - Started process (PID=1427) to work on /home/airflow/.local/lib/python3.12/site-packages/airflow/example_dags/tutorial.py
[2025-09-16T23:52:06.745+0000] {processor.py:914} INFO - Processing file /home/airflow/.local/lib/python3.12/site-packages/airflow/example_dags/tutorial.py for tasks to queue
[2025-09-16T23:52:06.746+0000] {logging_mixin.py:190} INFO - [2025-09-16T23:52:06.746+0000] {dagbag.py:588} INFO - Filling up the DagBag from /home/airflow/.local/lib/python3.12/site-packages/airflow/example_dags/tutorial.py
[2025-09-16T23:52:06.751+0000] {processor.py:925} INFO - DAG(s) 'tutorial' retrieved from /home/airflow/.local/lib/python3.12/site-packages/airflow/example_dags/tutorial.py
[2025-09-16T23:52:06.762+0000] {logging_mixin.py:190} INFO - [2025-09-16T23:52:06.762+0000] {dag.py:3239} INFO - Sync 1 DAGs
[2025-09-16T23:52:06.774+0000] {logging_mixin.py:190} INFO - [2025-09-16T23:52:06.774+0000] {dag.py:4180} INFO - Setting next_dagrun for tutorial to 2025-09-15 00:00:00+00:00, run_after=2025-09-16 00:00:00+00:00
[2025-09-16T23:52:06.782+0000] {processor.py:208} INFO - Processing /home/airflow/.local/lib/python3.12/site-packages/airflow/example_dags/tutorial.py took 0.041 seconds
[2025-09-16T23:52:38.276+0000] {processor.py:186} INFO - Started process (PID=1490) to work on /home/airflow/.local/lib/python3.12/site-packages/airflow/example_dags/tutorial.py
[2025-09-16T23:52:38.276+0000] {processor.py:914} INFO - Processing file /home/airflow/.local/lib/python3.12/site-packages/airflow/example_dags/tutorial.py for tasks to queue
[2025-09-16T23:52:38.277+0000] {logging_mixin.py:190} INFO - [2025-09-16T23:52:38.277+0000] {dagbag.py:588} INFO - Filling up the DagBag from /home/airflow/.local/lib/python3.12/site-packages/airflow/example_dags/tutorial.py
[2025-09-16T23:52:38.282+0000] {processor.py:925} INFO - DAG(s) 'tutorial' retrieved from /home/airflow/.local/lib/python3.12/site-packages/airflow/example_dags/tutorial.py
[2025-09-16T23:52:38.292+0000] {logging_mixin.py:190} INFO - [2025-09-16T23:52:38.292+0000] {dag.py:3239} INFO - Sync 1 DAGs
[2025-09-16T23:52:38.303+0000] {logging_mixin.py:190} INFO - [2025-09-16T23:52:38.303+0000] {dag.py:4180} INFO - Setting next_dagrun for tutorial to 2025-09-15 00:00:00+00:00, run_after=2025-09-16 00:00:00+00:00
[2025-09-16T23:52:38.311+0000] {processor.py:208} INFO - Processing /home/airflow/.local/lib/python3.12/site-packages/airflow/example_dags/tutorial.py took 0.039 seconds
[2025-09-16T23:53:09.623+0000] {processor.py:186} INFO - Started process (PID=1553) to work on /home/airflow/.local/lib/python3.12/site-packages/airflow/example_dags/tutorial.py
[2025-09-16T23:53:09.624+0000] {processor.py:914} INFO - Processing file /home/airflow/.local/lib/python3.12/site-packages/airflow/example_dags/tutorial.py for tasks to queue
[2025-09-16T23:53:09.625+0000] {logging_mixin.py:190} INFO - [2025-09-16T23:53:09.625+0000] {dagbag.py:588} INFO - Filling up the DagBag from /home/airflow/.local/lib/python3.12/site-packages/airflow/example_dags/tutorial.py
[2025-09-16T23:53:09.629+0000] {processor.py:925} INFO - DAG(s) 'tutorial' retrieved from /home/airflow/.local/lib/python3.12/site-packages/airflow/example_dags/tutorial.py
[2025-09-16T23:53:09.639+0000] {logging_mixin.py:190} INFO - [2025-09-16T23:53:09.639+0000] {dag.py:3239} INFO - Sync 1 DAGs
[2025-09-16T23:53:09.650+0000] {logging_mixin.py:190} INFO - [2025-09-16T23:53:09.650+0000] {dag.py:4180} INFO - Setting next_dagrun for tutorial to 2025-09-15 00:00:00+00:00, run_after=2025-09-16 00:00:00+00:00
[2025-09-16T23:53:09.661+0000] {processor.py:208} INFO - Processing /home/airflow/.local/lib/python3.12/site-packages/airflow/example_dags/tutorial.py took 0.042 seconds
[2025-09-16T23:53:40.930+0000] {processor.py:186} INFO - Started process (PID=1616) to work on /home/airflow/.local/lib/python3.12/site-packages/airflow/example_dags/tutorial.py
[2025-09-16T23:53:40.930+0000] {processor.py:914} INFO - Processing file /home/airflow/.local/lib/python3.12/site-packages/airflow/example_dags/tutorial.py for tasks to queue
[2025-09-16T23:53:40.932+0000] {logging_mixin.py:190} INFO - [2025-09-16T23:53:40.931+0000] {dagbag.py:588} INFO - Filling up the DagBag from /home/airflow/.local/lib/python3.12/site-packages/airflow/example_dags/tutorial.py
[2025-09-16T23:53:40.936+0000] {processor.py:925} INFO - DAG(s) 'tutorial' retrieved from /home/airflow/.local/lib/python3.12/site-packages/airflow/example_dags/tutorial.py
[2025-09-16T23:53:40.947+0000] {logging_mixin.py:190} INFO - [2025-09-16T23:53:40.947+0000] {dag.py:3239} INFO - Sync 1 DAGs
[2025-09-16T23:53:40.959+0000] {logging_mixin.py:190} INFO - [2025-09-16T23:53:40.959+0000] {dag.py:4180} INFO - Setting next_dagrun for tutorial to 2025-09-15 00:00:00+00:00, run_after=2025-09-16 00:00:00+00:00
[2025-09-16T23:53:40.968+0000] {processor.py:208} INFO - Processing /home/airflow/.local/lib/python3.12/site-packages/airflow/example_dags/tutorial.py took 0.042 seconds
[2025-09-16T23:54:12.584+0000] {processor.py:186} INFO - Started process (PID=1679) to work on /home/airflow/.local/lib/python3.12/site-packages/airflow/example_dags/tutorial.py
[2025-09-16T23:54:12.584+0000] {processor.py:914} INFO - Processing file /home/airflow/.local/lib/python3.12/site-packages/airflow/example_dags/tutorial.py for tasks to queue
[2025-09-16T23:54:12.586+0000] {logging_mixin.py:190} INFO - [2025-09-16T23:54:12.585+0000] {dagbag.py:588} INFO - Filling up the DagBag from /home/airflow/.local/lib/python3.12/site-packages/airflow/example_dags/tutorial.py
[2025-09-16T23:54:12.591+0000] {processor.py:925} INFO - DAG(s) 'tutorial' retrieved from /home/airflow/.local/lib/python3.12/site-packages/airflow/example_dags/tutorial.py
[2025-09-16T23:54:12.602+0000] {logging_mixin.py:190} INFO - [2025-09-16T23:54:12.602+0000] {dag.py:3239} INFO - Sync 1 DAGs
[2025-09-16T23:54:12.613+0000] {logging_mixin.py:190} INFO - [2025-09-16T23:54:12.613+0000] {dag.py:4180} INFO - Setting next_dagrun for tutorial to 2025-09-15 00:00:00+00:00, run_after=2025-09-16 00:00:00+00:00
[2025-09-16T23:54:12.622+0000] {processor.py:208} INFO - Processing /home/airflow/.local/lib/python3.12/site-packages/airflow/example_dags/tutorial.py took 0.041 seconds
[2025-09-16T23:54:44.699+0000] {processor.py:186} INFO - Started process (PID=1742) to work on /home/airflow/.local/lib/python3.12/site-packages/airflow/example_dags/tutorial.py
[2025-09-16T23:54:44.701+0000] {processor.py:914} INFO - Processing file /home/airflow/.local/lib/python3.12/site-packages/airflow/example_dags/tutorial.py for tasks to queue
[2025-09-16T23:54:44.709+0000] {logging_mixin.py:190} INFO - [2025-09-16T23:54:44.707+0000] {dagbag.py:588} INFO - Filling up the DagBag from /home/airflow/.local/lib/python3.12/site-packages/airflow/example_dags/tutorial.py
[2025-09-16T23:54:44.724+0000] {processor.py:925} INFO - DAG(s) 'tutorial' retrieved from /home/airflow/.local/lib/python3.12/site-packages/airflow/example_dags/tutorial.py
[2025-09-16T23:54:44.757+0000] {logging_mixin.py:190} INFO - [2025-09-16T23:54:44.757+0000] {dag.py:3239} INFO - Sync 1 DAGs
[2025-09-16T23:54:44.780+0000] {logging_mixin.py:190} INFO - [2025-09-16T23:54:44.780+0000] {dag.py:4180} INFO - Setting next_dagrun for tutorial to 2025-09-15 00:00:00+00:00, run_after=2025-09-16 00:00:00+00:00
[2025-09-16T23:54:44.794+0000] {processor.py:208} INFO - Processing /home/airflow/.local/lib/python3.12/site-packages/airflow/example_dags/tutorial.py took 0.103 seconds
[2025-09-16T23:55:15.584+0000] {processor.py:186} INFO - Started process (PID=1805) to work on /home/airflow/.local/lib/python3.12/site-packages/airflow/example_dags/tutorial.py
[2025-09-16T23:55:15.585+0000] {processor.py:914} INFO - Processing file /home/airflow/.local/lib/python3.12/site-packages/airflow/example_dags/tutorial.py for tasks to queue
[2025-09-16T23:55:15.586+0000] {logging_mixin.py:190} INFO - [2025-09-16T23:55:15.586+0000] {dagbag.py:588} INFO - Filling up the DagBag from /home/airflow/.local/lib/python3.12/site-packages/airflow/example_dags/tutorial.py
[2025-09-16T23:55:15.590+0000] {processor.py:925} INFO - DAG(s) 'tutorial' retrieved from /home/airflow/.local/lib/python3.12/site-packages/airflow/example_dags/tutorial.py
[2025-09-16T23:55:15.603+0000] {logging_mixin.py:190} INFO - [2025-09-16T23:55:15.603+0000] {dag.py:3239} INFO - Sync 1 DAGs
[2025-09-16T23:55:15.614+0000] {logging_mixin.py:190} INFO - [2025-09-16T23:55:15.614+0000] {dag.py:4180} INFO - Setting next_dagrun for tutorial to 2025-09-15 00:00:00+00:00, run_after=2025-09-16 00:00:00+00:00
[2025-09-16T23:55:15.623+0000] {processor.py:208} INFO - Processing /home/airflow/.local/lib/python3.12/site-packages/airflow/example_dags/tutorial.py took 0.041 seconds
[2025-09-16T23:55:46.764+0000] {processor.py:186} INFO - Started process (PID=1868) to work on /home/airflow/.local/lib/python3.12/site-packages/airflow/example_dags/tutorial.py
[2025-09-16T23:55:46.766+0000] {processor.py:914} INFO - Processing file /home/airflow/.local/lib/python3.12/site-packages/airflow/example_dags/tutorial.py for tasks to queue
[2025-09-16T23:55:46.768+0000] {logging_mixin.py:190} INFO - [2025-09-16T23:55:46.767+0000] {dagbag.py:588} INFO - Filling up the DagBag from /home/airflow/.local/lib/python3.12/site-packages/airflow/example_dags/tutorial.py
[2025-09-16T23:55:46.772+0000] {processor.py:925} INFO - DAG(s) 'tutorial' retrieved from /home/airflow/.local/lib/python3.12/site-packages/airflow/example_dags/tutorial.py
[2025-09-16T23:55:46.783+0000] {logging_mixin.py:190} INFO - [2025-09-16T23:55:46.783+0000] {dag.py:3239} INFO - Sync 1 DAGs
[2025-09-16T23:55:46.794+0000] {logging_mixin.py:190} INFO - [2025-09-16T23:55:46.794+0000] {dag.py:4180} INFO - Setting next_dagrun for tutorial to 2025-09-15 00:00:00+00:00, run_after=2025-09-16 00:00:00+00:00
[2025-09-16T23:55:46.803+0000] {processor.py:208} INFO - Processing /home/airflow/.local/lib/python3.12/site-packages/airflow/example_dags/tutorial.py took 0.042 seconds
[2025-09-16T23:56:18.003+0000] {processor.py:186} INFO - Started process (PID=1931) to work on /home/airflow/.local/lib/python3.12/site-packages/airflow/example_dags/tutorial.py
[2025-09-16T23:56:18.004+0000] {processor.py:914} INFO - Processing file /home/airflow/.local/lib/python3.12/site-packages/airflow/example_dags/tutorial.py for tasks to queue
[2025-09-16T23:56:18.005+0000] {logging_mixin.py:190} INFO - [2025-09-16T23:56:18.005+0000] {dagbag.py:588} INFO - Filling up the DagBag from /home/airflow/.local/lib/python3.12/site-packages/airflow/example_dags/tutorial.py
[2025-09-16T23:56:18.010+0000] {processor.py:925} INFO - DAG(s) 'tutorial' retrieved from /home/airflow/.local/lib/python3.12/site-packages/airflow/example_dags/tutorial.py
[2025-09-16T23:56:18.022+0000] {logging_mixin.py:190} INFO - [2025-09-16T23:56:18.022+0000] {dag.py:3239} INFO - Sync 1 DAGs
[2025-09-16T23:56:18.033+0000] {logging_mixin.py:190} INFO - [2025-09-16T23:56:18.033+0000] {dag.py:4180} INFO - Setting next_dagrun for tutorial to 2025-09-15 00:00:00+00:00, run_after=2025-09-16 00:00:00+00:00
[2025-09-16T23:56:18.041+0000] {processor.py:208} INFO - Processing /home/airflow/.local/lib/python3.12/site-packages/airflow/example_dags/tutorial.py took 0.042 seconds
[2025-09-16T23:56:49.099+0000] {processor.py:186} INFO - Started process (PID=1993) to work on /home/airflow/.local/lib/python3.12/site-packages/airflow/example_dags/tutorial.py
[2025-09-16T23:56:49.100+0000] {processor.py:914} INFO - Processing file /home/airflow/.local/lib/python3.12/site-packages/airflow/example_dags/tutorial.py for tasks to queue
[2025-09-16T23:56:49.101+0000] {logging_mixin.py:190} INFO - [2025-09-16T23:56:49.101+0000] {dagbag.py:588} INFO - Filling up the DagBag from /home/airflow/.local/lib/python3.12/site-packages/airflow/example_dags/tutorial.py
[2025-09-16T23:56:49.106+0000] {processor.py:925} INFO - DAG(s) 'tutorial' retrieved from /home/airflow/.local/lib/python3.12/site-packages/airflow/example_dags/tutorial.py
[2025-09-16T23:56:49.116+0000] {logging_mixin.py:190} INFO - [2025-09-16T23:56:49.116+0000] {dag.py:3239} INFO - Sync 1 DAGs
[2025-09-16T23:56:49.128+0000] {logging_mixin.py:190} INFO - [2025-09-16T23:56:49.128+0000] {dag.py:4180} INFO - Setting next_dagrun for tutorial to 2025-09-15 00:00:00+00:00, run_after=2025-09-16 00:00:00+00:00
[2025-09-16T23:56:49.141+0000] {processor.py:208} INFO - Processing /home/airflow/.local/lib/python3.12/site-packages/airflow/example_dags/tutorial.py took 0.045 seconds
[2025-09-16T23:57:20.195+0000] {processor.py:186} INFO - Started process (PID=2056) to work on /home/airflow/.local/lib/python3.12/site-packages/airflow/example_dags/tutorial.py
[2025-09-16T23:57:20.197+0000] {processor.py:914} INFO - Processing file /home/airflow/.local/lib/python3.12/site-packages/airflow/example_dags/tutorial.py for tasks to queue
[2025-09-16T23:57:20.198+0000] {logging_mixin.py:190} INFO - [2025-09-16T23:57:20.198+0000] {dagbag.py:588} INFO - Filling up the DagBag from /home/airflow/.local/lib/python3.12/site-packages/airflow/example_dags/tutorial.py
[2025-09-16T23:57:20.203+0000] {processor.py:925} INFO - DAG(s) 'tutorial' retrieved from /home/airflow/.local/lib/python3.12/site-packages/airflow/example_dags/tutorial.py
[2025-09-16T23:57:20.214+0000] {logging_mixin.py:190} INFO - [2025-09-16T23:57:20.214+0000] {dag.py:3239} INFO - Sync 1 DAGs
[2025-09-16T23:57:20.225+0000] {logging_mixin.py:190} INFO - [2025-09-16T23:57:20.225+0000] {dag.py:4180} INFO - Setting next_dagrun for tutorial to 2025-09-15 00:00:00+00:00, run_after=2025-09-16 00:00:00+00:00
[2025-09-16T23:57:20.239+0000] {processor.py:208} INFO - Processing /home/airflow/.local/lib/python3.12/site-packages/airflow/example_dags/tutorial.py took 0.047 seconds
[2025-09-16T23:57:51.332+0000] {processor.py:186} INFO - Started process (PID=2119) to work on /home/airflow/.local/lib/python3.12/site-packages/airflow/example_dags/tutorial.py
[2025-09-16T23:57:51.333+0000] {processor.py:914} INFO - Processing file /home/airflow/.local/lib/python3.12/site-packages/airflow/example_dags/tutorial.py for tasks to queue
[2025-09-16T23:57:51.334+0000] {logging_mixin.py:190} INFO - [2025-09-16T23:57:51.334+0000] {dagbag.py:588} INFO - Filling up the DagBag from /home/airflow/.local/lib/python3.12/site-packages/airflow/example_dags/tutorial.py
[2025-09-16T23:57:51.338+0000] {processor.py:925} INFO - DAG(s) 'tutorial' retrieved from /home/airflow/.local/lib/python3.12/site-packages/airflow/example_dags/tutorial.py
[2025-09-16T23:57:51.348+0000] {logging_mixin.py:190} INFO - [2025-09-16T23:57:51.348+0000] {dag.py:3239} INFO - Sync 1 DAGs
[2025-09-16T23:57:51.358+0000] {logging_mixin.py:190} INFO - [2025-09-16T23:57:51.358+0000] {dag.py:4180} INFO - Setting next_dagrun for tutorial to 2025-09-15 00:00:00+00:00, run_after=2025-09-16 00:00:00+00:00
[2025-09-16T23:57:51.369+0000] {processor.py:208} INFO - Processing /home/airflow/.local/lib/python3.12/site-packages/airflow/example_dags/tutorial.py took 0.041 seconds
[2025-09-16T23:58:22.438+0000] {processor.py:186} INFO - Started process (PID=2182) to work on /home/airflow/.local/lib/python3.12/site-packages/airflow/example_dags/tutorial.py
[2025-09-16T23:58:22.441+0000] {processor.py:914} INFO - Processing file /home/airflow/.local/lib/python3.12/site-packages/airflow/example_dags/tutorial.py for tasks to queue
[2025-09-16T23:58:22.443+0000] {logging_mixin.py:190} INFO - [2025-09-16T23:58:22.443+0000] {dagbag.py:588} INFO - Filling up the DagBag from /home/airflow/.local/lib/python3.12/site-packages/airflow/example_dags/tutorial.py
[2025-09-16T23:58:22.448+0000] {processor.py:925} INFO - DAG(s) 'tutorial' retrieved from /home/airflow/.local/lib/python3.12/site-packages/airflow/example_dags/tutorial.py
[2025-09-16T23:58:22.458+0000] {logging_mixin.py:190} INFO - [2025-09-16T23:58:22.458+0000] {dag.py:3239} INFO - Sync 1 DAGs
[2025-09-16T23:58:22.469+0000] {logging_mixin.py:190} INFO - [2025-09-16T23:58:22.469+0000] {dag.py:4180} INFO - Setting next_dagrun for tutorial to 2025-09-15 00:00:00+00:00, run_after=2025-09-16 00:00:00+00:00
[2025-09-16T23:58:22.478+0000] {processor.py:208} INFO - Processing /home/airflow/.local/lib/python3.12/site-packages/airflow/example_dags/tutorial.py took 0.043 seconds
[2025-09-16T23:58:53.510+0000] {processor.py:186} INFO - Started process (PID=2252) to work on /home/airflow/.local/lib/python3.12/site-packages/airflow/example_dags/tutorial.py
[2025-09-16T23:58:53.511+0000] {processor.py:914} INFO - Processing file /home/airflow/.local/lib/python3.12/site-packages/airflow/example_dags/tutorial.py for tasks to queue
[2025-09-16T23:58:53.513+0000] {logging_mixin.py:190} INFO - [2025-09-16T23:58:53.513+0000] {dagbag.py:588} INFO - Filling up the DagBag from /home/airflow/.local/lib/python3.12/site-packages/airflow/example_dags/tutorial.py
[2025-09-16T23:58:53.517+0000] {processor.py:925} INFO - DAG(s) 'tutorial' retrieved from /home/airflow/.local/lib/python3.12/site-packages/airflow/example_dags/tutorial.py
[2025-09-16T23:58:53.528+0000] {logging_mixin.py:190} INFO - [2025-09-16T23:58:53.528+0000] {dag.py:3239} INFO - Sync 1 DAGs
[2025-09-16T23:58:53.540+0000] {logging_mixin.py:190} INFO - [2025-09-16T23:58:53.540+0000] {dag.py:4180} INFO - Setting next_dagrun for tutorial to 2025-09-15 00:00:00+00:00, run_after=2025-09-16 00:00:00+00:00
[2025-09-16T23:58:53.551+0000] {processor.py:208} INFO - Processing /home/airflow/.local/lib/python3.12/site-packages/airflow/example_dags/tutorial.py took 0.044 seconds
[2025-09-16T23:59:24.565+0000] {processor.py:186} INFO - Started process (PID=2315) to work on /home/airflow/.local/lib/python3.12/site-packages/airflow/example_dags/tutorial.py
[2025-09-16T23:59:24.566+0000] {processor.py:914} INFO - Processing file /home/airflow/.local/lib/python3.12/site-packages/airflow/example_dags/tutorial.py for tasks to queue
[2025-09-16T23:59:24.567+0000] {logging_mixin.py:190} INFO - [2025-09-16T23:59:24.567+0000] {dagbag.py:588} INFO - Filling up the DagBag from /home/airflow/.local/lib/python3.12/site-packages/airflow/example_dags/tutorial.py
[2025-09-16T23:59:24.571+0000] {processor.py:925} INFO - DAG(s) 'tutorial' retrieved from /home/airflow/.local/lib/python3.12/site-packages/airflow/example_dags/tutorial.py
[2025-09-16T23:59:24.581+0000] {logging_mixin.py:190} INFO - [2025-09-16T23:59:24.581+0000] {dag.py:3239} INFO - Sync 1 DAGs
[2025-09-16T23:59:24.592+0000] {logging_mixin.py:190} INFO - [2025-09-16T23:59:24.592+0000] {dag.py:4180} INFO - Setting next_dagrun for tutorial to 2025-09-15 00:00:00+00:00, run_after=2025-09-16 00:00:00+00:00
[2025-09-16T23:59:24.601+0000] {processor.py:208} INFO - Processing /home/airflow/.local/lib/python3.12/site-packages/airflow/example_dags/tutorial.py took 0.040 seconds
[2025-09-16T23:59:55.987+0000] {processor.py:186} INFO - Started process (PID=2378) to work on /home/airflow/.local/lib/python3.12/site-packages/airflow/example_dags/tutorial.py
[2025-09-16T23:59:55.988+0000] {processor.py:914} INFO - Processing file /home/airflow/.local/lib/python3.12/site-packages/airflow/example_dags/tutorial.py for tasks to queue
[2025-09-16T23:59:55.989+0000] {logging_mixin.py:190} INFO - [2025-09-16T23:59:55.989+0000] {dagbag.py:588} INFO - Filling up the DagBag from /home/airflow/.local/lib/python3.12/site-packages/airflow/example_dags/tutorial.py
[2025-09-16T23:59:55.994+0000] {processor.py:925} INFO - DAG(s) 'tutorial' retrieved from /home/airflow/.local/lib/python3.12/site-packages/airflow/example_dags/tutorial.py
[2025-09-16T23:59:56.006+0000] {logging_mixin.py:190} INFO - [2025-09-16T23:59:56.006+0000] {dag.py:3239} INFO - Sync 1 DAGs
[2025-09-16T23:59:56.020+0000] {logging_mixin.py:190} INFO - [2025-09-16T23:59:56.020+0000] {dag.py:4180} INFO - Setting next_dagrun for tutorial to 2025-09-15 00:00:00+00:00, run_after=2025-09-16 00:00:00+00:00
[2025-09-16T23:59:56.029+0000] {processor.py:208} INFO - Processing /home/airflow/.local/lib/python3.12/site-packages/airflow/example_dags/tutorial.py took 0.045 seconds
