[2025-09-16T23:41:18.075+0000] {processor.py:186} INFO - Started process (PID=80) to work on /home/airflow/.local/lib/python3.12/site-packages/airflow/example_dags/tutorial_dag.py
[2025-09-16T23:41:18.076+0000] {processor.py:914} INFO - Processing file /home/airflow/.local/lib/python3.12/site-packages/airflow/example_dags/tutorial_dag.py for tasks to queue
[2025-09-16T23:41:18.077+0000] {logging_mixin.py:190} INFO - [2025-09-16T23:41:18.077+0000] {dagbag.py:588} INFO - Filling up the DagBag from /home/airflow/.local/lib/python3.12/site-packages/airflow/example_dags/tutorial_dag.py
[2025-09-16T23:41:18.082+0000] {processor.py:925} INFO - DAG(s) 'tutorial_dag' retrieved from /home/airflow/.local/lib/python3.12/site-packages/airflow/example_dags/tutorial_dag.py
[2025-09-16T23:41:18.148+0000] {logging_mixin.py:190} INFO - [2025-09-16T23:41:18.148+0000] {override.py:1911} INFO - Created Permission View: can edit on DAG:tutorial_dag
[2025-09-16T23:41:18.158+0000] {logging_mixin.py:190} INFO - [2025-09-16T23:41:18.158+0000] {override.py:1911} INFO - Created Permission View: can delete on DAG:tutorial_dag
[2025-09-16T23:41:18.165+0000] {logging_mixin.py:190} INFO - [2025-09-16T23:41:18.165+0000] {override.py:1911} INFO - Created Permission View: can read on DAG:tutorial_dag
[2025-09-16T23:41:18.180+0000] {logging_mixin.py:190} INFO - [2025-09-16T23:41:18.180+0000] {override.py:1911} INFO - Created Permission View: menu access on DAG Run:tutorial_dag
[2025-09-16T23:41:18.187+0000] {logging_mixin.py:190} INFO - [2025-09-16T23:41:18.187+0000] {override.py:1911} INFO - Created Permission View: can create on DAG Run:tutorial_dag
[2025-09-16T23:41:18.196+0000] {logging_mixin.py:190} INFO - [2025-09-16T23:41:18.196+0000] {override.py:1911} INFO - Created Permission View: can delete on DAG Run:tutorial_dag
[2025-09-16T23:41:18.208+0000] {logging_mixin.py:190} INFO - [2025-09-16T23:41:18.207+0000] {override.py:1911} INFO - Created Permission View: can read on DAG Run:tutorial_dag
[2025-09-16T23:41:18.211+0000] {logging_mixin.py:190} INFO - [2025-09-16T23:41:18.211+0000] {dag.py:3239} INFO - Sync 1 DAGs
[2025-09-16T23:41:18.224+0000] {logging_mixin.py:190} INFO - [2025-09-16T23:41:18.223+0000] {dag.py:3262} INFO - Creating ORM DAG for tutorial_dag
[2025-09-16T23:41:18.225+0000] {logging_mixin.py:190} INFO - [2025-09-16T23:41:18.225+0000] {dag.py:4180} INFO - Setting next_dagrun for tutorial_dag to None, run_after=None
[2025-09-16T23:41:18.237+0000] {processor.py:208} INFO - Processing /home/airflow/.local/lib/python3.12/site-packages/airflow/example_dags/tutorial_dag.py took 0.166 seconds
[2025-09-16T23:41:49.150+0000] {processor.py:186} INFO - Started process (PID=143) to work on /home/airflow/.local/lib/python3.12/site-packages/airflow/example_dags/tutorial_dag.py
[2025-09-16T23:41:49.151+0000] {processor.py:914} INFO - Processing file /home/airflow/.local/lib/python3.12/site-packages/airflow/example_dags/tutorial_dag.py for tasks to queue
[2025-09-16T23:41:49.152+0000] {logging_mixin.py:190} INFO - [2025-09-16T23:41:49.152+0000] {dagbag.py:588} INFO - Filling up the DagBag from /home/airflow/.local/lib/python3.12/site-packages/airflow/example_dags/tutorial_dag.py
[2025-09-16T23:41:49.158+0000] {processor.py:925} INFO - DAG(s) 'tutorial_dag' retrieved from /home/airflow/.local/lib/python3.12/site-packages/airflow/example_dags/tutorial_dag.py
[2025-09-16T23:41:49.171+0000] {logging_mixin.py:190} INFO - [2025-09-16T23:41:49.170+0000] {dag.py:3239} INFO - Sync 1 DAGs
[2025-09-16T23:41:49.178+0000] {logging_mixin.py:190} INFO - [2025-09-16T23:41:49.178+0000] {dag.py:4180} INFO - Setting next_dagrun for tutorial_dag to None, run_after=None
[2025-09-16T23:41:49.190+0000] {processor.py:208} INFO - Processing /home/airflow/.local/lib/python3.12/site-packages/airflow/example_dags/tutorial_dag.py took 0.044 seconds
[2025-09-16T23:42:19.252+0000] {processor.py:186} INFO - Started process (PID=206) to work on /home/airflow/.local/lib/python3.12/site-packages/airflow/example_dags/tutorial_dag.py
[2025-09-16T23:42:19.253+0000] {processor.py:914} INFO - Processing file /home/airflow/.local/lib/python3.12/site-packages/airflow/example_dags/tutorial_dag.py for tasks to queue
[2025-09-16T23:42:19.254+0000] {logging_mixin.py:190} INFO - [2025-09-16T23:42:19.254+0000] {dagbag.py:588} INFO - Filling up the DagBag from /home/airflow/.local/lib/python3.12/site-packages/airflow/example_dags/tutorial_dag.py
[2025-09-16T23:42:19.259+0000] {processor.py:925} INFO - DAG(s) 'tutorial_dag' retrieved from /home/airflow/.local/lib/python3.12/site-packages/airflow/example_dags/tutorial_dag.py
[2025-09-16T23:42:19.268+0000] {logging_mixin.py:190} INFO - [2025-09-16T23:42:19.268+0000] {dag.py:3239} INFO - Sync 1 DAGs
[2025-09-16T23:42:19.275+0000] {logging_mixin.py:190} INFO - [2025-09-16T23:42:19.275+0000] {dag.py:4180} INFO - Setting next_dagrun for tutorial_dag to None, run_after=None
[2025-09-16T23:42:19.288+0000] {processor.py:208} INFO - Processing /home/airflow/.local/lib/python3.12/site-packages/airflow/example_dags/tutorial_dag.py took 0.039 seconds
[2025-09-16T23:42:49.986+0000] {processor.py:186} INFO - Started process (PID=274) to work on /home/airflow/.local/lib/python3.12/site-packages/airflow/example_dags/tutorial_dag.py
[2025-09-16T23:42:49.986+0000] {processor.py:914} INFO - Processing file /home/airflow/.local/lib/python3.12/site-packages/airflow/example_dags/tutorial_dag.py for tasks to queue
[2025-09-16T23:42:49.988+0000] {logging_mixin.py:190} INFO - [2025-09-16T23:42:49.987+0000] {dagbag.py:588} INFO - Filling up the DagBag from /home/airflow/.local/lib/python3.12/site-packages/airflow/example_dags/tutorial_dag.py
[2025-09-16T23:42:49.992+0000] {processor.py:925} INFO - DAG(s) 'tutorial_dag' retrieved from /home/airflow/.local/lib/python3.12/site-packages/airflow/example_dags/tutorial_dag.py
[2025-09-16T23:42:50.004+0000] {logging_mixin.py:190} INFO - [2025-09-16T23:42:50.004+0000] {dag.py:3239} INFO - Sync 1 DAGs
[2025-09-16T23:42:50.012+0000] {logging_mixin.py:190} INFO - [2025-09-16T23:42:50.012+0000] {dag.py:4180} INFO - Setting next_dagrun for tutorial_dag to None, run_after=None
[2025-09-16T23:42:50.024+0000] {processor.py:208} INFO - Processing /home/airflow/.local/lib/python3.12/site-packages/airflow/example_dags/tutorial_dag.py took 0.042 seconds
[2025-09-16T23:43:20.284+0000] {processor.py:186} INFO - Started process (PID=337) to work on /home/airflow/.local/lib/python3.12/site-packages/airflow/example_dags/tutorial_dag.py
[2025-09-16T23:43:20.285+0000] {processor.py:914} INFO - Processing file /home/airflow/.local/lib/python3.12/site-packages/airflow/example_dags/tutorial_dag.py for tasks to queue
[2025-09-16T23:43:20.286+0000] {logging_mixin.py:190} INFO - [2025-09-16T23:43:20.286+0000] {dagbag.py:588} INFO - Filling up the DagBag from /home/airflow/.local/lib/python3.12/site-packages/airflow/example_dags/tutorial_dag.py
[2025-09-16T23:43:20.291+0000] {processor.py:925} INFO - DAG(s) 'tutorial_dag' retrieved from /home/airflow/.local/lib/python3.12/site-packages/airflow/example_dags/tutorial_dag.py
[2025-09-16T23:43:20.302+0000] {logging_mixin.py:190} INFO - [2025-09-16T23:43:20.302+0000] {dag.py:3239} INFO - Sync 1 DAGs
[2025-09-16T23:43:20.312+0000] {logging_mixin.py:190} INFO - [2025-09-16T23:43:20.311+0000] {dag.py:4180} INFO - Setting next_dagrun for tutorial_dag to None, run_after=None
[2025-09-16T23:43:20.323+0000] {processor.py:208} INFO - Processing /home/airflow/.local/lib/python3.12/site-packages/airflow/example_dags/tutorial_dag.py took 0.043 seconds
[2025-09-16T23:43:51.318+0000] {processor.py:186} INFO - Started process (PID=400) to work on /home/airflow/.local/lib/python3.12/site-packages/airflow/example_dags/tutorial_dag.py
[2025-09-16T23:43:51.319+0000] {processor.py:914} INFO - Processing file /home/airflow/.local/lib/python3.12/site-packages/airflow/example_dags/tutorial_dag.py for tasks to queue
[2025-09-16T23:43:51.320+0000] {logging_mixin.py:190} INFO - [2025-09-16T23:43:51.320+0000] {dagbag.py:588} INFO - Filling up the DagBag from /home/airflow/.local/lib/python3.12/site-packages/airflow/example_dags/tutorial_dag.py
[2025-09-16T23:43:51.325+0000] {processor.py:925} INFO - DAG(s) 'tutorial_dag' retrieved from /home/airflow/.local/lib/python3.12/site-packages/airflow/example_dags/tutorial_dag.py
[2025-09-16T23:43:51.339+0000] {logging_mixin.py:190} INFO - [2025-09-16T23:43:51.339+0000] {dag.py:3239} INFO - Sync 1 DAGs
[2025-09-16T23:43:51.346+0000] {logging_mixin.py:190} INFO - [2025-09-16T23:43:51.346+0000] {dag.py:4180} INFO - Setting next_dagrun for tutorial_dag to None, run_after=None
[2025-09-16T23:43:51.358+0000] {processor.py:208} INFO - Processing /home/airflow/.local/lib/python3.12/site-packages/airflow/example_dags/tutorial_dag.py took 0.045 seconds
[2025-09-16T23:44:21.638+0000] {processor.py:186} INFO - Started process (PID=463) to work on /home/airflow/.local/lib/python3.12/site-packages/airflow/example_dags/tutorial_dag.py
[2025-09-16T23:44:21.638+0000] {processor.py:914} INFO - Processing file /home/airflow/.local/lib/python3.12/site-packages/airflow/example_dags/tutorial_dag.py for tasks to queue
[2025-09-16T23:44:21.640+0000] {logging_mixin.py:190} INFO - [2025-09-16T23:44:21.640+0000] {dagbag.py:588} INFO - Filling up the DagBag from /home/airflow/.local/lib/python3.12/site-packages/airflow/example_dags/tutorial_dag.py
[2025-09-16T23:44:21.645+0000] {processor.py:925} INFO - DAG(s) 'tutorial_dag' retrieved from /home/airflow/.local/lib/python3.12/site-packages/airflow/example_dags/tutorial_dag.py
[2025-09-16T23:44:21.656+0000] {logging_mixin.py:190} INFO - [2025-09-16T23:44:21.655+0000] {dag.py:3239} INFO - Sync 1 DAGs
[2025-09-16T23:44:21.663+0000] {logging_mixin.py:190} INFO - [2025-09-16T23:44:21.663+0000] {dag.py:4180} INFO - Setting next_dagrun for tutorial_dag to None, run_after=None
[2025-09-16T23:44:21.673+0000] {processor.py:208} INFO - Processing /home/airflow/.local/lib/python3.12/site-packages/airflow/example_dags/tutorial_dag.py took 0.038 seconds
[2025-09-16T23:44:52.232+0000] {processor.py:186} INFO - Started process (PID=525) to work on /home/airflow/.local/lib/python3.12/site-packages/airflow/example_dags/tutorial_dag.py
[2025-09-16T23:44:52.233+0000] {processor.py:914} INFO - Processing file /home/airflow/.local/lib/python3.12/site-packages/airflow/example_dags/tutorial_dag.py for tasks to queue
[2025-09-16T23:44:52.234+0000] {logging_mixin.py:190} INFO - [2025-09-16T23:44:52.233+0000] {dagbag.py:588} INFO - Filling up the DagBag from /home/airflow/.local/lib/python3.12/site-packages/airflow/example_dags/tutorial_dag.py
[2025-09-16T23:44:52.237+0000] {processor.py:925} INFO - DAG(s) 'tutorial_dag' retrieved from /home/airflow/.local/lib/python3.12/site-packages/airflow/example_dags/tutorial_dag.py
[2025-09-16T23:44:52.246+0000] {logging_mixin.py:190} INFO - [2025-09-16T23:44:52.246+0000] {dag.py:3239} INFO - Sync 1 DAGs
[2025-09-16T23:44:52.252+0000] {logging_mixin.py:190} INFO - [2025-09-16T23:44:52.252+0000] {dag.py:4180} INFO - Setting next_dagrun for tutorial_dag to None, run_after=None
[2025-09-16T23:44:52.260+0000] {processor.py:208} INFO - Processing /home/airflow/.local/lib/python3.12/site-packages/airflow/example_dags/tutorial_dag.py took 0.030 seconds
[2025-09-16T23:45:22.505+0000] {processor.py:186} INFO - Started process (PID=588) to work on /home/airflow/.local/lib/python3.12/site-packages/airflow/example_dags/tutorial_dag.py
[2025-09-16T23:45:22.506+0000] {processor.py:914} INFO - Processing file /home/airflow/.local/lib/python3.12/site-packages/airflow/example_dags/tutorial_dag.py for tasks to queue
[2025-09-16T23:45:22.507+0000] {logging_mixin.py:190} INFO - [2025-09-16T23:45:22.507+0000] {dagbag.py:588} INFO - Filling up the DagBag from /home/airflow/.local/lib/python3.12/site-packages/airflow/example_dags/tutorial_dag.py
[2025-09-16T23:45:22.511+0000] {processor.py:925} INFO - DAG(s) 'tutorial_dag' retrieved from /home/airflow/.local/lib/python3.12/site-packages/airflow/example_dags/tutorial_dag.py
[2025-09-16T23:45:22.524+0000] {logging_mixin.py:190} INFO - [2025-09-16T23:45:22.524+0000] {dag.py:3239} INFO - Sync 1 DAGs
[2025-09-16T23:45:22.532+0000] {logging_mixin.py:190} INFO - [2025-09-16T23:45:22.532+0000] {dag.py:4180} INFO - Setting next_dagrun for tutorial_dag to None, run_after=None
[2025-09-16T23:45:22.540+0000] {processor.py:208} INFO - Processing /home/airflow/.local/lib/python3.12/site-packages/airflow/example_dags/tutorial_dag.py took 0.039 seconds
[2025-09-16T23:45:53.249+0000] {processor.py:186} INFO - Started process (PID=651) to work on /home/airflow/.local/lib/python3.12/site-packages/airflow/example_dags/tutorial_dag.py
[2025-09-16T23:45:53.250+0000] {processor.py:914} INFO - Processing file /home/airflow/.local/lib/python3.12/site-packages/airflow/example_dags/tutorial_dag.py for tasks to queue
[2025-09-16T23:45:53.251+0000] {logging_mixin.py:190} INFO - [2025-09-16T23:45:53.251+0000] {dagbag.py:588} INFO - Filling up the DagBag from /home/airflow/.local/lib/python3.12/site-packages/airflow/example_dags/tutorial_dag.py
[2025-09-16T23:45:53.256+0000] {processor.py:925} INFO - DAG(s) 'tutorial_dag' retrieved from /home/airflow/.local/lib/python3.12/site-packages/airflow/example_dags/tutorial_dag.py
[2025-09-16T23:45:53.271+0000] {logging_mixin.py:190} INFO - [2025-09-16T23:45:53.271+0000] {dag.py:3239} INFO - Sync 1 DAGs
[2025-09-16T23:45:53.278+0000] {logging_mixin.py:190} INFO - [2025-09-16T23:45:53.278+0000] {dag.py:4180} INFO - Setting next_dagrun for tutorial_dag to None, run_after=None
[2025-09-16T23:45:53.287+0000] {processor.py:208} INFO - Processing /home/airflow/.local/lib/python3.12/site-packages/airflow/example_dags/tutorial_dag.py took 0.041 seconds
[2025-09-16T23:46:23.815+0000] {processor.py:186} INFO - Started process (PID=714) to work on /home/airflow/.local/lib/python3.12/site-packages/airflow/example_dags/tutorial_dag.py
[2025-09-16T23:46:23.816+0000] {processor.py:914} INFO - Processing file /home/airflow/.local/lib/python3.12/site-packages/airflow/example_dags/tutorial_dag.py for tasks to queue
[2025-09-16T23:46:23.817+0000] {logging_mixin.py:190} INFO - [2025-09-16T23:46:23.817+0000] {dagbag.py:588} INFO - Filling up the DagBag from /home/airflow/.local/lib/python3.12/site-packages/airflow/example_dags/tutorial_dag.py
[2025-09-16T23:46:23.821+0000] {processor.py:925} INFO - DAG(s) 'tutorial_dag' retrieved from /home/airflow/.local/lib/python3.12/site-packages/airflow/example_dags/tutorial_dag.py
[2025-09-16T23:46:23.833+0000] {logging_mixin.py:190} INFO - [2025-09-16T23:46:23.833+0000] {dag.py:3239} INFO - Sync 1 DAGs
[2025-09-16T23:46:23.840+0000] {logging_mixin.py:190} INFO - [2025-09-16T23:46:23.840+0000] {dag.py:4180} INFO - Setting next_dagrun for tutorial_dag to None, run_after=None
[2025-09-16T23:46:23.850+0000] {processor.py:208} INFO - Processing /home/airflow/.local/lib/python3.12/site-packages/airflow/example_dags/tutorial_dag.py took 0.039 seconds
[2025-09-16T23:46:54.395+0000] {processor.py:186} INFO - Started process (PID=777) to work on /home/airflow/.local/lib/python3.12/site-packages/airflow/example_dags/tutorial_dag.py
[2025-09-16T23:46:54.396+0000] {processor.py:914} INFO - Processing file /home/airflow/.local/lib/python3.12/site-packages/airflow/example_dags/tutorial_dag.py for tasks to queue
[2025-09-16T23:46:54.397+0000] {logging_mixin.py:190} INFO - [2025-09-16T23:46:54.397+0000] {dagbag.py:588} INFO - Filling up the DagBag from /home/airflow/.local/lib/python3.12/site-packages/airflow/example_dags/tutorial_dag.py
[2025-09-16T23:46:54.401+0000] {processor.py:925} INFO - DAG(s) 'tutorial_dag' retrieved from /home/airflow/.local/lib/python3.12/site-packages/airflow/example_dags/tutorial_dag.py
[2025-09-16T23:46:54.411+0000] {logging_mixin.py:190} INFO - [2025-09-16T23:46:54.411+0000] {dag.py:3239} INFO - Sync 1 DAGs
[2025-09-16T23:46:54.418+0000] {logging_mixin.py:190} INFO - [2025-09-16T23:46:54.418+0000] {dag.py:4180} INFO - Setting next_dagrun for tutorial_dag to None, run_after=None
[2025-09-16T23:46:54.426+0000] {processor.py:208} INFO - Processing /home/airflow/.local/lib/python3.12/site-packages/airflow/example_dags/tutorial_dag.py took 0.034 seconds
[2025-09-16T23:47:25.148+0000] {processor.py:186} INFO - Started process (PID=840) to work on /home/airflow/.local/lib/python3.12/site-packages/airflow/example_dags/tutorial_dag.py
[2025-09-16T23:47:25.149+0000] {processor.py:914} INFO - Processing file /home/airflow/.local/lib/python3.12/site-packages/airflow/example_dags/tutorial_dag.py for tasks to queue
[2025-09-16T23:47:25.150+0000] {logging_mixin.py:190} INFO - [2025-09-16T23:47:25.150+0000] {dagbag.py:588} INFO - Filling up the DagBag from /home/airflow/.local/lib/python3.12/site-packages/airflow/example_dags/tutorial_dag.py
[2025-09-16T23:47:25.154+0000] {processor.py:925} INFO - DAG(s) 'tutorial_dag' retrieved from /home/airflow/.local/lib/python3.12/site-packages/airflow/example_dags/tutorial_dag.py
[2025-09-16T23:47:25.165+0000] {logging_mixin.py:190} INFO - [2025-09-16T23:47:25.165+0000] {dag.py:3239} INFO - Sync 1 DAGs
[2025-09-16T23:47:25.173+0000] {logging_mixin.py:190} INFO - [2025-09-16T23:47:25.172+0000] {dag.py:4180} INFO - Setting next_dagrun for tutorial_dag to None, run_after=None
[2025-09-16T23:47:25.181+0000] {processor.py:208} INFO - Processing /home/airflow/.local/lib/python3.12/site-packages/airflow/example_dags/tutorial_dag.py took 0.037 seconds
[2025-09-16T23:47:55.834+0000] {processor.py:186} INFO - Started process (PID=903) to work on /home/airflow/.local/lib/python3.12/site-packages/airflow/example_dags/tutorial_dag.py
[2025-09-16T23:47:55.835+0000] {processor.py:914} INFO - Processing file /home/airflow/.local/lib/python3.12/site-packages/airflow/example_dags/tutorial_dag.py for tasks to queue
[2025-09-16T23:47:55.837+0000] {logging_mixin.py:190} INFO - [2025-09-16T23:47:55.836+0000] {dagbag.py:588} INFO - Filling up the DagBag from /home/airflow/.local/lib/python3.12/site-packages/airflow/example_dags/tutorial_dag.py
[2025-09-16T23:47:55.841+0000] {processor.py:925} INFO - DAG(s) 'tutorial_dag' retrieved from /home/airflow/.local/lib/python3.12/site-packages/airflow/example_dags/tutorial_dag.py
[2025-09-16T23:47:55.858+0000] {logging_mixin.py:190} INFO - [2025-09-16T23:47:55.858+0000] {dag.py:3239} INFO - Sync 1 DAGs
[2025-09-16T23:47:55.875+0000] {logging_mixin.py:190} INFO - [2025-09-16T23:47:55.875+0000] {dag.py:4180} INFO - Setting next_dagrun for tutorial_dag to None, run_after=None
[2025-09-16T23:47:55.906+0000] {processor.py:208} INFO - Processing /home/airflow/.local/lib/python3.12/site-packages/airflow/example_dags/tutorial_dag.py took 0.076 seconds
[2025-09-16T23:48:26.670+0000] {processor.py:186} INFO - Started process (PID=966) to work on /home/airflow/.local/lib/python3.12/site-packages/airflow/example_dags/tutorial_dag.py
[2025-09-16T23:48:26.673+0000] {processor.py:914} INFO - Processing file /home/airflow/.local/lib/python3.12/site-packages/airflow/example_dags/tutorial_dag.py for tasks to queue
[2025-09-16T23:48:26.675+0000] {logging_mixin.py:190} INFO - [2025-09-16T23:48:26.674+0000] {dagbag.py:588} INFO - Filling up the DagBag from /home/airflow/.local/lib/python3.12/site-packages/airflow/example_dags/tutorial_dag.py
[2025-09-16T23:48:26.682+0000] {processor.py:925} INFO - DAG(s) 'tutorial_dag' retrieved from /home/airflow/.local/lib/python3.12/site-packages/airflow/example_dags/tutorial_dag.py
[2025-09-16T23:48:26.692+0000] {logging_mixin.py:190} INFO - [2025-09-16T23:48:26.692+0000] {dag.py:3239} INFO - Sync 1 DAGs
[2025-09-16T23:48:26.700+0000] {logging_mixin.py:190} INFO - [2025-09-16T23:48:26.699+0000] {dag.py:4180} INFO - Setting next_dagrun for tutorial_dag to None, run_after=None
[2025-09-16T23:48:26.708+0000] {processor.py:208} INFO - Processing /home/airflow/.local/lib/python3.12/site-packages/airflow/example_dags/tutorial_dag.py took 0.042 seconds
[2025-09-16T23:48:57.554+0000] {processor.py:186} INFO - Started process (PID=1029) to work on /home/airflow/.local/lib/python3.12/site-packages/airflow/example_dags/tutorial_dag.py
[2025-09-16T23:48:57.555+0000] {processor.py:914} INFO - Processing file /home/airflow/.local/lib/python3.12/site-packages/airflow/example_dags/tutorial_dag.py for tasks to queue
[2025-09-16T23:48:57.556+0000] {logging_mixin.py:190} INFO - [2025-09-16T23:48:57.556+0000] {dagbag.py:588} INFO - Filling up the DagBag from /home/airflow/.local/lib/python3.12/site-packages/airflow/example_dags/tutorial_dag.py
[2025-09-16T23:48:57.561+0000] {processor.py:925} INFO - DAG(s) 'tutorial_dag' retrieved from /home/airflow/.local/lib/python3.12/site-packages/airflow/example_dags/tutorial_dag.py
[2025-09-16T23:48:57.571+0000] {logging_mixin.py:190} INFO - [2025-09-16T23:48:57.571+0000] {dag.py:3239} INFO - Sync 1 DAGs
[2025-09-16T23:48:57.578+0000] {logging_mixin.py:190} INFO - [2025-09-16T23:48:57.578+0000] {dag.py:4180} INFO - Setting next_dagrun for tutorial_dag to None, run_after=None
[2025-09-16T23:48:57.586+0000] {processor.py:208} INFO - Processing /home/airflow/.local/lib/python3.12/site-packages/airflow/example_dags/tutorial_dag.py took 0.035 seconds
[2025-09-16T23:49:28.440+0000] {processor.py:186} INFO - Started process (PID=1092) to work on /home/airflow/.local/lib/python3.12/site-packages/airflow/example_dags/tutorial_dag.py
[2025-09-16T23:49:28.441+0000] {processor.py:914} INFO - Processing file /home/airflow/.local/lib/python3.12/site-packages/airflow/example_dags/tutorial_dag.py for tasks to queue
[2025-09-16T23:49:28.443+0000] {logging_mixin.py:190} INFO - [2025-09-16T23:49:28.443+0000] {dagbag.py:588} INFO - Filling up the DagBag from /home/airflow/.local/lib/python3.12/site-packages/airflow/example_dags/tutorial_dag.py
[2025-09-16T23:49:28.447+0000] {processor.py:925} INFO - DAG(s) 'tutorial_dag' retrieved from /home/airflow/.local/lib/python3.12/site-packages/airflow/example_dags/tutorial_dag.py
[2025-09-16T23:49:28.458+0000] {logging_mixin.py:190} INFO - [2025-09-16T23:49:28.458+0000] {dag.py:3239} INFO - Sync 1 DAGs
[2025-09-16T23:49:28.465+0000] {logging_mixin.py:190} INFO - [2025-09-16T23:49:28.465+0000] {dag.py:4180} INFO - Setting next_dagrun for tutorial_dag to None, run_after=None
[2025-09-16T23:49:28.477+0000] {processor.py:208} INFO - Processing /home/airflow/.local/lib/python3.12/site-packages/airflow/example_dags/tutorial_dag.py took 0.040 seconds
[2025-09-16T23:49:58.936+0000] {processor.py:186} INFO - Started process (PID=1155) to work on /home/airflow/.local/lib/python3.12/site-packages/airflow/example_dags/tutorial_dag.py
[2025-09-16T23:49:58.936+0000] {processor.py:914} INFO - Processing file /home/airflow/.local/lib/python3.12/site-packages/airflow/example_dags/tutorial_dag.py for tasks to queue
[2025-09-16T23:49:58.940+0000] {logging_mixin.py:190} INFO - [2025-09-16T23:49:58.940+0000] {dagbag.py:588} INFO - Filling up the DagBag from /home/airflow/.local/lib/python3.12/site-packages/airflow/example_dags/tutorial_dag.py
[2025-09-16T23:49:58.946+0000] {processor.py:925} INFO - DAG(s) 'tutorial_dag' retrieved from /home/airflow/.local/lib/python3.12/site-packages/airflow/example_dags/tutorial_dag.py
[2025-09-16T23:49:58.956+0000] {logging_mixin.py:190} INFO - [2025-09-16T23:49:58.956+0000] {dag.py:3239} INFO - Sync 1 DAGs
[2025-09-16T23:49:58.964+0000] {logging_mixin.py:190} INFO - [2025-09-16T23:49:58.964+0000] {dag.py:4180} INFO - Setting next_dagrun for tutorial_dag to None, run_after=None
[2025-09-16T23:49:58.972+0000] {processor.py:208} INFO - Processing /home/airflow/.local/lib/python3.12/site-packages/airflow/example_dags/tutorial_dag.py took 0.041 seconds
[2025-09-16T23:50:29.370+0000] {processor.py:186} INFO - Started process (PID=1218) to work on /home/airflow/.local/lib/python3.12/site-packages/airflow/example_dags/tutorial_dag.py
[2025-09-16T23:50:29.371+0000] {processor.py:914} INFO - Processing file /home/airflow/.local/lib/python3.12/site-packages/airflow/example_dags/tutorial_dag.py for tasks to queue
[2025-09-16T23:50:29.372+0000] {logging_mixin.py:190} INFO - [2025-09-16T23:50:29.372+0000] {dagbag.py:588} INFO - Filling up the DagBag from /home/airflow/.local/lib/python3.12/site-packages/airflow/example_dags/tutorial_dag.py
[2025-09-16T23:50:29.376+0000] {processor.py:925} INFO - DAG(s) 'tutorial_dag' retrieved from /home/airflow/.local/lib/python3.12/site-packages/airflow/example_dags/tutorial_dag.py
[2025-09-16T23:50:29.386+0000] {logging_mixin.py:190} INFO - [2025-09-16T23:50:29.386+0000] {dag.py:3239} INFO - Sync 1 DAGs
[2025-09-16T23:50:29.394+0000] {logging_mixin.py:190} INFO - [2025-09-16T23:50:29.393+0000] {dag.py:4180} INFO - Setting next_dagrun for tutorial_dag to None, run_after=None
[2025-09-16T23:50:29.404+0000] {processor.py:208} INFO - Processing /home/airflow/.local/lib/python3.12/site-packages/airflow/example_dags/tutorial_dag.py took 0.037 seconds
[2025-09-16T23:50:59.525+0000] {processor.py:186} INFO - Started process (PID=1281) to work on /home/airflow/.local/lib/python3.12/site-packages/airflow/example_dags/tutorial_dag.py
[2025-09-16T23:50:59.527+0000] {processor.py:914} INFO - Processing file /home/airflow/.local/lib/python3.12/site-packages/airflow/example_dags/tutorial_dag.py for tasks to queue
[2025-09-16T23:50:59.528+0000] {logging_mixin.py:190} INFO - [2025-09-16T23:50:59.528+0000] {dagbag.py:588} INFO - Filling up the DagBag from /home/airflow/.local/lib/python3.12/site-packages/airflow/example_dags/tutorial_dag.py
[2025-09-16T23:50:59.533+0000] {processor.py:925} INFO - DAG(s) 'tutorial_dag' retrieved from /home/airflow/.local/lib/python3.12/site-packages/airflow/example_dags/tutorial_dag.py
[2025-09-16T23:50:59.544+0000] {logging_mixin.py:190} INFO - [2025-09-16T23:50:59.544+0000] {dag.py:3239} INFO - Sync 1 DAGs
[2025-09-16T23:50:59.552+0000] {logging_mixin.py:190} INFO - [2025-09-16T23:50:59.552+0000] {dag.py:4180} INFO - Setting next_dagrun for tutorial_dag to None, run_after=None
[2025-09-16T23:50:59.560+0000] {processor.py:208} INFO - Processing /home/airflow/.local/lib/python3.12/site-packages/airflow/example_dags/tutorial_dag.py took 0.038 seconds
[2025-09-16T23:51:29.819+0000] {processor.py:186} INFO - Started process (PID=1344) to work on /home/airflow/.local/lib/python3.12/site-packages/airflow/example_dags/tutorial_dag.py
[2025-09-16T23:51:29.820+0000] {processor.py:914} INFO - Processing file /home/airflow/.local/lib/python3.12/site-packages/airflow/example_dags/tutorial_dag.py for tasks to queue
[2025-09-16T23:51:29.822+0000] {logging_mixin.py:190} INFO - [2025-09-16T23:51:29.821+0000] {dagbag.py:588} INFO - Filling up the DagBag from /home/airflow/.local/lib/python3.12/site-packages/airflow/example_dags/tutorial_dag.py
[2025-09-16T23:51:29.826+0000] {processor.py:925} INFO - DAG(s) 'tutorial_dag' retrieved from /home/airflow/.local/lib/python3.12/site-packages/airflow/example_dags/tutorial_dag.py
[2025-09-16T23:51:29.835+0000] {logging_mixin.py:190} INFO - [2025-09-16T23:51:29.835+0000] {dag.py:3239} INFO - Sync 1 DAGs
[2025-09-16T23:51:29.843+0000] {logging_mixin.py:190} INFO - [2025-09-16T23:51:29.842+0000] {dag.py:4180} INFO - Setting next_dagrun for tutorial_dag to None, run_after=None
[2025-09-16T23:51:29.853+0000] {processor.py:208} INFO - Processing /home/airflow/.local/lib/python3.12/site-packages/airflow/example_dags/tutorial_dag.py took 0.037 seconds
[2025-09-16T23:52:00.387+0000] {processor.py:186} INFO - Started process (PID=1407) to work on /home/airflow/.local/lib/python3.12/site-packages/airflow/example_dags/tutorial_dag.py
[2025-09-16T23:52:00.388+0000] {processor.py:914} INFO - Processing file /home/airflow/.local/lib/python3.12/site-packages/airflow/example_dags/tutorial_dag.py for tasks to queue
[2025-09-16T23:52:00.390+0000] {logging_mixin.py:190} INFO - [2025-09-16T23:52:00.389+0000] {dagbag.py:588} INFO - Filling up the DagBag from /home/airflow/.local/lib/python3.12/site-packages/airflow/example_dags/tutorial_dag.py
[2025-09-16T23:52:00.394+0000] {processor.py:925} INFO - DAG(s) 'tutorial_dag' retrieved from /home/airflow/.local/lib/python3.12/site-packages/airflow/example_dags/tutorial_dag.py
[2025-09-16T23:52:00.405+0000] {logging_mixin.py:190} INFO - [2025-09-16T23:52:00.404+0000] {dag.py:3239} INFO - Sync 1 DAGs
[2025-09-16T23:52:00.413+0000] {logging_mixin.py:190} INFO - [2025-09-16T23:52:00.412+0000] {dag.py:4180} INFO - Setting next_dagrun for tutorial_dag to None, run_after=None
[2025-09-16T23:52:00.423+0000] {processor.py:208} INFO - Processing /home/airflow/.local/lib/python3.12/site-packages/airflow/example_dags/tutorial_dag.py took 0.039 seconds
[2025-09-16T23:52:30.654+0000] {processor.py:186} INFO - Started process (PID=1470) to work on /home/airflow/.local/lib/python3.12/site-packages/airflow/example_dags/tutorial_dag.py
[2025-09-16T23:52:30.656+0000] {processor.py:914} INFO - Processing file /home/airflow/.local/lib/python3.12/site-packages/airflow/example_dags/tutorial_dag.py for tasks to queue
[2025-09-16T23:52:30.657+0000] {logging_mixin.py:190} INFO - [2025-09-16T23:52:30.657+0000] {dagbag.py:588} INFO - Filling up the DagBag from /home/airflow/.local/lib/python3.12/site-packages/airflow/example_dags/tutorial_dag.py
[2025-09-16T23:52:30.662+0000] {processor.py:925} INFO - DAG(s) 'tutorial_dag' retrieved from /home/airflow/.local/lib/python3.12/site-packages/airflow/example_dags/tutorial_dag.py
[2025-09-16T23:52:30.675+0000] {logging_mixin.py:190} INFO - [2025-09-16T23:52:30.675+0000] {dag.py:3239} INFO - Sync 1 DAGs
[2025-09-16T23:52:30.682+0000] {logging_mixin.py:190} INFO - [2025-09-16T23:52:30.682+0000] {dag.py:4180} INFO - Setting next_dagrun for tutorial_dag to None, run_after=None
[2025-09-16T23:52:30.692+0000] {processor.py:208} INFO - Processing /home/airflow/.local/lib/python3.12/site-packages/airflow/example_dags/tutorial_dag.py took 0.041 seconds
[2025-09-16T23:53:01.079+0000] {processor.py:186} INFO - Started process (PID=1533) to work on /home/airflow/.local/lib/python3.12/site-packages/airflow/example_dags/tutorial_dag.py
[2025-09-16T23:53:01.082+0000] {processor.py:914} INFO - Processing file /home/airflow/.local/lib/python3.12/site-packages/airflow/example_dags/tutorial_dag.py for tasks to queue
[2025-09-16T23:53:01.084+0000] {logging_mixin.py:190} INFO - [2025-09-16T23:53:01.083+0000] {dagbag.py:588} INFO - Filling up the DagBag from /home/airflow/.local/lib/python3.12/site-packages/airflow/example_dags/tutorial_dag.py
[2025-09-16T23:53:01.088+0000] {processor.py:925} INFO - DAG(s) 'tutorial_dag' retrieved from /home/airflow/.local/lib/python3.12/site-packages/airflow/example_dags/tutorial_dag.py
[2025-09-16T23:53:01.098+0000] {logging_mixin.py:190} INFO - [2025-09-16T23:53:01.097+0000] {dag.py:3239} INFO - Sync 1 DAGs
[2025-09-16T23:53:01.104+0000] {logging_mixin.py:190} INFO - [2025-09-16T23:53:01.104+0000] {dag.py:4180} INFO - Setting next_dagrun for tutorial_dag to None, run_after=None
[2025-09-16T23:53:01.113+0000] {processor.py:208} INFO - Processing /home/airflow/.local/lib/python3.12/site-packages/airflow/example_dags/tutorial_dag.py took 0.037 seconds
[2025-09-16T23:53:31.525+0000] {processor.py:186} INFO - Started process (PID=1596) to work on /home/airflow/.local/lib/python3.12/site-packages/airflow/example_dags/tutorial_dag.py
[2025-09-16T23:53:31.527+0000] {processor.py:914} INFO - Processing file /home/airflow/.local/lib/python3.12/site-packages/airflow/example_dags/tutorial_dag.py for tasks to queue
[2025-09-16T23:53:31.532+0000] {logging_mixin.py:190} INFO - [2025-09-16T23:53:31.532+0000] {dagbag.py:588} INFO - Filling up the DagBag from /home/airflow/.local/lib/python3.12/site-packages/airflow/example_dags/tutorial_dag.py
[2025-09-16T23:53:31.536+0000] {processor.py:925} INFO - DAG(s) 'tutorial_dag' retrieved from /home/airflow/.local/lib/python3.12/site-packages/airflow/example_dags/tutorial_dag.py
[2025-09-16T23:53:31.547+0000] {logging_mixin.py:190} INFO - [2025-09-16T23:53:31.547+0000] {dag.py:3239} INFO - Sync 1 DAGs
[2025-09-16T23:53:31.554+0000] {logging_mixin.py:190} INFO - [2025-09-16T23:53:31.554+0000] {dag.py:4180} INFO - Setting next_dagrun for tutorial_dag to None, run_after=None
[2025-09-16T23:53:31.563+0000] {processor.py:208} INFO - Processing /home/airflow/.local/lib/python3.12/site-packages/airflow/example_dags/tutorial_dag.py took 0.041 seconds
[2025-09-16T23:54:01.917+0000] {processor.py:186} INFO - Started process (PID=1659) to work on /home/airflow/.local/lib/python3.12/site-packages/airflow/example_dags/tutorial_dag.py
[2025-09-16T23:54:01.919+0000] {processor.py:914} INFO - Processing file /home/airflow/.local/lib/python3.12/site-packages/airflow/example_dags/tutorial_dag.py for tasks to queue
[2025-09-16T23:54:01.922+0000] {logging_mixin.py:190} INFO - [2025-09-16T23:54:01.922+0000] {dagbag.py:588} INFO - Filling up the DagBag from /home/airflow/.local/lib/python3.12/site-packages/airflow/example_dags/tutorial_dag.py
[2025-09-16T23:54:01.927+0000] {processor.py:925} INFO - DAG(s) 'tutorial_dag' retrieved from /home/airflow/.local/lib/python3.12/site-packages/airflow/example_dags/tutorial_dag.py
[2025-09-16T23:54:01.940+0000] {logging_mixin.py:190} INFO - [2025-09-16T23:54:01.940+0000] {dag.py:3239} INFO - Sync 1 DAGs
[2025-09-16T23:54:01.949+0000] {logging_mixin.py:190} INFO - [2025-09-16T23:54:01.949+0000] {dag.py:4180} INFO - Setting next_dagrun for tutorial_dag to None, run_after=None
[2025-09-16T23:54:01.959+0000] {processor.py:208} INFO - Processing /home/airflow/.local/lib/python3.12/site-packages/airflow/example_dags/tutorial_dag.py took 0.045 seconds
[2025-09-16T23:54:32.474+0000] {processor.py:186} INFO - Started process (PID=1722) to work on /home/airflow/.local/lib/python3.12/site-packages/airflow/example_dags/tutorial_dag.py
[2025-09-16T23:54:32.475+0000] {processor.py:914} INFO - Processing file /home/airflow/.local/lib/python3.12/site-packages/airflow/example_dags/tutorial_dag.py for tasks to queue
[2025-09-16T23:54:32.477+0000] {logging_mixin.py:190} INFO - [2025-09-16T23:54:32.477+0000] {dagbag.py:588} INFO - Filling up the DagBag from /home/airflow/.local/lib/python3.12/site-packages/airflow/example_dags/tutorial_dag.py
[2025-09-16T23:54:32.483+0000] {processor.py:925} INFO - DAG(s) 'tutorial_dag' retrieved from /home/airflow/.local/lib/python3.12/site-packages/airflow/example_dags/tutorial_dag.py
[2025-09-16T23:54:32.495+0000] {logging_mixin.py:190} INFO - [2025-09-16T23:54:32.495+0000] {dag.py:3239} INFO - Sync 1 DAGs
[2025-09-16T23:54:32.506+0000] {logging_mixin.py:190} INFO - [2025-09-16T23:54:32.506+0000] {dag.py:4180} INFO - Setting next_dagrun for tutorial_dag to None, run_after=None
[2025-09-16T23:54:32.518+0000] {processor.py:208} INFO - Processing /home/airflow/.local/lib/python3.12/site-packages/airflow/example_dags/tutorial_dag.py took 0.048 seconds
[2025-09-16T23:55:03.152+0000] {processor.py:186} INFO - Started process (PID=1785) to work on /home/airflow/.local/lib/python3.12/site-packages/airflow/example_dags/tutorial_dag.py
[2025-09-16T23:55:03.154+0000] {processor.py:914} INFO - Processing file /home/airflow/.local/lib/python3.12/site-packages/airflow/example_dags/tutorial_dag.py for tasks to queue
[2025-09-16T23:55:03.156+0000] {logging_mixin.py:190} INFO - [2025-09-16T23:55:03.156+0000] {dagbag.py:588} INFO - Filling up the DagBag from /home/airflow/.local/lib/python3.12/site-packages/airflow/example_dags/tutorial_dag.py
[2025-09-16T23:55:03.161+0000] {processor.py:925} INFO - DAG(s) 'tutorial_dag' retrieved from /home/airflow/.local/lib/python3.12/site-packages/airflow/example_dags/tutorial_dag.py
[2025-09-16T23:55:03.177+0000] {logging_mixin.py:190} INFO - [2025-09-16T23:55:03.177+0000] {dag.py:3239} INFO - Sync 1 DAGs
[2025-09-16T23:55:03.185+0000] {logging_mixin.py:190} INFO - [2025-09-16T23:55:03.185+0000] {dag.py:4180} INFO - Setting next_dagrun for tutorial_dag to None, run_after=None
[2025-09-16T23:55:03.194+0000] {processor.py:208} INFO - Processing /home/airflow/.local/lib/python3.12/site-packages/airflow/example_dags/tutorial_dag.py took 0.046 seconds
[2025-09-16T23:55:33.363+0000] {processor.py:186} INFO - Started process (PID=1848) to work on /home/airflow/.local/lib/python3.12/site-packages/airflow/example_dags/tutorial_dag.py
[2025-09-16T23:55:33.364+0000] {processor.py:914} INFO - Processing file /home/airflow/.local/lib/python3.12/site-packages/airflow/example_dags/tutorial_dag.py for tasks to queue
[2025-09-16T23:55:33.366+0000] {logging_mixin.py:190} INFO - [2025-09-16T23:55:33.366+0000] {dagbag.py:588} INFO - Filling up the DagBag from /home/airflow/.local/lib/python3.12/site-packages/airflow/example_dags/tutorial_dag.py
[2025-09-16T23:55:33.371+0000] {processor.py:925} INFO - DAG(s) 'tutorial_dag' retrieved from /home/airflow/.local/lib/python3.12/site-packages/airflow/example_dags/tutorial_dag.py
[2025-09-16T23:55:33.383+0000] {logging_mixin.py:190} INFO - [2025-09-16T23:55:33.383+0000] {dag.py:3239} INFO - Sync 1 DAGs
[2025-09-16T23:55:33.390+0000] {logging_mixin.py:190} INFO - [2025-09-16T23:55:33.390+0000] {dag.py:4180} INFO - Setting next_dagrun for tutorial_dag to None, run_after=None
[2025-09-16T23:55:33.400+0000] {processor.py:208} INFO - Processing /home/airflow/.local/lib/python3.12/site-packages/airflow/example_dags/tutorial_dag.py took 0.040 seconds
[2025-09-16T23:56:03.491+0000] {processor.py:186} INFO - Started process (PID=1911) to work on /home/airflow/.local/lib/python3.12/site-packages/airflow/example_dags/tutorial_dag.py
[2025-09-16T23:56:03.492+0000] {processor.py:914} INFO - Processing file /home/airflow/.local/lib/python3.12/site-packages/airflow/example_dags/tutorial_dag.py for tasks to queue
[2025-09-16T23:56:03.496+0000] {logging_mixin.py:190} INFO - [2025-09-16T23:56:03.496+0000] {dagbag.py:588} INFO - Filling up the DagBag from /home/airflow/.local/lib/python3.12/site-packages/airflow/example_dags/tutorial_dag.py
[2025-09-16T23:56:03.502+0000] {processor.py:925} INFO - DAG(s) 'tutorial_dag' retrieved from /home/airflow/.local/lib/python3.12/site-packages/airflow/example_dags/tutorial_dag.py
[2025-09-16T23:56:03.518+0000] {logging_mixin.py:190} INFO - [2025-09-16T23:56:03.518+0000] {dag.py:3239} INFO - Sync 1 DAGs
[2025-09-16T23:56:03.533+0000] {logging_mixin.py:190} INFO - [2025-09-16T23:56:03.532+0000] {dag.py:4180} INFO - Setting next_dagrun for tutorial_dag to None, run_after=None
[2025-09-16T23:56:03.542+0000] {processor.py:208} INFO - Processing /home/airflow/.local/lib/python3.12/site-packages/airflow/example_dags/tutorial_dag.py took 0.057 seconds
[2025-09-16T23:56:33.726+0000] {processor.py:186} INFO - Started process (PID=1974) to work on /home/airflow/.local/lib/python3.12/site-packages/airflow/example_dags/tutorial_dag.py
[2025-09-16T23:56:33.727+0000] {processor.py:914} INFO - Processing file /home/airflow/.local/lib/python3.12/site-packages/airflow/example_dags/tutorial_dag.py for tasks to queue
[2025-09-16T23:56:33.728+0000] {logging_mixin.py:190} INFO - [2025-09-16T23:56:33.728+0000] {dagbag.py:588} INFO - Filling up the DagBag from /home/airflow/.local/lib/python3.12/site-packages/airflow/example_dags/tutorial_dag.py
[2025-09-16T23:56:33.732+0000] {processor.py:925} INFO - DAG(s) 'tutorial_dag' retrieved from /home/airflow/.local/lib/python3.12/site-packages/airflow/example_dags/tutorial_dag.py
[2025-09-16T23:56:33.745+0000] {logging_mixin.py:190} INFO - [2025-09-16T23:56:33.744+0000] {dag.py:3239} INFO - Sync 1 DAGs
[2025-09-16T23:56:33.751+0000] {logging_mixin.py:190} INFO - [2025-09-16T23:56:33.751+0000] {dag.py:4180} INFO - Setting next_dagrun for tutorial_dag to None, run_after=None
[2025-09-16T23:56:33.762+0000] {processor.py:208} INFO - Processing /home/airflow/.local/lib/python3.12/site-packages/airflow/example_dags/tutorial_dag.py took 0.039 seconds
[2025-09-16T23:57:03.874+0000] {processor.py:186} INFO - Started process (PID=2037) to work on /home/airflow/.local/lib/python3.12/site-packages/airflow/example_dags/tutorial_dag.py
[2025-09-16T23:57:03.874+0000] {processor.py:914} INFO - Processing file /home/airflow/.local/lib/python3.12/site-packages/airflow/example_dags/tutorial_dag.py for tasks to queue
[2025-09-16T23:57:03.876+0000] {logging_mixin.py:190} INFO - [2025-09-16T23:57:03.875+0000] {dagbag.py:588} INFO - Filling up the DagBag from /home/airflow/.local/lib/python3.12/site-packages/airflow/example_dags/tutorial_dag.py
[2025-09-16T23:57:03.883+0000] {processor.py:925} INFO - DAG(s) 'tutorial_dag' retrieved from /home/airflow/.local/lib/python3.12/site-packages/airflow/example_dags/tutorial_dag.py
[2025-09-16T23:57:03.900+0000] {logging_mixin.py:190} INFO - [2025-09-16T23:57:03.900+0000] {dag.py:3239} INFO - Sync 1 DAGs
[2025-09-16T23:57:03.909+0000] {logging_mixin.py:190} INFO - [2025-09-16T23:57:03.909+0000] {dag.py:4180} INFO - Setting next_dagrun for tutorial_dag to None, run_after=None
[2025-09-16T23:57:03.920+0000] {processor.py:208} INFO - Processing /home/airflow/.local/lib/python3.12/site-packages/airflow/example_dags/tutorial_dag.py took 0.050 seconds
[2025-09-16T23:57:33.966+0000] {processor.py:186} INFO - Started process (PID=2100) to work on /home/airflow/.local/lib/python3.12/site-packages/airflow/example_dags/tutorial_dag.py
[2025-09-16T23:57:33.967+0000] {processor.py:914} INFO - Processing file /home/airflow/.local/lib/python3.12/site-packages/airflow/example_dags/tutorial_dag.py for tasks to queue
[2025-09-16T23:57:33.968+0000] {logging_mixin.py:190} INFO - [2025-09-16T23:57:33.968+0000] {dagbag.py:588} INFO - Filling up the DagBag from /home/airflow/.local/lib/python3.12/site-packages/airflow/example_dags/tutorial_dag.py
[2025-09-16T23:57:33.972+0000] {processor.py:925} INFO - DAG(s) 'tutorial_dag' retrieved from /home/airflow/.local/lib/python3.12/site-packages/airflow/example_dags/tutorial_dag.py
[2025-09-16T23:57:33.981+0000] {logging_mixin.py:190} INFO - [2025-09-16T23:57:33.981+0000] {dag.py:3239} INFO - Sync 1 DAGs
[2025-09-16T23:57:33.988+0000] {logging_mixin.py:190} INFO - [2025-09-16T23:57:33.988+0000] {dag.py:4180} INFO - Setting next_dagrun for tutorial_dag to None, run_after=None
[2025-09-16T23:57:33.995+0000] {processor.py:208} INFO - Processing /home/airflow/.local/lib/python3.12/site-packages/airflow/example_dags/tutorial_dag.py took 0.031 seconds
[2025-09-16T23:58:04.033+0000] {processor.py:186} INFO - Started process (PID=2163) to work on /home/airflow/.local/lib/python3.12/site-packages/airflow/example_dags/tutorial_dag.py
[2025-09-16T23:58:04.033+0000] {processor.py:914} INFO - Processing file /home/airflow/.local/lib/python3.12/site-packages/airflow/example_dags/tutorial_dag.py for tasks to queue
[2025-09-16T23:58:04.035+0000] {logging_mixin.py:190} INFO - [2025-09-16T23:58:04.034+0000] {dagbag.py:588} INFO - Filling up the DagBag from /home/airflow/.local/lib/python3.12/site-packages/airflow/example_dags/tutorial_dag.py
[2025-09-16T23:58:04.038+0000] {processor.py:925} INFO - DAG(s) 'tutorial_dag' retrieved from /home/airflow/.local/lib/python3.12/site-packages/airflow/example_dags/tutorial_dag.py
[2025-09-16T23:58:04.047+0000] {logging_mixin.py:190} INFO - [2025-09-16T23:58:04.047+0000] {dag.py:3239} INFO - Sync 1 DAGs
[2025-09-16T23:58:04.054+0000] {logging_mixin.py:190} INFO - [2025-09-16T23:58:04.054+0000] {dag.py:4180} INFO - Setting next_dagrun for tutorial_dag to None, run_after=None
[2025-09-16T23:58:04.061+0000] {processor.py:208} INFO - Processing /home/airflow/.local/lib/python3.12/site-packages/airflow/example_dags/tutorial_dag.py took 0.031 seconds
[2025-09-16T23:58:35.085+0000] {processor.py:186} INFO - Started process (PID=2226) to work on /home/airflow/.local/lib/python3.12/site-packages/airflow/example_dags/tutorial_dag.py
[2025-09-16T23:58:35.089+0000] {processor.py:914} INFO - Processing file /home/airflow/.local/lib/python3.12/site-packages/airflow/example_dags/tutorial_dag.py for tasks to queue
[2025-09-16T23:58:35.090+0000] {logging_mixin.py:190} INFO - [2025-09-16T23:58:35.090+0000] {dagbag.py:588} INFO - Filling up the DagBag from /home/airflow/.local/lib/python3.12/site-packages/airflow/example_dags/tutorial_dag.py
[2025-09-16T23:58:35.095+0000] {processor.py:925} INFO - DAG(s) 'tutorial_dag' retrieved from /home/airflow/.local/lib/python3.12/site-packages/airflow/example_dags/tutorial_dag.py
[2025-09-16T23:58:35.107+0000] {logging_mixin.py:190} INFO - [2025-09-16T23:58:35.107+0000] {dag.py:3239} INFO - Sync 1 DAGs
[2025-09-16T23:58:35.114+0000] {logging_mixin.py:190} INFO - [2025-09-16T23:58:35.114+0000] {dag.py:4180} INFO - Setting next_dagrun for tutorial_dag to None, run_after=None
[2025-09-16T23:58:35.122+0000] {processor.py:208} INFO - Processing /home/airflow/.local/lib/python3.12/site-packages/airflow/example_dags/tutorial_dag.py took 0.041 seconds
[2025-09-16T23:59:06.150+0000] {processor.py:186} INFO - Started process (PID=2289) to work on /home/airflow/.local/lib/python3.12/site-packages/airflow/example_dags/tutorial_dag.py
[2025-09-16T23:59:06.152+0000] {processor.py:914} INFO - Processing file /home/airflow/.local/lib/python3.12/site-packages/airflow/example_dags/tutorial_dag.py for tasks to queue
[2025-09-16T23:59:06.153+0000] {logging_mixin.py:190} INFO - [2025-09-16T23:59:06.153+0000] {dagbag.py:588} INFO - Filling up the DagBag from /home/airflow/.local/lib/python3.12/site-packages/airflow/example_dags/tutorial_dag.py
[2025-09-16T23:59:06.157+0000] {processor.py:925} INFO - DAG(s) 'tutorial_dag' retrieved from /home/airflow/.local/lib/python3.12/site-packages/airflow/example_dags/tutorial_dag.py
[2025-09-16T23:59:06.168+0000] {logging_mixin.py:190} INFO - [2025-09-16T23:59:06.168+0000] {dag.py:3239} INFO - Sync 1 DAGs
[2025-09-16T23:59:06.176+0000] {logging_mixin.py:190} INFO - [2025-09-16T23:59:06.176+0000] {dag.py:4180} INFO - Setting next_dagrun for tutorial_dag to None, run_after=None
[2025-09-16T23:59:06.188+0000] {processor.py:208} INFO - Processing /home/airflow/.local/lib/python3.12/site-packages/airflow/example_dags/tutorial_dag.py took 0.041 seconds
[2025-09-16T23:59:37.369+0000] {processor.py:186} INFO - Started process (PID=2352) to work on /home/airflow/.local/lib/python3.12/site-packages/airflow/example_dags/tutorial_dag.py
[2025-09-16T23:59:37.372+0000] {processor.py:914} INFO - Processing file /home/airflow/.local/lib/python3.12/site-packages/airflow/example_dags/tutorial_dag.py for tasks to queue
[2025-09-16T23:59:37.374+0000] {logging_mixin.py:190} INFO - [2025-09-16T23:59:37.374+0000] {dagbag.py:588} INFO - Filling up the DagBag from /home/airflow/.local/lib/python3.12/site-packages/airflow/example_dags/tutorial_dag.py
[2025-09-16T23:59:37.379+0000] {processor.py:925} INFO - DAG(s) 'tutorial_dag' retrieved from /home/airflow/.local/lib/python3.12/site-packages/airflow/example_dags/tutorial_dag.py
[2025-09-16T23:59:37.392+0000] {logging_mixin.py:190} INFO - [2025-09-16T23:59:37.392+0000] {dag.py:3239} INFO - Sync 1 DAGs
[2025-09-16T23:59:37.399+0000] {logging_mixin.py:190} INFO - [2025-09-16T23:59:37.399+0000] {dag.py:4180} INFO - Setting next_dagrun for tutorial_dag to None, run_after=None
[2025-09-16T23:59:37.408+0000] {processor.py:208} INFO - Processing /home/airflow/.local/lib/python3.12/site-packages/airflow/example_dags/tutorial_dag.py took 0.042 seconds
