[2025-09-16T23:41:18.259+0000] {processor.py:186} INFO - Started process (PID=82) to work on /home/airflow/.local/lib/python3.12/site-packages/airflow/example_dags/tutorial_taskflow_templates.py
[2025-09-16T23:41:18.260+0000] {processor.py:914} INFO - Processing file /home/airflow/.local/lib/python3.12/site-packages/airflow/example_dags/tutorial_taskflow_templates.py for tasks to queue
[2025-09-16T23:41:18.261+0000] {logging_mixin.py:190} INFO - [2025-09-16T23:41:18.261+0000] {dagbag.py:588} INFO - Filling up the DagBag from /home/airflow/.local/lib/python3.12/site-packages/airflow/example_dags/tutorial_taskflow_templates.py
[2025-09-16T23:41:18.271+0000] {processor.py:925} INFO - DAG(s) 'tutorial_taskflow_templates' retrieved from /home/airflow/.local/lib/python3.12/site-packages/airflow/example_dags/tutorial_taskflow_templates.py
[2025-09-16T23:41:18.347+0000] {logging_mixin.py:190} INFO - [2025-09-16T23:41:18.346+0000] {override.py:1911} INFO - Created Permission View: can edit on DAG:tutorial_taskflow_templates
[2025-09-16T23:41:18.354+0000] {logging_mixin.py:190} INFO - [2025-09-16T23:41:18.353+0000] {override.py:1911} INFO - Created Permission View: can delete on DAG:tutorial_taskflow_templates
[2025-09-16T23:41:18.360+0000] {logging_mixin.py:190} INFO - [2025-09-16T23:41:18.360+0000] {override.py:1911} INFO - Created Permission View: can read on DAG:tutorial_taskflow_templates
[2025-09-16T23:41:18.368+0000] {logging_mixin.py:190} INFO - [2025-09-16T23:41:18.368+0000] {override.py:1911} INFO - Created Permission View: menu access on DAG Run:tutorial_taskflow_templates
[2025-09-16T23:41:18.372+0000] {logging_mixin.py:190} INFO - [2025-09-16T23:41:18.372+0000] {override.py:1911} INFO - Created Permission View: can create on DAG Run:tutorial_taskflow_templates
[2025-09-16T23:41:18.375+0000] {logging_mixin.py:190} INFO - [2025-09-16T23:41:18.375+0000] {override.py:1911} INFO - Created Permission View: can delete on DAG Run:tutorial_taskflow_templates
[2025-09-16T23:41:18.383+0000] {logging_mixin.py:190} INFO - [2025-09-16T23:41:18.383+0000] {override.py:1911} INFO - Created Permission View: can read on DAG Run:tutorial_taskflow_templates
[2025-09-16T23:41:18.384+0000] {logging_mixin.py:190} INFO - [2025-09-16T23:41:18.384+0000] {dag.py:3239} INFO - Sync 1 DAGs
[2025-09-16T23:41:18.394+0000] {logging_mixin.py:190} INFO - [2025-09-16T23:41:18.394+0000] {dag.py:3262} INFO - Creating ORM DAG for tutorial_taskflow_templates
[2025-09-16T23:41:18.403+0000] {logging_mixin.py:190} INFO - [2025-09-16T23:41:18.403+0000] {dag.py:4180} INFO - Setting next_dagrun for tutorial_taskflow_templates to 2025-09-15 00:00:00+00:00, run_after=2025-09-16 00:00:00+00:00
[2025-09-16T23:41:18.421+0000] {processor.py:208} INFO - Processing /home/airflow/.local/lib/python3.12/site-packages/airflow/example_dags/tutorial_taskflow_templates.py took 0.167 seconds
[2025-09-16T23:41:49.205+0000] {processor.py:186} INFO - Started process (PID=145) to work on /home/airflow/.local/lib/python3.12/site-packages/airflow/example_dags/tutorial_taskflow_templates.py
[2025-09-16T23:41:49.206+0000] {processor.py:914} INFO - Processing file /home/airflow/.local/lib/python3.12/site-packages/airflow/example_dags/tutorial_taskflow_templates.py for tasks to queue
[2025-09-16T23:41:49.207+0000] {logging_mixin.py:190} INFO - [2025-09-16T23:41:49.207+0000] {dagbag.py:588} INFO - Filling up the DagBag from /home/airflow/.local/lib/python3.12/site-packages/airflow/example_dags/tutorial_taskflow_templates.py
[2025-09-16T23:41:49.214+0000] {processor.py:925} INFO - DAG(s) 'tutorial_taskflow_templates' retrieved from /home/airflow/.local/lib/python3.12/site-packages/airflow/example_dags/tutorial_taskflow_templates.py
[2025-09-16T23:41:49.225+0000] {logging_mixin.py:190} INFO - [2025-09-16T23:41:49.225+0000] {dag.py:3239} INFO - Sync 1 DAGs
[2025-09-16T23:41:49.237+0000] {logging_mixin.py:190} INFO - [2025-09-16T23:41:49.237+0000] {dag.py:4180} INFO - Setting next_dagrun for tutorial_taskflow_templates to 2025-09-15 00:00:00+00:00, run_after=2025-09-16 00:00:00+00:00
[2025-09-16T23:41:49.246+0000] {processor.py:208} INFO - Processing /home/airflow/.local/lib/python3.12/site-packages/airflow/example_dags/tutorial_taskflow_templates.py took 0.045 seconds
[2025-09-16T23:42:19.302+0000] {processor.py:186} INFO - Started process (PID=208) to work on /home/airflow/.local/lib/python3.12/site-packages/airflow/example_dags/tutorial_taskflow_templates.py
[2025-09-16T23:42:19.302+0000] {processor.py:914} INFO - Processing file /home/airflow/.local/lib/python3.12/site-packages/airflow/example_dags/tutorial_taskflow_templates.py for tasks to queue
[2025-09-16T23:42:19.303+0000] {logging_mixin.py:190} INFO - [2025-09-16T23:42:19.303+0000] {dagbag.py:588} INFO - Filling up the DagBag from /home/airflow/.local/lib/python3.12/site-packages/airflow/example_dags/tutorial_taskflow_templates.py
[2025-09-16T23:42:19.311+0000] {processor.py:925} INFO - DAG(s) 'tutorial_taskflow_templates' retrieved from /home/airflow/.local/lib/python3.12/site-packages/airflow/example_dags/tutorial_taskflow_templates.py
[2025-09-16T23:42:19.324+0000] {logging_mixin.py:190} INFO - [2025-09-16T23:42:19.324+0000] {dag.py:3239} INFO - Sync 1 DAGs
[2025-09-16T23:42:19.336+0000] {logging_mixin.py:190} INFO - [2025-09-16T23:42:19.336+0000] {dag.py:4180} INFO - Setting next_dagrun for tutorial_taskflow_templates to 2025-09-15 00:00:00+00:00, run_after=2025-09-16 00:00:00+00:00
[2025-09-16T23:42:19.349+0000] {processor.py:208} INFO - Processing /home/airflow/.local/lib/python3.12/site-packages/airflow/example_dags/tutorial_taskflow_templates.py took 0.051 seconds
[2025-09-16T23:42:50.040+0000] {processor.py:186} INFO - Started process (PID=276) to work on /home/airflow/.local/lib/python3.12/site-packages/airflow/example_dags/tutorial_taskflow_templates.py
[2025-09-16T23:42:50.043+0000] {processor.py:914} INFO - Processing file /home/airflow/.local/lib/python3.12/site-packages/airflow/example_dags/tutorial_taskflow_templates.py for tasks to queue
[2025-09-16T23:42:50.045+0000] {logging_mixin.py:190} INFO - [2025-09-16T23:42:50.045+0000] {dagbag.py:588} INFO - Filling up the DagBag from /home/airflow/.local/lib/python3.12/site-packages/airflow/example_dags/tutorial_taskflow_templates.py
[2025-09-16T23:42:50.052+0000] {processor.py:925} INFO - DAG(s) 'tutorial_taskflow_templates' retrieved from /home/airflow/.local/lib/python3.12/site-packages/airflow/example_dags/tutorial_taskflow_templates.py
[2025-09-16T23:42:50.063+0000] {logging_mixin.py:190} INFO - [2025-09-16T23:42:50.063+0000] {dag.py:3239} INFO - Sync 1 DAGs
[2025-09-16T23:42:50.079+0000] {logging_mixin.py:190} INFO - [2025-09-16T23:42:50.078+0000] {dag.py:4180} INFO - Setting next_dagrun for tutorial_taskflow_templates to 2025-09-15 00:00:00+00:00, run_after=2025-09-16 00:00:00+00:00
[2025-09-16T23:42:50.089+0000] {processor.py:208} INFO - Processing /home/airflow/.local/lib/python3.12/site-packages/airflow/example_dags/tutorial_taskflow_templates.py took 0.052 seconds
[2025-09-16T23:43:20.427+0000] {processor.py:186} INFO - Started process (PID=339) to work on /home/airflow/.local/lib/python3.12/site-packages/airflow/example_dags/tutorial_taskflow_templates.py
[2025-09-16T23:43:20.428+0000] {processor.py:914} INFO - Processing file /home/airflow/.local/lib/python3.12/site-packages/airflow/example_dags/tutorial_taskflow_templates.py for tasks to queue
[2025-09-16T23:43:20.430+0000] {logging_mixin.py:190} INFO - [2025-09-16T23:43:20.429+0000] {dagbag.py:588} INFO - Filling up the DagBag from /home/airflow/.local/lib/python3.12/site-packages/airflow/example_dags/tutorial_taskflow_templates.py
[2025-09-16T23:43:20.437+0000] {processor.py:925} INFO - DAG(s) 'tutorial_taskflow_templates' retrieved from /home/airflow/.local/lib/python3.12/site-packages/airflow/example_dags/tutorial_taskflow_templates.py
[2025-09-16T23:43:20.452+0000] {logging_mixin.py:190} INFO - [2025-09-16T23:43:20.452+0000] {dag.py:3239} INFO - Sync 1 DAGs
[2025-09-16T23:43:20.469+0000] {logging_mixin.py:190} INFO - [2025-09-16T23:43:20.469+0000] {dag.py:4180} INFO - Setting next_dagrun for tutorial_taskflow_templates to 2025-09-15 00:00:00+00:00, run_after=2025-09-16 00:00:00+00:00
[2025-09-16T23:43:20.481+0000] {processor.py:208} INFO - Processing /home/airflow/.local/lib/python3.12/site-packages/airflow/example_dags/tutorial_taskflow_templates.py took 0.059 seconds
[2025-09-16T23:43:51.375+0000] {processor.py:186} INFO - Started process (PID=402) to work on /home/airflow/.local/lib/python3.12/site-packages/airflow/example_dags/tutorial_taskflow_templates.py
[2025-09-16T23:43:51.376+0000] {processor.py:914} INFO - Processing file /home/airflow/.local/lib/python3.12/site-packages/airflow/example_dags/tutorial_taskflow_templates.py for tasks to queue
[2025-09-16T23:43:51.377+0000] {logging_mixin.py:190} INFO - [2025-09-16T23:43:51.377+0000] {dagbag.py:588} INFO - Filling up the DagBag from /home/airflow/.local/lib/python3.12/site-packages/airflow/example_dags/tutorial_taskflow_templates.py
[2025-09-16T23:43:51.384+0000] {processor.py:925} INFO - DAG(s) 'tutorial_taskflow_templates' retrieved from /home/airflow/.local/lib/python3.12/site-packages/airflow/example_dags/tutorial_taskflow_templates.py
[2025-09-16T23:43:51.397+0000] {logging_mixin.py:190} INFO - [2025-09-16T23:43:51.397+0000] {dag.py:3239} INFO - Sync 1 DAGs
[2025-09-16T23:43:51.409+0000] {logging_mixin.py:190} INFO - [2025-09-16T23:43:51.409+0000] {dag.py:4180} INFO - Setting next_dagrun for tutorial_taskflow_templates to 2025-09-15 00:00:00+00:00, run_after=2025-09-16 00:00:00+00:00
[2025-09-16T23:43:51.424+0000] {processor.py:208} INFO - Processing /home/airflow/.local/lib/python3.12/site-packages/airflow/example_dags/tutorial_taskflow_templates.py took 0.052 seconds
[2025-09-16T23:44:21.748+0000] {processor.py:186} INFO - Started process (PID=465) to work on /home/airflow/.local/lib/python3.12/site-packages/airflow/example_dags/tutorial_taskflow_templates.py
[2025-09-16T23:44:21.749+0000] {processor.py:914} INFO - Processing file /home/airflow/.local/lib/python3.12/site-packages/airflow/example_dags/tutorial_taskflow_templates.py for tasks to queue
[2025-09-16T23:44:21.750+0000] {logging_mixin.py:190} INFO - [2025-09-16T23:44:21.750+0000] {dagbag.py:588} INFO - Filling up the DagBag from /home/airflow/.local/lib/python3.12/site-packages/airflow/example_dags/tutorial_taskflow_templates.py
[2025-09-16T23:44:21.758+0000] {processor.py:925} INFO - DAG(s) 'tutorial_taskflow_templates' retrieved from /home/airflow/.local/lib/python3.12/site-packages/airflow/example_dags/tutorial_taskflow_templates.py
[2025-09-16T23:44:21.768+0000] {logging_mixin.py:190} INFO - [2025-09-16T23:44:21.768+0000] {dag.py:3239} INFO - Sync 1 DAGs
[2025-09-16T23:44:21.781+0000] {logging_mixin.py:190} INFO - [2025-09-16T23:44:21.781+0000] {dag.py:4180} INFO - Setting next_dagrun for tutorial_taskflow_templates to 2025-09-15 00:00:00+00:00, run_after=2025-09-16 00:00:00+00:00
[2025-09-16T23:44:21.790+0000] {processor.py:208} INFO - Processing /home/airflow/.local/lib/python3.12/site-packages/airflow/example_dags/tutorial_taskflow_templates.py took 0.046 seconds
[2025-09-16T23:44:52.273+0000] {processor.py:186} INFO - Started process (PID=527) to work on /home/airflow/.local/lib/python3.12/site-packages/airflow/example_dags/tutorial_taskflow_templates.py
[2025-09-16T23:44:52.275+0000] {processor.py:914} INFO - Processing file /home/airflow/.local/lib/python3.12/site-packages/airflow/example_dags/tutorial_taskflow_templates.py for tasks to queue
[2025-09-16T23:44:52.276+0000] {logging_mixin.py:190} INFO - [2025-09-16T23:44:52.276+0000] {dagbag.py:588} INFO - Filling up the DagBag from /home/airflow/.local/lib/python3.12/site-packages/airflow/example_dags/tutorial_taskflow_templates.py
[2025-09-16T23:44:52.283+0000] {processor.py:925} INFO - DAG(s) 'tutorial_taskflow_templates' retrieved from /home/airflow/.local/lib/python3.12/site-packages/airflow/example_dags/tutorial_taskflow_templates.py
[2025-09-16T23:44:52.293+0000] {logging_mixin.py:190} INFO - [2025-09-16T23:44:52.293+0000] {dag.py:3239} INFO - Sync 1 DAGs
[2025-09-16T23:44:52.305+0000] {logging_mixin.py:190} INFO - [2025-09-16T23:44:52.305+0000] {dag.py:4180} INFO - Setting next_dagrun for tutorial_taskflow_templates to 2025-09-15 00:00:00+00:00, run_after=2025-09-16 00:00:00+00:00
[2025-09-16T23:44:52.316+0000] {processor.py:208} INFO - Processing /home/airflow/.local/lib/python3.12/site-packages/airflow/example_dags/tutorial_taskflow_templates.py took 0.046 seconds
[2025-09-16T23:45:22.560+0000] {processor.py:186} INFO - Started process (PID=590) to work on /home/airflow/.local/lib/python3.12/site-packages/airflow/example_dags/tutorial_taskflow_templates.py
[2025-09-16T23:45:22.561+0000] {processor.py:914} INFO - Processing file /home/airflow/.local/lib/python3.12/site-packages/airflow/example_dags/tutorial_taskflow_templates.py for tasks to queue
[2025-09-16T23:45:22.563+0000] {logging_mixin.py:190} INFO - [2025-09-16T23:45:22.563+0000] {dagbag.py:588} INFO - Filling up the DagBag from /home/airflow/.local/lib/python3.12/site-packages/airflow/example_dags/tutorial_taskflow_templates.py
[2025-09-16T23:45:22.571+0000] {processor.py:925} INFO - DAG(s) 'tutorial_taskflow_templates' retrieved from /home/airflow/.local/lib/python3.12/site-packages/airflow/example_dags/tutorial_taskflow_templates.py
[2025-09-16T23:45:22.581+0000] {logging_mixin.py:190} INFO - [2025-09-16T23:45:22.581+0000] {dag.py:3239} INFO - Sync 1 DAGs
[2025-09-16T23:45:22.593+0000] {logging_mixin.py:190} INFO - [2025-09-16T23:45:22.593+0000] {dag.py:4180} INFO - Setting next_dagrun for tutorial_taskflow_templates to 2025-09-15 00:00:00+00:00, run_after=2025-09-16 00:00:00+00:00
[2025-09-16T23:45:22.604+0000] {processor.py:208} INFO - Processing /home/airflow/.local/lib/python3.12/site-packages/airflow/example_dags/tutorial_taskflow_templates.py took 0.048 seconds
[2025-09-16T23:45:53.301+0000] {processor.py:186} INFO - Started process (PID=653) to work on /home/airflow/.local/lib/python3.12/site-packages/airflow/example_dags/tutorial_taskflow_templates.py
[2025-09-16T23:45:53.304+0000] {processor.py:914} INFO - Processing file /home/airflow/.local/lib/python3.12/site-packages/airflow/example_dags/tutorial_taskflow_templates.py for tasks to queue
[2025-09-16T23:45:53.305+0000] {logging_mixin.py:190} INFO - [2025-09-16T23:45:53.305+0000] {dagbag.py:588} INFO - Filling up the DagBag from /home/airflow/.local/lib/python3.12/site-packages/airflow/example_dags/tutorial_taskflow_templates.py
[2025-09-16T23:45:53.312+0000] {processor.py:925} INFO - DAG(s) 'tutorial_taskflow_templates' retrieved from /home/airflow/.local/lib/python3.12/site-packages/airflow/example_dags/tutorial_taskflow_templates.py
[2025-09-16T23:45:53.324+0000] {logging_mixin.py:190} INFO - [2025-09-16T23:45:53.324+0000] {dag.py:3239} INFO - Sync 1 DAGs
[2025-09-16T23:45:53.336+0000] {logging_mixin.py:190} INFO - [2025-09-16T23:45:53.336+0000] {dag.py:4180} INFO - Setting next_dagrun for tutorial_taskflow_templates to 2025-09-15 00:00:00+00:00, run_after=2025-09-16 00:00:00+00:00
[2025-09-16T23:45:53.345+0000] {processor.py:208} INFO - Processing /home/airflow/.local/lib/python3.12/site-packages/airflow/example_dags/tutorial_taskflow_templates.py took 0.048 seconds
[2025-09-16T23:46:23.871+0000] {processor.py:186} INFO - Started process (PID=716) to work on /home/airflow/.local/lib/python3.12/site-packages/airflow/example_dags/tutorial_taskflow_templates.py
[2025-09-16T23:46:23.871+0000] {processor.py:914} INFO - Processing file /home/airflow/.local/lib/python3.12/site-packages/airflow/example_dags/tutorial_taskflow_templates.py for tasks to queue
[2025-09-16T23:46:23.873+0000] {logging_mixin.py:190} INFO - [2025-09-16T23:46:23.873+0000] {dagbag.py:588} INFO - Filling up the DagBag from /home/airflow/.local/lib/python3.12/site-packages/airflow/example_dags/tutorial_taskflow_templates.py
[2025-09-16T23:46:23.879+0000] {processor.py:925} INFO - DAG(s) 'tutorial_taskflow_templates' retrieved from /home/airflow/.local/lib/python3.12/site-packages/airflow/example_dags/tutorial_taskflow_templates.py
[2025-09-16T23:46:23.891+0000] {logging_mixin.py:190} INFO - [2025-09-16T23:46:23.890+0000] {dag.py:3239} INFO - Sync 1 DAGs
[2025-09-16T23:46:23.902+0000] {logging_mixin.py:190} INFO - [2025-09-16T23:46:23.902+0000] {dag.py:4180} INFO - Setting next_dagrun for tutorial_taskflow_templates to 2025-09-15 00:00:00+00:00, run_after=2025-09-16 00:00:00+00:00
[2025-09-16T23:46:23.911+0000] {processor.py:208} INFO - Processing /home/airflow/.local/lib/python3.12/site-packages/airflow/example_dags/tutorial_taskflow_templates.py took 0.043 seconds
[2025-09-16T23:46:54.442+0000] {processor.py:186} INFO - Started process (PID=779) to work on /home/airflow/.local/lib/python3.12/site-packages/airflow/example_dags/tutorial_taskflow_templates.py
[2025-09-16T23:46:54.445+0000] {processor.py:914} INFO - Processing file /home/airflow/.local/lib/python3.12/site-packages/airflow/example_dags/tutorial_taskflow_templates.py for tasks to queue
[2025-09-16T23:46:54.446+0000] {logging_mixin.py:190} INFO - [2025-09-16T23:46:54.446+0000] {dagbag.py:588} INFO - Filling up the DagBag from /home/airflow/.local/lib/python3.12/site-packages/airflow/example_dags/tutorial_taskflow_templates.py
[2025-09-16T23:46:54.454+0000] {processor.py:925} INFO - DAG(s) 'tutorial_taskflow_templates' retrieved from /home/airflow/.local/lib/python3.12/site-packages/airflow/example_dags/tutorial_taskflow_templates.py
[2025-09-16T23:46:54.464+0000] {logging_mixin.py:190} INFO - [2025-09-16T23:46:54.464+0000] {dag.py:3239} INFO - Sync 1 DAGs
[2025-09-16T23:46:54.475+0000] {logging_mixin.py:190} INFO - [2025-09-16T23:46:54.475+0000] {dag.py:4180} INFO - Setting next_dagrun for tutorial_taskflow_templates to 2025-09-15 00:00:00+00:00, run_after=2025-09-16 00:00:00+00:00
[2025-09-16T23:46:54.483+0000] {processor.py:208} INFO - Processing /home/airflow/.local/lib/python3.12/site-packages/airflow/example_dags/tutorial_taskflow_templates.py took 0.045 seconds
[2025-09-16T23:47:25.195+0000] {processor.py:186} INFO - Started process (PID=842) to work on /home/airflow/.local/lib/python3.12/site-packages/airflow/example_dags/tutorial_taskflow_templates.py
[2025-09-16T23:47:25.196+0000] {processor.py:914} INFO - Processing file /home/airflow/.local/lib/python3.12/site-packages/airflow/example_dags/tutorial_taskflow_templates.py for tasks to queue
[2025-09-16T23:47:25.198+0000] {logging_mixin.py:190} INFO - [2025-09-16T23:47:25.198+0000] {dagbag.py:588} INFO - Filling up the DagBag from /home/airflow/.local/lib/python3.12/site-packages/airflow/example_dags/tutorial_taskflow_templates.py
[2025-09-16T23:47:25.204+0000] {processor.py:925} INFO - DAG(s) 'tutorial_taskflow_templates' retrieved from /home/airflow/.local/lib/python3.12/site-packages/airflow/example_dags/tutorial_taskflow_templates.py
[2025-09-16T23:47:25.215+0000] {logging_mixin.py:190} INFO - [2025-09-16T23:47:25.214+0000] {dag.py:3239} INFO - Sync 1 DAGs
[2025-09-16T23:47:25.226+0000] {logging_mixin.py:190} INFO - [2025-09-16T23:47:25.226+0000] {dag.py:4180} INFO - Setting next_dagrun for tutorial_taskflow_templates to 2025-09-15 00:00:00+00:00, run_after=2025-09-16 00:00:00+00:00
[2025-09-16T23:47:25.238+0000] {processor.py:208} INFO - Processing /home/airflow/.local/lib/python3.12/site-packages/airflow/example_dags/tutorial_taskflow_templates.py took 0.046 seconds
[2025-09-16T23:47:55.942+0000] {processor.py:186} INFO - Started process (PID=905) to work on /home/airflow/.local/lib/python3.12/site-packages/airflow/example_dags/tutorial_taskflow_templates.py
[2025-09-16T23:47:55.947+0000] {processor.py:914} INFO - Processing file /home/airflow/.local/lib/python3.12/site-packages/airflow/example_dags/tutorial_taskflow_templates.py for tasks to queue
[2025-09-16T23:47:55.951+0000] {logging_mixin.py:190} INFO - [2025-09-16T23:47:55.951+0000] {dagbag.py:588} INFO - Filling up the DagBag from /home/airflow/.local/lib/python3.12/site-packages/airflow/example_dags/tutorial_taskflow_templates.py
[2025-09-16T23:47:55.962+0000] {processor.py:925} INFO - DAG(s) 'tutorial_taskflow_templates' retrieved from /home/airflow/.local/lib/python3.12/site-packages/airflow/example_dags/tutorial_taskflow_templates.py
[2025-09-16T23:47:55.980+0000] {logging_mixin.py:190} INFO - [2025-09-16T23:47:55.980+0000] {dag.py:3239} INFO - Sync 1 DAGs
[2025-09-16T23:47:56.007+0000] {logging_mixin.py:190} INFO - [2025-09-16T23:47:56.007+0000] {dag.py:4180} INFO - Setting next_dagrun for tutorial_taskflow_templates to 2025-09-15 00:00:00+00:00, run_after=2025-09-16 00:00:00+00:00
[2025-09-16T23:47:56.021+0000] {processor.py:208} INFO - Processing /home/airflow/.local/lib/python3.12/site-packages/airflow/example_dags/tutorial_taskflow_templates.py took 0.094 seconds
[2025-09-16T23:48:26.723+0000] {processor.py:186} INFO - Started process (PID=968) to work on /home/airflow/.local/lib/python3.12/site-packages/airflow/example_dags/tutorial_taskflow_templates.py
[2025-09-16T23:48:26.724+0000] {processor.py:914} INFO - Processing file /home/airflow/.local/lib/python3.12/site-packages/airflow/example_dags/tutorial_taskflow_templates.py for tasks to queue
[2025-09-16T23:48:26.725+0000] {logging_mixin.py:190} INFO - [2025-09-16T23:48:26.725+0000] {dagbag.py:588} INFO - Filling up the DagBag from /home/airflow/.local/lib/python3.12/site-packages/airflow/example_dags/tutorial_taskflow_templates.py
[2025-09-16T23:48:26.732+0000] {processor.py:925} INFO - DAG(s) 'tutorial_taskflow_templates' retrieved from /home/airflow/.local/lib/python3.12/site-packages/airflow/example_dags/tutorial_taskflow_templates.py
[2025-09-16T23:48:26.742+0000] {logging_mixin.py:190} INFO - [2025-09-16T23:48:26.742+0000] {dag.py:3239} INFO - Sync 1 DAGs
[2025-09-16T23:48:26.753+0000] {logging_mixin.py:190} INFO - [2025-09-16T23:48:26.753+0000] {dag.py:4180} INFO - Setting next_dagrun for tutorial_taskflow_templates to 2025-09-15 00:00:00+00:00, run_after=2025-09-16 00:00:00+00:00
[2025-09-16T23:48:26.763+0000] {processor.py:208} INFO - Processing /home/airflow/.local/lib/python3.12/site-packages/airflow/example_dags/tutorial_taskflow_templates.py took 0.043 seconds
[2025-09-16T23:48:57.601+0000] {processor.py:186} INFO - Started process (PID=1031) to work on /home/airflow/.local/lib/python3.12/site-packages/airflow/example_dags/tutorial_taskflow_templates.py
[2025-09-16T23:48:57.602+0000] {processor.py:914} INFO - Processing file /home/airflow/.local/lib/python3.12/site-packages/airflow/example_dags/tutorial_taskflow_templates.py for tasks to queue
[2025-09-16T23:48:57.603+0000] {logging_mixin.py:190} INFO - [2025-09-16T23:48:57.603+0000] {dagbag.py:588} INFO - Filling up the DagBag from /home/airflow/.local/lib/python3.12/site-packages/airflow/example_dags/tutorial_taskflow_templates.py
[2025-09-16T23:48:57.610+0000] {processor.py:925} INFO - DAG(s) 'tutorial_taskflow_templates' retrieved from /home/airflow/.local/lib/python3.12/site-packages/airflow/example_dags/tutorial_taskflow_templates.py
[2025-09-16T23:48:57.622+0000] {logging_mixin.py:190} INFO - [2025-09-16T23:48:57.622+0000] {dag.py:3239} INFO - Sync 1 DAGs
[2025-09-16T23:48:57.634+0000] {logging_mixin.py:190} INFO - [2025-09-16T23:48:57.634+0000] {dag.py:4180} INFO - Setting next_dagrun for tutorial_taskflow_templates to 2025-09-15 00:00:00+00:00, run_after=2025-09-16 00:00:00+00:00
[2025-09-16T23:48:57.644+0000] {processor.py:208} INFO - Processing /home/airflow/.local/lib/python3.12/site-packages/airflow/example_dags/tutorial_taskflow_templates.py took 0.046 seconds
[2025-09-16T23:49:28.495+0000] {processor.py:186} INFO - Started process (PID=1094) to work on /home/airflow/.local/lib/python3.12/site-packages/airflow/example_dags/tutorial_taskflow_templates.py
[2025-09-16T23:49:28.495+0000] {processor.py:914} INFO - Processing file /home/airflow/.local/lib/python3.12/site-packages/airflow/example_dags/tutorial_taskflow_templates.py for tasks to queue
[2025-09-16T23:49:28.497+0000] {logging_mixin.py:190} INFO - [2025-09-16T23:49:28.497+0000] {dagbag.py:588} INFO - Filling up the DagBag from /home/airflow/.local/lib/python3.12/site-packages/airflow/example_dags/tutorial_taskflow_templates.py
[2025-09-16T23:49:28.504+0000] {processor.py:925} INFO - DAG(s) 'tutorial_taskflow_templates' retrieved from /home/airflow/.local/lib/python3.12/site-packages/airflow/example_dags/tutorial_taskflow_templates.py
[2025-09-16T23:49:28.516+0000] {logging_mixin.py:190} INFO - [2025-09-16T23:49:28.516+0000] {dag.py:3239} INFO - Sync 1 DAGs
[2025-09-16T23:49:28.528+0000] {logging_mixin.py:190} INFO - [2025-09-16T23:49:28.528+0000] {dag.py:4180} INFO - Setting next_dagrun for tutorial_taskflow_templates to 2025-09-15 00:00:00+00:00, run_after=2025-09-16 00:00:00+00:00
[2025-09-16T23:49:28.536+0000] {processor.py:208} INFO - Processing /home/airflow/.local/lib/python3.12/site-packages/airflow/example_dags/tutorial_taskflow_templates.py took 0.045 seconds
[2025-09-16T23:49:58.992+0000] {processor.py:186} INFO - Started process (PID=1157) to work on /home/airflow/.local/lib/python3.12/site-packages/airflow/example_dags/tutorial_taskflow_templates.py
[2025-09-16T23:49:58.993+0000] {processor.py:914} INFO - Processing file /home/airflow/.local/lib/python3.12/site-packages/airflow/example_dags/tutorial_taskflow_templates.py for tasks to queue
[2025-09-16T23:49:58.995+0000] {logging_mixin.py:190} INFO - [2025-09-16T23:49:58.995+0000] {dagbag.py:588} INFO - Filling up the DagBag from /home/airflow/.local/lib/python3.12/site-packages/airflow/example_dags/tutorial_taskflow_templates.py
[2025-09-16T23:49:59.001+0000] {processor.py:925} INFO - DAG(s) 'tutorial_taskflow_templates' retrieved from /home/airflow/.local/lib/python3.12/site-packages/airflow/example_dags/tutorial_taskflow_templates.py
[2025-09-16T23:49:59.012+0000] {logging_mixin.py:190} INFO - [2025-09-16T23:49:59.012+0000] {dag.py:3239} INFO - Sync 1 DAGs
[2025-09-16T23:49:59.028+0000] {logging_mixin.py:190} INFO - [2025-09-16T23:49:59.028+0000] {dag.py:4180} INFO - Setting next_dagrun for tutorial_taskflow_templates to 2025-09-15 00:00:00+00:00, run_after=2025-09-16 00:00:00+00:00
[2025-09-16T23:49:59.038+0000] {processor.py:208} INFO - Processing /home/airflow/.local/lib/python3.12/site-packages/airflow/example_dags/tutorial_taskflow_templates.py took 0.050 seconds
[2025-09-16T23:50:29.420+0000] {processor.py:186} INFO - Started process (PID=1220) to work on /home/airflow/.local/lib/python3.12/site-packages/airflow/example_dags/tutorial_taskflow_templates.py
[2025-09-16T23:50:29.421+0000] {processor.py:914} INFO - Processing file /home/airflow/.local/lib/python3.12/site-packages/airflow/example_dags/tutorial_taskflow_templates.py for tasks to queue
[2025-09-16T23:50:29.426+0000] {logging_mixin.py:190} INFO - [2025-09-16T23:50:29.426+0000] {dagbag.py:588} INFO - Filling up the DagBag from /home/airflow/.local/lib/python3.12/site-packages/airflow/example_dags/tutorial_taskflow_templates.py
[2025-09-16T23:50:29.432+0000] {processor.py:925} INFO - DAG(s) 'tutorial_taskflow_templates' retrieved from /home/airflow/.local/lib/python3.12/site-packages/airflow/example_dags/tutorial_taskflow_templates.py
[2025-09-16T23:50:29.445+0000] {logging_mixin.py:190} INFO - [2025-09-16T23:50:29.445+0000] {dag.py:3239} INFO - Sync 1 DAGs
[2025-09-16T23:50:29.457+0000] {logging_mixin.py:190} INFO - [2025-09-16T23:50:29.457+0000] {dag.py:4180} INFO - Setting next_dagrun for tutorial_taskflow_templates to 2025-09-15 00:00:00+00:00, run_after=2025-09-16 00:00:00+00:00
[2025-09-16T23:50:29.465+0000] {processor.py:208} INFO - Processing /home/airflow/.local/lib/python3.12/site-packages/airflow/example_dags/tutorial_taskflow_templates.py took 0.049 seconds
[2025-09-16T23:50:59.575+0000] {processor.py:186} INFO - Started process (PID=1283) to work on /home/airflow/.local/lib/python3.12/site-packages/airflow/example_dags/tutorial_taskflow_templates.py
[2025-09-16T23:50:59.576+0000] {processor.py:914} INFO - Processing file /home/airflow/.local/lib/python3.12/site-packages/airflow/example_dags/tutorial_taskflow_templates.py for tasks to queue
[2025-09-16T23:50:59.577+0000] {logging_mixin.py:190} INFO - [2025-09-16T23:50:59.577+0000] {dagbag.py:588} INFO - Filling up the DagBag from /home/airflow/.local/lib/python3.12/site-packages/airflow/example_dags/tutorial_taskflow_templates.py
[2025-09-16T23:50:59.583+0000] {processor.py:925} INFO - DAG(s) 'tutorial_taskflow_templates' retrieved from /home/airflow/.local/lib/python3.12/site-packages/airflow/example_dags/tutorial_taskflow_templates.py
[2025-09-16T23:50:59.593+0000] {logging_mixin.py:190} INFO - [2025-09-16T23:50:59.593+0000] {dag.py:3239} INFO - Sync 1 DAGs
[2025-09-16T23:50:59.605+0000] {logging_mixin.py:190} INFO - [2025-09-16T23:50:59.605+0000] {dag.py:4180} INFO - Setting next_dagrun for tutorial_taskflow_templates to 2025-09-15 00:00:00+00:00, run_after=2025-09-16 00:00:00+00:00
[2025-09-16T23:50:59.616+0000] {processor.py:208} INFO - Processing /home/airflow/.local/lib/python3.12/site-packages/airflow/example_dags/tutorial_taskflow_templates.py took 0.044 seconds
[2025-09-16T23:51:29.867+0000] {processor.py:186} INFO - Started process (PID=1346) to work on /home/airflow/.local/lib/python3.12/site-packages/airflow/example_dags/tutorial_taskflow_templates.py
[2025-09-16T23:51:29.868+0000] {processor.py:914} INFO - Processing file /home/airflow/.local/lib/python3.12/site-packages/airflow/example_dags/tutorial_taskflow_templates.py for tasks to queue
[2025-09-16T23:51:29.869+0000] {logging_mixin.py:190} INFO - [2025-09-16T23:51:29.869+0000] {dagbag.py:588} INFO - Filling up the DagBag from /home/airflow/.local/lib/python3.12/site-packages/airflow/example_dags/tutorial_taskflow_templates.py
[2025-09-16T23:51:29.876+0000] {processor.py:925} INFO - DAG(s) 'tutorial_taskflow_templates' retrieved from /home/airflow/.local/lib/python3.12/site-packages/airflow/example_dags/tutorial_taskflow_templates.py
[2025-09-16T23:51:29.889+0000] {logging_mixin.py:190} INFO - [2025-09-16T23:51:29.889+0000] {dag.py:3239} INFO - Sync 1 DAGs
[2025-09-16T23:51:29.901+0000] {logging_mixin.py:190} INFO - [2025-09-16T23:51:29.901+0000] {dag.py:4180} INFO - Setting next_dagrun for tutorial_taskflow_templates to 2025-09-15 00:00:00+00:00, run_after=2025-09-16 00:00:00+00:00
[2025-09-16T23:51:29.910+0000] {processor.py:208} INFO - Processing /home/airflow/.local/lib/python3.12/site-packages/airflow/example_dags/tutorial_taskflow_templates.py took 0.046 seconds
[2025-09-16T23:52:00.438+0000] {processor.py:186} INFO - Started process (PID=1409) to work on /home/airflow/.local/lib/python3.12/site-packages/airflow/example_dags/tutorial_taskflow_templates.py
[2025-09-16T23:52:00.439+0000] {processor.py:914} INFO - Processing file /home/airflow/.local/lib/python3.12/site-packages/airflow/example_dags/tutorial_taskflow_templates.py for tasks to queue
[2025-09-16T23:52:00.440+0000] {logging_mixin.py:190} INFO - [2025-09-16T23:52:00.440+0000] {dagbag.py:588} INFO - Filling up the DagBag from /home/airflow/.local/lib/python3.12/site-packages/airflow/example_dags/tutorial_taskflow_templates.py
[2025-09-16T23:52:00.447+0000] {processor.py:925} INFO - DAG(s) 'tutorial_taskflow_templates' retrieved from /home/airflow/.local/lib/python3.12/site-packages/airflow/example_dags/tutorial_taskflow_templates.py
[2025-09-16T23:52:00.461+0000] {logging_mixin.py:190} INFO - [2025-09-16T23:52:00.461+0000] {dag.py:3239} INFO - Sync 1 DAGs
[2025-09-16T23:52:00.473+0000] {logging_mixin.py:190} INFO - [2025-09-16T23:52:00.473+0000] {dag.py:4180} INFO - Setting next_dagrun for tutorial_taskflow_templates to 2025-09-15 00:00:00+00:00, run_after=2025-09-16 00:00:00+00:00
[2025-09-16T23:52:00.482+0000] {processor.py:208} INFO - Processing /home/airflow/.local/lib/python3.12/site-packages/airflow/example_dags/tutorial_taskflow_templates.py took 0.048 seconds
[2025-09-16T23:52:30.710+0000] {processor.py:186} INFO - Started process (PID=1472) to work on /home/airflow/.local/lib/python3.12/site-packages/airflow/example_dags/tutorial_taskflow_templates.py
[2025-09-16T23:52:30.711+0000] {processor.py:914} INFO - Processing file /home/airflow/.local/lib/python3.12/site-packages/airflow/example_dags/tutorial_taskflow_templates.py for tasks to queue
[2025-09-16T23:52:30.712+0000] {logging_mixin.py:190} INFO - [2025-09-16T23:52:30.712+0000] {dagbag.py:588} INFO - Filling up the DagBag from /home/airflow/.local/lib/python3.12/site-packages/airflow/example_dags/tutorial_taskflow_templates.py
[2025-09-16T23:52:30.719+0000] {processor.py:925} INFO - DAG(s) 'tutorial_taskflow_templates' retrieved from /home/airflow/.local/lib/python3.12/site-packages/airflow/example_dags/tutorial_taskflow_templates.py
[2025-09-16T23:52:30.730+0000] {logging_mixin.py:190} INFO - [2025-09-16T23:52:30.730+0000] {dag.py:3239} INFO - Sync 1 DAGs
[2025-09-16T23:52:30.745+0000] {logging_mixin.py:190} INFO - [2025-09-16T23:52:30.745+0000] {dag.py:4180} INFO - Setting next_dagrun for tutorial_taskflow_templates to 2025-09-15 00:00:00+00:00, run_after=2025-09-16 00:00:00+00:00
[2025-09-16T23:52:30.754+0000] {processor.py:208} INFO - Processing /home/airflow/.local/lib/python3.12/site-packages/airflow/example_dags/tutorial_taskflow_templates.py took 0.047 seconds
[2025-09-16T23:53:01.128+0000] {processor.py:186} INFO - Started process (PID=1535) to work on /home/airflow/.local/lib/python3.12/site-packages/airflow/example_dags/tutorial_taskflow_templates.py
[2025-09-16T23:53:01.131+0000] {processor.py:914} INFO - Processing file /home/airflow/.local/lib/python3.12/site-packages/airflow/example_dags/tutorial_taskflow_templates.py for tasks to queue
[2025-09-16T23:53:01.133+0000] {logging_mixin.py:190} INFO - [2025-09-16T23:53:01.132+0000] {dagbag.py:588} INFO - Filling up the DagBag from /home/airflow/.local/lib/python3.12/site-packages/airflow/example_dags/tutorial_taskflow_templates.py
[2025-09-16T23:53:01.142+0000] {processor.py:925} INFO - DAG(s) 'tutorial_taskflow_templates' retrieved from /home/airflow/.local/lib/python3.12/site-packages/airflow/example_dags/tutorial_taskflow_templates.py
[2025-09-16T23:53:01.154+0000] {logging_mixin.py:190} INFO - [2025-09-16T23:53:01.154+0000] {dag.py:3239} INFO - Sync 1 DAGs
[2025-09-16T23:53:01.166+0000] {logging_mixin.py:190} INFO - [2025-09-16T23:53:01.166+0000] {dag.py:4180} INFO - Setting next_dagrun for tutorial_taskflow_templates to 2025-09-15 00:00:00+00:00, run_after=2025-09-16 00:00:00+00:00
[2025-09-16T23:53:01.175+0000] {processor.py:208} INFO - Processing /home/airflow/.local/lib/python3.12/site-packages/airflow/example_dags/tutorial_taskflow_templates.py took 0.050 seconds
[2025-09-16T23:53:31.579+0000] {processor.py:186} INFO - Started process (PID=1598) to work on /home/airflow/.local/lib/python3.12/site-packages/airflow/example_dags/tutorial_taskflow_templates.py
[2025-09-16T23:53:31.583+0000] {processor.py:914} INFO - Processing file /home/airflow/.local/lib/python3.12/site-packages/airflow/example_dags/tutorial_taskflow_templates.py for tasks to queue
[2025-09-16T23:53:31.588+0000] {logging_mixin.py:190} INFO - [2025-09-16T23:53:31.587+0000] {dagbag.py:588} INFO - Filling up the DagBag from /home/airflow/.local/lib/python3.12/site-packages/airflow/example_dags/tutorial_taskflow_templates.py
[2025-09-16T23:53:31.600+0000] {processor.py:925} INFO - DAG(s) 'tutorial_taskflow_templates' retrieved from /home/airflow/.local/lib/python3.12/site-packages/airflow/example_dags/tutorial_taskflow_templates.py
[2025-09-16T23:53:31.614+0000] {logging_mixin.py:190} INFO - [2025-09-16T23:53:31.614+0000] {dag.py:3239} INFO - Sync 1 DAGs
[2025-09-16T23:53:31.627+0000] {logging_mixin.py:190} INFO - [2025-09-16T23:53:31.627+0000] {dag.py:4180} INFO - Setting next_dagrun for tutorial_taskflow_templates to 2025-09-15 00:00:00+00:00, run_after=2025-09-16 00:00:00+00:00
[2025-09-16T23:53:31.640+0000] {processor.py:208} INFO - Processing /home/airflow/.local/lib/python3.12/site-packages/airflow/example_dags/tutorial_taskflow_templates.py took 0.064 seconds
[2025-09-16T23:54:01.973+0000] {processor.py:186} INFO - Started process (PID=1661) to work on /home/airflow/.local/lib/python3.12/site-packages/airflow/example_dags/tutorial_taskflow_templates.py
[2025-09-16T23:54:01.975+0000] {processor.py:914} INFO - Processing file /home/airflow/.local/lib/python3.12/site-packages/airflow/example_dags/tutorial_taskflow_templates.py for tasks to queue
[2025-09-16T23:54:01.976+0000] {logging_mixin.py:190} INFO - [2025-09-16T23:54:01.976+0000] {dagbag.py:588} INFO - Filling up the DagBag from /home/airflow/.local/lib/python3.12/site-packages/airflow/example_dags/tutorial_taskflow_templates.py
[2025-09-16T23:54:01.983+0000] {processor.py:925} INFO - DAG(s) 'tutorial_taskflow_templates' retrieved from /home/airflow/.local/lib/python3.12/site-packages/airflow/example_dags/tutorial_taskflow_templates.py
[2025-09-16T23:54:01.994+0000] {logging_mixin.py:190} INFO - [2025-09-16T23:54:01.994+0000] {dag.py:3239} INFO - Sync 1 DAGs
[2025-09-16T23:54:02.007+0000] {logging_mixin.py:190} INFO - [2025-09-16T23:54:02.007+0000] {dag.py:4180} INFO - Setting next_dagrun for tutorial_taskflow_templates to 2025-09-15 00:00:00+00:00, run_after=2025-09-16 00:00:00+00:00
[2025-09-16T23:54:02.016+0000] {processor.py:208} INFO - Processing /home/airflow/.local/lib/python3.12/site-packages/airflow/example_dags/tutorial_taskflow_templates.py took 0.046 seconds
[2025-09-16T23:54:32.544+0000] {processor.py:186} INFO - Started process (PID=1724) to work on /home/airflow/.local/lib/python3.12/site-packages/airflow/example_dags/tutorial_taskflow_templates.py
[2025-09-16T23:54:32.545+0000] {processor.py:914} INFO - Processing file /home/airflow/.local/lib/python3.12/site-packages/airflow/example_dags/tutorial_taskflow_templates.py for tasks to queue
[2025-09-16T23:54:32.547+0000] {logging_mixin.py:190} INFO - [2025-09-16T23:54:32.547+0000] {dagbag.py:588} INFO - Filling up the DagBag from /home/airflow/.local/lib/python3.12/site-packages/airflow/example_dags/tutorial_taskflow_templates.py
[2025-09-16T23:54:32.559+0000] {processor.py:925} INFO - DAG(s) 'tutorial_taskflow_templates' retrieved from /home/airflow/.local/lib/python3.12/site-packages/airflow/example_dags/tutorial_taskflow_templates.py
[2025-09-16T23:54:32.575+0000] {logging_mixin.py:190} INFO - [2025-09-16T23:54:32.575+0000] {dag.py:3239} INFO - Sync 1 DAGs
[2025-09-16T23:54:32.592+0000] {logging_mixin.py:190} INFO - [2025-09-16T23:54:32.592+0000] {dag.py:4180} INFO - Setting next_dagrun for tutorial_taskflow_templates to 2025-09-15 00:00:00+00:00, run_after=2025-09-16 00:00:00+00:00
[2025-09-16T23:54:32.607+0000] {processor.py:208} INFO - Processing /home/airflow/.local/lib/python3.12/site-packages/airflow/example_dags/tutorial_taskflow_templates.py took 0.067 seconds
[2025-09-16T23:55:03.209+0000] {processor.py:186} INFO - Started process (PID=1787) to work on /home/airflow/.local/lib/python3.12/site-packages/airflow/example_dags/tutorial_taskflow_templates.py
[2025-09-16T23:55:03.210+0000] {processor.py:914} INFO - Processing file /home/airflow/.local/lib/python3.12/site-packages/airflow/example_dags/tutorial_taskflow_templates.py for tasks to queue
[2025-09-16T23:55:03.212+0000] {logging_mixin.py:190} INFO - [2025-09-16T23:55:03.212+0000] {dagbag.py:588} INFO - Filling up the DagBag from /home/airflow/.local/lib/python3.12/site-packages/airflow/example_dags/tutorial_taskflow_templates.py
[2025-09-16T23:55:03.219+0000] {processor.py:925} INFO - DAG(s) 'tutorial_taskflow_templates' retrieved from /home/airflow/.local/lib/python3.12/site-packages/airflow/example_dags/tutorial_taskflow_templates.py
[2025-09-16T23:55:03.230+0000] {logging_mixin.py:190} INFO - [2025-09-16T23:55:03.229+0000] {dag.py:3239} INFO - Sync 1 DAGs
[2025-09-16T23:55:03.242+0000] {logging_mixin.py:190} INFO - [2025-09-16T23:55:03.242+0000] {dag.py:4180} INFO - Setting next_dagrun for tutorial_taskflow_templates to 2025-09-15 00:00:00+00:00, run_after=2025-09-16 00:00:00+00:00
[2025-09-16T23:55:03.251+0000] {processor.py:208} INFO - Processing /home/airflow/.local/lib/python3.12/site-packages/airflow/example_dags/tutorial_taskflow_templates.py took 0.045 seconds
[2025-09-16T23:55:33.422+0000] {processor.py:186} INFO - Started process (PID=1850) to work on /home/airflow/.local/lib/python3.12/site-packages/airflow/example_dags/tutorial_taskflow_templates.py
[2025-09-16T23:55:33.422+0000] {processor.py:914} INFO - Processing file /home/airflow/.local/lib/python3.12/site-packages/airflow/example_dags/tutorial_taskflow_templates.py for tasks to queue
[2025-09-16T23:55:33.424+0000] {logging_mixin.py:190} INFO - [2025-09-16T23:55:33.424+0000] {dagbag.py:588} INFO - Filling up the DagBag from /home/airflow/.local/lib/python3.12/site-packages/airflow/example_dags/tutorial_taskflow_templates.py
[2025-09-16T23:55:33.430+0000] {processor.py:925} INFO - DAG(s) 'tutorial_taskflow_templates' retrieved from /home/airflow/.local/lib/python3.12/site-packages/airflow/example_dags/tutorial_taskflow_templates.py
[2025-09-16T23:55:33.441+0000] {logging_mixin.py:190} INFO - [2025-09-16T23:55:33.441+0000] {dag.py:3239} INFO - Sync 1 DAGs
[2025-09-16T23:55:33.454+0000] {logging_mixin.py:190} INFO - [2025-09-16T23:55:33.454+0000] {dag.py:4180} INFO - Setting next_dagrun for tutorial_taskflow_templates to 2025-09-15 00:00:00+00:00, run_after=2025-09-16 00:00:00+00:00
[2025-09-16T23:55:33.462+0000] {processor.py:208} INFO - Processing /home/airflow/.local/lib/python3.12/site-packages/airflow/example_dags/tutorial_taskflow_templates.py took 0.044 seconds
[2025-09-16T23:56:03.557+0000] {processor.py:186} INFO - Started process (PID=1913) to work on /home/airflow/.local/lib/python3.12/site-packages/airflow/example_dags/tutorial_taskflow_templates.py
[2025-09-16T23:56:03.560+0000] {processor.py:914} INFO - Processing file /home/airflow/.local/lib/python3.12/site-packages/airflow/example_dags/tutorial_taskflow_templates.py for tasks to queue
[2025-09-16T23:56:03.562+0000] {logging_mixin.py:190} INFO - [2025-09-16T23:56:03.562+0000] {dagbag.py:588} INFO - Filling up the DagBag from /home/airflow/.local/lib/python3.12/site-packages/airflow/example_dags/tutorial_taskflow_templates.py
[2025-09-16T23:56:03.569+0000] {processor.py:925} INFO - DAG(s) 'tutorial_taskflow_templates' retrieved from /home/airflow/.local/lib/python3.12/site-packages/airflow/example_dags/tutorial_taskflow_templates.py
[2025-09-16T23:56:03.580+0000] {logging_mixin.py:190} INFO - [2025-09-16T23:56:03.579+0000] {dag.py:3239} INFO - Sync 1 DAGs
[2025-09-16T23:56:03.592+0000] {logging_mixin.py:190} INFO - [2025-09-16T23:56:03.592+0000] {dag.py:4180} INFO - Setting next_dagrun for tutorial_taskflow_templates to 2025-09-15 00:00:00+00:00, run_after=2025-09-16 00:00:00+00:00
[2025-09-16T23:56:03.600+0000] {processor.py:208} INFO - Processing /home/airflow/.local/lib/python3.12/site-packages/airflow/example_dags/tutorial_taskflow_templates.py took 0.047 seconds
[2025-09-16T23:56:33.778+0000] {processor.py:186} INFO - Started process (PID=1976) to work on /home/airflow/.local/lib/python3.12/site-packages/airflow/example_dags/tutorial_taskflow_templates.py
[2025-09-16T23:56:33.778+0000] {processor.py:914} INFO - Processing file /home/airflow/.local/lib/python3.12/site-packages/airflow/example_dags/tutorial_taskflow_templates.py for tasks to queue
[2025-09-16T23:56:33.780+0000] {logging_mixin.py:190} INFO - [2025-09-16T23:56:33.779+0000] {dagbag.py:588} INFO - Filling up the DagBag from /home/airflow/.local/lib/python3.12/site-packages/airflow/example_dags/tutorial_taskflow_templates.py
[2025-09-16T23:56:33.786+0000] {processor.py:925} INFO - DAG(s) 'tutorial_taskflow_templates' retrieved from /home/airflow/.local/lib/python3.12/site-packages/airflow/example_dags/tutorial_taskflow_templates.py
[2025-09-16T23:56:33.797+0000] {logging_mixin.py:190} INFO - [2025-09-16T23:56:33.797+0000] {dag.py:3239} INFO - Sync 1 DAGs
[2025-09-16T23:56:33.808+0000] {logging_mixin.py:190} INFO - [2025-09-16T23:56:33.808+0000] {dag.py:4180} INFO - Setting next_dagrun for tutorial_taskflow_templates to 2025-09-15 00:00:00+00:00, run_after=2025-09-16 00:00:00+00:00
[2025-09-16T23:56:33.816+0000] {processor.py:208} INFO - Processing /home/airflow/.local/lib/python3.12/site-packages/airflow/example_dags/tutorial_taskflow_templates.py took 0.043 seconds
[2025-09-16T23:57:03.937+0000] {processor.py:186} INFO - Started process (PID=2039) to work on /home/airflow/.local/lib/python3.12/site-packages/airflow/example_dags/tutorial_taskflow_templates.py
[2025-09-16T23:57:03.937+0000] {processor.py:914} INFO - Processing file /home/airflow/.local/lib/python3.12/site-packages/airflow/example_dags/tutorial_taskflow_templates.py for tasks to queue
[2025-09-16T23:57:03.939+0000] {logging_mixin.py:190} INFO - [2025-09-16T23:57:03.939+0000] {dagbag.py:588} INFO - Filling up the DagBag from /home/airflow/.local/lib/python3.12/site-packages/airflow/example_dags/tutorial_taskflow_templates.py
[2025-09-16T23:57:03.946+0000] {processor.py:925} INFO - DAG(s) 'tutorial_taskflow_templates' retrieved from /home/airflow/.local/lib/python3.12/site-packages/airflow/example_dags/tutorial_taskflow_templates.py
[2025-09-16T23:57:03.957+0000] {logging_mixin.py:190} INFO - [2025-09-16T23:57:03.957+0000] {dag.py:3239} INFO - Sync 1 DAGs
[2025-09-16T23:57:03.971+0000] {logging_mixin.py:190} INFO - [2025-09-16T23:57:03.971+0000] {dag.py:4180} INFO - Setting next_dagrun for tutorial_taskflow_templates to 2025-09-15 00:00:00+00:00, run_after=2025-09-16 00:00:00+00:00
[2025-09-16T23:57:03.980+0000] {processor.py:208} INFO - Processing /home/airflow/.local/lib/python3.12/site-packages/airflow/example_dags/tutorial_taskflow_templates.py took 0.047 seconds
[2025-09-16T23:57:34.057+0000] {processor.py:186} INFO - Started process (PID=2102) to work on /home/airflow/.local/lib/python3.12/site-packages/airflow/example_dags/tutorial_taskflow_templates.py
[2025-09-16T23:57:34.058+0000] {processor.py:914} INFO - Processing file /home/airflow/.local/lib/python3.12/site-packages/airflow/example_dags/tutorial_taskflow_templates.py for tasks to queue
[2025-09-16T23:57:34.059+0000] {logging_mixin.py:190} INFO - [2025-09-16T23:57:34.059+0000] {dagbag.py:588} INFO - Filling up the DagBag from /home/airflow/.local/lib/python3.12/site-packages/airflow/example_dags/tutorial_taskflow_templates.py
[2025-09-16T23:57:34.066+0000] {processor.py:925} INFO - DAG(s) 'tutorial_taskflow_templates' retrieved from /home/airflow/.local/lib/python3.12/site-packages/airflow/example_dags/tutorial_taskflow_templates.py
[2025-09-16T23:57:34.078+0000] {logging_mixin.py:190} INFO - [2025-09-16T23:57:34.078+0000] {dag.py:3239} INFO - Sync 1 DAGs
[2025-09-16T23:57:34.089+0000] {logging_mixin.py:190} INFO - [2025-09-16T23:57:34.089+0000] {dag.py:4180} INFO - Setting next_dagrun for tutorial_taskflow_templates to 2025-09-15 00:00:00+00:00, run_after=2025-09-16 00:00:00+00:00
[2025-09-16T23:57:34.099+0000] {processor.py:208} INFO - Processing /home/airflow/.local/lib/python3.12/site-packages/airflow/example_dags/tutorial_taskflow_templates.py took 0.045 seconds
[2025-09-16T23:58:04.121+0000] {processor.py:186} INFO - Started process (PID=2165) to work on /home/airflow/.local/lib/python3.12/site-packages/airflow/example_dags/tutorial_taskflow_templates.py
[2025-09-16T23:58:04.121+0000] {processor.py:914} INFO - Processing file /home/airflow/.local/lib/python3.12/site-packages/airflow/example_dags/tutorial_taskflow_templates.py for tasks to queue
[2025-09-16T23:58:04.123+0000] {logging_mixin.py:190} INFO - [2025-09-16T23:58:04.122+0000] {dagbag.py:588} INFO - Filling up the DagBag from /home/airflow/.local/lib/python3.12/site-packages/airflow/example_dags/tutorial_taskflow_templates.py
[2025-09-16T23:58:04.129+0000] {processor.py:925} INFO - DAG(s) 'tutorial_taskflow_templates' retrieved from /home/airflow/.local/lib/python3.12/site-packages/airflow/example_dags/tutorial_taskflow_templates.py
[2025-09-16T23:58:04.140+0000] {logging_mixin.py:190} INFO - [2025-09-16T23:58:04.140+0000] {dag.py:3239} INFO - Sync 1 DAGs
[2025-09-16T23:58:04.153+0000] {logging_mixin.py:190} INFO - [2025-09-16T23:58:04.153+0000] {dag.py:4180} INFO - Setting next_dagrun for tutorial_taskflow_templates to 2025-09-15 00:00:00+00:00, run_after=2025-09-16 00:00:00+00:00
[2025-09-16T23:58:04.165+0000] {processor.py:208} INFO - Processing /home/airflow/.local/lib/python3.12/site-packages/airflow/example_dags/tutorial_taskflow_templates.py took 0.048 seconds
[2025-09-16T23:58:35.138+0000] {processor.py:186} INFO - Started process (PID=2228) to work on /home/airflow/.local/lib/python3.12/site-packages/airflow/example_dags/tutorial_taskflow_templates.py
[2025-09-16T23:58:35.139+0000] {processor.py:914} INFO - Processing file /home/airflow/.local/lib/python3.12/site-packages/airflow/example_dags/tutorial_taskflow_templates.py for tasks to queue
[2025-09-16T23:58:35.141+0000] {logging_mixin.py:190} INFO - [2025-09-16T23:58:35.141+0000] {dagbag.py:588} INFO - Filling up the DagBag from /home/airflow/.local/lib/python3.12/site-packages/airflow/example_dags/tutorial_taskflow_templates.py
[2025-09-16T23:58:35.148+0000] {processor.py:925} INFO - DAG(s) 'tutorial_taskflow_templates' retrieved from /home/airflow/.local/lib/python3.12/site-packages/airflow/example_dags/tutorial_taskflow_templates.py
[2025-09-16T23:58:35.158+0000] {logging_mixin.py:190} INFO - [2025-09-16T23:58:35.158+0000] {dag.py:3239} INFO - Sync 1 DAGs
[2025-09-16T23:58:35.171+0000] {logging_mixin.py:190} INFO - [2025-09-16T23:58:35.171+0000] {dag.py:4180} INFO - Setting next_dagrun for tutorial_taskflow_templates to 2025-09-15 00:00:00+00:00, run_after=2025-09-16 00:00:00+00:00
[2025-09-16T23:58:35.179+0000] {processor.py:208} INFO - Processing /home/airflow/.local/lib/python3.12/site-packages/airflow/example_dags/tutorial_taskflow_templates.py took 0.045 seconds
[2025-09-16T23:59:06.204+0000] {processor.py:186} INFO - Started process (PID=2291) to work on /home/airflow/.local/lib/python3.12/site-packages/airflow/example_dags/tutorial_taskflow_templates.py
[2025-09-16T23:59:06.205+0000] {processor.py:914} INFO - Processing file /home/airflow/.local/lib/python3.12/site-packages/airflow/example_dags/tutorial_taskflow_templates.py for tasks to queue
[2025-09-16T23:59:06.206+0000] {logging_mixin.py:190} INFO - [2025-09-16T23:59:06.206+0000] {dagbag.py:588} INFO - Filling up the DagBag from /home/airflow/.local/lib/python3.12/site-packages/airflow/example_dags/tutorial_taskflow_templates.py
[2025-09-16T23:59:06.213+0000] {processor.py:925} INFO - DAG(s) 'tutorial_taskflow_templates' retrieved from /home/airflow/.local/lib/python3.12/site-packages/airflow/example_dags/tutorial_taskflow_templates.py
[2025-09-16T23:59:06.223+0000] {logging_mixin.py:190} INFO - [2025-09-16T23:59:06.223+0000] {dag.py:3239} INFO - Sync 1 DAGs
[2025-09-16T23:59:06.235+0000] {logging_mixin.py:190} INFO - [2025-09-16T23:59:06.235+0000] {dag.py:4180} INFO - Setting next_dagrun for tutorial_taskflow_templates to 2025-09-15 00:00:00+00:00, run_after=2025-09-16 00:00:00+00:00
[2025-09-16T23:59:06.247+0000] {processor.py:208} INFO - Processing /home/airflow/.local/lib/python3.12/site-packages/airflow/example_dags/tutorial_taskflow_templates.py took 0.046 seconds
[2025-09-16T23:59:37.422+0000] {processor.py:186} INFO - Started process (PID=2354) to work on /home/airflow/.local/lib/python3.12/site-packages/airflow/example_dags/tutorial_taskflow_templates.py
[2025-09-16T23:59:37.423+0000] {processor.py:914} INFO - Processing file /home/airflow/.local/lib/python3.12/site-packages/airflow/example_dags/tutorial_taskflow_templates.py for tasks to queue
[2025-09-16T23:59:37.425+0000] {logging_mixin.py:190} INFO - [2025-09-16T23:59:37.424+0000] {dagbag.py:588} INFO - Filling up the DagBag from /home/airflow/.local/lib/python3.12/site-packages/airflow/example_dags/tutorial_taskflow_templates.py
[2025-09-16T23:59:37.431+0000] {processor.py:925} INFO - DAG(s) 'tutorial_taskflow_templates' retrieved from /home/airflow/.local/lib/python3.12/site-packages/airflow/example_dags/tutorial_taskflow_templates.py
[2025-09-16T23:59:37.442+0000] {logging_mixin.py:190} INFO - [2025-09-16T23:59:37.442+0000] {dag.py:3239} INFO - Sync 1 DAGs
[2025-09-16T23:59:37.455+0000] {logging_mixin.py:190} INFO - [2025-09-16T23:59:37.455+0000] {dag.py:4180} INFO - Setting next_dagrun for tutorial_taskflow_templates to 2025-09-15 00:00:00+00:00, run_after=2025-09-16 00:00:00+00:00
[2025-09-16T23:59:37.468+0000] {processor.py:208} INFO - Processing /home/airflow/.local/lib/python3.12/site-packages/airflow/example_dags/tutorial_taskflow_templates.py took 0.049 seconds
